core   0: 0x00001000 (0x00000297) auipc   t0, 0x0
core   0: 3 0x00001000 (0x00000297) x 5 0x00001000
core   0: 0x00001004 (0x02028593) addi    a1, t0, 32
core   0: 3 0x00001004 (0x02028593) x11 0x00001020
core   0: 0x00001008 (0xf1402573) csrr    a0, mhartid
core   0: 3 0x00001008 (0xf1402573) x10 0x00000000
core   0: 0x0000100c (0x0182a283) lw      t0, 24(t0)
core   0: 3 0x0000100c (0x0182a283) x 5 0x80000000 mem 0x00001018
core   0: 0x00001010 (0x00028067) jr      t0
core   0: 3 0x00001010 (0x00028067)
core   0: 0x80000000 (0xf14022f3) csrr    t0, mhartid
core   0: 3 0x80000000 (0xf14022f3) x 5 0x00000000
core   0: 0x80000004 (0x00004301) c.li    t1, 0
core   0: 3 0x80000004 (0x4301) x 6 0x00000000
core   0: 0x80000006 (0x00628263) beq     t0, t1, pc + 4
core   0: 3 0x80000006 (0x00628263)
core   0: 0x8000000a (0x00000597) auipc   a1, 0x0
core   0: 3 0x8000000a (0x00000597) x11 0x8000000a
core   0: 0x8000000e (0x00c58593) addi    a1, a1, 12
core   0: 3 0x8000000e (0x00c58593) x11 0x80000016
core   0: 0x80000012 (0x00058067) jr      a1
core   0: 3 0x80000012 (0x00058067)
core   0: 0x80000016 (0x40001d37) lui     s10, 0x40001
core   0: 3 0x80000016 (0x40001d37) x26 0x40001000
core   0: 0x8000001a (0x104d0d13) addi    s10, s10, 260
core   0: 3 0x8000001a (0x104d0d13) x26 0x40001104
core   0: 0x8000001e (0x301d1073) csrw    misa, s10
core   0: 3 0x8000001e (0x301d1073) c769_misa 0x40141104
core   0: 0x80000022 (0x0002aa97) auipc   s5, 0x2a
core   0: 3 0x80000022 (0x0002aa97) x21 0x8002a022
core   0: 0x80000026 (0xcc2a8a93) addi    s5, s5, -830
core   0: 3 0x80000026 (0xcc2a8a93) x21 0x80029ce4
core   0: 0x8000002a (0x0000fd17) auipc   s10, 0xf
core   0: 3 0x8000002a (0x0000fd17) x26 0x8000f02a
core   0: 0x8000002e (0xabed0d13) addi    s10, s10, -1346
core   0: 3 0x8000002e (0xabed0d13) x26 0x8000eae8
core   0: 0x80000032 (0x000d6d13) ori     s10, s10, 0
core   0: 3 0x80000032 (0x000d6d13) x26 0x8000eae8
core   0: 0x80000036 (0x305d1073) csrw    mtvec, s10
core   0: 3 0x80000036 (0x305d1073) c773_mtvec 0x8000eae8
core   0: 0x8000003a (0x00000d17) auipc   s10, 0x0
core   0: 3 0x8000003a (0x00000d17) x26 0x8000003a
core   0: 0x8000003e (0x024d0d13) addi    s10, s10, 36
core   0: 3 0x8000003e (0x024d0d13) x26 0x8000005e
core   0: 0x80000042 (0x341d1073) csrw    mepc, s10
core   0: 3 0x80000042 (0x341d1073) c833_mepc 0x8000005e
core   0: 0x80000046 (0x00000001) c.nop
core   0: 3 0x80000046 (0x0001)
core   0: 0x80000048 (0x00002d37) lui     s10, 0x2
core   0: 3 0x80000048 (0x00002d37) x26 0x00002000
core   0: 0x8000004c (0x800d0d13) addi    s10, s10, -2048
core   0: 3 0x8000004c (0x800d0d13) x26 0x00001800
core   0: 0x80000050 (0x300d1073) csrw    mstatus, s10
core   0: 3 0x80000050 (0x300d1073) c768_mstatus 0x00001800
core   0: 0x80000054 (0x00004d01) c.li    s10, 0
core   0: 3 0x80000054 (0x4d01) x26 0x00000000
core   0: 0x80000056 (0x304d1073) csrw    mie, s10
core   0: 3 0x80000056 (0x304d1073) c772_mie 0x00000000
core   0: 0x8000005a (0x30200073) mret
core   0: 3 0x8000005a (0x30200073) c768_mstatus 0x00000080
core   0: >>>>  init
core   0: 0x8000005e (0x80000037) lui     zero, 0x80000
core   0: 3 0x8000005e (0x80000037)
core   0: 0x80000062 (0x00000013) nop
core   0: 3 0x80000062 (0x00000013)
core   0: 0x80000066 (0x800000b7) lui     ra, 0x80000
core   0: 3 0x80000066 (0x800000b7) x 1 0x80000000
core   0: 0x8000006a (0x0000410d) c.li    sp, 3
core   0: 3 0x8000006a (0x410d) x 2 0x00000003
core   0: 0x8000006c (0x0000419d) c.li    gp, 7
core   0: 3 0x8000006c (0x419d) x 3 0x00000007
core   0: 0x8000006e (0x00004205) c.li    tp, 1
core   0: 3 0x8000006e (0x4205) x 4 0x00000001
core   0: 0x80000070 (0xf99812b7) lui     t0, 0xf9981
core   0: 3 0x80000070 (0xf99812b7) x 5 0xf9981000
core   0: 0x80000074 (0x1b328293) addi    t0, t0, 435
core   0: 3 0x80000074 (0x1b328293) x 5 0xf99811b3
core   0: 0x80000078 (0x1d195337) lui     t1, 0x1d195
core   0: 3 0x80000078 (0x1d195337) x 6 0x1d195000
core   0: 0x8000007c (0x14a30313) addi    t1, t1, 330
core   0: 3 0x8000007c (0x14a30313) x 6 0x1d19514a
core   0: 0x80000080 (0xb0bce437) lui     s0, 0xb0bce
core   0: 3 0x80000080 (0xb0bce437) x 8 0xb0bce000
core   0: 0x80000084 (0xc7140413) addi    s0, s0, -911
core   0: 3 0x80000084 (0xc7140413) x 8 0xb0bcdc71
core   0: 0x80000088 (0x800004b7) lui     s1, 0x80000
core   0: 3 0x80000088 (0x800004b7) x 9 0x80000000
core   0: 0x8000008c (0x80000537) lui     a0, 0x80000
core   0: 3 0x8000008c (0x80000537) x10 0x80000000
core   0: 0x80000090 (0x01a735b7) lui     a1, 0x1a73
core   0: 3 0x80000090 (0x01a735b7) x11 0x01a73000
core   0: 0x80000094 (0x10358593) addi    a1, a1, 259
core   0: 3 0x80000094 (0x10358593) x11 0x01a73103
core   0: 0x80000098 (0xf39f5637) lui     a2, 0xf39f5
core   0: 3 0x80000098 (0xf39f5637) x12 0xf39f5000
core   0: 0x8000009c (0x84760613) addi    a2, a2, -1977
core   0: 3 0x8000009c (0x84760613) x12 0xf39f4847
core   0: 0x800000a0 (0xf23416b7) lui     a3, 0xf2341
core   0: 3 0x800000a0 (0xf23416b7) x13 0xf2341000
core   0: 0x800000a4 (0xc6468693) addi    a3, a3, -924
core   0: 3 0x800000a4 (0xc6468693) x13 0xf2340c64
core   0: 0x800000a8 (0x27a10737) lui     a4, 0x27a10
core   0: 3 0x800000a8 (0x27a10737) x14 0x27a10000
core   0: 0x800000ac (0x95f70713) addi    a4, a4, -1697
core   0: 3 0x800000ac (0x95f70713) x14 0x27a0f95f
core   0: 0x800000b0 (0x800007b7) lui     a5, 0x80000
core   0: 3 0x800000b0 (0x800007b7) x15 0x80000000
core   0: 0x800000b4 (0x80000837) lui     a6, 0x80000
core   0: 3 0x800000b4 (0x80000837) x16 0x80000000
core   0: 0x800000b8 (0x2b48b8b7) lui     a7, 0x2b48b
core   0: 3 0x800000b8 (0x2b48b8b7) x17 0x2b48b000
core   0: 0x800000bc (0x16688893) addi    a7, a7, 358
core   0: 3 0x800000bc (0x16688893) x17 0x2b48b166
core   0: 0x800000c0 (0xff820937) lui     s2, 0xff820
core   0: 3 0x800000c0 (0xff820937) x18 0xff820000
core   0: 0x800000c4 (0x3bf90913) addi    s2, s2, 959
core   0: 3 0x800000c4 (0x3bf90913) x18 0xff8203bf
core   0: 0x800000c8 (0x00004981) c.li    s3, 0
core   0: 3 0x800000c8 (0x4981) x19 0x00000000
core   0: 0x800000ca (0x00004a3d) c.li    s4, 15
core   0: 3 0x800000ca (0x4a3d) x20 0x0000000f
core   0: 0x800000cc (0x80000b37) lui     s6, 0x80000
core   0: 3 0x800000cc (0x80000b37) x22 0x80000000
core   0: 0x800000d0 (0x00004b81) c.li    s7, 0
core   0: 3 0x800000d0 (0x4b81) x23 0x00000000
core   0: 0x800000d2 (0x00004c1d) c.li    s8, 7
core   0: 3 0x800000d2 (0x4c1d) x24 0x00000007
core   0: 0x800000d4 (0x26371cb7) lui     s9, 0x26371
core   0: 3 0x800000d4 (0x26371cb7) x25 0x26371000
core   0: 0x800000d8 (0xb5cc8c93) addi    s9, s9, -1188
core   0: 3 0x800000d8 (0xb5cc8c93) x25 0x26370b5c
core   0: 0x800000dc (0x02c9fd37) lui     s10, 0x2c9f
core   0: 3 0x800000dc (0x02c9fd37) x26 0x02c9f000
core   0: 0x800000e0 (0x715d0d13) addi    s10, s10, 1813
core   0: 3 0x800000e0 (0x715d0d13) x26 0x02c9f715
core   0: 0x800000e4 (0x00004d81) c.li    s11, 0
core   0: 3 0x800000e4 (0x4d81) x27 0x00000000
core   0: 0x800000e6 (0x00004e1d) c.li    t3, 7
core   0: 3 0x800000e6 (0x4e1d) x28 0x00000007
core   0: 0x800000e8 (0x00004e81) c.li    t4, 0
core   0: 3 0x800000e8 (0x4e81) x29 0x00000000
core   0: 0x800000ea (0x5eb9df37) lui     t5, 0x5eb9d
core   0: 3 0x800000ea (0x5eb9df37) x30 0x5eb9d000
core   0: 0x800000ee (0xbcdf0f13) addi    t5, t5, -1075
core   0: 3 0x800000ee (0xbcdf0f13) x30 0x5eb9cbcd
core   0: 0x800000f2 (0x00004f89) c.li    t6, 2
core   0: 3 0x800000f2 (0x4f89) x31 0x00000002
core   0: 0x800000f4 (0x00026397) auipc   t2, 0x26
core   0: 3 0x800000f4 (0x00026397) x 7 0x800260f4
core   0: 0x800000f8 (0xd7038393) addi    t2, t2, -656
core   0: 3 0x800000f8 (0xd7038393) x 7 0x80025e64
core   0: 0x800000fc (0x00007e97) auipc   t4, 0x7
core   0: 3 0x800000fc (0x00007e97) x29 0x800070fc
core   0: 0x80000100 (0x3d8e8e93) addi    t4, t4, 984
core   0: 3 0x80000100 (0x3d8e8e93) x29 0x800074d4
core   0: 0x80000104 (0x00008c59) c.or    s0, a4
core   0: 3 0x80000104 (0x8c59) x 8 0xb7bcfd7f
core   0: 0x80000106 (0xf2be8e93) addi    t4, t4, -213
core   0: 3 0x80000106 (0xf2be8e93) x29 0x800073ff
core   0: 0x8000010a (0x00a91313) slli    t1, s2, 10
core   0: 3 0x8000010a (0x00a91313) x 6 0x080efc00
core   0: 0x8000010e (0x015b27b3) slt     a5, s6, s5
core   0: 3 0x8000010e (0x015b27b3) x15 0x00000001
core   0: 0x80000112 (0x0000100f) fence.i
core   0: 3 0x80000112 (0x0000100f)
core   0: 0x80000116 (0x0000865d) c.srai  a2, 23
core   0: 3 0x80000116 (0x865d) x12 0xffffffe7
core   0: 0x80000118 (0x03c679b3) remu    s3, a2, t3
core   0: 3 0x80000118 (0x03c679b3) x19 0x00000000
core   0: 0x8000011c (0x0d6e8267) jalr    tp, t4, 214
core   0: 3 0x8000011c (0x0d6e8267) x 4 0x80000120
core   0: 0x800074d4 (0x00f96033) or      zero, s2, a5
core   0: 3 0x800074d4 (0x00f96033)
core   0: 0x800074d8 (0x00000c88) c.addi4spn a0, sp, 592
core   0: 3 0x800074d8 (0x0c88) x10 0x00000253
core   0: 0x800074da (0x00008951) c.andi  a0, 20
core   0: 3 0x800074da (0x8951) x10 0x00000010
core   0: 0x800074dc (0x012c91b3) sll     gp, s9, s2
core   0: 3 0x800074dc (0x012c91b3) x 3 0x00000000
core   0: 0x800074e0 (0x0000e801) c.bnez  s0, pc + 16
core   0: 3 0x800074e0 (0xe801)
core   0: 0x800074f0 (0x000013c1) c.addi  t2, -16
core   0: 3 0x800074f0 (0x13c1) x 7 0x80025e54
core   0: 0x800074f2 (0x011d6733) or      a4, s10, a7
core   0: 3 0x800074f2 (0x011d6733) x14 0x2bc9f777
core   0: 0x800074f6 (0x0043a223) sw      tp, 4(t2)
core   0: 3 0x800074f6 (0x0043a223) mem 0x80025e58 0x80000120
core   0: 0x800074fa (0x02623eb3) mulhu   t4, tp, t1
core   0: 3 0x800074fa (0x02623eb3) x29 0x04077e09
core   0: 0x800074fe (0x00009317) auipc   t1, 0x9
core   0: 3 0x800074fe (0x00009317) x 6 0x800104fe
core   0: 0x80007502 (0x7d230313) addi    t1, t1, 2002
core   0: 3 0x80007502 (0x7d230313) x 6 0x80010cd0
core   0: 0x80007506 (0xfe130fa3) sb      ra, -1(t1)
core   0: 3 0x80007506 (0xfe130fa3) mem 0x80010ccf 0x0
core   0: 0x8000750a (0xff430183) lb      gp, -12(t1)
core   0: 3 0x8000750a (0xff430183) x 3 0x00000000 mem 0x80010cc4
core   0: 0x8000750e (0x01034703) lbu     a4, 16(t1)
core   0: 3 0x8000750e (0x01034703) x14 0x00000000 mem 0x80010ce0
core   0: 0x80007512 (0x0000100f) fence.i
core   0: 3 0x80007512 (0x0000100f)
core   0: 0x80007516 (0x01034503) lbu     a0, 16(t1)
core   0: 3 0x80007516 (0x01034503) x10 0x00000000 mem 0x80010ce0
core   0: 0x8000751a (0xfe9308a3) sb      s1, -15(t1)
core   0: 3 0x8000751a (0xfe9308a3) mem 0x80010cc1 0x0
core   0: 0x8000751e (0xff230603) lb      a2, -14(t1)
core   0: 3 0x8000751e (0xff230603) x12 0x00000000 mem 0x80010cc2
core   0: 0x80007522 (0x00a30503) lb      a0, 10(t1)
core   0: 3 0x80007522 (0x00a30503) x10 0x00000000 mem 0x80010cda
core   0: 0x80007526 (0x00930483) lb      s1, 9(t1)
core   0: 3 0x80007526 (0x00930483) x 9 0x00000000 mem 0x80010cd9
core   0: 0x8000752a (0xff430aa3) sb      s4, -11(t1)
core   0: 3 0x8000752a (0xff430aa3) mem 0x80010cc5 0xf
core   0: 0x8000752e (0xff034f83) lbu     t6, -16(t1)
core   0: 3 0x8000752e (0xff034f83) x31 0x00000000 mem 0x80010cc0
core   0: 0x80007532 (0x00831f03) lh      t5, 8(t1)
core   0: 3 0x80007532 (0x00831f03) x30 0x00000000 mem 0x80010cd8
core   0: 0x80007536 (0x00004121) c.li    sp, 8
core   0: 3 0x80007536 (0x4121) x 2 0x00000008
core   0: 0x80007538 (0x00008e4d) c.or    a2, a1
core   0: 3 0x80007538 (0x8e4d) x12 0x01a73103
core   0: 0x8000753a (0xff231883) lh      a7, -14(t1)
core   0: 3 0x8000753a (0xff231883) x17 0x00000000 mem 0x80010cc2
core   0: 0x8000753e (0x01034f83) lbu     t6, 16(t1)
core   0: 3 0x8000753e (0x01034f83) x31 0x00000000 mem 0x80010ce0
core   0: 0x80007542 (0x028434b3) mulhu   s1, s0, s0
core   0: 3 0x80007542 (0x028434b3) x 9 0x83dfbdf0
core   0: 0x80007546 (0x025e62b3) rem     t0, t3, t0
core   0: 3 0x80007546 (0x025e62b3) x 5 0x00000007
core   0: 0x8000754a (0x00000e88) c.addi4spn a0, sp, 848
core   0: 3 0x8000754a (0x0e88) x10 0x00000358
core   0: 0x8000754c (0x00000d18) c.addi4spn a4, sp, 656
core   0: 3 0x8000754c (0x0d18) x14 0x00000298
core   0: 0x8000754e (0xffe31e03) lh      t3, -2(t1)
core   0: 3 0x8000754e (0xffe31e03) x28 0x00000000 mem 0x80010cce
core   0: 0x80007552 (0x98c40b93) addi    s7, s0, -1652
core   0: 3 0x80007552 (0x98c40b93) x23 0xb7bcf70b
core   0: 0x80007556 (0xffc31c83) lh      s9, -4(t1)
core   0: 3 0x80007556 (0xffc31c83) x25 0x00000000 mem 0x80010ccc
core   0: 0x8000755a (0xff930e03) lb      t3, -7(t1)
core   0: 3 0x8000755a (0xff930e03) x28 0x00000000 mem 0x80010cc9
core   0: 0x8000755e (0xffc31b03) lh      s6, -4(t1)
core   0: 3 0x8000755e (0xffc31b03) x22 0x00000000 mem 0x80010ccc
core   0: 0x80007562 (0xffe30ca3) sb      t5, -7(t1)
core   0: 3 0x80007562 (0xffe30ca3) mem 0x80010cc9 0x0
core   0: 0x80007566 (0x00482733) slt     a4, a6, tp
core   0: 3 0x80007566 (0x00482733) x14 0x00000001
core   0: 0x8000756a (0xff032503) lw      a0, -16(t1)
core   0: 3 0x8000756a (0xff032503) x10 0x00000000 mem 0x80010cc0
core   0: 0x8000756e (0x00d30b03) lb      s6, 13(t1)
core   0: 3 0x8000756e (0x00d30b03) x22 0x00000000 mem 0x80010cdd
core   0: 0x80007572 (0x3c998b93) addi    s7, s3, 969
core   0: 3 0x80007572 (0x3c998b93) x23 0x000003c9
core   0: 0x80007576 (0x00d88133) add     sp, a7, a3
core   0: 3 0x80007576 (0x00d88133) x 2 0xf2340c64
core   0: 0x8000757a (0x03c482b3) mul     t0, s1, t3
core   0: 3 0x8000757a (0x03c482b3) x 5 0x00000000
core   0: 0x8000757e (0x00334283) lbu     t0, 3(t1)
core   0: 3 0x8000757e (0x00334283) x 5 0x00000000 mem 0x80010cd3
core   0: 0x80007582 (0xff630783) lb      a5, -10(t1)
core   0: 3 0x80007582 (0xff630783) x15 0x00000000 mem 0x80010cc6
core   0: 0x80007586 (0x02243133) mulhu   sp, s0, sp
core   0: 3 0x80007586 (0x02243133) x 2 0xadd602ea
core   0: 0x8000758a (0x00009afd) c.andi  a3, -1
core   0: 3 0x8000758a (0x9afd) x13 0xf2340c64
core   0: 0x8000758c (0x00031783) lh      a5, 0(t1)
core   0: 3 0x8000758c (0x00031783) x15 0x00000000 mem 0x80010cd0
core   0: 0x80007590 (0xfeb308a3) sb      a1, -15(t1)
core   0: 3 0x80007590 (0xfeb308a3) mem 0x80010cc1 0x3
core   0: 0x80007594 (0x00800613) li      a2, 8
core   0: 3 0x80007594 (0x00800613) x12 0x00000008
core   0: 0x80007598 (0x000090be) c.add   ra, a5
core   0: 3 0x80007598 (0x90be) x 1 0x80000000
core   0: 0x8000759a (0x01026533) or      a0, tp, a6
core   0: 3 0x8000759a (0x01026533) x10 0x80000120
core   0: 0x8000759e (0x00f00813) li      a6, 15
core   0: 3 0x8000759e (0x00f00813) x16 0x0000000f
core   0: 0x800075a2 (0x00e77933) and     s2, a4, a4
core   0: 3 0x800075a2 (0x00e77933) x18 0x00000001
core   0: 0x800075a6 (0x4aad7793) andi    a5, s10, 1194
core   0: 3 0x800075a6 (0x4aad7793) x15 0x00000400
core   0: 0x800075aa (0x0000061d) c.addi  a2, 7
core   0: 3 0x800075aa (0x061d) x12 0x0000000f
core   0: 0x800075ac (0x000098da) c.add   a7, s6
core   0: 3 0x800075ac (0x98da) x17 0x00000000
core   0: 0x800075ae (0x000001ba) c.slli  gp, 14
core   0: 3 0x800075ae (0x01ba) x 3 0x00000000
core   0: 0x800075b0 (0xff800493) li      s1, -8
core   0: 3 0x800075b0 (0xff800493) x 9 0xfffffff8
core   0: 0x800075b4 (0x62b2fe13) andi    t3, t0, 1579
core   0: 3 0x800075b4 (0x62b2fe13) x28 0x00000000
core   0: 0x800075b8 (0xe89ba093) slti    ra, s7, -375
core   0: 3 0x800075b8 (0xe89ba093) x 1 0x00000000
core   0: 0x800075bc (0x02250fb3) mul     t6, a0, sp
core   0: 3 0x800075bc (0x02250fb3) x31 0x90c34740
core   0: 0x800075c0 (0x793528b7) lui     a7, 0x79352
core   0: 3 0x800075c0 (0x793528b7) x17 0x79352000
core   0: 0x800075c4 (0x00000001) c.nop
core   0: 3 0x800075c4 (0x0001)
core   0: 0x800075c6 (0x00008fad) c.xor   a5, a1
core   0: 3 0x800075c6 (0x8fad) x15 0x01a73503
core   0: 0x800075c8 (0x00000485) c.addi  s1, 1
core   0: 3 0x800075c8 (0x0485) x 9 0xfffffff9
core   0: 0x800075ca (0x0000dcf5) c.beqz  s1, pc - 4
core   0: 3 0x800075ca (0xdcf5)
core   0: 0x800075cc (0xfd064be3) blt     a2, a6, pc - 42
core   0: 3 0x800075cc (0xfd064be3)
core   0: 0x800075d0 (0x00539d93) slli    s11, t2, 5
core   0: 3 0x800075d0 (0x00539d93) x27 0x004bca80
core   0: 0x800075d4 (0x00015617) auipc   a2, 0x15
core   0: 3 0x800075d4 (0x00015617) x12 0x8001c5d4
core   0: 0x800075d8 (0x27560613) addi    a2, a2, 629
core   0: 3 0x800075d8 (0x27560613) x12 0x8001c849
core   0: 0x800075dc (0x03f65803) lhu     a6, 63(a2)
core   0: 3 0x800075dc (0x03f65803) x16 0x00000000 mem 0x8001c888
core   0: 0x800075e0 (0xd7961ea3) sh      s9, -643(a2)
core   0: 3 0x800075e0 (0xd7961ea3) mem 0x8001c5c6 0x0000
core   0: 0x800075e4 (0x00009d17) auipc   s10, 0x9
core   0: 3 0x800075e4 (0x00009d17) x26 0x800105e4
core   0: 0x800075e8 (0x6e1d0d13) addi    s10, s10, 1761
core   0: 3 0x800075e8 (0x6e1d0d13) x26 0x80010cc5
core   0: 0x800075ec (0x6a760423) sb      t2, 1704(a2)
core   0: 3 0x800075ec (0x6a760423) mem 0x8001cef1 0x54
core   0: 0x800075f0 (0xc2cd4803) lbu     a6, -980(s10)
core   0: 3 0x800075f0 (0xc2cd4803) x16 0x00000000 mem 0x800108f1
core   0: 0x800075f4 (0xcae64e83) lbu     t4, -850(a2)
core   0: 3 0x800075f4 (0xcae64e83) x29 0x00000000 mem 0x8001c4f7
core   0: 0x800075f8 (0xaabd0c83) lb      s9, -1365(s10)
core   0: 3 0x800075f8 (0xaabd0c83) x25 0x00000000 mem 0x80010770
core   0: 0x800075fc (0xb9861da3) sh      s8, -1125(a2)
core   0: 3 0x800075fc (0xb9861da3) mem 0x8001c3e4 0x0007
core   0: 0x80007600 (0xff6d16a3) sh      s6, -19(s10)
core   0: 3 0x80007600 (0xff6d16a3) mem 0x80010cb2 0x0000
core   0: 0x80007604 (0x080d4703) lbu     a4, 128(s10)
core   0: 3 0x80007604 (0x080d4703) x14 0x00000000 mem 0x80010d45
core   0: 0x80007608 (0x41b64803) lbu     a6, 1051(a2)
core   0: 3 0x80007608 (0x41b64803) x16 0x00000000 mem 0x8001cc64
core   0: 0x8000760c (0x2dcd0703) lb      a4, 732(s10)
core   0: 3 0x8000760c (0x2dcd0703) x14 0x00000000 mem 0x80010fa1
core   0: 0x80007610 (0xa8762c03) lw      s8, -1401(a2)
core   0: 3 0x80007610 (0xa8762c03) x24 0x00000000 mem 0x8001c2d0
core   0: 0x80007614 (0xec264183) lbu     gp, -318(a2)
core   0: 3 0x80007614 (0xec264183) x 3 0x00000000 mem 0x8001c70b
core   0: 0x80007618 (0xef7d11a3) sh      s7, -285(s10)
core   0: 3 0x80007618 (0xef7d11a3) mem 0x80010ba8 0x03c9
core   0: 0x8000761c (0x1f360123) sb      s3, 482(a2)
core   0: 3 0x8000761c (0x1f360123) mem 0x8001ca2b 0x0
core   0: 0x80007620 (0x8d8d0c83) lb      s9, -1832(s10)
core   0: 3 0x80007620 (0x8d8d0c83) x25 0x00000000 mem 0x8001059d
core   0: 0x80007624 (0x00e0026f) jal     tp, pc + 0xe
core   0: 3 0x80007624 (0x00e0026f) x 4 0x80007628
core   0: 0x80007632 (0x0000bfdd) c.j     pc - 10
core   0: 3 0x80007632 (0xbfdd)
core   0: 0x80007628 (0x0000a025) c.j     pc + 40
core   0: 3 0x80007628 (0xa025)
core   0: 0x80007650 (0x000037d5) c.jal   pc - 28
core   0: 3 0x80007650 (0x37d5) x 1 0x80007652
core   0: 0x80007634 (0x00002839) c.jal   pc + 30
core   0: 3 0x80007634 (0x2839) x 1 0x80007636
core   0: 0x80007652 (0x0000bfe1) c.j     pc - 40
core   0: 3 0x80007652 (0xbfe1)
core   0: 0x8000762a (0x0040036f) jal     t1, pc + 0x4
core   0: 3 0x8000762a (0x0040036f) x 6 0x8000762e
core   0: 0x8000762e (0x01a0036f) jal     t1, pc + 0x1a
core   0: 3 0x8000762e (0x01a0036f) x 6 0x80007632
core   0: 0x80007648 (0xff7ff0ef) jal     pc - 0xa
core   0: 3 0x80007648 (0xff7ff0ef) x 1 0x8000764c
core   0: 0x8000763e (0x00002009) c.jal   pc + 2
core   0: 3 0x8000763e (0x2009) x 1 0x80007640
core   0: 0x80007640 (0x00002019) c.jal   pc + 6
core   0: 3 0x80007640 (0x2019) x 1 0x80007642
core   0: 0x80007646 (0x0000a021) c.j     pc + 8
core   0: 3 0x80007646 (0xa021)
core   0: 0x8000764e (0x0000b7e5) c.j     pc - 24
core   0: 3 0x8000764e (0xb7e5)
core   0: 0x80007636 (0x00e00e6f) jal     t3, pc + 0xe
core   0: 3 0x80007636 (0x00e00e6f) x28 0x8000763a
core   0: 0x80007644 (0x0000a021) c.j     pc + 8
core   0: 3 0x80007644 (0xa021)
core   0: 0x8000764c (0x00003fdd) c.jal   pc - 10
core   0: 3 0x8000764c (0x3fdd) x 1 0x8000764e
core   0: 0x80007642 (0x0000bfe5) c.j     pc - 8
core   0: 3 0x80007642 (0xbfe5)
core   0: 0x8000763a (0x01a000ef) jal     pc + 0x1a
core   0: 3 0x8000763a (0x01a000ef) x 1 0x8000763e
core   0: 0x80007654 (0x3e028b93) addi    s7, t0, 992
core   0: 3 0x80007654 (0x3e028b93) x23 0x000003e0
core   0: 0x80007658 (0x0000fb17) auipc   s6, 0xf
core   0: 3 0x80007658 (0x0000fb17) x22 0x80016658
core   0: 0x8000765c (0xfccb0b13) addi    s6, s6, -52
core   0: 3 0x8000765c (0xfccb0b13) x22 0x80016624
core   0: 0x80007660 (0x00008cf5) c.and   s1, a3
core   0: 3 0x80007660 (0x8cf5) x 9 0xf2340c60
core   0: 0x80007662 (0xfe9b4503) lbu     a0, -23(s6)
core   0: 3 0x80007662 (0xfe9b4503) x10 0x00000000 mem 0x8001660d
core   0: 0x80007666 (0x00fb02a3) sb      a5, 5(s6)
core   0: 3 0x80007666 (0x00fb02a3) mem 0x80016629 0x3
core   0: 0x8000766a (0x00db2223) sw      a3, 4(s6)
core   0: 3 0x8000766a (0x00db2223) mem 0x80016628 0xf2340c64
core   0: 0x8000766e (0xfefb08a3) sb      a5, -15(s6)
core   0: 3 0x8000766e (0xfefb08a3) mem 0x80016615 0x3
core   0: 0x80007672 (0x000083d1) c.srli  a5, 20
core   0: 3 0x80007672 (0x83d1) x15 0x0000001a
core   0: 0x80007674 (0x2f114517) auipc   a0, 0x2f114
core   0: 3 0x80007674 (0x2f114517) x10 0xaf11b674
core   0: 0x80007678 (0xfedb07a3) sb      a3, -17(s6)
core   0: 3 0x80007678 (0xfedb07a3) mem 0x80016613 0x64
core   0: 0x8000767c (0x40a55e93) srai    t4, a0, 10
core   0: 3 0x8000767c (0x40a55e93) x29 0xffebc46d
core   0: 0x80007680 (0x02dc84b3) mul     s1, s9, a3
core   0: 3 0x80007680 (0x02dc84b3) x 9 0x00000000
core   0: 0x80007684 (0xff028537) lui     a0, 0xff028
core   0: 3 0x80007684 (0xff028537) x10 0xff028000
core   0: 0x80007688 (0x00000001) c.nop
core   0: 3 0x80007688 (0x0001)
core   0: 0x8000768a (0xfc0b4783) lbu     a5, -64(s6)
core   0: 3 0x8000768a (0xfc0b4783) x15 0x00000000 mem 0x800165e4
core   0: 0x8000768e (0xf8554c93) xori    s9, a0, -123
core   0: 3 0x8000768e (0xf8554c93) x25 0x00fd7f85
core   0: 0x80007692 (0x006b4783) lbu     a5, 6(s6)
core   0: 3 0x80007692 (0x006b4783) x15 0x00000034 mem 0x8001662a
core   0: 0x80007696 (0x013ed793) srli    a5, t4, 19
core   0: 3 0x80007696 (0x013ed793) x15 0x00001ffd
core   0: 0x8000769a (0x0000100f) fence.i
core   0: 3 0x8000769a (0x0000100f)
core   0: 0x8000769e (0x00dea6b3) slt     a3, t4, a3
core   0: 3 0x8000769e (0x00dea6b3) x13 0x00000000
core   0: 0x800076a2 (0x00008eb6) c.mv    t4, a3
core   0: 3 0x800076a2 (0x8eb6) x29 0x00000000
core   0: 0x800076a4 (0x03d68cb3) mul     s9, a3, t4
core   0: 3 0x800076a4 (0x03d68cb3) x25 0x00000000
core   0: 0x800076a8 (0x02fcf533) remu    a0, s9, a5
core   0: 3 0x800076a8 (0x02fcf533) x10 0x00000000
core   0: 0x800076ac (0x00008ec5) c.or    a3, s1
core   0: 3 0x800076ac (0x8ec5) x13 0x00000000
core   0: 0x800076ae (0xfc9b4683) lbu     a3, -55(s6)
core   0: 3 0x800076ae (0xfc9b4683) x13 0x00000000 mem 0x800165ed
core   0: 0x800076b2 (0x00008ce6) c.mv    s9, s9
core   0: 3 0x800076b2 (0x8ce6) x25 0x00000000
core   0: 0x800076b4 (0x009557b3) srl     a5, a0, s1
core   0: 3 0x800076b4 (0x009557b3) x15 0x00000000
core   0: 0x800076b8 (0xfd9b0da3) sb      s9, -37(s6)
core   0: 3 0x800076b8 (0xfd9b0da3) mem 0x800165ff 0x0
core   0: 0x800076bc (0x40955e93) srai    t4, a0, 9
core   0: 3 0x800076bc (0x40955e93) x29 0x00000000
core   0: 0x800076c0 (0x0000953e) c.add   a0, a5
core   0: 3 0x800076c0 (0x953e) x10 0x00000000
core   0: 0x800076c2 (0x0137dc93) srli    s9, a5, 19
core   0: 3 0x800076c2 (0x0137dc93) x25 0x00000000
core   0: 0x800076c6 (0x02db1123) sh      a3, 34(s6)
core   0: 3 0x800076c6 (0x02db1123) mem 0x80016646 0x0000
core   0: 0x800076ca (0x0094e6b3) or      a3, s1, s1
core   0: 3 0x800076ca (0x0094e6b3) x13 0x00000000
core   0: 0x800076ce (0x02d7c533) div     a0, a5, a3
core   0: 3 0x800076ce (0x02d7c533) x10 0xffffffff
core   0: 0x800076d2 (0x013b4503) lbu     a0, 19(s6)
core   0: 3 0x800076d2 (0x013b4503) x10 0x00000000 mem 0x80016637
core   0: 0x800076d6 (0x00014c97) auipc   s9, 0x14
core   0: 3 0x800076d6 (0x00014c97) x25 0x8001b6d6
core   0: 0x800076da (0xf42c8c93) addi    s9, s9, -190
core   0: 3 0x800076da (0xf42c8c93) x25 0x8001b618
core   0: 0x800076de (0xf12c8983) lb      s3, -238(s9)
core   0: 3 0x800076de (0xf12c8983) x19 0x00000000 mem 0x8001b52a
core   0: 0x800076e2 (0xf12c8e83) lb      t4, -238(s9)
core   0: 3 0x800076e2 (0xf12c8e83) x29 0x00000000 mem 0x8001b52a
core   0: 0x800076e6 (0x076c8483) lb      s1, 118(s9)
core   0: 3 0x800076e6 (0x076c8483) x 9 0x00000000 mem 0x8001b68e
core   0: 0x800076ea (0x063c9b23) sh      gp, 118(s9)
core   0: 3 0x800076ea (0x063c9b23) mem 0x8001b68e 0x0000
core   0: 0x800076ee (0xff8c8203) lb      tp, -8(s9)
core   0: 3 0x800076ee (0xff8c8203) x 4 0x00000000 mem 0x8001b610
core   0: 0x800076f2 (0xff8c8d83) lb      s11, -8(s9)
core   0: 3 0x800076f2 (0xff8c8d83) x27 0x00000000 mem 0x8001b610
core   0: 0x800076f6 (0xff8ca203) lw      tp, -8(s9)
core   0: 3 0x800076f6 (0xff8ca203) x 4 0x00000000 mem 0x8001b610
core   0: 0x800076fa (0xff8c8883) lb      a7, -8(s9)
core   0: 3 0x800076fa (0xff8c8883) x17 0x00000000 mem 0x8001b610
core   0: 0x800076fe (0xffccac23) sw      t3, -8(s9)
core   0: 3 0x800076fe (0xffccac23) mem 0x8001b610 0x8000763a
core   0: 0x80007702 (0x01cc9293) slli    t0, s9, 28
core   0: 3 0x80007702 (0x01cc9293) x 5 0x80000000
core   0: 0x80007706 (0xff8ca003) lw      zero, -8(s9)
core   0: 3 0x80007706 (0xff8ca003) mem 0x8001b610
core   0: 0x8000770a (0xff8cae03) lw      t3, -8(s9)
core   0: 3 0x8000770a (0xff8cae03) x28 0x8000763a mem 0x8001b610
core   0: 0x8000770e (0xff8c8803) lb      a6, -8(s9)
core   0: 3 0x8000770e (0xff8c8803) x16 0x0000003a mem 0x8001b610
core   0: 0x80007712 (0xfe9c8c23) sb      s1, -8(s9)
core   0: 3 0x80007712 (0xfe9c8c23) mem 0x8001b610 0x0
core   0: 0x80007716 (0x070c9f03) lh      t5, 112(s9)
core   0: 3 0x80007716 (0x070c9f03) x30 0x00000000 mem 0x8001b688
core   0: 0x8000771a (0x070cdf83) lhu     t6, 112(s9)
core   0: 3 0x8000771a (0x070cdf83) x31 0x00000000 mem 0x8001b688
core   0: 0x8000771e (0x0a6cdb03) lhu     s6, 166(s9)
core   0: 3 0x8000771e (0x0a6cdb03) x22 0x00000000 mem 0x8001b6be
core   0: 0x80007722 (0x0a6c9483) lh      s1, 166(s9)
core   0: 3 0x80007722 (0x0a6c9483) x 9 0x00000000 mem 0x8001b6be
core   0: 0x80007726 (0x0000a117) auipc   sp, 0xa
core   0: 3 0x80007726 (0x0000a117) x 2 0x80011726
core   0: 0x8000772a (0xb9e10113) addi    sp, sp, -1122
core   0: 3 0x8000772a (0xb9e10113) x 2 0x800112c4
core   0: 0x8000772e (0x0331d933) divu    s2, gp, s3
core   0: 3 0x8000772e (0x0331d933) x18 0xffffffff
core   0: 0x80007732 (0x00008e71) c.and   a2, a2
core   0: 3 0x80007732 (0x8e71) x12 0x8001c849
core   0: 0x80007734 (0xff011883) lh      a7, -16(sp)
core   0: 3 0x80007734 (0xff011883) x17 0x00000000 mem 0x800112b4
core   0: 0x80007738 (0xff014f83) lbu     t6, -16(sp)
core   0: 3 0x80007738 (0xff014f83) x31 0x00000000 mem 0x800112b4
core   0: 0x8000773c (0x00211703) lh      a4, 2(sp)
core   0: 3 0x8000773c (0x00211703) x14 0x00000000 mem 0x800112c6
core   0: 0x80007740 (0x00710b83) lb      s7, 7(sp)
core   0: 3 0x80007740 (0x00710b83) x23 0x00000000 mem 0x800112cb
core   0: 0x80007744 (0xff412083) lw      ra, -12(sp)
core   0: 3 0x80007744 (0xff412083) x 1 0x00000000 mem 0x800112b8
core   0: 0x80007748 (0x00004db2) c.lwsp  s11, 12(sp)
core   0: 3 0x80007748 (0x4db2) x27 0x00000000 mem 0x800112d0
core   0: 0x8000774a (0x00008cfd) c.and   s1, a5
core   0: 3 0x8000774a (0x8cfd) x 9 0x00000000
core   0: 0x8000774c (0xff914403) lbu     s0, -7(sp)
core   0: 3 0x8000774c (0xff914403) x 8 0x00000000 mem 0x800112bd
core   0: 0x80007750 (0xff9109a3) sb      s9, -13(sp)
core   0: 3 0x80007750 (0xff9109a3) mem 0x800112b7 0x18
core   0: 0x80007754 (0x759c2817) auipc   a6, 0x759c2
core   0: 3 0x80007754 (0x759c2817) x16 0xf59c9754
core   0: 0x80007758 (0xff310b03) lb      s6, -13(sp)
core   0: 3 0x80007758 (0xff310b03) x22 0x00000018 mem 0x800112b7
core   0: 0x8000775c (0xff014183) lbu     gp, -16(sp)
core   0: 3 0x8000775c (0xff014183) x 3 0x00000000 mem 0x800112b4
core   0: 0x80007760 (0x00008951) c.andi  a0, 20
core   0: 3 0x80007760 (0x8951) x10 0x00000000
core   0: 0x80007762 (0x00004c22) c.lwsp  s8, 8(sp)
core   0: 3 0x80007762 (0x4c22) x24 0x00000000 mem 0x800112cc
core   0: 0x80007764 (0x00610f03) lb      t5, 6(sp)
core   0: 3 0x80007764 (0x00610f03) x30 0x00000000 mem 0x800112ca
core   0: 0x80007768 (0x00004712) c.lwsp  a4, 4(sp)
core   0: 3 0x80007768 (0x4712) x14 0x00000000 mem 0x800112c8
core   0: 0x8000776a (0xffe10903) lb      s2, -2(sp)
core   0: 3 0x8000776a (0xffe10903) x18 0x00000000 mem 0x800112c2
core   0: 0x8000776e (0xfe211f23) sh      sp, -2(sp)
core   0: 3 0x8000776e (0xfe211f23) mem 0x800112c2 0x12c4
core   0: 0x80007772 (0x00000b85) c.addi  s7, 1
core   0: 3 0x80007772 (0x0b85) x23 0x00000001
core   0: 0x80007774 (0xffe11e83) lh      t4, -2(sp)
core   0: 3 0x80007774 (0xffe11e83) x29 0x000012c4 mem 0x800112c2
core   0: 0x80007778 (0x40dbd033) sra     zero, s7, a3
core   0: 3 0x80007778 (0x40dbd033)
core   0: 0x8000777c (0x00e14503) lbu     a0, 14(sp)
core   0: 3 0x8000777c (0x00e14503) x10 0x00000000 mem 0x800112d2
core   0: 0x80007780 (0xffd11b23) sh      t4, -10(sp)
core   0: 3 0x80007780 (0xffd11b23) mem 0x800112ba 0x12c4
core   0: 0x80007784 (0xff210a03) lb      s4, -14(sp)
core   0: 3 0x80007784 (0xff210a03) x20 0x00000000 mem 0x800112b6
core   0: 0x80007788 (0x00009117) auipc   sp, 0x9
core   0: 3 0x80007788 (0x00009117) x 2 0x80010788
core   0: 0x8000778c (0xdb510113) addi    sp, sp, -587
core   0: 3 0x8000778c (0xdb510113) x 2 0x8001053d
core   0: 0x80007790 (0x02d15503) lhu     a0, 45(sp)
core   0: 3 0x80007790 (0x02d15503) x10 0x00000000 mem 0x8001056a
core   0: 0x80007794 (0x02915a03) lhu     s4, 41(sp)
core   0: 3 0x80007794 (0x02915a03) x20 0x00000000 mem 0x80010566
core   0: 0x80007798 (0x03911c83) lh      s9, 57(sp)
core   0: 3 0x80007798 (0x03911c83) x25 0x00000000 mem 0x80010576
core   0: 0x8000779c (0x02810a03) lb      s4, 40(sp)
core   0: 3 0x8000779c (0x02810a03) x20 0x00000000 mem 0x80010565
core   0: 0x800077a0 (0x03315183) lhu     gp, 51(sp)
core   0: 3 0x800077a0 (0x03315183) x 3 0x00000000 mem 0x80010570
core   0: 0x800077a4 (0x038a11b3) mulh    gp, s4, s8
core   0: 3 0x800077a4 (0x038a11b3) x 3 0x00000000
core   0: 0x800077a8 (0x00115503) lhu     a0, 1(sp)
core   0: 3 0x800077a8 (0x00115503) x10 0x00000000 mem 0x8001053e
core   0: 0x800077ac (0x018c0533) add     a0, s8, s8
core   0: 3 0x800077ac (0x018c0533) x10 0x00000000
core   0: 0x800077b0 (0xfd811fa3) sh      s8, -33(sp)
core   0: 3 0x800077b0 (0xfd811fa3) mem 0x8001051c 0x0000
core   0: 0x800077b4 (0x03a1c533) div     a0, gp, s10
core   0: 3 0x800077b4 (0x03a1c533) x10 0x00000000
core   0: 0x800077b8 (0x02311ea3) sh      gp, 61(sp)
core   0: 3 0x800077b8 (0x02311ea3) mem 0x8001057a 0x0000
core   0: 0x800077bc (0x038114a3) sh      s8, 41(sp)
core   0: 3 0x800077bc (0x038114a3) mem 0x80010566 0x0000
core   0: 0x800077c0 (0x03951cb3) mulh    s9, a0, s9
core   0: 3 0x800077c0 (0x03951cb3) x25 0x00000000
core   0: 0x800077c4 (0x01acfa33) and     s4, s9, s10
core   0: 3 0x800077c4 (0x01acfa33) x20 0x00000000
core   0: 0x800077c8 (0xff810a03) lb      s4, -8(sp)
core   0: 3 0x800077c8 (0xff810a03) x20 0x00000000 mem 0x80010535
core   0: 0x800077cc (0xfd810d23) sb      s8, -38(sp)
core   0: 3 0x800077cc (0xfd810d23) mem 0x80010517 0x0
core   0: 0x800077d0 (0x00000001) c.nop
core   0: 3 0x800077d0 (0x0001)
core   0: 0x800077d2 (0x00810c83) lb      s9, 8(sp)
core   0: 3 0x800077d2 (0x00810c83) x25 0x00000000 mem 0x80010545
core   0: 0x800077d6 (0x00aced33) or      s10, s9, a0
core   0: 3 0x800077d6 (0x00aced33) x26 0x00000000
core   0: 0x800077da (0x034101a3) sb      s4, 35(sp)
core   0: 3 0x800077da (0x034101a3) mem 0x80010560 0x0
core   0: 0x800077de (0x0141b1b3) sltu    gp, gp, s4
core   0: 3 0x800077de (0x0141b1b3) x 3 0x00000000
core   0: 0x800077e2 (0x001c9c13) slli    s8, s9, 1
core   0: 3 0x800077e2 (0x001c9c13) x24 0x00000000
core   0: 0x800077e6 (0x00d14183) lbu     gp, 13(sp)
core   0: 3 0x800077e6 (0x00d14183) x 3 0x00000000 mem 0x8001054a
core   0: 0x800077ea (0x00006ce9) c.lui   s9, 0x1a
core   0: 3 0x800077ea (0x6ce9) x25 0x0001a000
core   0: 0x800077ec (0x4151da13) srai    s4, gp, 21
core   0: 3 0x800077ec (0x4151da13) x20 0x00000000
core   0: 0x800077f0 (0x01511c03) lh      s8, 21(sp)
core   0: 3 0x800077f0 (0x01511c03) x24 0x00000000 mem 0x80010552
core   0: 0x800077f4 (0xffa10aa3) sb      s10, -11(sp)
core   0: 3 0x800077f4 (0xffa10aa3) mem 0x80010532 0x0
core   0: 0x800077f8 (0x0000810d) c.srli  a0, 3
core   0: 3 0x800077f8 (0x810d) x10 0x00000000
core   0: 0x800077fa (0x01a10e23) sb      s10, 28(sp)
core   0: 3 0x800077fa (0x01a10e23) mem 0x80010559 0x0
core   0: 0x800077fe (0x00019117) auipc   sp, 0x19
core   0: 3 0x800077fe (0x00019117) x 2 0x800207fe
core   0: 0x80007802 (0x7e110113) addi    sp, sp, 2017
core   0: 3 0x80007802 (0x7e110113) x 2 0x80020fdf
core   0: 0x80007806 (0x03399333) mulh    t1, s3, s3
core   0: 3 0x80007806 (0x03399333) x 6 0x00000000
core   0: 0x8000780a (0xf8111983) lh      s3, -127(sp)
core   0: 3 0x8000780a (0xf8111983) x19 0x00000000 mem 0x80020f60
core   0: 0x8000780e (0x00008c61) c.and   s0, s0
core   0: 3 0x8000780e (0x8c61) x 8 0x00000000
core   0: 0x80007810 (0x8b414303) lbu     t1, -1868(sp)
core   0: 3 0x80007810 (0x8b414303) x 6 0x00000000 mem 0x80020893
core   0: 0x80007814 (0x4047d9b3) sra     s3, a5, tp
core   0: 3 0x80007814 (0x4047d9b3) x19 0x00000000
core   0: 0x80007818 (0xdef10403) lb      s0, -529(sp)
core   0: 3 0x80007818 (0xdef10403) x 8 0x00000000 mem 0x80020dce
core   0: 0x8000781c (0xf0410ba3) sb      tp, -233(sp)
core   0: 3 0x8000781c (0xf0410ba3) mem 0x80020ef6 0x0
core   0: 0x80007820 (0xe4c14403) lbu     s0, -436(sp)
core   0: 3 0x80007820 (0xe4c14403) x 8 0x00000000 mem 0x80020e2b
core   0: 0x80007824 (0xb4034413) xori    s0, t1, -1216
core   0: 3 0x80007824 (0xb4034413) x 8 0xfffffb40
core   0: 0x80007828 (0xafd14403) lbu     s0, -1283(sp)
core   0: 3 0x80007828 (0xafd14403) x 8 0x00000000 mem 0x80020adc
core   0: 0x8000782c (0xe5715403) lhu     s0, -425(sp)
core   0: 3 0x8000782c (0xe5715403) x 8 0x00000000 mem 0x80020e36
core   0: 0x80007830 (0x01341bb3) sll     s7, s0, s3
core   0: 3 0x80007830 (0x01341bb3) x23 0x00000000
core   0: 0x80007834 (0x037bf433) remu    s0, s7, s7
core   0: 3 0x80007834 (0x037bf433) x 8 0x00000000
core   0: 0x80007838 (0xf7210403) lb      s0, -142(sp)
core   0: 3 0x80007838 (0xf7210403) x 8 0x00000000 mem 0x80020f51
core   0: 0x8000783c (0xde410323) sb      tp, -538(sp)
core   0: 3 0x8000783c (0xde410323) mem 0x80020dc5 0x0
core   0: 0x80007840 (0x0000100f) fence.i
core   0: 3 0x80007840 (0x0000100f)
core   0: 0x80007844 (0x51a44993) xori    s3, s0, 1306
core   0: 3 0x80007844 (0x51a44993) x19 0x0000051a
core   0: 0x80007848 (0x40630bb3) sub     s7, t1, t1
core   0: 3 0x80007848 (0x40630bb3) x23 0x00000000
core   0: 0x8000784c (0xa8d14983) lbu     s3, -1395(sp)
core   0: 3 0x8000784c (0xa8d14983) x19 0x00000000 mem 0x80020a6c
core   0: 0x80007850 (0xf3515783) lhu     a5, -203(sp)
core   0: 3 0x80007850 (0xf3515783) x15 0x00000000 mem 0x80020f14
core   0: 0x80007854 (0x8a610223) sb      t1, -1884(sp)
core   0: 3 0x80007854 (0x8a610223) mem 0x80020883 0x0
core   0: 0x80007858 (0x03745bb3) divu    s7, s0, s7
core   0: 3 0x80007858 (0x03745bb3) x23 0xffffffff
core   0: 0x8000785c (0x0069cbb3) xor     s7, s3, t1
core   0: 3 0x8000785c (0x0069cbb3) x23 0x00000000
core   0: 0x80007860 (0x0ff0000f) fence   iorw,iorw
core   0: 3 0x80007860 (0x0ff0000f)
core   0: 0x80007864 (0x008449b3) xor     s3, s0, s0
core   0: 3 0x80007864 (0x008449b3) x19 0x00000000
core   0: 0x80007868 (0xaff10403) lb      s0, -1281(sp)
core   0: 3 0x80007868 (0xaff10403) x 8 0x00000000 mem 0x80020ade
core   0: 0x8000786c (0xacb15403) lhu     s0, -1333(sp)
core   0: 3 0x8000786c (0xacb15403) x 8 0x00000000 mem 0x80020aaa
core   0: 0x80007870 (0x00008c1d) c.sub   s0, a5
core   0: 3 0x80007870 (0x8c1d) x 8 0x00000000
core   0: 0x80007872 (0x00008789) c.srai  a5, 2
core   0: 3 0x80007872 (0x8789) x15 0x00000000
core   0: 0x80007874 (0xbd912203) lw      tp, -1063(sp)
core   0: 3 0x80007874 (0xbd912203) x 4 0x00000000 mem 0x80020bb8
core   0: 0x80007878 (0xeb914203) lbu     tp, -327(sp)
core   0: 3 0x80007878 (0xeb914203) x 4 0x00000000 mem 0x80020e98
core   0: 0x8000787c (0x05f15403) lhu     s0, 95(sp)
core   0: 3 0x8000787c (0x05f15403) x 8 0x00000000 mem 0x8002103e
core   0: 0x80007880 (0xc3310223) sb      s3, -988(sp)
core   0: 3 0x80007880 (0xc3310223) mem 0x80020c03 0x0
core   0: 0x80007884 (0x03720233) mul     tp, tp, s7
core   0: 3 0x80007884 (0x03720233) x 4 0x00000000
core   0: 0x80007888 (0x0087b9b3) sltu    s3, a5, s0
core   0: 3 0x80007888 (0x0087b9b3) x19 0x00000000
core   0: 0x8000788c (0xcd914983) lbu     s3, -807(sp)
core   0: 3 0x8000788c (0xcd914983) x19 0x00000000 mem 0x80020cb8
core   0: 0x80007890 (0xbcf11b83) lh      s7, -1073(sp)
core   0: 3 0x80007890 (0xbcf11b83) x23 0x00000000 mem 0x80020bae
core   0: 0x80007894 (0xe24103a3) sb      tp, -473(sp)
core   0: 3 0x80007894 (0xe24103a3) mem 0x80020e06 0x0
core   0: 0x80007898 (0x03743233) mulhu   tp, s0, s7
core   0: 3 0x80007898 (0x03743233) x 4 0x00000000
core   0: 0x8000789c (0x69524313) xori    t1, tp, 1685
core   0: 3 0x8000789c (0x69524313) x 6 0x00000695
core   0: 0x800078a0 (0x00008fe1) c.and   a5, s0
core   0: 3 0x800078a0 (0x8fe1) x15 0x00000000
core   0: 0x800078a2 (0xeae14403) lbu     s0, -338(sp)
core   0: 3 0x800078a2 (0xeae14403) x 8 0x00000000 mem 0x80020e8d
core   0: 0x800078a6 (0x0097d993) srli    s3, a5, 9
core   0: 3 0x800078a6 (0x0097d993) x19 0x00000000
core   0: 0x800078aa (0x8d510303) lb      t1, -1835(sp)
core   0: 3 0x800078aa (0x8d510303) x 6 0x00000000 mem 0x800208b4
core   0: 0x800078ae (0xee610ea3) sb      t1, -259(sp)
core   0: 3 0x800078ae (0xee610ea3) mem 0x80020edc 0x0
core   0: 0x800078b2 (0xa4f10203) lb      tp, -1457(sp)
core   0: 3 0x800078b2 (0xa4f10203) x 4 0x00000000 mem 0x80020a2e
core   0: 0x800078b6 (0x94610723) sb      t1, -1714(sp)
core   0: 3 0x800078b6 (0x94610723) mem 0x8002092d 0x0
core   0: 0x800078ba (0x15430213) addi    tp, t1, 340
core   0: 3 0x800078ba (0x15430213) x 4 0x00000154
core   0: 0x800078be (0x00fbf233) and     tp, s7, a5
core   0: 3 0x800078be (0x00fbf233) x 4 0x00000000
core   0: 0x800078c2 (0x0249fbb3) remu    s7, s3, tp
core   0: 3 0x800078c2 (0x0249fbb3) x23 0x00000000
core   0: 0x800078c6 (0xae410023) sb      tp, -1312(sp)
core   0: 3 0x800078c6 (0xae410023) mem 0x80020abf 0x0
core   0: 0x800078ca (0x90f10823) sb      a5, -1776(sp)
core   0: 3 0x800078ca (0x90f10823) mem 0x800208ef 0x0
core   0: 0x800078ce (0x00009117) auipc   sp, 0x9
core   0: 3 0x800078ce (0x00009117) x 2 0x800108ce
core   0: 0x800078d2 (0xbe510113) addi    sp, sp, -1051
core   0: 3 0x800078d2 (0xbe510113) x 2 0x800104b3
core   0: 0x800078d6 (0x0dc14e83) lbu     t4, 220(sp)
core   0: 3 0x800078d6 (0x0dc14e83) x29 0x00000000 mem 0x8001058f
core   0: 0x800078da (0xffb14003) lbu     zero, -5(sp)
core   0: 3 0x800078da (0xffb14003) mem 0x800104ae
core   0: 0x800078de (0xfae10783) lb      a5, -82(sp)
core   0: 3 0x800078de (0xfae10783) x15 0x00000000 mem 0x80010461
core   0: 0x800078e2 (0x01606033) or      zero, zero, s6
core   0: 3 0x800078e2 (0x01606033)
core   0: 0x800078e6 (0x00f7c033) xor     zero, a5, a5
core   0: 3 0x800078e6 (0x00f7c033)
core   0: 0x800078ea (0x000083b5) c.srli  a5, 13
core   0: 3 0x800078ea (0x83b5) x15 0x00000000
core   0: 0x800078ec (0x02402b33) mulhsu  s6, zero, tp
core   0: 3 0x800078ec (0x02402b33) x22 0x00000000
core   0: 0x800078f0 (0x04410b03) lb      s6, 68(sp)
core   0: 3 0x800078f0 (0x04410b03) x22 0x00000000 mem 0x800104f7
core   0: 0x800078f4 (0x4fc27e93) andi    t4, tp, 1276
core   0: 3 0x800078f4 (0x4fc27e93) x29 0x00000000
core   0: 0x800078f8 (0xf6510b03) lb      s6, -155(sp)
core   0: 3 0x800078f8 (0xf6510b03) x22 0x00000000 mem 0x80010418
core   0: 0x800078fc (0x0000925a) c.add   tp, s6
core   0: 3 0x800078fc (0x925a) x 4 0x00000000
core   0: 0x800078fe (0x03e78033) mul     zero, a5, t5
core   0: 3 0x800078fe (0x03e78033)
core   0: 0x80007902 (0xfbd128a3) sw      t4, -79(sp)
core   0: 3 0x80007902 (0xfbd128a3) mem 0x80010464 0x00000000
core   0: 0x80007906 (0x000097fa) c.add   a5, t5
core   0: 3 0x80007906 (0x97fa) x15 0x00000000
core   0: 0x80007908 (0x0000127d) c.addi  tp, -1
core   0: 3 0x80007908 (0x127d) x 4 0xffffffff
core   0: 0x8000790a (0x00000001) c.nop
core   0: 3 0x8000790a (0x0001)
core   0: 0x8000790c (0x09d11da3) sh      t4, 155(sp)
core   0: 3 0x8000790c (0x09d11da3) mem 0x8001054e 0x0000
core   0: 0x80007910 (0x6d720b13) addi    s6, tp, 1751
core   0: 3 0x80007910 (0x6d720b13) x22 0x000006d6
core   0: 0x80007914 (0xf9514003) lbu     zero, -107(sp)
core   0: 3 0x80007914 (0xf9514003) mem 0x80010448
core   0: 0x80007918 (0x00008fdd) c.or    a5, a5
core   0: 3 0x80007918 (0x8fdd) x15 0x00000000
core   0: 0x8000791a (0x03df1033) mulh    zero, t5, t4
core   0: 3 0x8000791a (0x03df1033)
core   0: 0x8000791e (0x41e78233) sub     tp, a5, t5
core   0: 3 0x8000791e (0x41e78233) x 4 0x00000000
core   0: 0x80007922 (0x01eed233) srl     tp, t4, t5
core   0: 3 0x80007922 (0x01eed233) x 4 0x00000000
core   0: 0x80007926 (0x06010e23) sb      zero, 124(sp)
core   0: 3 0x80007926 (0x06010e23) mem 0x8001052f 0x0
core   0: 0x8000792a (0x00000001) c.nop
core   0: 3 0x8000792a (0x0001)
core   0: 0x8000792c (0x000057fd) c.li    a5, -1
core   0: 3 0x8000792c (0x57fd) x15 0xffffffff
core   0: 0x8000792e (0x06e14e83) lbu     t4, 110(sp)
core   0: 3 0x8000792e (0x06e14e83) x29 0x00000000 mem 0x80010521
core   0: 0x80007932 (0x01425b13) srli    s6, tp, 20
core   0: 3 0x80007932 (0x01425b13) x22 0x00000000
core   0: 0x80007936 (0xf3810003) lb      zero, -200(sp)
core   0: 3 0x80007936 (0xf3810003) mem 0x800103eb
core   0: 0x8000793a (0x08010e83) lb      t4, 128(sp)
core   0: 3 0x8000793a (0x08010e83) x29 0x00000000 mem 0x80010533
core   0: 0x8000793e (0x00008fbd) c.xor   a5, a5
core   0: 3 0x8000793e (0x8fbd) x15 0x00000000
core   0: 0x80007940 (0x00008b12) c.mv    s6, tp
core   0: 3 0x80007940 (0x8b12) x22 0x00000000
core   0: 0x80007942 (0xf9e10b23) sb      t5, -106(sp)
core   0: 3 0x80007942 (0xf9e10b23) mem 0x80010449 0x0
core   0: 0x80007946 (0x00009717) auipc   a4, 0x9
core   0: 3 0x80007946 (0x00009717) x14 0x80010946
core   0: 0x8000794a (0x2c470713) addi    a4, a4, 708
core   0: 3 0x8000794a (0x2c470713) x14 0x80010c0a
core   0: 0x8000794e (0xdfa71223) sh      s10, -540(a4)
core   0: 3 0x8000794e (0xdfa71223) mem 0x800109ee 0x0000
core   0: 0x80007952 (0xd0470003) lb      zero, -764(a4)
core   0: 3 0x80007952 (0xd0470003) mem 0x8001090e
core   0: 0x80007956 (0x0000a417) auipc   s0, 0xa
core   0: 3 0x80007956 (0x0000a417) x 8 0x80011956
core   0: 0x8000795a (0x7cf40413) addi    s0, s0, 1999
core   0: 3 0x8000795a (0x7cf40413) x 8 0x80012125
core   0: 0x8000795e (0x00940683) lb      a3, 9(s0)
core   0: 3 0x8000795e (0x00940683) x13 0x00000000 mem 0x8001212e
core   0: 0x80007962 (0x014421a3) sw      s4, 3(s0)
core   0: 3 0x80007962 (0x014421a3) mem 0x80012128 0x00000000
core   0: 0x80007966 (0xfff42303) lw      t1, -1(s0)
core   0: 3 0x80007966 (0xfff42303) x 6 0x00000000 mem 0x80012124
core   0: 0x8000796a (0xe3275003) lhu     zero, -462(a4)
core   0: 3 0x8000796a (0xe3275003) mem 0x80010a3c
core   0: 0x8000796e (0x9f074003) lbu     zero, -1552(a4)
core   0: 3 0x8000796e (0x9f074003) mem 0x800105fa
core   0: 0x80007972 (0xfe6409a3) sb      t1, -13(s0)
core   0: 3 0x80007972 (0xfe6409a3) mem 0x80012118 0x0
core   0: 0x80007976 (0x11c70f23) sb      t3, 286(a4)
core   0: 3 0x80007976 (0x11c70f23) mem 0x80010d28 0x3a
core   0: 0x8000797a (0x00e44d03) lbu     s10, 14(s0)
core   0: 3 0x8000797a (0x00e44d03) x26 0x00000000 mem 0x80012133
core   0: 0x8000797e (0x38c71303) lh      t1, 908(a4)
core   0: 3 0x8000797e (0x38c71303) x 6 0x00000000 mem 0x80010f96
core   0: 0x80007982 (0xde771923) sh      t2, -526(a4)
core   0: 3 0x80007982 (0xde771923) mem 0x800109fc 0x5e54
core   0: 0x80007986 (0x00c40683) lb      a3, 12(s0)
core   0: 3 0x80007986 (0x00c40683) x13 0x00000000 mem 0x80012131
core   0: 0x8000798a (0xf7270c03) lb      s8, -142(a4)
core   0: 3 0x8000798a (0xf7270c03) x24 0x00000000 mem 0x80010b7c
core   0: 0x8000798e (0x00c44283) lbu     t0, 12(s0)
core   0: 3 0x8000798e (0x00c44283) x 5 0x00000000 mem 0x80012131
core   0: 0x80007992 (0x81b706a3) sb      s11, -2035(a4)
core   0: 3 0x80007992 (0x81b706a3) mem 0x80010417 0x0
core   0: 0x80007996 (0x00009797) auipc   a5, 0x9
core   0: 3 0x80007996 (0x00009797) x15 0x80010996
core   0: 0x8000799a (0xef378793) addi    a5, a5, -269
core   0: 3 0x8000799a (0xef378793) x15 0x80010889
core   0: 0x8000799e (0xecf79883) lh      a7, -305(a5)
core   0: 3 0x8000799e (0xecf79883) x17 0x00000000 mem 0x80010758
core   0: 0x800079a2 (0x00009917) auipc   s2, 0x9
core   0: 3 0x800079a2 (0x00009917) x18 0x800109a2
core   0: 0x800079a6 (0x11a90913) addi    s2, s2, 282
core   0: 3 0x800079a6 (0x11a90913) x18 0x80010abc
core   0: 0x800079aa (0x00e90d83) lb      s11, 14(s2)
core   0: 3 0x800079aa (0x00e90d83) x27 0x00000000 mem 0x80010aca
core   0: 0x800079ae (0x10a7c103) lbu     sp, 266(a5)
core   0: 3 0x800079ae (0x10a7c103) x 2 0x00000000 mem 0x80010993
core   0: 0x800079b2 (0xfc790403) lb      s0, -57(s2)
core   0: 3 0x800079b2 (0xfc790403) x 8 0x00000000 mem 0x80010a83
core   0: 0x800079b6 (0xfc590403) lb      s0, -59(s2)
core   0: 3 0x800079b6 (0xfc590403) x 8 0x00000000 mem 0x80010a81
core   0: 0x800079ba (0x6da78023) sb      s10, 1728(a5)
core   0: 3 0x800079ba (0x6da78023) mem 0x80010f49 0x0
core   0: 0x800079be (0xd7e7c203) lbu     tp, -642(a5)
core   0: 3 0x800079be (0xd7e7c203) x 4 0x00000000 mem 0x80010607
core   0: 0x800079c2 (0x00c92403) lw      s0, 12(s2)
core   0: 3 0x800079c2 (0x00c92403) x 8 0x00000000 mem 0x80010ac8
core   0: 0x800079c6 (0x3b67cc03) lbu     s8, 950(a5)
core   0: 3 0x800079c6 (0x3b67cc03) x24 0x00000000 mem 0x80010c3f
core   0: 0x800079ca (0x5647c283) lbu     t0, 1380(a5)
core   0: 3 0x800079ca (0x5647c283) x 5 0x00000000 mem 0x80010ded
core   0: 0x800079ce (0xfca95e83) lhu     t4, -54(s2)
core   0: 3 0x800079ce (0xfca95e83) x29 0x00000000 mem 0x80010a86
core   0: 0x800079d2 (0x8867c803) lbu     a6, -1914(a5)
core   0: 3 0x800079d2 (0x8867c803) x16 0x00000000 mem 0x8001010f
core   0: 0x800079d6 (0xaf578c83) lb      s9, -1291(a5)
core   0: 3 0x800079d6 (0xaf578c83) x25 0x00000000 mem 0x8001037e
core   0: 0x800079da (0x00a00f13) li      t5, 10
core   0: 3 0x800079da (0x00a00f13) x30 0x0000000a
core   0: 0x800079de (0x0260a733) mulhsu  a4, ra, t1
core   0: 3 0x800079de (0x0260a733) x14 0x00000000
core   0: 0x800079e2 (0x024dbb33) mulhu   s6, s11, tp
core   0: 3 0x800079e2 (0x024dbb33) x22 0x00000000
core   0: 0x800079e6 (0x00900813) li      a6, 9
core   0: 3 0x800079e6 (0x00900813) x16 0x00000009
core   0: 0x800079ea (0x031361b3) rem     gp, t1, a7
core   0: 3 0x800079ea (0x031361b3) x 3 0x00000000
core   0: 0x800079ee (0x0386d6b3) divu    a3, a3, s8
core   0: 3 0x800079ee (0x0386d6b3) x13 0xffffffff
core   0: 0x800079f2 (0xc9297717) auipc   a4, 0xc9297
core   0: 3 0x800079f2 (0xc9297717) x14 0x4929e9f2
core   0: 0x800079f6 (0x00001f6d) c.addi  t5, -5
core   0: 3 0x800079f6 (0x1f6d) x30 0x00000005
core   0: 0x800079f8 (0x00900d13) li      s10, 9
core   0: 3 0x800079f8 (0x00900d13) x26 0x00000009
core   0: 0x800079fc (0x00009b7d) c.andi  a4, -1
core   0: 3 0x800079fc (0x9b7d) x14 0x4929e9f2
core   0: 0x800079fe (0xfec00293) li      t0, -20
core   0: 3 0x800079fe (0xfec00293) x 5 0xffffffec
core   0: 0x80007a02 (0x2f6ffc13) andi    s8, t6, 758
core   0: 3 0x80007a02 (0x2f6ffc13) x24 0x00000000
core   0: 0x80007a06 (0x00000001) c.nop
core   0: 3 0x80007a06 (0x0001)
core   0: 0x80007a08 (0x00001d79) c.addi  s10, -2
core   0: 3 0x80007a08 (0x1d79) x26 0x00000007
core   0: 0x80007a0a (0x005e9bb3) sll     s7, t4, t0
core   0: 3 0x80007a0a (0x005e9bb3) x23 0x00000000
core   0: 0x80007a0e (0x853ccfb7) lui     t6, 0x853cc
core   0: 3 0x80007a0e (0x853ccfb7) x31 0x853cc000
core   0: 0x80007a12 (0xfe5d5ae3) bge     s10, t0, pc - 12
core   0: 3 0x80007a12 (0xfe5d5ae3)
core   0: 0x80007a06 (0x00000001) c.nop
core   0: 3 0x80007a06 (0x0001)
core   0: 0x80007a08 (0x00001d79) c.addi  s10, -2
core   0: 3 0x80007a08 (0x1d79) x26 0x00000005
core   0: 0x80007a0a (0x005e9bb3) sll     s7, t4, t0
core   0: 3 0x80007a0a (0x005e9bb3) x23 0x00000000
core   0: 0x80007a0e (0x853ccfb7) lui     t6, 0x853cc
core   0: 3 0x80007a0e (0x853ccfb7) x31 0x853cc000
core   0: 0x80007a12 (0xfe5d5ae3) bge     s10, t0, pc - 12
core   0: 3 0x80007a12 (0xfe5d5ae3)
core   0: 0x80007a06 (0x00000001) c.nop
core   0: 3 0x80007a06 (0x0001)
core   0: 0x80007a08 (0x00001d79) c.addi  s10, -2
core   0: 3 0x80007a08 (0x1d79) x26 0x00000003
core   0: 0x80007a0a (0x005e9bb3) sll     s7, t4, t0
core   0: 3 0x80007a0a (0x005e9bb3) x23 0x00000000
core   0: 0x80007a0e (0x853ccfb7) lui     t6, 0x853cc
core   0: 3 0x80007a0e (0x853ccfb7) x31 0x853cc000
core   0: 0x80007a12 (0xfe5d5ae3) bge     s10, t0, pc - 12
core   0: 3 0x80007a12 (0xfe5d5ae3)
core   0: 0x80007a06 (0x00000001) c.nop
core   0: 3 0x80007a06 (0x0001)
core   0: 0x80007a08 (0x00001d79) c.addi  s10, -2
core   0: 3 0x80007a08 (0x1d79) x26 0x00000001
core   0: 0x80007a0a (0x005e9bb3) sll     s7, t4, t0
core   0: 3 0x80007a0a (0x005e9bb3) x23 0x00000000
core   0: 0x80007a0e (0x853ccfb7) lui     t6, 0x853cc
core   0: 3 0x80007a0e (0x853ccfb7) x31 0x853cc000
core   0: 0x80007a12 (0xfe5d5ae3) bge     s10, t0, pc - 12
core   0: 3 0x80007a12 (0xfe5d5ae3)
core   0: 0x80007a06 (0x00000001) c.nop
core   0: 3 0x80007a06 (0x0001)
core   0: 0x80007a08 (0x00001d79) c.addi  s10, -2
core   0: 3 0x80007a08 (0x1d79) x26 0xffffffff
core   0: 0x80007a0a (0x005e9bb3) sll     s7, t4, t0
core   0: 3 0x80007a0a (0x005e9bb3) x23 0x00000000
core   0: 0x80007a0e (0x853ccfb7) lui     t6, 0x853cc
core   0: 3 0x80007a0e (0x853ccfb7) x31 0x853cc000
core   0: 0x80007a12 (0xfe5d5ae3) bge     s10, t0, pc - 12
core   0: 3 0x80007a12 (0xfe5d5ae3)
core   0: 0x80007a06 (0x00000001) c.nop
core   0: 3 0x80007a06 (0x0001)
core   0: 0x80007a08 (0x00001d79) c.addi  s10, -2
core   0: 3 0x80007a08 (0x1d79) x26 0xfffffffd
core   0: 0x80007a0a (0x005e9bb3) sll     s7, t4, t0
core   0: 3 0x80007a0a (0x005e9bb3) x23 0x00000000
core   0: 0x80007a0e (0x853ccfb7) lui     t6, 0x853cc
core   0: 3 0x80007a0e (0x853ccfb7) x31 0x853cc000
core   0: 0x80007a12 (0xfe5d5ae3) bge     s10, t0, pc - 12
core   0: 3 0x80007a12 (0xfe5d5ae3)
core   0: 0x80007a06 (0x00000001) c.nop
core   0: 3 0x80007a06 (0x0001)
core   0: 0x80007a08 (0x00001d79) c.addi  s10, -2
core   0: 3 0x80007a08 (0x1d79) x26 0xfffffffb
core   0: 0x80007a0a (0x005e9bb3) sll     s7, t4, t0
core   0: 3 0x80007a0a (0x005e9bb3) x23 0x00000000
core   0: 0x80007a0e (0x853ccfb7) lui     t6, 0x853cc
core   0: 3 0x80007a0e (0x853ccfb7) x31 0x853cc000
core   0: 0x80007a12 (0xfe5d5ae3) bge     s10, t0, pc - 12
core   0: 3 0x80007a12 (0xfe5d5ae3)
core   0: 0x80007a06 (0x00000001) c.nop
core   0: 3 0x80007a06 (0x0001)
core   0: 0x80007a08 (0x00001d79) c.addi  s10, -2
core   0: 3 0x80007a08 (0x1d79) x26 0xfffffff9
core   0: 0x80007a0a (0x005e9bb3) sll     s7, t4, t0
core   0: 3 0x80007a0a (0x005e9bb3) x23 0x00000000
core   0: 0x80007a0e (0x853ccfb7) lui     t6, 0x853cc
core   0: 3 0x80007a0e (0x853ccfb7) x31 0x853cc000
core   0: 0x80007a12 (0xfe5d5ae3) bge     s10, t0, pc - 12
core   0: 3 0x80007a12 (0xfe5d5ae3)
core   0: 0x80007a06 (0x00000001) c.nop
core   0: 3 0x80007a06 (0x0001)
core   0: 0x80007a08 (0x00001d79) c.addi  s10, -2
core   0: 3 0x80007a08 (0x1d79) x26 0xfffffff7
core   0: 0x80007a0a (0x005e9bb3) sll     s7, t4, t0
core   0: 3 0x80007a0a (0x005e9bb3) x23 0x00000000
core   0: 0x80007a0e (0x853ccfb7) lui     t6, 0x853cc
core   0: 3 0x80007a0e (0x853ccfb7) x31 0x853cc000
core   0: 0x80007a12 (0xfe5d5ae3) bge     s10, t0, pc - 12
core   0: 3 0x80007a12 (0xfe5d5ae3)
core   0: 0x80007a06 (0x00000001) c.nop
core   0: 3 0x80007a06 (0x0001)
core   0: 0x80007a08 (0x00001d79) c.addi  s10, -2
core   0: 3 0x80007a08 (0x1d79) x26 0xfffffff5
core   0: 0x80007a0a (0x005e9bb3) sll     s7, t4, t0
core   0: 3 0x80007a0a (0x005e9bb3) x23 0x00000000
core   0: 0x80007a0e (0x853ccfb7) lui     t6, 0x853cc
core   0: 3 0x80007a0e (0x853ccfb7) x31 0x853cc000
core   0: 0x80007a12 (0xfe5d5ae3) bge     s10, t0, pc - 12
core   0: 3 0x80007a12 (0xfe5d5ae3)
core   0: 0x80007a06 (0x00000001) c.nop
core   0: 3 0x80007a06 (0x0001)
core   0: 0x80007a08 (0x00001d79) c.addi  s10, -2
core   0: 3 0x80007a08 (0x1d79) x26 0xfffffff3
core   0: 0x80007a0a (0x005e9bb3) sll     s7, t4, t0
core   0: 3 0x80007a0a (0x005e9bb3) x23 0x00000000
core   0: 0x80007a0e (0x853ccfb7) lui     t6, 0x853cc
core   0: 3 0x80007a0e (0x853ccfb7) x31 0x853cc000
core   0: 0x80007a12 (0xfe5d5ae3) bge     s10, t0, pc - 12
core   0: 3 0x80007a12 (0xfe5d5ae3)
core   0: 0x80007a06 (0x00000001) c.nop
core   0: 3 0x80007a06 (0x0001)
core   0: 0x80007a08 (0x00001d79) c.addi  s10, -2
core   0: 3 0x80007a08 (0x1d79) x26 0xfffffff1
core   0: 0x80007a0a (0x005e9bb3) sll     s7, t4, t0
core   0: 3 0x80007a0a (0x005e9bb3) x23 0x00000000
core   0: 0x80007a0e (0x853ccfb7) lui     t6, 0x853cc
core   0: 3 0x80007a0e (0x853ccfb7) x31 0x853cc000
core   0: 0x80007a12 (0xfe5d5ae3) bge     s10, t0, pc - 12
core   0: 3 0x80007a12 (0xfe5d5ae3)
core   0: 0x80007a06 (0x00000001) c.nop
core   0: 3 0x80007a06 (0x0001)
core   0: 0x80007a08 (0x00001d79) c.addi  s10, -2
core   0: 3 0x80007a08 (0x1d79) x26 0xffffffef
core   0: 0x80007a0a (0x005e9bb3) sll     s7, t4, t0
core   0: 3 0x80007a0a (0x005e9bb3) x23 0x00000000
core   0: 0x80007a0e (0x853ccfb7) lui     t6, 0x853cc
core   0: 3 0x80007a0e (0x853ccfb7) x31 0x853cc000
core   0: 0x80007a12 (0xfe5d5ae3) bge     s10, t0, pc - 12
core   0: 3 0x80007a12 (0xfe5d5ae3)
core   0: 0x80007a06 (0x00000001) c.nop
core   0: 3 0x80007a06 (0x0001)
core   0: 0x80007a08 (0x00001d79) c.addi  s10, -2
core   0: 3 0x80007a08 (0x1d79) x26 0xffffffed
core   0: 0x80007a0a (0x005e9bb3) sll     s7, t4, t0
core   0: 3 0x80007a0a (0x005e9bb3) x23 0x00000000
core   0: 0x80007a0e (0x853ccfb7) lui     t6, 0x853cc
core   0: 3 0x80007a0e (0x853ccfb7) x31 0x853cc000
core   0: 0x80007a12 (0xfe5d5ae3) bge     s10, t0, pc - 12
core   0: 3 0x80007a12 (0xfe5d5ae3)
core   0: 0x80007a06 (0x00000001) c.nop
core   0: 3 0x80007a06 (0x0001)
core   0: 0x80007a08 (0x00001d79) c.addi  s10, -2
core   0: 3 0x80007a08 (0x1d79) x26 0xffffffeb
core   0: 0x80007a0a (0x005e9bb3) sll     s7, t4, t0
core   0: 3 0x80007a0a (0x005e9bb3) x23 0x00000000
core   0: 0x80007a0e (0x853ccfb7) lui     t6, 0x853cc
core   0: 3 0x80007a0e (0x853ccfb7) x31 0x853cc000
core   0: 0x80007a12 (0xfe5d5ae3) bge     s10, t0, pc - 12
core   0: 3 0x80007a12 (0xfe5d5ae3)
core   0: 0x80007a16 (0x41b28033) sub     zero, t0, s11
core   0: 3 0x80007a16 (0x41b28033)
core   0: 0x80007a1a (0xfd0f58e3) bge     t5, a6, pc - 48
core   0: 3 0x80007a1a (0xfd0f58e3)
core   0: 0x80007a1e (0x0000717d) c.addi16sp sp, -16
core   0: 3 0x80007a1e (0x717d) x 2 0xfffffff0
core   0: 0x80007a20 (0x00014317) auipc   t1, 0x14
core   0: 3 0x80007a20 (0x00014317) x 6 0x8001ba20
core   0: 0x80007a24 (0x05130313) addi    t1, t1, 81
core   0: 3 0x80007a24 (0x05130313) x 6 0x8001ba71
core   0: 0x80007a28 (0x00011a17) auipc   s4, 0x11
core   0: 3 0x80007a28 (0x00011a17) x20 0x80018a28
core   0: 0x80007a2c (0x8dba0a13) addi    s4, s4, -1829
core   0: 3 0x80007a2c (0x8dba0a13) x20 0x80018303
core   0: 0x80007a30 (0x02234e83) lbu     t4, 34(t1)
core   0: 3 0x80007a30 (0x02234e83) x29 0x00000000 mem 0x8001ba93
core   0: 0x80007a34 (0x0000bd97) auipc   s11, 0xb
core   0: 3 0x80007a34 (0x0000bd97) x27 0x80012a34
core   0: 0x80007a38 (0x917d8d93) addi    s11, s11, -1769
core   0: 3 0x80007a38 (0x917d8d93) x27 0x8001234b
core   0: 0x80007a3c (0x0000ab97) auipc   s7, 0xa
core   0: 3 0x80007a3c (0x0000ab97) x23 0x80011a3c
core   0: 0x80007a40 (0x5beb8b93) addi    s7, s7, 1470
core   0: 3 0x80007a40 (0x5beb8b93) x23 0x80011ffa
core   0: 0x80007a44 (0x93da0823) sb      t4, -1744(s4)
core   0: 3 0x80007a44 (0x93da0823) mem 0x80017c33 0x0
core   0: 0x80007a48 (0x0c530ca3) sb      t0, 217(t1)
core   0: 3 0x80007a48 (0x0c530ca3) mem 0x8001bb4a 0xec
core   0: 0x80007a4c (0x279dc003) lbu     zero, 633(s11)
core   0: 3 0x80007a4c (0x279dc003) mem 0x800125c4
core   0: 0x80007a50 (0xe18b8503) lb      a0, -488(s7)
core   0: 3 0x80007a50 (0xe18b8503) x10 0x00000000 mem 0x80011e12
core   0: 0x80007a54 (0xdf4b9883) lh      a7, -524(s7)
core   0: 3 0x80007a54 (0xdf4b9883) x17 0x00000000 mem 0x80011dee
core   0: 0x80007a58 (0xac2b8d03) lb      s10, -1342(s7)
core   0: 3 0x80007a58 (0xac2b8d03) x26 0x00000000 mem 0x80011abc
core   0: 0x80007a5c (0x0000ce17) auipc   t3, 0xc
core   0: 3 0x80007a5c (0x0000ce17) x28 0x80013a5c
core   0: 0x80007a60 (0x9a9e0e13) addi    t3, t3, -1623
core   0: 3 0x80007a60 (0x9a9e0e13) x28 0x80013405
core   0: 0x80007a64 (0x9c7d9ea3) sh      t2, -1571(s11)
core   0: 3 0x80007a64 (0x9c7d9ea3) mem 0x80011d28 0x5e54
core   0: 0x80007a68 (0x83db8ba3) sb      t4, -1993(s7)
core   0: 3 0x80007a68 (0x83db8ba3) mem 0x80011831 0x0
core   0: 0x80007a6c (0x7cba0223) sb      a1, 1988(s4)
core   0: 3 0x80007a6c (0x7cba0223) mem 0x80018ac7 0x3
core   0: 0x80007a70 (0xf4fe5783) lhu     a5, -177(t3)
core   0: 3 0x80007a70 (0xf4fe5783) x15 0x00000000 mem 0x80013354
core   0: 0x80007a74 (0xf0332103) lw      sp, -253(t1)
core   0: 3 0x80007a74 (0xf0332103) x 2 0x00000000 mem 0x8001b974
core   0: 0x80007a78 (0xf31e0603) lb      a2, -207(t3)
core   0: 3 0x80007a78 (0xf31e0603) x12 0x00000000 mem 0x80013336
core   0: 0x80007a7c (0x0ef302a3) sb      a5, 229(t1)
core   0: 3 0x80007a7c (0x0ef302a3) mem 0x8001bb56 0x0
core   0: 0x80007a80 (0xf9c30723) sb      t3, -114(t1)
core   0: 3 0x80007a80 (0xf9c30723) mem 0x8001b9ff 0x5
core   0: 0x80007a84 (0x64db8b23) sb      a3, 1622(s7)
core   0: 3 0x80007a84 (0x64db8b23) mem 0x80012650 0xff
core   0: 0x80007a88 (0xb9ba0b23) sb      s11, -1130(s4)
core   0: 3 0x80007a88 (0xb9ba0b23) mem 0x80017e99 0x4b
core   0: 0x80007a8c (0xef1b8823) sb      a7, -272(s7)
core   0: 3 0x80007a8c (0xef1b8823) mem 0x80011eea 0x0
core   0: 0x80007a90 (0xf0b32783) lw      a5, -245(t1)
core   0: 3 0x80007a90 (0xf0b32783) x15 0x00000000 mem 0x8001b97c
core   0: 0x80007a94 (0x828d8483) lb      s1, -2008(s11)
core   0: 3 0x80007a94 (0x828d8483) x 9 0x00000000 mem 0x80011b73
core   0: 0x80007a98 (0xcd8a07a3) sb      s8, -817(s4)
core   0: 3 0x80007a98 (0xcd8a07a3) mem 0x80017fd2 0x0
core   0: 0x80007a9c (0x0f030f03) lb      t5, 240(t1)
core   0: 3 0x80007a9c (0x0f030f03) x30 0x00000000 mem 0x8001bb61
core   0: 0x80007aa0 (0xfcae0483) lb      s1, -54(t3)
core   0: 3 0x80007aa0 (0xfcae0483) x 9 0x00000000 mem 0x800133cf
core   0: 0x80007aa4 (0x1f8dcb03) lbu     s6, 504(s11)
core   0: 3 0x80007aa4 (0x1f8dcb03) x22 0x00000000 mem 0x80012543
core   0: 0x80007aa8 (0xf7ed8503) lb      a0, -130(s11)
core   0: 3 0x80007aa8 (0xf7ed8503) x10 0x00000000 mem 0x800122c9
core   0: 0x80007aac (0x03830423) sb      s8, 40(t1)
core   0: 3 0x80007aac (0x03830423) mem 0x8001ba99 0x0
core   0: 0x80007ab0 (0x6e8dce83) lbu     t4, 1768(s11)
core   0: 3 0x80007ab0 (0x6e8dce83) x29 0x00000000 mem 0x80012a33
core   0: 0x80007ab4 (0xfb432ba3) sw      s4, -73(t1)
core   0: 3 0x80007ab4 (0xfb432ba3) mem 0x8001ba28 0x80018303
core   0: 0x80007ab8 (0x862ba123) sw      sp, -1950(s7)
core   0: 3 0x80007ab8 (0x862ba123) mem 0x8001185c 0x00000000
core   0: 0x80007abc (0x22eb8683) lb      a3, 558(s7)
core   0: 3 0x80007abc (0x22eb8683) x13 0x00000000 mem 0x80012228
core   0: 0x80007ac0 (0x1bcdc183) lbu     gp, 444(s11)
core   0: 3 0x80007ac0 (0x1bcdc183) x 3 0x00000000 mem 0x80012507
core   0: 0x80007ac4 (0xf59bc603) lbu     a2, -167(s7)
core   0: 3 0x80007ac4 (0xf59bc603) x12 0x00000000 mem 0x80011f53
core   0: 0x80007ac8 (0x2ded89a3) sb      t5, 723(s11)
core   0: 3 0x80007ac8 (0x2ded89a3) mem 0x8001261e 0x0
core   0: 0x80007acc (0x3b9a10a3) sh      s9, 929(s4)
core   0: 3 0x80007acc (0x3b9a10a3) mem 0x800186a4 0x0000
core   0: 0x80007ad0 (0x4bfa0c23) sb      t6, 1208(s4)
core   0: 3 0x80007ad0 (0x4bfa0c23) mem 0x800187bb 0x0
core   0: 0x80007ad4 (0xf27e02a3) sb      t2, -219(t3)
core   0: 3 0x80007ad4 (0xf27e02a3) mem 0x8001332a 0x54
core   0: 0x80007ad8 (0xf25e0823) sb      t0, -208(t3)
core   0: 3 0x80007ad8 (0xf25e0823) mem 0x80013335 0xec
core   0: 0x80007adc (0xd6fb8983) lb      s3, -657(s7)
core   0: 3 0x80007adc (0xd6fb8983) x19 0x00000000 mem 0x80011d69
core   0: 0x80007ae0 (0x00100513) li      a0, 1
core   0: 3 0x80007ae0 (0x00100513) x10 0x00000001
core   0: 0x80007ae4 (0x018f3033) sltu    zero, t5, s8
core   0: 3 0x80007ae4 (0x018f3033)
core   0: 0x80007ae8 (0x03823633) mulhu   a2, tp, s8
core   0: 3 0x80007ae8 (0x03823633) x12 0x00000000
core   0: 0x80007aec (0xff600c13) li      s8, -10
core   0: 3 0x80007aec (0xff600c13) x24 0xfffffff6
core   0: 0x80007af0 (0x0000100f) fence.i
core   0: 3 0x80007af0 (0x0000100f)
core   0: 0x80007af4 (0x0000717d) c.addi16sp sp, -16
core   0: 3 0x80007af4 (0x717d) x 2 0xfffffff0
core   0: 0x80007af6 (0x0ff0000f) fence   iorw,iorw
core   0: 3 0x80007af6 (0x0ff0000f)
core   0: 0x80007afa (0x00d61793) slli    a5, a2, 13
core   0: 3 0x80007afa (0x00d61793) x15 0x00000000
core   0: 0x80007afe (0xc9588b17) auipc   s6, 0xc9588
core   0: 3 0x80007afe (0xc9588b17) x22 0x4958fafe
core   0: 0x80007b02 (0x000331b3) sltu    gp, t1, zero
core   0: 3 0x80007b02 (0x000331b3) x 3 0x00000000
core   0: 0x80007b06 (0x00001565) c.addi  a0, -7
core   0: 3 0x80007b06 (0x1565) x10 0xfffffffa
core   0: 0x80007b08 (0x01926db3) or      s11, tp, s9
core   0: 3 0x80007b08 (0x01926db3) x27 0x00000000
core   0: 0x80007b0c (0x0282ab33) mulhsu  s6, t0, s0
core   0: 3 0x80007b0c (0x0282ab33) x22 0x00000000
core   0: 0x80007b10 (0x0072d013) srli    zero, t0, 7
core   0: 3 0x80007b10 (0x0072d013)
core   0: 0x80007b14 (0x00008005) c.srli  s0, 1
core   0: 3 0x80007b14 (0x8005) x 8 0x00000000
core   0: 0x80007b16 (0x15f94b93) xori    s7, s2, 351
core   0: 3 0x80007b16 (0x15f94b93) x23 0x80010be3
core   0: 0x80007b1a (0xac581717) auipc   a4, 0xac581
core   0: 3 0x80007b1a (0xac581717) x14 0x2c588b1a
core   0: 0x80007b1e (0x00008fd1) c.or    a5, a2
core   0: 3 0x80007b1e (0x8fd1) x15 0x00000000
core   0: 0x80007b20 (0xfd855fe3) bge     a0, s8, pc - 34
core   0: 3 0x80007b20 (0xfd855fe3)
core   0: 0x80007afe (0xc9588b17) auipc   s6, 0xc9588
core   0: 3 0x80007afe (0xc9588b17) x22 0x4958fafe
core   0: 0x80007b02 (0x000331b3) sltu    gp, t1, zero
core   0: 3 0x80007b02 (0x000331b3) x 3 0x00000000
core   0: 0x80007b06 (0x00001565) c.addi  a0, -7
core   0: 3 0x80007b06 (0x1565) x10 0xfffffff3
core   0: 0x80007b08 (0x01926db3) or      s11, tp, s9
core   0: 3 0x80007b08 (0x01926db3) x27 0x00000000
core   0: 0x80007b0c (0x0282ab33) mulhsu  s6, t0, s0
core   0: 3 0x80007b0c (0x0282ab33) x22 0x00000000
core   0: 0x80007b10 (0x0072d013) srli    zero, t0, 7
core   0: 3 0x80007b10 (0x0072d013)
core   0: 0x80007b14 (0x00008005) c.srli  s0, 1
core   0: 3 0x80007b14 (0x8005) x 8 0x00000000
core   0: 0x80007b16 (0x15f94b93) xori    s7, s2, 351
core   0: 3 0x80007b16 (0x15f94b93) x23 0x80010be3
core   0: 0x80007b1a (0xac581717) auipc   a4, 0xac581
core   0: 3 0x80007b1a (0xac581717) x14 0x2c588b1a
core   0: 0x80007b1e (0x00008fd1) c.or    a5, a2
core   0: 3 0x80007b1e (0x8fd1) x15 0x00000000
core   0: 0x80007b20 (0xfd855fe3) bge     a0, s8, pc - 34
core   0: 3 0x80007b20 (0xfd855fe3)
core   0: 0x80007b24 (0x00000001) c.nop
core   0: 3 0x80007b24 (0x0001)
core   0: 0x80007b26 (0x00a0026f) jal     tp, pc + 0xa
core   0: 3 0x80007b26 (0x00a0026f) x 4 0x80007b2a
core   0: 0x80007b30 (0x0000a02d) c.j     pc + 42
core   0: 3 0x80007b30 (0xa02d)
core   0: 0x80007b5a (0x000037dd) c.jal   pc - 26
core   0: 3 0x80007b5a (0x37dd) x 1 0x80007b5c
core   0: 0x80007b40 (0xff3fff6f) jal     t5, pc - 0xe
core   0: 3 0x80007b40 (0xff3fff6f) x30 0x80007b44
core   0: 0x80007b32 (0x0120026f) jal     tp, pc + 0x12
core   0: 3 0x80007b32 (0x0120026f) x 4 0x80007b36
core   0: 0x80007b44 (0xff7ff0ef) jal     pc - 0xa
core   0: 3 0x80007b44 (0xff7ff0ef) x 1 0x80007b48
core   0: 0x80007b3a (0x0000bfc5) c.j     pc - 16
core   0: 3 0x80007b3a (0xbfc5)
core   0: 0x80007b2a (0x00002031) c.jal   pc + 12
core   0: 3 0x80007b2a (0x2031) x 1 0x80007b2c
core   0: 0x80007b36 (0x00002811) c.jal   pc + 20
core   0: 3 0x80007b36 (0x2811) x 1 0x80007b38
core   0: 0x80007b4a (0x00002019) c.jal   pc + 6
core   0: 3 0x80007b4a (0x2019) x 1 0x80007b4c
core   0: 0x80007b50 (0x0000a019) c.j     pc + 6
core   0: 3 0x80007b50 (0xa019)
core   0: 0x80007b56 (0x000037cd) c.jal   pc - 30
core   0: 3 0x80007b56 (0x37cd) x 1 0x80007b58
core   0: 0x80007b38 (0x00002005) c.jal   pc + 32
core   0: 3 0x80007b38 (0x2005) x 1 0x80007b3a
core   0: 0x80007b58 (0x00003fd5) c.jal   pc - 12
core   0: 3 0x80007b58 (0x3fd5) x 1 0x80007b5a
core   0: 0x80007b4c (0x0060036f) jal     t1, pc + 0x6
core   0: 3 0x80007b4c (0x0060036f) x 6 0x80007b50
core   0: 0x80007b52 (0xff7ff36f) jal     t1, pc - 0xa
core   0: 3 0x80007b52 (0xff7ff36f) x 6 0x80007b56
core   0: 0x80007b48 (0x0000b7d5) c.j     pc - 28
core   0: 3 0x80007b48 (0xb7d5)
core   0: 0x80007b2c (0x00002815) c.jal   pc + 52
core   0: 3 0x80007b2c (0x2815) x 1 0x80007b2e
core   0: 0x80007b60 (0xfffff16f) jal     sp, pc - 0x2
core   0: 3 0x80007b60 (0xfffff16f) x 2 0x80007b64
core   0: 0x80007b5e (0x0000bffd) c.j     pc - 2
core   0: 3 0x80007b5e (0xbffd)
core   0: 0x80007b5c (0x00003fc9) c.jal   pc - 46
core   0: 3 0x80007b5c (0x3fc9) x 1 0x80007b5e
core   0: 0x80007b2e (0x0000a039) c.j     pc + 14
core   0: 3 0x80007b2e (0xa039)
core   0: 0x80007b3c (0x02800c6f) jal     s8, pc + 0x28
core   0: 3 0x80007b3c (0x02800c6f) x24 0x80007b40
core   0: 0x80007b64 (0x00008ce1) c.and   s1, s0
core   0: 3 0x80007b64 (0x8ce1) x 9 0x00000000
core   0: 0x80007b66 (0x00009c97) auipc   s9, 0x9
core   0: 3 0x80007b66 (0x00009c97) x25 0x80010b66
core   0: 0x80007b6a (0xfa0c8c93) addi    s9, s9, -96
core   0: 3 0x80007b6a (0xfa0c8c93) x25 0x80010b06
core   0: 0x80007b6e (0x0000137d) c.addi  t1, -1
core   0: 3 0x80007b6e (0x137d) x 6 0x80007b55
core   0: 0x80007b70 (0x00000001) c.nop
core   0: 3 0x80007b70 (0x0001)
core   0: 0x80007b72 (0x07cc8483) lb      s1, 124(s9)
core   0: 3 0x80007b72 (0x07cc8483) x 9 0x00000000 mem 0x80010b82
core   0: 0x80007b76 (0x0000980e) c.add   a6, gp
core   0: 3 0x80007b76 (0x980e) x16 0x00000009
core   0: 0x80007b78 (0x015c8823) sb      s5, 16(s9)
core   0: 3 0x80007b78 (0x015c8823) mem 0x80010b16 0xe4
core   0: 0x80007b7c (0x00004175) c.li    sp, 29
core   0: 3 0x80007b7c (0x4175) x 2 0x0000001d
core   0: 0x80007b7e (0xf1910193) addi    gp, sp, -231
core   0: 3 0x80007b7e (0xf1910193) x 3 0xffffff36
core   0: 0x80007b82 (0x093cc603) lbu     a2, 147(s9)
core   0: 3 0x80007b82 (0x093cc603) x12 0x00000000 mem 0x80010b99
core   0: 0x80007b86 (0x073c8103) lb      sp, 115(s9)
core   0: 3 0x80007b86 (0x073c8103) x 2 0x00000000 mem 0x80010b79
core   0: 0x80007b8a (0x03167db3) remu    s11, a2, a7
core   0: 3 0x80007b8a (0x03167db3) x27 0x00000000
core   0: 0x80007b8e (0x024564b3) rem     s1, a0, tp
core   0: 3 0x80007b8e (0x024564b3) x 9 0xfffffff3
core   0: 0x80007b92 (0xf75ccd83) lbu     s11, -139(s9)
core   0: 3 0x80007b92 (0xf75ccd83) x27 0x00000000 mem 0x80010a7b
core   0: 0x80007b96 (0xf1ccd203) lhu     tp, -228(s9)
core   0: 3 0x80007b96 (0xf1ccd203) x 4 0x00000000 mem 0x80010a22
core   0: 0x80007b9a (0x002adb33) srl     s6, s5, sp
core   0: 3 0x80007b9a (0x002adb33) x22 0x80029ce4
core   0: 0x80007b9e (0x00da84b3) add     s1, s5, a3
core   0: 3 0x80007b9e (0x00da84b3) x 9 0x80029ce4
core   0: 0x80007ba2 (0x01992933) slt     s2, s2, s9
core   0: 3 0x80007ba2 (0x01992933) x18 0x00000001
core   0: 0x80007ba6 (0x00425813) srli    a6, tp, 4
core   0: 3 0x80007ba6 (0x00425813) x16 0x00000000
core   0: 0x80007baa (0x000011fd) c.addi  gp, -1
core   0: 3 0x80007baa (0x11fd) x 3 0xffffff35
core   0: 0x80007bac (0x03359433) mulh    s0, a1, s3
core   0: 3 0x80007bac (0x03359433) x 8 0x00000000
core   0: 0x80007bb0 (0x033d3233) mulhu   tp, s10, s3
core   0: 3 0x80007bb0 (0x033d3233) x 4 0x00000000
core   0: 0x80007bb4 (0x012994b3) sll     s1, s3, s2
core   0: 3 0x80007bb4 (0x012994b3) x 9 0x00000000
core   0: 0x80007bb8 (0x0000417d) c.li    sp, 31
core   0: 3 0x80007bb8 (0x417d) x 2 0x0000001f
core   0: 0x80007bba (0xbd00af13) slti    t5, ra, -1072
core   0: 3 0x80007bba (0xbd00af13) x30 0x00000001
core   0: 0x80007bbe (0x000051fd) c.li    gp, -1
core   0: 3 0x80007bbe (0x51fd) x 3 0xffffffff
core   0: 0x80007bc0 (0xf62c83a3) sb      sp, -153(s9)
core   0: 3 0x80007bc0 (0xf62c83a3) mem 0x80010a6d 0x1f
core   0: 0x80007bc4 (0x0383d633) divu    a2, t2, s8
core   0: 3 0x80007bc4 (0x0383d633) x12 0x00000001
core   0: 0x80007bc8 (0x00009162) c.add   sp, s8
core   0: 3 0x80007bc8 (0x9162) x 2 0x80007b5f
core   0: 0x80007bca (0x00008d31) c.xor   a0, a2
core   0: 3 0x80007bca (0x8d31) x10 0xfffffff2
core   0: 0x80007bcc (0x00008f01) c.sub   a4, s0
core   0: 3 0x80007bcc (0x8f01) x14 0x2c588b1a
core   0: 0x80007bce (0x062c9723) sh      sp, 110(s9)
core   0: 3 0x80007bce (0x062c9723) mem 0x80010b74 0x7b5f
core   0: 0x80007bd2 (0xb0a33713) sltiu   a4, t1, -1270
core   0: 3 0x80007bd2 (0xb0a33713) x14 0x00000001
core   0: 0x80007bd6 (0x03bb0b33) mul     s6, s6, s11
core   0: 3 0x80007bd6 (0x03bb0b33) x22 0x00000000
core   0: 0x80007bda (0x40a5d433) sra     s0, a1, a0
core   0: 3 0x80007bda (0x40a5d433) x 8 0x00000069
core   0: 0x80007bde (0x406b5d13) srai    s10, s6, 6
core   0: 3 0x80007bde (0x406b5d13) x26 0x00000000
core   0: 0x80007be2 (0x01385193) srli    gp, a6, 19
core   0: 3 0x80007be2 (0x01385193) x 3 0x00000000
core   0: 0x80007be6 (0xfe3c8703) lb      a4, -29(s9)
core   0: 3 0x80007be6 (0xfe3c8703) x14 0x00000000 mem 0x80010ae9
core   0: 0x80007bea (0x1480ae93) slti    t4, ra, 328
core   0: 3 0x80007bea (0x1480ae93) x29 0x00000001
core   0: 0x80007bee (0xf2fc85a3) sb      a5, -213(s9)
core   0: 3 0x80007bee (0xf2fc85a3) mem 0x80010a31 0x0
core   0: 0x80007bf2 (0x00008fc9) c.or    a5, a0
core   0: 3 0x80007bf2 (0x8fc9) x15 0xfffffff2
core   0: 0x80007bf4 (0xf11c82a3) sb      a7, -251(s9)
core   0: 3 0x80007bf4 (0xf11c82a3) mem 0x80010a0b 0x0
core   0: 0x80007bf8 (0x00018117) auipc   sp, 0x18
core   0: 3 0x80007bf8 (0x00018117) x 2 0x8001fbf8
core   0: 0x80007bfc (0xa6510113) addi    sp, sp, -1435
core   0: 3 0x80007bfc (0xa6510113) x 2 0x8001f65d
core   0: 0x80007c00 (0x035109a3) sb      s5, 51(sp)
core   0: 3 0x80007c00 (0x035109a3) mem 0x8001f690 0xe4
core   0: 0x80007c04 (0x84bcf913) andi    s2, s9, -1973
core   0: 3 0x80007c04 (0x84bcf913) x18 0x80010802
core   0: 0x80007c08 (0x03d4db33) divu    s6, s1, t4
core   0: 3 0x80007c08 (0x03d4db33) x22 0x00000000
core   0: 0x80007c0c (0xfc910283) lb      t0, -55(sp)
core   0: 3 0x80007c0c (0xfc910283) x 5 0x00000000 mem 0x8001f626
core   0: 0x80007c10 (0x02b15b83) lhu     s7, 43(sp)
core   0: 3 0x80007c10 (0x02b15b83) x23 0x00000000 mem 0x8001f688
core   0: 0x80007c14 (0xff711fa3) sh      s7, -1(sp)
core   0: 3 0x80007c14 (0xff711fa3) mem 0x8001f65c 0x0000
core   0: 0x80007c18 (0x02f3b1b3) mulhu   gp, t2, a5
core   0: 3 0x80007c18 (0x02f3b1b3) x 3 0x80025e4c
core   0: 0x80007c1c (0x42032513) slti    a0, t1, 1056
core   0: 3 0x80007c1c (0x42032513) x10 0x00000001
core   0: 0x80007c20 (0xfdd15783) lhu     a5, -35(sp)
core   0: 3 0x80007c20 (0xfdd15783) x15 0x00000000 mem 0x8001f63a
core   0: 0x80007c24 (0x9af7f193) andi    gp, a5, -1617
core   0: 3 0x80007c24 (0x9af7f193) x 3 0x00000000
core   0: 0x80007c28 (0xfce14703) lbu     a4, -50(sp)
core   0: 3 0x80007c28 (0xfce14703) x14 0x00000000 mem 0x8001f62b
core   0: 0x80007c2c (0x024396b3) mulh    a3, t2, tp
core   0: 3 0x80007c2c (0x024396b3) x13 0x00000000
core   0: 0x80007c30 (0xfc9118a3) sh      s1, -47(sp)
core   0: 3 0x80007c30 (0xfc9118a3) mem 0x8001f62e 0x0000
core   0: 0x80007c34 (0x000007fe) c.slli  a5, 31
core   0: 3 0x80007c34 (0x07fe) x15 0x00000000
core   0: 0x80007c36 (0x000082b1) c.srli  a3, 12
core   0: 3 0x80007c36 (0x82b1) x13 0x00000000
core   0: 0x80007c38 (0x00008471) c.srai  s0, 28
core   0: 3 0x80007c38 (0x8471) x 8 0x00000000
core   0: 0x80007c3a (0x72942713) slti    a4, s0, 1833
core   0: 3 0x80007c3a (0x72942713) x14 0x00000001
core   0: 0x80007c3e (0x00008e19) c.sub   a2, a4
core   0: 3 0x80007c3e (0x8e19) x12 0x00000000
core   0: 0x80007c40 (0xfda10883) lb      a7, -38(sp)
core   0: 3 0x80007c40 (0xfda10883) x17 0x00000000 mem 0x8001f637
core   0: 0x80007c44 (0x01eb58b3) srl     a7, s6, t5
core   0: 3 0x80007c44 (0x01eb58b3) x17 0x00000000
core   0: 0x80007c48 (0x03bc4f33) div     t5, s8, s11
core   0: 3 0x80007c48 (0x03bc4f33) x30 0xffffffff
core   0: 0x80007c4c (0x203fb513) sltiu   a0, t6, 515
core   0: 3 0x80007c4c (0x203fb513) x10 0x00000000
core   0: 0x80007c50 (0x4661ce93) xori    t4, gp, 1126
core   0: 3 0x80007c50 (0x4661ce93) x29 0x00000466
core   0: 0x80007c54 (0xfda14a03) lbu     s4, -38(sp)
core   0: 3 0x80007c54 (0xfda14a03) x20 0x00000000 mem 0x8001f637
core   0: 0x80007c58 (0xfdb10423) sb      s11, -56(sp)
core   0: 3 0x80007c58 (0xfdb10423) mem 0x8001f625 0x0
core   0: 0x80007c5c (0xfe810ea3) sb      s0, -3(sp)
core   0: 3 0x80007c5c (0xfe810ea3) mem 0x8001f65a 0x0
core   0: 0x80007c60 (0xfea14e03) lbu     t3, -22(sp)
core   0: 3 0x80007c60 (0xfea14e03) x28 0x00000000 mem 0x8001f647
core   0: 0x80007c64 (0x01910623) sb      s9, 12(sp)
core   0: 3 0x80007c64 (0x01910623) mem 0x8001f669 0x6
core   0: 0x80007c68 (0xca54ae13) slti    t3, s1, -859
core   0: 3 0x80007c68 (0xca54ae13) x28 0x00000000
core   0: 0x80007c6c (0xff610823) sb      s6, -16(sp)
core   0: 3 0x80007c6c (0xff610823) mem 0x8001f64d 0x0
core   0: 0x80007c70 (0x03b10fa3) sb      s11, 63(sp)
core   0: 3 0x80007c70 (0x03b10fa3) mem 0x8001f69c 0x0
core   0: 0x80007c74 (0xfd315903) lhu     s2, -45(sp)
core   0: 3 0x80007c74 (0xfd315903) x18 0x00000000 mem 0x8001f630
core   0: 0x80007c78 (0xfd3113a3) sh      s3, -57(sp)
core   0: 3 0x80007c78 (0xfd3113a3) mem 0x8001f624 0x0000
core   0: 0x80007c7c (0x0000187d) c.addi  a6, -1
core   0: 3 0x80007c7c (0x187d) x16 0xffffffff
core   0: 0x80007c7e (0x8970e793) ori     a5, ra, -1897
core   0: 3 0x80007c7e (0x8970e793) x15 0xfffffbdf
core   0: 0x80007c82 (0xfd810003) lb      zero, -40(sp)
core   0: 3 0x80007c82 (0xfd810003) mem 0x8001f635
core   0: 0x80007c86 (0x01d89333) sll     t1, a7, t4
core   0: 3 0x80007c86 (0x01d89333) x 6 0x00000000
core   0: 0x80007c8a (0x00008cd1) c.or    s1, a2
core   0: 3 0x80007c8a (0x8cd1) x 9 0x00000000
core   0: 0x80007c8c (0x00308fb3) add     t6, ra, gp
core   0: 3 0x80007c8c (0x00308fb3) x31 0x80007b5e
core   0: 0x80007c90 (0x03f14483) lbu     s1, 63(sp)
core   0: 3 0x80007c90 (0x03f14483) x 9 0x00000000 mem 0x8001f69c
core   0: 0x80007c94 (0x415a51b3) sra     gp, s4, s5
core   0: 3 0x80007c94 (0x415a51b3) x 3 0x00000000
core   0: 0x80007c98 (0x01715603) lhu     a2, 23(sp)
core   0: 3 0x80007c98 (0x01715603) x12 0x00000000 mem 0x8001f674
core   0: 0x80007c9c (0x037aa8b3) mulhsu  a7, s5, s7
core   0: 3 0x80007c9c (0x037aa8b3) x17 0x00000000
core   0: 0x80007ca0 (0x00008211) c.srli  a2, 4
core   0: 3 0x80007ca0 (0x8211) x12 0x00000000
core   0: 0x80007ca2 (0x0380c533) div     a0, ra, s8
core   0: 3 0x80007ca2 (0x0380c533) x10 0x00000000
core   0: 0x80007ca6 (0x00115083) lhu     ra, 1(sp)
core   0: 3 0x80007ca6 (0x00115083) x 1 0x00000000 mem 0x8001f65e
core   0: 0x80007caa (0xfde14f83) lbu     t6, -34(sp)
core   0: 3 0x80007caa (0xfde14f83) x31 0x00000000 mem 0x8001f63b
core   0: 0x80007cae (0x02ed3d33) mulhu   s10, s10, a4
core   0: 3 0x80007cae (0x02ed3d33) x26 0x00000000
core   0: 0x80007cb2 (0x00000001) c.nop
core   0: 3 0x80007cb2 (0x0001)
core   0: 0x80007cb4 (0x00000001) c.nop
core   0: 3 0x80007cb4 (0x0001)
core   0: 0x80007cb6 (0x00610423) sb      t1, 8(sp)
core   0: 3 0x80007cb6 (0x00610423) mem 0x8001f665 0x0
core   0: 0x80007cba (0x00010e97) auipc   t4, 0x10
core   0: 3 0x80007cba (0x00010e97) x29 0x80017cba
core   0: 0x80007cbe (0x9e4e8e93) addi    t4, t4, -1564
core   0: 3 0x80007cbe (0x9e4e8e93) x29 0x8001769e
core   0: 0x80007cc2 (0x004e9903) lh      s2, 4(t4)
core   0: 3 0x80007cc2 (0x004e9903) x18 0x00000000 mem 0x800176a2
core   0: 0x80007cc6 (0x40dd5233) sra     tp, s10, a3
core   0: 3 0x80007cc6 (0x40dd5233) x 4 0x00000000
core   0: 0x80007cca (0x00de9223) sh      a3, 4(t4)
core   0: 3 0x80007cca (0x00de9223) mem 0x800176a2 0x0000
core   0: 0x80007cce (0x00ae9283) lh      t0, 10(t4)
core   0: 3 0x80007cce (0x00ae9283) x 5 0x00000000 mem 0x800176a8
core   0: 0x80007cd2 (0x003e8523) sb      gp, 10(t4)
core   0: 3 0x80007cd2 (0x003e8523) mem 0x800176a8 0x0
core   0: 0x80007cd6 (0x00009316) c.add   t1, t0
core   0: 3 0x80007cd6 (0x9316) x 6 0x00000000
core   0: 0x80007cd8 (0x01fe9523) sh      t6, 10(t4)
core   0: 3 0x80007cd8 (0x01fe9523) mem 0x800176a8 0x0000
core   0: 0x80007cdc (0x017e9523) sh      s7, 10(t4)
core   0: 3 0x80007cdc (0x017e9523) mem 0x800176a8 0x0000
core   0: 0x80007ce0 (0x00aea983) lw      s3, 10(t4)
core   0: 3 0x80007ce0 (0x00aea983) x19 0x00000000 mem 0x800176a8
core   0: 0x80007ce4 (0x00ae8503) lb      a0, 10(t4)
core   0: 3 0x80007ce4 (0x00ae8503) x10 0x00000000 mem 0x800176a8
core   0: 0x80007ce8 (0x00aed403) lhu     s0, 10(t4)
core   0: 3 0x80007ce8 (0x00aed403) x 8 0x00000000 mem 0x800176a8
core   0: 0x80007cec (0x01de9523) sh      t4, 10(t4)
core   0: 3 0x80007cec (0x01de9523) mem 0x800176a8 0x769e
core   0: 0x80007cf0 (0x00aeae03) lw      t3, 10(t4)
core   0: 3 0x80007cf0 (0x00aeae03) x28 0x0000769e mem 0x800176a8
core   0: 0x80007cf4 (0x00008099) c.srli  s1, 6
core   0: 3 0x80007cf4 (0x8099) x 9 0x00000000
core   0: 0x80007cf6 (0x00aed083) lhu     ra, 10(t4)
core   0: 3 0x80007cf6 (0x00aed083) x 1 0x0000769e mem 0x800176a8
core   0: 0x80007cfa (0x013e9523) sh      s3, 10(t4)
core   0: 3 0x80007cfa (0x013e9523) mem 0x800176a8 0x0000
core   0: 0x80007cfe (0x00aec883) lbu     a7, 10(t4)
core   0: 3 0x80007cfe (0x00aec883) x17 0x00000000 mem 0x800176a8
core   0: 0x80007d02 (0x003e9523) sh      gp, 10(t4)
core   0: 3 0x80007d02 (0x003e9523) mem 0x800176a8 0x0000
core   0: 0x80007d06 (0x00ae9703) lh      a4, 10(t4)
core   0: 3 0x80007d06 (0x00ae9703) x14 0x00000000 mem 0x800176a8
core   0: 0x80007d0a (0x00de8003) lb      zero, 13(t4)
core   0: 3 0x80007d0a (0x00de8003) mem 0x800176ab
core   0: 0x80007d0e (0x00c0026f) jal     tp, pc + 0xc
core   0: 3 0x80007d0e (0x00c0026f) x 4 0x80007d12
core   0: 0x80007d1a (0x0000a005) c.j     pc + 32
core   0: 3 0x80007d1a (0xa005)
core   0: 0x80007d3a (0x00002009) c.jal   pc + 2
core   0: 3 0x80007d3a (0x2009) x 1 0x80007d3c
core   0: 0x80007d3c (0xfe5ff36f) jal     t1, pc - 0x1c
core   0: 3 0x80007d3c (0xfe5ff36f) x 6 0x80007d40
core   0: 0x80007d20 (0x0000a021) c.j     pc + 8
core   0: 3 0x80007d20 (0xa021)
core   0: 0x80007d28 (0x000037f5) c.jal   pc - 20
core   0: 3 0x80007d28 (0x37f5) x 1 0x80007d2a
core   0: 0x80007d14 (0x0000a039) c.j     pc + 14
core   0: 3 0x80007d14 (0xa039)
core   0: 0x80007d22 (0x00c000ef) jal     pc + 0xc
core   0: 3 0x80007d22 (0x00c000ef) x 1 0x80007d26
core   0: 0x80007d2e (0x0000bff5) c.j     pc - 4
core   0: 3 0x80007d2e (0xbff5)
core   0: 0x80007d2a (0x000037f5) c.jal   pc - 20
core   0: 3 0x80007d2a (0x37f5) x 1 0x80007d2c
core   0: 0x80007d16 (0x0000a019) c.j     pc + 6
core   0: 3 0x80007d16 (0xa019)
core   0: 0x80007d1c (0x01c002ef) jal     t0, pc + 0x1c
core   0: 3 0x80007d1c (0x01c002ef) x 5 0x80007d20
core   0: 0x80007d38 (0x00003fd5) c.jal   pc - 12
core   0: 3 0x80007d38 (0x3fd5) x 1 0x80007d3a
core   0: 0x80007d2c (0x0000a811) c.j     pc + 20
core   0: 3 0x80007d2c (0xa811)
core   0: 0x80007d40 (0xfd3ff6ef) jal     a3, pc - 0x2e
core   0: 3 0x80007d40 (0xfd3ff6ef) x13 0x80007d44
core   0: 0x80007d12 (0x00002839) c.jal   pc + 30
core   0: 3 0x80007d12 (0x2839) x 1 0x80007d14
core   0: 0x80007d30 (0x004000ef) jal     pc + 0x4
core   0: 3 0x80007d30 (0x004000ef) x 1 0x80007d34
core   0: 0x80007d34 (0xff3ff16f) jal     sp, pc - 0xe
core   0: 3 0x80007d34 (0xff3ff16f) x 2 0x80007d38
core   0: 0x80007d26 (0x00003fcd) c.jal   pc - 14
core   0: 3 0x80007d26 (0x3fcd) x 1 0x80007d28
core   0: 0x80007d18 (0x00002035) c.jal   pc + 44
core   0: 3 0x80007d18 (0x2035) x 1 0x80007d1a
core   0: 0x80007d44 (0x000091ce) c.add   gp, s3
core   0: 3 0x80007d44 (0x91ce) x 3 0x00000000
core   0: 0x80007d46 (0x00009797) auipc   a5, 0x9
core   0: 3 0x80007d46 (0x00009797) x15 0x80010d46
core   0: 0x80007d4a (0xb2678793) addi    a5, a5, -1242
core   0: 3 0x80007d4a (0xb2678793) x15 0x8001086c
core   0: 0x80007d4e (0xffb78d03) lb      s10, -5(a5)
core   0: 3 0x80007d4e (0xffb78d03) x26 0x00000000 mem 0x80010867
core   0: 0x80007d52 (0x00013997) auipc   s3, 0x13
core   0: 3 0x80007d52 (0x00013997) x19 0x8001ad52
core   0: 0x80007d56 (0xce998993) addi    s3, s3, -791
core   0: 3 0x80007d56 (0xce998993) x19 0x8001aa3b
core   0: 0x80007d5a (0x00d98283) lb      t0, 13(s3)
core   0: 3 0x80007d5a (0x00d98283) x 5 0x00000000 mem 0x8001aa48
core   0: 0x80007d5e (0xff079603) lh      a2, -16(a5)
core   0: 3 0x80007d5e (0xff079603) x12 0x00000000 mem 0x8001085c
core   0: 0x80007d62 (0xffc78b03) lb      s6, -4(a5)
core   0: 3 0x80007d62 (0xffc78b03) x22 0x00000000 mem 0x80010868
core   0: 0x80007d66 (0x00f9c403) lbu     s0, 15(s3)
core   0: 3 0x80007d66 (0x00f9c403) x 8 0x00000000 mem 0x8001aa4a
core   0: 0x80007d6a (0x00a786a3) sb      a0, 13(a5)
core   0: 3 0x80007d6a (0x00a786a3) mem 0x80010879 0x0
core   0: 0x80007d6e (0x017993a3) sh      s7, 7(s3)
core   0: 3 0x80007d6e (0x017993a3) mem 0x8001aa42 0x0000
core   0: 0x80007d72 (0x00b78103) lb      sp, 11(a5)
core   0: 3 0x80007d72 (0x00b78103) x 2 0x00000000 mem 0x80010877
core   0: 0x80007d76 (0x00c79703) lh      a4, 12(a5)
core   0: 3 0x80007d76 (0x00c79703) x14 0x00000000 mem 0x80010878
core   0: 0x80007d7a (0xfe398c23) sb      gp, -8(s3)
core   0: 3 0x80007d7a (0xfe398c23) mem 0x8001aa33 0x0
core   0: 0x80007d7e (0x00d98683) lb      a3, 13(s3)
core   0: 3 0x80007d7e (0x00d98683) x13 0x00000000 mem 0x8001aa48
core   0: 0x80007d82 (0x00f9c483) lbu     s1, 15(s3)
core   0: 3 0x80007d82 (0x00f9c483) x 9 0x00000000 mem 0x8001aa4a
core   0: 0x80007d86 (0xff67c103) lbu     sp, -10(a5)
core   0: 3 0x80007d86 (0xff67c103) x 2 0x00000000 mem 0x80010862
core   0: 0x80007d8a (0x00178e83) lb      t4, 1(a5)
core   0: 3 0x80007d8a (0x00178e83) x29 0x00000000 mem 0x8001086d
core   0: 0x80007d8e (0xff59d483) lhu     s1, -11(s3)
core   0: 3 0x80007d8e (0xff59d483) x 9 0x00000000 mem 0x8001aa30
core   0: 0x80007d92 (0xffe79283) lh      t0, -2(a5)
core   0: 3 0x80007d92 (0xffe79283) x 5 0x00000000 mem 0x8001086a
core   0: 0x80007d96 (0x00c9cf03) lbu     t5, 12(s3)
core   0: 3 0x80007d96 (0x00c9cf03) x30 0x00000000 mem 0x8001aa47
core   0: 0x80007d9a (0xff198603) lb      a2, -15(s3)
core   0: 3 0x80007d9a (0xff198603) x12 0x00000000 mem 0x8001aa2c
core   0: 0x80007d9e (0x000985a3) sb      zero, 11(s3)
core   0: 3 0x80007d9e (0x000985a3) mem 0x8001aa46 0x0
core   0: 0x80007da2 (0x0027db83) lhu     s7, 2(a5)
core   0: 3 0x80007da2 (0x0027db83) x23 0x00000000 mem 0x8001086e
core   0: 0x80007da6 (0x0180026f) jal     tp, pc + 0x18
core   0: 3 0x80007da6 (0x0180026f) x 4 0x80007daa
core   0: 0x80007dbe (0x0000a035) c.j     pc + 44
core   0: 3 0x80007dbe (0xa035)
core   0: 0x80007dea (0xfd1ff0ef) jal     pc - 0x30
core   0: 3 0x80007dea (0xfd1ff0ef) x 1 0x80007dee
core   0: 0x80007dba (0xff9ffa6f) jal     s4, pc - 0x8
core   0: 3 0x80007dba (0xff9ffa6f) x20 0x80007dbe
core   0: 0x80007db2 (0x0000a01d) c.j     pc + 38
core   0: 3 0x80007db2 (0xa01d)
core   0: 0x80007dd8 (0xfd7ff36f) jal     t1, pc - 0x2a
core   0: 3 0x80007dd8 (0xfd7ff36f) x 6 0x80007ddc
core   0: 0x80007dae (0x0160016f) jal     sp, pc + 0x16
core   0: 3 0x80007dae (0x0160016f) x 2 0x80007db2
core   0: 0x80007dc4 (0x00002031) c.jal   pc + 12
core   0: 3 0x80007dc4 (0x2031) x 1 0x80007dc6
core   0: 0x80007dd0 (0x0140036f) jal     t1, pc + 0x14
core   0: 3 0x80007dd0 (0x0140036f) x 6 0x80007dd4
core   0: 0x80007de4 (0x000037d9) c.jal   pc - 58
core   0: 3 0x80007de4 (0x37d9) x 1 0x80007de6
core   0: 0x80007daa (0x0000a02d) c.j     pc + 42
core   0: 3 0x80007daa (0xa02d)
core   0: 0x80007dd4 (0x0000b7fd) c.j     pc - 18
core   0: 3 0x80007dd4 (0xb7fd)
core   0: 0x80007dc2 (0x0000a839) c.j     pc + 30
core   0: 3 0x80007dc2 (0xa839)
core   0: 0x80007de0 (0x0000b7ed) c.j     pc - 22
core   0: 3 0x80007de0 (0xb7ed)
core   0: 0x80007dca (0x0000a009) c.j     pc + 2
core   0: 3 0x80007dca (0xa009)
core   0: 0x80007dcc (0xfe1ff36f) jal     t1, pc - 0x20
core   0: 3 0x80007dcc (0xfe1ff36f) x 6 0x80007dd0
core   0: 0x80007dac (0x0000a81d) c.j     pc + 54
core   0: 3 0x80007dac (0xa81d)
core   0: 0x80007de2 (0x00003fc9) c.jal   pc - 46
core   0: 3 0x80007de2 (0x3fc9) x 1 0x80007de4
core   0: 0x80007db4 (0x022000ef) jal     pc + 0x22
core   0: 3 0x80007db4 (0x022000ef) x 1 0x80007db8
core   0: 0x80007dd6 (0x0000a801) c.j     pc + 16
core   0: 3 0x80007dd6 (0xa801)
core   0: 0x80007de6 (0xff7ff0ef) jal     pc - 0xa
core   0: 3 0x80007de6 (0xff7ff0ef) x 1 0x80007dea
core   0: 0x80007ddc (0xfe5ff0ef) jal     pc - 0x1c
core   0: 3 0x80007ddc (0xfe5ff0ef) x 1 0x80007de0
core   0: 0x80007dc0 (0x0000bfe5) c.j     pc - 8
core   0: 3 0x80007dc0 (0xbfe5)
core   0: 0x80007db8 (0x00002801) c.jal   pc + 16
core   0: 3 0x80007db8 (0x2801) x 1 0x80007dba
core   0: 0x80007dc8 (0x00003ffd) c.jal   pc - 2
core   0: 3 0x80007dc8 (0x3ffd) x 1 0x80007dca
core   0: 0x80007dc6 (0x00002025) c.jal   pc + 40
core   0: 3 0x80007dc6 (0x2025) x 1 0x80007dc8
core   0: 0x80007dee (0x00008c65) c.and   s0, s1
core   0: 3 0x80007dee (0x8c65) x 8 0x00000000
core   0: 0x80007df0 (0x00008697) auipc   a3, 0x8
core   0: 3 0x80007df0 (0x00008697) x13 0x8000fdf0
core   0: 0x80007df4 (0x7b268693) addi    a3, a3, 1970
core   0: 3 0x80007df4 (0x7b268693) x13 0x800105a2
core   0: 0x80007df8 (0x00009197) auipc   gp, 0x9
core   0: 3 0x80007df8 (0x00009197) x 3 0x80010df8
core   0: 0x80007dfc (0x0bb18193) addi    gp, gp, 187
core   0: 3 0x80007dfc (0x0bb18193) x 3 0x80010eb3
core   0: 0x80007e00 (0x00009497) auipc   s1, 0x9
core   0: 3 0x80007e00 (0x00009497) x 9 0x80010e00
core   0: 0x80007e04 (0xa9c48493) addi    s1, s1, -1380
core   0: 3 0x80007e04 (0xa9c48493) x 9 0x8001089c
core   0: 0x80007e08 (0xfde69a03) lh      s4, -34(a3)
core   0: 3 0x80007e08 (0xfde69a03) x20 0x00000000 mem 0x80010580
core   0: 0x80007e0c (0x2cf48983) lb      s3, 719(s1)
core   0: 3 0x80007e0c (0x2cf48983) x19 0x00000000 mem 0x80010b6b
core   0: 0x80007e10 (0xff718023) sb      s7, -32(gp)
core   0: 3 0x80007e10 (0xff718023) mem 0x80010e93 0x0
core   0: 0x80007e14 (0xfd668aa3) sb      s6, -43(a3)
core   0: 3 0x80007e14 (0xfd668aa3) mem 0x80010577 0x0
core   0: 0x80007e18 (0x48e48e83) lb      t4, 1166(s1)
core   0: 3 0x80007e18 (0x48e48e83) x29 0x00000000 mem 0x80010d2a
core   0: 0x80007e1c (0x02968b83) lb      s7, 41(a3)
core   0: 3 0x80007e1c (0x02968b83) x23 0x00000000 mem 0x800105cb
core   0: 0x80007e20 (0xfd4197a3) sh      s4, -49(gp)
core   0: 3 0x80007e20 (0xfd4197a3) mem 0x80010e82 0x0000
core   0: 0x80007e24 (0xf5049503) lh      a0, -176(s1)
core   0: 3 0x80007e24 (0xf5049503) x10 0x00000000 mem 0x800107ec
core   0: 0x80007e28 (0xfd818523) sb      s8, -54(gp)
core   0: 3 0x80007e28 (0xfd818523) mem 0x80010e7d 0x40
core   0: 0x80007e2c (0x50a49d03) lh      s10, 1290(s1)
core   0: 3 0x80007e2c (0x50a49d03) x26 0x00000000 mem 0x80010da6
core   0: 0x80007e30 (0xfe56cc03) lbu     s8, -27(a3)
core   0: 3 0x80007e30 (0xfe56cc03) x24 0x00000000 mem 0x80010587
core   0: 0x80007e34 (0x0f1489a3) sb      a7, 243(s1)
core   0: 3 0x80007e34 (0x0f1489a3) mem 0x8001098f 0x0
core   0: 0x80007e38 (0x01a18f23) sb      s10, 30(gp)
core   0: 3 0x80007e38 (0x01a18f23) mem 0x80010ed1 0x0
core   0: 0x80007e3c (0x01168083) lb      ra, 17(a3)
core   0: 3 0x80007e3c (0x01168083) x 1 0x00000000 mem 0x800105b3
core   0: 0x80007e40 (0x46848303) lb      t1, 1128(s1)
core   0: 3 0x80007e40 (0x46848303) x 6 0x00000000 mem 0x80010d04
core   0: 0x80007e44 (0x00a683a3) sb      a0, 7(a3)
core   0: 3 0x80007e44 (0x00a683a3) mem 0x800105a9 0x0
core   0: 0x80007e48 (0x901483a3) sb      ra, -1785(s1)
core   0: 3 0x80007e48 (0x901483a3) mem 0x800101a3 0x0
core   0: 0x80007e4c (0xfe2681a3) sb      sp, -29(a3)
core   0: 3 0x80007e4c (0xfe2681a3) mem 0x80010585 0xb2
core   0: 0x80007e50 (0xff218d03) lb      s10, -14(gp)
core   0: 3 0x80007e50 (0xff218d03) x26 0x00000000 mem 0x80010ea5
core   0: 0x80007e54 (0x01668aa3) sb      s6, 21(a3)
core   0: 3 0x80007e54 (0x01668aa3) mem 0x800105b7 0x0
core   0: 0x80007e58 (0x00008117) auipc   sp, 0x8
core   0: 3 0x80007e58 (0x00008117) x 2 0x8000fe58
core   0: 0x80007e5c (0x52e10113) addi    sp, sp, 1326
core   0: 3 0x80007e5c (0x52e10113) x 2 0x80010386
core   0: 0x80007e60 (0x03ae1e33) mulh    t3, t3, s10
core   0: 3 0x80007e60 (0x03ae1e33) x28 0x00000000
core   0: 0x80007e64 (0x00510803) lb      a6, 5(sp)
core   0: 3 0x80007e64 (0x00510803) x16 0x00000000 mem 0x8001038b
core   0: 0x80007e68 (0x01a11483) lh      s1, 26(sp)
core   0: 3 0x80007e68 (0x01a11483) x 9 0x00000000 mem 0x800103a0
core   0: 0x80007e6c (0x010108a3) sb      a6, 17(sp)
core   0: 3 0x80007e6c (0x010108a3) mem 0x80010397 0x0
core   0: 0x80007e70 (0x5fa58b93) addi    s7, a1, 1530
core   0: 3 0x80007e70 (0x5fa58b93) x23 0x01a736fd
core   0: 0x80007e74 (0x00000001) c.nop
core   0: 3 0x80007e74 (0x0001)
core   0: 0x80007e76 (0x0000100f) fence.i
core   0: 3 0x80007e76 (0x0000100f)
core   0: 0x80007e7a (0xffc14c03) lbu     s8, -4(sp)
core   0: 3 0x80007e7a (0xffc14c03) x24 0x00000000 mem 0x80010382
core   0: 0x80007e7e (0x5c203d13) sltiu   s10, zero, 1474
core   0: 3 0x80007e7e (0x5c203d13) x26 0x00000001
core   0: 0x80007e82 (0x00008fc1) c.or    a5, s0
core   0: 3 0x80007e82 (0x8fc1) x15 0x8001086c
core   0: 0x80007e84 (0xfcd14b03) lbu     s6, -51(sp)
core   0: 3 0x80007e84 (0xfcd14b03) x22 0x00000000 mem 0x80010353
core   0: 0x80007e88 (0x000060f1) c.lui   ra, 0x1c
core   0: 3 0x80007e88 (0x60f1) x 1 0x0001c000
core   0: 0x80007e8a (0x0ee5af13) slti    t5, a1, 238
core   0: 3 0x80007e8a (0x0ee5af13) x30 0x00000000
core   0: 0x80007e8e (0xfcc10b23) sb      a2, -42(sp)
core   0: 3 0x80007e8e (0xfcc10b23) mem 0x8001035c 0x0
core   0: 0x80007e92 (0x025fe1b3) rem     gp, t6, t0
core   0: 3 0x80007e92 (0x025fe1b3) x 3 0x00000000
core   0: 0x80007e96 (0x03f10783) lb      a5, 63(sp)
core   0: 3 0x80007e96 (0x03f10783) x15 0x00000000 mem 0x800103c5
core   0: 0x80007e9a (0xba98f093) andi    ra, a7, -1111
core   0: 3 0x80007e9a (0xba98f093) x 1 0x00000000
core   0: 0x80007e9e (0xfdf101a3) sb      t6, -61(sp)
core   0: 3 0x80007e9e (0xfdf101a3) mem 0x80010349 0x0
core   0: 0x80007ea2 (0xa9d6b193) sltiu   gp, a3, -1379
core   0: 3 0x80007ea2 (0xa9d6b193) x 3 0x00000001
core   0: 0x80007ea6 (0x02410b83) lb      s7, 36(sp)
core   0: 3 0x80007ea6 (0x02410b83) x23 0x00000000 mem 0x800103aa
core   0: 0x80007eaa (0xfe314a03) lbu     s4, -29(sp)
core   0: 3 0x80007eaa (0xfe314a03) x20 0x00000000 mem 0x80010369
core   0: 0x80007eae (0x025724b3) mulhsu  s1, a4, t0
core   0: 3 0x80007eae (0x025724b3) x 9 0x00000000
core   0: 0x80007eb2 (0x00310fa3) sb      gp, 31(sp)
core   0: 3 0x80007eb2 (0x00310fa3) mem 0x800103a5 0x1
core   0: 0x80007eb6 (0x00310903) lb      s2, 3(sp)
core   0: 3 0x80007eb6 (0x00310903) x18 0x00000000 mem 0x80010389
core   0: 0x80007eba (0x03510783) lb      a5, 53(sp)
core   0: 3 0x80007eba (0x03510783) x15 0x00000000 mem 0x800103bb
core   0: 0x80007ebe (0x0000936e) c.add   t1, s11
core   0: 3 0x80007ebe (0x936e) x 6 0x00000000
core   0: 0x80007ec0 (0x0ff0000f) fence   iorw,iorw
core   0: 3 0x80007ec0 (0x0ff0000f)
core   0: 0x80007ec4 (0x00914403) lbu     s0, 9(sp)
core   0: 3 0x80007ec4 (0x00914403) x 8 0x00000000 mem 0x8001038f
core   0: 0x80007ec8 (0x02611923) sh      t1, 50(sp)
core   0: 3 0x80007ec8 (0x02611923) mem 0x800103b8 0x0000
core   0: 0x80007ecc (0x0000de97) auipc   t4, 0xd
core   0: 3 0x80007ecc (0x0000de97) x29 0x80014ecc
core   0: 0x80007ed0 (0x515e8e93) addi    t4, t4, 1301
core   0: 3 0x80007ed0 (0x515e8e93) x29 0x800153e1
core   0: 0x80007ed4 (0x0000d517) auipc   a0, 0xd
core   0: 3 0x80007ed4 (0x0000d517) x10 0x80014ed4
core   0: 0x80007ed8 (0x70150513) addi    a0, a0, 1793
core   0: 3 0x80007ed8 (0x70150513) x10 0x800155d5
core   0: 0x80007edc (0xfece88a3) sb      a2, -15(t4)
core   0: 3 0x80007edc (0xfece88a3) mem 0x800153d2 0x0
core   0: 0x80007ee0 (0xfc5ed783) lhu     a5, -59(t4)
core   0: 3 0x80007ee0 (0xfc5ed783) x15 0x00000000 mem 0x800153a6
core   0: 0x80007ee4 (0xfd555683) lhu     a3, -43(a0)
core   0: 3 0x80007ee4 (0xfd555683) x13 0x00000000 mem 0x800155aa
core   0: 0x80007ee8 (0xfe1edf03) lhu     t5, -31(t4)
core   0: 3 0x80007ee8 (0xfe1edf03) x30 0x00000000 mem 0x800153c2
core   0: 0x80007eec (0x02fed683) lhu     a3, 47(t4)
core   0: 3 0x80007eec (0x02fed683) x13 0x00000000 mem 0x80015410
core   0: 0x80007ef0 (0xf2b51703) lh      a4, -213(a0)
core   0: 3 0x80007ef0 (0xf2b51703) x14 0x00000000 mem 0x80015500
core   0: 0x80007ef4 (0x06b55703) lhu     a4, 107(a0)
core   0: 3 0x80007ef4 (0x06b55703) x14 0x00000000 mem 0x80015640
core   0: 0x80007ef8 (0x014e8083) lb      ra, 20(t4)
core   0: 3 0x80007ef8 (0x014e8083) x 1 0x00000000 mem 0x800153f5
core   0: 0x80007efc (0xff9e8e03) lb      t3, -7(t4)
core   0: 3 0x80007efc (0xff9e8e03) x28 0x00000000 mem 0x800153da
core   0: 0x80007f00 (0xf3b50c83) lb      s9, -197(a0)
core   0: 3 0x80007f00 (0xf3b50c83) x25 0x00000000 mem 0x80015510
core   0: 0x80007f04 (0x03ae8103) lb      sp, 58(t4)
core   0: 3 0x80007f04 (0x03ae8103) x 2 0x00000000 mem 0x8001541b
core   0: 0x80007f08 (0xfdae8e03) lb      t3, -38(t4)
core   0: 3 0x80007f08 (0xfdae8e03) x28 0x00000000 mem 0x800153bb
core   0: 0x80007f0c (0xf3850c23) sb      s8, -200(a0)
core   0: 3 0x80007f0c (0xf3850c23) mem 0x8001550d 0x0
core   0: 0x80007f10 (0x00008e8d) c.sub   a3, a1
core   0: 3 0x80007f10 (0x8e8d) x13 0xfe58cefd
core   0: 0x80007f12 (0x000004d2) c.slli  s1, 20
core   0: 3 0x80007f12 (0x04d2) x 9 0x00000000
core   0: 0x80007f14 (0x00000a26) c.slli  s4, 9
core   0: 3 0x80007f14 (0x0a26) x20 0x00000000
core   0: 0x80007f16 (0x0ff0000f) fence   iorw,iorw
core   0: 3 0x80007f16 (0x0ff0000f)
core   0: 0x80007f1a (0x02650a33) mul     s4, a0, t1
core   0: 3 0x80007f1a (0x02650a33) x20 0x00000000
core   0: 0x80007f1e (0x01246a33) or      s4, s0, s2
core   0: 3 0x80007f1e (0x01246a33) x20 0x00000000
core   0: 0x80007f22 (0x03a15e33) divu    t3, sp, s10
core   0: 3 0x80007f22 (0x03a15e33) x28 0x00000000
core   0: 0x80007f26 (0x02eb90b3) mulh    ra, s7, a4
core   0: 3 0x80007f26 (0x02eb90b3) x 1 0x00000000
core   0: 0x80007f2a (0x00b1cbb3) xor     s7, gp, a1
core   0: 3 0x80007f2a (0x00b1cbb3) x23 0x01a73102
core   0: 0x80007f2e (0x00006a71) c.lui   s4, 0x1c
core   0: 3 0x80007f2e (0x6a71) x20 0x0001c000
core   0: 0x80007f30 (0x7a313793) sltiu   a5, sp, 1955
core   0: 3 0x80007f30 (0x7a313793) x15 0x00000001
core   0: 0x80007f34 (0x01ddd433) srl     s0, s11, t4
core   0: 3 0x80007f34 (0x01ddd433) x 8 0x00000000
core   0: 0x80007f38 (0x08c47413) andi    s0, s0, 140
core   0: 3 0x80007f38 (0x08c47413) x 8 0x00000000
core   0: 0x80007f3c (0x299a9c97) auipc   s9, 0x299a9
core   0: 3 0x80007f3c (0x299a9c97) x25 0xa99b0f3c
core   0: 0x80007f40 (0x007c4b63) blt     s8, t2, pc + 22
core   0: 3 0x80007f40 (0x007c4b63)
core   0: 0x80007f44 (0x01497cb3) and     s9, s2, s4
core   0: 3 0x80007f44 (0x01497cb3) x25 0x00000000
core   0: 0x80007f48 (0x013b6633) or      a2, s6, s3
core   0: 3 0x80007f48 (0x013b6633) x12 0x00000000
core   0: 0x80007f4c (0x00008e7d) c.and   a2, a5
core   0: 3 0x80007f4c (0x8e7d) x12 0x00000000
core   0: 0x80007f4e (0x01d1db93) srli    s7, gp, 29
core   0: 3 0x80007f4e (0x01d1db93) x23 0x00000000
core   0: 0x80007f52 (0x0384b233) mulhu   tp, s1, s8
core   0: 3 0x80007f52 (0x0384b233) x 4 0x00000000
core   0: 0x80007f56 (0x000008ba) c.slli  a7, 14
core   0: 3 0x80007f56 (0x08ba) x17 0x00000000
core   0: 0x80007f58 (0x0000839d) c.srli  a5, 7
core   0: 3 0x80007f58 (0x839d) x15 0x00000000
core   0: 0x80007f5a (0x00009fa6) c.add   t6, s1
core   0: 3 0x80007f5a (0x9fa6) x31 0x00000000
core   0: 0x80007f5c (0x048e6263) bltu    t3, s0, pc + 68
core   0: 3 0x80007f5c (0x048e6263)
core   0: 0x80007f60 (0x0000557d) c.li    a0, -1
core   0: 3 0x80007f60 (0x557d) x10 0xffffffff
core   0: 0x80007f62 (0x0032de13) srli    t3, t0, 3
core   0: 3 0x80007f62 (0x0032de13) x28 0x00000000
core   0: 0x80007f66 (0x00b9c2b3) xor     t0, s3, a1
core   0: 3 0x80007f66 (0x00b9c2b3) x 5 0x01a73103
core   0: 0x80007f6a (0x00006b95) c.lui   s7, 0x5
core   0: 3 0x80007f6a (0x6b95) x23 0x00005000
core   0: 0x80007f6c (0x029ca6b3) mulhsu  a3, s9, s1
core   0: 3 0x80007f6c (0x029ca6b3) x13 0x00000000
core   0: 0x80007f70 (0xd91d9217) auipc   tp, 0xd91d9
core   0: 3 0x80007f70 (0xd91d9217) x 4 0x591e0f70
core   0: 0x80007f74 (0x0385b6b3) mulhu   a3, a1, s8
core   0: 3 0x80007f74 (0x0385b6b3) x13 0x00000000
core   0: 0x80007f78 (0x01f0d093) srli    ra, ra, 31
core   0: 3 0x80007f78 (0x01f0d093) x 1 0x00000000
core   0: 0x80007f7c (0x02d767b3) rem     a5, a4, a3
core   0: 3 0x80007f7c (0x02d767b3) x15 0x00000000
core   0: 0x80007f80 (0x0000e79d) c.bnez  a5, pc + 46
core   0: 3 0x80007f80 (0xe79d)
core   0: 0x80007f82 (0x00008c61) c.and   s0, s0
core   0: 3 0x80007f82 (0x8c61) x 8 0x00000000
core   0: 0x80007f84 (0x4027d1b3) sra     gp, a5, sp
core   0: 3 0x80007f84 (0x4027d1b3) x 3 0x00000000
core   0: 0x80007f88 (0x03516b63) bltu    sp, s5, pc + 54
core   0: 3 0x80007f88 (0x03516b63)
core   0: 0x80007fbe (0x000098fd) c.andi  s1, -1
core   0: 3 0x80007fbe (0x98fd) x 9 0x00000000
core   0: 0x80007fc0 (0x0000094e) c.slli  s2, 19
core   0: 3 0x80007fc0 (0x094e) x18 0x00000000
core   0: 0x80007fc2 (0x000080b9) c.srli  s1, 14
core   0: 3 0x80007fc2 (0x80b9) x 9 0x00000000
core   0: 0x80007fc4 (0x036cdd33) divu    s10, s9, s6
core   0: 3 0x80007fc4 (0x036cdd33) x26 0xffffffff
core   0: 0x80007fc8 (0x00000001) c.nop
core   0: 3 0x80007fc8 (0x0001)
core   0: 0x80007fca (0x26754e93) xori    t4, a0, 615
core   0: 3 0x80007fca (0x26754e93) x29 0xfffffd98
core   0: 0x80007fce (0xd0018e13) addi    t3, gp, -768
core   0: 3 0x80007fce (0xd0018e13) x28 0xfffffd00
core   0: 0x80007fd2 (0x00314763) blt     sp, gp, pc + 14
core   0: 3 0x80007fd2 (0x00314763)
core   0: 0x80007fd6 (0x00710fb3) add     t6, sp, t2
core   0: 3 0x80007fd6 (0x00710fb3) x31 0x80025e54
core   0: 0x80007fda (0x01f25813) srli    a6, tp, 31
core   0: 3 0x80007fda (0x01f25813) x16 0x00000000
core   0: 0x80007fde (0x00008479) c.srai  s0, 30
core   0: 3 0x80007fde (0x8479) x 8 0x00000000
core   0: 0x80007fe0 (0x03468263) beq     a3, s4, pc + 36
core   0: 3 0x80007fe0 (0x03468263)
core   0: 0x80007fe4 (0x40125733) sra     a4, tp, ra
core   0: 3 0x80007fe4 (0x40125733) x14 0x591e0f70
core   0: 0x80007fe8 (0x6c2aec93) ori     s9, s5, 1730
core   0: 3 0x80007fe8 (0x6c2aec93) x25 0x80029ee6
core   0: 0x80007fec (0xcac12e37) lui     t3, 0xcac12
core   0: 3 0x80007fec (0xcac12e37) x28 0xcac12000
core   0: 0x80007ff0 (0x03084d63) blt     a6, a6, pc + 58
core   0: 3 0x80007ff0 (0x03084d63)
core   0: 0x80007ff4 (0x037f7a33) remu    s4, t5, s7
core   0: 3 0x80007ff4 (0x037f7a33) x20 0x00000000
core   0: 0x80007ff8 (0x00008f59) c.or    a4, a4
core   0: 3 0x80007ff8 (0x8f59) x14 0x591e0f70
core   0: 0x80007ffa (0x030336b3) mulhu   a3, t1, a6
core   0: 3 0x80007ffa (0x030336b3) x13 0x00000000
core   0: 0x80007ffe (0x000090f6) c.add   ra, t4
core   0: 3 0x80007ffe (0x90f6) x 1 0xfffffd98
core   0: 0x80008000 (0x00009963) bnez    ra, pc + 18
core   0: 3 0x80008000 (0x00009963)
core   0: 0x80008012 (0x000094ce) c.add   s1, s3
core   0: 3 0x80008012 (0x94ce) x 9 0x00000000
core   0: 0x80008014 (0x03aeb233) mulhu   tp, t4, s10
core   0: 3 0x80008014 (0x03aeb233) x 4 0xfffffd97
core   0: 0x80008018 (0x0000683d) c.lui   a6, 0xf
core   0: 3 0x80008018 (0x683d) x16 0x0000f000
core   0: 0x8000801a (0x03cd7fb3) remu    t6, s10, t3
core   0: 3 0x8000801a (0x03cd7fb3) x31 0x353edfff
core   0: 0x8000801e (0x8121b513) sltiu   a0, gp, -2030
core   0: 3 0x8000801e (0x8121b513) x10 0x00000001
core   0: 0x80008022 (0xebb86093) ori     ra, a6, -325
core   0: 3 0x80008022 (0xebb86093) x 1 0xfffffebb
core   0: 0x80008026 (0x41e0d0b3) sra     ra, ra, t5
core   0: 3 0x80008026 (0x41e0d0b3) x 1 0xfffffebb
core   0: 0x8000802a (0x000069c9) c.lui   s3, 0x12
core   0: 3 0x8000802a (0x69c9) x19 0x00012000
core   0: 0x8000802c (0x0000c215) c.beqz  a2, pc + 36
core   0: 3 0x8000802c (0xc215)
core   0: 0x80008050 (0x00000001) c.nop
core   0: 3 0x80008050 (0x0001)
core   0: 0x80008052 (0x74936b93) ori     s7, t1, 1865
core   0: 3 0x80008052 (0x74936b93) x23 0x00000749
core   0: 0x80008056 (0x03cf52b3) divu    t0, t5, t3
core   0: 3 0x80008056 (0x03cf52b3) x 5 0x00000000
core   0: 0x8000805a (0x01518e63) beq     gp, s5, pc + 28
core   0: 3 0x8000805a (0x01518e63)
core   0: 0x8000805e (0x0105d793) srli    a5, a1, 16
core   0: 3 0x8000805e (0x0105d793) x15 0x000001a7
core   0: 0x80008062 (0x009ffd63) bgeu    t6, s1, pc + 26
core   0: 3 0x80008062 (0x009ffd63)
core   0: 0x8000807c (0xad978f97) auipc   t6, 0xad978
core   0: 3 0x8000807c (0xad978f97) x31 0x2d98007c
core   0: 0x80008080 (0x00006d8d) c.lui   s11, 0x3
core   0: 3 0x80008080 (0x6d8d) x27 0x00003000
core   0: 0x80008082 (0x00008545) c.srai  a0, 17
core   0: 3 0x80008082 (0x8545) x10 0x00000000
core   0: 0x80008084 (0x6929e117) auipc   sp, 0x6929e
core   0: 3 0x80008084 (0x6929e117) x 2 0xe92a6084
core   0: 0x80008088 (0x01d59463) bne     a1, t4, pc + 8
core   0: 3 0x80008088 (0x01d59463)
core   0: 0x80008090 (0x00000104) c.addi4spn s1, sp, 128
core   0: 3 0x80008090 (0x0104) x 9 0xe92a6104
core   0: 0x80008092 (0x01355813) srli    a6, a0, 19
core   0: 3 0x80008092 (0x01355813) x16 0x00000000
core   0: 0x80008096 (0x0000acb3) slt     s9, ra, zero
core   0: 3 0x80008096 (0x0000acb3) x25 0x00000001
core   0: 0x8000809a (0x022c8bb3) mul     s7, s9, sp
core   0: 3 0x8000809a (0x022c8bb3) x23 0xe92a6084
core   0: 0x8000809e (0x00008ffd) c.and   a5, a5
core   0: 3 0x8000809e (0x8ffd) x15 0x000001a7
core   0: 0x800080a0 (0xfe60bb13) sltiu   s6, ra, -26
core   0: 3 0x800080a0 (0xfe60bb13) x22 0x00000001
core   0: 0x800080a4 (0x26a36a13) ori     s4, t1, 618
core   0: 3 0x800080a4 (0x26a36a13) x20 0x0000026a
core   0: 0x800080a8 (0x02de8733) mul     a4, t4, a3
core   0: 3 0x800080a8 (0x02de8733) x14 0x00000000
core   0: 0x800080ac (0x00000001) c.nop
core   0: 3 0x800080ac (0x0001)
core   0: 0x800080ae (0x00000001) c.nop
core   0: 3 0x800080ae (0x0001)
core   0: 0x800080b0 (0x02e8ec33) rem     s8, a7, a4
core   0: 3 0x800080b0 (0x02e8ec33) x24 0x00000000
core   0: 0x800080b4 (0x00000001) c.nop
core   0: 3 0x800080b4 (0x0001)
core   0: 0x800080b6 (0x00006569) c.lui   a0, 0x1a
core   0: 3 0x800080b6 (0x6569) x10 0x0001a000
core   0: 0x800080b8 (0x03e6c8b3) div     a7, a3, t5
core   0: 3 0x800080b8 (0x03e6c8b3) x17 0xffffffff
core   0: 0x800080bc (0x0000ca15) c.beqz  a2, pc + 52
core   0: 3 0x800080bc (0xca15)
core   0: 0x800080f0 (0x000097f2) c.add   a5, t3
core   0: 3 0x800080f0 (0x97f2) x15 0xcac121a7
core   0: 0x800080f2 (0x0000717d) c.addi16sp sp, -16
core   0: 3 0x800080f2 (0x717d) x 2 0xe92a6074
core   0: 0x800080f4 (0x00009a0a) c.add   s4, sp
core   0: 3 0x800080f4 (0x9a0a) x20 0xe92a62de
core   0: 0x800080f6 (0x6a3e7213) andi    tp, t3, 1699
core   0: 3 0x800080f6 (0x6a3e7213) x 4 0x00000000
core   0: 0x800080fa (0x003786b3) add     a3, a5, gp
core   0: 3 0x800080fa (0x003786b3) x13 0xcac121a7
core   0: 0x800080fe (0x036adf33) divu    t5, s5, s6
core   0: 3 0x800080fe (0x036adf33) x30 0x80029ce4
core   0: 0x80008102 (0x00965713) srli    a4, a2, 9
core   0: 3 0x80008102 (0x00965713) x14 0x00000000
core   0: 0x80008106 (0x00008859) c.andi  s0, 22
core   0: 3 0x80008106 (0x8859) x 8 0x00000000
core   0: 0x80008108 (0x02618263) beq     gp, t1, pc + 36
core   0: 3 0x80008108 (0x02618263)
core   0: 0x8000812c (0x00008259) c.srli  a2, 22
core   0: 3 0x8000812c (0x8259) x12 0x00000000
core   0: 0x8000812e (0x034ce7b3) rem     a5, s9, s4
core   0: 3 0x8000812e (0x034ce7b3) x15 0x00000001
core   0: 0x80008132 (0x01cd9093) slli    ra, s11, 28
core   0: 3 0x80008132 (0x01cd9093) x 1 0x00000000
core   0: 0x80008136 (0x0000655d) c.lui   a0, 0x17
core   0: 3 0x80008136 (0x655d) x10 0x00017000
core   0: 0x80008138 (0x00008f7e) c.mv    t5, t6
core   0: 3 0x80008138 (0x8f7e) x30 0x2d98007c
core   0: 0x8000813a (0x99e74f13) xori    t5, a4, -1634
core   0: 3 0x8000813a (0x99e74f13) x30 0xfffff99e
core   0: 0x8000813e (0x00008122) c.mv    sp, s0
core   0: 3 0x8000813e (0x8122) x 2 0x00000000
core   0: 0x80008140 (0x00005c7d) c.li    s8, -1
core   0: 3 0x80008140 (0x5c7d) x24 0xffffffff
core   0: 0x80008142 (0x40f28133) sub     sp, t0, a5
core   0: 3 0x80008142 (0x40f28133) x 2 0xffffffff
core   0: 0x80008146 (0x0000811a) c.mv    sp, t1
core   0: 3 0x80008146 (0x811a) x 2 0x00000000
core   0: 0x80008148 (0x00001a7d) c.addi  s4, -1
core   0: 3 0x80008148 (0x1a7d) x20 0xe92a62dd
core   0: 0x8000814a (0x00008e59) c.or    a2, a4
core   0: 3 0x8000814a (0x8e59) x12 0x00000000
core   0: 0x8000814c (0x00e69463) bne     a3, a4, pc + 8
core   0: 3 0x8000814c (0x00e69463)
core   0: 0x80008154 (0x01841513) slli    a0, s0, 24
core   0: 3 0x80008154 (0x01841513) x10 0x00000000
core   0: 0x80008158 (0x14e58993) addi    s3, a1, 334
core   0: 3 0x80008158 (0x14e58993) x19 0x01a73251
core   0: 0x8000815c (0x018478b3) and     a7, s0, s8
core   0: 3 0x8000815c (0x018478b3) x17 0x00000000
core   0: 0x80008160 (0x00008e49) c.or    a2, a0
core   0: 3 0x80008160 (0x8e49) x12 0x00000000
core   0: 0x80008162 (0x01f592b3) sll     t0, a1, t6
core   0: 3 0x80008162 (0x01f592b3) x 5 0x30000000
core   0: 0x80008166 (0x899d6b13) ori     s6, s10, -1895
core   0: 3 0x80008166 (0x899d6b13) x22 0xffffffff
core   0: 0x8000816a (0x01509613) slli    a2, ra, 21
core   0: 3 0x8000816a (0x01509613) x12 0x00000000
core   0: 0x8000816e (0x016e0333) add     t1, t3, s6
core   0: 3 0x8000816e (0x016e0333) x 6 0xcac11fff
core   0: 0x80008172 (0x99e2f413) andi    s0, t0, -1634
core   0: 3 0x80008172 (0x99e2f413) x 8 0x30000000
core   0: 0x80008176 (0x012e22b3) slt     t0, t3, s2
core   0: 3 0x80008176 (0x012e22b3) x 5 0x00000001
core   0: 0x8000817a (0x02bf7bb3) remu    s7, t5, a1
core   0: 3 0x8000817a (0x02bf7bb3) x23 0x016c7dd0
core   0: 0x8000817e (0x41348e33) sub     t3, s1, s3
core   0: 3 0x8000817e (0x41348e33) x28 0xe7832eb3
core   0: 0x80008182 (0x00008f21) c.xor   a4, s0
core   0: 3 0x80008182 (0x8f21) x14 0x30000000
core   0: 0x80008184 (0x0ff0000f) fence   iorw,iorw
core   0: 3 0x80008184 (0x0ff0000f)
core   0: 0x80008188 (0x00008fae) c.mv    t6, a1
core   0: 3 0x80008188 (0x8fae) x31 0x01a73103
core   0: 0x8000818a (0x00e207b3) add     a5, tp, a4
core   0: 3 0x8000818a (0x00e207b3) x15 0x30000000
core   0: 0x8000818e (0x007d16b3) sll     a3, s10, t2
core   0: 3 0x8000818e (0x007d16b3) x13 0xfff00000
core   0: 0x80008192 (0x03e37d63) bgeu    t1, t5, pc + 58
core   0: 3 0x80008192 (0x03e37d63)
core   0: 0x80008196 (0x00000001) c.nop
core   0: 3 0x80008196 (0x0001)
core   0: 0x80008198 (0x00008b59) c.andi  a4, 22
core   0: 3 0x80008198 (0x8b59) x14 0x00000000
core   0: 0x8000819a (0xe6944e13) xori    t3, s0, -407
core   0: 3 0x8000819a (0xe6944e13) x28 0xcffffe69
core   0: 0x8000819e (0x000081be) c.mv    gp, a5
core   0: 3 0x8000819e (0x81be) x 3 0x30000000
core   0: 0x800081a0 (0x40b68a33) sub     s4, a3, a1
core   0: 3 0x800081a0 (0x40b68a33) x20 0xfe48cefd
core   0: 0x800081a4 (0x35a6ec13) ori     s8, a3, 858
core   0: 3 0x800081a4 (0x35a6ec13) x24 0xfff0035a
core   0: 0x800081a8 (0x000088b9) c.andi  s1, 14
core   0: 3 0x800081a8 (0x88b9) x 9 0x00000004
core   0: 0x800081aa (0x0015c933) xor     s2, a1, ra
core   0: 3 0x800081aa (0x0015c933) x18 0x01a73103
core   0: 0x800081ae (0x403ed1b3) sra     gp, t4, gp
core   0: 3 0x800081ae (0x403ed1b3) x 3 0xfffffd98
core   0: 0x800081b2 (0x000088e6) c.mv    a7, s9
core   0: 3 0x800081b2 (0x88e6) x17 0x00000001
core   0: 0x800081b4 (0x0000e219) c.bnez  a2, pc + 6
core   0: 3 0x800081b4 (0xe219)
core   0: 0x800081b6 (0x00000001) c.nop
core   0: 3 0x800081b6 (0x0001)
core   0: 0x800081b8 (0x00009d42) c.add   s10, a6
core   0: 3 0x800081b8 (0x9d42) x26 0xffffffff
core   0: 0x800081ba (0x60c57193) andi    gp, a0, 1548
core   0: 3 0x800081ba (0x60c57193) x 3 0x00000000
core   0: 0x800081be (0x00c1bdb3) sltu    s11, gp, a2
core   0: 3 0x800081be (0x00c1bdb3) x27 0x00000000
core   0: 0x800081c2 (0x01540363) beq     s0, s5, pc + 6
core   0: 3 0x800081c2 (0x01540363)
core   0: 0x800081c6 (0x0000e915) c.bnez  a0, pc + 52
core   0: 3 0x800081c6 (0xe915)
core   0: 0x800081c8 (0x3345ee93) ori     t4, a1, 820
core   0: 3 0x800081c8 (0x3345ee93) x29 0x01a73337
core   0: 0x800081cc (0x00008e3d) c.xor   a2, a5
core   0: 3 0x800081cc (0x8e3d) x12 0x30000000
core   0: 0x800081ce (0x034197b3) mulh    a5, gp, s4
core   0: 3 0x800081ce (0x034197b3) x15 0x00000000
core   0: 0x800081d2 (0x00008475) c.srai  s0, 29
core   0: 3 0x800081d2 (0x8475) x 8 0x00000001
core   0: 0x800081d4 (0x0ff0000f) fence   iorw,iorw
core   0: 3 0x800081d4 (0x0ff0000f)
core   0: 0x800081d8 (0x00008ff5) c.and   a5, a3
core   0: 3 0x800081d8 (0x8ff5) x15 0x00000000
core   0: 0x800081da (0x0000ec95) c.bnez  s1, pc + 60
core   0: 3 0x800081da (0xec95)
core   0: 0x80008216 (0x00000001) c.nop
core   0: 3 0x80008216 (0x0001)
core   0: 0x80008218 (0x00009997) auipc   s3, 0x9
core   0: 3 0x80008218 (0x00009997) x19 0x80011218
core   0: 0x8000821c (0xd3898993) addi    s3, s3, -712
core   0: 3 0x8000821c (0xd3898993) x19 0x80010f50
core   0: 0x80008220 (0x0000c317) auipc   t1, 0xc
core   0: 3 0x80008220 (0x0000c317) x 6 0x80014220
core   0: 0x80008224 (0x38330313) addi    t1, t1, 899
core   0: 3 0x80008224 (0x38330313) x 6 0x800145a3
core   0: 0x80008228 (0xf6530423) sb      t0, -152(t1)
core   0: 3 0x80008228 (0xf6530423) mem 0x8001450b 0x1
core   0: 0x8000822c (0x0fc30c03) lb      s8, 252(t1)
core   0: 3 0x8000822c (0x0fc30c03) x24 0x00000000 mem 0x8001469f
core   0: 0x80008230 (0x8489ae23) sw      s0, -1956(s3)
core   0: 3 0x80008230 (0x8489ae23) mem 0x800107ac 0x00000001
core   0: 0x80008234 (0x0b6314a3) sh      s6, 169(t1)
core   0: 3 0x80008234 (0x0b6314a3) mem 0x8001464c 0xffff
core   0: 0x80008238 (0xf4030b83) lb      s7, -192(t1)
core   0: 3 0x80008238 (0xf4030b83) x23 0x00000000 mem 0x800144e3
core   0: 0x8000823c (0x9aa98ba3) sb      a0, -1609(s3)
core   0: 3 0x8000823c (0x9aa98ba3) mem 0x80010907 0x0
core   0: 0x80008240 (0xe0d982a3) sb      a3, -507(s3)
core   0: 3 0x80008240 (0xe0d982a3) mem 0x80010d55 0x0
core   0: 0x80008244 (0xa65986a3) sb      t0, -1427(s3)
core   0: 3 0x80008244 (0xa65986a3) mem 0x800109bd 0x1
core   0: 0x80008248 (0x01930a03) lb      s4, 25(t1)
core   0: 3 0x80008248 (0x01930a03) x20 0x00000000 mem 0x800145bc
core   0: 0x8000824c (0x8a098fa3) sb      zero, -1857(s3)
core   0: 3 0x8000824c (0x8a098fa3) mem 0x8001080f 0x0
core   0: 0x80008250 (0xb5999b23) sh      s9, -1194(s3)
core   0: 3 0x80008250 (0xb5999b23) mem 0x80010aa6 0x0001
core   0: 0x80008254 (0x05d34f83) lbu     t6, 93(t1)
core   0: 3 0x80008254 (0x05d34f83) x31 0x00000000 mem 0x80014600
core   0: 0x80008258 (0x0fa30523) sb      s10, 234(t1)
core   0: 3 0x80008258 (0x0fa30523) mem 0x8001468d 0xff
core   0: 0x8000825c (0x05331103) lh      sp, 83(t1)
core   0: 3 0x8000825c (0x05331103) x 2 0x00000000 mem 0x800145f6
core   0: 0x80008260 (0x008ad413) srli    s0, s5, 8
core   0: 3 0x80008260 (0x008ad413) x 8 0x0080029c
core   0: 0x80008264 (0x00e97cb3) and     s9, s2, a4
core   0: 3 0x80008264 (0x00e97cb3) x25 0x00000000
core   0: 0x80008268 (0x000000d5) c.addi  ra, 21
core   0: 3 0x80008268 (0x00d5) x 1 0x00000015
core   0: 0x8000826a (0x02f3b1b3) mulhu   gp, t2, a5
core   0: 3 0x8000826a (0x02f3b1b3) x 3 0x00000000
core   0: 0x8000826e (0x02cc1033) mulh    zero, s8, a2
core   0: 3 0x8000826e (0x02cc1033)
core   0: 0x80008272 (0x02846bb3) rem     s7, s0, s0
core   0: 3 0x80008272 (0x02846bb3) x23 0x00000000
core   0: 0x80008276 (0x41e28233) sub     tp, t0, t5
core   0: 3 0x80008276 (0x41e28233) x 4 0x00000663
core   0: 0x8000827a (0x02758333) mul     t1, a1, t2
core   0: 3 0x8000827a (0x02758333) x 6 0xd0e12efc
core   0: 0x8000827e (0x00000001) c.nop
core   0: 3 0x8000827e (0x0001)
core   0: 0x80008280 (0x406d0a33) sub     s4, s10, t1
core   0: 3 0x80008280 (0x406d0a33) x20 0x2f1ed103
core   0: 0x80008284 (0x00000994) c.addi4spn a3, sp, 208
core   0: 3 0x80008284 (0x0994) x13 0x000000d0
core   0: 0x80008286 (0x01c3c333) xor     t1, t2, t3
core   0: 3 0x80008286 (0x01c3c333) x 6 0x4ffda03d
core   0: 0x8000828a (0x00008f11) c.sub   a4, a2
core   0: 3 0x8000828a (0x8f11) x14 0xd0000000
core   0: 0x8000828c (0x41945813) srai    a6, s0, 25
core   0: 3 0x8000828c (0x41945813) x16 0x00000000
core   0: 0x80008290 (0x0045eeb3) or      t4, a1, tp
core   0: 3 0x80008290 (0x0045eeb3) x29 0x01a73763
core   0: 0x80008294 (0xd70eaeb7) lui     t4, 0xd70ea
core   0: 3 0x80008294 (0xd70eaeb7) x29 0xd70ea000
core   0: 0x80008298 (0x000080b1) c.srli  s1, 12
core   0: 3 0x80008298 (0x80b1) x 9 0x00000000
core   0: 0x8000829a (0x9e152d13) slti    s10, a0, -1567
core   0: 3 0x8000829a (0x9e152d13) x26 0x00000000
core   0: 0x8000829e (0x0391a633) mulhsu  a2, gp, s9
core   0: 3 0x8000829e (0x0391a633) x12 0x00000000
core   0: 0x800082a2 (0x01d92533) slt     a0, s2, t4
core   0: 3 0x800082a2 (0x01d92533) x10 0x00000000
core   0: 0x800082a6 (0x014bf9b3) and     s3, s7, s4
core   0: 3 0x800082a6 (0x014bf9b3) x19 0x00000000
core   0: 0x800082aa (0x036658b3) divu    a7, a2, s6
core   0: 3 0x800082aa (0x036658b3) x17 0x00000000
core   0: 0x800082ae (0x000082ce) c.mv    t0, s3
core   0: 3 0x800082ae (0x82ce) x 5 0x00000000
core   0: 0x800082b0 (0xc9300a13) li      s4, -877
core   0: 3 0x800082b0 (0xc9300a13) x20 0xfffffc93
core   0: 0x800082b4 (0x4dda0513) addi    a0, s4, 1245
core   0: 3 0x800082b4 (0x4dda0513) x10 0x00000170
core   0: 0x800082b8 (0x0000611d) c.addi16sp sp, 416
core   0: 3 0x800082b8 (0x611d) x 2 0x000001a0
core   0: 0x800082ba (0x026aadb3) mulhsu  s11, s5, t1
core   0: 3 0x800082ba (0x026aadb3) x27 0xd80200e2
core   0: 0x800082be (0x00001d04) c.addi4spn s1, sp, 688
core   0: 3 0x800082be (0x1d04) x 9 0x00000450
core   0: 0x800082c0 (0x0298fd33) remu    s10, a7, s1
core   0: 3 0x800082c0 (0x0298fd33) x26 0x00000000
core   0: 0x800082c4 (0x03d861b3) rem     gp, a6, t4
core   0: 3 0x800082c4 (0x03d861b3) x 3 0x00000000
core   0: 0x800082c8 (0x000088c5) c.andi  s1, 17
core   0: 3 0x800082c8 (0x88c5) x 9 0x00000010
core   0: 0x800082ca (0x00008135) c.srli  a0, 13
core   0: 3 0x800082ca (0x8135) x10 0x00000000
core   0: 0x800082cc (0x40748233) sub     tp, s1, t2
core   0: 3 0x800082cc (0x40748233) x 4 0x7ffda1bc
core   0: 0x800082d0 (0x02da6533) rem     a0, s4, a3
core   0: 3 0x800082d0 (0x02da6533) x10 0xffffffd3
core   0: 0x800082d4 (0x0000100f) fence.i
core   0: 3 0x800082d4 (0x0000100f)
core   0: 0x800082d8 (0x014a8333) add     t1, s5, s4
core   0: 3 0x800082d8 (0x014a8333) x 6 0x80029977
core   0: 0x800082dc (0x0ff0000f) fence   iorw,iorw
core   0: 3 0x800082dc (0x0ff0000f)
core   0: 0x800082e0 (0x00008d01) c.sub   a0, s0
core   0: 3 0x800082e0 (0x8d01) x10 0xff7ffd37
core   0: 0x800082e2 (0x00000001) c.nop
core   0: 3 0x800082e2 (0x0001)
core   0: 0x800082e4 (0x0000015a) c.slli  sp, 22
core   0: 3 0x800082e4 (0x015a) x 2 0x68000000
core   0: 0x800082e6 (0x01f3c433) xor     s0, t2, t6
core   0: 3 0x800082e6 (0x01f3c433) x 8 0x80025e54
core   0: 0x800082ea (0x000080e1) c.srli  s1, 24
core   0: 3 0x800082ea (0x80e1) x 9 0x00000000
core   0: 0x800082ec (0x6c7a3c13) sltiu   s8, s4, 1735
core   0: 3 0x800082ec (0x6c7a3c13) x24 0x00000000
core   0: 0x800082f0 (0x02f08333) mul     t1, ra, a5
core   0: 3 0x800082f0 (0x02f08333) x 6 0x00000000
core   0: 0x800082f4 (0x006477b3) and     a5, s0, t1
core   0: 3 0x800082f4 (0x006477b3) x15 0x00000000
core   0: 0x800082f8 (0x0000c121) c.beqz  a0, pc + 64
core   0: 3 0x800082f8 (0xc121)
core   0: 0x800082fa (0x0210c133) div     sp, ra, ra
core   0: 3 0x800082fa (0x0210c133) x 2 0x00000001
core   0: 0x800082fe (0x75845a37) lui     s4, 0x75845
core   0: 3 0x800082fe (0x75845a37) x20 0x75845000
core   0: 0x80008302 (0x00000001) c.nop
core   0: 3 0x80008302 (0x0001)
core   0: 0x80008304 (0x07754613) xori    a2, a0, 119
core   0: 3 0x80008304 (0x07754613) x12 0xff7ffd40
core   0: 0x80008308 (0x018059b3) srl     s3, zero, s8
core   0: 3 0x80008308 (0x018059b3) x19 0x00000000
core   0: 0x8000830c (0x01248d33) add     s10, s1, s2
core   0: 3 0x8000830c (0x01248d33) x26 0x01a73103
core   0: 0x80008310 (0x00001b7d) c.addi  s6, -1
core   0: 3 0x80008310 (0x1b7d) x22 0xfffffffe
core   0: 0x80008312 (0x000080a5) c.srli  s1, 9
core   0: 3 0x80008312 (0x80a5) x 9 0x00000000
core   0: 0x80008314 (0x023f98b3) mulh    a7, t6, gp
core   0: 3 0x80008314 (0x023f98b3) x17 0x00000000
core   0: 0x80008318 (0x00008fe1) c.and   a5, s0
core   0: 3 0x80008318 (0x8fe1) x15 0x00000000
core   0: 0x8000831a (0x0000e29d) c.bnez  a3, pc + 38
core   0: 3 0x8000831a (0xe29d)
core   0: 0x80008340 (0x02e4fe63) bgeu    s1, a4, pc + 60
core   0: 3 0x80008340 (0x02e4fe63)
core   0: 0x80008344 (0x000086c1) c.srai  a3, 16
core   0: 3 0x80008344 (0x86c1) x13 0x00000000
core   0: 0x80008346 (0x404087b3) sub     a5, ra, tp
core   0: 3 0x80008346 (0x404087b3) x15 0x80025e59
core   0: 0x8000834a (0x000083bd) c.srli  a5, 15
core   0: 3 0x8000834a (0x83bd) x15 0x00010004
core   0: 0x8000834c (0x00008735) c.srai  a4, 13
core   0: 3 0x8000834c (0x8735) x14 0xfffe8000
core   0: 0x8000834e (0x5bf08713) addi    a4, ra, 1471
core   0: 3 0x8000834e (0x5bf08713) x14 0x000005d4
core   0: 0x80008352 (0x032eb7b3) mulhu   a5, t4, s2
core   0: 3 0x80008352 (0x032eb7b3) x15 0x01638256
core   0: 0x80008356 (0x0041ceb3) xor     t4, gp, tp
core   0: 3 0x80008356 (0x0041ceb3) x29 0x7ffda1bc
core   0: 0x8000835a (0x0000cd09) c.beqz  a0, pc + 26
core   0: 3 0x8000835a (0xcd09)
core   0: 0x8000835c (0x02dab7b3) mulhu   a5, s5, a3
core   0: 3 0x8000835c (0x02dab7b3) x15 0x00000000
core   0: 0x80008360 (0x00008ec9) c.or    a3, a0
core   0: 3 0x80008360 (0x8ec9) x13 0xff7ffd37
core   0: 0x80008362 (0x02cae9b3) rem     s3, s5, a2
core   0: 3 0x80008362 (0x02cae9b3) x19 0xff855a24
core   0: 0x80008366 (0xa1eda617) auipc   a2, 0xa1eda
core   0: 3 0x80008366 (0xa1eda617) x12 0x21ee2366
core   0: 0x8000836a (0x000087f1) c.srai  a5, 28
core   0: 3 0x8000836a (0x87f1) x15 0x00000000
core   0: 0x8000836c (0x0000100f) fence.i
core   0: 3 0x8000836c (0x0000100f)
core   0: 0x80008370 (0x0000100f) fence.i
core   0: 3 0x80008370 (0x0000100f)
core   0: 0x80008374 (0x03c622b3) mulhsu  t0, a2, t3
core   0: 3 0x80008374 (0x03c622b3) x 5 0x1b917c8c
core   0: 0x80008378 (0x02a80c63) beq     a6, a0, pc + 56
core   0: 3 0x80008378 (0x02a80c63)
core   0: 0x8000837c (0x00000fb2) c.slli  t6, 12
core   0: 3 0x8000837c (0x0fb2) x31 0x00000000
core   0: 0x8000837e (0x00008b01) c.andi  a4, 0
core   0: 3 0x8000837e (0x8b01) x14 0x00000000
core   0: 0x80008380 (0x01d29893) slli    a7, t0, 29
core   0: 3 0x80008380 (0x01d29893) x17 0x80000000
core   0: 0x80008384 (0x0000843d) c.srai  s0, 15
core   0: 3 0x80008384 (0x843d) x 8 0xffff0004
core   0: 0x80008386 (0x012dd093) srli    ra, s11, 18
core   0: 3 0x80008386 (0x012dd093) x 1 0x00003600
core   0: 0x8000838a (0x0000100f) fence.i
core   0: 3 0x8000838a (0x0000100f)
core   0: 0x8000838e (0x00009bfa) c.add   s7, t5
core   0: 3 0x8000838e (0x9bfa) x23 0xfffff99e
core   0: 0x80008390 (0x0000eb89) c.bnez  a5, pc + 18
core   0: 3 0x80008390 (0xeb89)
core   0: 0x80008392 (0x03585b33) divu    s6, a6, s5
core   0: 3 0x80008392 (0x03585b33) x22 0x00000000
core   0: 0x80008396 (0x0359c8b3) div     a7, s3, s5
core   0: 3 0x80008396 (0x0359c8b3) x17 0x00000000
core   0: 0x8000839a (0x03a8bb33) mulhu   s6, a7, s10
core   0: 3 0x8000839a (0x03a8bb33) x22 0x00000000
core   0: 0x8000839e (0x00000001) c.nop
core   0: 3 0x8000839e (0x0001)
core   0: 0x800083a0 (0x00008c35) c.xor   s0, a3
core   0: 3 0x800083a0 (0x8c35) x 8 0x0080fd33
core   0: 0x800083a2 (0x142bedb7) lui     s11, 0x142be
core   0: 3 0x800083a2 (0x142bedb7) x27 0x142be000
core   0: 0x800083a6 (0x02a30b63) beq     t1, a0, pc + 54
core   0: 3 0x800083a6 (0x02a30b63)
core   0: 0x800083aa (0x41ee04b3) sub     s1, t3, t5
core   0: 3 0x800083aa (0x41ee04b3) x 9 0xd00004cb
core   0: 0x800083ae (0x0000c219) c.beqz  a2, pc + 6
core   0: 3 0x800083ae (0xc219)
core   0: 0x800083b0 (0x8c350413) addi    s0, a0, -1853
core   0: 3 0x800083b0 (0x8c350413) x 8 0xff7ff5fa
core   0: 0x800083b4 (0x00008ea1) c.xor   a3, s0
core   0: 3 0x800083b4 (0x8ea1) x13 0x000008cd
core   0: 0x800083b6 (0x40bd5993) srai    s3, s10, 11
core   0: 3 0x800083b6 (0x40bd5993) x19 0x000034e6
core   0: 0x800083ba (0x000048a1) c.li    a7, 8
core   0: 3 0x800083ba (0x48a1) x17 0x00000008
core   0: 0x800083bc (0x018827b3) slt     a5, a6, s8
core   0: 3 0x800083bc (0x018827b3) x15 0x00000000
core   0: 0x800083c0 (0x007cbbb3) sltu    s7, s9, t2
core   0: 3 0x800083c0 (0x007cbbb3) x23 0x00000001
core   0: 0x800083c4 (0x000086f1) c.srai  a3, 28
core   0: 3 0x800083c4 (0x86f1) x13 0x00000000
core   0: 0x800083c6 (0x03c52033) mulhsu  zero, a0, t3
core   0: 3 0x800083c6 (0x03c52033)
core   0: 0x800083ca (0xce673513) sltiu   a0, a4, -794
core   0: 3 0x800083ca (0xce673513) x10 0x00000001
core   0: 0x800083ce (0x01bb9893) slli    a7, s7, 27
core   0: 3 0x800083ce (0x01bb9893) x17 0x08000000
core   0: 0x800083d2 (0x0000c299) c.beqz  a3, pc + 6
core   0: 3 0x800083d2 (0xc299)
core   0: 0x800083d8 (0x02e82c33) mulhsu  s8, a6, a4
core   0: 3 0x800083d8 (0x02e82c33) x24 0x00000000
core   0: 0x800083dc (0x0040d613) srli    a2, ra, 4
core   0: 3 0x800083dc (0x0040d613) x12 0x00000360
core   0: 0x800083e0 (0x01842033) slt     zero, s0, s8
core   0: 3 0x800083e0 (0x01842033)
core   0: 0x800083e4 (0x01f487b3) add     a5, s1, t6
core   0: 3 0x800083e4 (0x01f487b3) x15 0xd00004cb
core   0: 0x800083e8 (0x0000e09d) c.bnez  s1, pc + 38
core   0: 3 0x800083e8 (0xe09d)
core   0: 0x8000840e (0x02c1a0b3) mulhsu  ra, gp, a2
core   0: 3 0x8000840e (0x02c1a0b3) x 1 0x00000000
core   0: 0x80008412 (0x0000ca89) c.beqz  a3, pc + 18
core   0: 3 0x80008412 (0xca89)
core   0: 0x80008424 (0x00990a33) add     s4, s2, s1
core   0: 3 0x80008424 (0x00990a33) x20 0xd1a735ce
core   0: 0x80008428 (0x00000001) c.nop
core   0: 3 0x80008428 (0x0001)
core   0: 0x8000842a (0xa049ee93) ori     t4, s3, -1532
core   0: 3 0x8000842a (0xa049ee93) x29 0xfffffee6
core   0: 0x8000842e (0x00006155) c.addi16sp sp, 304
core   0: 3 0x8000842e (0x6155) x 2 0x00000131
core   0: 0x80008430 (0x017610b3) sll     ra, a2, s7
core   0: 3 0x80008430 (0x017610b3) x 1 0x000006c0
core   0: 0x80008434 (0x02b62533) mulhsu  a0, a2, a1
core   0: 3 0x80008434 (0x02b62533) x10 0x00000005
core   0: 0x80008438 (0x20904713) xori    a4, zero, 521
core   0: 3 0x80008438 (0x20904713) x14 0x00000209
core   0: 0x8000843c (0x02e017b3) mulh    a5, zero, a4
core   0: 3 0x8000843c (0x02e017b3) x15 0x00000000
core   0: 0x80008440 (0x0087bbb3) sltu    s7, a5, s0
core   0: 3 0x80008440 (0x0087bbb3) x23 0x00000001
core   0: 0x80008444 (0x409d59b3) sra     s3, s10, s1
core   0: 3 0x80008444 (0x409d59b3) x19 0x000034e6
core   0: 0x80008448 (0x003a2f33) slt     t5, s4, gp
core   0: 3 0x80008448 (0x003a2f33) x30 0x00000001
core   0: 0x8000844c (0x00000e9a) c.slli  t4, 6
core   0: 3 0x8000844c (0x0e9a) x29 0xffffb980
core   0: 0x8000844e (0x0000c219) c.beqz  a2, pc + 6
core   0: 3 0x8000844e (0xc219)
core   0: 0x80008450 (0xa5abf8b7) lui     a7, 0xa5abf
core   0: 3 0x80008450 (0xa5abf8b7) x17 0xa5abf000
core   0: 0x80008454 (0x000001e5) c.addi  gp, 25
core   0: 3 0x80008454 (0x01e5) x 3 0x00000019
core   0: 0x80008456 (0x00008fa1) c.xor   a5, s0
core   0: 3 0x80008456 (0x8fa1) x15 0xff7ff5fa
core   0: 0x80008458 (0x029552b3) divu    t0, a0, s1
core   0: 3 0x80008458 (0x029552b3) x 5 0x00000000
core   0: 0x8000845c (0x000092a2) c.add   t0, s0
core   0: 3 0x8000845c (0x92a2) x 5 0xff7ff5fa
core   0: 0x8000845e (0x017b79b3) and     s3, s6, s7
core   0: 3 0x8000845e (0x017b79b3) x19 0x00000000
core   0: 0x80008462 (0x00000001) c.nop
core   0: 3 0x80008462 (0x0001)
core   0: 0x80008464 (0x03315833) divu    a6, sp, s3
core   0: 3 0x80008464 (0x03315833) x16 0xffffffff
core   0: 0x80008468 (0x035cec33) rem     s8, s9, s5
core   0: 3 0x80008468 (0x035cec33) x24 0x00000000
core   0: 0x8000846c (0x00008ef5) c.and   a3, a3
core   0: 3 0x8000846c (0x8ef5) x13 0x00000000
core   0: 0x8000846e (0x04e78063) beq     a5, a4, pc + 64
core   0: 3 0x8000846e (0x04e78063)
core   0: 0x80008472 (0x64b63093) sltiu   ra, a2, 1611
core   0: 3 0x80008472 (0x64b63093) x 1 0x00000001
core   0: 0x80008476 (0x0ff0000f) fence   iorw,iorw
core   0: 3 0x80008476 (0x0ff0000f)
core   0: 0x8000847a (0x01777763) bgeu    a4, s7, pc + 14
core   0: 3 0x8000847a (0x01777763)
core   0: 0x80008488 (0x00000195) c.addi  gp, 5
core   0: 3 0x80008488 (0x0195) x 3 0x0000001e
core   0: 0x8000848a (0x0374e963) bltu    s1, s7, pc + 50
core   0: 3 0x8000848a (0x0374e963)
core   0: 0x8000848e (0x01ab5193) srli    gp, s6, 26
core   0: 3 0x8000848e (0x01ab5193) x 3 0x00000000
core   0: 0x80008492 (0x038ec533) div     a0, t4, s8
core   0: 3 0x80008492 (0x038ec533) x10 0xffffffff
core   0: 0x80008496 (0x030ad2b3) divu    t0, s5, a6
core   0: 3 0x80008496 (0x030ad2b3) x 5 0x00000000
core   0: 0x8000849a (0x00001dfd) c.addi  s11, -1
core   0: 3 0x8000849a (0x1dfd) x27 0x142bdfff
core   0: 0x8000849c (0xc3c06c37) lui     s8, 0xc3c06
core   0: 3 0x8000849c (0xc3c06c37) x24 0xc3c06000
core   0: 0x800084a0 (0x00008d29) c.xor   a0, a0
core   0: 3 0x800084a0 (0x8d29) x10 0x00000000
core   0: 0x800084a2 (0x41f15db3) sra     s11, sp, t6
core   0: 3 0x800084a2 (0x41f15db3) x27 0x00000131
core   0: 0x800084a6 (0x0000567d) c.li    a2, -1
core   0: 3 0x800084a6 (0x567d) x12 0xffffffff
core   0: 0x800084a8 (0xbfa01cb7) lui     s9, 0xbfa01
core   0: 3 0x800084a8 (0xbfa01cb7) x25 0xbfa01000
core   0: 0x800084ac (0x0000011c) c.addi4spn a5, sp, 128
core   0: 3 0x800084ac (0x011c) x15 0x000001b1
core   0: 0x800084ae (0x000086a1) c.srai  a3, 8
core   0: 3 0x800084ae (0x86a1) x13 0x00000000
core   0: 0x800084b0 (0x413a5813) srai    a6, s4, 19
core   0: 3 0x800084b0 (0x413a5813) x16 0xfffffa34
core   0: 0x800084b4 (0x00004bd1) c.li    s7, 20
core   0: 3 0x800084b4 (0x4bd1) x23 0x00000014
core   0: 0x800084b6 (0x4193d513) srai    a0, t2, 25
core   0: 3 0x800084b6 (0x4193d513) x10 0xffffffc0
core   0: 0x800084ba (0x00008609) c.srai  a2, 2
core   0: 3 0x800084ba (0x8609) x12 0xffffffff
core   0: 0x800084bc (0xc382e313) ori     t1, t0, -968
core   0: 3 0x800084bc (0xc382e313) x 6 0xfffffc38
core   0: 0x800084c0 (0x00000001) c.nop
core   0: 3 0x800084c0 (0x0001)
core   0: 0x800084c2 (0x00000001) c.nop
core   0: 3 0x800084c2 (0x0001)
core   0: 0x800084c4 (0x03ce1833) mulh    a6, t3, t3
core   0: 3 0x800084c4 (0x03ce1833) x16 0x09000098
core   0: 0x800084c8 (0x039ff863) bgeu    t6, s9, pc + 48
core   0: 3 0x800084c8 (0x039ff863)
core   0: 0x800084cc (0x01c14463) blt     sp, t3, pc + 8
core   0: 3 0x800084cc (0x01c14463)
core   0: 0x800084d0 (0x00008f95) c.sub   a5, a3
core   0: 3 0x800084d0 (0x8f95) x15 0x000001b1
core   0: 0x800084d2 (0x00008ec9) c.or    a3, a0
core   0: 3 0x800084d2 (0x8ec9) x13 0xffffffc0
core   0: 0x800084d4 (0x6a42aa13) slti    s4, t0, 1700
core   0: 3 0x800084d4 (0x6a42aa13) x20 0x00000001
core   0: 0x800084d8 (0xdc620893) addi    a7, tp, -570
core   0: 3 0x800084d8 (0xdc620893) x17 0x7ffd9f82
core   0: 0x800084dc (0x00008ee1) c.and   a3, s0
core   0: 3 0x800084dc (0x8ee1) x13 0xff7ff5c0
core   0: 0x800084de (0x014ea1b3) slt     gp, t4, s4
core   0: 3 0x800084de (0x014ea1b3) x 3 0x00000001
core   0: 0x800084e2 (0x01579193) slli    gp, a5, 21
core   0: 3 0x800084e2 (0x01579193) x 3 0x36200000
core   0: 0x800084e6 (0x00001018) c.addi4spn a4, sp, 32
core   0: 3 0x800084e6 (0x1018) x14 0x00000151
core   0: 0x800084e8 (0x0000717d) c.addi16sp sp, -16
core   0: 3 0x800084e8 (0x717d) x 2 0x00000121
core   0: 0x800084ea (0x00000494) c.addi4spn a3, sp, 576
core   0: 3 0x800084ea (0x0494) x13 0x00000361
core   0: 0x800084ec (0x00000001) c.nop
core   0: 3 0x800084ec (0x0001)
core   0: 0x800084ee (0x0231aeb3) mulhsu  t4, gp, gp
core   0: 3 0x800084ee (0x0231aeb3) x29 0x0b718400
core   0: 0x800084f2 (0x000080f5) c.srli  s1, 29
core   0: 3 0x800084f2 (0x80f5) x 9 0x00000006
core   0: 0x800084f4 (0x00959893) slli    a7, a1, 9
core   0: 3 0x800084f4 (0x00959893) x17 0x4e620600
core   0: 0x800084f8 (0x006dc563) blt     s11, t1, pc + 10
core   0: 3 0x800084f8 (0x006dc563)
core   0: 0x800084fc (0x00008c4d) c.or    s0, a1
core   0: 3 0x800084fc (0x8c4d) x 8 0xfffff5fb
core   0: 0x800084fe (0xd0f13c13) sltiu   s8, sp, -753
core   0: 3 0x800084fe (0xd0f13c13) x24 0x00000001
core   0: 0x80008502 (0x03938433) mul     s0, t2, s9
core   0: 3 0x80008502 (0x03938433) x 8 0xc6654000
core   0: 0x80008506 (0x000069cd) c.lui   s3, 0x13
core   0: 3 0x80008506 (0x69cd) x19 0x00013000
core   0: 0x80008508 (0x00008239) c.srli  a2, 14
core   0: 3 0x80008508 (0x8239) x12 0x0003ffff
core   0: 0x8000850a (0x00b7c533) xor     a0, a5, a1
core   0: 3 0x8000850a (0x00b7c533) x10 0x01a730b2
core   0: 0x8000850e (0xa5ef8013) addi    zero, t6, -1442
core   0: 3 0x8000850e (0xa5ef8013)
core   0: 0x80008512 (0x0103c533) xor     a0, t2, a6
core   0: 3 0x80008512 (0x0103c533) x10 0x89025ecc
core   0: 0x80008516 (0x00001bfd) c.addi  s7, -1
core   0: 3 0x80008516 (0x1bfd) x23 0x00000013
core   0: 0x80008518 (0x376c7793) andi    a5, s8, 886
core   0: 3 0x80008518 (0x376c7793) x15 0x00000000
core   0: 0x8000851c (0x0000c401) c.beqz  s0, pc + 8
core   0: 3 0x8000851c (0xc401)
core   0: 0x8000851e (0x000decb3) or      s9, s11, zero
core   0: 3 0x8000851e (0x000decb3) x25 0x00000131
core   0: 0x80008522 (0x00008d35) c.xor   a0, a3
core   0: 3 0x80008522 (0x8d35) x10 0x89025dad
core   0: 0x80008524 (0x019d0833) add     a6, s10, s9
core   0: 3 0x80008524 (0x019d0833) x16 0x01a73234
core   0: 0x80008528 (0x384d4e13) xori    t3, s10, 900
core   0: 3 0x80008528 (0x384d4e13) x28 0x01a73287
core   0: 0x8000852c (0x000008d1) c.addi  a7, 20
core   0: 3 0x8000852c (0x08d1) x17 0x4e620614
core   0: 0x8000852e (0x038ff333) remu    t1, t6, s8
core   0: 3 0x8000852e (0x038ff333) x 6 0x00000000
core   0: 0x80008532 (0x03b4fa33) remu    s4, s1, s11
core   0: 3 0x80008532 (0x03b4fa33) x20 0x00000006
core   0: 0x80008536 (0x02ffe533) rem     a0, t6, a5
core   0: 3 0x80008536 (0x02ffe533) x10 0x00000000
core   0: 0x8000853a (0x00000001) c.nop
core   0: 3 0x8000853a (0x0001)
core   0: 0x8000853c (0x00000001) c.nop
core   0: 3 0x8000853c (0x0001)
core   0: 0x8000853e (0x013d9613) slli    a2, s11, 19
core   0: 3 0x8000853e (0x013d9613) x12 0x09880000
core   0: 0x80008542 (0x01867d63) bgeu    a2, s8, pc + 26
core   0: 3 0x80008542 (0x01867d63)
core   0: 0x8000855c (0x00b70533) add     a0, a4, a1
core   0: 3 0x8000855c (0x00b70533) x10 0x01a73254
core   0: 0x80008560 (0x00000001) c.nop
core   0: 3 0x80008560 (0x0001)
core   0: 0x80008562 (0x00008c81) c.sub   s1, s0
core   0: 3 0x80008562 (0x8c81) x 9 0x399ac006
core   0: 0x80008564 (0x1d30e793) ori     a5, ra, 467
core   0: 3 0x80008564 (0x1d30e793) x15 0x000001d3
core   0: 0x80008568 (0x02d83c33) mulhu   s8, a6, a3
core   0: 3 0x80008568 (0x02d83c33) x24 0x00000005
core   0: 0x8000856c (0x039ec7b3) div     a5, t4, s9
core   0: 3 0x8000856c (0x039ec7b3) x15 0x00099adf
core   0: 0x80008570 (0x40c2deb3) sra     t4, t0, a2
core   0: 3 0x80008570 (0x40c2deb3) x29 0x00000000
core   0: 0x80008574 (0x031a5d33) divu    s10, s4, a7
core   0: 3 0x80008574 (0x031a5d33) x26 0x00000000
core   0: 0x80008578 (0x00006121) c.addi16sp sp, 64
core   0: 3 0x80008578 (0x6121) x 2 0x00000161
core   0: 0x8000857a (0x46f74513) xori    a0, a4, 1135
core   0: 3 0x8000857a (0x46f74513) x10 0x0000053e
core   0: 0x8000857e (0x00008c06) c.mv    s8, ra
core   0: 3 0x8000857e (0x8c06) x24 0x00000001
core   0: 0x80008580 (0xca8c1337) lui     t1, 0xca8c1
core   0: 3 0x80008580 (0xca8c1337) x 6 0xca8c1000
core   0: 0x80008584 (0x01d1f463) bgeu    gp, t4, pc + 8
core   0: 3 0x80008584 (0x01d1f463)
core   0: 0x8000858c (0x00009afd) c.andi  a3, -1
core   0: 3 0x8000858c (0x9afd) x13 0x00000361
core   0: 0x8000858e (0x00119bb3) sll     s7, gp, ra
core   0: 3 0x8000858e (0x00119bb3) x23 0x6c400000
core   0: 0x80008592 (0x9ec93f93) sltiu   t6, s2, -1556
core   0: 3 0x80008592 (0x9ec93f93) x31 0x00000001
core   0: 0x80008596 (0x02ca4163) blt     s4, a2, pc + 34
core   0: 3 0x80008596 (0x02ca4163)
core   0: 0x800085b8 (0x0000e41d) c.bnez  s0, pc + 46
core   0: 3 0x800085b8 (0xe41d)
core   0: 0x800085e6 (0x0000717d) c.addi16sp sp, -16
core   0: 3 0x800085e6 (0x717d) x 2 0x00000151
core   0: 0x800085e8 (0x0014ddb3) srl     s11, s1, ra
core   0: 3 0x800085e8 (0x0014ddb3) x27 0x1ccd6003
core   0: 0x800085ec (0x00a91b33) sll     s6, s2, a0
core   0: 3 0x800085ec (0x00a91b33) x22 0xc0000000
core   0: 0x800085f0 (0x036caa33) mulhsu  s4, s9, s6
core   0: 3 0x800085f0 (0x036caa33) x20 0x000000e4
core   0: 0x800085f4 (0x02438db3) mul     s11, t2, tp
core   0: 3 0x800085f4 (0x02438db3) x27 0x641419b0
core   0: 0x800085f8 (0x00000001) c.nop
core   0: 3 0x800085f8 (0x0001)
core   0: 0x800085fa (0xf8f32293) slti    t0, t1, -113
core   0: 3 0x800085fa (0xf8f32293) x 5 0x00000001
core   0: 0x800085fe (0x00008cbd) c.xor   s1, a5
core   0: 3 0x800085fe (0x8cbd) x 9 0x39935ad9
core   0: 0x80008600 (0x409cdf13) srai    t5, s9, 9
core   0: 3 0x80008600 (0x409cdf13) x30 0x00000000
core   0: 0x80008604 (0x01b98663) beq     s3, s11, pc + 12
core   0: 3 0x80008604 (0x01b98663)
core   0: 0x80008608 (0x00000001) c.nop
core   0: 3 0x80008608 (0x0001)
core   0: 0x8000860a (0x01ed1363) bne     s10, t5, pc + 6
core   0: 3 0x8000860a (0x01ed1363)
core   0: 0x8000860e (0x00000001) c.nop
core   0: 3 0x8000860e (0x0001)
core   0: 0x80008610 (0x0292a7b3) mulhsu  a5, t0, s1
core   0: 3 0x80008610 (0x0292a7b3) x15 0x00000000
core   0: 0x80008614 (0x8538cc93) xori    s9, a7, -1965
core   0: 3 0x80008614 (0x8538cc93) x25 0xb19dfe47
core   0: 0x80008618 (0x33cd0b93) addi    s7, s10, 828
core   0: 3 0x80008618 (0x33cd0b93) x23 0x0000033c
core   0: 0x8000861c (0x404b5bb3) sra     s7, s6, tp
core   0: 3 0x8000861c (0x404b5bb3) x23 0xfffffffc
core   0: 0x80008620 (0x82825417) auipc   s0, 0x82825
core   0: 3 0x80008620 (0x82825417) x 8 0x0282d620
core   0: 0x80008624 (0x03fa6363) bltu    s4, t6, pc + 38
core   0: 3 0x80008624 (0x03fa6363)
core   0: 0x80008628 (0x05d1e163) bltu    gp, t4, pc + 66
core   0: 3 0x80008628 (0x05d1e163)
core   0: 0x8000862c (0x03c6e4b3) rem     s1, a3, t3
core   0: 3 0x8000862c (0x03c6e4b3) x 9 0x00000361
core   0: 0x80008630 (0x03039d33) mulh    s10, t2, a6
core   0: 3 0x80008630 (0x03039d33) x26 0xff2c6ad0
core   0: 0x80008634 (0x0272cd33) div     s10, t0, t2
core   0: 3 0x80008634 (0x0272cd33) x26 0x00000000
core   0: 0x80008638 (0x00008515) c.srai  a0, 5
core   0: 3 0x80008638 (0x8515) x10 0x00000029
core   0: 0x8000863a (0x00008fc1) c.or    a5, s0
core   0: 3 0x8000863a (0x8fc1) x15 0x0282d620
core   0: 0x8000863c (0x0028a0b3) slt     ra, a7, sp
core   0: 3 0x8000863c (0x0028a0b3) x 1 0x00000000
core   0: 0x80008640 (0x01e8a8b3) slt     a7, a7, t5
core   0: 3 0x80008640 (0x01e8a8b3) x17 0x00000000
core   0: 0x80008644 (0x0ff0000f) fence   iorw,iorw
core   0: 3 0x80008644 (0x0ff0000f)
core   0: 0x80008648 (0x000083e1) c.srli  a5, 24
core   0: 3 0x80008648 (0x83e1) x15 0x00000002
core   0: 0x8000864a (0x4025d613) srai    a2, a1, 2
core   0: 3 0x8000864a (0x4025d613) x12 0x0069cc40
core   0: 0x8000864e (0x00a4d213) srli    tp, s1, 10
core   0: 3 0x8000864e (0x00a4d213) x 4 0x00000000
core   0: 0x80008652 (0x16984513) xori    a0, a6, 361
core   0: 3 0x80008652 (0x16984513) x10 0x01a7335d
core   0: 0x80008656 (0x01db7463) bgeu    s6, t4, pc + 8
core   0: 3 0x80008656 (0x01db7463)
core   0: 0x8000865e (0x0000100f) fence.i
core   0: 3 0x8000865e (0x0000100f)
core   0: 0x80008662 (0x76c57293) andi    t0, a0, 1900
core   0: 3 0x80008662 (0x76c57293) x 5 0x0000034c
core   0: 0x80008666 (0x0000e3c1) c.bnez  a5, pc + 128
core   0: 3 0x80008666 (0xe3c1)
core   0: 0x800086e6 (0x0000009d) c.addi  ra, 7
core   0: 3 0x800086e6 (0x009d) x 1 0x00000007
core   0: 0x800086e8 (0x004e1fb3) sll     t6, t3, tp
core   0: 3 0x800086e8 (0x004e1fb3) x31 0x01a73287
core   0: 0x800086ec (0x00bd9c33) sll     s8, s11, a1
core   0: 3 0x800086ec (0x00bd9c33) x24 0x20a0cd80
core   0: 0x800086f0 (0x00008a51) c.andi  a2, 20
core   0: 3 0x800086f0 (0x8a51) x12 0x00000000
core   0: 0x800086f2 (0x03b8d4b3) divu    s1, a7, s11
core   0: 3 0x800086f2 (0x03b8d4b3) x 9 0x00000000
core   0: 0x800086f6 (0x00a7fd33) and     s10, a5, a0
core   0: 3 0x800086f6 (0x00a7fd33) x26 0x00000000
core   0: 0x800086fa (0x0060eeb3) or      t4, ra, t1
core   0: 3 0x800086fa (0x0060eeb3) x29 0xca8c1007
core   0: 0x800086fe (0x0000e105) c.bnez  a0, pc + 32
core   0: 3 0x800086fe (0xe105)
core   0: 0x8000871e (0x59092713) slti    a4, s2, 1424
core   0: 3 0x8000871e (0x59092713) x14 0x00000000
core   0: 0x80008722 (0x23626a37) lui     s4, 0x23626
core   0: 3 0x80008722 (0x23626a37) x20 0x23626000
core   0: 0x80008726 (0x010b46b3) xor     a3, s6, a6
core   0: 3 0x80008726 (0x010b46b3) x13 0xc1a73234
core   0: 0x8000872a (0x030867b3) rem     a5, a6, a6
core   0: 3 0x8000872a (0x030867b3) x15 0x00000000
core   0: 0x8000872e (0x00060793) mv      a5, a2
core   0: 3 0x8000872e (0x00060793) x15 0x00000000
core   0: 0x80008732 (0x41115313) srai    t1, sp, 17
core   0: 3 0x80008732 (0x41115313) x 6 0x00000000
core   0: 0x80008736 (0x0000e681) c.bnez  a3, pc + 8
core   0: 3 0x80008736 (0xe681)
core   0: 0x8000873e (0xe3728e93) addi    t4, t0, -457
core   0: 3 0x8000873e (0xe3728e93) x29 0x00000183
core   0: 0x80008742 (0x000080e5) c.srli  s1, 25
core   0: 3 0x80008742 (0x80e5) x 9 0x00000000
core   0: 0x80008744 (0x02f799b3) mulh    s3, a5, a5
core   0: 3 0x80008744 (0x02f799b3) x19 0x00000000
core   0: 0x80008748 (0xaa36b513) sltiu   a0, a3, -1373
core   0: 3 0x80008748 (0xaa36b513) x10 0x00000001
core   0: 0x8000874c (0x7ffd3d13) sltiu   s10, s10, 2047
core   0: 3 0x8000874c (0x7ffd3d13) x26 0x00000001
core   0: 0x80008750 (0x00c79413) slli    s0, a5, 12
core   0: 3 0x80008750 (0x00c79413) x 8 0x00000000
core   0: 0x80008754 (0x00000001) c.nop
core   0: 3 0x80008754 (0x0001)
core   0: 0x80008756 (0x00507333) and     t1, zero, t0
core   0: 3 0x80008756 (0x00507333) x 6 0x00000000
core   0: 0x8000875a (0x007919b3) sll     s3, s2, t2
core   0: 3 0x8000875a (0x007919b3) x19 0x10300000
core   0: 0x8000875e (0x00800513) li      a0, 8
core   0: 3 0x8000875e (0x00800513) x10 0x00000008
core   0: 0x80008762 (0x00d00113) li      sp, 13
core   0: 3 0x80008762 (0x00d00113) x 2 0x0000000d
core   0: 0x80008766 (0x4108ddb3) sra     s11, a7, a6
core   0: 3 0x80008766 (0x4108ddb3) x27 0x00000000
core   0: 0x8000876a (0x00526633) or      a2, tp, t0
core   0: 3 0x8000876a (0x00526633) x12 0x0000034c
core   0: 0x8000876e (0x00000505) c.addi  a0, 1
core   0: 3 0x8000876e (0x0505) x10 0x00000009
core   0: 0x80008770 (0x00008655) c.srai  a2, 21
core   0: 3 0x80008770 (0x8655) x12 0x00000000
core   0: 0x80008772 (0xfe250ce3) beq     a0, sp, pc - 8
core   0: 3 0x80008772 (0xfe250ce3)
core   0: 0x80008776 (0x00000001) c.nop
core   0: 3 0x80008776 (0x0001)
core   0: 0x80008778 (0x000001a2) c.slli  gp, 8
core   0: 3 0x80008778 (0x01a2) x 3 0x20000000
core   0: 0x8000877a (0x402d0833) sub     a6, s10, sp
core   0: 3 0x8000877a (0x402d0833) x16 0xfffffff4
core   0: 0x8000877e (0x02357063) bgeu    a0, gp, pc + 32
core   0: 3 0x8000877e (0x02357063)
core   0: 0x80008782 (0x02c862b3) rem     t0, a6, a2
core   0: 3 0x80008782 (0x02c862b3) x 5 0xfffffff4
core   0: 0x80008786 (0x00806463) bltu    zero, s0, pc + 8
core   0: 3 0x80008786 (0x00806463)
core   0: 0x8000878a (0x0000e895) c.bnez  s1, pc + 52
core   0: 3 0x8000878a (0xe895)
core   0: 0x8000878c (0x00006331) c.lui   t1, 0xc
core   0: 3 0x8000878c (0x6331) x 6 0x0000c000
core   0: 0x8000878e (0x000087ae) c.mv    a5, a1
core   0: 3 0x8000878e (0x87ae) x15 0x01a73103
core   0: 0x80008790 (0x00008ed9) c.or    a3, a4
core   0: 3 0x80008790 (0x8ed9) x13 0xc1a73234
core   0: 0x80008792 (0x0000100f) fence.i
core   0: 3 0x80008792 (0x0000100f)
core   0: 0x80008796 (0x01df8db3) add     s11, t6, t4
core   0: 3 0x80008796 (0x01df8db3) x27 0x01a7340a
core   0: 0x8000879a (0x2e310b93) addi    s7, sp, 739
core   0: 3 0x8000879a (0x2e310b93) x23 0x000002f0
core   0: 0x8000879e (0xaa8f8e13) addi    t3, t6, -1368
core   0: 3 0x8000879e (0xaa8f8e13) x28 0x01a72d2f
core   0: 0x800087a2 (0x000096de) c.add   a3, s7
core   0: 3 0x800087a2 (0x96de) x13 0xc1a73524
core   0: 0x800087a4 (0x003dfa33) and     s4, s11, gp
core   0: 3 0x800087a4 (0x003dfa33) x20 0x00000000
core   0: 0x800087a8 (0x00384463) blt     a6, gp, pc + 8
core   0: 3 0x800087a8 (0x00384463)
core   0: 0x800087b0 (0x014491b3) sll     gp, s1, s4
core   0: 3 0x800087b0 (0x014491b3) x 3 0x00000000
core   0: 0x800087b4 (0x016cd563) bge     s9, s6, pc + 10
core   0: 3 0x800087b4 (0x016cd563)
core   0: 0x800087b8 (0x0000191c) c.addi4spn a5, sp, 176
core   0: 3 0x800087b8 (0x191c) x15 0x000000bd
core   0: 0x800087ba (0x00b01793) slli    a5, zero, 11
core   0: 3 0x800087ba (0x00b01793) x15 0x00000000
core   0: 0x800087be (0x03163cb3) mulhu   s9, a2, a7
core   0: 3 0x800087be (0x03163cb3) x25 0x00000000
core   0: 0x800087c2 (0x008e36b3) sltu    a3, t3, s0
core   0: 3 0x800087c2 (0x008e36b3) x13 0x00000000
core   0: 0x800087c6 (0x00006129) c.addi16sp sp, 192
core   0: 3 0x800087c6 (0x6129) x 2 0x000000cd
core   0: 0x800087c8 (0x0181bf33) sltu    t5, gp, s8
core   0: 3 0x800087c8 (0x0181bf33) x30 0x00000001
core   0: 0x800087cc (0x00008cbd) c.xor   s1, a5
core   0: 3 0x800087cc (0x8cbd) x 9 0x00000000
core   0: 0x800087ce (0x00005bfd) c.li    s7, -1
core   0: 3 0x800087ce (0x5bfd) x23 0xffffffff
core   0: 0x800087d0 (0x02b36db3) rem     s11, t1, a1
core   0: 3 0x800087d0 (0x02b36db3) x27 0x0000c000
core   0: 0x800087d4 (0x00004d0d) c.li    s10, 3
core   0: 3 0x800087d4 (0x4d0d) x26 0x00000003
core   0: 0x800087d6 (0x00005cfd) c.li    s9, -1
core   0: 3 0x800087d6 (0x5cfd) x25 0xffffffff
core   0: 0x800087d8 (0x021edbb3) divu    s7, t4, ra
core   0: 3 0x800087d8 (0x021edbb3) x23 0x00000037
core   0: 0x800087dc (0x0000c401) c.beqz  s0, pc + 8
core   0: 3 0x800087dc (0xc401)
core   0: 0x800087e4 (0x00008d21) c.xor   a0, s0
core   0: 3 0x800087e4 (0x8d21) x10 0x00000009
core   0: 0x800087e6 (0x00000094) c.addi4spn a3, sp, 64
core   0: 3 0x800087e6 (0x0094) x13 0x0000010d
core   0: 0x800087e8 (0x00009afd) c.andi  a3, -1
core   0: 3 0x800087e8 (0x9afd) x13 0x0000010d
core   0: 0x800087ea (0x02642fb3) mulhsu  t6, s0, t1
core   0: 3 0x800087ea (0x02642fb3) x31 0x00000000
core   0: 0x800087ee (0x0000e091) c.bnez  s1, pc + 4
core   0: 3 0x800087ee (0xe091)
core   0: 0x800087f0 (0x000001ba) c.slli  gp, 14
core   0: 3 0x800087f0 (0x01ba) x 3 0x00000000
core   0: 0x800087f2 (0x00008c1d) c.sub   s0, a5
core   0: 3 0x800087f2 (0x8c1d) x 8 0x00000000
core   0: 0x800087f4 (0x000052fd) c.li    t0, -1
core   0: 3 0x800087f4 (0x52fd) x 5 0xffffffff
core   0: 0x800087f6 (0x0227b8b3) mulhu   a7, a5, sp
core   0: 3 0x800087f6 (0x0227b8b3) x17 0x00000000
core   0: 0x800087fa (0x00008231) c.srli  a2, 12
core   0: 3 0x800087fa (0x8231) x12 0x00000000
core   0: 0x800087fc (0x023d0d63) beq     s10, gp, pc + 58
core   0: 3 0x800087fc (0x023d0d63)
core   0: 0x80008800 (0x0ff0000f) fence   iorw,iorw
core   0: 3 0x80008800 (0x0ff0000f)
core   0: 0x80008804 (0x03a40733) mul     a4, s0, s10
core   0: 3 0x80008804 (0x03a40733) x14 0x00000000
core   0: 0x80008808 (0x00008e21) c.xor   a2, s0
core   0: 3 0x80008808 (0x8e21) x12 0x00000000
core   0: 0x8000880a (0x00eac563) blt     s5, a4, pc + 10
core   0: 3 0x8000880a (0x00eac563)
core   0: 0x80008814 (0x0340dc33) divu    s8, ra, s4
core   0: 3 0x80008814 (0x0340dc33) x24 0xffffffff
core   0: 0x80008818 (0x00008cf5) c.and   s1, a3
core   0: 3 0x80008818 (0x8cf5) x 9 0x00000000
core   0: 0x8000881a (0x03b02333) mulhsu  t1, zero, s11
core   0: 3 0x8000881a (0x03b02333) x 6 0x00000000
core   0: 0x8000881e (0x01df7e63) bgeu    t5, t4, pc + 28
core   0: 3 0x8000881e (0x01df7e63)
core   0: 0x80008822 (0x29f37793) andi    a5, t1, 671
core   0: 3 0x80008822 (0x29f37793) x15 0x00000000
core   0: 0x80008826 (0x0232ddb3) divu    s11, t0, gp
core   0: 3 0x80008826 (0x0232ddb3) x27 0xffffffff
core   0: 0x8000882a (0x40f65413) srai    s0, a2, 15
core   0: 3 0x8000882a (0x40f65413) x 8 0x00000000
core   0: 0x8000882e (0x25b9e713) ori     a4, s3, 603
core   0: 3 0x8000882e (0x25b9e713) x14 0x1030025b
core   0: 0x80008832 (0x00000649) c.addi  a2, 18
core   0: 3 0x80008832 (0x0649) x12 0x00000012
core   0: 0x80008834 (0x00000001) c.nop
core   0: 3 0x80008834 (0x0001)
core   0: 0x80008836 (0xa40eec13) ori     s8, t4, -1472
core   0: 3 0x80008836 (0xa40eec13) x24 0xfffffbc3
core   0: 0x8000883a (0x0ff0000f) fence   iorw,iorw
core   0: 3 0x8000883a (0x0ff0000f)
core   0: 0x8000883e (0x00000001) c.nop
core   0: 3 0x8000883e (0x0001)
core   0: 0x80008840 (0x01119a63) bne     gp, a7, pc + 20
core   0: 3 0x80008840 (0x01119a63)
core   0: 0x80008844 (0x7fa8e613) ori     a2, a7, 2042
core   0: 3 0x80008844 (0x7fa8e613) x12 0x000007fa
core   0: 0x80008848 (0x00000dae) c.slli  s11, 11
core   0: 3 0x80008848 (0x0dae) x27 0xfffff800
core   0: 0x8000884a (0x00008cd1) c.or    s1, a2
core   0: 3 0x8000884a (0x8cd1) x 9 0x000007fa
core   0: 0x8000884c (0x00808db3) add     s11, ra, s0
core   0: 3 0x8000884c (0x00808db3) x27 0x00000007
core   0: 0x80008850 (0xc786e817) auipc   a6, 0xc786e
core   0: 3 0x80008850 (0xc786e817) x16 0x47876850
core   0: 0x80008854 (0x00001000) c.addi4spn s0, sp, 32
core   0: 3 0x80008854 (0x1000) x 8 0x000000ed
core   0: 0x80008856 (0x00008ead) c.xor   a3, a1
core   0: 3 0x80008856 (0x8ead) x13 0x01a7300e
core   0: 0x80008858 (0x6f4aaf93) slti    t6, s5, 1780
core   0: 3 0x80008858 (0x6f4aaf93) x31 0x00000001
core   0: 0x8000885c (0x00e6dd13) srli    s10, a3, 14
core   0: 3 0x8000885c (0x00e6dd13) x26 0x0000069c
core   0: 0x80008860 (0x012ec333) xor     t1, t4, s2
core   0: 3 0x80008860 (0x012ec333) x 6 0x01a73080
core   0: 0x80008864 (0x00845293) srli    t0, s0, 8
core   0: 3 0x80008864 (0x00845293) x 5 0x00000000
core   0: 0x80008868 (0x00008eb6) c.mv    t4, a3
core   0: 3 0x80008868 (0x8eb6) x29 0x01a7300e
core   0: 0x8000886a (0x0000100f) fence.i
core   0: 3 0x8000886a (0x0000100f)
core   0: 0x8000886e (0x00bc96b3) sll     a3, s9, a1
core   0: 3 0x8000886e (0x00bc96b3) x13 0xfffffff8
core   0: 0x80008872 (0x00004845) c.li    a6, 17
core   0: 3 0x80008872 (0x4845) x16 0x00000011
core   0: 0x80008874 (0x02be7c33) remu    s8, t3, a1
core   0: 3 0x80008874 (0x02be7c33) x24 0x01a72d2f
core   0: 0x80008878 (0x00000b1c) c.addi4spn a5, sp, 400
core   0: 3 0x80008878 (0x0b1c) x15 0x0000025d
core   0: 0x8000887a (0x03cfbf33) mulhu   t5, t6, t3
core   0: 3 0x8000887a (0x03cfbf33) x30 0x00000000
core   0: 0x8000887e (0x000090de) c.add   ra, s7
core   0: 3 0x8000887e (0x90de) x 1 0x0000003e
core   0: 0x80008880 (0x016de233) or      tp, s11, s6
core   0: 3 0x80008880 (0x016de233) x 4 0xc0000007
core   0: 0x80008884 (0x03e8c8b3) div     a7, a7, t5
core   0: 3 0x80008884 (0x03e8c8b3) x17 0xffffffff
core   0: 0x80008888 (0x0186e663) bltu    a3, s8, pc + 12
core   0: 3 0x80008888 (0x0186e663)
core   0: 0x8000888c (0x000002ee) c.slli  t0, 27
core   0: 3 0x8000888c (0x02ee) x 5 0x00000000
core   0: 0x8000888e (0x00000001) c.nop
core   0: 3 0x8000888e (0x0001)
core   0: 0x80008890 (0x00000baa) c.slli  s7, 10
core   0: 3 0x80008890 (0x0baa) x23 0x0000dc00
core   0: 0x80008892 (0x00008731) c.srai  a4, 12
core   0: 3 0x80008892 (0x8731) x14 0x00010300
core   0: 0x80008894 (0x00008e8d) c.sub   a3, a1
core   0: 3 0x80008894 (0x8e8d) x13 0xfe58cef5
core   0: 0x80008896 (0x72172793) slti    a5, a4, 1825
core   0: 3 0x80008896 (0x72172793) x15 0x00000000
core   0: 0x8000889a (0x03a936b3) mulhu   a3, s2, s10
core   0: 3 0x8000889a (0x03a936b3) x13 0x0000000a
core   0: 0x8000889e (0x0000e005) c.bnez  s0, pc + 32
core   0: 3 0x8000889e (0xe005)
core   0: 0x800088be (0x00000001) c.nop
core   0: 3 0x800088be (0x0001)
core   0: 0x800088c0 (0x00000001) c.nop
core   0: 3 0x800088c0 (0x0001)
core   0: 0x800088c2 (0x00e55693) srli    a3, a0, 14
core   0: 3 0x800088c2 (0x00e55693) x13 0x00000000
core   0: 0x800088c6 (0x00008155) c.srli  a0, 21
core   0: 3 0x800088c6 (0x8155) x10 0x00000000
core   0: 0x800088c8 (0x00000001) c.nop
core   0: 3 0x800088c8 (0x0001)
core   0: 0x800088ca (0x0140e633) or      a2, ra, s4
core   0: 3 0x800088ca (0x0140e633) x12 0x0000003e
core   0: 0x800088ce (0x0000c321) c.beqz  a4, pc + 64
core   0: 3 0x800088ce (0xc321)
core   0: 0x800088d0 (0xe30e3213) sltiu   tp, t3, -464
core   0: 3 0x800088d0 (0xe30e3213) x 4 0x00000001
core   0: 0x800088d4 (0x000060a9) c.lui   ra, 0xa
core   0: 3 0x800088d4 (0x60a9) x 1 0x0000a000
core   0: 0x800088d6 (0xa7ffc793) xori    a5, t6, -1409
core   0: 3 0x800088d6 (0xa7ffc793) x15 0xfffffa7e
core   0: 0x800088da (0x009a5133) srl     sp, s4, s1
core   0: 3 0x800088da (0x009a5133) x 2 0x00000000
core   0: 0x800088de (0x02aaadb3) mulhsu  s11, s5, a0
core   0: 3 0x800088de (0x02aaadb3) x27 0x00000000
core   0: 0x800088e2 (0x03cc22b3) mulhsu  t0, s8, t3
core   0: 3 0x800088e2 (0x03cc22b3) x 5 0x0002bb86
core   0: 0x800088e6 (0x00008f51) c.or    a4, a2
core   0: 3 0x800088e6 (0x8f51) x14 0x0001033e
core   0: 0x800088e8 (0x02fad433) divu    s0, s5, a5
core   0: 3 0x800088e8 (0x02fad433) x 8 0x00000000
core   0: 0x800088ec (0xa27ce613) ori     a2, s9, -1497
core   0: 3 0x800088ec (0xa27ce613) x12 0xffffffff
core   0: 0x800088f0 (0x02530033) mul     zero, t1, t0
core   0: 3 0x800088f0 (0x02530033)
core   0: 0x800088f4 (0x41265513) srai    a0, a2, 18
core   0: 3 0x800088f4 (0x41265513) x10 0xffffffff
core   0: 0x800088f8 (0x00cbbfb3) sltu    t6, s7, a2
core   0: 3 0x800088f8 (0x00cbbfb3) x31 0x00000001
core   0: 0x800088fc (0x00009bae) c.add   s7, a1
core   0: 3 0x800088fc (0x9bae) x23 0x01a80d03
core   0: 0x800088fe (0x00008d65) c.and   a0, s1
core   0: 3 0x800088fe (0x8d65) x10 0x000007fa
core   0: 0x80008900 (0x02fce1b3) rem     gp, s9, a5
core   0: 3 0x80008900 (0x02fce1b3) x 3 0xffffffff
core   0: 0x80008904 (0x00000286) c.slli  t0, 1
core   0: 3 0x80008904 (0x0286) x 5 0x0005770c
core   0: 0x80008906 (0x0000ee01) c.bnez  a2, pc + 24
core   0: 3 0x80008906 (0xee01)
core   0: 0x8000891e (0x00afe433) or      s0, t6, a0
core   0: 3 0x8000891e (0x00afe433) x 8 0x000007fb
core   0: 0x80008922 (0x0328d9b3) divu    s3, a7, s2
core   0: 3 0x80008922 (0x0328d9b3) x19 0x0000009a
core   0: 0x80008926 (0x003c7133) and     sp, s8, gp
core   0: 3 0x80008926 (0x003c7133) x 2 0x01a72d2f
core   0: 0x8000892a (0x184c2513) slti    a0, s8, 388
core   0: 3 0x8000892a (0x184c2513) x10 0x00000000
core   0: 0x8000892e (0x00008d31) c.xor   a0, a2
core   0: 3 0x8000892e (0x8d31) x10 0xffffffff
core   0: 0x80008930 (0x03117963) bgeu    sp, a7, pc + 50
core   0: 3 0x80008930 (0x03117963)
core   0: 0x80008934 (0x01d810b3) sll     ra, a6, t4
core   0: 3 0x80008934 (0x01d810b3) x 1 0x00044000
core   0: 0x80008938 (0x00008e81) c.sub   a3, s0
core   0: 3 0x80008938 (0x8e81) x13 0xfffff805
core   0: 0x8000893a (0x003a5613) srli    a2, s4, 3
core   0: 3 0x8000893a (0x003a5613) x12 0x00000000
core   0: 0x8000893e (0x0077da13) srli    s4, a5, 7
core   0: 3 0x8000893e (0x0077da13) x20 0x01fffff4
core   0: 0x80008942 (0x2f0e6b13) ori     s6, t3, 752
core   0: 3 0x80008942 (0x2f0e6b13) x22 0x01a72fff
core   0: 0x80008946 (0x12876c13) ori     s8, a4, 296
core   0: 3 0x80008946 (0x12876c13) x24 0x0001033e
core   0: 0x8000894a (0x0000ee19) c.bnez  a2, pc + 30
core   0: 3 0x8000894a (0xee19)
core   0: 0x8000894c (0x03a726b3) mulhsu  a3, a4, s10
core   0: 3 0x8000894c (0x03a726b3) x13 0x00000000
core   0: 0x80008950 (0x00b7b733) sltu    a4, a5, a1
core   0: 3 0x80008950 (0x00b7b733) x14 0x00000000
core   0: 0x80008954 (0x00008d1d) c.sub   a0, a5
core   0: 3 0x80008954 (0x8d1d) x10 0x00000581
core   0: 0x80008956 (0x0000100f) fence.i
core   0: 3 0x80008956 (0x0000100f)
core   0: 0x8000895a (0x008b1463) bne     s6, s0, pc + 8
core   0: 3 0x8000895a (0x008b1463)
core   0: 0x80008962 (0x0000ea8d) c.bnez  a3, pc + 50
core   0: 3 0x80008962 (0xea8d)
core   0: 0x80008964 (0x00009bfd) c.andi  a5, -1
core   0: 3 0x80008964 (0x9bfd) x15 0xfffffa7e
core   0: 0x80008966 (0x00008761) c.srai  a4, 24
core   0: 3 0x80008966 (0x8761) x14 0x00000000
core   0: 0x80008968 (0x000097de) c.add   a5, s7
core   0: 3 0x80008968 (0x97de) x15 0x01a80781
core   0: 0x8000896a (0x00000001) c.nop
core   0: 3 0x8000896a (0x0001)
core   0: 0x8000896c (0xa221f337) lui     t1, 0xa221f
core   0: 3 0x8000896c (0xa221f337) x 6 0xa221f000
core   0: 0x80008970 (0x00628fb3) add     t6, t0, t1
core   0: 3 0x80008970 (0x00628fb3) x31 0xa227670c
core   0: 0x80008974 (0x235b3113) sltiu   sp, s6, 565
core   0: 3 0x80008974 (0x235b3113) x 2 0x00000000
core   0: 0x80008978 (0x00008e99) c.sub   a3, a4
core   0: 3 0x80008978 (0x8e99) x13 0x00000000
core   0: 0x8000897a (0x1cdd66b7) lui     a3, 0x1cdd6
core   0: 3 0x8000897a (0x1cdd66b7) x13 0x1cdd6000
core   0: 0x8000897e (0x00b88d63) beq     a7, a1, pc + 26
core   0: 3 0x8000897e (0x00b88d63)
core   0: 0x80008982 (0x00008416) c.mv    s0, t0
core   0: 3 0x80008982 (0x8416) x 8 0x0005770c
core   0: 0x80008984 (0x00921333) sll     t1, tp, s1
core   0: 3 0x80008984 (0x00921333) x 6 0x04000000
core   0: 0x80008988 (0x00008ca1) c.xor   s1, s0
core   0: 3 0x80008988 (0x8ca1) x 9 0x000570f6
core   0: 0x8000898a (0x000081ae) c.mv    gp, a1
core   0: 3 0x8000898a (0x81ae) x 3 0x01a73103
core   0: 0x8000898c (0x02f0a313) slti    t1, ra, 47
core   0: 3 0x8000898c (0x02f0a313) x 6 0x00000000
core   0: 0x80008990 (0x0256ff33) remu    t5, a3, t0
core   0: 3 0x80008990 (0x0256ff33) x30 0x0000a8a0
core   0: 0x80008994 (0x013f8863) beq     t6, s3, pc + 16
core   0: 3 0x80008994 (0x013f8863)
core   0: 0x80008998 (0xa38e8713) addi    a4, t4, -1480
core   0: 3 0x80008998 (0xa38e8713) x14 0x01a72a46
core   0: 0x8000899c (0x01b29463) bne     t0, s11, pc + 8
core   0: 3 0x8000899c (0x01b29463)
core   0: 0x800089a4 (0x00f639b3) sltu    s3, a2, a5
core   0: 3 0x800089a4 (0x00f639b3) x19 0x00000001
core   0: 0x800089a8 (0x00c487b3) add     a5, s1, a2
core   0: 3 0x800089a8 (0x00c487b3) x15 0x000570f6
core   0: 0x800089ac (0x00000271) c.addi  tp, 28
core   0: 3 0x800089ac (0x0271) x 4 0x0000001d
core   0: 0x800089ae (0x00008d25) c.xor   a0, s1
core   0: 3 0x800089ae (0x8d25) x10 0x00057577
core   0: 0x800089b0 (0x0101ed63) bltu    gp, a6, pc + 26
core   0: 3 0x800089b0 (0x0101ed63)
core   0: 0x800089b4 (0x00008535) c.srai  a0, 13
core   0: 3 0x800089b4 (0x8535) x10 0x0000002b
core   0: 0x800089b6 (0xfbf0b893) sltiu   a7, ra, -65
core   0: 3 0x800089b6 (0xfbf0b893) x17 0x00000001
core   0: 0x800089ba (0x41295bb3) sra     s7, s2, s2
core   0: 3 0x800089ba (0x41295bb3) x23 0x0034e620
core   0: 0x800089be (0x00008c3d) c.xor   s0, a5
core   0: 3 0x800089be (0x8c3d) x 8 0x000007fa
core   0: 0x800089c0 (0x0384ccb3) div     s9, s1, s8
core   0: 3 0x800089c0 (0x0384ccb3) x25 0x00000005
core   0: 0x800089c4 (0x404c5133) sra     sp, s8, tp
core   0: 3 0x800089c4 (0x404c5133) x 2 0x00000000
core   0: 0x800089c8 (0x00000001) c.nop
core   0: 3 0x800089c8 (0x0001)
core   0: 0x800089ca (0x00008cc9) c.or    s1, a0
core   0: 3 0x800089ca (0x8cc9) x 9 0x000570ff
core   0: 0x800089cc (0x40c55093) srai    ra, a0, 12
core   0: 3 0x800089cc (0x40c55093) x 1 0x00000000
core   0: 0x800089d0 (0x0063e9b3) or      s3, t2, t1
core   0: 3 0x800089d0 (0x0063e9b3) x19 0x80025e54
core   0: 0x800089d4 (0x0000997d) c.andi  a0, -1
core   0: 3 0x800089d4 (0x997d) x10 0x0000002b
core   0: 0x800089d6 (0x00000001) c.nop
core   0: 3 0x800089d6 (0x0001)
core   0: 0x800089d8 (0x01ab72b3) and     t0, s6, s10
core   0: 3 0x800089d8 (0x01ab72b3) x 5 0x0000069c
core   0: 0x800089dc (0x00008e9d) c.sub   a3, a5
core   0: 3 0x800089dc (0x8e9d) x13 0x1cd7ef0a
core   0: 0x800089de (0x02d28eb3) mul     t4, t0, a3
core   0: 3 0x800089de (0x02d28eb3) x29 0xa32fe618
core   0: 0x800089e2 (0x00000001) c.nop
core   0: 3 0x800089e2 (0x0001)
core   0: 0x800089e4 (0x01ef9933) sll     s2, t6, t5
core   0: 3 0x800089e4 (0x01ef9933) x18 0xa227670c
core   0: 0x800089e8 (0x032677b3) remu    a5, a2, s2
core   0: 3 0x800089e8 (0x032677b3) x15 0x00000000
core   0: 0x800089ec (0x00008f7a) c.mv    t5, t5
core   0: 3 0x800089ec (0x8f7a) x30 0x0000a8a0
core   0: 0x800089ee (0x7ad58697) auipc   a3, 0x7ad58
core   0: 3 0x800089ee (0x7ad58697) x13 0xfad609ee
core   0: 0x800089f2 (0x00fcbe33) sltu    t3, s9, a5
core   0: 3 0x800089f2 (0x00fcbe33) x28 0x00000000
core   0: 0x800089f6 (0x00008d55) c.or    a0, a3
core   0: 3 0x800089f6 (0x8d55) x10 0xfad609ef
core   0: 0x800089f8 (0x00008f31) c.xor   a4, a2
core   0: 3 0x800089f8 (0x8f31) x14 0x01a72a46
core   0: 0x800089fa (0xe0d2f013) andi    zero, t0, -499
core   0: 3 0x800089fa (0xe0d2f013)
core   0: 0x800089fe (0x01f34f33) xor     t5, t1, t6
core   0: 3 0x800089fe (0x01f34f33) x30 0xa227670c
core   0: 0x80008a02 (0x0229bf33) mulhu   t5, s3, sp
core   0: 3 0x80008a02 (0x0229bf33) x30 0x00000000
core   0: 0x80008a06 (0x0000717d) c.addi16sp sp, -16
core   0: 3 0x80008a06 (0x717d) x 2 0xfffffff0
core   0: 0x80008a08 (0x1fd04313) xori    t1, zero, 509
core   0: 3 0x80008a08 (0x1fd04313) x 6 0x000001fd
core   0: 0x80008a0c (0x000b78b3) and     a7, s6, zero
core   0: 3 0x80008a0c (0x000b78b3) x17 0x00000000
core   0: 0x80008a10 (0x01cf6963) bltu    t5, t3, pc + 18
core   0: 3 0x80008a10 (0x01cf6963)
core   0: 0x80008a14 (0x01bc5c33) srl     s8, s8, s11
core   0: 3 0x80008a14 (0x01bc5c33) x24 0x0001033e
core   0: 0x80008a18 (0x024ee133) rem     sp, t4, tp
core   0: 3 0x80008a18 (0x024ee133) x 2 0xfffffff3
core   0: 0x80008a1c (0x731fbf97) auipc   t6, 0x731fb
core   0: 3 0x80008a1c (0x731fbf97) x31 0xf3203a1c
core   0: 0x80008a20 (0x00000001) c.nop
core   0: 3 0x80008a20 (0x0001)
core   0: 0x80008a22 (0x0000ca8d) c.beqz  a3, pc + 50
core   0: 3 0x80008a22 (0xca8d)
core   0: 0x80008a24 (0x01d65bb3) srl     s7, a2, t4
core   0: 3 0x80008a24 (0x01d65bb3) x23 0x00000000
core   0: 0x80008a28 (0x00a76763) bltu    a4, a0, pc + 14
core   0: 3 0x80008a28 (0x00a76763)
core   0: 0x80008a36 (0x41135e33) sra     t3, t1, a7
core   0: 3 0x80008a36 (0x41135e33) x28 0x000001fd
core   0: 0x80008a3a (0x0000664d) c.lui   a2, 0x13
core   0: 3 0x80008a3a (0x664d) x12 0x00013000
core   0: 0x80008a3c (0x00006d5d) c.lui   s10, 0x17
core   0: 3 0x80008a3c (0x6d5d) x26 0x00017000
core   0: 0x80008a3e (0x03b1b8b3) mulhu   a7, gp, s11
core   0: 3 0x80008a3e (0x03b1b8b3) x17 0x00000000
core   0: 0x80008a42 (0x03ae0c63) beq     t3, s10, pc + 56
core   0: 3 0x80008a42 (0x03ae0c63)
core   0: 0x80008a46 (0x011c5713) srli    a4, s8, 17
core   0: 3 0x80008a46 (0x011c5713) x14 0x00000000
core   0: 0x80008a4a (0xcb50d697) auipc   a3, 0xcb50d
core   0: 3 0x80008a4a (0xcb50d697) x13 0x4b515a4a
core   0: 0x80008a4e (0x00008955) c.andi  a0, 21
core   0: 3 0x80008a4e (0x8955) x10 0x00000005
core   0: 0x80008a50 (0x00008fdd) c.or    a5, a5
core   0: 3 0x80008a50 (0x8fdd) x15 0x00000000
core   0: 0x80008a52 (0x00000001) c.nop
core   0: 3 0x80008a52 (0x0001)
core   0: 0x80008a54 (0x02ee27b3) mulhsu  a5, t3, a4
core   0: 3 0x80008a54 (0x02ee27b3) x15 0x00000000
core   0: 0x80008a58 (0x0000100f) fence.i
core   0: 3 0x80008a58 (0x0000100f)
core   0: 0x80008a5c (0x01278b33) add     s6, a5, s2
core   0: 3 0x80008a5c (0x01278b33) x22 0xa227670c
core   0: 0x80008a60 (0x000084b5) c.srai  s1, 13
core   0: 3 0x80008a60 (0x84b5) x 9 0x0000002b
core   0: 0x80008a62 (0x025b6063) bltu    s6, t0, pc + 32
core   0: 3 0x80008a62 (0x025b6063)
core   0: 0x80008a66 (0x00008e91) c.sub   a3, a2
core   0: 3 0x80008a66 (0x8e91) x13 0x4b502a4a
core   0: 0x80008a68 (0x00008fe1) c.and   a5, s0
core   0: 3 0x80008a68 (0x8fe1) x15 0x00000000
core   0: 0x80008a6a (0x01930fb3) add     t6, t1, s9
core   0: 3 0x80008a6a (0x01930fb3) x31 0x00000202
core   0: 0x80008a6e (0x03cc3733) mulhu   a4, s8, t3
core   0: 3 0x80008a6e (0x03cc3733) x14 0x00000000
core   0: 0x80008a72 (0x00006ef1) c.lui   t4, 0x1c
core   0: 3 0x80008a72 (0x6ef1) x29 0x0001c000
core   0: 0x80008a74 (0x00004a45) c.li    s4, 17
core   0: 3 0x80008a74 (0x4a45) x20 0x00000011
core   0: 0x80008a76 (0x00e83fb3) sltu    t6, a6, a4
core   0: 3 0x80008a76 (0x00e83fb3) x31 0x00000000
core   0: 0x80008a7a (0x000064e5) c.lui   s1, 0x19
core   0: 3 0x80008a7a (0x64e5) x 9 0x00019000
core   0: 0x80008a7c (0x00008f11) c.sub   a4, a2
core   0: 3 0x80008a7c (0x8f11) x14 0xfffed000
core   0: 0x80008a7e (0x39cc6493) ori     s1, s8, 924
core   0: 3 0x80008a7e (0x39cc6493) x 9 0x000103be
core   0: 0x80008a82 (0x415f5fb3) sra     t6, t5, s5
core   0: 3 0x80008a82 (0x415f5fb3) x31 0x00000000
core   0: 0x80008a86 (0x00000001) c.nop
core   0: 3 0x80008a86 (0x0001)
core   0: 0x80008a88 (0x000009a2) c.slli  s3, 8
core   0: 3 0x80008a88 (0x09a2) x19 0x025e5400
core   0: 0x80008a8a (0x02878c63) beq     a5, s0, pc + 56
core   0: 3 0x80008a8a (0x02878c63)
core   0: 0x80008a8e (0x000080ee) c.mv    ra, s11
core   0: 3 0x80008a8e (0x80ee) x 1 0x00000000
core   0: 0x80008a90 (0x008b67b3) or      a5, s6, s0
core   0: 3 0x80008a90 (0x008b67b3) x15 0xa22767fe
core   0: 0x80008a94 (0x41605a33) sra     s4, zero, s6
core   0: 3 0x80008a94 (0x41605a33) x20 0x00000000
core   0: 0x80008a98 (0xcad9acb7) lui     s9, 0xcad9a
core   0: 3 0x80008a98 (0xcad9acb7) x25 0xcad9a000
core   0: 0x80008a9c (0x0316f4b3) remu    s1, a3, a7
core   0: 3 0x80008a9c (0x0316f4b3) x 9 0x4b502a4a
core   0: 0x80008aa0 (0x00008c5d) c.or    s0, a5
core   0: 3 0x80008aa0 (0x8c5d) x 8 0xa22767fe
core   0: 0x80008aa2 (0x00000a32) c.slli  s4, 12
core   0: 3 0x80008aa2 (0x0a32) x20 0x00000000
core   0: 0x80008aa4 (0x03b52a33) mulhsu  s4, a0, s11
core   0: 3 0x80008aa4 (0x03b52a33) x20 0x00000000
core   0: 0x80008aa8 (0x022d8db3) mul     s11, s11, sp
core   0: 3 0x80008aa8 (0x022d8db3) x27 0x00000000
core   0: 0x80008aac (0x41590833) sub     a6, s2, s5
core   0: 3 0x80008aac (0x41590833) x16 0x2224ca28
core   0: 0x80008ab0 (0x0421d163) bge     gp, sp, pc + 66
core   0: 3 0x80008ab0 (0x0421d163)
core   0: 0x80008af2 (0x023028b3) mulhsu  a7, zero, gp
core   0: 3 0x80008af2 (0x023028b3) x17 0x00000000
core   0: 0x80008af6 (0x02581133) mulh    sp, a6, t0
core   0: 3 0x80008af6 (0x02581133) x 2 0x000000e1
core   0: 0x80008afa (0x0000e219) c.bnez  a2, pc + 6
core   0: 3 0x80008afa (0xe219)
core   0: 0x80008b00 (0x0049f463) bgeu    s3, tp, pc + 8
core   0: 3 0x80008b00 (0x0049f463)
core   0: 0x80008b08 (0x024df163) bgeu    s11, tp, pc + 34
core   0: 3 0x80008b08 (0x024df163)
core   0: 0x80008b0c (0x01f28f33) add     t5, t0, t6
core   0: 3 0x80008b0c (0x01f28f33) x30 0x0000069c
core   0: 0x80008b10 (0x010fd363) bge     t6, a6, pc + 6
core   0: 3 0x80008b10 (0x010fd363)
core   0: 0x80008b14 (0x0000e681) c.bnez  a3, pc + 8
core   0: 3 0x80008b14 (0xe681)
core   0: 0x80008b1c (0x0133da63) bge     t2, s3, pc + 20
core   0: 3 0x80008b1c (0x0133da63)
core   0: 0x80008b20 (0x02d78333) mul     t1, a5, a3
core   0: 3 0x80008b20 (0x02d78333) x 6 0x3fd3bb6c
core   0: 0x80008b24 (0xb37a7097) auipc   ra, 0xb37a7
core   0: 3 0x80008b24 (0xb37a7097) x 1 0x337afb24
core   0: 0x80008b28 (0x00000906) c.slli  s2, 1
core   0: 3 0x80008b28 (0x0906) x18 0x444ece18
core   0: 0x80008b2a (0x01e59eb3) sll     t4, a1, t5
core   0: 3 0x80008b2a (0x01e59eb3) x29 0x30000000
core   0: 0x80008b2e (0x0000611d) c.addi16sp sp, 416
core   0: 3 0x80008b2e (0x611d) x 2 0x00000281
core   0: 0x80008b30 (0x008c18b3) sll     a7, s8, s0
core   0: 3 0x80008b30 (0x008c18b3) x17 0x80000000
core   0: 0x80008b34 (0xbecb8793) addi    a5, s7, -1044
core   0: 3 0x80008b34 (0xbecb8793) x15 0xfffffbec
core   0: 0x80008b38 (0x0286e363) bltu    a3, s0, pc + 38
core   0: 3 0x80008b38 (0x0286e363)
core   0: 0x80008b5e (0x56056e37) lui     t3, 0x56056
core   0: 3 0x80008b5e (0x56056e37) x28 0x56056000
core   0: 0x80008b62 (0x00000001) c.nop
core   0: 3 0x80008b62 (0x0001)
core   0: 0x80008b64 (0x01b5b933) sltu    s2, a1, s11
core   0: 3 0x80008b64 (0x01b5b933) x18 0x00000000
core   0: 0x80008b68 (0xd6bf7513) andi    a0, t5, -661
core   0: 3 0x80008b68 (0xd6bf7513) x10 0x00000408
core   0: 0x80008b6c (0x9cb4a913) slti    s2, s1, -1589
core   0: 3 0x80008b6c (0x9cb4a913) x18 0x00000000
core   0: 0x80008b70 (0x0000914a) c.add   sp, s2
core   0: 3 0x80008b70 (0x914a) x 2 0x00000281
core   0: 0x80008b72 (0x00008271) c.srli  a2, 28
core   0: 3 0x80008b72 (0x8271) x12 0x00000000
core   0: 0x80008b74 (0x00000001) c.nop
core   0: 3 0x80008b74 (0x0001)
core   0: 0x80008b76 (0x0ff0000f) fence   iorw,iorw
core   0: 3 0x80008b76 (0x0ff0000f)
core   0: 0x80008b7a (0x011619b3) sll     s3, a2, a7
core   0: 3 0x80008b7a (0x011619b3) x19 0x00000000
core   0: 0x80008b7e (0x006a3a33) sltu    s4, s4, t1
core   0: 3 0x80008b7e (0x006a3a33) x20 0x00000001
core   0: 0x80008b82 (0x011d5313) srli    t1, s10, 17
core   0: 3 0x80008b82 (0x011d5313) x 6 0x00000000
core   0: 0x80008b86 (0x00006b95) c.lui   s7, 0x5
core   0: 3 0x80008b86 (0x6b95) x23 0x00005000
core   0: 0x80008b88 (0x03f11b63) bne     sp, t6, pc + 54
core   0: 3 0x80008b88 (0x03f11b63)
core   0: 0x80008bbe (0xee710293) addi    t0, sp, -281
core   0: 3 0x80008bbe (0xee710293) x 5 0x00000168
core   0: 0x80008bc2 (0x000084d5) c.srai  s1, 21
core   0: 3 0x80008bc2 (0x84d5) x 9 0x0000025a
core   0: 0x80008bc4 (0x02059db3) mulh    s11, a1, zero
core   0: 3 0x80008bc4 (0x02059db3) x27 0x00000000
core   0: 0x80008bc8 (0xa6abf013) andi    zero, s7, -1430
core   0: 3 0x80008bc8 (0xa6abf013)
core   0: 0x80008bcc (0x00008fdd) c.or    a5, a5
core   0: 3 0x80008bcc (0x8fdd) x15 0xfffffbec
core   0: 0x80008bce (0x372bc613) xori    a2, s7, 882
core   0: 3 0x80008bce (0x372bc613) x12 0x00005372
core   0: 0x80008bd2 (0x00216033) or      zero, sp, sp
core   0: 3 0x80008bd2 (0x00216033)
core   0: 0x80008bd6 (0x00006131) c.addi16sp sp, 320
core   0: 3 0x80008bd6 (0x6131) x 2 0x000003c1
core   0: 0x80008bd8 (0x00000310) c.addi4spn a2, sp, 384
core   0: 3 0x80008bd8 (0x0310) x12 0x00000541
core   0: 0x80008bda (0x00008c35) c.xor   s0, a3
core   0: 3 0x80008bda (0x8c35) x 8 0xe9774db4
core   0: 0x80008bdc (0x01677e33) and     t3, a4, s6
core   0: 3 0x80008bdc (0x01677e33) x28 0xa2264000
core   0: 0x80008be0 (0x01a95763) bge     s2, s10, pc + 14
core   0: 3 0x80008be0 (0x01a95763)
core   0: 0x80008be4 (0x00008f0d) c.sub   a4, a1
core   0: 3 0x80008be4 (0x8f0d) x14 0xfe579efd
core   0: 0x80008be6 (0x01b40833) add     a6, s0, s11
core   0: 3 0x80008be6 (0x01b40833) x16 0xe9774db4
core   0: 0x80008bea (0x00269e13) slli    t3, a3, 2
core   0: 3 0x80008bea (0x00269e13) x28 0x2d40a928
core   0: 0x80008bee (0x01a1e633) or      a2, gp, s10
core   0: 3 0x80008bee (0x01a1e633) x12 0x01a77103
core   0: 0x80008bf2 (0x000083e1) c.srli  a5, 24
core   0: 3 0x80008bf2 (0x83e1) x15 0x000000ff
core   0: 0x80008bf4 (0x6aedbc13) sltiu   s8, s11, 1710
core   0: 3 0x80008bf4 (0x6aedbc13) x24 0x00000001
core   0: 0x80008bf8 (0x0000611d) c.addi16sp sp, 416
core   0: 3 0x80008bf8 (0x611d) x 2 0x00000561
core   0: 0x80008bfa (0x015c67b3) or      a5, s8, s5
core   0: 3 0x80008bfa (0x015c67b3) x15 0x80029ce5
core   0: 0x80008bfe (0x000009c9) c.addi  s3, 18
core   0: 3 0x80008bfe (0x09c9) x19 0x00000012
core   0: 0x80008c00 (0x1b994013) xori    zero, s2, 441
core   0: 3 0x80008c00 (0x1b994013)
core   0: 0x80008c04 (0x0000cb81) c.beqz  a5, pc + 16
core   0: 3 0x80008c04 (0xcb81)
core   0: 0x80008c06 (0x0000100f) fence.i
core   0: 3 0x80008c06 (0x0000100f)
core   0: 0x80008c0a (0x024688b3) mul     a7, a3, tp
core   0: 3 0x80008c0a (0x024688b3) x17 0x8814ca62
core   0: 0x80008c0e (0xa97f8713) addi    a4, t6, -1385
core   0: 3 0x80008c0e (0xa97f8713) x14 0xfffffa97
core   0: 0x80008c12 (0x00009bca) c.add   s7, s2
core   0: 3 0x80008c12 (0x9bca) x23 0x00005000
core   0: 0x80008c14 (0x00008852) c.mv    a6, s4
core   0: 3 0x80008c14 (0x8852) x16 0x00000001
core   0: 0x80008c16 (0x02cf69b3) rem     s3, t5, a2
core   0: 3 0x80008c16 (0x02cf69b3) x19 0x0000069c
core   0: 0x80008c1a (0x00981213) slli    tp, a6, 9
core   0: 3 0x80008c1a (0x00981213) x 4 0x00000200
core   0: 0x80008c1e (0x00005d7d) c.li    s10, -1
core   0: 3 0x80008c1e (0x5d7d) x26 0xffffffff
core   0: 0x80008c20 (0x00b162b3) or      t0, sp, a1
core   0: 3 0x80008c20 (0x00b162b3) x 5 0x01a73563
core   0: 0x80008c24 (0x0170c733) xor     a4, ra, s7
core   0: 3 0x80008c24 (0x0170c733) x14 0x337aab24
core   0: 0x80008c28 (0x02417933) remu    s2, sp, tp
core   0: 3 0x80008c28 (0x02417933) x18 0x00000161
core   0: 0x80008c2c (0x00000298) c.addi4spn a4, sp, 320
core   0: 3 0x80008c2c (0x0298) x14 0x000006a1
core   0: 0x80008c2e (0x00008ec1) c.or    a3, s0
core   0: 3 0x80008c2e (0x8ec1) x13 0xeb776ffe
core   0: 0x80008c30 (0xcee8fb93) andi    s7, a7, -786
core   0: 3 0x80008c30 (0xcee8fb93) x23 0x8814c862
core   0: 0x80008c34 (0x01ec8a33) add     s4, s9, t5
core   0: 3 0x80008c34 (0x01ec8a33) x20 0xcad9a69c
core   0: 0x80008c38 (0x000080f6) c.mv    ra, t4
core   0: 3 0x80008c38 (0x80f6) x 1 0x30000000
core   0: 0x80008c3a (0x00000001) c.nop
core   0: 3 0x80008c3a (0x0001)
core   0: 0x80008c3c (0x026b6833) rem     a6, s6, t1
core   0: 3 0x80008c3c (0x026b6833) x16 0xa227670c
core   0: 0x80008c40 (0x0000e091) c.bnez  s1, pc + 4
core   0: 3 0x80008c40 (0xe091)
core   0: 0x80008c44 (0x40fd02b3) sub     t0, s10, a5
core   0: 3 0x80008c44 (0x40fd02b3) x 5 0x7ffd631a
core   0: 0x80008c48 (0x00000304) c.addi4spn s1, sp, 384
core   0: 3 0x80008c48 (0x0304) x 9 0x000006e1
core   0: 0x80008c4a (0x3fb2c993) xori    s3, t0, 1019
core   0: 3 0x80008c4a (0x3fb2c993) x19 0x7ffd60e1
core   0: 0x80008c4e (0xccf47e93) andi    t4, s0, -817
core   0: 3 0x80008c4e (0xccf47e93) x29 0xe9774c84
core   0: 0x80008c52 (0x00000001) c.nop
core   0: 3 0x80008c52 (0x0001)
core   0: 0x80008c54 (0x41d3da13) srai    s4, t2, 29
core   0: 3 0x80008c54 (0x41d3da13) x20 0xfffffffc
core   0: 0x80008c58 (0x00000001) c.nop
core   0: 3 0x80008c58 (0x0001)
core   0: 0x80008c5a (0xbb0ffe93) andi    t4, t6, -1104
core   0: 3 0x80008c5a (0xbb0ffe93) x29 0x00000000
core   0: 0x80008c5e (0x000056fd) c.li    a3, -1
core   0: 3 0x80008c5e (0x56fd) x13 0xffffffff
core   0: 0x80008c60 (0x0bd83893) sltiu   a7, a6, 189
core   0: 3 0x80008c60 (0x0bd83893) x17 0x00000000
core   0: 0x80008c64 (0x00009792) c.add   a5, tp
core   0: 3 0x80008c64 (0x9792) x15 0x80029ee5
core   0: 0x80008c66 (0x410d80b3) sub     ra, s11, a6
core   0: 3 0x80008c66 (0x410d80b3) x 1 0x5dd898f4
core   0: 0x80008c6a (0x400b0633) sub     a2, s6, zero
core   0: 3 0x80008c6a (0x400b0633) x12 0xa227670c
core   0: 0x80008c6e (0x00005d7d) c.li    s10, -1
core   0: 3 0x80008c6e (0x5d7d) x26 0xffffffff
core   0: 0x80008c70 (0x405cd8b3) sra     a7, s9, t0
core   0: 3 0x80008c70 (0x405cd8b3) x17 0xfffffff2
core   0: 0x80008c74 (0x0ff0000f) fence   iorw,iorw
core   0: 3 0x80008c74 (0x0ff0000f)
core   0: 0x80008c78 (0x034d2cb3) mulhsu  s9, s10, s4
core   0: 3 0x80008c78 (0x034d2cb3) x25 0xffffffff
core   0: 0x80008c7c (0xb79f0337) lui     t1, 0xb79f0
core   0: 3 0x80008c7c (0xb79f0337) x 6 0xb79f0000
core   0: 0x80008c80 (0x00c74563) blt     a4, a2, pc + 10
core   0: 3 0x80008c80 (0x00c74563)
core   0: 0x80008c84 (0x00008d09) c.sub   a0, a0
core   0: 3 0x80008c84 (0x8d09) x10 0x00000000
core   0: 0x80008c86 (0x00fe0663) beq     t3, a5, pc + 12
core   0: 3 0x80008c86 (0x00fe0663)
core   0: 0x80008c8a (0x416f5e93) srai    t4, t5, 22
core   0: 3 0x80008c8a (0x416f5e93) x29 0x00000000
core   0: 0x80008c8e (0x22d84813) xori    a6, a6, 557
core   0: 3 0x80008c8e (0x22d84813) x16 0xa2276521
core   0: 0x80008c92 (0x40e3d213) srai    tp, t2, 14
core   0: 3 0x80008c92 (0x40e3d213) x 4 0xfffe0009
core   0: 0x80008c96 (0x0000100f) fence.i
core   0: 3 0x80008c96 (0x0000100f)
core   0: 0x80008c9a (0x00008c65) c.and   s0, s1
core   0: 3 0x80008c9a (0x8c65) x 8 0x000004a0
core   0: 0x80008c9c (0x41435f93) srai    t6, t1, 20
core   0: 3 0x80008c9c (0x41435f93) x31 0xfffffb79
core   0: 0x80008ca0 (0x02441bb3) mulh    s7, s0, tp
core   0: 3 0x80008ca0 (0x02441bb3) x23 0xffffffff
core   0: 0x80008ca4 (0x024dfb63) bgeu    s11, tp, pc + 54
core   0: 3 0x80008ca4 (0x024dfb63)
core   0: 0x80008ca8 (0x00000642) c.slli  a2, 16
core   0: 3 0x80008ca8 (0x0642) x12 0x670c0000
core   0: 0x80008caa (0x00000c5d) c.addi  s8, 23
core   0: 3 0x80008caa (0x0c5d) x24 0x00000018
core   0: 0x80008cac (0x40b55093) srai    ra, a0, 11
core   0: 3 0x80008cac (0x40b55093) x 1 0x00000000
core   0: 0x80008cb0 (0x41138233) sub     tp, t2, a7
core   0: 3 0x80008cb0 (0x41138233) x 4 0x80025e62
core   0: 0x80008cb4 (0x0000557d) c.li    a0, -1
core   0: 3 0x80008cb4 (0x557d) x10 0xffffffff
core   0: 0x80008cb6 (0x006958b3) srl     a7, s2, t1
core   0: 3 0x80008cb6 (0x006958b3) x17 0x00000161
core   0: 0x80008cba (0x40b8df33) sra     t5, a7, a1
core   0: 3 0x80008cba (0x40b8df33) x30 0x0000002c
core   0: 0x80008cbe (0x00009b7d) c.andi  a4, -1
core   0: 3 0x80008cbe (0x9b7d) x14 0x000006a1
core   0: 0x80008cc0 (0x00008ea5) c.xor   a3, s1
core   0: 3 0x80008cc0 (0x8ea5) x13 0xfffff91e
core   0: 0x80008cc2 (0x00168463) beq     a3, ra, pc + 8
core   0: 3 0x80008cc2 (0x00168463)
core   0: 0x80008cc6 (0x000efb33) and     s6, t4, zero
core   0: 3 0x80008cc6 (0x000efb33) x22 0x00000000
core   0: 0x80008cca (0x000084c9) c.srai  s1, 18
core   0: 3 0x80008cca (0x84c9) x 9 0x00000000
core   0: 0x80008ccc (0xb2e2e613) ori     a2, t0, -1234
core   0: 3 0x80008ccc (0xb2e2e613) x12 0xfffffb3e
core   0: 0x80008cd0 (0x0000e395) c.bnez  a5, pc + 36
core   0: 3 0x80008cd0 (0xe395)
core   0: 0x80008cf4 (0x2742e193) ori     gp, t0, 628
core   0: 3 0x80008cf4 (0x2742e193) x 3 0x7ffd637e
core   0: 0x80008cf8 (0x00000a0a) c.slli  s4, 2
core   0: 3 0x80008cf8 (0x0a0a) x20 0xfffffff0
core   0: 0x80008cfa (0x01a559b3) srl     s3, a0, s10
core   0: 3 0x80008cfa (0x01a559b3) x19 0x00000001
core   0: 0x80008cfe (0x000097a2) c.add   a5, s0
core   0: 3 0x80008cfe (0x97a2) x15 0x8002a385
core   0: 0x80008d00 (0x0000100f) fence.i
core   0: 3 0x80008d00 (0x0000100f)
core   0: 0x80008d04 (0x00008e51) c.or    a2, a2
core   0: 3 0x80008d04 (0x8e51) x12 0xfffffb3e
core   0: 0x80008d06 (0x00008eba) c.mv    t4, a4
core   0: 3 0x80008d06 (0x8eba) x29 0x000006a1
core   0: 0x80008d08 (0x00c79a33) sll     s4, a5, a2
core   0: 3 0x80008d08 (0x00c79a33) x20 0x40000000
core   0: 0x80008d0c (0x9d28ca13) xori    s4, a7, -1582
core   0: 3 0x80008d0c (0x9d28ca13) x20 0xfffff8b3
core   0: 0x80008d10 (0x412f5093) srai    ra, t5, 18
core   0: 3 0x80008d10 (0x412f5093) x 1 0x00000000
core   0: 0x80008d14 (0xb7ad4413) xori    s0, s10, -1158
core   0: 3 0x80008d14 (0xb7ad4413) x 8 0x00000485
core   0: 0x80008d18 (0x418dd6b3) sra     a3, s11, s8
core   0: 3 0x80008d18 (0x418dd6b3) x13 0x00000000
core   0: 0x80008d1c (0x382bf293) andi    t0, s7, 898
core   0: 3 0x80008d1c (0x382bf293) x 5 0x00000382
core   0: 0x80008d20 (0x01f4aeb3) slt     t4, s1, t6
core   0: 3 0x80008d20 (0x01f4aeb3) x29 0x00000000
core   0: 0x80008d24 (0x00008e55) c.or    a2, a3
core   0: 3 0x80008d24 (0x8e55) x12 0xfffffb3e
core   0: 0x80008d26 (0x03212833) mulhsu  a6, sp, s2
core   0: 3 0x80008d26 (0x03212833) x16 0x00000000
core   0: 0x80008d2a (0x0ff0000f) fence   iorw,iorw
core   0: 3 0x80008d2a (0x0ff0000f)
core   0: 0x80008d2e (0x00e95f63) bge     s2, a4, pc + 30
core   0: 3 0x80008d2e (0x00e95f63)
core   0: 0x80008d32 (0x019bff63) bgeu    s7, s9, pc + 30
core   0: 3 0x80008d32 (0x019bff63)
core   0: 0x80008d50 (0x015481b3) add     gp, s1, s5
core   0: 3 0x80008d50 (0x015481b3) x 3 0x80029ce4
core   0: 0x80008d54 (0x0000100f) fence.i
core   0: 3 0x80008d54 (0x0000100f)
core   0: 0x80008d58 (0x01a9d533) srl     a0, s3, s10
core   0: 3 0x80008d58 (0x01a9d533) x10 0x00000000
core   0: 0x80008d5c (0x0008d463) bgez    a7, pc + 8
core   0: 3 0x80008d5c (0x0008d463)
core   0: 0x80008d64 (0x00000001) c.nop
core   0: 3 0x80008d64 (0x0001)
core   0: 0x80008d66 (0x000083a1) c.srli  a5, 8
core   0: 3 0x80008d66 (0x83a1) x15 0x008002a3
core   0: 0x80008d68 (0x00fa6f33) or      t5, s4, a5
core   0: 3 0x80008d68 (0x00fa6f33) x30 0xfffffab3
core   0: 0x80008d6c (0x00008fd5) c.or    a5, a3
core   0: 3 0x80008d6c (0x8fd5) x15 0x008002a3
core   0: 0x80008d6e (0x01934433) xor     s0, t1, s9
core   0: 3 0x80008d6e (0x01934433) x 8 0x4860ffff
core   0: 0x80008d72 (0x3a11e113) ori     sp, gp, 929
core   0: 3 0x80008d72 (0x3a11e113) x 2 0x80029fe5
core   0: 0x80008d76 (0x02760833) mul     a6, a2, t2
core   0: 3 0x80008d76 (0x02760833) x16 0xf4bb3458
core   0: 0x80008d7a (0x034544b3) div     s1, a0, s4
core   0: 3 0x80008d7a (0x034544b3) x 9 0x00000000
core   0: 0x80008d7e (0x0ff0000f) fence   iorw,iorw
core   0: 3 0x80008d7e (0x0ff0000f)
core   0: 0x80008d82 (0x00008cfd) c.and   s1, a5
core   0: 3 0x80008d82 (0x8cfd) x 9 0x00000000
core   0: 0x80008d84 (0x00006ff1) c.lui   t6, 0x1c
core   0: 3 0x80008d84 (0x6ff1) x31 0x0001c000
core   0: 0x80008d86 (0x41770e33) sub     t3, a4, s7
core   0: 3 0x80008d86 (0x41770e33) x28 0x000006a2
core   0: 0x80008d8a (0x00008cfd) c.and   s1, a5
core   0: 3 0x80008d8a (0x8cfd) x 9 0x00000000
core   0: 0x80008d8c (0x03ce5333) divu    t1, t3, t3
core   0: 3 0x80008d8c (0x03ce5333) x 6 0x00000001
core   0: 0x80008d90 (0x00756033) or      zero, a0, t2
core   0: 3 0x80008d90 (0x00756033)
core   0: 0x80008d94 (0x0000100f) fence.i
core   0: 3 0x80008d94 (0x0000100f)
core   0: 0x80008d98 (0x0000197d) c.addi  s2, -1
core   0: 3 0x80008d98 (0x197d) x18 0x00000160
core   0: 0x80008d9a (0x0ff0000f) fence   iorw,iorw
core   0: 3 0x80008d9a (0x0ff0000f)
core   0: 0x80008d9e (0x000080bd) c.srli  s1, 15
core   0: 3 0x80008d9e (0x80bd) x 9 0x00000000
core   0: 0x80008da0 (0x4050de93) srai    t4, ra, 5
core   0: 3 0x80008da0 (0x4050de93) x29 0x00000000
core   0: 0x80008da4 (0x00000b5a) c.slli  s6, 22
core   0: 3 0x80008da4 (0x0b5a) x22 0x00000000
core   0: 0x80008da6 (0x0000717d) c.addi16sp sp, -16
core   0: 3 0x80008da6 (0x717d) x 2 0x80029fd5
core   0: 0x80008da8 (0x411d5793) srai    a5, s10, 17
core   0: 3 0x80008da8 (0x411d5793) x15 0xffffffff
core   0: 0x80008dac (0x0098f033) and     zero, a7, s1
core   0: 3 0x80008dac (0x0098f033)
core   0: 0x80008db0 (0x02958d33) mul     s10, a1, s1
core   0: 3 0x80008db0 (0x02958d33) x26 0x00000000
core   0: 0x80008db4 (0x00008fd9) c.or    a5, a4
core   0: 3 0x80008db4 (0x8fd9) x15 0xffffffff
core   0: 0x80008db6 (0x000006ea) c.slli  a3, 26
core   0: 3 0x80008db6 (0x06ea) x13 0x00000000
core   0: 0x80008db8 (0x0043a203) lw      tp, 4(t2)
core   0: 3 0x80008db8 (0x0043a203) x 4 0x80000120 mem 0x80025e58
core   0: 0x80008dbc (0x41ff5333) sra     t1, t5, t6
core   0: 3 0x80008dbc (0x41ff5333) x 6 0xfffffab3
core   0: 0x80008dc0 (0x00008d39) c.xor   a0, a4
core   0: 3 0x80008dc0 (0x8d39) x10 0x000006a1
core   0: 0x80008dc2 (0x00008ece) c.mv    t4, s3
core   0: 3 0x80008dc2 (0x8ece) x29 0x00000001
core   0: 0x80008dc4 (0x000003c1) c.addi  t2, 16
core   0: 3 0x80008dc4 (0x03c1) x 7 0x80025e64
core   0: 0x80008dc6 (0x03335c33) divu    s8, t1, s3
core   0: 3 0x80008dc6 (0x03335c33) x24 0xfffffab3
core   0: 0x80008dca (0x00008d25) c.xor   a0, s1
core   0: 3 0x80008dca (0x8d25) x10 0x000006a1
core   0: 0x80008dcc (0x02ddc7b3) div     a5, s11, a3
core   0: 3 0x80008dcc (0x02ddc7b3) x15 0xffffffff
core   0: 0x80008dd0 (0x0038ecb3) or      s9, a7, gp
core   0: 3 0x80008dd0 (0x0038ecb3) x25 0x80029de5
core   0: 0x80008dd4 (0x00020113) mv      sp, tp
core   0: 3 0x80008dd4 (0x00020113) x 2 0x80000120
core   0: 0x80008dd8 (0x00010167) jalr    sp, sp, 0
core   0: 3 0x80008dd8 (0x00010167) x 2 0x80008ddc
core   0: 0x80000120 (0x00400793) li      a5, 4
core   0: 3 0x80000120 (0x00400793) x15 0x00000004
core   0: 0x80000124 (0x7cae4313) xori    t1, t3, 1994
core   0: 3 0x80000124 (0x7cae4313) x 6 0x00000168
core   0: 0x80000128 (0x01dd1c93) slli    s9, s10, 29
core   0: 3 0x80000128 (0x01dd1c93) x25 0x00000000
core   0: 0x8000012c (0xff500493) li      s1, -11
core   0: 3 0x8000012c (0xff500493) x 9 0xfffffff5
core   0: 0x80000130 (0x00001814) c.addi4spn a3, sp, 48
core   0: 3 0x80000130 (0x1814) x13 0x80008e0c
core   0: 0x80000132 (0x000008d6) c.slli  a7, 21
core   0: 3 0x80000132 (0x08d6) x17 0x2c200000
core   0: 0x80000134 (0x00008706) c.mv    a4, ra
core   0: 3 0x80000134 (0x8706) x14 0x00000000
core   0: 0x80000136 (0x0358f937) lui     s2, 0x358f
core   0: 3 0x80000136 (0x0358f937) x18 0x0358f000
core   0: 0x8000013a (0x00847d33) and     s10, s0, s0
core   0: 3 0x8000013a (0x00847d33) x26 0x4860ffff
core   0: 0x8000013e (0x00d8cd33) xor     s10, a7, a3
core   0: 3 0x8000013e (0x00d8cd33) x26 0xac208e0c
core   0: 0x80000142 (0x0000843d) c.srai  s0, 15
core   0: 3 0x80000142 (0x843d) x 8 0x000090c1
core   0: 0x80000144 (0x000017ed) c.addi  a5, -5
core   0: 3 0x80000144 (0x17ed) x15 0xffffffff
core   0: 0x80000146 (0x0395e733) rem     a4, a1, s9
core   0: 3 0x80000146 (0x0395e733) x14 0x01a73103
core   0: 0x8000014a (0x00a00a13) li      s4, 10
core   0: 3 0x8000014a (0x00a00a13) x20 0x0000000a
core   0: 0x8000014e (0x40a78c33) sub     s8, a5, a0
core   0: 3 0x8000014e (0x40a78c33) x24 0xfffff95e
core   0: 0x80000152 (0x00a00d93) li      s11, 10
core   0: 3 0x80000152 (0x00a00d93) x27 0x0000000a
core   0: 0x80000156 (0x0000611d) c.addi16sp sp, 416
core   0: 3 0x80000156 (0x611d) x 2 0x80008f7c
core   0: 0x80000158 (0x0361a233) mulhsu  tp, gp, s6
core   0: 3 0x80000158 (0x0361a233) x 4 0x00000000
core   0: 0x8000015c (0x00a50d33) add     s10, a0, a0
core   0: 3 0x8000015c (0x00a50d33) x26 0x00000d42
core   0: 0x80000160 (0x40975c93) srai    s9, a4, 9
core   0: 3 0x80000160 (0x40975c93) x25 0x0000d398
core   0: 0x80000164 (0x00001a5d) c.addi  s4, -9
core   0: 3 0x80000164 (0x1a5d) x20 0x00000001
core   0: 0x80000166 (0xffba7be3) bgeu    s4, s11, pc - 10
core   0: 3 0x80000166 (0xffba7be3)
core   0: 0x8000016a (0x00008c69) c.and   s0, a0
core   0: 3 0x8000016a (0x8c69) x 8 0x00000081
core   0: 0x8000016c (0x012b9613) slli    a2, s7, 18
core   0: 3 0x8000016c (0x012b9613) x12 0xfffc0000
core   0: 0x80000170 (0x01f28033) add     zero, t0, t6
core   0: 3 0x80000170 (0x01f28033)
core   0: 0x80000174 (0x03aa89b3) mul     s3, s5, s10
core   0: 3 0x80000174 (0x03aa89b3) x19 0x22a406c8
core   0: 0x80000178 (0x02a43733) mulhu   a4, s0, a0
core   0: 3 0x80000178 (0x02a43733) x14 0x00000000
core   0: 0x8000017c (0x00000001) c.nop
core   0: 3 0x8000017c (0x0001)
core   0: 0x8000017e (0x5d0fd837) lui     a6, 0x5d0fd
core   0: 3 0x8000017e (0x5d0fd837) x16 0x5d0fd000
core   0: 0x80000182 (0x00006279) c.lui   tp, 0x1e
core   0: 3 0x80000182 (0x6279) x 4 0x0001e000
core   0: 0x80000184 (0x0120c733) xor     a4, ra, s2
core   0: 3 0x80000184 (0x0120c733) x14 0x0358f000
core   0: 0x80000188 (0x010ee733) or      a4, t4, a6
core   0: 3 0x80000188 (0x010ee733) x14 0x5d0fd001
core   0: 0x8000018c (0xfa97d5e3) bge     a5, s1, pc - 86
core   0: 3 0x8000018c (0xfa97d5e3)
core   0: 0x80000136 (0x0358f937) lui     s2, 0x358f
core   0: 3 0x80000136 (0x0358f937) x18 0x0358f000
core   0: 0x8000013a (0x00847d33) and     s10, s0, s0
core   0: 3 0x8000013a (0x00847d33) x26 0x00000081
core   0: 0x8000013e (0x00d8cd33) xor     s10, a7, a3
core   0: 3 0x8000013e (0x00d8cd33) x26 0xac208e0c
core   0: 0x80000142 (0x0000843d) c.srai  s0, 15
core   0: 3 0x80000142 (0x843d) x 8 0x00000000
core   0: 0x80000144 (0x000017ed) c.addi  a5, -5
core   0: 3 0x80000144 (0x17ed) x15 0xfffffffa
core   0: 0x80000146 (0x0395e733) rem     a4, a1, s9
core   0: 3 0x80000146 (0x0395e733) x14 0x00000103
core   0: 0x8000014a (0x00a00a13) li      s4, 10
core   0: 3 0x8000014a (0x00a00a13) x20 0x0000000a
core   0: 0x8000014e (0x40a78c33) sub     s8, a5, a0
core   0: 3 0x8000014e (0x40a78c33) x24 0xfffff959
core   0: 0x80000152 (0x00a00d93) li      s11, 10
core   0: 3 0x80000152 (0x00a00d93) x27 0x0000000a
core   0: 0x80000156 (0x0000611d) c.addi16sp sp, 416
core   0: 3 0x80000156 (0x611d) x 2 0x8000911c
core   0: 0x80000158 (0x0361a233) mulhsu  tp, gp, s6
core   0: 3 0x80000158 (0x0361a233) x 4 0x00000000
core   0: 0x8000015c (0x00a50d33) add     s10, a0, a0
core   0: 3 0x8000015c (0x00a50d33) x26 0x00000d42
core   0: 0x80000160 (0x40975c93) srai    s9, a4, 9
core   0: 3 0x80000160 (0x40975c93) x25 0x00000000
core   0: 0x80000164 (0x00001a5d) c.addi  s4, -9
core   0: 3 0x80000164 (0x1a5d) x20 0x00000001
core   0: 0x80000166 (0xffba7be3) bgeu    s4, s11, pc - 10
core   0: 3 0x80000166 (0xffba7be3)
core   0: 0x8000016a (0x00008c69) c.and   s0, a0
core   0: 3 0x8000016a (0x8c69) x 8 0x00000000
core   0: 0x8000016c (0x012b9613) slli    a2, s7, 18
core   0: 3 0x8000016c (0x012b9613) x12 0xfffc0000
core   0: 0x80000170 (0x01f28033) add     zero, t0, t6
core   0: 3 0x80000170 (0x01f28033)
core   0: 0x80000174 (0x03aa89b3) mul     s3, s5, s10
core   0: 3 0x80000174 (0x03aa89b3) x19 0x22a406c8
core   0: 0x80000178 (0x02a43733) mulhu   a4, s0, a0
core   0: 3 0x80000178 (0x02a43733) x14 0x00000000
core   0: 0x8000017c (0x00000001) c.nop
core   0: 3 0x8000017c (0x0001)
core   0: 0x8000017e (0x5d0fd837) lui     a6, 0x5d0fd
core   0: 3 0x8000017e (0x5d0fd837) x16 0x5d0fd000
core   0: 0x80000182 (0x00006279) c.lui   tp, 0x1e
core   0: 3 0x80000182 (0x6279) x 4 0x0001e000
core   0: 0x80000184 (0x0120c733) xor     a4, ra, s2
core   0: 3 0x80000184 (0x0120c733) x14 0x0358f000
core   0: 0x80000188 (0x010ee733) or      a4, t4, a6
core   0: 3 0x80000188 (0x010ee733) x14 0x5d0fd001
core   0: 0x8000018c (0xfa97d5e3) bge     a5, s1, pc - 86
core   0: 3 0x8000018c (0xfa97d5e3)
core   0: 0x80000136 (0x0358f937) lui     s2, 0x358f
core   0: 3 0x80000136 (0x0358f937) x18 0x0358f000
core   0: 0x8000013a (0x00847d33) and     s10, s0, s0
core   0: 3 0x8000013a (0x00847d33) x26 0x00000000
core   0: 0x8000013e (0x00d8cd33) xor     s10, a7, a3
core   0: 3 0x8000013e (0x00d8cd33) x26 0xac208e0c
core   0: 0x80000142 (0x0000843d) c.srai  s0, 15
core   0: 3 0x80000142 (0x843d) x 8 0x00000000
core   0: 0x80000144 (0x000017ed) c.addi  a5, -5
core   0: 3 0x80000144 (0x17ed) x15 0xfffffff5
core   0: 0x80000146 (0x0395e733) rem     a4, a1, s9
core   0: 3 0x80000146 (0x0395e733) x14 0x01a73103
core   0: 0x8000014a (0x00a00a13) li      s4, 10
core   0: 3 0x8000014a (0x00a00a13) x20 0x0000000a
core   0: 0x8000014e (0x40a78c33) sub     s8, a5, a0
core   0: 3 0x8000014e (0x40a78c33) x24 0xfffff954
core   0: 0x80000152 (0x00a00d93) li      s11, 10
core   0: 3 0x80000152 (0x00a00d93) x27 0x0000000a
core   0: 0x80000156 (0x0000611d) c.addi16sp sp, 416
core   0: 3 0x80000156 (0x611d) x 2 0x800092bc
core   0: 0x80000158 (0x0361a233) mulhsu  tp, gp, s6
core   0: 3 0x80000158 (0x0361a233) x 4 0x00000000
core   0: 0x8000015c (0x00a50d33) add     s10, a0, a0
core   0: 3 0x8000015c (0x00a50d33) x26 0x00000d42
core   0: 0x80000160 (0x40975c93) srai    s9, a4, 9
core   0: 3 0x80000160 (0x40975c93) x25 0x0000d398
core   0: 0x80000164 (0x00001a5d) c.addi  s4, -9
core   0: 3 0x80000164 (0x1a5d) x20 0x00000001
core   0: 0x80000166 (0xffba7be3) bgeu    s4, s11, pc - 10
core   0: 3 0x80000166 (0xffba7be3)
core   0: 0x8000016a (0x00008c69) c.and   s0, a0
core   0: 3 0x8000016a (0x8c69) x 8 0x00000000
core   0: 0x8000016c (0x012b9613) slli    a2, s7, 18
core   0: 3 0x8000016c (0x012b9613) x12 0xfffc0000
core   0: 0x80000170 (0x01f28033) add     zero, t0, t6
core   0: 3 0x80000170 (0x01f28033)
core   0: 0x80000174 (0x03aa89b3) mul     s3, s5, s10
core   0: 3 0x80000174 (0x03aa89b3) x19 0x22a406c8
core   0: 0x80000178 (0x02a43733) mulhu   a4, s0, a0
core   0: 3 0x80000178 (0x02a43733) x14 0x00000000
core   0: 0x8000017c (0x00000001) c.nop
core   0: 3 0x8000017c (0x0001)
core   0: 0x8000017e (0x5d0fd837) lui     a6, 0x5d0fd
core   0: 3 0x8000017e (0x5d0fd837) x16 0x5d0fd000
core   0: 0x80000182 (0x00006279) c.lui   tp, 0x1e
core   0: 3 0x80000182 (0x6279) x 4 0x0001e000
core   0: 0x80000184 (0x0120c733) xor     a4, ra, s2
core   0: 3 0x80000184 (0x0120c733) x14 0x0358f000
core   0: 0x80000188 (0x010ee733) or      a4, t4, a6
core   0: 3 0x80000188 (0x010ee733) x14 0x5d0fd001
core   0: 0x8000018c (0xfa97d5e3) bge     a5, s1, pc - 86
core   0: 3 0x8000018c (0xfa97d5e3)
core   0: 0x80000136 (0x0358f937) lui     s2, 0x358f
core   0: 3 0x80000136 (0x0358f937) x18 0x0358f000
core   0: 0x8000013a (0x00847d33) and     s10, s0, s0
core   0: 3 0x8000013a (0x00847d33) x26 0x00000000
core   0: 0x8000013e (0x00d8cd33) xor     s10, a7, a3
core   0: 3 0x8000013e (0x00d8cd33) x26 0xac208e0c
core   0: 0x80000142 (0x0000843d) c.srai  s0, 15
core   0: 3 0x80000142 (0x843d) x 8 0x00000000
core   0: 0x80000144 (0x000017ed) c.addi  a5, -5
core   0: 3 0x80000144 (0x17ed) x15 0xfffffff0
core   0: 0x80000146 (0x0395e733) rem     a4, a1, s9
core   0: 3 0x80000146 (0x0395e733) x14 0x00000103
core   0: 0x8000014a (0x00a00a13) li      s4, 10
core   0: 3 0x8000014a (0x00a00a13) x20 0x0000000a
core   0: 0x8000014e (0x40a78c33) sub     s8, a5, a0
core   0: 3 0x8000014e (0x40a78c33) x24 0xfffff94f
core   0: 0x80000152 (0x00a00d93) li      s11, 10
core   0: 3 0x80000152 (0x00a00d93) x27 0x0000000a
core   0: 0x80000156 (0x0000611d) c.addi16sp sp, 416
core   0: 3 0x80000156 (0x611d) x 2 0x8000945c
core   0: 0x80000158 (0x0361a233) mulhsu  tp, gp, s6
core   0: 3 0x80000158 (0x0361a233) x 4 0x00000000
core   0: 0x8000015c (0x00a50d33) add     s10, a0, a0
core   0: 3 0x8000015c (0x00a50d33) x26 0x00000d42
core   0: 0x80000160 (0x40975c93) srai    s9, a4, 9
core   0: 3 0x80000160 (0x40975c93) x25 0x00000000
core   0: 0x80000164 (0x00001a5d) c.addi  s4, -9
core   0: 3 0x80000164 (0x1a5d) x20 0x00000001
core   0: 0x80000166 (0xffba7be3) bgeu    s4, s11, pc - 10
core   0: 3 0x80000166 (0xffba7be3)
core   0: 0x8000016a (0x00008c69) c.and   s0, a0
core   0: 3 0x8000016a (0x8c69) x 8 0x00000000
core   0: 0x8000016c (0x012b9613) slli    a2, s7, 18
core   0: 3 0x8000016c (0x012b9613) x12 0xfffc0000
core   0: 0x80000170 (0x01f28033) add     zero, t0, t6
core   0: 3 0x80000170 (0x01f28033)
core   0: 0x80000174 (0x03aa89b3) mul     s3, s5, s10
core   0: 3 0x80000174 (0x03aa89b3) x19 0x22a406c8
core   0: 0x80000178 (0x02a43733) mulhu   a4, s0, a0
core   0: 3 0x80000178 (0x02a43733) x14 0x00000000
core   0: 0x8000017c (0x00000001) c.nop
core   0: 3 0x8000017c (0x0001)
core   0: 0x8000017e (0x5d0fd837) lui     a6, 0x5d0fd
core   0: 3 0x8000017e (0x5d0fd837) x16 0x5d0fd000
core   0: 0x80000182 (0x00006279) c.lui   tp, 0x1e
core   0: 3 0x80000182 (0x6279) x 4 0x0001e000
core   0: 0x80000184 (0x0120c733) xor     a4, ra, s2
core   0: 3 0x80000184 (0x0120c733) x14 0x0358f000
core   0: 0x80000188 (0x010ee733) or      a4, t4, a6
core   0: 3 0x80000188 (0x010ee733) x14 0x5d0fd001
core   0: 0x8000018c (0xfa97d5e3) bge     a5, s1, pc - 86
core   0: 3 0x8000018c (0xfa97d5e3)
core   0: 0x80000190 (0x00a3df13) srli    t5, t2, 10
core   0: 3 0x80000190 (0x00a3df13) x30 0x00200097
core   0: 0x80000194 (0x0100026f) jal     tp, pc + 0x10
core   0: 3 0x80000194 (0x0100026f) x 4 0x80000198
core   0: 0x800001a4 (0x0000a039) c.j     pc + 14
core   0: 3 0x800001a4 (0xa039)
core   0: 0x800001b2 (0xfefff0ef) jal     pc - 0x12
core   0: 3 0x800001b2 (0xfefff0ef) x 1 0x800001b6
core   0: 0x800001a0 (0xffdff1ef) jal     gp, pc - 0x4
core   0: 3 0x800001a0 (0xffdff1ef) x 3 0x800001a4
core   0: 0x8000019c (0x01e000ef) jal     pc + 0x1e
core   0: 3 0x8000019c (0x01e000ef) x 1 0x800001a0
core   0: 0x800001ba (0x0000bff9) c.j     pc - 34
core   0: 3 0x800001ba (0xbff9)
core   0: 0x80000198 (0x014000ef) jal     pc + 0x14
core   0: 3 0x80000198 (0x014000ef) x 1 0x8000019c
core   0: 0x800001ac (0x00003fed) c.jal   pc - 6
core   0: 3 0x800001ac (0x3fed) x 1 0x800001ae
core   0: 0x800001a6 (0x00002011) c.jal   pc + 4
core   0: 3 0x800001a6 (0x2011) x 1 0x800001a8
core   0: 0x800001aa (0x0000a011) c.j     pc + 4
core   0: 3 0x800001aa (0xa011)
core   0: 0x800001ae (0x00003fed) c.jal   pc - 6
core   0: 3 0x800001ae (0x3fed) x 1 0x800001b0
core   0: 0x800001a8 (0x00002021) c.jal   pc + 8
core   0: 3 0x800001a8 (0x2021) x 1 0x800001aa
core   0: 0x800001b0 (0x0000a019) c.j     pc + 6
core   0: 3 0x800001b0 (0xa019)
core   0: 0x800001b6 (0x0060036f) jal     t1, pc + 0x6
core   0: 3 0x800001b6 (0x0060036f) x 6 0x800001ba
core   0: 0x800001bc (0x41e20433) sub     s0, tp, t5
core   0: 3 0x800001bc (0x41e20433) x 8 0x7fe00101
core   0: 0x800001c0 (0x0180026f) jal     tp, pc + 0x18
core   0: 3 0x800001c0 (0x0180026f) x 4 0x800001c4
core   0: 0x800001d8 (0x0000bfed) c.j     pc - 6
core   0: 3 0x800001d8 (0xbfed)
core   0: 0x800001d2 (0x00002011) c.jal   pc + 4
core   0: 3 0x800001d2 (0x2011) x 1 0x800001d4
core   0: 0x800001d6 (0x0000bfed) c.j     pc - 6
core   0: 3 0x800001d6 (0xbfed)
core   0: 0x800001d0 (0x00002029) c.jal   pc + 10
core   0: 3 0x800001d0 (0x2029) x 1 0x800001d2
core   0: 0x800001da (0x00003fed) c.jal   pc - 6
core   0: 3 0x800001da (0x3fed) x 1 0x800001dc
core   0: 0x800001d4 (0x00003fed) c.jal   pc - 6
core   0: 3 0x800001d4 (0x3fed) x 1 0x800001d6
core   0: 0x800001ce (0x0000bfed) c.j     pc - 6
core   0: 3 0x800001ce (0xbfed)
core   0: 0x800001c8 (0x00002009) c.jal   pc + 2
core   0: 3 0x800001c8 (0x2009) x 1 0x800001ca
core   0: 0x800001ca (0x0120026f) jal     tp, pc + 0x12
core   0: 3 0x800001ca (0x0120026f) x 4 0x800001ce
core   0: 0x800001dc (0x0000a009) c.j     pc + 2
core   0: 3 0x800001dc (0xa009)
core   0: 0x800001de (0x00002009) c.jal   pc + 2
core   0: 3 0x800001de (0x2009) x 1 0x800001e0
core   0: 0x800001e0 (0x00002009) c.jal   pc + 2
core   0: 3 0x800001e0 (0x2009) x 1 0x800001e2
core   0: 0x800001e2 (0x0000b7cd) c.j     pc - 30
core   0: 3 0x800001e2 (0xb7cd)
core   0: 0x800001c4 (0x020000ef) jal     pc + 0x20
core   0: 3 0x800001c4 (0x020000ef) x 1 0x800001c8
core   0: 0x800001e4 (0x008d9033) sll     zero, s11, s0
core   0: 3 0x800001e4 (0x008d9033)
core   0: 0x800001e8 (0xffe00e93) li      t4, -2
core   0: 3 0x800001e8 (0xffe00e93) x29 0xfffffffe
core   0: 0x800001ec (0x02af8633) mul     a2, t6, a0
core   0: 3 0x800001ec (0x02af8633) x12 0x0b99c000
core   0: 0x800001f0 (0x016439b3) sltu    s3, s0, s6
core   0: 3 0x800001f0 (0x016439b3) x19 0x00000000
core   0: 0x800001f4 (0x0000717d) c.addi16sp sp, -16
core   0: 3 0x800001f4 (0x717d) x 2 0x8000944c
core   0: 0x800001f6 (0xff600193) li      gp, -10
core   0: 3 0x800001f6 (0xff600193) x 3 0xfffffff6
core   0: 0x800001fa (0x0000021a) c.slli  tp, 6
core   0: 3 0x800001fa (0x021a) x 4 0x00007380
core   0: 0x800001fc (0x0ff0000f) fence   iorw,iorw
core   0: 3 0x800001fc (0x0ff0000f)
core   0: 0x80000200 (0x00dae133) or      sp, s5, a3
core   0: 3 0x80000200 (0x00dae133) x 2 0x80029eec
core   0: 0x80000204 (0x00001ef1) c.addi  t4, -4
core   0: 3 0x80000204 (0x1ef1) x29 0xfffffffa
core   0: 0x80000206 (0x00009e5e) c.add   t3, s7
core   0: 3 0x80000206 (0x9e5e) x28 0x000006a1
core   0: 0x80000208 (0x403fd513) srai    a0, t6, 3
core   0: 3 0x80000208 (0x403fd513) x10 0x00003800
core   0: 0x8000020c (0x00006bc1) c.lui   s7, 0x10
core   0: 3 0x8000020c (0x6bc1) x23 0x00010000
core   0: 0x8000020e (0x00008779) c.srai  a4, 30
core   0: 3 0x8000020e (0x8779) x14 0x00000001
core   0: 0x80000210 (0x0087e233) or      tp, a5, s0
core   0: 3 0x80000210 (0x0087e233) x 4 0xfffffff1
core   0: 0x80000214 (0x0ff0000f) fence   iorw,iorw
core   0: 3 0x80000214 (0x0ff0000f)
core   0: 0x80000218 (0x0371dcb3) divu    s9, gp, s7
core   0: 3 0x80000218 (0x0371dcb3) x25 0x0000ffff
core   0: 0x8000021c (0xff700793) li      a5, -9
core   0: 3 0x8000021c (0xff700793) x15 0xfffffff7
core   0: 0x80000220 (0x0ff0000f) fence   iorw,iorw
core   0: 3 0x80000220 (0x0ff0000f)
core   0: 0x80000224 (0x00f00913) li      s2, 15
core   0: 3 0x80000224 (0x00f00913) x18 0x0000000f
core   0: 0x80000228 (0xbf1e8b13) addi    s6, t4, -1039
core   0: 3 0x80000228 (0xbf1e8b13) x22 0xfffffbeb
core   0: 0x8000022c (0x00000799) c.addi  a5, 6
core   0: 3 0x8000022c (0x0799) x15 0xfffffffd
core   0: 0x8000022e (0x02e470b3) remu    ra, s0, a4
core   0: 3 0x8000022e (0x02e470b3) x 1 0x00000000
core   0: 0x80000232 (0x00000001) c.nop
core   0: 3 0x80000232 (0x0001)
core   0: 0x80000234 (0x0000100f) fence.i
core   0: 3 0x80000234 (0x0000100f)
core   0: 0x80000238 (0xff27e8e3) bltu    a5, s2, pc - 16
core   0: 3 0x80000238 (0xff27e8e3)
core   0: 0x8000023c (0x4122dd33) sra     s10, t0, s2
core   0: 3 0x8000023c (0x4122dd33) x26 0x00000000
core   0: 0x80000240 (0xfc3ed0e3) bge     t4, gp, pc - 64
core   0: 3 0x80000240 (0xfc3ed0e3)
core   0: 0x80000200 (0x00dae133) or      sp, s5, a3
core   0: 3 0x80000200 (0x00dae133) x 2 0x80029eec
core   0: 0x80000204 (0x00001ef1) c.addi  t4, -4
core   0: 3 0x80000204 (0x1ef1) x29 0xfffffff6
core   0: 0x80000206 (0x00009e5e) c.add   t3, s7
core   0: 3 0x80000206 (0x9e5e) x28 0x000106a1
core   0: 0x80000208 (0x403fd513) srai    a0, t6, 3
core   0: 3 0x80000208 (0x403fd513) x10 0x00003800
core   0: 0x8000020c (0x00006bc1) c.lui   s7, 0x10
core   0: 3 0x8000020c (0x6bc1) x23 0x00010000
core   0: 0x8000020e (0x00008779) c.srai  a4, 30
core   0: 3 0x8000020e (0x8779) x14 0x00000000
core   0: 0x80000210 (0x0087e233) or      tp, a5, s0
core   0: 3 0x80000210 (0x0087e233) x 4 0xfffffffd
core   0: 0x80000214 (0x0ff0000f) fence   iorw,iorw
core   0: 3 0x80000214 (0x0ff0000f)
core   0: 0x80000218 (0x0371dcb3) divu    s9, gp, s7
core   0: 3 0x80000218 (0x0371dcb3) x25 0x0000ffff
core   0: 0x8000021c (0xff700793) li      a5, -9
core   0: 3 0x8000021c (0xff700793) x15 0xfffffff7
core   0: 0x80000220 (0x0ff0000f) fence   iorw,iorw
core   0: 3 0x80000220 (0x0ff0000f)
core   0: 0x80000224 (0x00f00913) li      s2, 15
core   0: 3 0x80000224 (0x00f00913) x18 0x0000000f
core   0: 0x80000228 (0xbf1e8b13) addi    s6, t4, -1039
core   0: 3 0x80000228 (0xbf1e8b13) x22 0xfffffbe7
core   0: 0x8000022c (0x00000799) c.addi  a5, 6
core   0: 3 0x8000022c (0x0799) x15 0xfffffffd
core   0: 0x8000022e (0x02e470b3) remu    ra, s0, a4
core   0: 3 0x8000022e (0x02e470b3) x 1 0x7fe00101
core   0: 0x80000232 (0x00000001) c.nop
core   0: 3 0x80000232 (0x0001)
core   0: 0x80000234 (0x0000100f) fence.i
core   0: 3 0x80000234 (0x0000100f)
core   0: 0x80000238 (0xff27e8e3) bltu    a5, s2, pc - 16
core   0: 3 0x80000238 (0xff27e8e3)
core   0: 0x8000023c (0x4122dd33) sra     s10, t0, s2
core   0: 3 0x8000023c (0x4122dd33) x26 0x00000000
core   0: 0x80000240 (0xfc3ed0e3) bge     t4, gp, pc - 64
core   0: 3 0x80000240 (0xfc3ed0e3)
core   0: 0x80000200 (0x00dae133) or      sp, s5, a3
core   0: 3 0x80000200 (0x00dae133) x 2 0x80029eec
core   0: 0x80000204 (0x00001ef1) c.addi  t4, -4
core   0: 3 0x80000204 (0x1ef1) x29 0xfffffff2
core   0: 0x80000206 (0x00009e5e) c.add   t3, s7
core   0: 3 0x80000206 (0x9e5e) x28 0x000206a1
core   0: 0x80000208 (0x403fd513) srai    a0, t6, 3
core   0: 3 0x80000208 (0x403fd513) x10 0x00003800
core   0: 0x8000020c (0x00006bc1) c.lui   s7, 0x10
core   0: 3 0x8000020c (0x6bc1) x23 0x00010000
core   0: 0x8000020e (0x00008779) c.srai  a4, 30
core   0: 3 0x8000020e (0x8779) x14 0x00000000
core   0: 0x80000210 (0x0087e233) or      tp, a5, s0
core   0: 3 0x80000210 (0x0087e233) x 4 0xfffffffd
core   0: 0x80000214 (0x0ff0000f) fence   iorw,iorw
core   0: 3 0x80000214 (0x0ff0000f)
core   0: 0x80000218 (0x0371dcb3) divu    s9, gp, s7
core   0: 3 0x80000218 (0x0371dcb3) x25 0x0000ffff
core   0: 0x8000021c (0xff700793) li      a5, -9
core   0: 3 0x8000021c (0xff700793) x15 0xfffffff7
core   0: 0x80000220 (0x0ff0000f) fence   iorw,iorw
core   0: 3 0x80000220 (0x0ff0000f)
core   0: 0x80000224 (0x00f00913) li      s2, 15
core   0: 3 0x80000224 (0x00f00913) x18 0x0000000f
core   0: 0x80000228 (0xbf1e8b13) addi    s6, t4, -1039
core   0: 3 0x80000228 (0xbf1e8b13) x22 0xfffffbe3
core   0: 0x8000022c (0x00000799) c.addi  a5, 6
core   0: 3 0x8000022c (0x0799) x15 0xfffffffd
core   0: 0x8000022e (0x02e470b3) remu    ra, s0, a4
core   0: 3 0x8000022e (0x02e470b3) x 1 0x7fe00101
core   0: 0x80000232 (0x00000001) c.nop
core   0: 3 0x80000232 (0x0001)
core   0: 0x80000234 (0x0000100f) fence.i
core   0: 3 0x80000234 (0x0000100f)
core   0: 0x80000238 (0xff27e8e3) bltu    a5, s2, pc - 16
core   0: 3 0x80000238 (0xff27e8e3)
core   0: 0x8000023c (0x4122dd33) sra     s10, t0, s2
core   0: 3 0x8000023c (0x4122dd33) x26 0x00000000
core   0: 0x80000240 (0xfc3ed0e3) bge     t4, gp, pc - 64
core   0: 3 0x80000240 (0xfc3ed0e3)
core   0: 0x80000244 (0x0000717d) c.addi16sp sp, -16
core   0: 3 0x80000244 (0x717d) x 2 0x80029edc
core   0: 0x80000246 (0x00014817) auipc   a6, 0x14
core   0: 3 0x80000246 (0x00014817) x16 0x80014246
core   0: 0x8000024a (0x8ed80813) addi    a6, a6, -1811
core   0: 3 0x8000024a (0x8ed80813) x16 0x80013b33
core   0: 0x8000024e (0xfe880a23) sb      s0, -12(a6)
core   0: 3 0x8000024e (0xfe880a23) mem 0x80013b27 0x1
core   0: 0x80000252 (0xfe880a23) sb      s0, -12(a6)
core   0: 3 0x80000252 (0xfe880a23) mem 0x80013b27 0x1
core   0: 0x80000256 (0x000000de) c.slli  ra, 23
core   0: 3 0x80000256 (0x00de) x 1 0x80800000
core   0: 0x80000258 (0x00006d51) c.lui   s10, 0x14
core   0: 3 0x80000258 (0x6d51) x26 0x00014000
core   0: 0x8000025a (0xff184c83) lbu     s9, -15(a6)
core   0: 3 0x8000025a (0xff184c83) x25 0x00000000 mem 0x80013b24
core   0: 0x8000025e (0xffd85d83) lhu     s11, -3(a6)
core   0: 3 0x8000025e (0xffd85d83) x27 0x00000000 mem 0x80013b30
core   0: 0x80000262 (0x03f962b3) rem     t0, s2, t6
core   0: 3 0x80000262 (0x03f962b3) x 5 0x0000000f
core   0: 0x80000266 (0x03c09433) mulh    s0, ra, t3
core   0: 3 0x80000266 (0x03c09433) x 8 0xfffefdb2
core   0: 0x8000026a (0xffd80503) lb      a0, -3(a6)
core   0: 3 0x8000026a (0xffd80503) x10 0x00000000 mem 0x80013b30
core   0: 0x8000026e (0xfe980d23) sb      s1, -6(a6)
core   0: 3 0x8000026e (0xfe980d23) mem 0x80013b2d 0xf5
core   0: 0x80000272 (0x4015da33) sra     s4, a1, ra
core   0: 3 0x80000272 (0x4015da33) x20 0x01a73103
core   0: 0x80000276 (0x00000001) c.nop
core   0: 3 0x80000276 (0x0001)
core   0: 0x80000278 (0xfeb80d23) sb      a1, -6(a6)
core   0: 3 0x80000278 (0xfeb80d23) mem 0x80013b2d 0x3
core   0: 0x8000027c (0xff480d23) sb      s4, -6(a6)
core   0: 3 0x8000027c (0xff480d23) mem 0x80013b2d 0x3
core   0: 0x80000280 (0x00980423) sb      s1, 8(a6)
core   0: 3 0x80000280 (0x00980423) mem 0x80013b3b 0xf5
core   0: 0x80000284 (0x01280423) sb      s2, 8(a6)
core   0: 3 0x80000284 (0x01280423) mem 0x80013b3b 0xf
core   0: 0x80000288 (0xfe5818a3) sh      t0, -15(a6)
core   0: 3 0x80000288 (0xfe5818a3) mem 0x80013b24 0x000f
core   0: 0x8000028c (0xff180483) lb      s1, -15(a6)
core   0: 3 0x8000028c (0xff180483) x 9 0x0000000f mem 0x80013b24
core   0: 0x80000290 (0x00a84103) lbu     sp, 10(a6)
core   0: 3 0x80000290 (0x00a84103) x 2 0x00000000 mem 0x80013b3d
core   0: 0x80000294 (0x0180026f) jal     tp, pc + 0x18
core   0: 3 0x80000294 (0x0180026f) x 4 0x80000298
core   0: 0x800002ac (0x00002031) c.jal   pc + 12
core   0: 3 0x800002ac (0x2031) x 1 0x800002ae
core   0: 0x800002b8 (0xfe1ff0ef) jal     pc - 0x20
core   0: 3 0x800002b8 (0xfe1ff0ef) x 1 0x800002bc
core   0: 0x80000298 (0x00c0036f) jal     t1, pc + 0xc
core   0: 3 0x80000298 (0x00c0036f) x 6 0x8000029c
core   0: 0x800002a4 (0x00002031) c.jal   pc + 12
core   0: 3 0x800002a4 (0x2031) x 1 0x800002a6
core   0: 0x800002b0 (0xfedffbef) jal     s7, pc - 0x14
core   0: 3 0x800002b0 (0xfedffbef) x23 0x800002b4
core   0: 0x8000029c (0x0000a821) c.j     pc + 24
core   0: 3 0x8000029c (0xa821)
core   0: 0x800002b4 (0xff5ff86f) jal     a6, pc - 0xc
core   0: 3 0x800002b4 (0xff5ff86f) x16 0x800002b8
core   0: 0x800002a8 (0xffbff36f) jal     t1, pc - 0x6
core   0: 3 0x800002a8 (0xffbff36f) x 6 0x800002ac
core   0: 0x800002a2 (0x0000bff5) c.j     pc - 4
core   0: 3 0x800002a2 (0xbff5)
core   0: 0x8000029e (0x0080016f) jal     sp, pc + 0x8
core   0: 3 0x8000029e (0x0080016f) x 2 0x800002a2
core   0: 0x800002a6 (0x0000a819) c.j     pc + 22
core   0: 3 0x800002a6 (0xa819)
core   0: 0x800002bc (0x0000bfcd) c.j     pc - 14
core   0: 3 0x800002bc (0xbfcd)
core   0: 0x800002ae (0x0000a801) c.j     pc + 16
core   0: 3 0x800002ae (0xa801)
core   0: 0x800002be (0x00006175) c.addi16sp sp, 368
core   0: 3 0x800002be (0x6175) x 2 0x80000412
core   0: 0x800002c0 (0x00010997) auipc   s3, 0x10
core   0: 3 0x800002c0 (0x00010997) x19 0x800102c0
core   0: 0x800002c4 (0x1a198993) addi    s3, s3, 417
core   0: 3 0x800002c4 (0x1a198993) x19 0x80010461
core   0: 0x800002c8 (0x00011297) auipc   t0, 0x11
core   0: 3 0x800002c8 (0x00011297) x 5 0x800112c8
core   0: 0x800002cc (0xbfd28293) addi    t0, t0, -1027
core   0: 3 0x800002cc (0xbfd28293) x 5 0x80010ec5
core   0: 0x800002d0 (0x0082c083) lbu     ra, 8(t0)
core   0: 3 0x800002d0 (0x0082c083) x 1 0x00000000 mem 0x80010ecd
core   0: 0x800002d4 (0x05d9afa3) sw      t4, 95(s3)
core   0: 3 0x800002d4 (0x05d9afa3) mem 0x800104c0 0xfffffff2
core   0: 0x800002d8 (0x00010197) auipc   gp, 0x10
core   0: 3 0x800002d8 (0x00010197) x 3 0x800102d8
core   0: 0x800002dc (0x7d118193) addi    gp, gp, 2001
core   0: 3 0x800002dc (0x7d118193) x 3 0x80010aa9
core   0: 0x800002e0 (0x01628703) lb      a4, 22(t0)
core   0: 3 0x800002e0 (0x01628703) x14 0x00000000 mem 0x80010edb
core   0: 0x800002e4 (0xf0a9aba3) sw      a0, -233(s3)
core   0: 3 0x800002e4 (0xf0a9aba3) mem 0x80010378 0x00000000
core   0: 0x800002e8 (0x00010f97) auipc   t6, 0x10
core   0: 3 0x800002e8 (0x00010f97) x31 0x800102e8
core   0: 0x800002ec (0x6adf8f93) addi    t6, t6, 1709
core   0: 3 0x800002ec (0x6adf8f93) x31 0x80010995
core   0: 0x800002f0 (0x0b599ca3) sh      s5, 185(s3)
core   0: 3 0x800002f0 (0x0b599ca3) mem 0x8001051a 0x9ce4
core   0: 0x800002f4 (0x087fa603) lw      a2, 135(t6)
core   0: 3 0x800002f4 (0x087fa603) x12 0x00000000 mem 0x80010a1c
core   0: 0x800002f8 (0xff31ce03) lbu     t3, -13(gp)
core   0: 3 0x800002f8 (0xff31ce03) x28 0x00000000 mem 0x80010a9c
core   0: 0x800002fc (0xfd3f95a3) sh      s3, -53(t6)
core   0: 3 0x800002fc (0xfd3f95a3) mem 0x80010960 0x0461
core   0: 0x80000300 (0x00010b17) auipc   s6, 0x10
core   0: 3 0x80000300 (0x00010b17) x22 0x80010300
core   0: 0x80000304 (0x317b0b13) addi    s6, s6, 791
core   0: 3 0x80000304 (0x317b0b13) x22 0x80010617
core   0: 0x80000308 (0xff02c903) lbu     s2, -16(t0)
core   0: 3 0x80000308 (0xff02c903) x18 0x00000000 mem 0x80010eb5
core   0: 0x8000030c (0xfc42c303) lbu     t1, -60(t0)
core   0: 3 0x8000030c (0xfc42c303) x 6 0x00000000 mem 0x80010e89
core   0: 0x80000310 (0xfbd98523) sb      t4, -86(s3)
core   0: 3 0x80000310 (0xfbd98523) mem 0x8001040b 0xf2
core   0: 0x80000314 (0x013196a3) sh      s3, 13(gp)
core   0: 3 0x80000314 (0x013196a3) mem 0x80010ab6 0x0461
core   0: 0x80000318 (0x02199e03) lh      t3, 33(s3)
core   0: 3 0x80000318 (0x02199e03) x28 0x00000000 mem 0x80010482
core   0: 0x8000031c (0x00218403) lb      s0, 2(gp)
core   0: 3 0x8000031c (0x00218403) x 8 0x00000000 mem 0x80010aab
core   0: 0x80000320 (0xfda2c083) lbu     ra, -38(t0)
core   0: 3 0x80000320 (0xfda2c083) x 1 0x00000000 mem 0x80010e9f
core   0: 0x80000324 (0x03fb0523) sb      t6, 42(s6)
core   0: 3 0x80000324 (0x03fb0523) mem 0x80010641 0x95
core   0: 0x80000328 (0x0a19de03) lhu     t3, 161(s3)
core   0: 3 0x80000328 (0x0a19de03) x28 0x00000000 mem 0x80010502
core   0: 0x8000032c (0xff5198a3) sh      s5, -15(gp)
core   0: 3 0x8000032c (0xff5198a3) mem 0x80010a9a 0x9ce4
core   0: 0x80000330 (0x0109cf03) lbu     t5, 16(s3)
core   0: 3 0x80000330 (0x0109cf03) x30 0x00000000 mem 0x80010471
core   0: 0x80000334 (0x02d2de83) lhu     t4, 45(t0)
core   0: 3 0x80000334 (0x02d2de83) x29 0x00000000 mem 0x80010ef2
core   0: 0x80000338 (0xff4b04a3) sb      s4, -23(s6)
core   0: 3 0x80000338 (0xff4b04a3) mem 0x80010600 0x3
core   0: 0x8000033c (0x00d1d683) lhu     a3, 13(gp)
core   0: 3 0x8000033c (0x00d1d683) x13 0x00000461 mem 0x80010ab6
core   0: 0x80000340 (0x4aaf8603) lb      a2, 1194(t6)
core   0: 3 0x80000340 (0x4aaf8603) x12 0x00000000 mem 0x80010e3f
core   0: 0x80000344 (0x0489c303) lbu     t1, 72(s3)
core   0: 3 0x80000344 (0x0489c303) x 6 0x00000000 mem 0x800104a9
core   0: 0x80000348 (0x0099dd03) lhu     s10, 9(s3)
core   0: 3 0x80000348 (0x0099dd03) x26 0x00000000 mem 0x8001046a
core   0: 0x8000034c (0xfe9b5f03) lhu     t5, -23(s6)
core   0: 3 0x8000034c (0xfe9b5f03) x30 0x00000003 mem 0x80010600
core   0: 0x80000350 (0xeeef8f03) lb      t5, -274(t6)
core   0: 3 0x80000350 (0xeeef8f03) x30 0x00000000 mem 0x80010883
core   0: 0x80000354 (0x033b4f03) lbu     t5, 51(s6)
core   0: 3 0x80000354 (0x033b4f03) x30 0x00000000 mem 0x8001064a
core   0: 0x80000358 (0xffdb1503) lh      a0, -3(s6)
core   0: 3 0x80000358 (0xffdb1503) x10 0x00000000 mem 0x80010614
core   0: 0x8000035c (0xfec2cf03) lbu     t5, -20(t0)
core   0: 3 0x8000035c (0xfec2cf03) x30 0x00000000 mem 0x80010eb1
core   0: 0x80000360 (0x00418d83) lb      s11, 4(gp)
core   0: 3 0x80000360 (0x00418d83) x27 0x00000000 mem 0x80010aad
core   0: 0x80000364 (0xfe3b0503) lb      a0, -29(s6)
core   0: 3 0x80000364 (0xfe3b0503) x10 0x00000000 mem 0x800105fa
core   0: 0x80000368 (0x673f8903) lb      s2, 1651(t6)
core   0: 3 0x80000368 (0x673f8903) x18 0x00000000 mem 0x80011008
core   0: 0x8000036c (0x00d18303) lb      t1, 13(gp)
core   0: 3 0x8000036c (0x00d18303) x 6 0x00000061 mem 0x80010ab6
core   0: 0x80000370 (0xfcc28883) lb      a7, -52(t0)
core   0: 3 0x80000370 (0xfcc28883) x17 0x00000000 mem 0x80010e91
core   0: 0x80000374 (0xff21c003) lbu     zero, -14(gp)
core   0: 3 0x80000374 (0xff21c003) mem 0x80010a9b
core   0: 0x80000378 (0x3e0fc083) lbu     ra, 992(t6)
core   0: 3 0x80000378 (0x3e0fc083) x 1 0x00000000 mem 0x80010d75
core   0: 0x8000037c (0x051999a3) sh      a7, 83(s3)
core   0: 3 0x8000037c (0x051999a3) mem 0x800104b4 0x0000
core   0: 0x80000380 (0x5aef8003) lb      zero, 1454(t6)
core   0: 3 0x80000380 (0x5aef8003) mem 0x80010f43
core   0: 0x80000384 (0xffa18783) lb      a5, -6(gp)
core   0: 3 0x80000384 (0xffa18783) x15 0x00000000 mem 0x80010aa3
core   0: 0x80000388 (0x00010117) auipc   sp, 0x10
core   0: 3 0x80000388 (0x00010117) x 2 0x80010388
core   0: 0x8000038c (0x77b10113) addi    sp, sp, 1915
core   0: 3 0x8000038c (0x77b10113) x 2 0x80010b03
core   0: 0x80000390 (0x05b11c83) lh      s9, 91(sp)
core   0: 3 0x80000390 (0x05b11c83) x25 0x00000000 mem 0x80010b5e
core   0: 0x80000394 (0x05110da3) sb      a7, 91(sp)
core   0: 3 0x80000394 (0x05110da3) mem 0x80010b5e 0x0
core   0: 0x80000398 (0x04b10da3) sb      a1, 91(sp)
core   0: 3 0x80000398 (0x04b10da3) mem 0x80010b5e 0x3
core   0: 0x8000039c (0x05f10da3) sb      t6, 91(sp)
core   0: 3 0x8000039c (0x05f10da3) mem 0x80010b5e 0x95
core   0: 0x800003a0 (0x05b14683) lbu     a3, 91(sp)
core   0: 3 0x800003a0 (0x05b14683) x13 0x00000095 mem 0x80010b5e
core   0: 0x800003a4 (0xf5210f03) lb      t5, -174(sp)
core   0: 3 0x800003a4 (0xf5210f03) x30 0x00000000 mem 0x80010a55
core   0: 0x800003a8 (0xf5214683) lbu     a3, -174(sp)
core   0: 3 0x800003a8 (0xf5214683) x13 0x00000000 mem 0x80010a55
core   0: 0x800003ac (0x000090aa) c.add   ra, a0
core   0: 3 0x800003ac (0x90aa) x 1 0x00000000
core   0: 0x800003ae (0x00000f62) c.slli  t5, 24
core   0: 3 0x800003ae (0x0f62) x30 0x00000000
core   0: 0x800003b0 (0xf5210b83) lb      s7, -174(sp)
core   0: 3 0x800003b0 (0xf5210b83) x23 0x00000000 mem 0x80010a55
core   0: 0x800003b4 (0x0120a0b3) slt     ra, ra, s2
core   0: 3 0x800003b4 (0x0120a0b3) x 1 0x00000000
core   0: 0x800003b8 (0xf5210303) lb      t1, -174(sp)
core   0: 3 0x800003b8 (0xf5210303) x 6 0x00000000 mem 0x80010a55
core   0: 0x800003bc (0xf5210b03) lb      s6, -174(sp)
core   0: 3 0x800003bc (0xf5210b03) x22 0x00000000 mem 0x80010a55
core   0: 0x800003c0 (0x0000828d) c.srli  a3, 3
core   0: 3 0x800003c0 (0x828d) x13 0x00000000
core   0: 0x800003c2 (0xf5510923) sb      s5, -174(sp)
core   0: 3 0x800003c2 (0xf5510923) mem 0x80010a55 0xe4
core   0: 0x800003c6 (0xf5210803) lb      a6, -174(sp)
core   0: 3 0x800003c6 (0xf5210803) x16 0xffffffe4 mem 0x80010a55
core   0: 0x800003ca (0xf5214083) lbu     ra, -174(sp)
core   0: 3 0x800003ca (0xf5214083) x 1 0x000000e4 mem 0x80010a55
core   0: 0x800003ce (0xf5214483) lbu     s1, -174(sp)
core   0: 3 0x800003ce (0xf5214483) x 9 0x000000e4 mem 0x80010a55
core   0: 0x800003d2 (0xf5210403) lb      s0, -174(sp)
core   0: 3 0x800003d2 (0xf5210403) x 8 0xffffffe4 mem 0x80010a55
core   0: 0x800003d6 (0x0e3102a3) sb      gp, 229(sp)
core   0: 3 0x800003d6 (0x0e3102a3) mem 0x80010be8 0xa9
core   0: 0x800003da (0x0e512783) lw      a5, 229(sp)
core   0: 3 0x800003da (0x0e512783) x15 0x000000a9 mem 0x80010be8
core   0: 0x800003de (0x00017117) auipc   sp, 0x17
core   0: 3 0x800003de (0x00017117) x 2 0x800173de
core   0: 0x800003e2 (0x5aa10113) addi    sp, sp, 1450
core   0: 3 0x800003e2 (0x5aa10113) x 2 0x80017988
core   0: 0x800003e6 (0x01d14203) lbu     tp, 29(sp)
core   0: 3 0x800003e6 (0x01d14203) x 4 0x00000000 mem 0x800179a5
core   0: 0x800003ea (0x01d14b83) lbu     s7, 29(sp)
core   0: 3 0x800003ea (0x01d14b83) x23 0x00000000 mem 0x800179a5
core   0: 0x800003ee (0x01d14703) lbu     a4, 29(sp)
core   0: 3 0x800003ee (0x01d14703) x14 0x00000000 mem 0x800179a5
core   0: 0x800003f2 (0x41b85733) sra     a4, a6, s11
core   0: 3 0x800003f2 (0x41b85733) x14 0xffffffe4
core   0: 0x800003f6 (0x01d10783) lb      a5, 29(sp)
core   0: 3 0x800003f6 (0x01d10783) x15 0x00000000 mem 0x800179a5
core   0: 0x800003fa (0x01d10503) lb      a0, 29(sp)
core   0: 3 0x800003fa (0x01d10503) x10 0x00000000 mem 0x800179a5
core   0: 0x800003fe (0x01d10003) lb      zero, 29(sp)
core   0: 3 0x800003fe (0x01d10003) mem 0x800179a5
core   0: 0x80000402 (0x01d14283) lbu     t0, 29(sp)
core   0: 3 0x80000402 (0x01d14283) x 5 0x00000000 mem 0x800179a5
core   0: 0x80000406 (0x00000001) c.nop
core   0: 3 0x80000406 (0x0001)
core   0: 0x80000408 (0x01d14803) lbu     a6, 29(sp)
core   0: 3 0x80000408 (0x01d14803) x16 0x00000000 mem 0x800179a5
core   0: 0x8000040c (0x009568b3) or      a7, a0, s1
core   0: 3 0x8000040c (0x009568b3) x17 0x000000e4
core   0: 0x80000410 (0x8b7e7517) auipc   a0, 0x8b7e7
core   0: 3 0x80000410 (0x8b7e7517) x10 0x0b7e7410
core   0: 0x80000414 (0x01d10403) lb      s0, 29(sp)
core   0: 3 0x80000414 (0x01d10403) x 8 0x00000000 mem 0x800179a5
core   0: 0x80000418 (0x03365db3) divu    s11, a2, s3
core   0: 3 0x80000418 (0x03365db3) x27 0x00000000
core   0: 0x8000041c (0x01d14783) lbu     a5, 29(sp)
core   0: 3 0x8000041c (0x01d14783) x15 0x00000000 mem 0x800179a5
core   0: 0x80000420 (0x00008f25) c.xor   a4, s1
core   0: 3 0x80000420 (0x8f25) x14 0xffffff00
core   0: 0x80000422 (0x01d14483) lbu     s1, 29(sp)
core   0: 3 0x80000422 (0x01d14483) x 9 0x00000000 mem 0x800179a5
core   0: 0x80000426 (0x0ff0000f) fence   iorw,iorw
core   0: 3 0x80000426 (0x0ff0000f)
core   0: 0x8000042a (0x00110ea3) sb      ra, 29(sp)
core   0: 3 0x8000042a (0x00110ea3) mem 0x800179a5 0xe4
core   0: 0x8000042e (0x01d10a03) lb      s4, 29(sp)
core   0: 3 0x8000042e (0x01d10a03) x20 0xffffffe4 mem 0x800179a5
core   0: 0x80000432 (0x01d14203) lbu     tp, 29(sp)
core   0: 3 0x80000432 (0x01d14203) x 4 0x000000e4 mem 0x800179a5
core   0: 0x80000436 (0x01d14783) lbu     a5, 29(sp)
core   0: 3 0x80000436 (0x01d14783) x15 0x000000e4 mem 0x800179a5
core   0: 0x8000043a (0x01d10703) lb      a4, 29(sp)
core   0: 3 0x8000043a (0x01d10703) x14 0xffffffe4 mem 0x800179a5
core   0: 0x8000043e (0x0001fd97) auipc   s11, 0x1f
core   0: 3 0x8000043e (0x0001fd97) x27 0x8001f43e
core   0: 0x80000442 (0x966d8d93) addi    s11, s11, -1690
core   0: 3 0x80000442 (0x966d8d93) x27 0x8001eda4
core   0: 0x80000446 (0x00016517) auipc   a0, 0x16
core   0: 3 0x80000446 (0x00016517) x10 0x80016446
core   0: 0x8000044a (0xe3450513) addi    a0, a0, -460
core   0: 3 0x8000044a (0xe3450513) x10 0x8001627a
core   0: 0x8000044e (0x00ed9103) lh      sp, 14(s11)
core   0: 3 0x8000044e (0x00ed9103) x 2 0x00000000 mem 0x8001edb2
core   0: 0x80000452 (0xfe7dac23) sw      t2, -8(s11)
core   0: 3 0x80000452 (0xfe7dac23) mem 0x8001ed9c 0x80025e64
core   0: 0x80000456 (0x00011f17) auipc   t5, 0x11
core   0: 3 0x80000456 (0x00011f17) x30 0x80011456
core   0: 0x8000045a (0xe83f0f13) addi    t5, t5, -381
core   0: 3 0x8000045a (0xe83f0f13) x30 0x800112d9
core   0: 0x8000045e (0x0001cf97) auipc   t6, 0x1c
core   0: 3 0x8000045e (0x0001cf97) x31 0x8001c45e
core   0: 0x80000462 (0x0c7f8f93) addi    t6, t6, 199
core   0: 3 0x80000462 (0x0c7f8f93) x31 0x8001c525
core   0: 0x80000466 (0x0d954e83) lbu     t4, 217(a0)
core   0: 3 0x80000466 (0x0d954e83) x29 0x00000000 mem 0x80016353
core   0: 0x8000046a (0x00021417) auipc   s0, 0x21
core   0: 3 0x8000046a (0x00021417) x 8 0x8002146a
core   0: 0x8000046e (0xb9140413) addi    s0, s0, -1135
core   0: 3 0x8000046e (0xb9140413) x 8 0x80020ffb
core   0: 0x80000472 (0xff1dc003) lbu     zero, -15(s11)
core   0: 3 0x80000472 (0xff1dc003) mem 0x8001ed95
core   0: 0x80000476 (0x029506a3) sb      s1, 45(a0)
core   0: 3 0x80000476 (0x029506a3) mem 0x800162a7 0x0
core   0: 0x8000047a (0x002f8323) sb      sp, 6(t6)
core   0: 3 0x8000047a (0x002f8323) mem 0x8001c52b 0x0
core   0: 0x8000047e (0x05150423) sb      a7, 72(a0)
core   0: 3 0x8000047e (0x05150423) mem 0x800162c2 0xe4
core   0: 0x80000482 (0x0d5f1ea3) sh      s5, 221(t5)
core   0: 3 0x80000482 (0x0d5f1ea3) mem 0x800113b6 0x9ce4
core   0: 0x80000486 (0x00fd8123) sb      a5, 2(s11)
core   0: 3 0x80000486 (0x00fd8123) mem 0x8001eda6 0xe4
core   0: 0x8000048a (0xfc942a03) lw      s4, -55(s0)
core   0: 3 0x8000048a (0xfc942a03) x20 0x00000000 mem 0x80020fc4
core   0: 0x8000048e (0x00efc303) lbu     t1, 14(t6)
core   0: 3 0x8000048e (0x00efc303) x 6 0x00000000 mem 0x8001c533
core   0: 0x80000492 (0xf9252183) lw      gp, -110(a0)
core   0: 3 0x80000492 (0xf9252183) x 3 0x00000000 mem 0x8001620c
core   0: 0x80000496 (0xf2bf01a3) sb      a1, -221(t5)
core   0: 3 0x80000496 (0xf2bf01a3) mem 0x800111fc 0x3
core   0: 0x8000049a (0x00bd8c83) lb      s9, 11(s11)
core   0: 3 0x8000049a (0x00bd8c83) x25 0x00000000 mem 0x8001edaf
core   0: 0x8000049e (0x01454303) lbu     t1, 20(a0)
core   0: 3 0x8000049e (0x01454303) x 6 0x00000000 mem 0x8001628e
core   0: 0x800004a2 (0xf7ff4083) lbu     ra, -129(t5)
core   0: 3 0x800004a2 (0xf7ff4083) x 1 0x00000000 mem 0x80011258
core   0: 0x800004a6 (0x006fc703) lbu     a4, 6(t6)
core   0: 3 0x800004a6 (0x006fc703) x14 0x00000000 mem 0x8001c52b
core   0: 0x800004aa (0x073f5b83) lhu     s7, 115(t5)
core   0: 3 0x800004aa (0x073f5b83) x23 0x00000000 mem 0x8001134c
core   0: 0x800004ae (0x0de54083) lbu     ra, 222(a0)
core   0: 3 0x800004ae (0x0de54083) x 1 0x00000000 mem 0x80016358
core   0: 0x800004b2 (0xff5d8703) lb      a4, -11(s11)
core   0: 3 0x800004b2 (0xff5d8703) x14 0x00000000 mem 0x8001ed99
core   0: 0x800004b6 (0xfd7409a3) sb      s7, -45(s0)
core   0: 3 0x800004b6 (0xfd7409a3) mem 0x80020fce 0x0
core   0: 0x800004ba (0x01f45b83) lhu     s7, 31(s0)
core   0: 3 0x800004ba (0x01f45b83) x23 0x00000000 mem 0x8002101a
core   0: 0x800004be (0xfe0f8823) sb      zero, -16(t6)
core   0: 3 0x800004be (0xfe0f8823) mem 0x8001c515 0x0
core   0: 0x800004c2 (0x0f3f0d23) sb      s3, 250(t5)
core   0: 3 0x800004c2 (0x0f3f0d23) mem 0x800113d3 0x61
core   0: 0x800004c6 (0x00af8c03) lb      s8, 10(t6)
core   0: 3 0x800004c6 (0x00af8c03) x24 0x00000000 mem 0x8001c52f
core   0: 0x800004ca (0xf9350a03) lb      s4, -109(a0)
core   0: 3 0x800004ca (0xf9350a03) x20 0x00000000 mem 0x8001620d
core   0: 0x800004ce (0xfea50683) lb      a3, -22(a0)
core   0: 3 0x800004ce (0xfea50683) x13 0x00000000 mem 0x80016264
core   0: 0x800004d2 (0x01b44183) lbu     gp, 27(s0)
core   0: 3 0x800004d2 (0x01b44183) x 3 0x00000000 mem 0x80021016
core   0: 0x800004d6 (0x00dd84a3) sb      a3, 9(s11)
core   0: 3 0x800004d6 (0x00dd84a3) mem 0x8001edad 0x0
core   0: 0x800004da (0x064f4103) lbu     sp, 100(t5)
core   0: 3 0x800004da (0x064f4103) x 2 0x00000000 mem 0x8001133d
core   0: 0x800004de (0x078f0703) lb      a4, 120(t5)
core   0: 3 0x800004de (0x078f0703) x14 0x00000000 mem 0x80011351
core   0: 0x800004e2 (0x013f91a3) sh      s3, 3(t6)
core   0: 3 0x800004e2 (0x013f91a3) mem 0x8001c528 0x0461
core   0: 0x800004e6 (0x0fa55683) lhu     a3, 250(a0)
core   0: 3 0x800004e6 (0x0fa55683) x13 0x00000000 mem 0x80016374
core   0: 0x800004ea (0xf92f4783) lbu     a5, -110(t5)
core   0: 3 0x800004ea (0xf92f4783) x15 0x00000000 mem 0x8001126b
core   0: 0x800004ee (0xff640d03) lb      s10, -10(s0)
core   0: 3 0x800004ee (0xff640d03) x26 0x00000000 mem 0x80020ff1
core   0: 0x800004f2 (0xfc141da3) sh      ra, -37(s0)
core   0: 3 0x800004f2 (0xfc141da3) mem 0x80020fd6 0x0000
core   0: 0x800004f6 (0xff8f8183) lb      gp, -8(t6)
core   0: 3 0x800004f6 (0xff8f8183) x 3 0x00000000 mem 0x8001c51d
core   0: 0x800004fa (0xff3fa703) lw      a4, -13(t6)
core   0: 3 0x800004fa (0xff3fa703) x14 0x00000000 mem 0x8001c518
core   0: 0x800004fe (0xff3fce83) lbu     t4, -13(t6)
core   0: 3 0x800004fe (0xff3fce83) x29 0x00000000 mem 0x8001c518
core   0: 0x80000502 (0x057505a3) sb      s7, 75(a0)
core   0: 3 0x80000502 (0x057505a3) mem 0x800162c5 0x0
core   0: 0x80000506 (0x007d8b83) lb      s7, 7(s11)
core   0: 3 0x80000506 (0x007d8b83) x23 0x00000000 mem 0x8001edab
core   0: 0x8000050a (0xf56f0ca3) sb      s6, -167(t5)
core   0: 3 0x8000050a (0xf56f0ca3) mem 0x80011232 0x0
core   0: 0x8000050e (0x005fd603) lhu     a2, 5(t6)
core   0: 3 0x8000050e (0x005fd603) x12 0x00000000 mem 0x8001c52a
core   0: 0x80000512 (0x00010f17) auipc   t5, 0x10
core   0: 3 0x80000512 (0x00010f17) x30 0x80010512
core   0: 0x80000516 (0x5ccf0f13) addi    t5, t5, 1484
core   0: 3 0x80000516 (0x5ccf0f13) x30 0x80010ade
core   0: 0x8000051a (0xff9f0703) lb      a4, -7(t5)
core   0: 3 0x8000051a (0xff9f0703) x14 0x00000000 mem 0x80010ad7
core   0: 0x8000051e (0x004f1823) sh      tp, 16(t5)
core   0: 3 0x8000051e (0x004f1823) mem 0x80010aee 0x00e4
core   0: 0x80000522 (0x01df4503) lbu     a0, 29(t5)
core   0: 3 0x80000522 (0x01df4503) x10 0x00000000 mem 0x80010afb
core   0: 0x80000526 (0xffef5d03) lhu     s10, -2(t5)
core   0: 3 0x80000526 (0xffef5d03) x26 0x00000000 mem 0x80010adc
core   0: 0x8000052a (0x00a57333) and     t1, a0, a0
core   0: 3 0x8000052a (0x00a57333) x 6 0x00000000
core   0: 0x8000052e (0x025f4683) lbu     a3, 37(t5)
core   0: 3 0x8000052e (0x025f4683) x13 0x00000000 mem 0x80010b03
core   0: 0x80000532 (0x3e48c293) xori    t0, a7, 996
core   0: 3 0x80000532 (0x3e48c293) x 5 0x00000300
core   0: 0x80000536 (0x026f2723) sw      t1, 46(t5)
core   0: 3 0x80000536 (0x026f2723) mem 0x80010b0c 0x00000000
core   0: 0x8000053a (0x017f4f83) lbu     t6, 23(t5)
core   0: 3 0x8000053a (0x017f4f83) x31 0x00000000 mem 0x80010af5
core   0: 0x8000053e (0x00008295) c.srli  a3, 5
core   0: 3 0x8000053e (0x8295) x13 0x00000000
core   0: 0x80000540 (0xfd0f5883) lhu     a7, -48(t5)
core   0: 3 0x80000540 (0xfd0f5883) x17 0x00000000 mem 0x80010aae
core   0: 0x80000544 (0x017f0223) sb      s7, 4(t5)
core   0: 3 0x80000544 (0x017f0223) mem 0x80010ae2 0x0
core   0: 0x80000548 (0x02ec9533) mulh    a0, s9, a4
core   0: 3 0x80000548 (0x02ec9533) x10 0x00000000
core   0: 0x8000054c (0x01931293) slli    t0, t1, 25
core   0: 3 0x8000054c (0x01931293) x 5 0x00000000
core   0: 0x80000550 (0x03a90833) mul     a6, s2, s10
core   0: 3 0x80000550 (0x03a90833) x16 0x00000000
core   0: 0x80000554 (0x00008e3a) c.mv    t3, a4
core   0: 3 0x80000554 (0x8e3a) x28 0x00000000
core   0: 0x80000556 (0x878f2f93) slti    t6, t5, -1928
core   0: 3 0x80000556 (0x878f2f93) x31 0x00000001
core   0: 0x8000055a (0x000084c5) c.srai  s1, 17
core   0: 3 0x8000055a (0x84c5) x 9 0x00000000
core   0: 0x8000055c (0x0207d2b3) divu    t0, a5, zero
core   0: 3 0x8000055c (0x0207d2b3) x 5 0xffffffff
core   0: 0x80000560 (0x029f4b03) lbu     s6, 41(t5)
core   0: 3 0x80000560 (0x029f4b03) x22 0x00000000 mem 0x80010b07
core   0: 0x80000564 (0x03197233) remu    tp, s2, a7
core   0: 3 0x80000564 (0x03197233) x 4 0x00000000
core   0: 0x80000568 (0x034df033) remu    zero, s11, s4
core   0: 3 0x80000568 (0x034df033)
core   0: 0x8000056c (0xfe8f0e83) lb      t4, -24(t5)
core   0: 3 0x8000056c (0xfe8f0e83) x29 0x00000000 mem 0x80010ac6
core   0: 0x80000570 (0x0000100f) fence.i
core   0: 3 0x80000570 (0x0000100f)
core   0: 0x80000574 (0x026f4183) lbu     gp, 38(t5)
core   0: 3 0x80000574 (0x026f4183) x 3 0x00000000 mem 0x80010b04
core   0: 0x80000578 (0x000083cd) c.srli  a5, 19
core   0: 3 0x80000578 (0x83cd) x15 0x00000000
core   0: 0x8000057a (0x000019fd) c.addi  s3, -1
core   0: 3 0x8000057a (0x19fd) x19 0x80010460
core   0: 0x8000057c (0x021f4283) lbu     t0, 33(t5)
core   0: 3 0x8000057c (0x021f4283) x 5 0x00000000 mem 0x80010aff
core   0: 0x80000580 (0x003f4e03) lbu     t3, 3(t5)
core   0: 3 0x80000580 (0x003f4e03) x28 0x00000000 mem 0x80010ae1
core   0: 0x80000584 (0x828dac13) slti    s8, s11, -2008
core   0: 3 0x80000584 (0x828dac13) x24 0x00000001
core   0: 0x80000588 (0x02493a33) mulhu   s4, s2, tp
core   0: 3 0x80000588 (0x02493a33) x20 0x00000000
core   0: 0x8000058c (0x006f5283) lhu     t0, 6(t5)
core   0: 3 0x8000058c (0x006f5283) x 5 0x00000000 mem 0x80010ae4
core   0: 0x80000590 (0x0ff0000f) fence   iorw,iorw
core   0: 3 0x80000590 (0x0ff0000f)
core   0: 0x80000594 (0x2ed38917) auipc   s2, 0x2ed38
core   0: 3 0x80000594 (0x2ed38917) x18 0xaed38594
core   0: 0x80000598 (0xff4f07a3) sb      s4, -17(t5)
core   0: 3 0x80000598 (0xff4f07a3) mem 0x80010acd 0x0
core   0: 0x8000059c (0x0226e433) rem     s0, a3, sp
core   0: 3 0x8000059c (0x0226e433) x 8 0x00000000
core   0: 0x800005a0 (0x018bd793) srli    a5, s7, 24
core   0: 3 0x800005a0 (0x018bd793) x15 0x00000000
core   0: 0x800005a4 (0x0000822d) c.srli  a2, 11
core   0: 3 0x800005a4 (0x822d) x12 0x00000000
core   0: 0x800005a6 (0xfe4f0183) lb      gp, -28(t5)
core   0: 3 0x800005a6 (0xfe4f0183) x 3 0x00000000 mem 0x80010ac2
core   0: 0x800005aa (0x038f05a3) sb      s8, 43(t5)
core   0: 3 0x800005aa (0x038f05a3) mem 0x80010b09 0x1
core   0: 0x800005ae (0x002f0683) lb      a3, 2(t5)
core   0: 3 0x800005ae (0x002f0683) x13 0x00000000 mem 0x80010ae0
core   0: 0x800005b2 (0x038f4d03) lbu     s10, 56(t5)
core   0: 3 0x800005b2 (0x038f4d03) x26 0x000000e4 mem 0x80010b16
core   0: 0x800005b6 (0x40920633) sub     a2, tp, s1
core   0: 3 0x800005b6 (0x40920633) x12 0x00000000
core   0: 0x800005ba (0x000080ed) c.srli  s1, 27
core   0: 3 0x800005ba (0x80ed) x 9 0x00000000
core   0: 0x800005bc (0x00000e04) c.addi4spn s1, sp, 784
core   0: 3 0x800005bc (0x0e04) x 9 0x00000310
core   0: 0x800005be (0x02df4303) lbu     t1, 45(t5)
core   0: 3 0x800005be (0x02df4303) x 6 0x00000000 mem 0x80010b0b
core   0: 0x800005c2 (0x00008d51) c.or    a0, a2
core   0: 3 0x800005c2 (0x8d51) x10 0x00000000
core   0: 0x800005c4 (0x00008d1d) c.sub   a0, a5
core   0: 3 0x800005c4 (0x8d1d) x10 0x00000000
core   0: 0x800005c6 (0x01be1313) slli    t1, t3, 27
core   0: 3 0x800005c6 (0x01be1313) x 6 0x00000000
core   0: 0x800005ca (0xfcaf01a3) sb      a0, -61(t5)
core   0: 3 0x800005ca (0xfcaf01a3) mem 0x80010aa1 0x0
core   0: 0x800005ce (0x00008edd) c.or    a3, a5
core   0: 3 0x800005ce (0x8edd) x13 0x00000000
core   0: 0x800005d0 (0x02a19cb3) mulh    s9, gp, a0
core   0: 3 0x800005d0 (0x02a19cb3) x25 0x00000000
core   0: 0x800005d4 (0x033f4303) lbu     t1, 51(t5)
core   0: 3 0x800005d4 (0x033f4303) x 6 0x00000000 mem 0x80010b11
core   0: 0x800005d8 (0x021f4d83) lbu     s11, 33(t5)
core   0: 3 0x800005d8 (0x021f4d83) x27 0x00000000 mem 0x80010aff
core   0: 0x800005dc (0xffc00e13) li      t3, -4
core   0: 3 0x800005dc (0xffc00e13) x28 0xfffffffc
core   0: 0x800005e0 (0x00001584) c.addi4spn s1, sp, 736
core   0: 3 0x800005e0 (0x1584) x 9 0x000002e0
core   0: 0x800005e2 (0x41c15913) srai    s2, sp, 28
core   0: 3 0x800005e2 (0x41c15913) x18 0x00000000
core   0: 0x800005e6 (0x00100d93) li      s11, 1
core   0: 3 0x800005e6 (0x00100d93) x27 0x00000001
core   0: 0x800005ea (0x00008f29) c.xor   a4, a0
core   0: 3 0x800005ea (0x8f29) x14 0x00000000
core   0: 0x800005ec (0x00000e29) c.addi  t3, 10
core   0: 3 0x800005ec (0x0e29) x28 0x00000006
core   0: 0x800005ee (0x00008045) c.srli  s0, 17
core   0: 3 0x800005ee (0x8045) x 8 0x00000000
core   0: 0x800005f0 (0x00001088) c.addi4spn a0, sp, 96
core   0: 3 0x800005f0 (0x1088) x10 0x00000060
core   0: 0x800005f2 (0x02b4bd33) mulhu   s10, s1, a1
core   0: 3 0x800005f2 (0x02b4bd33) x26 0x00000004
core   0: 0x800005f6 (0xffbe6ae3) bltu    t3, s11, pc - 12
core   0: 3 0x800005f6 (0xffbe6ae3)
core   0: 0x800005fa (0x00008bbd) c.andi  a5, 15
core   0: 3 0x800005fa (0x8bbd) x15 0x00000000
core   0: 0x800005fc (0x0200026f) jal     tp, pc + 0x20
core   0: 3 0x800005fc (0x0200026f) x 4 0x80000600
core   0: 0x8000061c (0x0000a839) c.j     pc + 30
core   0: 3 0x8000061c (0xa839)
core   0: 0x8000063a (0x00003fc9) c.jal   pc - 46
core   0: 3 0x8000063a (0x3fc9) x 1 0x8000063c
core   0: 0x8000060c (0x00002031) c.jal   pc + 12
core   0: 3 0x8000060c (0x2031) x 1 0x8000060e
core   0: 0x80000618 (0x00003ffd) c.jal   pc - 2
core   0: 3 0x80000618 (0x3ffd) x 1 0x8000061a
core   0: 0x80000616 (0x0000b7fd) c.j     pc - 18
core   0: 3 0x80000616 (0xb7fd)
core   0: 0x80000604 (0x016000ef) jal     pc + 0x16
core   0: 3 0x80000604 (0x016000ef) x 1 0x80000608
core   0: 0x8000061a (0x0000bfe5) c.j     pc - 8
core   0: 3 0x8000061a (0xbfe5)
core   0: 0x80000612 (0x0000200d) c.jal   pc + 34
core   0: 3 0x80000612 (0x200d) x 1 0x80000614
core   0: 0x80000634 (0xfd5ff0ef) jal     pc - 0x2c
core   0: 3 0x80000634 (0xfd5ff0ef) x 1 0x80000638
core   0: 0x80000608 (0x01e0036f) jal     t1, pc + 0x1e
core   0: 3 0x80000608 (0x01e0036f) x 6 0x8000060c
core   0: 0x80000626 (0xfdbff0ef) jal     pc - 0x26
core   0: 3 0x80000626 (0xfdbff0ef) x 1 0x8000062a
core   0: 0x80000600 (0x02a000ef) jal     pc + 0x2a
core   0: 3 0x80000600 (0x02a000ef) x 1 0x80000604
core   0: 0x8000062a (0x008000ef) jal     pc + 0x8
core   0: 3 0x8000062a (0x008000ef) x 1 0x8000062e
core   0: 0x80000632 (0x00003fcd) c.jal   pc - 14
core   0: 3 0x80000632 (0x3fcd) x 1 0x80000634
core   0: 0x80000624 (0x00003fed) c.jal   pc - 6
core   0: 3 0x80000624 (0x3fed) x 1 0x80000626
core   0: 0x8000061e (0xff3ff36f) jal     t1, pc - 0xe
core   0: 3 0x8000061e (0xff3ff36f) x 6 0x80000622
core   0: 0x80000610 (0x00003ffd) c.jal   pc - 2
core   0: 3 0x80000610 (0x3ffd) x 1 0x80000612
core   0: 0x8000060e (0x0000a019) c.j     pc + 6
core   0: 3 0x8000060e (0xa019)
core   0: 0x80000614 (0x0000a829) c.j     pc + 26
core   0: 3 0x80000614 (0xa829)
core   0: 0x8000062e (0x0000a029) c.j     pc + 10
core   0: 3 0x8000062e (0xa029)
core   0: 0x80000638 (0x0000bfe5) c.j     pc - 8
core   0: 3 0x80000638 (0xbfe5)
core   0: 0x80000630 (0x00003fcd) c.jal   pc - 14
core   0: 3 0x80000630 (0x3fcd) x 1 0x80000632
core   0: 0x80000622 (0x0000a829) c.j     pc + 26
core   0: 3 0x80000622 (0xa829)
core   0: 0x8000063c (0x034848b3) div     a7, a6, s4
core   0: 3 0x8000063c (0x034848b3) x17 0xffffffff
core   0: 0x80000640 (0xffa00613) li      a2, -6
core   0: 3 0x80000640 (0xffa00613) x12 0xfffffffa
core   0: 0x80000644 (0x01eff8b3) and     a7, t6, t5
core   0: 3 0x80000644 (0x01eff8b3) x17 0x00000000
core   0: 0x80000648 (0x0000100f) fence.i
core   0: 3 0x80000648 (0x0000100f)
core   0: 0x8000064c (0x0000100f) fence.i
core   0: 3 0x8000064c (0x0000100f)
core   0: 0x80000650 (0x41fd82b3) sub     t0, s11, t6
core   0: 3 0x80000650 (0x41fd82b3) x 5 0x00000000
core   0: 0x80000654 (0xffd00313) li      t1, -3
core   0: 3 0x80000654 (0xffd00313) x 6 0xfffffffd
core   0: 0x80000658 (0x00000435) c.addi  s0, 13
core   0: 3 0x80000658 (0x0435) x 8 0x0000000d
core   0: 0x8000065a (0x014ac133) xor     sp, s5, s4
core   0: 3 0x8000065a (0x014ac133) x 2 0x80029ce4
core   0: 0x8000065e (0x00000611) c.addi  a2, 4
core   0: 3 0x8000065e (0x0611) x12 0xfffffffe
core   0: 0x80000660 (0x02edffb3) remu    t6, s11, a4
core   0: 3 0x80000660 (0x02edffb3) x31 0x00000001
core   0: 0x80000664 (0x00800f13) li      t5, 8
core   0: 3 0x80000664 (0x00800f13) x30 0x00000008
core   0: 0x80000668 (0x41d25b13) srai    s6, tp, 29
core   0: 3 0x80000668 (0x41d25b13) x22 0xfffffffc
core   0: 0x8000066c (0x02feb533) mulhu   a0, t4, a5
core   0: 3 0x8000066c (0x02feb533) x10 0x00000000
core   0: 0x80000670 (0x002a8d33) add     s10, s5, sp
core   0: 3 0x80000670 (0x002a8d33) x26 0x000539c8
core   0: 0x80000674 (0x00008f65) c.and   a4, s1
core   0: 3 0x80000674 (0x8f65) x14 0x00000000
core   0: 0x80000676 (0x03955433) divu    s0, a0, s9
core   0: 3 0x80000676 (0x03955433) x 8 0xffffffff
core   0: 0x8000067a (0x00500493) li      s1, 5
core   0: 3 0x8000067a (0x00500493) x 9 0x00000005
core   0: 0x8000067e (0x00000001) c.nop
core   0: 3 0x8000067e (0x0001)
core   0: 0x80000680 (0x028e6e33) rem     t3, t3, s0
core   0: 3 0x80000680 (0x028e6e33) x28 0x00000000
core   0: 0x80000684 (0xb9a3ae93) slti    t4, t2, -1126
core   0: 3 0x80000684 (0xb9a3ae93) x29 0x00000001
core   0: 0x80000688 (0x03e95733) divu    a4, s2, t5
core   0: 3 0x80000688 (0x03e95733) x14 0x00000000
core   0: 0x8000068c (0x03460a33) mul     s4, a2, s4
core   0: 3 0x8000068c (0x03460a33) x20 0x00000000
core   0: 0x80000690 (0x00001f79) c.addi  t5, -2
core   0: 3 0x80000690 (0x1f79) x30 0x00000006
core   0: 0x80000692 (0xfe9f7be3) bgeu    t5, s1, pc - 10
core   0: 3 0x80000692 (0xfe9f7be3)
core   0: 0x80000688 (0x03e95733) divu    a4, s2, t5
core   0: 3 0x80000688 (0x03e95733) x14 0x00000000
core   0: 0x8000068c (0x03460a33) mul     s4, a2, s4
core   0: 3 0x8000068c (0x03460a33) x20 0x00000000
core   0: 0x80000690 (0x00001f79) c.addi  t5, -2
core   0: 3 0x80000690 (0x1f79) x30 0x00000004
core   0: 0x80000692 (0xfe9f7be3) bgeu    t5, s1, pc - 10
core   0: 3 0x80000692 (0xfe9f7be3)
core   0: 0x80000696 (0x996af913) andi    s2, s5, -1642
core   0: 3 0x80000696 (0x996af913) x18 0x80029884
core   0: 0x8000069a (0x0000100f) fence.i
core   0: 3 0x8000069a (0x0000100f)
core   0: 0x8000069e (0x00008b09) c.andi  a4, 2
core   0: 3 0x8000069e (0x8b09) x14 0x00000000
core   0: 0x800006a0 (0xfa664de3) blt     a2, t1, pc - 70
core   0: 3 0x800006a0 (0xfa664de3)
core   0: 0x800006a4 (0x00008c7d) c.and   s0, a5
core   0: 3 0x800006a4 (0x8c7d) x 8 0x00000000
core   0: 0x800006a6 (0x0001df97) auipc   t6, 0x1d
core   0: 3 0x800006a6 (0x0001df97) x31 0x8001d6a6
core   0: 0x800006aa (0xd44f8f93) addi    t6, t6, -700
core   0: 3 0x800006aa (0xd44f8f93) x31 0x8001d3ea
core   0: 0x800006ae (0xffafc803) lbu     a6, -6(t6)
core   0: 3 0x800006ae (0xffafc803) x16 0x00000000 mem 0x8001d3e4
core   0: 0x800006b2 (0x00008e99) c.sub   a3, a4
core   0: 3 0x800006b2 (0x8e99) x13 0x00000000
core   0: 0x800006b4 (0x017f85a3) sb      s7, 11(t6)
core   0: 3 0x800006b4 (0x017f85a3) mem 0x8001d3f5 0x0
core   0: 0x800006b8 (0xff7f8283) lb      t0, -9(t6)
core   0: 3 0x800006b8 (0xff7f8283) x 5 0x00000000 mem 0x8001d3e1
core   0: 0x800006bc (0x0ff0000f) fence   iorw,iorw
core   0: 3 0x800006bc (0x0ff0000f)
core   0: 0x800006c0 (0x202cec13) ori     s8, s9, 514
core   0: 3 0x800006c0 (0x202cec13) x24 0x00000202
core   0: 0x800006c4 (0x0000842d) c.srai  s0, 11
core   0: 3 0x800006c4 (0x842d) x 8 0x00000000
core   0: 0x800006c6 (0xcf572997) auipc   s3, 0xcf572
core   0: 3 0x800006c6 (0xcf572997) x19 0x4f5726c6
core   0: 0x800006ca (0x036c39b3) mulhu   s3, s8, s6
core   0: 3 0x800006ca (0x036c39b3) x19 0x00000201
core   0: 0x800006ce (0xff8f9003) lh      zero, -8(t6)
core   0: 3 0x800006ce (0xff8f9003) mem 0x8001d3e2
core   0: 0x800006d2 (0x00ff8203) lb      tp, 15(t6)
core   0: 3 0x800006d2 (0x00ff8203) x 4 0x00000000 mem 0x8001d3f9
core   0: 0x800006d6 (0xfedf8aa3) sb      a3, -11(t6)
core   0: 3 0x800006d6 (0xfedf8aa3) mem 0x8001d3df 0x0
core   0: 0x800006da (0x00677233) and     tp, a4, t1
core   0: 3 0x800006da (0x00677233) x 4 0x00000000
core   0: 0x800006de (0x004f9183) lh      gp, 4(t6)
core   0: 3 0x800006de (0x004f9183) x 3 0x00000000 mem 0x8001d3ee
core   0: 0x800006e2 (0x015154b3) srl     s1, sp, s5
core   0: 3 0x800006e2 (0x015154b3) x 9 0x080029ce
core   0: 0x800006e6 (0xffafd883) lhu     a7, -6(t6)
core   0: 3 0x800006e6 (0xffafd883) x17 0x00000000 mem 0x8001d3e4
core   0: 0x800006ea (0x02e140b3) div     ra, sp, a4
core   0: 3 0x800006ea (0x02e140b3) x 1 0xffffffff
core   0: 0x800006ee (0xff3fc883) lbu     a7, -13(t6)
core   0: 3 0x800006ee (0xff3fc883) x17 0x00000000 mem 0x8001d3dd
core   0: 0x800006f2 (0x02e99b33) mulh    s6, s3, a4
core   0: 3 0x800006f2 (0x02e99b33) x22 0x00000000
core   0: 0x800006f6 (0x006f8e83) lb      t4, 6(t6)
core   0: 3 0x800006f6 (0x006f8e83) x29 0x00000000 mem 0x8001d3f0
core   0: 0x800006fa (0x00bf8e03) lb      t3, 11(t6)
core   0: 3 0x800006fa (0x00bf8e03) x28 0x00000000 mem 0x8001d3f5
core   0: 0x800006fe (0x003f8703) lb      a4, 3(t6)
core   0: 3 0x800006fe (0x003f8703) x14 0x00000000 mem 0x8001d3ed
core   0: 0x80000702 (0xffff8283) lb      t0, -1(t6)
core   0: 3 0x80000702 (0xffff8283) x 5 0x00000000 mem 0x8001d3e9
core   0: 0x80000706 (0xff9f8503) lb      a0, -7(t6)
core   0: 3 0x80000706 (0xff9f8503) x10 0x00000000 mem 0x8001d3e3
core   0: 0x8000070a (0x000082ad) c.srli  a3, 11
core   0: 3 0x8000070a (0x82ad) x13 0x00000000
core   0: 0x8000070c (0x001f80a3) sb      ra, 1(t6)
core   0: 3 0x8000070c (0x001f80a3) mem 0x8001d3eb 0xff
core   0: 0x80000710 (0xff1f8d03) lb      s10, -15(t6)
core   0: 3 0x80000710 (0xff1f8d03) x26 0x00000000 mem 0x8001d3db
core   0: 0x80000714 (0x00000e72) c.slli  t3, 28
core   0: 3 0x80000714 (0x0e72) x28 0x00000000
core   0: 0x80000716 (0x00008335) c.srli  a4, 13
core   0: 3 0x80000716 (0x8335) x14 0x00000000
core   0: 0x80000718 (0x006f9503) lh      a0, 6(t6)
core   0: 3 0x80000718 (0x006f9503) x10 0x00000000 mem 0x8001d3f0
core   0: 0x8000071c (0x2b21fe13) andi    t3, gp, 690
core   0: 3 0x8000071c (0x2b21fe13) x28 0x00000000
core   0: 0x80000720 (0x00008f5d) c.or    a4, a5
core   0: 3 0x80000720 (0x8f5d) x14 0x00000000
core   0: 0x80000722 (0x007ce9b3) or      s3, s9, t2
core   0: 3 0x80000722 (0x007ce9b3) x19 0x80025e64
core   0: 0x80000726 (0xffdf89a3) sb      t4, -13(t6)
core   0: 3 0x80000726 (0xffdf89a3) mem 0x8001d3dd 0x0
core   0: 0x8000072a (0x023fce33) div     t3, t6, gp
core   0: 3 0x8000072a (0x023fce33) x28 0xffffffff
core   0: 0x8000072e (0xff2fcd83) lbu     s11, -14(t6)
core   0: 3 0x8000072e (0xff2fcd83) x27 0x00000000 mem 0x8001d3dc
core   0: 0x80000732 (0x000080ad) c.srli  s1, 11
core   0: 3 0x80000732 (0x80ad) x 9 0x00010005
core   0: 0x80000734 (0xaa97f493) andi    s1, a5, -1367
core   0: 3 0x80000734 (0xaa97f493) x 9 0x00000000
core   0: 0x80000738 (0xff0fd783) lhu     a5, -16(t6)
core   0: 3 0x80000738 (0xff0fd783) x15 0x00000000 mem 0x8001d3da
core   0: 0x8000073c (0xff0fcc83) lbu     s9, -16(t6)
core   0: 3 0x8000073c (0xff0fcc83) x25 0x00000000 mem 0x8001d3da
core   0: 0x80000740 (0x007f8103) lb      sp, 7(t6)
core   0: 3 0x80000740 (0x007f8103) x 2 0x00000000 mem 0x8001d3f1
core   0: 0x80000744 (0xff3f8b83) lb      s7, -13(t6)
core   0: 3 0x80000744 (0xff3f8b83) x23 0x00000000 mem 0x8001d3dd
core   0: 0x80000748 (0xffbfcd83) lbu     s11, -5(t6)
core   0: 3 0x80000748 (0xffbfcd83) x27 0x00000000 mem 0x8001d3e5
core   0: 0x8000074c (0x019bca33) xor     s4, s7, s9
core   0: 3 0x8000074c (0x019bca33) x20 0x00000000
core   0: 0x80000750 (0x039226b3) mulhsu  a3, tp, s9
core   0: 3 0x80000750 (0x039226b3) x13 0x00000000
core   0: 0x80000754 (0xff7f8ea3) sb      s7, -3(t6)
core   0: 3 0x80000754 (0xff7f8ea3) mem 0x8001d3e7 0x0
core   0: 0x80000758 (0x000064a1) c.lui   s1, 0x8
core   0: 3 0x80000758 (0x64a1) x 9 0x00008000
core   0: 0x8000075a (0x005fcb03) lbu     s6, 5(t6)
core   0: 3 0x8000075a (0x005fcb03) x22 0x00000000 mem 0x8001d3ef
core   0: 0x8000075e (0xff2f9c03) lh      s8, -14(t6)
core   0: 3 0x8000075e (0xff2f9c03) x24 0x00000000 mem 0x8001d3dc
core   0: 0x80000762 (0x0000100f) fence.i
core   0: 3 0x80000762 (0x0000100f)
core   0: 0x80000766 (0x015f8323) sb      s5, 6(t6)
core   0: 3 0x80000766 (0x015f8323) mem 0x8001d3f0 0xe4
core   0: 0x8000076a (0xffcf9d23) sh      t3, -6(t6)
core   0: 3 0x8000076a (0xffcf9d23) mem 0x8001d3e4 0xffff
core   0: 0x8000076e (0x00010b17) auipc   s6, 0x10
core   0: 3 0x8000076e (0x00010b17) x22 0x8001076e
core   0: 0x80000772 (0x7b5b0b13) addi    s6, s6, 1973
core   0: 3 0x80000772 (0x7b5b0b13) x22 0x80010f23
core   0: 0x80000776 (0x0b2b16a3) sh      s2, 173(s6)
core   0: 3 0x80000776 (0x0b2b16a3) mem 0x80010fd0 0x9884
core   0: 0x8000077a (0x00008eb1) c.xor   a3, a2
core   0: 3 0x8000077a (0x8eb1) x13 0xfffffffe
core   0: 0x8000077c (0x64dd7693) andi    a3, s10, 1613
core   0: 3 0x8000077c (0x64dd7693) x13 0x00000000
core   0: 0x80000780 (0x0e3b0e83) lb      t4, 227(s6)
core   0: 3 0x80000780 (0x0e3b0e83) x29 0x00000000 mem 0x80011006
core   0: 0x80000784 (0xc3db0123) sb      t4, -990(s6)
core   0: 3 0x80000784 (0xc3db0123) mem 0x80010b45 0x0
core   0: 0x80000788 (0xd5db2903) lw      s2, -675(s6)
core   0: 3 0x80000788 (0xd5db2903) x18 0x00000000 mem 0x80010c80
core   0: 0x8000078c (0xfddb1e83) lh      t4, -35(s6)
core   0: 3 0x8000078c (0xfddb1e83) x29 0x00000000 mem 0x80010f00
core   0: 0x80000790 (0xb65b2e83) lw      t4, -1179(s6)
core   0: 3 0x80000790 (0xb65b2e83) x29 0x00000000 mem 0x80010a88
core   0: 0x80000794 (0x03a91933) mulh    s2, s2, s10
core   0: 3 0x80000794 (0x03a91933) x18 0x00000000
core   0: 0x80000798 (0xdf0b4d03) lbu     s10, -528(s6)
core   0: 3 0x80000798 (0xdf0b4d03) x26 0x00000000 mem 0x80010d13
core   0: 0x8000079c (0x9dab05a3) sb      s10, -1589(s6)
core   0: 3 0x8000079c (0x9dab05a3) mem 0x800108ee 0x0
core   0: 0x800007a0 (0xf09b0d03) lb      s10, -247(s6)
core   0: 3 0x800007a0 (0xf09b0d03) x26 0x00000000 mem 0x80010e2c
core   0: 0x800007a4 (0x946b0d03) lb      s10, -1722(s6)
core   0: 3 0x800007a4 (0x946b0d03) x26 0x00000000 mem 0x80010869
core   0: 0x800007a8 (0x90eb4903) lbu     s2, -1778(s6)
core   0: 3 0x800007a8 (0x90eb4903) x18 0x00000000 mem 0x80010831
core   0: 0x800007ac (0x00009afd) c.andi  a3, -1
core   0: 3 0x800007ac (0x9afd) x13 0x00000000
core   0: 0x800007ae (0x012ead33) slt     s10, t4, s2
core   0: 3 0x800007ae (0x012ead33) x26 0x00000000
core   0: 0x800007b2 (0x03aee633) rem     a2, t4, s10
core   0: 3 0x800007b2 (0x03aee633) x12 0x00000000
core   0: 0x800007b6 (0x550b96b7) lui     a3, 0x550b9
core   0: 3 0x800007b6 (0x550b96b7) x13 0x550b9000
core   0: 0x800007ba (0x03a69933) mulh    s2, a3, s10
core   0: 3 0x800007ba (0x03a69933) x18 0x00000000
core   0: 0x800007be (0xe22b0683) lb      a3, -478(s6)
core   0: 3 0x800007be (0xe22b0683) x13 0x00000000 mem 0x80010d45
core   0: 0x800007c2 (0x006d5913) srli    s2, s10, 6
core   0: 3 0x800007c2 (0x006d5913) x18 0x00000000
core   0: 0x800007c6 (0x852d0013) addi    zero, s10, -1966
core   0: 3 0x800007c6 (0x852d0013)
core   0: 0x800007ca (0x01e91e93) slli    t4, s2, 30
core   0: 3 0x800007ca (0x01e91e93) x29 0x00000000
core   0: 0x800007ce (0xc35b1603) lh      a2, -971(s6)
core   0: 3 0x800007ce (0xc35b1603) x12 0x00000000 mem 0x80010b58
core   0: 0x800007d2 (0x02001d33) mulh    s10, zero, zero
core   0: 3 0x800007d2 (0x02001d33) x26 0x00000000
core   0: 0x800007d6 (0x00b91d13) slli    s10, s2, 11
core   0: 3 0x800007d6 (0x00b91d13) x26 0x00000000
core   0: 0x800007da (0xa4ab0003) lb      zero, -1462(s6)
core   0: 3 0x800007da (0xa4ab0003) mem 0x8001096d
core   0: 0x800007de (0x00008e11) c.sub   a2, a2
core   0: 3 0x800007de (0x8e11) x12 0x00000000
core   0: 0x800007e0 (0x00501613) slli    a2, zero, 5
core   0: 3 0x800007e0 (0x00501613) x12 0x00000000
core   0: 0x800007e4 (0xac8b4903) lbu     s2, -1336(s6)
core   0: 3 0x800007e4 (0xac8b4903) x18 0x00000000 mem 0x800109eb
core   0: 0x800007e8 (0xc60b0123) sb      zero, -926(s6)
core   0: 3 0x800007e8 (0xc60b0123) mem 0x80010b85 0x0
core   0: 0x800007ec (0x02c6b033) mulhu   zero, a3, a2
core   0: 3 0x800007ec (0x02c6b033)
core   0: 0x800007f0 (0x164eed37) lui     s10, 0x164ee
core   0: 3 0x800007f0 (0x164eed37) x26 0x164ee000
core   0: 0x800007f4 (0x00008285) c.srli  a3, 1
core   0: 3 0x800007f4 (0x8285) x13 0x00000000
core   0: 0x800007f6 (0xa1bb1003) lh      zero, -1509(s6)
core   0: 3 0x800007f6 (0xa1bb1003) mem 0x8001093e
core   0: 0x800007fa (0x000086cd) c.srai  a3, 19
core   0: 3 0x800007fa (0x86cd) x13 0x00000000
core   0: 0x800007fc (0xf3db0623) sb      t4, -212(s6)
core   0: 3 0x800007fc (0xf3db0623) mem 0x80010e4f 0x0
core   0: 0x80000800 (0x889b4683) lbu     a3, -1911(s6)
core   0: 3 0x80000800 (0x889b4683) x13 0x00000001 mem 0x800107ac
core   0: 0x80000804 (0x02d60d33) mul     s10, a2, a3
core   0: 3 0x80000804 (0x02d60d33) x26 0x00000000
core   0: 0x80000808 (0xb46d2613) slti    a2, s10, -1210
core   0: 3 0x80000808 (0xb46d2613) x12 0x00000000
core   0: 0x8000080c (0xa6eb4903) lbu     s2, -1426(s6)
core   0: 3 0x8000080c (0xa6eb4903) x18 0x00000000 mem 0x80010991
core   0: 0x80000810 (0x912b18a3) sh      s2, -1775(s6)
core   0: 3 0x80000810 (0x912b18a3) mem 0x80010834 0x0000
core   0: 0x80000814 (0xeeab4603) lbu     a2, -278(s6)
core   0: 3 0x80000814 (0xeeab4603) x12 0x00000000 mem 0x80010e0d
core   0: 0x80000818 (0xda453d37) lui     s10, 0xda453
core   0: 3 0x80000818 (0xda453d37) x26 0xda453000
core   0: 0x8000081c (0x8ffb5d03) lhu     s10, -1793(s6)
core   0: 3 0x8000081c (0x8ffb5d03) x26 0x00000000 mem 0x80010822
core   0: 0x80000820 (0xa44b0683) lb      a3, -1468(s6)
core   0: 3 0x80000820 (0xa44b0683) x13 0x00000000 mem 0x80010967
core   0: 0x80000824 (0x91ab0523) sb      s10, -1782(s6)
core   0: 3 0x80000824 (0x91ab0523) mem 0x8001082d 0x0
core   0: 0x80000828 (0xc02b0603) lb      a2, -1022(s6)
core   0: 3 0x80000828 (0xc02b0603) x12 0x00000000 mem 0x80010b25
core   0: 0x8000082c (0x002d1613) slli    a2, s10, 2
core   0: 3 0x8000082c (0x002d1613) x12 0x00000000
core   0: 0x80000830 (0xa52b0683) lb      a3, -1454(s6)
core   0: 3 0x80000830 (0xa52b0683) x13 0x00000000 mem 0x80010975
core   0: 0x80000834 (0x00008211) c.srli  a2, 4
core   0: 3 0x80000834 (0x8211) x12 0x00000000
core   0: 0x80000836 (0x00008641) c.srai  a2, 16
core   0: 3 0x80000836 (0x8641) x12 0x00000000
core   0: 0x80000838 (0x9eeb4603) lbu     a2, -1554(s6)
core   0: 3 0x80000838 (0x9eeb4603) x12 0x00000000 mem 0x80010911
core   0: 0x8000083c (0x0001bd17) auipc   s10, 0x1b
core   0: 3 0x8000083c (0x0001bd17) x26 0x8001b83c
core   0: 0x80000840 (0xdd7d0d13) addi    s10, s10, -553
core   0: 3 0x80000840 (0xdd7d0d13) x26 0x8001b613
core   0: 0x80000844 (0x991d2c83) lw      s9, -1647(s10)
core   0: 3 0x80000844 (0x991d2c83) x25 0x00000000 mem 0x8001afa4
core   0: 0x80000848 (0xed4d4603) lbu     a2, -300(s10)
core   0: 3 0x80000848 (0xed4d4603) x12 0x00000000 mem 0x8001b4e7
core   0: 0x8000084c (0x6dbd5e83) lhu     t4, 1755(s10)
core   0: 3 0x8000084c (0x6dbd5e83) x29 0x00000000 mem 0x8001bcee
core   0: 0x80000850 (0xd48d4603) lbu     a2, -696(s10)
core   0: 3 0x80000850 (0xd48d4603) x12 0x00000000 mem 0x8001b35b
core   0: 0x80000854 (0x037bbbb3) mulhu   s7, s7, s7
core   0: 3 0x80000854 (0x037bbbb3) x23 0x00000000
core   0: 0x80000858 (0x000087a9) c.srai  a5, 10
core   0: 3 0x80000858 (0x87a9) x15 0x00000000
core   0: 0x8000085a (0xc58d0783) lb      a5, -936(s10)
core   0: 3 0x8000085a (0xc58d0783) x15 0x00000000 mem 0x8001b26b
core   0: 0x8000085e (0x54dd2c83) lw      s9, 1357(s10)
core   0: 3 0x8000085e (0x54dd2c83) x25 0x00000000 mem 0x8001bb60
core   0: 0x80000862 (0x03d7aeb3) mulhsu  t4, a5, t4
core   0: 3 0x80000862 (0x03d7aeb3) x29 0x00000000
core   0: 0x80000866 (0x00000001) c.nop
core   0: 3 0x80000866 (0x0001)
core   0: 0x80000868 (0x6b7d4c83) lbu     s9, 1719(s10)
core   0: 3 0x80000868 (0x6b7d4c83) x25 0x00000000 mem 0x8001bcca
core   0: 0x8000086c (0x640d4603) lbu     a2, 1600(s10)
core   0: 3 0x8000086c (0x640d4603) x12 0x00000000 mem 0x8001bc53
core   0: 0x80000870 (0x2afd0ba3) sb      a5, 695(s10)
core   0: 3 0x80000870 (0x2afd0ba3) mem 0x8001b8ca 0x0
core   0: 0x80000874 (0xe59d08a3) sb      s9, -431(s10)
core   0: 3 0x80000874 (0xe59d08a3) mem 0x8001b464 0x0
core   0: 0x80000878 (0xf22d0603) lb      a2, -222(s10)
core   0: 3 0x80000878 (0xf22d0603) x12 0x00000000 mem 0x8001b535
core   0: 0x8000087c (0x000019fd) c.addi  s3, -1
core   0: 3 0x8000087c (0x19fd) x19 0x80025e63
core   0: 0x8000087e (0x879d0723) sb      s9, -1938(s10)
core   0: 3 0x8000087e (0x879d0723) mem 0x8001ae81 0x0
core   0: 0x80000882 (0x419b8cb3) sub     s9, s7, s9
core   0: 3 0x80000882 (0x419b8cb3) x25 0x00000000
core   0: 0x80000886 (0x64ad4983) lbu     s3, 1610(s10)
core   0: 3 0x80000886 (0x64ad4983) x19 0x00000000 mem 0x8001bc5d
core   0: 0x8000088a (0x03d67cb3) remu    s9, a2, t4
core   0: 3 0x8000088a (0x03d67cb3) x25 0x00000000
core   0: 0x8000088e (0x40f60eb3) sub     t4, a2, a5
core   0: 3 0x8000088e (0x40f60eb3) x29 0x00000000
core   0: 0x80000892 (0x2583a797) auipc   a5, 0x2583a
core   0: 3 0x80000892 (0x2583a797) x15 0xa583a892
core   0: 0x80000896 (0x7f9d0623) sb      s9, 2028(s10)
core   0: 3 0x80000896 (0x7f9d0623) mem 0x8001bdff 0x0
core   0: 0x8000089a (0x38cd0983) lb      s3, 908(s10)
core   0: 3 0x8000089a (0x38cd0983) x19 0x00000000 mem 0x8001b99f
core   0: 0x8000089e (0x00008789) c.srai  a5, 2
core   0: 3 0x8000089e (0x8789) x15 0xe960ea24
core   0: 0x800008a0 (0xd74d4e83) lbu     t4, -652(s10)
core   0: 3 0x800008a0 (0xd74d4e83) x29 0x00000000 mem 0x8001b387
core   0: 0x800008a4 (0xa17bb793) sltiu   a5, s7, -1513
core   0: 3 0x800008a4 (0xa17bb793) x15 0x00000001
core   0: 0x800008a8 (0xa45d2603) lw      a2, -1467(s10)
core   0: 3 0x800008a8 (0xa45d2603) x12 0x00000000 mem 0x8001b058
core   0: 0x800008ac (0xa99d2783) lw      a5, -1383(s10)
core   0: 3 0x800008ac (0xa99d2783) x15 0x00000000 mem 0x8001b0ac
core   0: 0x800008b0 (0x00010117) auipc   sp, 0x10
core   0: 3 0x800008b0 (0x00010117) x 2 0x800108b0
core   0: 0x800008b4 (0x16a10113) addi    sp, sp, 362
core   0: 3 0x800008b4 (0x16a10113) x 2 0x80010a1a
core   0: 0x800008b8 (0x037c0533) mul     a0, s8, s7
core   0: 3 0x800008b8 (0x037c0533) x10 0x00000000
core   0: 0x800008bc (0x017105a3) sb      s7, 11(sp)
core   0: 3 0x800008bc (0x017105a3) mem 0x80010a25 0x0
core   0: 0x800008c0 (0x00009afd) c.andi  a3, -1
core   0: 3 0x800008c0 (0x9afd) x13 0x00000000
core   0: 0x800008c2 (0x00e10c03) lb      s8, 14(sp)
core   0: 3 0x800008c2 (0x00e10c03) x24 0x00000000 mem 0x80010a28
core   0: 0x800008c6 (0x0ff0000f) fence   iorw,iorw
core   0: 3 0x800008c6 (0x0ff0000f)
core   0: 0x800008ca (0x01010303) lb      t1, 16(sp)
core   0: 3 0x800008ca (0x01010303) x 6 0x00000000 mem 0x80010a2a
core   0: 0x800008ce (0x00d100a3) sb      a3, 1(sp)
core   0: 3 0x800008ce (0x00d100a3) mem 0x80010a1b 0x0
core   0: 0x800008d2 (0xfff10c03) lb      s8, -1(sp)
core   0: 3 0x800008d2 (0xfff10c03) x24 0x00000000 mem 0x80010a19
core   0: 0x800008d6 (0x00d107a3) sb      a3, 15(sp)
core   0: 3 0x800008d6 (0x00d107a3) mem 0x80010a29 0x0
core   0: 0x800008da (0x00008c46) c.mv    s8, a7
core   0: 3 0x800008da (0x8c46) x24 0x00000000
core   0: 0x800008dc (0x03788533) mul     a0, a7, s7
core   0: 3 0x800008dc (0x03788533) x10 0x00000000
core   0: 0x800008e0 (0x00d10683) lb      a3, 13(sp)
core   0: 3 0x800008e0 (0x00d10683) x13 0x00000000 mem 0x80010a27
core   0: 0x800008e4 (0x00d33c33) sltu    s8, t1, a3
core   0: 3 0x800008e4 (0x00d33c33) x24 0x00000000
core   0: 0x800008e8 (0xff714b83) lbu     s7, -9(sp)
core   0: 3 0x800008e8 (0xff714b83) x23 0x00000000 mem 0x80010a11
core   0: 0x800008ec (0x00000b9d) c.addi  s7, 7
core   0: 3 0x800008ec (0x0b9d) x23 0x00000007
core   0: 0x800008ee (0x00110c03) lb      s8, 1(sp)
core   0: 3 0x800008ee (0x00110c03) x24 0x00000000 mem 0x80010a1b
core   0: 0x800008f2 (0x0386f8b3) remu    a7, a3, s8
core   0: 3 0x800008f2 (0x0386f8b3) x17 0x00000000
core   0: 0x800008f6 (0x00612683) lw      a3, 6(sp)
core   0: 3 0x800008f6 (0x00612683) x13 0x00000000 mem 0x80010a20
core   0: 0x800008fa (0x3afc4313) xori    t1, s8, 943
core   0: 3 0x800008fa (0x3afc4313) x 6 0x000003af
core   0: 0x800008fe (0x0000811d) c.srli  a0, 7
core   0: 3 0x800008fe (0x811d) x10 0x00000000
core   0: 0x80000900 (0x00a11523) sh      a0, 10(sp)
core   0: 3 0x80000900 (0x00a11523) mem 0x80010a24 0x0000
core   0: 0x80000904 (0xfff14b83) lbu     s7, -1(sp)
core   0: 3 0x80000904 (0xfff14b83) x23 0x00000000 mem 0x80010a19
core   0: 0x80000908 (0xff510c03) lb      s8, -11(sp)
core   0: 3 0x80000908 (0xff510c03) x24 0x00000000 mem 0x80010a0f
core   0: 0x8000090c (0xffd10503) lb      a0, -3(sp)
core   0: 3 0x8000090c (0xffd10503) x10 0x00000000 mem 0x80010a17
core   0: 0x80000910 (0xfea10923) sb      a0, -14(sp)
core   0: 3 0x80000910 (0xfea10923) mem 0x80010a0c 0x0
core   0: 0x80000914 (0x0188a533) slt     a0, a7, s8
core   0: 3 0x80000914 (0x0188a533) x10 0x00000000
core   0: 0x80000918 (0xfea12d23) sw      a0, -6(sp)
core   0: 3 0x80000918 (0xfea12d23) mem 0x80010a14 0x00000000
core   0: 0x8000091c (0x00d14683) lbu     a3, 13(sp)
core   0: 3 0x8000091c (0x00d14683) x13 0x00000000 mem 0x80010a27
core   0: 0x80000920 (0x01112123) sw      a7, 2(sp)
core   0: 3 0x80000920 (0x01112123) mem 0x80010a1c 0x00000000
core   0: 0x80000924 (0x00610b83) lb      s7, 6(sp)
core   0: 3 0x80000924 (0x00610b83) x23 0x00000000 mem 0x80010a20
core   0: 0x80000928 (0xff510b83) lb      s7, -11(sp)
core   0: 3 0x80000928 (0xff510b83) x23 0x00000000 mem 0x80010a0f
core   0: 0x8000092c (0xff110aa3) sb      a7, -11(sp)
core   0: 3 0x8000092c (0xff110aa3) mem 0x80010a0f 0x0
core   0: 0x80000930 (0x00005c7d) c.li    s8, -1
core   0: 3 0x80000930 (0x5c7d) x24 0xffffffff
core   0: 0x80000932 (0x02668333) mul     t1, a3, t1
core   0: 3 0x80000932 (0x02668333) x 6 0x00000000
core   0: 0x80000936 (0xff710ca3) sb      s7, -7(sp)
core   0: 3 0x80000936 (0xff710ca3) mem 0x80010a13 0x0
core   0: 0x8000093a (0x00a104a3) sb      a0, 9(sp)
core   0: 3 0x8000093a (0x00a104a3) mem 0x80010a23 0x0
core   0: 0x8000093e (0xb09b8b93) addi    s7, s7, -1271
core   0: 3 0x8000093e (0xb09b8b93) x23 0xfffffb09
core   0: 0x80000942 (0xfff10c03) lb      s8, -1(sp)
core   0: 3 0x80000942 (0xfff10c03) x24 0x00000000 mem 0x80010a19
core   0: 0x80000946 (0xff814b83) lbu     s7, -8(sp)
core   0: 3 0x80000946 (0xff814b83) x23 0x00000000 mem 0x80010a12
core   0: 0x8000094a (0x00d14303) lbu     t1, 13(sp)
core   0: 3 0x8000094a (0x00d14303) x 6 0x00000000 mem 0x80010a27
core   0: 0x8000094e (0x00815c03) lhu     s8, 8(sp)
core   0: 3 0x8000094e (0x00815c03) x24 0x00000000 mem 0x80010a22
core   0: 0x80000952 (0x0001c717) auipc   a4, 0x1c
core   0: 3 0x80000952 (0x0001c717) x14 0x8001c952
core   0: 0x80000956 (0xe2370713) addi    a4, a4, -477
core   0: 3 0x80000956 (0xe2370713) x14 0x8001c775
core   0: 0x8000095a (0xfe571b83) lh      s7, -27(a4)
core   0: 3 0x8000095a (0xfe571b83) x23 0x00000000 mem 0x8001c75a
core   0: 0x8000095e (0x0000ff97) auipc   t6, 0xf
core   0: 3 0x8000095e (0x0000ff97) x31 0x8000f95e
core   0: 0x80000962 (0x729f8f93) addi    t6, t6, 1833
core   0: 3 0x80000962 (0x729f8f93) x31 0x80010087
core   0: 0x80000966 (0x03bf9303) lh      t1, 59(t6)
core   0: 3 0x80000966 (0x03bf9303) x 6 0x00000000 mem 0x800100c2
core   0: 0x8000096a (0x0abf93a3) sh      a1, 167(t6)
core   0: 3 0x8000096a (0x0abf93a3) mem 0x8001012e 0x3103
core   0: 0x8000096e (0x07771983) lh      s3, 119(a4)
core   0: 3 0x8000096e (0x07771983) x19 0x00000000 mem 0x8001c7ec
core   0: 0x80000972 (0x0b670003) lb      zero, 182(a4)
core   0: 3 0x80000972 (0x0b670003) mem 0x8001c82b
core   0: 0x80000976 (0xff171483) lh      s1, -15(a4)
core   0: 3 0x80000976 (0xff171483) x 9 0x00000000 mem 0x8001c766
core   0: 0x8000097a (0xf9a74e83) lbu     t4, -102(a4)
core   0: 3 0x8000097a (0xf9a74e83) x29 0x00000000 mem 0x8001c70f
core   0: 0x8000097e (0x012f8c83) lb      s9, 18(t6)
core   0: 3 0x8000097e (0x012f8c83) x25 0x00000000 mem 0x80010099
core   0: 0x80000982 (0x07df87a3) sb      t4, 111(t6)
core   0: 3 0x80000982 (0x07df87a3) mem 0x800100f6 0x0
core   0: 0x80000986 (0xf3770c03) lb      s8, -201(a4)
core   0: 3 0x80000986 (0xf3770c03) x24 0x00000000 mem 0x8001c6ac
core   0: 0x8000098a (0xf5474403) lbu     s0, -172(a4)
core   0: 3 0x8000098a (0xf5474403) x 8 0x00000000 mem 0x8001c6c9
core   0: 0x8000098e (0x02afc203) lbu     tp, 42(t6)
core   0: 3 0x8000098e (0x02afc203) x 4 0x00000000 mem 0x800100b1
core   0: 0x80000992 (0xfc674983) lbu     s3, -58(a4)
core   0: 3 0x80000992 (0xfc674983) x19 0x00000000 mem 0x8001c73b
core   0: 0x80000996 (0xfeef8ea3) sb      a4, -3(t6)
core   0: 3 0x80000996 (0xfeef8ea3) mem 0x80010084 0x75
core   0: 0x8000099a (0x0edfd783) lhu     a5, 237(t6)
core   0: 3 0x8000099a (0x0edfd783) x15 0x00000000 mem 0x80010174
core   0: 0x8000099e (0x03971da3) sh      s9, 59(a4)
core   0: 3 0x8000099e (0x03971da3) mem 0x8001c7b0 0x0000
core   0: 0x800009a2 (0x00010a17) auipc   s4, 0x10
core   0: 3 0x800009a2 (0x00010a17) x20 0x800109a2
core   0: 0x800009a6 (0xda3a0a13) addi    s4, s4, -605
core   0: 3 0x800009a6 (0xda3a0a13) x20 0x80010745
core   0: 0x800009aa (0x00014f97) auipc   t6, 0x14
core   0: 3 0x800009aa (0x00014f97) x31 0x800149aa
core   0: 0x800009ae (0x454f8f93) addi    t6, t6, 1108
core   0: 3 0x800009ae (0x454f8f93) x31 0x80014dfe
core   0: 0x800009b2 (0xfd5a08a3) sb      s5, -47(s4)
core   0: 3 0x800009b2 (0xfd5a08a3) mem 0x80010716 0xe4
core   0: 0x800009b6 (0xaadfc503) lbu     a0, -1363(t6)
core   0: 3 0x800009b6 (0xaadfc503) x10 0x00000000 mem 0x800148ab
core   0: 0x800009ba (0xfe3a1fa3) sh      gp, -1(s4)
core   0: 3 0x800009ba (0xfe3a1fa3) mem 0x80010744 0x0000
core   0: 0x800009be (0x514fde83) lhu     t4, 1300(t6)
core   0: 3 0x800009be (0x514fde83) x29 0x00000000 mem 0x80015312
core   0: 0x800009c2 (0xbfaf8d83) lb      s11, -1030(t6)
core   0: 3 0x800009c2 (0xbfaf8d83) x27 0x00000000 mem 0x800149f8
core   0: 0x800009c6 (0x03aa0723) sb      s10, 46(s4)
core   0: 3 0x800009c6 (0x03aa0723) mem 0x80010773 0x13
core   0: 0x800009ca (0xf5ef9483) lh      s1, -162(t6)
core   0: 3 0x800009ca (0xf5ef9483) x 9 0x00000000 mem 0x80014d5c
core   0: 0x800009ce (0x01da1c03) lh      s8, 29(s4)
core   0: 3 0x800009ce (0x01da1c03) x24 0x00000000 mem 0x80010762
core   0: 0x800009d2 (0x496f9123) sh      s6, 1154(t6)
core   0: 3 0x800009d2 (0x496f9123) mem 0x80015280 0x0f23
core   0: 0x800009d6 (0x017a1783) lh      a5, 23(s4)
core   0: 3 0x800009d6 (0x017a1783) x15 0x00000000 mem 0x8001075c
core   0: 0x800009da (0x672f8323) sb      s2, 1638(t6)
core   0: 3 0x800009da (0x672f8323) mem 0x80015464 0x0
core   0: 0x800009de (0xed0f9703) lh      a4, -304(t6)
core   0: 3 0x800009de (0xed0f9703) x14 0x00000000 mem 0x80014cce
core   0: 0x800009e2 (0xfd0a4003) lbu     zero, -48(s4)
core   0: 3 0x800009e2 (0xfd0a4003) mem 0x80010715
core   0: 0x800009e6 (0x00010e17) auipc   t3, 0x10
core   0: 3 0x800009e6 (0x00010e17) x28 0x800109e6
core   0: 0x800009ea (0xe0ee0e13) addi    t3, t3, -498
core   0: 3 0x800009ea (0xe0ee0e13) x28 0x800107f4
core   0: 0x800009ee (0x022e5183) lhu     gp, 34(t3)
core   0: 3 0x800009ee (0x022e5183) x 3 0x00000000 mem 0x80010816
core   0: 0x800009f2 (0x8fa80b13) addi    s6, a6, -1798
core   0: 3 0x800009f2 (0x8fa80b13) x22 0xfffff8fa
core   0: 0x800009f6 (0x008e09a3) sb      s0, 19(t3)
core   0: 3 0x800009f6 (0x008e09a3) mem 0x80010807 0x0
core   0: 0x800009fa (0x022e0e83) lb      t4, 34(t3)
core   0: 3 0x800009fa (0x022e0e83) x29 0x00000000 mem 0x80010816
core   0: 0x800009fe (0xfc4e1683) lh      a3, -60(t3)
core   0: 3 0x800009fe (0xfc4e1683) x13 0x00000000 mem 0x800107b8
core   0: 0x80000a02 (0x030e1b83) lh      s7, 48(t3)
core   0: 3 0x80000a02 (0x030e1b83) x23 0x00000000 mem 0x80010824
core   0: 0x80000a06 (0x016e5403) lhu     s0, 22(t3)
core   0: 3 0x80000a06 (0x016e5403) x 8 0x00000000 mem 0x8001080a
core   0: 0x80000a0a (0x001e1723) sh      ra, 14(t3)
core   0: 3 0x80000a0a (0x001e1723) mem 0x80010802 0xffff
core   0: 0x80000a0e (0xfc4e4d83) lbu     s11, -60(t3)
core   0: 3 0x80000a0e (0xfc4e4d83) x27 0x00000000 mem 0x800107b8
core   0: 0x80000a12 (0xfc4e2083) lw      ra, -60(t3)
core   0: 3 0x80000a12 (0xfc4e2083) x 1 0x00000000 mem 0x800107b8
core   0: 0x80000a16 (0x03d52033) mulhsu  zero, a0, t4
core   0: 3 0x80000a16 (0x03d52033)
core   0: 0x80000a1a (0x017e4b83) lbu     s7, 23(t3)
core   0: 3 0x80000a1a (0x017e4b83) x23 0x00000000 mem 0x8001080b
core   0: 0x80000a1e (0x017e4483) lbu     s1, 23(t3)
core   0: 3 0x80000a1e (0x017e4483) x 9 0x00000000 mem 0x8001080b
core   0: 0x80000a22 (0x017e4803) lbu     a6, 23(t3)
core   0: 3 0x80000a22 (0x017e4803) x16 0x00000000 mem 0x8001080b
core   0: 0x80000a26 (0x00020b97) auipc   s7, 0x20
core   0: 3 0x80000a26 (0x00020b97) x23 0x80020a26
core   0: 0x80000a2a (0x220b8b93) addi    s7, s7, 544
core   0: 3 0x80000a2a (0x220b8b93) x23 0x80020c46
core   0: 0x80000a2e (0x00015897) auipc   a7, 0x15
core   0: 3 0x80000a2e (0x00015897) x17 0x80015a2e
core   0: 0x80000a32 (0x19688893) addi    a7, a7, 406
core   0: 3 0x80000a32 (0x19688893) x17 0x80015bc4
core   0: 0x80000a36 (0x00016f17) auipc   t5, 0x16
core   0: 3 0x80000a36 (0x00016f17) x30 0x80016a36
core   0: 0x80000a3a (0xf99f0f13) addi    t5, t5, -103
core   0: 3 0x80000a3a (0xf99f0f13) x30 0x800169cf
core   0: 0x80000a3e (0x024886a3) sb      tp, 45(a7)
core   0: 3 0x80000a3e (0x024886a3) mem 0x80015bf1 0x0
core   0: 0x80000a42 (0x02688fa3) sb      t1, 63(a7)
core   0: 3 0x80000a42 (0x02688fa3) mem 0x80015c03 0x0
core   0: 0x80000a46 (0x00012d17) auipc   s10, 0x12
core   0: 3 0x80000a46 (0x00012d17) x26 0x80012a46
core   0: 0x80000a4a (0x0f7d0d13) addi    s10, s10, 247
core   0: 3 0x80000a4a (0x0f7d0d13) x26 0x80012b3d
core   0: 0x80000a4e (0x00c8d283) lhu     t0, 12(a7)
core   0: 3 0x80000a4e (0x00c8d283) x 5 0x00000000 mem 0x80015bd0
core   0: 0x80000a52 (0x0001f217) auipc   tp, 0x1f
core   0: 3 0x80000a52 (0x0001f217) x 4 0x8001fa52
core   0: 0x80000a56 (0xce320213) addi    tp, tp, -797
core   0: 3 0x80000a56 (0xce320213) x 4 0x8001f735
core   0: 0x80000a5a (0xfd988303) lb      t1, -39(a7)
core   0: 3 0x80000a5a (0xfd988303) x 6 0x00000000 mem 0x80015b9d
core   0: 0x80000a5e (0x495f0783) lb      a5, 1173(t5)
core   0: 3 0x80000a5e (0x495f0783) x15 0x00000000 mem 0x80016e64
core   0: 0x80000a62 (0x219f2803) lw      a6, 537(t5)
core   0: 3 0x80000a62 (0x219f2803) x16 0x00000000 mem 0x80016be8
core   0: 0x80000a66 (0xfc68a623) sw      t1, -52(a7)
core   0: 3 0x80000a66 (0xfc68a623) mem 0x80015b90 0x00000000
core   0: 0x80000a6a (0x015215a3) sh      s5, 11(tp)
core   0: 3 0x80000a6a (0x015215a3) mem 0x8001f740 0x9ce4
core   0: 0x80000a6e (0xde7b8283) lb      t0, -537(s7)
core   0: 3 0x80000a6e (0xde7b8283) x 5 0x00000000 mem 0x80020a2d
core   0: 0x80000a72 (0xfd388503) lb      a0, -45(a7)
core   0: 3 0x80000a72 (0xfd388503) x10 0x00000000 mem 0x80015b97
core   0: 0x80000a76 (0xfdbd0523) sb      s11, -54(s10)
core   0: 3 0x80000a76 (0xfdbd0523) mem 0x80012b07 0x0
core   0: 0x80000a7a (0xff820983) lb      s3, -8(tp)
core   0: 3 0x80000a7a (0xff820983) x19 0x00000000 mem 0x8001f72d
core   0: 0x80000a7e (0x05ab9c83) lh      s9, 90(s7)
core   0: 3 0x80000a7e (0x05ab9c83) x25 0x00000000 mem 0x80020ca0
core   0: 0x80000a82 (0x126ba003) lw      zero, 294(s7)
core   0: 3 0x80000a82 (0x126ba003) mem 0x80020d6c
core   0: 0x80000a86 (0xd49f4403) lbu     s0, -695(t5)
core   0: 3 0x80000a86 (0xd49f4403) x 8 0x00000000 mem 0x80016718
core   0: 0x80000a8a (0x004f0fa3) sb      tp, 31(t5)
core   0: 3 0x80000a8a (0x004f0fa3) mem 0x800169ee 0x35
core   0: 0x80000a8e (0x00a20a03) lb      s4, 10(tp)
core   0: 3 0x80000a8e (0x00a20a03) x20 0x00000000 mem 0x8001f73f
core   0: 0x80000a92 (0x494f0183) lb      gp, 1172(t5)
core   0: 3 0x80000a92 (0x494f0183) x 3 0x00000000 mem 0x80016e63
core   0: 0x80000a96 (0xfd18c083) lbu     ra, -47(a7)
core   0: 3 0x80000a96 (0xfd18c083) x 1 0x00000000 mem 0x80015b95
core   0: 0x80000a9a (0x02ed11a3) sh      a4, 35(s10)
core   0: 3 0x80000a9a (0x02ed11a3) mem 0x80012b60 0x0000
core   0: 0x80000a9e (0x059b8983) lb      s3, 89(s7)
core   0: 3 0x80000a9e (0x059b8983) x19 0x00000000 mem 0x80020c9f
core   0: 0x80000aa2 (0xcffbce83) lbu     t4, -769(s7)
core   0: 3 0x80000aa2 (0xcffbce83) x29 0x00000000 mem 0x80020945
core   0: 0x80000aa6 (0xfc08c403) lbu     s0, -64(a7)
core   0: 3 0x80000aa6 (0xfc08c403) x 8 0x00000000 mem 0x80015b84
core   0: 0x80000aaa (0xec5f03a3) sb      t0, -313(t5)
core   0: 3 0x80000aaa (0xec5f03a3) mem 0x80016896 0x0
core   0: 0x80000aae (0xff1d5e83) lhu     t4, -15(s10)
core   0: 3 0x80000aae (0xff1d5e83) x29 0x00000000 mem 0x80012b2e
core   0: 0x80000ab2 (0xfcc88783) lb      a5, -52(a7)
core   0: 3 0x80000ab2 (0xfcc88783) x15 0x00000000 mem 0x80015b90
core   0: 0x80000ab6 (0x3c4f0623) sb      tp, 972(t5)
core   0: 3 0x80000ab6 (0x3c4f0623) mem 0x80016d9b 0x35
core   0: 0x80000aba (0xfef89a23) sh      a5, -12(a7)
core   0: 3 0x80000aba (0xfef89a23) mem 0x80015bb8 0x0000
core   0: 0x80000abe (0xe8ebab03) lw      s6, -370(s7)
core   0: 3 0x80000abe (0xe8ebab03) x22 0x00000000 mem 0x80020ad4
core   0: 0x80000ac2 (0x00424c03) lbu     s8, 4(tp)
core   0: 3 0x80000ac2 (0x00424c03) x24 0x00000000 mem 0x8001f739
core   0: 0x80000ac6 (0x00ed4703) lbu     a4, 14(s10)
core   0: 3 0x80000ac6 (0x00ed4703) x14 0x00000000 mem 0x80012b4b
core   0: 0x80000aca (0x00620c83) lb      s9, 6(tp)
core   0: 3 0x80000aca (0x00620c83) x25 0x00000000 mem 0x8001f73b
core   0: 0x80000ace (0xcfaf0323) sb      s10, -794(t5)
core   0: 3 0x80000ace (0xcfaf0323) mem 0x800166b5 0x3d
core   0: 0x80000ad2 (0x556f4503) lbu     a0, 1366(t5)
core   0: 3 0x80000ad2 (0x556f4503) x10 0x00000000 mem 0x80016f25
core   0: 0x80000ad6 (0xfc7d1d83) lh      s11, -57(s10)
core   0: 3 0x80000ad6 (0xfc7d1d83) x27 0x00000000 mem 0x80012b04
core   0: 0x80000ada (0x00019497) auipc   s1, 0x19
core   0: 3 0x80000ada (0x00019497) x 9 0x80019ada
core   0: 0x80000ade (0x2df48493) addi    s1, s1, 735
core   0: 3 0x80000ade (0x2df48493) x 9 0x80019db9
core   0: 0x80000ae2 (0x00000001) c.nop
core   0: 3 0x80000ae2 (0x0001)
core   0: 0x80000ae4 (0x02c9a2b3) mulhsu  t0, s3, a2
core   0: 3 0x80000ae4 (0x02c9a2b3) x 5 0x00000000
core   0: 0x80000ae8 (0x00564633) xor     a2, a2, t0
core   0: 3 0x80000ae8 (0x00564633) x12 0x00000000
core   0: 0x80000aec (0xb5448603) lb      a2, -1196(s1)
core   0: 3 0x80000aec (0xb5448603) x12 0x00000000 mem 0x8001990d
core   0: 0x80000af0 (0xedf4d603) lhu     a2, -289(s1)
core   0: 3 0x80000af0 (0xedf4d603) x12 0x00000000 mem 0x80019c98
core   0: 0x80000af4 (0x5584c783) lbu     a5, 1368(s1)
core   0: 3 0x80000af4 (0x5584c783) x15 0x00000000 mem 0x8001a311
core   0: 0x80000af8 (0x90f482a3) sb      a5, -1787(s1)
core   0: 3 0x80000af8 (0x90f482a3) mem 0x800196be 0x0
core   0: 0x80000afc (0xaa01a693) slti    a3, gp, -1376
core   0: 3 0x80000afc (0xaa01a693) x13 0x00000000
core   0: 0x80000b00 (0x7c448183) lb      gp, 1988(s1)
core   0: 3 0x80000b00 (0x7c448183) x 3 0x00000000 mem 0x8001a57d
core   0: 0x80000b04 (0x0ff0000f) fence   iorw,iorw
core   0: 3 0x80000b04 (0x0ff0000f)
core   0: 0x80000b08 (0x01569793) slli    a5, a3, 21
core   0: 3 0x80000b08 (0x01569793) x15 0x00000000
core   0: 0x80000b0c (0x6c549ba3) sh      t0, 1751(s1)
core   0: 3 0x80000b0c (0x6c549ba3) mem 0x8001a490 0x0000
core   0: 0x80000b10 (0x01364633) xor     a2, a2, s3
core   0: 3 0x80000b10 (0x01364633) x12 0x00000000
core   0: 0x80000b14 (0x0000065e) c.slli  a2, 23
core   0: 3 0x80000b14 (0x065e) x12 0x00000000
core   0: 0x80000b16 (0x02c982b3) mul     t0, s3, a2
core   0: 3 0x80000b16 (0x02c982b3) x 5 0x00000000
core   0: 0x80000b1a (0x2634a3a3) sw      gp, 615(s1)
core   0: 3 0x80000b1a (0x2634a3a3) mem 0x8001a020 0x00000000
core   0: 0x80000b1e (0x4031d633) sra     a2, gp, gp
core   0: 3 0x80000b1e (0x4031d633) x12 0x00000000
core   0: 0x80000b22 (0x00009bfd) c.andi  a5, -1
core   0: 3 0x80000b22 (0x9bfd) x15 0x00000000
core   0: 0x80000b24 (0x00000001) c.nop
core   0: 3 0x80000b24 (0x0001)
core   0: 0x80000b26 (0x00d9b633) sltu    a2, s3, a3
core   0: 3 0x80000b26 (0x00d9b633) x12 0x00000000
core   0: 0x80000b2a (0x36e4c683) lbu     a3, 878(s1)
core   0: 3 0x80000b2a (0x36e4c683) x13 0x00000000 mem 0x8001a127
core   0: 0x80000b2e (0xc9d4d603) lhu     a2, -867(s1)
core   0: 3 0x80000b2e (0xc9d4d603) x12 0x00000000 mem 0x80019a56
core   0: 0x80000b32 (0x0ff0000f) fence   iorw,iorw
core   0: 3 0x80000b32 (0x0ff0000f)
core   0: 0x80000b36 (0xdfd48983) lb      s3, -515(s1)
core   0: 3 0x80000b36 (0xdfd48983) x19 0x00000000 mem 0x80019bb6
core   0: 0x80000b3a (0x76048983) lb      s3, 1888(s1)
core   0: 3 0x80000b3a (0x76048983) x19 0x00000000 mem 0x8001a519
core   0: 0x80000b3e (0xb3b4a183) lw      gp, -1221(s1)
core   0: 3 0x80000b3e (0xb3b4a183) x 3 0x00000000 mem 0x800198f4
core   0: 0x80000b42 (0x6274c183) lbu     gp, 1575(s1)
core   0: 3 0x80000b42 (0x6274c183) x 3 0x00000000 mem 0x8001a3e0
core   0: 0x80000b46 (0x7ae4c283) lbu     t0, 1966(s1)
core   0: 3 0x80000b46 (0x7ae4c283) x 5 0x00000000 mem 0x8001a567
core   0: 0x80000b4a (0x4744c783) lbu     a5, 1140(s1)
core   0: 3 0x80000b4a (0x4744c783) x15 0x00000000 mem 0x8001a22d
core   0: 0x80000b4e (0x003677b3) and     a5, a2, gp
core   0: 3 0x80000b4e (0x003677b3) x15 0x00000000
core   0: 0x80000b52 (0x30d49783) lh      a5, 781(s1)
core   0: 3 0x80000b52 (0x30d49783) x15 0x00000000 mem 0x8001a0c6
core   0: 0x80000b56 (0x0ff0000f) fence   iorw,iorw
core   0: 3 0x80000b56 (0x0ff0000f)
core   0: 0x80000b5a (0x66348923) sb      gp, 1650(s1)
core   0: 3 0x80000b5a (0x66348923) mem 0x8001a42b 0x0
core   0: 0x80000b5e (0xdd04c603) lbu     a2, -560(s1)
core   0: 3 0x80000b5e (0xdd04c603) x12 0x00000000 mem 0x80019b89
core   0: 0x80000b62 (0x00008239) c.srli  a2, 14
core   0: 3 0x80000b62 (0x8239) x12 0x00000000
core   0: 0x80000b64 (0xe3749283) lh      t0, -457(s1)
core   0: 3 0x80000b64 (0xe3749283) x 5 0x00000000 mem 0x80019bf0
core   0: 0x80000b68 (0x9584c183) lbu     gp, -1704(s1)
core   0: 3 0x80000b68 (0x9584c183) x 3 0x00000000 mem 0x80019711
core   0: 0x80000b6c (0x0b848603) lb      a2, 184(s1)
core   0: 3 0x80000b6c (0x0b848603) x12 0x00000000 mem 0x80019e71
core   0: 0x80000b70 (0x3e349ea3) sh      gp, 1021(s1)
core   0: 3 0x80000b70 (0x3e349ea3) mem 0x8001a1b6 0x0000
core   0: 0x80000b74 (0x2bd49783) lh      a5, 701(s1)
core   0: 3 0x80000b74 (0x2bd49783) x15 0x00000000 mem 0x8001a076
core   0: 0x80000b78 (0x5844c603) lbu     a2, 1412(s1)
core   0: 3 0x80000b78 (0x5844c603) x12 0x00000000 mem 0x8001a33d
core   0: 0x80000b7c (0xd4548783) lb      a5, -699(s1)
core   0: 3 0x80000b7c (0xd4548783) x15 0x00000000 mem 0x80019afe
core   0: 0x80000b80 (0x4032d633) sra     a2, t0, gp
core   0: 3 0x80000b80 (0x4032d633) x12 0x00000000
core   0: 0x80000b84 (0x6124c783) lbu     a5, 1554(s1)
core   0: 3 0x80000b84 (0x6124c783) x15 0x00000000 mem 0x8001a3cb
core   0: 0x80000b88 (0x00398633) add     a2, s3, gp
core   0: 3 0x80000b88 (0x00398633) x12 0x00000000
core   0: 0x80000b8c (0x00000001) c.nop
core   0: 3 0x80000b8c (0x0001)
core   0: 0x80000b8e (0x29b48683) lb      a3, 667(s1)
core   0: 3 0x80000b8e (0x29b48683) x13 0x00000000 mem 0x8001a054
core   0: 0x80000b92 (0x00010e97) auipc   t4, 0x10
core   0: 3 0x80000b92 (0x00010e97) x29 0x80010b92
core   0: 0x80000b96 (0x90ce8e93) addi    t4, t4, -1780
core   0: 3 0x80000b96 (0x90ce8e93) x29 0x8001049e
core   0: 0x80000b9a (0x00010f97) auipc   t6, 0x10
core   0: 3 0x80000b9a (0x00010f97) x31 0x80010b9a
core   0: 0x80000b9e (0xc67f8f93) addi    t6, t6, -921
core   0: 3 0x80000b9e (0xc67f8f93) x31 0x80010801
core   0: 0x80000ba2 (0x761e8783) lb      a5, 1889(t4)
core   0: 3 0x80000ba2 (0x761e8783) x15 0x00000000 mem 0x80010bff
core   0: 0x80000ba6 (0x00010817) auipc   a6, 0x10
core   0: 3 0x80000ba6 (0x00010817) x16 0x80010ba6
core   0: 0x80000baa (0x95580813) addi    a6, a6, -1707
core   0: 3 0x80000baa (0x95580813) x16 0x800104fb
core   0: 0x80000bae (0x00010d17) auipc   s10, 0x10
core   0: 3 0x80000bae (0x00010d17) x26 0x80010bae
core   0: 0x80000bb2 (0x973d0d13) addi    s10, s10, -1677
core   0: 3 0x80000bb2 (0x973d0d13) x26 0x80010521
core   0: 0x80000bb6 (0x004811a3) sh      tp, 3(a6)
core   0: 3 0x80000bb6 (0x004811a3) mem 0x800104fe 0xf735
core   0: 0x80000bba (0x00010a17) auipc   s4, 0x10
core   0: 3 0x80000bba (0x00010a17) x20 0x80010bba
core   0: 0x80000bbe (0x3b1a0a13) addi    s4, s4, 945
core   0: 3 0x80000bbe (0x3b1a0a13) x20 0x80010f6b
core   0: 0x80000bc2 (0xffaf8f03) lb      t5, -6(t6)
core   0: 3 0x80000bc2 (0xffaf8f03) x30 0x00000000 mem 0x800107fb
core   0: 0x80000bc6 (0xfe9d0923) sb      s1, -14(s10)
core   0: 3 0x80000bc6 (0xfe9d0923) mem 0x80010513 0xb9
core   0: 0x80000bca (0x00880083) lb      ra, 8(a6)
core   0: 3 0x80000bca (0x00880083) x 1 0x00000000 mem 0x80010503
core   0: 0x80000bce (0xffaf8623) sb      s10, -20(t6)
core   0: 3 0x80000bce (0xffaf8623) mem 0x800107ed 0x21
core   0: 0x80000bd2 (0x00dd4403) lbu     s0, 13(s10)
core   0: 3 0x80000bd2 (0x00dd4403) x 8 0x00000000 mem 0x8001052e
core   0: 0x80000bd6 (0x01084703) lbu     a4, 16(a6)
core   0: 3 0x80000bd6 (0x01084703) x14 0x00000000 mem 0x8001050b
core   0: 0x80000bda (0x00bd2d83) lw      s11, 11(s10)
core   0: 3 0x80000bda (0x00bd2d83) x27 0x00000000 mem 0x8001052c
core   0: 0x80000bde (0x024a2ea3) sw      tp, 61(s4)
core   0: 3 0x80000bde (0x024a2ea3) mem 0x80010fa8 0x8001f735
core   0: 0x80000be2 (0xff0fc503) lbu     a0, -16(t6)
core   0: 3 0x80000be2 (0xff0fc503) x10 0x00000000 mem 0x800107f1
core   0: 0x80000be6 (0x00b84b83) lbu     s7, 11(a6)
core   0: 3 0x80000be6 (0x00b84b83) x23 0x00000000 mem 0x80010506
core   0: 0x80000bea (0xfe981ca3) sh      s1, -7(a6)
core   0: 3 0x80000bea (0xfe981ca3) mem 0x800104f4 0x9db9
core   0: 0x80000bee (0xfe8a4b83) lbu     s7, -24(s4)
core   0: 3 0x80000bee (0xfe8a4b83) x23 0x00000000 mem 0x80010f53
core   0: 0x80000bf2 (0xfc9a5f03) lhu     t5, -55(s4)
core   0: 3 0x80000bf2 (0xfc9a5f03) x30 0x00000000 mem 0x80010f34
core   0: 0x80000bf6 (0xff0d0f03) lb      t5, -16(s10)
core   0: 3 0x80000bf6 (0xff0d0f03) x30 0x00000000 mem 0x80010511
core   0: 0x80000bfa (0x03df9b83) lh      s7, 61(t6)
core   0: 3 0x80000bfa (0x03df9b83) x23 0x00000000 mem 0x8001083e
core   0: 0x80000bfe (0x020fc783) lbu     a5, 32(t6)
core   0: 3 0x80000bfe (0x020fc783) x15 0x00000000 mem 0x80010821
core   0: 0x80000c02 (0x026a0523) sb      t1, 42(s4)
core   0: 3 0x80000c02 (0x026a0523) mem 0x80010f95 0x0
core   0: 0x80000c06 (0x00380223) sb      gp, 4(a6)
core   0: 3 0x80000c06 (0x00380223) mem 0x800104ff 0x0
core   0: 0x80000c0a (0x2d7e8103) lb      sp, 727(t4)
core   0: 3 0x80000c0a (0x2d7e8103) x 2 0x00000000 mem 0x80010775
core   0: 0x80000c0e (0x00dd5403) lhu     s0, 13(s10)
core   0: 3 0x80000c0e (0x00dd5403) x 8 0x00000000 mem 0x8001052e
core   0: 0x80000c12 (0x00884683) lbu     a3, 8(a6)
core   0: 3 0x80000c12 (0x00884683) x13 0x00000000 mem 0x80010503
core   0: 0x80000c16 (0x421ec783) lbu     a5, 1057(t4)
core   0: 3 0x80000c16 (0x421ec783) x15 0x00000000 mem 0x800108bf
core   0: 0x80000c1a (0xfe0fa3a3) sw      zero, -25(t6)
core   0: 3 0x80000c1a (0xfe0fa3a3) mem 0x800107e8 0x00000000
core   0: 0x80000c1e (0x006d0123) sb      t1, 2(s10)
core   0: 3 0x80000c1e (0x006d0123) mem 0x80010523 0x0
core   0: 0x80000c22 (0xfec80923) sb      a2, -14(a6)
core   0: 3 0x80000c22 (0xfec80923) mem 0x800104ed 0x0
core   0: 0x80000c26 (0x008d0b03) lb      s6, 8(s10)
core   0: 3 0x80000c26 (0x008d0b03) x22 0x00000000 mem 0x80010529
core   0: 0x80000c2a (0x008a4b03) lbu     s6, 8(s4)
core   0: 3 0x80000c2a (0x008a4b03) x22 0x00000000 mem 0x80010f73
core   0: 0x80000c2e (0xfd9a0c03) lb      s8, -39(s4)
core   0: 3 0x80000c2e (0xfd9a0c03) x24 0x00000000 mem 0x80010f44
core   0: 0x80000c32 (0x478e9023) sh      s8, 1120(t4)
core   0: 3 0x80000c32 (0x478e9023) mem 0x800108fe 0x0000
core   0: 0x80000c36 (0x0abec183) lbu     gp, 171(t4)
core   0: 3 0x80000c36 (0x0abec183) x 3 0x00000000 mem 0x80010549
core   0: 0x80000c3a (0xffbd0c23) sb      s11, -8(s10)
core   0: 3 0x80000c3a (0xffbd0c23) mem 0x80010519 0x0
core   0: 0x80000c3e (0x02fa0083) lb      ra, 47(s4)
core   0: 3 0x80000c3e (0x02fa0083) x 1 0x00000000 mem 0x80010f9a
core   0: 0x80000c42 (0xffb85683) lhu     a3, -5(a6)
core   0: 3 0x80000c42 (0xffb85683) x13 0x00000000 mem 0x800104f6
core   0: 0x80000c46 (0xff3f9b03) lh      s6, -13(t6)
core   0: 3 0x80000c46 (0xff3f9b03) x22 0x00000000 mem 0x800107f4
core   0: 0x80000c4a (0xfc9fd903) lhu     s2, -55(t6)
core   0: 3 0x80000c4a (0xfc9fd903) x18 0x00000000 mem 0x800107ca
core   0: 0x80000c4e (0xfeca4d83) lbu     s11, -20(s4)
core   0: 3 0x80000c4e (0xfeca4d83) x27 0x00000000 mem 0x80010f57
core   0: 0x80000c52 (0x009d4e03) lbu     t3, 9(s10)
core   0: 3 0x80000c52 (0x009d4e03) x28 0x00000000 mem 0x8001052a
core   0: 0x80000c56 (0xbc3ec883) lbu     a7, -1085(t4)
core   0: 3 0x80000c56 (0xbc3ec883) x17 0x00000000 mem 0x80010061
core   0: 0x80000c5a (0xce4e8603) lb      a2, -796(t4)
core   0: 3 0x80000c5a (0xce4e8603) x12 0x00000000 mem 0x80010182
core   0: 0x80000c5e (0x034f9ca3) sh      s4, 57(t6)
core   0: 3 0x80000c5e (0x034f9ca3) mem 0x8001083a 0x0f6b
core   0: 0x80000c62 (0x00ed4d83) lbu     s11, 14(s10)
core   0: 3 0x80000c62 (0x00ed4d83) x27 0x00000000 mem 0x8001052f
core   0: 0x80000c66 (0xfdda1da3) sh      t4, -37(s4)
core   0: 3 0x80000c66 (0xfdda1da3) mem 0x80010f46 0x049e
core   0: 0x80000c6a (0x00015697) auipc   a3, 0x15
core   0: 3 0x80000c6a (0x00015697) x13 0x80015c6a
core   0: 0x80000c6e (0x65e68693) addi    a3, a3, 1630
core   0: 3 0x80000c6e (0x65e68693) x13 0x800162c8
core   0: 0x80000c72 (0x00018417) auipc   s0, 0x18
core   0: 3 0x80000c72 (0x00018417) x 8 0x80018c72
core   0: 0x80000c76 (0x95d40413) addi    s0, s0, -1699
core   0: 3 0x80000c76 (0x95d40413) x 8 0x800185cf
core   0: 0x80000c7a (0x00011097) auipc   ra, 0x11
core   0: 3 0x80000c7a (0x00011097) x 1 0x80011c7a
core   0: 0x80000c7e (0x7a808093) addi    ra, ra, 1960
core   0: 3 0x80000c7e (0x7a808093) x 1 0x80012422
core   0: 0x80000c82 (0x02c09623) sh      a2, 44(ra)
core   0: 3 0x80000c82 (0x02c09623) mem 0x8001244e 0x0000
core   0: 0x80000c86 (0x00020b17) auipc   s6, 0x20
core   0: 3 0x80000c86 (0x00020b17) x22 0x80020c86
core   0: 0x80000c8a (0xe65b0b13) addi    s6, s6, -411
core   0: 3 0x80000c8a (0xe65b0b13) x22 0x80020aeb
core   0: 0x80000c8e (0xfe768ba3) sb      t2, -9(a3)
core   0: 3 0x80000c8e (0xfe768ba3) mem 0x800162bf 0x64
core   0: 0x80000c92 (0xfec09523) sh      a2, -22(ra)
core   0: 3 0x80000c92 (0xfec09523) mem 0x8001240c 0x0000
core   0: 0x80000c96 (0xf85b1783) lh      a5, -123(s6)
core   0: 3 0x80000c96 (0xf85b1783) x15 0x00000000 mem 0x80020a70
core   0: 0x80000c9a (0x03b08183) lb      gp, 59(ra)
core   0: 3 0x80000c9a (0x03b08183) x 3 0x00000000 mem 0x8001245d
core   0: 0x80000c9e (0xd76b26a3) sw      s6, -659(s6)
core   0: 3 0x80000c9e (0xd76b26a3) mem 0x80020858 0x80020aeb
core   0: 0x80000ca2 (0x8b2b0103) lb      sp, -1870(s6)
core   0: 3 0x80000ca2 (0x8b2b0103) x 2 0x00000000 mem 0x8002039d
core   0: 0x80000ca6 (0x8a46a623) sw      tp, -1876(a3)
core   0: 3 0x80000ca6 (0x8a46a623) mem 0x80015b74 0x8001f735
core   0: 0x80000caa (0x057411a3) sh      s7, 67(s0)
core   0: 3 0x80000caa (0x057411a3) mem 0x80018612 0x0000
core   0: 0x80000cae (0x3b76c803) lbu     a6, 951(a3)
core   0: 3 0x80000cae (0x3b76c803) x16 0x00000000 mem 0x8001667f
core   0: 0x80000cb2 (0x0eb45183) lhu     gp, 235(s0)
core   0: 3 0x80000cb2 (0x0eb45183) x 3 0x00000000 mem 0x800186ba
core   0: 0x80000cb6 (0x92f6ce03) lbu     t3, -1745(a3)
core   0: 3 0x80000cb6 (0x92f6ce03) x28 0x00000000 mem 0x80015bf7
core   0: 0x80000cba (0xc10b4103) lbu     sp, -1008(s6)
core   0: 3 0x80000cba (0xc10b4103) x 2 0x00000000 mem 0x800206fb
core   0: 0x80000cbe (0x00408483) lb      s1, 4(ra)
core   0: 3 0x80000cbe (0x00408483) x 9 0x00000000 mem 0x80012426
core   0: 0x80000cc2 (0xe50685a3) sb      a6, -437(a3)
core   0: 3 0x80000cc2 (0xe50685a3) mem 0x80016113 0x0
core   0: 0x80000cc6 (0xf9f44703) lbu     a4, -97(s0)
core   0: 3 0x80000cc6 (0xf9f44703) x14 0x00000000 mem 0x8001856e
core   0: 0x80000cca (0x3ffb0b23) sb      t6, 1014(s6)
core   0: 3 0x80000cca (0x3ffb0b23) mem 0x80020ee1 0x1
core   0: 0x80000cce (0x2536c283) lbu     t0, 595(a3)
core   0: 3 0x80000cce (0x2536c283) x 5 0x00000000 mem 0x8001651b
core   0: 0x80000cd2 (0xfe70c983) lbu     s3, -25(ra)
core   0: 3 0x80000cd2 (0xfe70c983) x19 0x00000000 mem 0x80012409
core   0: 0x80000cd6 (0x09840603) lb      a2, 152(s0)
core   0: 3 0x80000cd6 (0x09840603) x12 0x00000000 mem 0x80018667
core   0: 0x80000cda (0x34fb0103) lb      sp, 847(s6)
core   0: 3 0x80000cda (0x34fb0103) x 2 0x00000000 mem 0x80020e3a
core   0: 0x80000cde (0x02c40ca3) sb      a2, 57(s0)
core   0: 3 0x80000cde (0x02c40ca3) mem 0x80018608 0x0
core   0: 0x80000ce2 (0x0c544e83) lbu     t4, 197(s0)
core   0: 3 0x80000ce2 (0x0c544e83) x29 0x00000000 mem 0x80018694
core   0: 0x80000ce6 (0x03108183) lb      gp, 49(ra)
core   0: 3 0x80000ce6 (0x03108183) x 3 0x00000000 mem 0x80012453
core   0: 0x80000cea (0x985b0483) lb      s1, -1659(s6)
core   0: 3 0x80000cea (0x985b0483) x 9 0x00000000 mem 0x80020470
core   0: 0x80000cee (0x00010117) auipc   sp, 0x10
core   0: 3 0x80000cee (0x00010117) x 2 0x80010cee
core   0: 0x80000cf2 (0xa5110113) addi    sp, sp, -1455
core   0: 3 0x80000cf2 (0xa5110113) x 2 0x8001073f
core   0: 0x80000cf6 (0x028b0b33) mul     s6, s6, s0
core   0: 3 0x80000cf6 (0x028b0b33) x22 0x1c3deb05
core   0: 0x80000cfa (0x02f474b3) remu    s1, s0, a5
core   0: 3 0x80000cfa (0x02f474b3) x 9 0x800185cf
core   0: 0x80000cfe (0x02eb2433) mulhsu  s0, s6, a4
core   0: 3 0x80000cfe (0x02eb2433) x 8 0x00000000
core   0: 0x80000d02 (0x6f914403) lbu     s0, 1785(sp)
core   0: 3 0x80000d02 (0x6f914403) x 8 0x00000000 mem 0x80010e38
core   0: 0x80000d06 (0x98711783) lh      a5, -1657(sp)
core   0: 3 0x80000d06 (0x98711783) x15 0x00000000 mem 0x800100c6
core   0: 0x80000d0a (0x95212ca3) sw      s2, -1703(sp)
core   0: 3 0x80000d0a (0x95212ca3) mem 0x80010098 0x00000000
core   0: 0x80000d0e (0x000087e5) c.srai  a5, 25
core   0: 3 0x80000d0e (0x87e5) x15 0x00000000
core   0: 0x80000d10 (0x000083ed) c.srli  a5, 27
core   0: 3 0x80000d10 (0x83ed) x15 0x00000000
core   0: 0x80000d12 (0x4117db13) srai    s6, a5, 17
core   0: 3 0x80000d12 (0x4117db13) x22 0x00000000
core   0: 0x80000d16 (0xfbd4a493) slti    s1, s1, -67
core   0: 3 0x80000d16 (0xfbd4a493) x 9 0x00000001
core   0: 0x80000d1a (0x02e437b3) mulhu   a5, s0, a4
core   0: 3 0x80000d1a (0x02e437b3) x15 0x00000000
core   0: 0x80000d1e (0xda810fa3) sb      s0, -577(sp)
core   0: 3 0x80000d1e (0xda810fa3) mem 0x800104fe 0x0
core   0: 0x80000d22 (0x00008ca1) c.xor   s1, s0
core   0: 3 0x80000d22 (0x8ca1) x 9 0x00000001
core   0: 0x80000d24 (0x9d143493) sltiu   s1, s0, -1583
core   0: 3 0x80000d24 (0x9d143493) x 9 0x00000001
core   0: 0x80000d28 (0x00991733) sll     a4, s2, s1
core   0: 3 0x80000d28 (0x00991733) x14 0x00000000
core   0: 0x80000d2c (0x90e10aa3) sb      a4, -1771(sp)
core   0: 3 0x80000d2c (0x90e10aa3) mem 0x80010054 0x0
core   0: 0x80000d30 (0xaef15b03) lhu     s6, -1297(sp)
core   0: 3 0x80000d30 (0xaef15b03) x22 0x00000000 mem 0x8001022e
core   0: 0x80000d34 (0x3da10783) lb      a5, 986(sp)
core   0: 3 0x80000d34 (0x3da10783) x15 0x00000000 mem 0x80010b19
core   0: 0x80000d38 (0x2f315403) lhu     s0, 755(sp)
core   0: 3 0x80000d38 (0x2f315403) x 8 0x00000000 mem 0x80010a32
core   0: 0x80000d3c (0x00871433) sll     s0, a4, s0
core   0: 3 0x80000d3c (0x00871433) x 8 0x00000000
core   0: 0x80000d40 (0xbd715903) lhu     s2, -1065(sp)
core   0: 3 0x80000d40 (0xbd715903) x18 0x00000000 mem 0x80010316
core   0: 0x80000d44 (0x02eb27b3) mulhsu  a5, s6, a4
core   0: 3 0x80000d44 (0x02eb27b3) x15 0x00000000
core   0: 0x80000d48 (0x00000001) c.nop
core   0: 3 0x80000d48 (0x0001)
core   0: 0x80000d4a (0x01075413) srli    s0, a4, 16
core   0: 3 0x80000d4a (0x01075413) x 8 0x00000000
core   0: 0x80000d4e (0x00008f59) c.or    a4, a4
core   0: 3 0x80000d4e (0x8f59) x14 0x00000000
core   0: 0x80000d50 (0x00000b2e) c.slli  s6, 11
core   0: 3 0x80000d50 (0x0b2e) x22 0x00000000
core   0: 0x80000d52 (0x46614703) lbu     a4, 1126(sp)
core   0: 3 0x80000d52 (0x46614703) x14 0x00000000 mem 0x80010ba5
core   0: 0x80000d56 (0x000080e5) c.srli  s1, 25
core   0: 3 0x80000d56 (0x80e5) x 9 0x00000000
core   0: 0x80000d58 (0x0000943e) c.add   s0, a5
core   0: 3 0x80000d58 (0x943e) x 8 0x00000000
core   0: 0x80000d5a (0x00000001) c.nop
core   0: 3 0x80000d5a (0x0001)
core   0: 0x80000d5c (0x0ff0000f) fence   iorw,iorw
core   0: 3 0x80000d5c (0x0ff0000f)
core   0: 0x80000d60 (0x02eb64b3) rem     s1, s6, a4
core   0: 3 0x80000d60 (0x02eb64b3) x 9 0x00000000
core   0: 0x80000d64 (0x00314b03) lbu     s6, 3(sp)
core   0: 3 0x80000d64 (0x00314b03) x22 0x00000000 mem 0x80010742
core   0: 0x80000d68 (0xb1b15903) lhu     s2, -1253(sp)
core   0: 3 0x80000d68 (0xb1b15903) x18 0x00000000 mem 0x8001025a
core   0: 0x80000d6c (0x00f7d913) srli    s2, a5, 15
core   0: 3 0x80000d6c (0x00f7d913) x18 0x00000000
core   0: 0x80000d70 (0x00e73933) sltu    s2, a4, a4
core   0: 3 0x80000d70 (0x00e73933) x18 0x00000000
core   0: 0x80000d74 (0x1e010403) lb      s0, 480(sp)
core   0: 3 0x80000d74 (0x1e010403) x 8 0x00000000 mem 0x8001091f
core   0: 0x80000d78 (0x02897433) remu    s0, s2, s0
core   0: 3 0x80000d78 (0x02897433) x 8 0x00000000
core   0: 0x80000d7c (0x5b414703) lbu     a4, 1460(sp)
core   0: 3 0x80000d7c (0x5b414703) x14 0x00000000 mem 0x80010cf3
core   0: 0x80000d80 (0x28778913) addi    s2, a5, 647
core   0: 3 0x80000d80 (0x28778913) x18 0x00000287
core   0: 0x80000d84 (0x028b07b3) mul     a5, s6, s0
core   0: 3 0x80000d84 (0x028b07b3) x15 0x00000000
core   0: 0x80000d88 (0x31510483) lb      s1, 789(sp)
core   0: 3 0x80000d88 (0x31510483) x 9 0x00000000 mem 0x80010a54
core   0: 0x80000d8c (0xffd00b93) li      s7, -3
core   0: 3 0x80000d8c (0xffd00b93) x23 0xfffffffd
core   0: 0x80000d90 (0x40e9de13) srai    t3, s3, 14
core   0: 3 0x80000d90 (0x40e9de13) x28 0x00000000
core   0: 0x80000d94 (0x404b82b3) sub     t0, s7, tp
core   0: 3 0x80000d94 (0x404b82b3) x 5 0x7ffe08c8
core   0: 0x80000d98 (0x00008d01) c.sub   a0, s0
core   0: 3 0x80000d98 (0x8d01) x10 0x00000000
core   0: 0x80000d9a (0xffd00f13) li      t5, -3
core   0: 3 0x80000d9a (0xffd00f13) x30 0xfffffffd
core   0: 0x80000d9e (0x008418b3) sll     a7, s0, s0
core   0: 3 0x80000d9e (0x008418b3) x17 0x00000000
core   0: 0x80000da2 (0x00000001) c.nop
core   0: 3 0x80000da2 (0x0001)
core   0: 0x80000da4 (0x00000001) c.nop
core   0: 3 0x80000da4 (0x0001)
core   0: 0x80000da6 (0x9d66f713) andi    a4, a3, -1578
core   0: 3 0x80000da6 (0x9d66f713) x14 0x800160c0
core   0: 0x80000daa (0x00001be1) c.addi  s7, -8
core   0: 3 0x80000daa (0x1be1) x23 0xfffffff5
core   0: 0x80000dac (0x000006bd) c.addi  a3, 15
core   0: 3 0x80000dac (0x06bd) x13 0x800162d7
core   0: 0x80000dae (0x02be04b3) mul     s1, t3, a1
core   0: 3 0x80000dae (0x02be04b3) x 9 0x00000000
core   0: 0x80000db2 (0x017c19b3) sll     s3, s8, s7
core   0: 3 0x80000db2 (0x017c19b3) x19 0x00000000
core   0: 0x80000db6 (0x41390b33) sub     s6, s2, s3
core   0: 3 0x80000db6 (0x41390b33) x22 0x00000287
core   0: 0x80000dba (0xa2770297) auipc   t0, 0xa2770
core   0: 3 0x80000dba (0xa2770297) x 5 0x22770dba
core   0: 0x80000dbe (0x00000001) c.nop
core   0: 3 0x80000dbe (0x0001)
core   0: 0x80000dc0 (0x02378033) mul     zero, a5, gp
core   0: 3 0x80000dc0 (0x02378033)
core   0: 0x80000dc4 (0x0298e133) rem     sp, a7, s1
core   0: 3 0x80000dc4 (0x0298e133) x 2 0x00000000
core   0: 0x80000dc8 (0xc7cbe693) ori     a3, s7, -900
core   0: 3 0x80000dc8 (0xc7cbe693) x13 0xfffffffd
core   0: 0x80000dcc (0xfdebdbe3) bge     s7, t5, pc - 42
core   0: 3 0x80000dcc (0xfdebdbe3)
core   0: 0x80000dd0 (0x9bfa0193) addi    gp, s4, -1601
core   0: 3 0x80000dd0 (0x9bfa0193) x 3 0x8001092a
core   0: 0x80000dd4 (0x00011d97) auipc   s11, 0x11
core   0: 3 0x80000dd4 (0x00011d97) x27 0x80011dd4
core   0: 0x80000dd8 (0x582d8d93) addi    s11, s11, 1410
core   0: 3 0x80000dd8 (0x582d8d93) x27 0x80012356
core   0: 0x80000ddc (0x00010517) auipc   a0, 0x10
core   0: 3 0x80000ddc (0x00010517) x10 0x80010ddc
core   0: 0x80000de0 (0xe2d50513) addi    a0, a0, -467
core   0: 3 0x80000de0 (0xe2d50513) x10 0x80010c09
core   0: 0x80000de4 (0x011dcd03) lbu     s10, 17(s11)
core   0: 3 0x80000de4 (0x011dcd03) x26 0x00000000 mem 0x80012367
core   0: 0x80000de8 (0x00050883) lb      a7, 0(a0)
core   0: 3 0x80000de8 (0x00050883) x17 0x00000000 mem 0x80010c09
core   0: 0x80000dec (0xff650883) lb      a7, -10(a0)
core   0: 3 0x80000dec (0xff650883) x17 0x00000000 mem 0x80010bff
core   0: 0x80000df0 (0x009dc883) lbu     a7, 9(s11)
core   0: 3 0x80000df0 (0x009dc883) x17 0x00000000 mem 0x8001235f
core   0: 0x80000df4 (0xfc2da103) lw      sp, -62(s11)
core   0: 3 0x80000df4 (0xfc2da103) x 2 0x00000000 mem 0x80012318
core   0: 0x80000df8 (0xffe54c83) lbu     s9, -2(a0)
core   0: 3 0x80000df8 (0xffe54c83) x25 0x00000000 mem 0x80010c07
core   0: 0x80000dfc (0x03cdc603) lbu     a2, 60(s11)
core   0: 3 0x80000dfc (0x03cdc603) x12 0x00000000 mem 0x80012392
core   0: 0x80000e00 (0xffb51a03) lh      s4, -5(a0)
core   0: 3 0x80000e00 (0xffb51a03) x20 0x00000000 mem 0x80010c04
core   0: 0x80000e04 (0x000d8223) sb      zero, 4(s11)
core   0: 3 0x80000e04 (0x000d8223) mem 0x8001235a 0x0
core   0: 0x80000e08 (0x00352f83) lw      t6, 3(a0)
core   0: 3 0x80000e08 (0x00352f83) x31 0x00000000 mem 0x80010c0c
core   0: 0x80000e0c (0xffd50903) lb      s2, -3(a0)
core   0: 3 0x80000e0c (0xffd50903) x18 0x00000000 mem 0x80010c06
core   0: 0x80000e10 (0x02cdc303) lbu     t1, 44(s11)
core   0: 3 0x80000e10 (0x02cdc303) x 6 0x00000000 mem 0x80012382
core   0: 0x80000e14 (0xfff50923) sb      t6, -14(a0)
core   0: 3 0x80000e14 (0xfff50923) mem 0x80010bfb 0x0
core   0: 0x80000e18 (0x00010117) auipc   sp, 0x10
core   0: 3 0x80000e18 (0x00010117) x 2 0x80010e18
core   0: 0x80000e1c (0xa4810113) addi    sp, sp, -1464
core   0: 3 0x80000e1c (0xa4810113) x 2 0x80010860
core   0: 0x80000e20 (0x01b199b3) sll     s3, gp, s11
core   0: 3 0x80000e20 (0x01b199b3) x19 0x4a800000
core   0: 0x80000e24 (0x0000d426) c.swsp  s1, 40(sp)
core   0: 3 0x80000e24 (0xd426) mem 0x80010888 0x00000000
core   0: 0x80000e26 (0xffe97913) andi    s2, s2, -2
core   0: 3 0x80000e26 (0xffe97913) x18 0x00000000
core   0: 0x80000e2a (0x02f10983) lb      s3, 47(sp)
core   0: 3 0x80000e2a (0x02f10983) x19 0x00000000 mem 0x8001088f
core   0: 0x80000e2e (0x00310683) lb      a3, 3(sp)
core   0: 3 0x80000e2e (0x00310683) x13 0x00000000 mem 0x80010863
core   0: 0x80000e32 (0x00008cc5) c.or    s1, s1
core   0: 3 0x80000e32 (0x8cc5) x 9 0x00000000
core   0: 0x80000e34 (0x023109a3) sb      gp, 51(sp)
core   0: 3 0x80000e34 (0x023109a3) mem 0x80010893 0x2a
core   0: 0x80000e38 (0x000041b2) c.lwsp  gp, 12(sp)
core   0: 3 0x80000e38 (0x41b2) x 3 0x00000000 mem 0x8001086c
core   0: 0x80000e3a (0x00d91693) slli    a3, s2, 13
core   0: 3 0x80000e3a (0x00d91693) x13 0x00000000
core   0: 0x80000e3e (0x00008e85) c.sub   a3, s1
core   0: 3 0x80000e3e (0x8e85) x13 0x00000000
core   0: 0x80000e40 (0xfdd14983) lbu     s3, -35(sp)
core   0: 3 0x80000e40 (0xfdd14983) x19 0x00000000 mem 0x8001083d
core   0: 0x80000e44 (0x03d10483) lb      s1, 61(sp)
core   0: 3 0x80000e44 (0x03d10483) x 9 0x00000000 mem 0x8001089d
core   0: 0x80000e48 (0x03714d83) lbu     s11, 55(sp)
core   0: 3 0x80000e48 (0x03714d83) x27 0x00000000 mem 0x80010897
core   0: 0x80000e4c (0xfdb12e23) sw      s11, -36(sp)
core   0: 3 0x80000e4c (0xfdb12e23) mem 0x8001083c 0x00000000
core   0: 0x80000e50 (0x03510683) lb      a3, 53(sp)
core   0: 3 0x80000e50 (0x03510683) x13 0x00000000 mem 0x80010895
core   0: 0x80000e54 (0xfd210ca3) sb      s2, -39(sp)
core   0: 3 0x80000e54 (0xfd210ca3) mem 0x80010839 0x0
core   0: 0x80000e58 (0x00614483) lbu     s1, 6(sp)
core   0: 3 0x80000e58 (0x00614483) x 9 0x00000000 mem 0x80010866
core   0: 0x80000e5c (0xfd510903) lb      s2, -43(sp)
core   0: 3 0x80000e5c (0xfd510903) x18 0x00000000 mem 0x80010835
core   0: 0x80000e60 (0x4bb4c993) xori    s3, s1, 1211
core   0: 3 0x80000e60 (0x4bb4c993) x19 0x000004bb
core   0: 0x80000e64 (0x00008095) c.srli  s1, 5
core   0: 3 0x80000e64 (0x8095) x 9 0x00000000
core   0: 0x80000e66 (0xfdd10483) lb      s1, -35(sp)
core   0: 3 0x80000e66 (0xfdd10483) x 9 0x00000000 mem 0x8001083d
core   0: 0x80000e6a (0xff3100a3) sb      s3, -31(sp)
core   0: 3 0x80000e6a (0xff3100a3) mem 0x80010841 0xbb
core   0: 0x80000e6e (0xfd210ca3) sb      s2, -39(sp)
core   0: 3 0x80000e6e (0xfd210ca3) mem 0x80010839 0x0
core   0: 0x80000e72 (0xff311b23) sh      s3, -10(sp)
core   0: 3 0x80000e72 (0xff311b23) mem 0x80010856 0x04bb
core   0: 0x80000e76 (0xff210ba3) sb      s2, -9(sp)
core   0: 3 0x80000e76 (0xff210ba3) mem 0x80010857 0x0
core   0: 0x80000e7a (0x00510683) lb      a3, 5(sp)
core   0: 3 0x80000e7a (0x00510683) x13 0x00000000 mem 0x80010865
core   0: 0x80000e7e (0x01310483) lb      s1, 19(sp)
core   0: 3 0x80000e7e (0x01310483) x 9 0x00000000 mem 0x80010873
core   0: 0x80000e82 (0x01348933) add     s2, s1, s3
core   0: 3 0x80000e82 (0x01348933) x18 0x000004bb
core   0: 0x80000e86 (0x000080a9) c.srli  s1, 10
core   0: 3 0x80000e86 (0x80a9) x 9 0x00000000
core   0: 0x80000e88 (0x01d14903) lbu     s2, 29(sp)
core   0: 3 0x80000e88 (0x01d14903) x18 0x00000000 mem 0x8001087d
core   0: 0x80000e8c (0xfe310fa3) sb      gp, -1(sp)
core   0: 3 0x80000e8c (0xfe310fa3) mem 0x8001085f 0x0
core   0: 0x80000e90 (0x12e97d93) andi    s11, s2, 302
core   0: 3 0x80000e90 (0x12e97d93) x27 0x00000000
core   0: 0x80000e94 (0xfe910da3) sb      s1, -5(sp)
core   0: 3 0x80000e94 (0xfe910da3) mem 0x8001085b 0x0
core   0: 0x80000e98 (0xfd914903) lbu     s2, -39(sp)
core   0: 3 0x80000e98 (0xfd914903) x18 0x00000000 mem 0x80010839
core   0: 0x80000e9c (0x0234cdb3) div     s11, s1, gp
core   0: 3 0x80000e9c (0x0234cdb3) x27 0xffffffff
core   0: 0x80000ea0 (0x02d107a3) sb      a3, 47(sp)
core   0: 3 0x80000ea0 (0x02d107a3) mem 0x8001088f 0x0
core   0: 0x80000ea4 (0xfcd102a3) sb      a3, -59(sp)
core   0: 3 0x80000ea4 (0xfcd102a3) mem 0x80010825 0x0
core   0: 0x80000ea8 (0xccb97913) andi    s2, s2, -821
core   0: 3 0x80000ea8 (0xccb97913) x18 0x00000000
core   0: 0x80000eac (0x0816c193) xori    gp, a3, 129
core   0: 3 0x80000eac (0x0816c193) x 3 0x00000081
core   0: 0x80000eb0 (0x03311923) sh      s3, 50(sp)
core   0: 3 0x80000eb0 (0x03311923) mem 0x80010892 0x04bb
core   0: 0x80000eb4 (0x0000f697) auipc   a3, 0xf
core   0: 3 0x80000eb4 (0x0000f697) x13 0x8000feb4
core   0: 0x80000eb8 (0x52068693) addi    a3, a3, 1312
core   0: 3 0x80000eb8 (0x52068693) x13 0x800103d4
core   0: 0x80000ebc (0x0ef68023) sb      a5, 224(a3)
core   0: 3 0x80000ebc (0x0ef68023) mem 0x800104b4 0x0
core   0: 0x80000ec0 (0x3df68283) lb      t0, 991(a3)
core   0: 3 0x80000ec0 (0x3df68283) x 5 0x00000000 mem 0x800107b3
core   0: 0x80000ec4 (0x0000f117) auipc   sp, 0xf
core   0: 3 0x80000ec4 (0x0000f117) x 2 0x8000fec4
core   0: 0x80000ec8 (0x75f10113) addi    sp, sp, 1887
core   0: 3 0x80000ec8 (0x75f10113) x 2 0x80010623
core   0: 0x80000ecc (0x02514783) lbu     a5, 37(sp)
core   0: 3 0x80000ecc (0x02514783) x15 0x00000000 mem 0x80010648
core   0: 0x80000ed0 (0x67d680a3) sb      t4, 1633(a3)
core   0: 3 0x80000ed0 (0x67d680a3) mem 0x80010a35 0x0
core   0: 0x80000ed4 (0x00910983) lb      s3, 9(sp)
core   0: 3 0x80000ed4 (0x00910983) x19 0x00000000 mem 0x8001062c
core   0: 0x80000ed8 (0xe2f68803) lb      a6, -465(a3)
core   0: 3 0x80000ed8 (0xe2f68803) x16 0x00000000 mem 0x80010203
core   0: 0x80000edc (0x02f10e03) lb      t3, 47(sp)
core   0: 3 0x80000edc (0x02f10e03) x28 0x00000000 mem 0x80010652
core   0: 0x80000ee0 (0xff010ba3) sb      a6, -9(sp)
core   0: 3 0x80000ee0 (0xff010ba3) mem 0x8001061a 0x0
core   0: 0x80000ee4 (0x61069903) lh      s2, 1552(a3)
core   0: 3 0x80000ee4 (0x61069903) x18 0x00000000 mem 0x800109e4
core   0: 0x80000ee8 (0xfe711503) lh      a0, -25(sp)
core   0: 3 0x80000ee8 (0xfe711503) x10 0x00000000 mem 0x8001060a
core   0: 0x80000eec (0x46569d23) sh      t0, 1146(a3)
core   0: 3 0x80000eec (0x46569d23) mem 0x8001084e 0x0000
core   0: 0x80000ef0 (0x68168203) lb      tp, 1665(a3)
core   0: 3 0x80000ef0 (0x68168203) x 4 0xffffffe4 mem 0x80010a55
core   0: 0x80000ef4 (0xff610223) sb      s6, -28(sp)
core   0: 3 0x80000ef4 (0xff610223) mem 0x80010607 0x87
core   0: 0x80000ef8 (0x2c06d903) lhu     s2, 704(a3)
core   0: 3 0x80000ef8 (0x2c06d903) x18 0x00000000 mem 0x80010694
core   0: 0x80000efc (0x0120026f) jal     tp, pc + 0x12
core   0: 3 0x80000efc (0x0120026f) x 4 0x80000f00
core   0: 0x80000f0e (0x00002021) c.jal   pc + 8
core   0: 3 0x80000f0e (0x2021) x 1 0x80000f10
core   0: 0x80000f16 (0x0080046f) jal     s0, pc + 0x8
core   0: 3 0x80000f16 (0x0080046f) x 8 0x80000f1a
core   0: 0x80000f1e (0xfefff0ef) jal     pc - 0x12
core   0: 3 0x80000f1e (0xfefff0ef) x 1 0x80000f22
core   0: 0x80000f0c (0x0000a819) c.j     pc + 22
core   0: 3 0x80000f0c (0xa819)
core   0: 0x80000f22 (0x0000a011) c.j     pc + 4
core   0: 3 0x80000f22 (0xa011)
core   0: 0x80000f26 (0x000037cd) c.jal   pc - 30
core   0: 3 0x80000f26 (0x37cd) x 1 0x80000f28
core   0: 0x80000f08 (0x00002031) c.jal   pc + 12
core   0: 3 0x80000f08 (0x2031) x 1 0x80000f0a
core   0: 0x80000f14 (0x0000a021) c.j     pc + 8
core   0: 3 0x80000f14 (0xa021)
core   0: 0x80000f1c (0x0000b7d5) c.j     pc - 28
core   0: 3 0x80000f1c (0xb7d5)
core   0: 0x80000f00 (0x01a000ef) jal     pc + 0x1a
core   0: 3 0x80000f00 (0x01a000ef) x 1 0x80000f04
core   0: 0x80000f1a (0x00002029) c.jal   pc + 10
core   0: 3 0x80000f1a (0x2029) x 1 0x80000f1c
core   0: 0x80000f24 (0x000037dd) c.jal   pc - 26
core   0: 3 0x80000f24 (0x37dd) x 1 0x80000f26
core   0: 0x80000f0a (0x00002019) c.jal   pc + 6
core   0: 3 0x80000f0a (0x2019) x 1 0x80000f0c
core   0: 0x80000f10 (0xff5ff1ef) jal     gp, pc - 0xc
core   0: 3 0x80000f10 (0xff5ff1ef) x 3 0x80000f14
core   0: 0x80000f04 (0x0240096f) jal     s2, pc + 0x24
core   0: 3 0x80000f04 (0x0240096f) x18 0x80000f08
core   0: 0x80000f28 (0x01bc1c33) sll     s8, s8, s11
core   0: 3 0x80000f28 (0x01bc1c33) x24 0x00000000
core   0: 0x80000f2c (0x0000f517) auipc   a0, 0xf
core   0: 3 0x80000f2c (0x0000f517) x10 0x8000ff2c
core   0: 0x80000f30 (0x7a250513) addi    a0, a0, 1954
core   0: 3 0x80000f30 (0x7a250513) x10 0x800106ce
core   0: 0x80000f34 (0x00017317) auipc   t1, 0x17
core   0: 3 0x80000f34 (0x00017317) x 6 0x80017f34
core   0: 0x80000f38 (0x68f30313) addi    t1, t1, 1679
core   0: 3 0x80000f38 (0x68f30313) x 6 0x800185c3
core   0: 0x80000f3c (0xfce51223) sh      a4, -60(a0)
core   0: 3 0x80000f3c (0xfce51223) mem 0x80010692 0x60c0
core   0: 0x80000f40 (0xfd850b03) lb      s6, -40(a0)
core   0: 3 0x80000f40 (0xfd850b03) x22 0x00000000 mem 0x800106a6
core   0: 0x80000f44 (0x01354483) lbu     s1, 19(a0)
core   0: 3 0x80000f44 (0x01354483) x 9 0x00000000 mem 0x800106e1
core   0: 0x80000f48 (0xfff34683) lbu     a3, -1(t1)
core   0: 3 0x80000f48 (0xfff34683) x13 0x00000000 mem 0x800185c2
core   0: 0x80000f4c (0xfd850783) lb      a5, -40(a0)
core   0: 3 0x80000f4c (0xfd850783) x15 0x00000000 mem 0x800106a6
core   0: 0x80000f50 (0x02c30783) lb      a5, 44(t1)
core   0: 3 0x80000f50 (0x02c30783) x15 0x00000000 mem 0x800185ef
core   0: 0x80000f54 (0x00950183) lb      gp, 9(a0)
core   0: 3 0x80000f54 (0x00950183) x 3 0x00000000 mem 0x800106d7
core   0: 0x80000f58 (0xfd834183) lbu     gp, -40(t1)
core   0: 3 0x80000f58 (0xfd834183) x 3 0x00000000 mem 0x8001859b
core   0: 0x80000f5c (0xff752b23) sw      s7, -10(a0)
core   0: 3 0x80000f5c (0xff752b23) mem 0x800106c4 0xfffffff5
core   0: 0x80000f60 (0xfc1317a3) sh      ra, -49(t1)
core   0: 3 0x80000f60 (0xfc1317a3) mem 0x80018592 0x0f0c
core   0: 0x80000f64 (0xff652903) lw      s2, -10(a0)
core   0: 3 0x80000f64 (0xff652903) x18 0xfffffff5 mem 0x800106c4
core   0: 0x80000f68 (0xfeb30b23) sb      a1, -10(t1)
core   0: 3 0x80000f68 (0xfeb30b23) mem 0x800185b9 0x3
core   0: 0x80000f6c (0x03a30b03) lb      s6, 58(t1)
core   0: 3 0x80000f6c (0x03a30b03) x22 0x00000000 mem 0x800185fd
core   0: 0x80000f70 (0x03a55b03) lhu     s6, 58(a0)
core   0: 3 0x80000f70 (0x03a55b03) x22 0x00000000 mem 0x80010708
core   0: 0x80000f74 (0xff430d23) sb      s4, -6(t1)
core   0: 3 0x80000f74 (0xff430d23) mem 0x800185bd 0x0
core   0: 0x80000f78 (0x00d317a3) sh      a3, 15(t1)
core   0: 3 0x80000f78 (0x00d317a3) mem 0x800185d2 0x0000
core   0: 0x80000f7c (0xfc031da3) sh      zero, -37(t1)
core   0: 3 0x80000f7c (0xfc031da3) mem 0x8001859e 0x0000
core   0: 0x80000f80 (0x02e54103) lbu     sp, 46(a0)
core   0: 3 0x80000f80 (0x02e54103) x 2 0x00000000 mem 0x800106fc
core   0: 0x80000f84 (0xfe131283) lh      t0, -31(t1)
core   0: 3 0x80000f84 (0xfe131283) x 5 0x00000000 mem 0x800185a4
core   0: 0x80000f88 (0x0001b117) auipc   sp, 0x1b
core   0: 3 0x80000f88 (0x0001b117) x 2 0x8001bf88
core   0: 0x80000f8c (0xf3510113) addi    sp, sp, -203
core   0: 3 0x80000f8c (0xf3510113) x 2 0x8001bebd
core   0: 0x80000f90 (0x02411ca3) sh      tp, 57(sp)
core   0: 3 0x80000f90 (0x02411ca3) mem 0x8001bef6 0x0f00
core   0: 0x80000f94 (0xfe010603) lb      a2, -32(sp)
core   0: 3 0x80000f94 (0xfe010603) x12 0x00000000 mem 0x8001be9d
core   0: 0x80000f98 (0xfce10a03) lb      s4, -50(sp)
core   0: 3 0x80000f98 (0xfce10a03) x20 0x00000000 mem 0x8001be8b
core   0: 0x80000f9c (0x0024e8b3) or      a7, s1, sp
core   0: 3 0x80000f9c (0x0024e8b3) x17 0x8001bebd
core   0: 0x80000fa0 (0x40ea0b33) sub     s6, s4, a4
core   0: 3 0x80000fa0 (0x40ea0b33) x22 0x7ffe9f40
core   0: 0x80000fa4 (0x416b5eb3) sra     t4, s6, s6
core   0: 3 0x80000fa4 (0x416b5eb3) x29 0x7ffe9f40
core   0: 0x80000fa8 (0x00006549) c.lui   a0, 0x12
core   0: 3 0x80000fa8 (0x6549) x10 0x00012000
core   0: 0x80000faa (0x00214603) lbu     a2, 2(sp)
core   0: 3 0x80000faa (0x00214603) x12 0x00000000 mem 0x8001bebf
core   0: 0x80000fae (0x02410723) sb      tp, 46(sp)
core   0: 3 0x80000fae (0x02410723) mem 0x8001beeb 0x0
core   0: 0x80000fb2 (0xfc114203) lbu     tp, -63(sp)
core   0: 3 0x80000fb2 (0xfc114203) x 4 0x00000000 mem 0x8001be7e
core   0: 0x80000fb6 (0x018a3533) sltu    a0, s4, s8
core   0: 3 0x80000fb6 (0x018a3533) x10 0x00000000
core   0: 0x80000fba (0x00210183) lb      gp, 2(sp)
core   0: 3 0x80000fba (0x00210183) x 3 0x00000000 mem 0x8001bebf
core   0: 0x80000fbe (0x00310b23) sb      gp, 22(sp)
core   0: 3 0x80000fbe (0x00310b23) mem 0x8001bed3 0x0
core   0: 0x80000fc2 (0x0000852d) c.srai  a0, 11
core   0: 3 0x80000fc2 (0x852d) x10 0x00000000
core   0: 0x80000fc4 (0xff110f23) sb      a7, -2(sp)
core   0: 3 0x80000fc4 (0xff110f23) mem 0x8001bebb 0xbd
core   0: 0x80000fc8 (0x00006625) c.lui   a2, 0x9
core   0: 3 0x80000fc8 (0x6625) x12 0x00009000
core   0: 0x80000fca (0x0385aa33) mulhsu  s4, a1, s8
core   0: 3 0x80000fca (0x0385aa33) x20 0x00000000
core   0: 0x80000fce (0x01014703) lbu     a4, 16(sp)
core   0: 3 0x80000fce (0x01014703) x14 0x00000000 mem 0x8001becd
core   0: 0x80000fd2 (0x02f35f33) divu    t5, t1, a5
core   0: 3 0x80000fd2 (0x02f35f33) x30 0xffffffff
core   0: 0x80000fd6 (0x00008c66) c.mv    s8, s9
core   0: 3 0x80000fd6 (0x8c66) x24 0x00000000
core   0: 0x80000fd8 (0xfdd10803) lb      a6, -35(sp)
core   0: 3 0x80000fd8 (0xfdd10803) x16 0x00000000 mem 0x8001be9a
core   0: 0x80000fdc (0xfec14883) lbu     a7, -20(sp)
core   0: 3 0x80000fdc (0xfec14883) x17 0x00000000 mem 0x8001bea9
core   0: 0x80000fe0 (0x02915d83) lhu     s11, 41(sp)
core   0: 3 0x80000fe0 (0x02915d83) x27 0x00000000 mem 0x8001bee6
core   0: 0x80000fe4 (0xfe214083) lbu     ra, -30(sp)
core   0: 3 0x80000fe4 (0xfe214083) x 1 0x00000000 mem 0x8001be9f
core   0: 0x80000fe8 (0xfdd14203) lbu     tp, -35(sp)
core   0: 3 0x80000fe8 (0xfdd14203) x 4 0x00000000 mem 0x8001be9a
core   0: 0x80000fec (0x018754b3) srl     s1, a4, s8
core   0: 3 0x80000fec (0x018754b3) x 9 0x00000000
core   0: 0x80000ff0 (0xff0104a3) sb      a6, -23(sp)
core   0: 3 0x80000ff0 (0xff0104a3) mem 0x8001bea6 0x0
core   0: 0x80000ff4 (0xfd6129a3) sw      s6, -45(sp)
core   0: 3 0x80000ff4 (0xfd6129a3) mem 0x8001be90 0x7ffe9f40
core   0: 0x80000ff8 (0x01810723) sb      s8, 14(sp)
core   0: 3 0x80000ff8 (0x01810723) mem 0x8001becb 0x0
core   0: 0x80000ffc (0x027aea33) rem     s4, s5, t2
core   0: 3 0x80000ffc (0x027aea33) x20 0x80029ce4
core   0: 0x80001000 (0xfe910903) lb      s2, -23(sp)
core   0: 3 0x80001000 (0xfe910903) x18 0x00000000 mem 0x8001bea6
core   0: 0x80001004 (0x61e8b737) lui     a4, 0x61e8b
core   0: 3 0x80001004 (0x61e8b737) x14 0x61e8b000
core   0: 0x80001008 (0xfe714503) lbu     a0, -25(sp)
core   0: 3 0x80001008 (0xfe714503) x10 0x00000000 mem 0x8001bea4
core   0: 0x8000100c (0x03312ba3) sw      s3, 55(sp)
core   0: 3 0x8000100c (0x03312ba3) mem 0x8001bef4 0x00000000
core   0: 0x80001010 (0x03115203) lhu     tp, 49(sp)
core   0: 3 0x80001010 (0x03115203) x 4 0x00000000 mem 0x8001beee
core   0: 0x80001014 (0x0c064297) auipc   t0, 0xc064
core   0: 3 0x80001014 (0x0c064297) x 5 0x8c065014
core   0: 0x80001018 (0x4087db13) srai    s6, a5, 8
core   0: 3 0x80001018 (0x4087db13) x22 0x00000000
core   0: 0x8000101c (0x00910d83) lb      s11, 9(sp)
core   0: 3 0x8000101c (0x00910d83) x27 0x00000000 mem 0x8001bec6
core   0: 0x80001020 (0x00018317) auipc   t1, 0x18
core   0: 3 0x80001020 (0x00018317) x 6 0x80019020
core   0: 0x80001024 (0x88e30313) addi    t1, t1, -1906
core   0: 3 0x80001024 (0x88e30313) x 6 0x800188ae
core   0: 0x80001028 (0xba4ff013) andi    zero, t6, -1116
core   0: 3 0x80001028 (0xba4ff013)
core   0: 0x8000102c (0x0cb30703) lb      a4, 203(t1)
core   0: 3 0x8000102c (0x0cb30703) x14 0x00000000 mem 0x80018979
core   0: 0x80001030 (0xb5a8bd97) auipc   s11, 0xb5a8b
core   0: 3 0x80001030 (0xb5a8bd97) x27 0x35a8c030
core   0: 0x80001034 (0x01e7a533) slt     a0, a5, t5
core   0: 3 0x80001034 (0x01e7a533) x10 0x00000000
core   0: 0x80001038 (0x02b687b3) mul     a5, a3, a1
core   0: 3 0x80001038 (0x02b687b3) x15 0x00000000
core   0: 0x8000103c (0x01e05f93) srli    t6, zero, 30
core   0: 3 0x8000103c (0x01e05f93) x31 0x00000000
core   0: 0x80001040 (0xf0530c83) lb      s9, -251(t1)
core   0: 3 0x80001040 (0xf0530c83) x25 0x00000000 mem 0x800187b3
core   0: 0x80001044 (0x4069d733) sra     a4, s3, t1
core   0: 3 0x80001044 (0x4069d733) x14 0x00000000
core   0: 0x80001048 (0x0d730983) lb      s3, 215(t1)
core   0: 3 0x80001048 (0x0d730983) x19 0x00000000 mem 0x80018985
core   0: 0x8000104c (0x05435803) lhu     a6, 84(t1)
core   0: 3 0x8000104c (0x05435803) x16 0x00000000 mem 0x80018902
core   0: 0x80001050 (0x0bc35783) lhu     a5, 188(t1)
core   0: 3 0x80001050 (0x0bc35783) x15 0x00000000 mem 0x8001896a
core   0: 0x80001054 (0x4c8a3517) auipc   a0, 0x4c8a3
core   0: 3 0x80001054 (0x4c8a3517) x10 0xcc8a4054
core   0: 0x80001058 (0x053308a3) sb      s3, 81(t1)
core   0: 3 0x80001058 (0x053308a3) mem 0x800188ff 0x0
core   0: 0x8000105c (0x40865013) srai    zero, a2, 8
core   0: 3 0x8000105c (0x40865013)
core   0: 0x80001060 (0x41f95093) srai    ra, s2, 31
core   0: 3 0x80001060 (0x41f95093) x 1 0x00000000
core   0: 0x80001064 (0xfbe30da3) sb      t5, -69(t1)
core   0: 3 0x80001064 (0xfbe30da3) mem 0x80018869 0xff
core   0: 0x80001068 (0x00000001) c.nop
core   0: 3 0x80001068 (0x0001)
core   0: 0x8000106a (0x00001b14) c.addi4spn a3, sp, 432
core   0: 3 0x8000106a (0x1b14) x13 0x8001c06d
core   0: 0x8000106c (0x0000100f) fence.i
core   0: 3 0x8000106c (0x0000100f)
core   0: 0x80001070 (0x0294d7b3) divu    a5, s1, s1
core   0: 3 0x80001070 (0x0294d7b3) x15 0xffffffff
core   0: 0x80001074 (0x03571233) mulh    tp, a4, s5
core   0: 3 0x80001074 (0x03571233) x 4 0x00000000
core   0: 0x80001078 (0xf6435a03) lhu     s4, -156(t1)
core   0: 3 0x80001078 (0xf6435a03) x20 0x00000000 mem 0x80018812
core   0: 0x8000107c (0x00000001) c.nop
core   0: 3 0x8000107c (0x0001)
core   0: 0x8000107e (0x00865b33) srl     s6, a2, s0
core   0: 3 0x8000107e (0x00865b33) x22 0x00000000
core   0: 0x80001082 (0x03e30423) sb      t5, 40(t1)
core   0: 3 0x80001082 (0x03e30423) mem 0x800188d6 0xff
core   0: 0x80001086 (0x00000d05) c.addi  s10, 1
core   0: 3 0x80001086 (0x0d05) x26 0x00000001
core   0: 0x80001088 (0x00000001) c.nop
core   0: 3 0x80001088 (0x0001)
core   0: 0x8000108a (0x00000001) c.nop
core   0: 3 0x8000108a (0x0001)
core   0: 0x8000108c (0x4140d413) srai    s0, ra, 20
core   0: 3 0x8000108c (0x4140d413) x 8 0x00000000
core   0: 0x80001090 (0x005562b3) or      t0, a0, t0
core   0: 3 0x80001090 (0x005562b3) x 5 0xcc8e5054
core   0: 0x80001094 (0x0000051e) c.slli  a0, 7
core   0: 3 0x80001094 (0x051e) x10 0x45202a00
core   0: 0x80001096 (0x0a3307a3) sb      gp, 175(t1)
core   0: 3 0x80001096 (0x0a3307a3) mem 0x8001895d 0x0
core   0: 0x8000109a (0x00008e81) c.sub   a3, s0
core   0: 3 0x8000109a (0x8e81) x13 0x8001c06d
core   0: 0x8000109c (0x00009916) c.add   s2, t0
core   0: 3 0x8000109c (0x9916) x18 0xcc8e5054
core   0: 0x8000109e (0x0050e933) or      s2, ra, t0
core   0: 3 0x8000109e (0x0050e933) x18 0xcc8e5054
core   0: 0x800010a2 (0x0000870e) c.mv    a4, gp
core   0: 3 0x800010a2 (0x870e) x14 0x00000000
core   0: 0x800010a4 (0xf39301a3) sb      s9, -221(t1)
core   0: 3 0x800010a4 (0xf39301a3) mem 0x800187d1 0x0
core   0: 0x800010a8 (0x6029fb93) andi    s7, s3, 1538
core   0: 3 0x800010a8 (0x6029fb93) x23 0x00000000
core   0: 0x800010ac (0x0e031523) sh      zero, 234(t1)
core   0: 3 0x800010ac (0x0e031523) mem 0x80018998 0x0000
core   0: 0x800010b0 (0xa21aa213) slti    tp, s5, -1503
core   0: 3 0x800010b0 (0xa21aa213) x 4 0x00000001
core   0: 0x800010b4 (0x05c30503) lb      a0, 92(t1)
core   0: 3 0x800010b4 (0x05c30503) x10 0x00000000 mem 0x8001890a
core   0: 0x800010b8 (0xfac31e83) lh      t4, -84(t1)
core   0: 3 0x800010b8 (0xfac31e83) x29 0x00000000 mem 0x8001885a
core   0: 0x800010bc (0x00011497) auipc   s1, 0x11
core   0: 3 0x800010bc (0x00011497) x 9 0x800120bc
core   0: 0x800010c0 (0x15f48493) addi    s1, s1, 351
core   0: 3 0x800010c0 (0x15f48493) x 9 0x8001221b
core   0: 0x800010c4 (0x0d84ce83) lbu     t4, 216(s1)
core   0: 3 0x800010c4 (0x0d84ce83) x29 0x00000000 mem 0x800122f3
core   0: 0x800010c8 (0x02016b33) rem     s6, sp, zero
core   0: 3 0x800010c8 (0x02016b33) x22 0x8001bebd
core   0: 0x800010cc (0x0000100f) fence.i
core   0: 3 0x800010cc (0x0000100f)
core   0: 0x800010d0 (0x06c49ba3) sh      a2, 119(s1)
core   0: 3 0x800010d0 (0x06c49ba3) mem 0x80012292 0x9000
core   0: 0x800010d4 (0x0f848423) sb      s8, 232(s1)
core   0: 3 0x800010d4 (0x0f848423) mem 0x80012303 0x0
core   0: 0x800010d8 (0xf5e48f23) sb      t5, -162(s1)
core   0: 3 0x800010d8 (0xf5e48f23) mem 0x80012179 0xff
core   0: 0x800010dc (0x00008fcd) c.or    a5, a1
core   0: 3 0x800010dc (0x8fcd) x15 0xffffffff
core   0: 0x800010de (0x0d3498a3) sh      s3, 209(s1)
core   0: 3 0x800010de (0x0d3498a3) mem 0x800122ec 0x0000
core   0: 0x800010e2 (0x0000717d) c.addi16sp sp, -16
core   0: 3 0x800010e2 (0x717d) x 2 0x8001bead
core   0: 0x800010e4 (0x011480a3) sb      a7, 1(s1)
core   0: 3 0x800010e4 (0x011480a3) mem 0x8001221c 0x0
core   0: 0x800010e8 (0x00000001) c.nop
core   0: 3 0x800010e8 (0x0001)
core   0: 0x800010ea (0x00008ab9) c.andi  a3, 14
core   0: 3 0x800010ea (0x8ab9) x13 0x0000000c
core   0: 0x800010ec (0x0106da33) srl     s4, a3, a6
core   0: 3 0x800010ec (0x0106da33) x20 0x0000000c
core   0: 0x800010f0 (0x07848523) sb      s8, 106(s1)
core   0: 3 0x800010f0 (0x07848523) mem 0x80012285 0x0
core   0: 0x800010f4 (0xf1e4cd83) lbu     s11, -226(s1)
core   0: 3 0x800010f4 (0xf1e4cd83) x27 0x00000000 mem 0x80012139
core   0: 0x800010f8 (0xf3348303) lb      t1, -205(s1)
core   0: 3 0x800010f8 (0xf3348303) x 6 0x00000000 mem 0x8001214e
core   0: 0x800010fc (0x0000914e) c.add   sp, s3
core   0: 3 0x800010fc (0x914e) x 2 0x8001bead
core   0: 0x800010fe (0x0f64c283) lbu     t0, 246(s1)
core   0: 3 0x800010fe (0x0f64c283) x 5 0x00000000 mem 0x80012311
core   0: 0x80001102 (0x0bd4df83) lhu     t6, 189(s1)
core   0: 3 0x80001102 (0x0bd4df83) x31 0x00000000 mem 0x800122d8
core   0: 0x80001106 (0x11048023) sb      a6, 256(s1)
core   0: 3 0x80001106 (0x11048023) mem 0x8001231b 0x0
core   0: 0x8000110a (0x00006241) c.lui   tp, 0x10
core   0: 3 0x8000110a (0x6241) x 4 0x00010000
core   0: 0x8000110c (0x01357233) and     tp, a0, s3
core   0: 3 0x8000110c (0x01357233) x 4 0x00000000
core   0: 0x80001110 (0xfac48b83) lb      s7, -84(s1)
core   0: 3 0x80001110 (0xfac48b83) x23 0x00000000 mem 0x800121c7
core   0: 0x80001114 (0xf7149683) lh      a3, -143(s1)
core   0: 3 0x80001114 (0xf7149683) x13 0x00000000 mem 0x8001218c
core   0: 0x80001118 (0xfe84c783) lbu     a5, -24(s1)
core   0: 3 0x80001118 (0xfe84c783) x15 0x00000000 mem 0x80012203
core   0: 0x8000111c (0xa2793d13) sltiu   s10, s2, -1497
core   0: 3 0x8000111c (0xa2793d13) x26 0x00000001
core   0: 0x80001120 (0x00000001) c.nop
core   0: 3 0x80001120 (0x0001)
core   0: 0x80001122 (0xfa24c683) lbu     a3, -94(s1)
core   0: 3 0x80001122 (0xfa24c683) x13 0x00000000 mem 0x800121bd
core   0: 0x80001126 (0x00009446) c.add   s0, a7
core   0: 3 0x80001126 (0x9446) x 8 0x00000000
core   0: 0x80001128 (0x0654a803) lw      a6, 101(s1)
core   0: 3 0x80001128 (0x0654a803) x16 0x00000000 mem 0x80012280
core   0: 0x8000112c (0x82f5bc13) sltiu   s8, a1, -2001
core   0: 3 0x8000112c (0x82f5bc13) x24 0x00000001
core   0: 0x80001130 (0x00008e3d) c.xor   a2, a5
core   0: 3 0x80001130 (0x8e3d) x12 0x00009000
core   0: 0x80001132 (0xf4a48203) lb      tp, -182(s1)
core   0: 3 0x80001132 (0xf4a48203) x 4 0x00000000 mem 0x80012165
core   0: 0x80001136 (0x41baa0b7) lui     ra, 0x41baa
core   0: 3 0x80001136 (0x41baa0b7) x 1 0x41baa000
core   0: 0x8000113a (0x0904c503) lbu     a0, 144(s1)
core   0: 3 0x8000113a (0x0904c503) x10 0x00000000 mem 0x800122ab
core   0: 0x8000113e (0xf224c883) lbu     a7, -222(s1)
core   0: 3 0x8000113e (0xf224c883) x17 0x00000000 mem 0x8001213d
core   0: 0x80001142 (0x0bd4c003) lbu     zero, 189(s1)
core   0: 3 0x80001142 (0x0bd4c003) mem 0x800122d8
core   0: 0x80001146 (0xf24499a3) sh      tp, -205(s1)
core   0: 3 0x80001146 (0xf24499a3) mem 0x8001214e 0x0000
core   0: 0x8000114a (0x0904ce03) lbu     t3, 144(s1)
core   0: 3 0x8000114a (0x0904ce03) x28 0x00000000 mem 0x800122ab
core   0: 0x8000114e (0x0000089e) c.slli  a7, 7
core   0: 3 0x8000114e (0x089e) x17 0x00000000
core   0: 0x80001150 (0xf58490a3) sh      s8, -191(s1)
core   0: 3 0x80001150 (0xf58490a3) mem 0x8001215c 0x0001
core   0: 0x80001154 (0xfc7496a3) sh      t2, -51(s1)
core   0: 3 0x80001154 (0xfc7496a3) mem 0x800121e8 0x5e64
core   0: 0x80001158 (0x0181d833) srl     a6, gp, s8
core   0: 3 0x80001158 (0x0181d833) x16 0x00000000
core   0: 0x8000115c (0x00006711) c.lui   a4, 0x4
core   0: 3 0x8000115c (0x6711) x14 0x00004000
core   0: 0x8000115e (0xfd248903) lb      s2, -46(s1)
core   0: 3 0x8000115e (0xfd248903) x18 0x00000000 mem 0x800121ed
core   0: 0x80001162 (0x01c497a3) sh      t3, 15(s1)
core   0: 3 0x80001162 (0x01c497a3) mem 0x8001222a 0x0000
core   0: 0x80001166 (0x0dc48183) lb      gp, 220(s1)
core   0: 3 0x80001166 (0x0dc48183) x 3 0x00000000 mem 0x800122f7
core   0: 0x8000116a (0x02787fb3) remu    t6, a6, t2
core   0: 3 0x8000116a (0x02787fb3) x31 0x00000000
core   0: 0x8000116e (0x00008f79) c.and   a4, a4
core   0: 3 0x8000116e (0x8f79) x14 0x00004000
core   0: 0x80001170 (0x07d4c883) lbu     a7, 125(s1)
core   0: 3 0x80001170 (0x07d4c883) x17 0x00000000 mem 0x80012298
core   0: 0x80001174 (0xf834d783) lhu     a5, -125(s1)
core   0: 3 0x80001174 (0xf834d783) x15 0x00000000 mem 0x8001219e
core   0: 0x80001178 (0x00851233) sll     tp, a0, s0
core   0: 3 0x80001178 (0x00851233) x 4 0x00000000
core   0: 0x8000117c (0x000010fd) c.addi  ra, -1
core   0: 3 0x8000117c (0x10fd) x 1 0x41ba9fff
core   0: 0x8000117e (0x00008f49) c.or    a4, a0
core   0: 3 0x8000117e (0x8f49) x14 0x00004000
core   0: 0x80001180 (0x0359ecb3) rem     s9, s3, s5
core   0: 3 0x80001180 (0x0359ecb3) x25 0x00000000
core   0: 0x80001184 (0x00008399) c.srli  a5, 6
core   0: 3 0x80001184 (0x8399) x15 0x00000000
core   0: 0x80001186 (0x5d7cb297) auipc   t0, 0x5d7cb
core   0: 3 0x80001186 (0x5d7cb297) x 5 0xdd7cc186
core   0: 0x8000118a (0x00006971) c.lui   s2, 0x1c
core   0: 3 0x8000118a (0x6971) x18 0x0001c000
core   0: 0x8000118c (0x01a19363) bne     gp, s10, pc + 6
core   0: 3 0x8000118c (0x01a19363)
core   0: 0x80001192 (0x02dcfb33) remu    s6, s9, a3
core   0: 3 0x80001192 (0x02dcfb33) x22 0x00000000
core   0: 0x80001196 (0x0ff0000f) fence   iorw,iorw
core   0: 3 0x80001196 (0x0ff0000f)
core   0: 0x8000119a (0x6b598793) addi    a5, s3, 1717
core   0: 3 0x8000119a (0x6b598793) x15 0x000006b5
core   0: 0x8000119e (0x03029b63) bne     t0, a6, pc + 54
core   0: 3 0x8000119e (0x03029b63)
core   0: 0x800011d4 (0x000080d9) c.srli  s1, 22
core   0: 3 0x800011d4 (0x80d9) x 9 0x00000200
core   0: 0x800011d6 (0x011d0b33) add     s6, s10, a7
core   0: 3 0x800011d6 (0x011d0b33) x22 0x00000001
core   0: 0x800011da (0xff79dc97) auipc   s9, 0xff79d
core   0: 3 0x800011da (0xff79dc97) x25 0x7f79e1da
core   0: 0x800011de (0x011ddf63) bge     s11, a7, pc + 30
core   0: 3 0x800011de (0x011ddf63)
core   0: 0x800011fc (0x03c64863) blt     a2, t3, pc + 48
core   0: 3 0x800011fc (0x03c64863)
core   0: 0x80001200 (0x00000001) c.nop
core   0: 3 0x80001200 (0x0001)
core   0: 0x80001202 (0x00008471) c.srai  s0, 28
core   0: 3 0x80001202 (0x8471) x 8 0x00000000
core   0: 0x80001204 (0x05b1d263) bge     gp, s11, pc + 68
core   0: 3 0x80001204 (0x05b1d263)
core   0: 0x80001248 (0x46632613) slti    a2, t1, 1126
core   0: 3 0x80001248 (0x46632613) x12 0x00000001
core   0: 0x8000124c (0x4056da33) sra     s4, a3, t0
core   0: 3 0x8000124c (0x4056da33) x20 0x00000000
core   0: 0x80001250 (0xe4085c97) auipc   s9, 0xe4085
core   0: 3 0x80001250 (0xe4085c97) x25 0x64086250
core   0: 0x80001254 (0x01dd8563) beq     s11, t4, pc + 10
core   0: 3 0x80001254 (0x01dd8563)
core   0: 0x8000125e (0x0ff0000f) fence   iorw,iorw
core   0: 3 0x8000125e (0x0ff0000f)
core   0: 0x80001262 (0x8f3e0f93) addi    t6, t3, -1805
core   0: 3 0x80001262 (0x8f3e0f93) x31 0xfffff8f3
core   0: 0x80001266 (0x0353bd33) mulhu   s10, t2, s5
core   0: 3 0x80001266 (0x0353bd33) x26 0x40027daa
core   0: 0x8000126a (0x02550c33) mul     s8, a0, t0
core   0: 3 0x8000126a (0x02550c33) x24 0x00000000
core   0: 0x8000126e (0x032ef733) remu    a4, t4, s2
core   0: 3 0x8000126e (0x032ef733) x14 0x00000000
core   0: 0x80001272 (0x01e00533) add     a0, zero, t5
core   0: 3 0x80001272 (0x01e00533) x10 0xffffffff
core   0: 0x80001276 (0x40435793) srai    a5, t1, 4
core   0: 3 0x80001276 (0x40435793) x15 0x00000000
core   0: 0x8000127a (0x0caffd63) bgeu    t6, a0, pc + 218
core   0: 3 0x8000127a (0x0caffd63)
core   0: 0x8000127e (0x0033f4b3) and     s1, t2, gp
core   0: 3 0x8000127e (0x0033f4b3) x 9 0x00000000
core   0: 0x80001282 (0x00694033) xor     zero, s2, t1
core   0: 3 0x80001282 (0x00694033)
core   0: 0x80001286 (0x00008eed) c.and   a3, a1
core   0: 3 0x80001286 (0x8eed) x13 0x00000000
core   0: 0x80001288 (0x031b89b3) mul     s3, s7, a7
core   0: 3 0x80001288 (0x031b89b3) x19 0x00000000
core   0: 0x8000128c (0x00004e91) c.li    t4, 4
core   0: 3 0x8000128c (0x4e91) x29 0x00000004
core   0: 0x8000128e (0x02c7a233) mulhsu  tp, a5, a2
core   0: 3 0x8000128e (0x02c7a233) x 4 0x00000000
core   0: 0x80001292 (0x0000100f) fence.i
core   0: 3 0x80001292 (0x0000100f)
core   0: 0x80001296 (0x00009562) c.add   a0, s8
core   0: 3 0x80001296 (0x9562) x10 0xffffffff
core   0: 0x80001298 (0x03e2aa33) mulhsu  s4, t0, t5
core   0: 3 0x80001298 (0x03e2aa33) x20 0xdd7cc186
core   0: 0x8000129c (0x002668b3) or      a7, a2, sp
core   0: 3 0x8000129c (0x002668b3) x17 0x8001bead
core   0: 0x800012a0 (0x00011c97) auipc   s9, 0x11
core   0: 3 0x800012a0 (0x00011c97) x25 0x800122a0
core   0: 0x800012a4 (0xc65c8c93) addi    s9, s9, -923
core   0: 3 0x800012a4 (0xc65c8c93) x25 0x80011f05
core   0: 0x800012a8 (0xcd2c8223) sb      s2, -828(s9)
core   0: 3 0x800012a8 (0xcd2c8223) mem 0x80011bc9 0x0
core   0: 0x800012ac (0x076cca03) lbu     s4, 118(s9)
core   0: 3 0x800012ac (0x076cca03) x20 0x00000000 mem 0x80011f7b
core   0: 0x800012b0 (0x45acce83) lbu     t4, 1114(s9)
core   0: 3 0x800012b0 (0x45acce83) x29 0x00000000 mem 0x8001235f
core   0: 0x800012b4 (0xd0bc8ca3) sb      a1, -743(s9)
core   0: 3 0x800012b4 (0xd0bc8ca3) mem 0x80011c1e 0x3
core   0: 0x800012b8 (0x00006f69) c.lui   t5, 0x1a
core   0: 3 0x800012b8 (0x6f69) x30 0x0001a000
core   0: 0x800012ba (0x00008cd9) c.or    s1, a4
core   0: 3 0x800012ba (0x8cd9) x 9 0x00000000
core   0: 0x800012bc (0x02a759b3) divu    s3, a4, a0
core   0: 3 0x800012bc (0x02a759b3) x19 0x00000000
core   0: 0x800012c0 (0x00009442) c.add   s0, a6
core   0: 3 0x800012c0 (0x9442) x 8 0x00000000
core   0: 0x800012c2 (0x518cce83) lbu     t4, 1304(s9)
core   0: 3 0x800012c2 (0x518cce83) x29 0x00000000 mem 0x8001241d
core   0: 0x800012c6 (0x8e1c8823) sb      ra, -1808(s9)
core   0: 3 0x800012c6 (0x8e1c8823) mem 0x800117f5 0xff
core   0: 0x800012ca (0xfa7c9aa3) sh      t2, -75(s9)
core   0: 3 0x800012ca (0xfa7c9aa3) mem 0x80011eba 0x5e64
core   0: 0x800012ce (0x7dbc8f23) sb      s11, 2014(s9)
core   0: 3 0x800012ce (0x7dbc8f23) mem 0x800126e3 0x0
core   0: 0x800012d2 (0x8e7b4197) auipc   gp, 0x8e7b4
core   0: 3 0x800012d2 (0x8e7b4197) x 3 0x0e7b52d2
core   0: 0x800012d6 (0xfae37093) andi    ra, t1, -82
core   0: 3 0x800012d6 (0xfae37093) x 1 0x00000000
core   0: 0x800012da (0x0000088e) c.slli  a7, 3
core   0: 3 0x800012da (0x088e) x17 0x000df568
core   0: 0x800012dc (0x004cc003) lbu     zero, 4(s9)
core   0: 3 0x800012dc (0x004cc003) mem 0x80011f09
core   0: 0x800012e0 (0xd82cc283) lbu     t0, -638(s9)
core   0: 3 0x800012e0 (0xd82cc283) x 5 0x00000000 mem 0x80011c87
core   0: 0x800012e4 (0xc40c8923) sb      zero, -942(s9)
core   0: 3 0x800012e4 (0xc40c8923) mem 0x80011b57 0x0
core   0: 0x800012e8 (0x0000886d) c.andi  s0, 27
core   0: 3 0x800012e8 (0x886d) x 8 0x00000000
core   0: 0x800012ea (0x00005bfd) c.li    s7, -1
core   0: 3 0x800012ea (0x5bfd) x23 0xffffffff
core   0: 0x800012ec (0x086c8e83) lb      t4, 134(s9)
core   0: 3 0x800012ec (0x086c8e83) x29 0x00000000 mem 0x80011f8b
core   0: 0x800012f0 (0x037681b3) mul     gp, a3, s7
core   0: 3 0x800012f0 (0x037681b3) x 3 0x00000000
core   0: 0x800012f4 (0x785cd283) lhu     t0, 1925(s9)
core   0: 3 0x800012f4 (0x785cd283) x 5 0x00000000 mem 0x8001268a
core   0: 0x800012f8 (0xeffccb83) lbu     s7, -257(s9)
core   0: 3 0x800012f8 (0xeffccb83) x23 0x00000000 mem 0x80011e04
core   0: 0x800012fc (0x039ad033) divu    zero, s5, s9
core   0: 3 0x800012fc (0x039ad033)
core   0: 0x80001300 (0x02047f33) remu    t5, s0, zero
core   0: 3 0x80001300 (0x02047f33) x30 0x00000000
core   0: 0x80001304 (0x0189d693) srli    a3, s3, 24
core   0: 3 0x80001304 (0x0189d693) x13 0x00000000
core   0: 0x80001308 (0x764454b7) lui     s1, 0x76445
core   0: 3 0x80001308 (0x764454b7) x 9 0x76445000
core   0: 0x8000130c (0x80bc8e23) sb      a1, -2020(s9)
core   0: 3 0x8000130c (0x80bc8e23) mem 0x80011721 0x3
core   0: 0x80001310 (0x148c8c23) sb      s0, 344(s9)
core   0: 3 0x80001310 (0x148c8c23) mem 0x8001205d 0x0
core   0: 0x80001314 (0xc64c8923) sb      tp, -910(s9)
core   0: 3 0x80001314 (0xc64c8923) mem 0x80011b77 0x0
core   0: 0x80001318 (0x00008f5d) c.or    a4, a5
core   0: 3 0x80001318 (0x8f5d) x14 0x00000000
core   0: 0x8000131a (0x4f9b4493) xori    s1, s6, 1273
core   0: 3 0x8000131a (0x4f9b4493) x 9 0x000004f8
core   0: 0x8000131e (0x55b9fb13) andi    s6, s3, 1371
core   0: 3 0x8000131e (0x55b9fb13) x22 0x00000000
core   0: 0x80001322 (0xf68ccf03) lbu     t5, -152(s9)
core   0: 3 0x80001322 (0xf68ccf03) x30 0x00000000 mem 0x80011e6d
core   0: 0x80001326 (0x02e36eb3) rem     t4, t1, a4
core   0: 3 0x80001326 (0x02e36eb3) x29 0x00000000
core   0: 0x8000132a (0x47be2713) slti    a4, t3, 1147
core   0: 3 0x8000132a (0x47be2713) x14 0x00000001
core   0: 0x8000132e (0x358cc603) lbu     a2, 856(s9)
core   0: 3 0x8000132e (0x358cc603) x12 0x00000000 mem 0x8001225d
core   0: 0x80001332 (0x314c8b03) lb      s6, 788(s9)
core   0: 3 0x80001332 (0x314c8b03) x22 0x00000000 mem 0x80012219
core   0: 0x80001336 (0x851c8ca3) sb      a7, -1959(s9)
core   0: 3 0x80001336 (0x851c8ca3) mem 0x8001175e 0x68
core   0: 0x8000133a (0x01119b63) bne     gp, a7, pc + 22
core   0: 3 0x8000133a (0x01119b63)
core   0: 0x80001350 (0x018468b3) or      a7, s0, s8
core   0: 3 0x80001350 (0x018468b3) x17 0x00000000
core   0: 0x80001354 (0x000091b6) c.add   gp, a3
core   0: 3 0x80001354 (0x91b6) x 3 0x00000000
core   0: 0x80001356 (0x0000100f) fence.i
core   0: 3 0x80001356 (0x0000100f)
core   0: 0x8000135a (0x6cf63693) sltiu   a3, a2, 1743
core   0: 3 0x8000135a (0x6cf63693) x13 0x00000001
core   0: 0x8000135e (0x00008d11) c.sub   a0, a2
core   0: 3 0x8000135e (0x8d11) x10 0xffffffff
core   0: 0x80001360 (0x02345d63) bge     s0, gp, pc + 58
core   0: 3 0x80001360 (0x02345d63)
core   0: 0x8000139a (0x00000e04) c.addi4spn s1, sp, 784
core   0: 3 0x8000139a (0x0e04) x 9 0x8001c1bd
core   0: 0x8000139c (0x0000577d) c.li    a4, -1
core   0: 3 0x8000139c (0x577d) x14 0xffffffff
core   0: 0x8000139e (0x03e9e633) rem     a2, s3, t5
core   0: 3 0x8000139e (0x03e9e633) x12 0x00000000
core   0: 0x800013a2 (0x00008ec9) c.or    a3, a0
core   0: 3 0x800013a2 (0x8ec9) x13 0xffffffff
core   0: 0x800013a4 (0x00477733) and     a4, a4, tp
core   0: 3 0x800013a4 (0x00477733) x14 0x00000000
core   0: 0x800013a8 (0xe8686f93) ori     t6, a6, -378
core   0: 3 0x800013a8 (0xe8686f93) x31 0xfffffe86
core   0: 0x800013ac (0x00004e31) c.li    t3, 12
core   0: 3 0x800013ac (0x4e31) x28 0x0000000c
core   0: 0x800013ae (0x0268d463) bge     a7, t1, pc + 40
core   0: 3 0x800013ae (0x0268d463)
core   0: 0x800013d6 (0x0000865d) c.srai  a2, 23
core   0: 3 0x800013d6 (0x865d) x12 0x00000000
core   0: 0x800013d8 (0xcd3a8b13) addi    s6, s5, -813
core   0: 3 0x800013d8 (0xcd3a8b13) x22 0x800299b7
core   0: 0x800013dc (0x0060ebb3) or      s7, ra, t1
core   0: 3 0x800013dc (0x0060ebb3) x23 0x00000000
core   0: 0x800013e0 (0x0000197d) c.addi  s2, -1
core   0: 3 0x800013e0 (0x197d) x18 0x0001bfff
core   0: 0x800013e2 (0x0000e941) c.bnez  a0, pc + 144
core   0: 3 0x800013e2 (0xe941)
core   0: 0x80001472 (0x00000001) c.nop
core   0: 3 0x80001472 (0x0001)
core   0: 0x80001474 (0x0ff0000f) fence   iorw,iorw
core   0: 3 0x80001474 (0x0ff0000f)
core   0: 0x80001478 (0x5e177a13) andi    s4, a4, 1505
core   0: 3 0x80001478 (0x5e177a13) x20 0x00000000
core   0: 0x8000147c (0x00000001) c.nop
core   0: 3 0x8000147c (0x0001)
core   0: 0x8000147e (0x02040433) mul     s0, s0, zero
core   0: 3 0x8000147e (0x02040433) x 8 0x00000000
core   0: 0x80001482 (0x01cf62b3) or      t0, t5, t3
core   0: 3 0x80001482 (0x01cf62b3) x 5 0x0000000c
core   0: 0x80001486 (0x000081e6) c.mv    gp, s9
core   0: 3 0x80001486 (0x81e6) x 3 0x80011f05
core   0: 0x80001488 (0x00008f55) c.or    a4, a3
core   0: 3 0x80001488 (0x8f55) x14 0xffffffff
core   0: 0x8000148a (0x005c1c63) bne     s8, t0, pc + 24
core   0: 3 0x8000148a (0x005c1c63)
core   0: 0x800014a2 (0x00008931) c.andi  a0, 12
core   0: 3 0x800014a2 (0x8931) x10 0x0000000c
core   0: 0x800014a4 (0x00008dfe) c.mv    s11, t6
core   0: 3 0x800014a4 (0x8dfe) x27 0xfffffe86
core   0: 0x800014a6 (0x000062bd) c.lui   t0, 0xf
core   0: 3 0x800014a6 (0x62bd) x 5 0x0000f000
core   0: 0x800014a8 (0x41c4de93) srai    t4, s1, 28
core   0: 3 0x800014a8 (0x41c4de93) x29 0xfffffff8
core   0: 0x800014ac (0x00008c25) c.xor   s0, s1
core   0: 3 0x800014ac (0x8c25) x 8 0x8001c1bd
core   0: 0x800014ae (0x00001d1c) c.addi4spn a5, sp, 688
core   0: 3 0x800014ae (0x1d1c) x15 0x8001c15d
core   0: 0x800014b0 (0x00008ca5) c.xor   s1, s1
core   0: 3 0x800014b0 (0x8ca5) x 9 0x00000000
core   0: 0x800014b2 (0x40abd2b3) sra     t0, s7, a0
core   0: 3 0x800014b2 (0x40abd2b3) x 5 0x00000000
core   0: 0x800014b6 (0x76e98313) addi    t1, s3, 1902
core   0: 3 0x800014b6 (0x76e98313) x 6 0x0000076e
core   0: 0x800014ba (0x01bfafb3) slt     t6, t6, s11
core   0: 3 0x800014ba (0x01bfafb3) x31 0x00000000
core   0: 0x800014be (0x00008d0a) c.mv    s10, sp
core   0: 3 0x800014be (0x8d0a) x26 0x8001bead
core   0: 0x800014c0 (0x00000001) c.nop
core   0: 3 0x800014c0 (0x0001)
core   0: 0x800014c2 (0x0227adb3) mulhsu  s11, a5, sp
core   0: 3 0x800014c2 (0x0227adb3) x27 0xc000015b
core   0: 0x800014c6 (0x02666b63) bltu    a2, t1, pc + 54
core   0: 3 0x800014c6 (0x02666b63)
core   0: 0x800014fc (0x035a1f63) bne     s4, s5, pc + 62
core   0: 3 0x800014fc (0x035a1f63)
core   0: 0x8000153a (0x04d29163) bne     t0, a3, pc + 66
core   0: 3 0x8000153a (0x04d29163)
core   0: 0x8000157c (0x037bcd63) blt     s7, s7, pc + 58
core   0: 3 0x8000157c (0x037bcd63)
core   0: 0x80001580 (0x00008ff5) c.and   a5, a3
core   0: 3 0x80001580 (0x8ff5) x15 0x8001c15d
core   0: 0x80001582 (0x00000959) c.addi  s2, 22
core   0: 3 0x80001582 (0x0959) x18 0x0001c015
core   0: 0x80001584 (0x4c348213) addi    tp, s1, 1219
core   0: 3 0x80001584 (0x4c348213) x 4 0x000004c3
core   0: 0x80001588 (0x0ff0000f) fence   iorw,iorw
core   0: 3 0x80001588 (0x0ff0000f)
core   0: 0x8000158c (0x939aac93) slti    s9, s5, -1735
core   0: 3 0x8000158c (0x939aac93) x25 0x00000001
core   0: 0x80001590 (0x0000100f) fence.i
core   0: 3 0x80001590 (0x0000100f)
core   0: 0x80001594 (0x02c36d63) bltu    t1, a2, pc + 58
core   0: 3 0x80001594 (0x02c36d63)
core   0: 0x80001598 (0x0000c88d) c.beqz  s1, pc + 50
core   0: 3 0x80001598 (0xc88d)
core   0: 0x800015ca (0x613f3e93) sltiu   t4, t5, 1555
core   0: 3 0x800015ca (0x613f3e93) x29 0x00000001
core   0: 0x800015ce (0x01384f63) blt     a6, s3, pc + 30
core   0: 3 0x800015ce (0x01384f63)
core   0: 0x800015d2 (0x00fe1263) bne     t3, a5, pc + 4
core   0: 3 0x800015d2 (0x00fe1263)
core   0: 0x800015d6 (0x006f9cb3) sll     s9, t6, t1
core   0: 3 0x800015d6 (0x006f9cb3) x25 0x00000000
core   0: 0x800015da (0x00008c41) c.or    s0, s0
core   0: 3 0x800015da (0x8c41) x 8 0x8001c1bd
core   0: 0x800015dc (0x416a8c33) sub     s8, s5, s6
core   0: 3 0x800015dc (0x416a8c33) x24 0x0000032d
core   0: 0x800015e0 (0xadece213) ori     tp, s9, -1314
core   0: 3 0x800015e0 (0xadece213) x 4 0xfffffade
core   0: 0x800015e4 (0x00000001) c.nop
core   0: 3 0x800015e4 (0x0001)
core   0: 0x800015e6 (0x0094ffb3) and     t6, s1, s1
core   0: 3 0x800015e6 (0x0094ffb3) x31 0x00000000
core   0: 0x800015ea (0x00001cfd) c.addi  s9, -1
core   0: 3 0x800015ea (0x1cfd) x25 0xffffffff
core   0: 0x800015ec (0xcc77c693) xori    a3, a5, -825
core   0: 3 0x800015ec (0xcc77c693) x13 0x7ffe3d9a
core   0: 0x800015f0 (0x40115193) srai    gp, sp, 1
core   0: 3 0x800015f0 (0x40115193) x 3 0xc000df56
core   0: 0x800015f4 (0x029a1563) bne     s4, s1, pc + 42
core   0: 3 0x800015f4 (0x029a1563)
core   0: 0x800015f8 (0x02417bb3) remu    s7, sp, tp
core   0: 3 0x800015f8 (0x02417bb3) x23 0x8001bead
core   0: 0x800015fc (0x0280fd33) remu    s10, ra, s0
core   0: 3 0x800015fc (0x0280fd33) x26 0x00000000
core   0: 0x80001600 (0x00969313) slli    t1, a3, 9
core   0: 3 0x80001600 (0x00969313) x 6 0xfc7b3400
core   0: 0x80001604 (0x0ff0000f) fence   iorw,iorw
core   0: 3 0x80001604 (0x0ff0000f)
core   0: 0x80001608 (0x0000ea99) c.bnez  a3, pc + 22
core   0: 3 0x80001608 (0xea99)
core   0: 0x8000161e (0x34ed7cb7) lui     s9, 0x34ed7
core   0: 3 0x8000161e (0x34ed7cb7) x25 0x34ed7000
core   0: 0x80001622 (0x031ae2b3) rem     t0, s5, a7
core   0: 3 0x80001622 (0x031ae2b3) x 5 0x80029ce4
core   0: 0x80001626 (0x022447b3) div     a5, s0, sp
core   0: 3 0x80001626 (0x022447b3) x15 0x00000000
core   0: 0x8000162a (0x40db8633) sub     a2, s7, a3
core   0: 3 0x8000162a (0x40db8633) x12 0x00038113
core   0: 0x8000162e (0x007b0333) add     t1, s6, t2
core   0: 3 0x8000162e (0x007b0333) x 6 0x0004f81b
core   0: 0x80001632 (0x00008ce9) c.and   s1, a0
core   0: 3 0x80001632 (0x8ce9) x 9 0x00000000
core   0: 0x80001634 (0x99964313) xori    t1, a2, -1639
core   0: 3 0x80001634 (0x99964313) x 6 0xfffc788a
core   0: 0x80001638 (0x00c87033) and     zero, a6, a2
core   0: 3 0x80001638 (0x00c87033)
core   0: 0x8000163c (0x00008c16) c.mv    s8, t0
core   0: 3 0x8000163c (0x8c16) x24 0x80029ce4
core   0: 0x8000163e (0x00006675) c.lui   a2, 0x1d
core   0: 3 0x8000163e (0x6675) x12 0x0001d000
core   0: 0x80001640 (0x00008c11) c.sub   s0, a2
core   0: 3 0x80001640 (0x8c11) x 8 0x7ffff1bd
core   0: 0x80001642 (0x8fb53513) sltiu   a0, a0, -1797
core   0: 3 0x80001642 (0x8fb53513) x10 0x00000001
core   0: 0x80001646 (0x00008ec6) c.mv    t4, a7
core   0: 3 0x80001646 (0x8ec6) x29 0x00000000
core   0: 0x80001648 (0x00008fa5) c.xor   a5, s1
core   0: 3 0x80001648 (0x8fa5) x15 0x00000000
core   0: 0x8000164a (0x00972433) slt     s0, a4, s1
core   0: 3 0x8000164a (0x00972433) x 8 0x00000001
core   0: 0x8000164e (0x00000001) c.nop
core   0: 3 0x8000164e (0x0001)
core   0: 0x80001650 (0x00009c8a) c.add   s9, sp
core   0: 3 0x80001650 (0x9c8a) x25 0xb4ef2ead
core   0: 0x80001652 (0x022a7763) bgeu    s4, sp, pc + 46
core   0: 3 0x80001652 (0x022a7763)
core   0: 0x80001656 (0x014207b3) add     a5, tp, s4
core   0: 3 0x80001656 (0x014207b3) x15 0xfffffade
core   0: 0x8000165a (0x00bc0463) beq     s8, a1, pc + 8
core   0: 3 0x8000165a (0x00bc0463)
core   0: 0x8000165e (0x029f0b33) mul     s6, t5, s1
core   0: 3 0x8000165e (0x029f0b33) x22 0x00000000
core   0: 0x80001662 (0x0000100f) fence.i
core   0: 3 0x80001662 (0x0000100f)
core   0: 0x80001666 (0x00757333) and     t1, a0, t2
core   0: 3 0x80001666 (0x00757333) x 6 0x00000000
core   0: 0x8000166a (0x000098fd) c.andi  s1, -1
core   0: 3 0x8000166a (0x98fd) x 9 0x00000000
core   0: 0x8000166c (0x01694b33) xor     s6, s2, s6
core   0: 3 0x8000166c (0x01694b33) x22 0x0001c015
core   0: 0x80001670 (0x00008fc1) c.or    a5, s0
core   0: 3 0x80001670 (0x8fc1) x15 0xfffffadf
core   0: 0x80001672 (0x01122eb3) slt     t4, tp, a7
core   0: 3 0x80001672 (0x01122eb3) x29 0x00000001
core   0: 0x80001676 (0x02479eb3) mulh    t4, a5, tp
core   0: 3 0x80001676 (0x02479eb3) x29 0x00000000
core   0: 0x8000167a (0x00008b19) c.andi  a4, 6
core   0: 3 0x8000167a (0x8b19) x14 0x00000006
core   0: 0x8000167c (0x37f25637) lui     a2, 0x37f25
core   0: 3 0x8000167c (0x37f25637) x12 0x37f25000
core   0: 0x80001680 (0x00008346) c.mv    t1, a7
core   0: 3 0x80001680 (0x8346) x 6 0x00000000
core   0: 0x80001682 (0x01b21533) sll     a0, tp, s11
core   0: 3 0x80001682 (0x01b21533) x10 0xf0000000
core   0: 0x80001686 (0x021986b3) mul     a3, s3, ra
core   0: 3 0x80001686 (0x021986b3) x13 0x00000000
core   0: 0x8000168a (0x00009192) c.add   gp, tp
core   0: 3 0x8000168a (0x9192) x 3 0xc000da34
core   0: 0x8000168c (0x000083b1) c.srli  a5, 12
core   0: 3 0x8000168c (0x83b1) x15 0x000fffff
core   0: 0x8000168e (0x07dd7c63) bgeu    s10, t4, pc + 120
core   0: 3 0x8000168e (0x07dd7c63)
core   0: 0x80001706 (0x00735463) bge     t1, t2, pc + 8
core   0: 3 0x80001706 (0x00735463)
core   0: 0x8000170e (0xd3588213) addi    tp, a7, -715
core   0: 3 0x8000170e (0xd3588213) x 4 0xfffffd35
core   0: 0x80001712 (0xe6718a13) addi    s4, gp, -409
core   0: 3 0x80001712 (0xe6718a13) x20 0xc000d89b
core   0: 0x80001716 (0x00004ebd) c.li    t4, 15
core   0: 3 0x80001716 (0x4ebd) x29 0x0000000f
core   0: 0x80001718 (0x008fbcb3) sltu    s9, t6, s0
core   0: 3 0x80001718 (0x008fbcb3) x25 0x00000001
core   0: 0x8000171c (0x8949bb13) sltiu   s6, s3, -1900
core   0: 3 0x8000171c (0x8949bb13) x22 0x00000001
core   0: 0x80001720 (0x02d1d2b3) divu    t0, gp, a3
core   0: 3 0x80001720 (0x02d1d2b3) x 5 0xffffffff
core   0: 0x80001724 (0x93c62293) slti    t0, a2, -1732
core   0: 3 0x80001724 (0x93c62293) x 5 0x00000000
core   0: 0x80001728 (0x0000e099) c.bnez  s1, pc + 6
core   0: 3 0x80001728 (0xe099)
core   0: 0x8000172a (0x00000001) c.nop
core   0: 3 0x8000172a (0x0001)
core   0: 0x8000172c (0x00009ea6) c.add   t4, s1
core   0: 3 0x8000172c (0x9ea6) x29 0x0000000f
core   0: 0x8000172e (0x01b34963) blt     t1, s11, pc + 18
core   0: 3 0x8000172e (0x01b34963)
core   0: 0x80001732 (0x02e79463) bne     a5, a4, pc + 40
core   0: 3 0x80001732 (0x02e79463)
core   0: 0x8000175a (0x00000001) c.nop
core   0: 3 0x8000175a (0x0001)
core   0: 0x8000175c (0x03a30d33) mul     s10, t1, s10
core   0: 3 0x8000175c (0x03a30d33) x26 0x00000000
core   0: 0x80001760 (0x00d7b733) sltu    a4, a5, a3
core   0: 3 0x80001760 (0x00d7b733) x14 0x00000000
core   0: 0x80001764 (0x0000831a) c.mv    t1, t1
core   0: 3 0x80001764 (0x831a) x 6 0x00000000
core   0: 0x80001766 (0x00009f7e) c.add   t5, t6
core   0: 3 0x80001766 (0x9f7e) x30 0x00000000
core   0: 0x80001768 (0x00008876) c.mv    a6, t4
core   0: 3 0x80001768 (0x8876) x16 0x0000000f
core   0: 0x8000176a (0x3bf8b293) sltiu   t0, a7, 959
core   0: 3 0x8000176a (0x3bf8b293) x 5 0x00000001
core   0: 0x8000176e (0x0098d8b3) srl     a7, a7, s1
core   0: 3 0x8000176e (0x0098d8b3) x17 0x00000000
core   0: 0x80001772 (0x004e1633) sll     a2, t3, tp
core   0: 3 0x80001772 (0x004e1633) x12 0x01800000
core   0: 0x80001776 (0x00009332) c.add   t1, a2
core   0: 3 0x80001776 (0x9332) x 6 0x01800000
core   0: 0x80001778 (0x409dd1b3) sra     gp, s11, s1
core   0: 3 0x80001778 (0x409dd1b3) x 3 0xc000015b
core   0: 0x8000177c (0x0521d063) bge     gp, s2, pc + 64
core   0: 3 0x8000177c (0x0521d063)
core   0: 0x80001780 (0x00000d56) c.slli  s10, 21
core   0: 3 0x80001780 (0x0d56) x26 0x00000000
core   0: 0x80001782 (0x00000001) c.nop
core   0: 3 0x80001782 (0x0001)
core   0: 0x80001784 (0x00006d95) c.lui   s11, 0x5
core   0: 3 0x80001784 (0x6d95) x27 0x00005000
core   0: 0x80001786 (0x00cb98b3) sll     a7, s7, a2
core   0: 3 0x80001786 (0x00cb98b3) x17 0x8001bead
core   0: 0x8000178a (0x038581b3) mul     gp, a1, s8
core   0: 3 0x8000178a (0x038581b3) x 3 0x3ccb7aac
core   0: 0x8000178e (0x033e8e33) mul     t3, t4, s3
core   0: 3 0x8000178e (0x033e8e33) x28 0x00000000
core   0: 0x80001792 (0x00006121) c.addi16sp sp, 64
core   0: 3 0x80001792 (0x6121) x 2 0x8001beed
core   0: 0x80001794 (0x00008d61) c.and   a0, s0
core   0: 3 0x80001794 (0x8d61) x10 0x00000000
core   0: 0x80001796 (0x037f4163) blt     t5, s7, pc + 34
core   0: 3 0x80001796 (0x037f4163)
core   0: 0x8000179a (0x417d8fb3) sub     t6, s11, s7
core   0: 3 0x8000179a (0x417d8fb3) x31 0x7ffe9153
core   0: 0x8000179e (0x0000ef19) c.bnez  a4, pc + 30
core   0: 3 0x8000179e (0xef19)
core   0: 0x800017a0 (0x407e5cb3) sra     s9, t3, t2
core   0: 3 0x800017a0 (0x407e5cb3) x25 0x00000000
core   0: 0x800017a4 (0x88ee4493) xori    s1, t3, -1906
core   0: 3 0x800017a4 (0x88ee4493) x 9 0xfffff88e
core   0: 0x800017a8 (0x41035613) srai    a2, t1, 16
core   0: 3 0x800017a8 (0x41035613) x12 0x00000180
core   0: 0x800017ac (0x01746d33) or      s10, s0, s7
core   0: 3 0x800017ac (0x01746d33) x26 0x8001bead
core   0: 0x800017b0 (0x00347663) bgeu    s0, gp, pc + 12
core   0: 3 0x800017b0 (0x00347663)
core   0: 0x800017b4 (0x01a62b33) slt     s6, a2, s10
core   0: 3 0x800017b4 (0x01a62b33) x22 0x00000000
core   0: 0x800017b8 (0x03209bb3) mulh    s7, ra, s2
core   0: 3 0x800017b8 (0x03209bb3) x23 0x00000000
core   0: 0x800017bc (0x0000717d) c.addi16sp sp, -16
core   0: 3 0x800017bc (0x717d) x 2 0x8001bedd
core   0: 0x800017be (0x48ec7c13) andi    s8, s8, 1166
core   0: 3 0x800017be (0x48ec7c13) x24 0x00000484
core   0: 0x800017c2 (0x01a3ddb3) srl     s11, t2, s10
core   0: 3 0x800017c2 (0x01a3ddb3) x27 0x00040012
core   0: 0x800017c6 (0x0581d263) bge     gp, s8, pc + 68
core   0: 3 0x800017c6 (0x0581d263)
core   0: 0x8000180a (0x41db5733) sra     a4, s6, t4
core   0: 3 0x8000180a (0x41db5733) x14 0x00000000
core   0: 0x8000180e (0x00008c11) c.sub   s0, a2
core   0: 3 0x8000180e (0x8c11) x 8 0xfffffe81
core   0: 0x80001810 (0x03255e63) bge     a0, s2, pc + 60
core   0: 3 0x80001810 (0x03255e63)
core   0: 0x80001814 (0x0000100f) fence.i
core   0: 3 0x80001814 (0x0000100f)
core   0: 0x80001818 (0x025588b3) mul     a7, a1, t0
core   0: 3 0x80001818 (0x025588b3) x17 0x01a73103
core   0: 0x8000181c (0x0ff0000f) fence   iorw,iorw
core   0: 3 0x8000181c (0x0ff0000f)
core   0: 0x80001820 (0x01e11d63) bne     sp, t5, pc + 26
core   0: 3 0x80001820 (0x01e11d63)
core   0: 0x8000183a (0x007bdf93) srli    t6, s7, 7
core   0: 3 0x8000183a (0x007bdf93) x31 0x00000000
core   0: 0x8000183e (0x02357bb3) remu    s7, a0, gp
core   0: 3 0x8000183e (0x02357bb3) x23 0x00000000
core   0: 0x80001842 (0x01dea9b3) slt     s3, t4, t4
core   0: 3 0x80001842 (0x01dea9b3) x19 0x00000000
core   0: 0x80001846 (0x03015bb3) divu    s7, sp, a6
core   0: 3 0x80001846 (0x03015bb3) x23 0x0888a653
core   0: 0x8000184a (0x00008ee9) c.and   a3, a0
core   0: 3 0x8000184a (0x8ee9) x13 0x00000000
core   0: 0x8000184c (0x03642333) mulhsu  t1, s0, s6
core   0: 3 0x8000184c (0x03642333) x 6 0x00000000
core   0: 0x80001850 (0x00000001) c.nop
core   0: 3 0x80001850 (0x0001)
core   0: 0x80001852 (0xd9552d93) slti    s11, a0, -619
core   0: 3 0x80001852 (0xd9552d93) x27 0x00000000
core   0: 0x80001856 (0x00008752) c.mv    a4, s4
core   0: 3 0x80001856 (0x8752) x14 0xc000d89b
core   0: 0x80001858 (0xd23ba893) slti    a7, s7, -733
core   0: 3 0x80001858 (0xd23ba893) x17 0x00000000
core   0: 0x8000185c (0x02fb94b3) mulh    s1, s7, a5
core   0: 3 0x8000185c (0x02fb94b3) x 9 0x0000888a
core   0: 0x80001860 (0x03dd4633) div     a2, s10, t4
core   0: 3 0x80001860 (0x03dd4633) x12 0xf777953f
core   0: 0x80001864 (0x76ea2293) slti    t0, s4, 1902
core   0: 3 0x80001864 (0x76ea2293) x 5 0x00000001
core   0: 0x80001868 (0x404cd833) sra     a6, s9, tp
core   0: 3 0x80001868 (0x404cd833) x16 0x00000000
core   0: 0x8000186c (0x0142fa33) and     s4, t0, s4
core   0: 3 0x8000186c (0x0142fa33) x20 0x00000001
core   0: 0x80001870 (0x0000976a) c.add   a4, s10
core   0: 3 0x80001870 (0x976a) x14 0x40029748
core   0: 0x80001872 (0x01138433) add     s0, t2, a7
core   0: 3 0x80001872 (0x01138433) x 8 0x80025e64
core   0: 0x80001876 (0x000086d1) c.srai  a3, 20
core   0: 3 0x80001876 (0x86d1) x13 0x00000000
core   0: 0x80001878 (0x000083b1) c.srli  a5, 12
core   0: 3 0x80001878 (0x83b1) x15 0x000000ff
core   0: 0x8000187a (0x017e3b33) sltu    s6, t3, s7
core   0: 3 0x8000187a (0x017e3b33) x22 0x00000001
core   0: 0x8000187e (0x0e5db137) lui     sp, 0xe5db
core   0: 3 0x8000187e (0x0e5db137) x 2 0x0e5db000
core   0: 0x80001882 (0x0000eb9d) c.bnez  a5, pc + 54
core   0: 3 0x80001882 (0xeb9d)
core   0: 0x800018b8 (0x82af6213) ori     tp, t5, -2006
core   0: 3 0x800018b8 (0x82af6213) x 4 0xfffff82a
core   0: 0x800018bc (0x00006169) c.addi16sp sp, 208
core   0: 3 0x800018bc (0x6169) x 2 0x0e5db0d0
core   0: 0x800018be (0xe1b81537) lui     a0, 0xe1b81
core   0: 3 0x800018be (0xe1b81537) x10 0xe1b81000
core   0: 0x800018c2 (0x0057d833) srl     a6, a5, t0
core   0: 3 0x800018c2 (0x0057d833) x16 0x0000007f
core   0: 0x800018c6 (0x02641e63) bne     s0, t1, pc + 60
core   0: 3 0x800018c6 (0x02641e63)
core   0: 0x80001902 (0x030f7cb3) remu    s9, t5, a6
core   0: 3 0x80001902 (0x030f7cb3) x25 0x00000000
core   0: 0x80001906 (0x00008d0d) c.sub   a0, a1
core   0: 3 0x80001906 (0x8d0d) x10 0xe010defd
core   0: 0x80001908 (0xc585f997) auipc   s3, 0xc585f
core   0: 3 0x80001908 (0xc585f997) x19 0x45860908
core   0: 0x8000190c (0x000086fd) c.srai  a3, 31
core   0: 3 0x8000190c (0x86fd) x13 0x00000000
core   0: 0x8000190e (0x028caf33) mulhsu  t5, s9, s0
core   0: 3 0x8000190e (0x028caf33) x30 0x00000000
core   0: 0x80001912 (0x00008e42) c.mv    t3, a6
core   0: 3 0x80001912 (0x8e42) x28 0x0000007f
core   0: 0x80001914 (0x00000001) c.nop
core   0: 3 0x80001914 (0x0001)
core   0: 0x80001916 (0x00000d3d) c.addi  s10, 15
core   0: 3 0x80001916 (0x0d3d) x26 0x8001bebc
core   0: 0x80001918 (0x0263df63) bge     t2, t1, pc + 62
core   0: 3 0x80001918 (0x0263df63)
core   0: 0x8000191c (0x00569c13) slli    s8, a3, 5
core   0: 3 0x8000191c (0x00569c13) x24 0x00000000
core   0: 0x80001920 (0x00006f8d) c.lui   t6, 0x3
core   0: 3 0x80001920 (0x6f8d) x31 0x00003000
core   0: 0x80001922 (0x013f9b63) bne     t6, s3, pc + 22
core   0: 3 0x80001922 (0x013f9b63)
core   0: 0x80001938 (0x0000839d) c.srli  a5, 7
core   0: 3 0x80001938 (0x839d) x15 0x00000001
core   0: 0x8000193a (0x00bac433) xor     s0, s5, a1
core   0: 3 0x8000193a (0x00bac433) x 8 0x81a5ade7
core   0: 0x8000193e (0x00000001) c.nop
core   0: 3 0x8000193e (0x0001)
core   0: 0x80001940 (0x01b937b3) sltu    a5, s2, s11
core   0: 3 0x80001940 (0x01b937b3) x15 0x00000000
core   0: 0x80001944 (0x39bb4913) xori    s2, s6, 923
core   0: 3 0x80001944 (0x39bb4913) x18 0x0000039a
core   0: 0x80001948 (0x00008a7d) c.andi  a2, 31
core   0: 3 0x80001948 (0x8a7d) x12 0x0000001f
core   0: 0x8000194a (0x023227b3) mulhsu  a5, tp, gp
core   0: 3 0x8000194a (0x023227b3) x15 0xfffffe23
core   0: 0x8000194e (0x02ca9333) mulh    t1, s5, a2
core   0: 3 0x8000194e (0x02ca9333) x 6 0xfffffff0
core   0: 0x80001952 (0x07407293) andi    t0, zero, 116
core   0: 3 0x80001952 (0x07407293) x 5 0x00000000
core   0: 0x80001956 (0x00008bae) c.mv    s7, a1
core   0: 3 0x80001956 (0x8bae) x23 0x01a73103
core   0: 0x80001958 (0x0316f2b3) remu    t0, a3, a7
core   0: 3 0x80001958 (0x0316f2b3) x 5 0x00000000
core   0: 0x8000195c (0x00a56cb3) or      s9, a0, a0
core   0: 3 0x8000195c (0x00a56cb3) x25 0xe010defd
core   0: 0x80001960 (0x0449d163) bge     s3, tp, pc + 66
core   0: 3 0x80001960 (0x0449d163)
core   0: 0x800019a2 (0x01535cb3) srl     s9, t1, s5
core   0: 3 0x800019a2 (0x01535cb3) x25 0x0fffffff
core   0: 0x800019a6 (0x0000e29d) c.bnez  a3, pc + 38
core   0: 3 0x800019a6 (0xe29d)
core   0: 0x800019a8 (0x000002e6) c.slli  t0, 25
core   0: 3 0x800019a8 (0x02e6) x 5 0x00000000
core   0: 0x800019aa (0x00008cb5) c.xor   s1, a3
core   0: 3 0x800019aa (0x8cb5) x 9 0x0000888a
core   0: 0x800019ac (0x0ff0000f) fence   iorw,iorw
core   0: 3 0x800019ac (0x0ff0000f)
core   0: 0x800019b0 (0x0000821d) c.srli  a2, 7
core   0: 3 0x800019b0 (0x821d) x12 0x00000000
core   0: 0x800019b2 (0x04da9263) bne     s5, a3, pc + 68
core   0: 3 0x800019b2 (0x04da9263)
core   0: 0x800019f6 (0x00f38363) beq     t2, a5, pc + 6
core   0: 3 0x800019f6 (0x00f38363)
core   0: 0x800019fa (0x000086a9) c.srai  a3, 10
core   0: 3 0x800019fa (0x86a9) x13 0x00000000
core   0: 0x800019fc (0x00008a2d) c.andi  a2, 11
core   0: 3 0x800019fc (0x8a2d) x12 0x00000000
core   0: 0x800019fe (0x00008e71) c.and   a2, a2
core   0: 3 0x800019fe (0x8e71) x12 0x00000000
core   0: 0x80001a00 (0x0000ea19) c.bnez  a2, pc + 22
core   0: 3 0x80001a00 (0xea19)
core   0: 0x80001a02 (0x022dfa63) bgeu    s11, sp, pc + 52
core   0: 3 0x80001a02 (0x022dfa63)
core   0: 0x80001a06 (0x022d78b3) remu    a7, s10, sp
core   0: 3 0x80001a06 (0x022d78b3) x17 0x0d14383c
core   0: 0x80001a0a (0x00008476) c.mv    s0, t4
core   0: 3 0x80001a0a (0x8476) x 8 0x0000000f
core   0: 0x80001a0c (0x41945213) srai    tp, s0, 25
core   0: 3 0x80001a0c (0x41945213) x 4 0x00000000
core   0: 0x80001a10 (0x0000c78d) c.beqz  a5, pc + 42
core   0: 3 0x80001a10 (0xc78d)
core   0: 0x80001a12 (0x00008c8d) c.sub   s1, a1
core   0: 3 0x80001a12 (0x8c8d) x 9 0xfe595787
core   0: 0x80001a14 (0x000051fd) c.li    gp, -1
core   0: 3 0x80001a14 (0x51fd) x 3 0xffffffff
core   0: 0x80001a16 (0x0000100f) fence.i
core   0: 3 0x80001a16 (0x0000100f)
core   0: 0x80001a1a (0x0000941a) c.add   s0, t1
core   0: 3 0x80001a1a (0x941a) x 8 0xffffffff
core   0: 0x80001a1c (0x01efdf13) srli    t5, t6, 30
core   0: 3 0x80001a1c (0x01efdf13) x30 0x00000000
core   0: 0x80001a20 (0x06ed50b7) lui     ra, 0x6ed5
core   0: 3 0x80001a20 (0x06ed50b7) x 1 0x06ed5000
core   0: 0x80001a24 (0x00008885) c.andi  s1, 1
core   0: 3 0x80001a24 (0x8885) x 9 0x00000001
core   0: 0x80001a26 (0x00000001) c.nop
core   0: 3 0x80001a26 (0x0001)
core   0: 0x80001a28 (0x415a8eb3) sub     t4, s5, s5
core   0: 3 0x80001a28 (0x415a8eb3) x29 0x00000000
core   0: 0x80001a2c (0x411cda13) srai    s4, s9, 17
core   0: 3 0x80001a2c (0x411cda13) x20 0x000007ff
core   0: 0x80001a30 (0x0336a9b3) mulhsu  s3, a3, s3
core   0: 3 0x80001a30 (0x0336a9b3) x19 0x00000000
core   0: 0x80001a34 (0x000059fd) c.li    s3, -1
core   0: 3 0x80001a34 (0x59fd) x19 0xffffffff
core   0: 0x80001a36 (0x0132b233) sltu    tp, t0, s3
core   0: 3 0x80001a36 (0x0132b233) x 4 0x00000001
core   0: 0x80001a3a (0x00000001) c.nop
core   0: 3 0x80001a3a (0x0001)
core   0: 0x80001a3c (0x4188da13) srai    s4, a7, 24
core   0: 3 0x80001a3c (0x4188da13) x20 0x0000000d
core   0: 0x80001a40 (0x6a568d13) addi    s10, a3, 1701
core   0: 3 0x80001a40 (0x6a568d13) x26 0x000006a5
core   0: 0x80001a44 (0x0000028d) c.addi  t0, 3
core   0: 3 0x80001a44 (0x028d) x 5 0x00000003
core   0: 0x80001a46 (0x00000001) c.nop
core   0: 3 0x80001a46 (0x0001)
core   0: 0x80001a48 (0x00000001) c.nop
core   0: 3 0x80001a48 (0x0001)
core   0: 0x80001a4a (0x00008735) c.srai  a4, 13
core   0: 3 0x80001a4a (0x8735) x14 0x00020014
core   0: 0x80001a4c (0x02bef333) remu    t1, t4, a1
core   0: 3 0x80001a4c (0x02bef333) x 6 0x00000000
core   0: 0x80001a50 (0x000087bd) c.srai  a5, 15
core   0: 3 0x80001a50 (0x87bd) x15 0xffffffff
core   0: 0x80001a52 (0x00ca21b3) slt     gp, s4, a2
core   0: 3 0x80001a52 (0x00ca21b3) x 3 0x00000000
core   0: 0x80001a56 (0x053c6e13) ori     t3, s8, 83
core   0: 3 0x80001a56 (0x053c6e13) x28 0x00000053
core   0: 0x80001a5a (0x8bc7a837) lui     a6, 0x8bc7a
core   0: 3 0x80001a5a (0x8bc7a837) x16 0x8bc7a000
core   0: 0x80001a5e (0x41325b93) srai    s7, tp, 19
core   0: 3 0x80001a5e (0x41325b93) x23 0x00000000
core   0: 0x80001a62 (0x47f92893) slti    a7, s2, 1151
core   0: 3 0x80001a62 (0x47f92893) x17 0x00000001
core   0: 0x80001a66 (0x0ff0000f) fence   iorw,iorw
core   0: 3 0x80001a66 (0x0ff0000f)
core   0: 0x80001a6a (0x0165e433) or      s0, a1, s6
core   0: 3 0x80001a6a (0x0165e433) x 8 0x01a73103
core   0: 0x80001a6e (0x0048a1b3) slt     gp, a7, tp
core   0: 3 0x80001a6e (0x0048a1b3) x 3 0x00000000
core   0: 0x80001a72 (0x0000c099) c.beqz  s1, pc + 6
core   0: 3 0x80001a72 (0xc099)
core   0: 0x80001a74 (0x034e3133) mulhu   sp, t3, s4
core   0: 3 0x80001a74 (0x034e3133) x 2 0x00000000
core   0: 0x80001a78 (0x00bc1193) slli    gp, s8, 11
core   0: 3 0x80001a78 (0x00bc1193) x 3 0x00000000
core   0: 0x80001a7c (0x00008cbd) c.xor   s1, a5
core   0: 3 0x80001a7c (0x8cbd) x 9 0xfffffffe
core   0: 0x80001a7e (0x04c46263) bltu    s0, a2, pc + 68
core   0: 3 0x80001a7e (0x04c46263)
core   0: 0x80001a82 (0x00008ab1) c.andi  a3, 12
core   0: 3 0x80001a82 (0x8ab1) x13 0x00000000
core   0: 0x80001a84 (0x0000ec81) c.bnez  s1, pc + 24
core   0: 3 0x80001a84 (0xec81)
core   0: 0x80001a9c (0x0000100f) fence.i
core   0: 3 0x80001a9c (0x0000100f)
core   0: 0x80001aa0 (0x000091e6) c.add   gp, s9
core   0: 3 0x80001aa0 (0x91e6) x 3 0x0fffffff
core   0: 0x80001aa2 (0x31f0c737) lui     a4, 0x31f0c
core   0: 3 0x80001aa2 (0x31f0c737) x14 0x31f0c000
core   0: 0x80001aa6 (0x03516b33) rem     s6, sp, s5
core   0: 3 0x80001aa6 (0x03516b33) x22 0x00000000
core   0: 0x80001aaa (0x01350133) add     sp, a0, s3
core   0: 3 0x80001aaa (0x01350133) x 2 0xe010defc
core   0: 0x80001aae (0x003ad793) srli    a5, s5, 3
core   0: 3 0x80001aae (0x003ad793) x15 0x1000539c
core   0: 0x80001ab2 (0xd694a993) slti    s3, s1, -663
core   0: 3 0x80001ab2 (0xd694a993) x19 0x00000000
core   0: 0x80001ab6 (0x01ad6263) bltu    s10, s10, pc + 4
core   0: 3 0x80001ab6 (0x01ad6263)
core   0: 0x80001aba (0xf6c13f13) sltiu   t5, sp, -148
core   0: 3 0x80001aba (0xf6c13f13) x30 0x00000001
core   0: 0x80001abe (0x03706cb3) rem     s9, zero, s7
core   0: 3 0x80001abe (0x03706cb3) x25 0x00000000
core   0: 0x80001ac2 (0x402f51b3) sra     gp, t5, sp
core   0: 3 0x80001ac2 (0x402f51b3) x 3 0x00000000
core   0: 0x80001ac6 (0x000084f1) c.srai  s1, 28
core   0: 3 0x80001ac6 (0x84f1) x 9 0xffffffff
core   0: 0x80001ac8 (0x00008ebd) c.xor   a3, a5
core   0: 3 0x80001ac8 (0x8ebd) x13 0x1000539c
core   0: 0x80001aca (0x01a54d33) xor     s10, a0, s10
core   0: 3 0x80001aca (0x01a54d33) x26 0xe010d858
core   0: 0x80001ace (0x038cab33) mulhsu  s6, s9, s8
core   0: 3 0x80001ace (0x038cab33) x22 0x00000000
core   0: 0x80001ad2 (0x00bfa6b3) slt     a3, t6, a1
core   0: 3 0x80001ad2 (0x00bfa6b3) x13 0x00000001
core   0: 0x80001ad6 (0x03060f63) beq     a2, a6, pc + 62
core   0: 3 0x80001ad6 (0x03060f63)
core   0: 0x80001ada (0x00006159) c.addi16sp sp, 400
core   0: 3 0x80001ada (0x6159) x 2 0xe010e08c
core   0: 0x80001adc (0x5119e793) ori     a5, s3, 1297
core   0: 3 0x80001adc (0x5119e793) x15 0x00000511
core   0: 0x80001ae0 (0x001694b3) sll     s1, a3, ra
core   0: 3 0x80001ae0 (0x001694b3) x 9 0x00000001
core   0: 0x80001ae4 (0xba8ba513) slti    a0, s7, -1112
core   0: 3 0x80001ae4 (0xba8ba513) x10 0x00000000
core   0: 0x80001ae8 (0x01df0b63) beq     t5, t4, pc + 22
core   0: 3 0x80001ae8 (0x01df0b63)
core   0: 0x80001aec (0x00008fad) c.xor   a5, a1
core   0: 3 0x80001aec (0x8fad) x15 0x01a73412
core   0: 0x80001aee (0x000084b5) c.srai  s1, 13
core   0: 3 0x80001aee (0x84b5) x 9 0x00000000
core   0: 0x80001af0 (0x0014d9b3) srl     s3, s1, ra
core   0: 3 0x80001af0 (0x0014d9b3) x19 0x00000000
core   0: 0x80001af4 (0x5150bf93) sltiu   t6, ra, 1301
core   0: 3 0x80001af4 (0x5150bf93) x31 0x00000000
core   0: 0x80001af8 (0x00000001) c.nop
core   0: 3 0x80001af8 (0x0001)
core   0: 0x80001afa (0x4121da33) sra     s4, gp, s2
core   0: 3 0x80001afa (0x4121da33) x20 0x00000000
core   0: 0x80001afe (0x70c0ae13) slti    t3, ra, 1804
core   0: 3 0x80001afe (0x70c0ae13) x28 0x00000000
core   0: 0x80001b02 (0x00006b91) c.lui   s7, 0x4
core   0: 3 0x80001b02 (0x6b91) x23 0x00004000
core   0: 0x80001b04 (0x84c7a413) slti    s0, a5, -1972
core   0: 3 0x80001b04 (0x84c7a413) x 8 0x00000000
core   0: 0x80001b08 (0x00401c33) sll     s8, zero, tp
core   0: 3 0x80001b08 (0x00401c33) x24 0x00000000
core   0: 0x80001b0c (0x001c1a63) bne     s8, ra, pc + 20
core   0: 3 0x80001b0c (0x001c1a63)
core   0: 0x80001b20 (0x0380bdb3) mulhu   s11, ra, s8
core   0: 3 0x80001b20 (0x0380bdb3) x27 0x00000000
core   0: 0x80001b24 (0x0000ea15) c.bnez  a2, pc + 52
core   0: 3 0x80001b24 (0xea15)
core   0: 0x80001b26 (0x02b1fd33) remu    s10, gp, a1
core   0: 3 0x80001b26 (0x02b1fd33) x26 0x00000000
core   0: 0x80001b2a (0x4146deb3) sra     t4, a3, s4
core   0: 3 0x80001b2a (0x4146deb3) x29 0x00000001
core   0: 0x80001b2e (0x41f484b3) sub     s1, s1, t6
core   0: 3 0x80001b2e (0x41f484b3) x 9 0x00000000
core   0: 0x80001b32 (0x00006171) c.addi16sp sp, 336
core   0: 3 0x80001b32 (0x6171) x 2 0xe010e1dc
core   0: 0x80001b34 (0x00008f7e) c.mv    t5, t6
core   0: 3 0x80001b34 (0x8f7e) x30 0x00000000
core   0: 0x80001b36 (0x0000c601) c.beqz  a2, pc + 8
core   0: 3 0x80001b36 (0xc601)
core   0: 0x80001b3e (0xdd027193) andi    gp, tp, -560
core   0: 3 0x80001b3e (0xdd027193) x 3 0x00000000
core   0: 0x80001b42 (0x012cd113) srli    sp, s9, 18
core   0: 3 0x80001b42 (0x012cd113) x 2 0x00000000
core   0: 0x80001b46 (0x000086f5) c.srai  a3, 29
core   0: 3 0x80001b46 (0x86f5) x13 0x00000000
core   0: 0x80001b48 (0x022cabb3) mulhsu  s7, s9, sp
core   0: 3 0x80001b48 (0x022cabb3) x23 0x00000000
core   0: 0x80001b4c (0x02884bb3) div     s7, a6, s0
core   0: 3 0x80001b4c (0x02884bb3) x23 0xffffffff
core   0: 0x80001b50 (0x4194d733) sra     a4, s1, s9
core   0: 3 0x80001b50 (0x4194d733) x14 0x00000000
core   0: 0x80001b54 (0x00008d7d) c.and   a0, a5
core   0: 3 0x80001b54 (0x8d7d) x10 0x00000000
core   0: 0x80001b56 (0x000007d1) c.addi  a5, 20
core   0: 3 0x80001b56 (0x07d1) x15 0x01a73426
core   0: 0x80001b58 (0x02ed8763) beq     s11, a4, pc + 46
core   0: 3 0x80001b58 (0x02ed8763)
core   0: 0x80001b86 (0x00527533) and     a0, tp, t0
core   0: 3 0x80001b86 (0x00527533) x10 0x00000001
core   0: 0x80001b8a (0x51fe3e13) sltiu   t3, t3, 1311
core   0: 3 0x80001b8a (0x51fe3e13) x28 0x00000001
core   0: 0x80001b8e (0x0000587d) c.li    a6, -1
core   0: 3 0x80001b8e (0x587d) x16 0xffffffff
core   0: 0x80001b90 (0x00e9f833) and     a6, s3, a4
core   0: 3 0x80001b90 (0x00e9f833) x16 0x00000000
core   0: 0x80001b94 (0x00457e33) and     t3, a0, tp
core   0: 3 0x80001b94 (0x00457e33) x28 0x00000001
core   0: 0x80001b98 (0x41f2d413) srai    s0, t0, 31
core   0: 3 0x80001b98 (0x41f2d413) x 8 0x00000000
core   0: 0x80001b9c (0x00001c00) c.addi4spn s0, sp, 560
core   0: 3 0x80001b9c (0x1c00) x 8 0x00000230
core   0: 0x80001b9e (0x00008b79) c.andi  a4, 30
core   0: 3 0x80001b9e (0x8b79) x14 0x00000000
core   0: 0x80001ba0 (0x00008d11) c.sub   a0, a2
core   0: 3 0x80001ba0 (0x8d11) x10 0x00000001
core   0: 0x80001ba2 (0x0ff0000f) fence   iorw,iorw
core   0: 3 0x80001ba2 (0x0ff0000f)
core   0: 0x80001ba6 (0x01f65d93) srli    s11, a2, 31
core   0: 3 0x80001ba6 (0x01f65d93) x27 0x00000000
core   0: 0x80001baa (0x03fc5bb3) divu    s7, s8, t6
core   0: 3 0x80001baa (0x03fc5bb3) x23 0xffffffff
core   0: 0x80001bae (0x00001efd) c.addi  t4, -1
core   0: 3 0x80001bae (0x1efd) x29 0x00000000
core   0: 0x80001bb0 (0x35237093) andi    ra, t1, 850
core   0: 3 0x80001bb0 (0x35237093) x 1 0x00000000
core   0: 0x80001bb4 (0xc8a37893) andi    a7, t1, -886
core   0: 3 0x80001bb4 (0xc8a37893) x17 0x00000000
core   0: 0x80001bb8 (0x00000d6a) c.slli  s10, 26
core   0: 3 0x80001bb8 (0x0d6a) x26 0x00000000
core   0: 0x80001bba (0x027bce63) blt     s7, t2, pc + 60
core   0: 3 0x80001bba (0x027bce63)
core   0: 0x80001bbe (0x036f4763) blt     t5, s6, pc + 46
core   0: 3 0x80001bbe (0x036f4763)
core   0: 0x80001bc2 (0x0286bbb3) mulhu   s7, a3, s0
core   0: 3 0x80001bc2 (0x0286bbb3) x23 0x00000000
core   0: 0x80001bc6 (0x04d05263) bge     zero, a3, pc + 68
core   0: 3 0x80001bc6 (0x04d05263)
core   0: 0x80001c0a (0xc795ea13) ori     s4, a1, -903
core   0: 3 0x80001c0a (0xc795ea13) x20 0xfffffd7b
core   0: 0x80001c0e (0x00008491) c.srai  s1, 4
core   0: 3 0x80001c0e (0x8491) x 9 0x00000000
core   0: 0x80001c10 (0x030cbeb3) mulhu   t4, s9, a6
core   0: 3 0x80001c10 (0x030cbeb3) x29 0x00000000
core   0: 0x80001c14 (0x00001d9c) c.addi4spn a5, sp, 752
core   0: 3 0x80001c14 (0x1d9c) x15 0x000002f0
core   0: 0x80001c16 (0x0000100f) fence.i
core   0: 3 0x80001c16 (0x0000100f)
core   0: 0x80001c1a (0x01695633) srl     a2, s2, s6
core   0: 3 0x80001c1a (0x01695633) x12 0x0000039a
core   0: 0x80001c1e (0x04bc0f63) beq     s8, a1, pc + 94
core   0: 3 0x80001c1e (0x04bc0f63)
core   0: 0x80001c22 (0x00000001) c.nop
core   0: 3 0x80001c22 (0x0001)
core   0: 0x80001c24 (0x652e7097) auipc   ra, 0x652e7
core   0: 3 0x80001c24 (0x652e7097) x 1 0xe52e8c24
core   0: 0x80001c28 (0x023f2b33) mulhsu  s6, t5, gp
core   0: 3 0x80001c28 (0x023f2b33) x22 0x00000000
core   0: 0x80001c2c (0x0000717d) c.addi16sp sp, -16
core   0: 3 0x80001c2c (0x717d) x 2 0xfffffff0
core   0: 0x80001c2e (0x00008d39) c.xor   a0, a4
core   0: 3 0x80001c2e (0x8d39) x10 0x00000001
core   0: 0x80001c30 (0x010f4d33) xor     s10, t5, a6
core   0: 3 0x80001c30 (0x010f4d33) x26 0x00000000
core   0: 0x80001c34 (0x039fd7b3) divu    a5, t6, s9
core   0: 3 0x80001c34 (0x039fd7b3) x15 0xffffffff
core   0: 0x80001c38 (0x023e4a33) div     s4, t3, gp
core   0: 3 0x80001c38 (0x023e4a33) x20 0xffffffff
core   0: 0x80001c3c (0x00001b97) auipc   s7, 0x1
core   0: 3 0x80001c3c (0x00001b97) x23 0x80002c3c
core   0: 0x80001c40 (0xd3eb8b93) addi    s7, s7, -706
core   0: 3 0x80001c40 (0xd3eb8b93) x23 0x8000297a
core   0: 0x80001c44 (0x389afb13) andi    s6, s5, 905
core   0: 3 0x80001c44 (0x389afb13) x22 0x00000080
core   0: 0x80001c48 (0x011fa2b3) slt     t0, t6, a7
core   0: 3 0x80001c48 (0x011fa2b3) x 5 0x00000000
core   0: 0x80001c4c (0x02cbbdb3) mulhu   s11, s7, a2
core   0: 3 0x80001c4c (0x02cbbdb3) x27 0x000001cd
core   0: 0x80001c50 (0x124b8b93) addi    s7, s7, 292
core   0: 3 0x80001c50 (0x124b8b93) x23 0x80002a9e
core   0: 0x80001c54 (0x0000717d) c.addi16sp sp, -16
core   0: 3 0x80001c54 (0x717d) x 2 0xffffffe0
core   0: 0x80001c56 (0x001471b3) and     gp, s0, ra
core   0: 3 0x80001c56 (0x001471b3) x 3 0x00000020
core   0: 0x80001c5a (0x00b1d863) bge     gp, a1, pc + 16
core   0: 3 0x80001c5a (0x00b1d863)
core   0: 0x80001c5e (0x00000001) c.nop
core   0: 3 0x80001c5e (0x0001)
core   0: 0x80001c60 (0x030d8133) mul     sp, s11, a6
core   0: 3 0x80001c60 (0x030d8133) x 2 0x00000000
core   0: 0x80001c64 (0x031a2133) mulhsu  sp, s4, a7
core   0: 3 0x80001c64 (0x031a2133) x 2 0x00000000
core   0: 0x80001c68 (0x00008889) c.andi  s1, 2
core   0: 3 0x80001c68 (0x8889) x 9 0x00000000
core   0: 0x80001c6a (0xedcb8267) jalr    tp, s7, -292
core   0: 3 0x80001c6a (0xedcb8267) x 4 0x80001c6e
core   0: 0x8000297a (0x00008606) c.mv    a2, ra
core   0: 3 0x8000297a (0x8606) x12 0xe52e8c24
core   0: 0x8000297c (0x0103f663) bgeu    t2, a6, pc + 12
core   0: 3 0x8000297c (0x0103f663)
core   0: 0x80002988 (0xfc438393) addi    t2, t2, -60
core   0: 3 0x80002988 (0xfc438393) x 7 0x80025e28
core   0: 0x8000298c (0x41f282b3) sub     t0, t0, t6
core   0: 3 0x8000298c (0x41f282b3) x 5 0x00000000
core   0: 0x80002990 (0x0043a223) sw      tp, 4(t2)
core   0: 3 0x80002990 (0x0043a223) mem 0x80025e2c 0x80001c6e
core   0: 0x80002994 (0x59313613) sltiu   a2, sp, 1427
core   0: 3 0x80002994 (0x59313613) x12 0x00000001
core   0: 0x80002998 (0x00008179) c.srli  a0, 30
core   0: 3 0x80002998 (0x8179) x10 0x00000000
core   0: 0x8000299a (0x00004417) auipc   s0, 0x4
core   0: 3 0x8000299a (0x00004417) x 8 0x8000699a
core   0: 0x8000299e (0x1ba40413) addi    s0, s0, 442
core   0: 3 0x8000299e (0x1ba40413) x 8 0x80006b54
core   0: 0x800029a2 (0x16a40413) addi    s0, s0, 362
core   0: 3 0x800029a2 (0x16a40413) x 8 0x80006cbe
core   0: 0x800029a6 (0x00000001) c.nop
core   0: 3 0x800029a6 (0x0001)
core   0: 0x800029a8 (0x02cc54b3) divu    s1, s8, a2
core   0: 3 0x800029a8 (0x02cc54b3) x 9 0x00000000
core   0: 0x800029ac (0x00008a79) c.andi  a2, 30
core   0: 3 0x800029ac (0x8a79) x12 0x00000000
core   0: 0x800029ae (0x007a5313) srli    t1, s4, 7
core   0: 3 0x800029ae (0x007a5313) x 6 0x01ffffff
core   0: 0x800029b2 (0x01bdd013) srli    zero, s11, 27
core   0: 3 0x800029b2 (0x01bdd013)
core   0: 0x800029b6 (0xe9640267) jalr    tp, s0, -362
core   0: 3 0x800029b6 (0xe9640267) x 4 0x800029ba
core   0: 0x80006b54 (0x00001381) c.addi  t2, -32
core   0: 3 0x80006b54 (0x1381) x 7 0x80025e08
core   0: 0x80006b56 (0x0043f933) and     s2, t2, tp
core   0: 3 0x80006b56 (0x0043f933) x18 0x80000808
core   0: 0x80006b5a (0x0043a223) sw      tp, 4(t2)
core   0: 3 0x80006b5a (0x0043a223) mem 0x80025e0c 0x800029ba
core   0: 0x80006b5e (0x40cf0eb3) sub     t4, t5, a2
core   0: 3 0x80006b5e (0x40cf0eb3) x29 0x00000000
core   0: 0x80006b62 (0x01f5ca33) xor     s4, a1, t6
core   0: 3 0x80006b62 (0x01f5ca33) x20 0x01a73103
core   0: 0x80006b66 (0x0001af97) auipc   t6, 0x1a
core   0: 3 0x80006b66 (0x0001af97) x31 0x80020b66
core   0: 0x80006b6a (0x293f8f93) addi    t6, t6, 659
core   0: 3 0x80006b6a (0x293f8f93) x31 0x80020df9
core   0: 0x80006b6e (0xeaafc883) lbu     a7, -342(t6)
core   0: 3 0x80006b6e (0xeaafc883) x17 0x00000000 mem 0x80020ca3
core   0: 0x80006b72 (0x98ef8503) lb      a0, -1650(t6)
core   0: 3 0x80006b72 (0x98ef8503) x10 0x00000000 mem 0x80020787
core   0: 0x80006b76 (0x9f0fc203) lbu     tp, -1552(t6)
core   0: 3 0x80006b76 (0x9f0fc203) x 4 0x00000000 mem 0x800207e9
core   0: 0x80006b7a (0x0000ab97) auipc   s7, 0xa
core   0: 3 0x80006b7a (0x0000ab97) x23 0x80010b7a
core   0: 0x80006b7e (0x38db8b93) addi    s7, s7, 909
core   0: 3 0x80006b7e (0x38db8b93) x23 0x80010f07
core   0: 0x80006b82 (0xaf9fcd83) lbu     s11, -1287(t6)
core   0: 3 0x80006b82 (0xaf9fcd83) x27 0x00000000 mem 0x800208f2
core   0: 0x80006b86 (0x9e3f8b03) lb      s6, -1565(t6)
core   0: 3 0x80006b86 (0x9e3f8b03) x22 0x00000000 mem 0x800207dc
core   0: 0x80006b8a (0xff2bce83) lbu     t4, -14(s7)
core   0: 3 0x80006b8a (0xff2bce83) x29 0x00000000 mem 0x80010ef9
core   0: 0x80006b8e (0xc6cf8d83) lb      s11, -916(t6)
core   0: 3 0x80006b8e (0xc6cf8d83) x27 0x00000000 mem 0x80020a65
core   0: 0x80006b92 (0x002b91a3) sh      sp, 3(s7)
core   0: 3 0x80006b92 (0x002b91a3) mem 0x80010f0a 0x0000
core   0: 0x80006b96 (0x833fdc03) lhu     s8, -1997(t6)
core   0: 3 0x80006b96 (0x833fdc03) x24 0x00000000 mem 0x8002062c
core   0: 0x80006b9a (0xb88fcc83) lbu     s9, -1144(t6)
core   0: 3 0x80006b9a (0xb88fcc83) x25 0x00000000 mem 0x80020981
core   0: 0x80006b9e (0xcb5fcd83) lbu     s11, -843(t6)
core   0: 3 0x80006b9e (0xcb5fcd83) x27 0x00000000 mem 0x80020aae
core   0: 0x80006ba2 (0x009b8883) lb      a7, 9(s7)
core   0: 3 0x80006ba2 (0x009b8883) x17 0x00000000 mem 0x80010f10
core   0: 0x80006ba6 (0xb4ef8c03) lb      s8, -1202(t6)
core   0: 3 0x80006ba6 (0xb4ef8c03) x24 0x00000000 mem 0x80020947
core   0: 0x80006baa (0x007bd303) lhu     t1, 7(s7)
core   0: 3 0x80006baa (0x007bd303) x 6 0x00000000 mem 0x80010f0e
core   0: 0x80006bae (0x016b83a3) sb      s6, 7(s7)
core   0: 3 0x80006bae (0x016b83a3) mem 0x80010f0e 0x0
core   0: 0x80006bb2 (0x0000a117) auipc   sp, 0xa
core   0: 3 0x80006bb2 (0x0000a117) x 2 0x80010bb2
core   0: 0x80006bb6 (0xfb510113) addi    sp, sp, -75
core   0: 3 0x80006bb6 (0xfb510113) x 2 0x80010b67
core   0: 0x80006bba (0x000080dd) c.srli  s1, 23
core   0: 3 0x80006bba (0x80dd) x 9 0x00000000
core   0: 0x80006bbc (0x00008f65) c.and   a4, s1
core   0: 3 0x80006bbc (0x8f65) x14 0x00000000
core   0: 0x80006bbe (0x03d63333) mulhu   t1, a2, t4
core   0: 3 0x80006bbe (0x03d63333) x 6 0x00000000
core   0: 0x80006bc2 (0x00b120a3) sw      a1, 1(sp)
core   0: 3 0x80006bc2 (0x00b120a3) mem 0x80010b68 0x01a73103
core   0: 0x80006bc6 (0x000088e6) c.mv    a7, s9
core   0: 3 0x80006bc6 (0x88e6) x17 0x00000000
core   0: 0x80006bc8 (0xff5116a3) sh      s5, -19(sp)
core   0: 3 0x80006bc8 (0xff5116a3) mem 0x80010b54 0x9ce4
core   0: 0x80006bcc (0x002ffeb3) and     t4, t6, sp
core   0: 3 0x80006bcc (0x002ffeb3) x29 0x80000961
core   0: 0x80006bd0 (0xfd711803) lh      a6, -41(sp)
core   0: 3 0x80006bd0 (0xfd711803) x16 0x00000000 mem 0x80010b3e
core   0: 0x80006bd4 (0x00000001) c.nop
core   0: 3 0x80006bd4 (0x0001)
core   0: 0x80006bd6 (0xfd214283) lbu     t0, -46(sp)
core   0: 3 0x80006bd6 (0xfd214283) x 5 0x00000000 mem 0x80010b39
core   0: 0x80006bda (0x00008ef5) c.and   a3, a3
core   0: 3 0x80006bda (0x8ef5) x13 0x00000000
core   0: 0x80006bdc (0x02d12403) lw      s0, 45(sp)
core   0: 3 0x80006bdc (0x02d12403) x 8 0x00000000 mem 0x80010b94
core   0: 0x80006be0 (0x02b15983) lhu     s3, 43(sp)
core   0: 3 0x80006be0 (0x02b15983) x19 0x00000000 mem 0x80010b92
core   0: 0x80006be4 (0xe9328193) addi    gp, t0, -365
core   0: 3 0x80006be4 (0xe9328193) x 3 0xfffffe93
core   0: 0x80006be8 (0x02214b83) lbu     s7, 34(sp)
core   0: 3 0x80006be8 (0x02214b83) x23 0x00000000 mem 0x80010b89
core   0: 0x80006bec (0xfee12aa3) sw      a4, -11(sp)
core   0: 3 0x80006bec (0xfee12aa3) mem 0x80010b5c 0x00000000
core   0: 0x80006bf0 (0x4045df33) sra     t5, a1, tp
core   0: 3 0x80006bf0 (0x4045df33) x30 0x01a73103
core   0: 0x80006bf4 (0x001107a3) sb      ra, 15(sp)
core   0: 3 0x80006bf4 (0x001107a3) mem 0x80010b76 0x24
core   0: 0x80006bf8 (0x41b85b93) srai    s7, a6, 27
core   0: 3 0x80006bf8 (0x41b85b93) x23 0x00000000
core   0: 0x80006bfc (0xff510503) lb      a0, -11(sp)
core   0: 3 0x80006bfc (0xff510503) x10 0x00000000 mem 0x80010b5c
core   0: 0x80006c00 (0x01914a03) lbu     s4, 25(sp)
core   0: 3 0x80006c00 (0x01914a03) x20 0x00000000 mem 0x80010b80
core   0: 0x80006c04 (0x00000e36) c.slli  t3, 13
core   0: 3 0x80006c04 (0x0e36) x28 0x00002000
core   0: 0x80006c06 (0x41825b93) srai    s7, tp, 24
core   0: 3 0x80006c06 (0x41825b93) x23 0x00000000
core   0: 0x80006c0a (0xffc10683) lb      a3, -4(sp)
core   0: 3 0x80006c0a (0xffc10683) x13 0x00000000 mem 0x80010b63
core   0: 0x80006c0e (0x40575313) srai    t1, a4, 5
core   0: 3 0x80006c0e (0x40575313) x 6 0x00000000
core   0: 0x80006c12 (0x1232ed93) ori     s11, t0, 291
core   0: 3 0x80006c12 (0x1232ed93) x27 0x00000123
core   0: 0x80006c16 (0xaacfed13) ori     s10, t6, -1364
core   0: 3 0x80006c16 (0xaacfed13) x26 0xfffffffd
core   0: 0x80006c1a (0x00008786) c.mv    a5, ra
core   0: 3 0x80006c1a (0x8786) x15 0xe52e8c24
core   0: 0x80006c1c (0x03614883) lbu     a7, 54(sp)
core   0: 3 0x80006c1c (0x03614883) x17 0x00000000 mem 0x80010b9d
core   0: 0x80006c20 (0x02410c03) lb      s8, 36(sp)
core   0: 3 0x80006c20 (0x02410c03) x24 0x00000000 mem 0x80010b8b
core   0: 0x80006c24 (0x1fbaf897) auipc   a7, 0x1fbaf
core   0: 3 0x80006c24 (0x1fbaf897) x17 0x9fbb5c24
core   0: 0x80006c28 (0x0009e533) or      a0, s3, zero
core   0: 3 0x80006c28 (0x0009e533) x10 0x00000000
core   0: 0x80006c2c (0x00000001) c.nop
core   0: 3 0x80006c2c (0x0001)
core   0: 0x80006c2e (0x01810e23) sb      s8, 28(sp)
core   0: 3 0x80006c2e (0x01810e23) mem 0x80010b83 0x0
core   0: 0x80006c32 (0x00314903) lbu     s2, 3(sp)
core   0: 3 0x80006c32 (0x00314903) x18 0x000000a7 mem 0x80010b6a
core   0: 0x80006c36 (0xfcb10883) lb      a7, -53(sp)
core   0: 3 0x80006c36 (0xfcb10883) x17 0x00000000 mem 0x80010b32
core   0: 0x80006c3a (0x02915e83) lhu     t4, 41(sp)
core   0: 3 0x80006c3a (0x02915e83) x29 0x00000000 mem 0x80010b90
core   0: 0x80006c3e (0x03e109a3) sb      t5, 51(sp)
core   0: 3 0x80006c3e (0x03e109a3) mem 0x80010b9a 0x3
core   0: 0x80006c42 (0x03610a03) lb      s4, 54(sp)
core   0: 3 0x80006c42 (0x03610a03) x20 0x00000000 mem 0x80010b9d
core   0: 0x80006c46 (0x00008799) c.srai  a5, 6
core   0: 3 0x80006c46 (0x8799) x15 0xff94ba30
core   0: 0x80006c48 (0x40485933) sra     s2, a6, tp
core   0: 3 0x80006c48 (0x40485933) x18 0x00000000
core   0: 0x80006c4c (0x010109a3) sb      a6, 19(sp)
core   0: 3 0x80006c4c (0x010109a3) mem 0x80010b7a 0x0
core   0: 0x80006c50 (0x00014117) auipc   sp, 0x14
core   0: 3 0x80006c50 (0x00014117) x 2 0x8001ac50
core   0: 0x80006c54 (0x05e10113) addi    sp, sp, 94
core   0: 3 0x80006c54 (0x05e10113) x 2 0x8001acae
core   0: 0x80006c58 (0xfe910423) sb      s1, -24(sp)
core   0: 3 0x80006c58 (0xfe910423) mem 0x8001ac96 0x0
core   0: 0x80006c5c (0xcbf14003) lbu     zero, -833(sp)
core   0: 3 0x80006c5c (0xcbf14003) mem 0x8001a96d
core   0: 0x80006c60 (0xca510fa3) sb      t0, -833(sp)
core   0: 3 0x80006c60 (0xca510fa3) mem 0x8001a96d 0x0
core   0: 0x80006c64 (0x40f10503) lb      a0, 1039(sp)
core   0: 3 0x80006c64 (0x40f10503) x10 0x00000000 mem 0x8001b0bd
core   0: 0x80006c68 (0x413107a3) sb      s3, 1039(sp)
core   0: 3 0x80006c68 (0x413107a3) mem 0x8001b0bd 0x0
core   0: 0x80006c6c (0x40f10783) lb      a5, 1039(sp)
core   0: 3 0x80006c6c (0x40f10783) x15 0x00000000 mem 0x8001b0bd
core   0: 0x80006c70 (0x40f14e83) lbu     t4, 1039(sp)
core   0: 3 0x80006c70 (0x40f14e83) x29 0x00000000 mem 0x8001b0bd
core   0: 0x80006c74 (0x40f10203) lb      tp, 1039(sp)
core   0: 3 0x80006c74 (0x40f10203) x 4 0x00000000 mem 0x8001b0bd
core   0: 0x80006c78 (0x40f10183) lb      gp, 1039(sp)
core   0: 3 0x80006c78 (0x40f10183) x 3 0x00000000 mem 0x8001b0bd
core   0: 0x80006c7c (0x59914703) lbu     a4, 1433(sp)
core   0: 3 0x80006c7c (0x59914703) x14 0x00000000 mem 0x8001b247
core   0: 0x80006c80 (0x59a10ca3) sb      s10, 1433(sp)
core   0: 3 0x80006c80 (0x59a10ca3) mem 0x8001b247 0xfd
core   0: 0x80006c84 (0x00000001) c.nop
core   0: 3 0x80006c84 (0x0001)
core   0: 0x80006c86 (0x59914283) lbu     t0, 1433(sp)
core   0: 3 0x80006c86 (0x59914283) x 5 0x000000fd mem 0x8001b247
core   0: 0x80006c8a (0x59910f03) lb      t5, 1433(sp)
core   0: 3 0x80006c8a (0x59910f03) x30 0xfffffffd mem 0x8001b247
core   0: 0x80006c8e (0x59910303) lb      t1, 1433(sp)
core   0: 3 0x80006c8e (0x59910303) x 6 0xfffffffd mem 0x8001b247
core   0: 0x80006c92 (0x59910403) lb      s0, 1433(sp)
core   0: 3 0x80006c92 (0x59910403) x 8 0xfffffffd mem 0x8001b247
core   0: 0x80006c96 (0x00a00293) li      t0, 10
core   0: 3 0x80006c96 (0x00a00293) x 5 0x0000000a
core   0: 0x80006c9a (0x00009276) c.add   tp, t4
core   0: 3 0x80006c9a (0x9276) x 4 0x00000000
core   0: 0x80006c9c (0x010e1833) sll     a6, t3, a6
core   0: 3 0x80006c9c (0x010e1833) x16 0x00002000
core   0: 0x80006ca0 (0x00600d93) li      s11, 6
core   0: 3 0x80006ca0 (0x00600d93) x27 0x00000006
core   0: 0x80006ca4 (0xaecda193) slti    gp, s11, -1300
core   0: 3 0x80006ca4 (0xaecda193) x 3 0x00000000
core   0: 0x80006ca8 (0x00008c8d) c.sub   s1, a1
core   0: 3 0x80006ca8 (0x8c8d) x 9 0xfe58cefd
core   0: 0x80006caa (0x000012f9) c.addi  t0, -2
core   0: 3 0x80006caa (0x12f9) x 5 0x00000008
core   0: 0x80006cac (0xff700713) li      a4, -9
core   0: 3 0x80006cac (0xff700713) x14 0xfffffff7
core   0: 0x80006cb0 (0xc5323993) sltiu   s3, tp, -941
core   0: 3 0x80006cb0 (0xc5323993) x19 0x00000001
core   0: 0x80006cb4 (0x00100693) li      a3, 1
core   0: 3 0x80006cb4 (0x00100693) x13 0x00000001
core   0: 0x80006cb8 (0x00009bfd) c.andi  a5, -1
core   0: 3 0x80006cb8 (0x9bfd) x15 0x00000000
core   0: 0x80006cba (0x000081aa) c.mv    gp, a0
core   0: 3 0x80006cba (0x81aa) x 3 0x00000000
core   0: 0x80006cbc (0x00000729) c.addi  a4, 10
core   0: 3 0x80006cbc (0x0729) x14 0x00000001
core   0: 0x80006cbe (0x6467bc93) sltiu   s9, a5, 1606
core   0: 3 0x80006cbe (0x6467bc93) x25 0x00000001
core   0: 0x80006cc2 (0xa8a3c197) auipc   gp, 0xa8a3c
core   0: 3 0x80006cc2 (0xa8a3c197) x 3 0x28a42cc2
core   0: 0x80006cc6 (0xfed76ae3) bltu    a4, a3, pc - 12
core   0: 3 0x80006cc6 (0xfed76ae3)
core   0: 0x80006cca (0x00000001) c.nop
core   0: 3 0x80006cca (0x0001)
core   0: 0x80006ccc (0x000083d1) c.srli  a5, 20
core   0: 3 0x80006ccc (0x83d1) x15 0x00000000
core   0: 0x80006cce (0x00008a6e) c.mv    s4, s11
core   0: 3 0x80006cce (0x8a6e) x20 0x00000006
core   0: 0x80006cd0 (0xfdb2fce3) bgeu    t0, s11, pc - 40
core   0: 3 0x80006cd0 (0xfdb2fce3)
core   0: 0x80006ca8 (0x00008c8d) c.sub   s1, a1
core   0: 3 0x80006ca8 (0x8c8d) x 9 0xfcb19dfa
core   0: 0x80006caa (0x000012f9) c.addi  t0, -2
core   0: 3 0x80006caa (0x12f9) x 5 0x00000006
core   0: 0x80006cac (0xff700713) li      a4, -9
core   0: 3 0x80006cac (0xff700713) x14 0xfffffff7
core   0: 0x80006cb0 (0xc5323993) sltiu   s3, tp, -941
core   0: 3 0x80006cb0 (0xc5323993) x19 0x00000001
core   0: 0x80006cb4 (0x00100693) li      a3, 1
core   0: 3 0x80006cb4 (0x00100693) x13 0x00000001
core   0: 0x80006cb8 (0x00009bfd) c.andi  a5, -1
core   0: 3 0x80006cb8 (0x9bfd) x15 0x00000000
core   0: 0x80006cba (0x000081aa) c.mv    gp, a0
core   0: 3 0x80006cba (0x81aa) x 3 0x00000000
core   0: 0x80006cbc (0x00000729) c.addi  a4, 10
core   0: 3 0x80006cbc (0x0729) x14 0x00000001
core   0: 0x80006cbe (0x6467bc93) sltiu   s9, a5, 1606
core   0: 3 0x80006cbe (0x6467bc93) x25 0x00000001
core   0: 0x80006cc2 (0xa8a3c197) auipc   gp, 0xa8a3c
core   0: 3 0x80006cc2 (0xa8a3c197) x 3 0x28a42cc2
core   0: 0x80006cc6 (0xfed76ae3) bltu    a4, a3, pc - 12
core   0: 3 0x80006cc6 (0xfed76ae3)
core   0: 0x80006cca (0x00000001) c.nop
core   0: 3 0x80006cca (0x0001)
core   0: 0x80006ccc (0x000083d1) c.srli  a5, 20
core   0: 3 0x80006ccc (0x83d1) x15 0x00000000
core   0: 0x80006cce (0x00008a6e) c.mv    s4, s11
core   0: 3 0x80006cce (0x8a6e) x20 0x00000006
core   0: 0x80006cd0 (0xfdb2fce3) bgeu    t0, s11, pc - 40
core   0: 3 0x80006cd0 (0xfdb2fce3)
core   0: 0x80006ca8 (0x00008c8d) c.sub   s1, a1
core   0: 3 0x80006ca8 (0x8c8d) x 9 0xfb0a6cf7
core   0: 0x80006caa (0x000012f9) c.addi  t0, -2
core   0: 3 0x80006caa (0x12f9) x 5 0x00000004
core   0: 0x80006cac (0xff700713) li      a4, -9
core   0: 3 0x80006cac (0xff700713) x14 0xfffffff7
core   0: 0x80006cb0 (0xc5323993) sltiu   s3, tp, -941
core   0: 3 0x80006cb0 (0xc5323993) x19 0x00000001
core   0: 0x80006cb4 (0x00100693) li      a3, 1
core   0: 3 0x80006cb4 (0x00100693) x13 0x00000001
core   0: 0x80006cb8 (0x00009bfd) c.andi  a5, -1
core   0: 3 0x80006cb8 (0x9bfd) x15 0x00000000
core   0: 0x80006cba (0x000081aa) c.mv    gp, a0
core   0: 3 0x80006cba (0x81aa) x 3 0x00000000
core   0: 0x80006cbc (0x00000729) c.addi  a4, 10
core   0: 3 0x80006cbc (0x0729) x14 0x00000001
core   0: 0x80006cbe (0x6467bc93) sltiu   s9, a5, 1606
core   0: 3 0x80006cbe (0x6467bc93) x25 0x00000001
core   0: 0x80006cc2 (0xa8a3c197) auipc   gp, 0xa8a3c
core   0: 3 0x80006cc2 (0xa8a3c197) x 3 0x28a42cc2
core   0: 0x80006cc6 (0xfed76ae3) bltu    a4, a3, pc - 12
core   0: 3 0x80006cc6 (0xfed76ae3)
core   0: 0x80006cca (0x00000001) c.nop
core   0: 3 0x80006cca (0x0001)
core   0: 0x80006ccc (0x000083d1) c.srli  a5, 20
core   0: 3 0x80006ccc (0x83d1) x15 0x00000000
core   0: 0x80006cce (0x00008a6e) c.mv    s4, s11
core   0: 3 0x80006cce (0x8a6e) x20 0x00000006
core   0: 0x80006cd0 (0xfdb2fce3) bgeu    t0, s11, pc - 40
core   0: 3 0x80006cd0 (0xfdb2fce3)
core   0: 0x80006cd4 (0x00000001) c.nop
core   0: 3 0x80006cd4 (0x0001)
core   0: 0x80006cd6 (0x0100026f) jal     tp, pc + 0x10
core   0: 3 0x80006cd6 (0x0100026f) x 4 0x80006cda
core   0: 0x80006ce6 (0xff7ff96f) jal     s2, pc - 0xa
core   0: 3 0x80006ce6 (0xff7ff96f) x18 0x80006cea
core   0: 0x80006cdc (0x0000bffd) c.j     pc - 2
core   0: 3 0x80006cdc (0xbffd)
core   0: 0x80006cda (0x0000a839) c.j     pc + 30
core   0: 3 0x80006cda (0xa839)
core   0: 0x80006cf8 (0xfe9ff0ef) jal     pc - 0x18
core   0: 3 0x80006cf8 (0xfe9ff0ef) x 1 0x80006cfc
core   0: 0x80006ce0 (0x0000a025) c.j     pc + 40
core   0: 3 0x80006ce0 (0xa025)
core   0: 0x80006d08 (0x0000b7d5) c.j     pc - 28
core   0: 3 0x80006d08 (0xb7d5)
core   0: 0x80006cec (0xfffff0ef) jal     pc - 0x2
core   0: 3 0x80006cec (0xfffff0ef) x 1 0x80006cf0
core   0: 0x80006cea (0x00002819) c.jal   pc + 22
core   0: 3 0x80006cea (0x2819) x 1 0x80006cec
core   0: 0x80006d00 (0x0000a009) c.j     pc + 2
core   0: 3 0x80006d00 (0xa009)
core   0: 0x80006d02 (0xff5ff0ef) jal     pc - 0xc
core   0: 3 0x80006d02 (0xff5ff0ef) x 1 0x80006d06
core   0: 0x80006cf6 (0x00002019) c.jal   pc + 6
core   0: 3 0x80006cf6 (0x2019) x 1 0x80006cf8
core   0: 0x80006cfc (0x00a000ef) jal     pc + 0xa
core   0: 3 0x80006cfc (0x00a000ef) x 1 0x80006d00
core   0: 0x80006d06 (0x000037ed) c.jal   pc - 22
core   0: 3 0x80006d06 (0x37ed) x 1 0x80006d08
core   0: 0x80006cf0 (0x004000ef) jal     pc + 0x4
core   0: 3 0x80006cf0 (0x004000ef) x 1 0x80006cf4
core   0: 0x80006cf4 (0x0000b7ed) c.j     pc - 22
core   0: 3 0x80006cf4 (0xb7ed)
core   0: 0x80006cde (0x00002011) c.jal   pc + 4
core   0: 3 0x80006cde (0x2011) x 1 0x80006ce0
core   0: 0x80006ce2 (0x028000ef) jal     pc + 0x28
core   0: 3 0x80006ce2 (0x028000ef) x 1 0x80006ce6
core   0: 0x80006d0a (0x23a56e93) ori     t4, a0, 570
core   0: 3 0x80006d0a (0x23a56e93) x29 0x0000023a
core   0: 0x80006d0e (0x0000a417) auipc   s0, 0xa
core   0: 3 0x80006d0e (0x0000a417) x 8 0x80010d0e
core   0: 0x80006d12 (0xc0440413) addi    s0, s0, -1020
core   0: 3 0x80006d12 (0xc0440413) x 8 0x80010912
core   0: 0x80006d16 (0x5fc40823) sb      t3, 1520(s0)
core   0: 3 0x80006d16 (0x5fc40823) mem 0x80010f02 0x0
core   0: 0x80006d1a (0x00009797) auipc   a5, 0x9
core   0: 3 0x80006d1a (0x00009797) x15 0x8000fd1a
core   0: 0x80006d1e (0x59678793) addi    a5, a5, 1430
core   0: 3 0x80006d1e (0x59678793) x15 0x800102b0
core   0: 0x80006d22 (0x56342123) sw      gp, 1378(s0)
core   0: 3 0x80006d22 (0x56342123) mem 0x80010e74 0x28a42cc2
core   0: 0x80006d26 (0x0000a697) auipc   a3, 0xa
core   0: 3 0x80006d26 (0x0000a697) x13 0x80010d26
core   0: 0x80006d2a (0xaa968693) addi    a3, a3, -1367
core   0: 3 0x80006d2a (0xaa968693) x13 0x800107cf
core   0: 0x80006d2e (0x0000a197) auipc   gp, 0xa
core   0: 3 0x80006d2e (0x0000a197) x 3 0x80010d2e
core   0: 0x80006d32 (0x2f918193) addi    gp, gp, 761
core   0: 3 0x80006d32 (0x2f918193) x 3 0x80011027
core   0: 0x80006d36 (0xfe07c803) lbu     a6, -32(a5)
core   0: 3 0x80006d36 (0xfe07c803) x16 0x00000000 mem 0x80010290
core   0: 0x80006d3a (0x0096c003) lbu     zero, 9(a3)
core   0: 3 0x80006d3a (0x0096c003) mem 0x800107d8
core   0: 0x80006d3e (0xfbe1cb83) lbu     s7, -66(gp)
core   0: 3 0x80006d3e (0xfbe1cb83) x23 0x00000000 mem 0x80010fe5
core   0: 0x80006d42 (0x0000a497) auipc   s1, 0xa
core   0: 3 0x80006d42 (0x0000a497) x 9 0x80010d42
core   0: 0x80006d46 (0xcab48493) addi    s1, s1, -853
core   0: 3 0x80006d46 (0xcab48493) x 9 0x800109ed
core   0: 0x80006d4a (0xfcb68923) sb      a1, -46(a3)
core   0: 3 0x80006d4a (0xfcb68923) mem 0x800107a1 0x3
core   0: 0x80006d4e (0x00218303) lb      t1, 2(gp)
core   0: 3 0x80006d4e (0x00218303) x 6 0x00000000 mem 0x80011029
core   0: 0x80006d52 (0x0c048b23) sb      zero, 214(s1)
core   0: 3 0x80006d52 (0x0c048b23) mem 0x80010ac3 0x0
core   0: 0x80006d56 (0x8b441e23) sh      s4, -1860(s0)
core   0: 3 0x80006d56 (0x8b441e23) mem 0x800101ce 0x0006
core   0: 0x80006d5a (0x0246ce03) lbu     t3, 36(a3)
core   0: 3 0x80006d5a (0x0246ce03) x28 0x00000000 mem 0x800107f3
core   0: 0x80006d5e (0xf6618b23) sb      t1, -138(gp)
core   0: 3 0x80006d5e (0xf6618b23) mem 0x80010f9d 0x0
core   0: 0x80006d62 (0xfdd78c83) lb      s9, -35(a5)
core   0: 3 0x80006d62 (0xfdd78c83) x25 0x00000000 mem 0x8001028d
core   0: 0x80006d66 (0x0cf49703) lh      a4, 207(s1)
core   0: 3 0x80006d66 (0x0cf49703) x14 0x00000000 mem 0x80010abc
core   0: 0x80006d6a (0x6f041423) sh      a6, 1768(s0)
core   0: 3 0x80006d6a (0x6f041423) mem 0x80010ffa 0x0000
core   0: 0x80006d6e (0xff968123) sb      s9, -30(a3)
core   0: 3 0x80006d6e (0xff968123) mem 0x800107b1 0x0
core   0: 0x80006d72 (0x01a699a3) sh      s10, 19(a3)
core   0: 3 0x80006d72 (0x01a699a3) mem 0x800107e2 0xfffd
core   0: 0x80006d76 (0xf4a18723) sb      a0, -178(gp)
core   0: 3 0x80006d76 (0xf4a18723) mem 0x80010f75 0x0
core   0: 0x80006d7a (0x0157c283) lbu     t0, 21(a5)
core   0: 3 0x80006d7a (0x0157c283) x 5 0x00000000 mem 0x800102c5
core   0: 0x80006d7e (0xff66c603) lbu     a2, -10(a3)
core   0: 3 0x80006d7e (0xff66c603) x12 0x00000000 mem 0x800107c5
core   0: 0x80006d82 (0x68f405a3) sb      a5, 1675(s0)
core   0: 3 0x80006d82 (0x68f405a3) mem 0x80010f9d 0xb0
core   0: 0x80006d86 (0x4c544883) lbu     a7, 1221(s0)
core   0: 3 0x80006d86 (0x4c544883) x17 0x00000000 mem 0x80010dd7
core   0: 0x80006d8a (0x1ee40603) lb      a2, 494(s0)
core   0: 3 0x80006d8a (0x1ee40603) x12 0x00000000 mem 0x80010b00
core   0: 0x80006d8e (0x0b74dc03) lhu     s8, 183(s1)
core   0: 3 0x80006d8e (0x0b74dc03) x24 0x00000000 mem 0x80010aa4
core   0: 0x80006d92 (0xf3518b23) sb      s5, -202(gp)
core   0: 3 0x80006d92 (0xf3518b23) mem 0x80010f5d 0xe4
core   0: 0x80006d96 (0x0167cc83) lbu     s9, 22(a5)
core   0: 3 0x80006d96 (0x0167cc83) x25 0x00000000 mem 0x800102c6
core   0: 0x80006d9a (0x4d940c23) sb      s9, 1240(s0)
core   0: 3 0x80006d9a (0x4d940c23) mem 0x80010dea 0x0
core   0: 0x80006d9e (0x08a489a3) sb      a0, 147(s1)
core   0: 3 0x80006d9e (0x08a489a3) mem 0x80010a80 0x0
core   0: 0x80006da2 (0xf8549ba3) sh      t0, -105(s1)
core   0: 3 0x80006da2 (0xf8549ba3) mem 0x80010984 0x0000
core   0: 0x80006da6 (0x2d045803) lhu     a6, 720(s0)
core   0: 3 0x80006da6 (0x2d045803) x16 0x00000000 mem 0x80010be2
core   0: 0x80006daa (0xfe218d23) sb      sp, -6(gp)
core   0: 3 0x80006daa (0xfe218d23) mem 0x80011021 0xae
core   0: 0x80006dae (0x03e6a8a3) sw      t5, 49(a3)
core   0: 3 0x80006dae (0x03e6a8a3) mem 0x80010800 0xfffffffd
core   0: 0x80006db2 (0xfd81ce83) lbu     t4, -40(gp)
core   0: 3 0x80006db2 (0xfd81ce83) x29 0x00000000 mem 0x80010fff
core   0: 0x80006db6 (0x02d78f03) lb      t5, 45(a5)
core   0: 3 0x80006db6 (0x02d78f03) x30 0x00000000 mem 0x800102dd
core   0: 0x80006dba (0xf1e1ce03) lbu     t3, -226(gp)
core   0: 3 0x80006dba (0xf1e1ce03) x28 0x00000000 mem 0x80010f45
core   0: 0x80006dbe (0xf0348883) lb      a7, -253(s1)
core   0: 3 0x80006dbe (0xf0348883) x17 0x00000000 mem 0x800108f0
core   0: 0x80006dc2 (0x03c79b23) sh      t3, 54(a5)
core   0: 3 0x80006dc2 (0x03c79b23) mem 0x800102e6 0x0000
core   0: 0x80006dc6 (0xfd468e83) lb      t4, -44(a3)
core   0: 3 0x80006dc6 (0xfd468e83) x29 0x00000000 mem 0x800107a3
core   0: 0x80006dca (0xf6f18b23) sb      a5, -138(gp)
core   0: 3 0x80006dca (0xf6f18b23) mem 0x80010f9d 0xb0
core   0: 0x80006dce (0x0c949b03) lh      s6, 201(s1)
core   0: 3 0x80006dce (0x0c949b03) x22 0x00000461 mem 0x80010ab6
core   0: 0x80006dd2 (0x0097cc83) lbu     s9, 9(a5)
core   0: 3 0x80006dd2 (0x0097cc83) x25 0x00000000 mem 0x800102b9
core   0: 0x80006dd6 (0x12441c03) lh      s8, 292(s0)
core   0: 3 0x80006dd6 (0x12441c03) x24 0x00000000 mem 0x80010a36
core   0: 0x80006dda (0x000006fd) c.addi  a3, 31
core   0: 3 0x80006dda (0x06fd) x13 0x800107ee
core   0: 0x80006ddc (0x00000001) c.nop
core   0: 3 0x80006ddc (0x0001)
core   0: 0x80006dde (0xb3f6e213) ori     tp, a3, -1217
core   0: 3 0x80006dde (0xb3f6e213) x 4 0xffffffff
core   0: 0x80006de2 (0x00008c5d) c.or    s0, a5
core   0: 3 0x80006de2 (0x8c5d) x 8 0x80010bb2
core   0: 0x80006de4 (0x024eed63) bltu    t4, tp, pc + 58
core   0: 3 0x80006de4 (0x024eed63)
core   0: 0x80006e1e (0x0000092d) c.addi  s2, 11
core   0: 3 0x80006e1e (0x092d) x18 0x80006cf5
core   0: 0x80006e20 (0x00008835) c.andi  s0, 13
core   0: 3 0x80006e20 (0x8835) x 8 0x00000000
core   0: 0x80006e22 (0x40c58cb3) sub     s9, a1, a2
core   0: 3 0x80006e22 (0x40c58cb3) x25 0x01a73103
core   0: 0x80006e26 (0x0195bdb3) sltu    s11, a1, s9
core   0: 3 0x80006e26 (0x0195bdb3) x27 0x00000000
core   0: 0x80006e2a (0x02cd4c33) div     s8, s10, a2
core   0: 3 0x80006e2a (0x02cd4c33) x24 0xffffffff
core   0: 0x80006e2e (0x0000614d) c.addi16sp sp, 176
core   0: 3 0x80006e2e (0x614d) x 2 0x8001ad5e
core   0: 0x80006e30 (0x34eac513) xori    a0, s5, 846
core   0: 3 0x80006e30 (0x34eac513) x10 0x80029faa
core   0: 0x80006e34 (0x0000ec19) c.bnez  s0, pc + 30
core   0: 3 0x80006e34 (0xec19)
core   0: 0x80006e36 (0x02c35433) divu    s0, t1, a2
core   0: 3 0x80006e36 (0x02c35433) x 8 0xffffffff
core   0: 0x80006e3a (0x00008cdd) c.or    s1, a5
core   0: 3 0x80006e3a (0x8cdd) x 9 0x80010bfd
core   0: 0x80006e3c (0x0000100f) fence.i
core   0: 3 0x80006e3c (0x0000100f)
core   0: 0x80006e40 (0x01f039b3) snez    s3, t6
core   0: 3 0x80006e40 (0x01f039b3) x19 0x00000001
core   0: 0x80006e44 (0x00008229) c.srli  a2, 10
core   0: 3 0x80006e44 (0x8229) x12 0x00000000
core   0: 0x80006e46 (0x02fc99b3) mulh    s3, s9, a5
core   0: 3 0x80006e46 (0x02fc99b3) x19 0xff2c692a
core   0: 0x80006e4a (0x00da9e63) bne     s5, a3, pc + 28
core   0: 3 0x80006e4a (0x00da9e63)
core   0: 0x80006e66 (0x00da1333) sll     t1, s4, a3
core   0: 3 0x80006e66 (0x00da1333) x 6 0x00018000
core   0: 0x80006e6a (0x0000100f) fence.i
core   0: 3 0x80006e6a (0x0000100f)
core   0: 0x80006e6e (0x02f06a63) bltu    zero, a5, pc + 52
core   0: 3 0x80006e6e (0x02f06a63)
core   0: 0x80006ea2 (0x00008ae9) c.andi  a3, 26
core   0: 3 0x80006ea2 (0x8ae9) x13 0x0000000a
core   0: 0x80006ea4 (0x00008c3d) c.xor   s0, a5
core   0: 3 0x80006ea4 (0x8c3d) x 8 0x7ffefd4f
core   0: 0x80006ea6 (0x0000833d) c.srli  a4, 15
core   0: 3 0x80006ea6 (0x833d) x14 0x00000000
core   0: 0x80006ea8 (0x00008e9d) c.sub   a3, a5
core   0: 3 0x80006ea8 (0x8e9d) x13 0x7ffefd5a
core   0: 0x80006eaa (0x00008ff9) c.and   a5, a4
core   0: 3 0x80006eaa (0x8ff9) x15 0x00000000
core   0: 0x80006eac (0x00009a62) c.add   s4, s8
core   0: 3 0x80006eac (0x9a62) x20 0x00000005
core   0: 0x80006eae (0x03e21033) mulh    zero, tp, t5
core   0: 3 0x80006eae (0x03e21033)
core   0: 0x80006eb2 (0x41325513) srai    a0, tp, 19
core   0: 3 0x80006eb2 (0x41325513) x10 0xffffffff
core   0: 0x80006eb6 (0x00000001) c.nop
core   0: 3 0x80006eb6 (0x0001)
core   0: 0x80006eb8 (0x039d6bb3) rem     s7, s10, s9
core   0: 3 0x80006eb8 (0x039d6bb3) x23 0xfffffffd
core   0: 0x80006ebc (0x001f8263) beq     t6, ra, pc + 4
core   0: 3 0x80006ebc (0x001f8263)
core   0: 0x80006ec0 (0x000080d1) c.srli  s1, 20
core   0: 3 0x80006ec0 (0x80d1) x 9 0x00000800
core   0: 0x80006ec2 (0x02e3a333) mulhsu  t1, t2, a4
core   0: 3 0x80006ec2 (0x02e3a333) x 6 0x00000000
core   0: 0x80006ec6 (0x000002ca) c.slli  t0, 18
core   0: 3 0x80006ec6 (0x02ca) x 5 0x00000000
core   0: 0x80006ec8 (0x0358d063) bge     a7, s5, pc + 32
core   0: 3 0x80006ec8 (0x0358d063)
core   0: 0x80006ee8 (0x00b2f1b3) and     gp, t0, a1
core   0: 3 0x80006ee8 (0x00b2f1b3) x 3 0x00000000
core   0: 0x80006eec (0x00008792) c.mv    a5, tp
core   0: 3 0x80006eec (0x8792) x15 0xffffffff
core   0: 0x80006eee (0x00000704) c.addi4spn s1, sp, 896
core   0: 3 0x80006eee (0x0704) x 9 0x8001b0de
core   0: 0x80006ef0 (0x41f50733) sub     a4, a0, t6
core   0: 3 0x80006ef0 (0x41f50733) x14 0x7ffdf206
core   0: 0x80006ef4 (0x0000ca91) c.beqz  a3, pc + 20
core   0: 3 0x80006ef4 (0xca91)
core   0: 0x80006ef6 (0x02cb5a63) bge     s6, a2, pc + 52
core   0: 3 0x80006ef6 (0x02cb5a63)
core   0: 0x80006f2a (0x0350a633) mulhsu  a2, ra, s5
core   0: 3 0x80006f2a (0x0350a633) x12 0xbffee802
core   0: 0x80006f2e (0x00008e39) c.xor   a2, a4
core   0: 3 0x80006f2e (0x8e39) x12 0xc0031a04
core   0: 0x80006f30 (0x41e75b93) srai    s7, a4, 30
core   0: 3 0x80006f30 (0x41e75b93) x23 0x00000001
core   0: 0x80006f34 (0x016dc663) blt     s11, s6, pc + 12
core   0: 3 0x80006f34 (0x016dc663)
core   0: 0x80006f40 (0xd8812713) slti    a4, sp, -632
core   0: 3 0x80006f40 (0xd8812713) x14 0x00000001
core   0: 0x80006f44 (0x00008eed) c.and   a3, a1
core   0: 3 0x80006f44 (0x8eed) x13 0x01a63102
core   0: 0x80006f46 (0x00000a88) c.addi4spn a0, sp, 336
core   0: 3 0x80006f46 (0x0a88) x10 0x8001aeae
core   0: 0x80006f48 (0x030bc833) div     a6, s7, a6
core   0: 3 0x80006f48 (0x030bc833) x16 0xffffffff
core   0: 0x80006f4c (0x00009b97) auipc   s7, 0x9
core   0: 3 0x80006f4c (0x00009b97) x23 0x8000ff4c
core   0: 0x80006f50 (0x2fcb8b93) addi    s7, s7, 764
core   0: 3 0x80006f50 (0x2fcb8b93) x23 0x80010248
core   0: 0x80006f54 (0x00bbc483) lbu     s1, 11(s7)
core   0: 3 0x80006f54 (0x00bbc483) x 9 0x00000000 mem 0x80010253
core   0: 0x80006f58 (0x028647b3) div     a5, a2, s0
core   0: 3 0x80006f58 (0x028647b3) x15 0x00000000
core   0: 0x80006f5c (0x01cb9d03) lh      s10, 28(s7)
core   0: 3 0x80006f5c (0x01cb9d03) x26 0x00000000 mem 0x80010264
core   0: 0x80006f60 (0xffcb8783) lb      a5, -4(s7)
core   0: 3 0x80006f60 (0xffcb8783) x15 0x00000000 mem 0x80010244
core   0: 0x80006f64 (0xff0bad03) lw      s10, -16(s7)
core   0: 3 0x80006f64 (0xff0bad03) x26 0x00000000 mem 0x80010238
core   0: 0x80006f68 (0x01ab8f23) sb      s10, 30(s7)
core   0: 3 0x80006f68 (0x01ab8f23) mem 0x80010266 0x0
core   0: 0x80006f6c (0x00cb82a3) sb      a2, 5(s7)
core   0: 3 0x80006f6c (0x00cb82a3) mem 0x8001024d 0x4
core   0: 0x80006f70 (0xff5bc403) lbu     s0, -11(s7)
core   0: 3 0x80006f70 (0xff5bc403) x 8 0x00000000 mem 0x8001023d
core   0: 0x80006f74 (0x02cba423) sw      a2, 40(s7)
core   0: 3 0x80006f74 (0x02cba423) mem 0x80010270 0xc0031a04
core   0: 0x80006f78 (0x036b8483) lb      s1, 54(s7)
core   0: 3 0x80006f78 (0x036b8483) x 9 0x00000000 mem 0x8001027e
core   0: 0x80006f7c (0x029664b3) rem     s1, a2, s1
core   0: 3 0x80006f7c (0x029664b3) x 9 0xc0031a04
core   0: 0x80006f80 (0xfdab83a3) sb      s10, -57(s7)
core   0: 3 0x80006f80 (0xfdab83a3) mem 0x8001020f 0x0
core   0: 0x80006f84 (0xfccb8fa3) sb      a2, -33(s7)
core   0: 3 0x80006f84 (0xfccb8fa3) mem 0x80010227 0x4
core   0: 0x80006f88 (0x409d54b3) sra     s1, s10, s1
core   0: 3 0x80006f88 (0x409d54b3) x 9 0x00000000
core   0: 0x80006f8c (0x0f692617) auipc   a2, 0xf692
core   0: 3 0x80006f8c (0x0f692617) x12 0x8f698f8c
core   0: 0x80006f90 (0x4174dd13) srai    s10, s1, 23
core   0: 3 0x80006f90 (0x4174dd13) x26 0x00000000
core   0: 0x80006f94 (0x02860733) mul     a4, a2, s0
core   0: 3 0x80006f94 (0x02860733) x14 0x00000000
core   0: 0x80006f98 (0x008d3d33) sltu    s10, s10, s0
core   0: 3 0x80006f98 (0x008d3d33) x26 0x00000000
core   0: 0x80006f9c (0xfefb84a3) sb      a5, -23(s7)
core   0: 3 0x80006f9c (0xfefb84a3) mem 0x80010231 0x0
core   0: 0x80006fa0 (0x01a4e633) or      a2, s1, s10
core   0: 3 0x80006fa0 (0x01a4e633) x12 0x00000000
core   0: 0x80006fa4 (0x02ab8d03) lb      s10, 42(s7)
core   0: 3 0x80006fa4 (0x02ab8d03) x26 0x00000003 mem 0x80010272
core   0: 0x80006fa8 (0x00ebd603) lhu     a2, 14(s7)
core   0: 3 0x80006fa8 (0x00ebd603) x12 0x00000000 mem 0x80010256
core   0: 0x80006fac (0x019bc603) lbu     a2, 25(s7)
core   0: 3 0x80006fac (0x019bc603) x12 0x00000000 mem 0x80010261
core   0: 0x80006fb0 (0x01a7dd33) srl     s10, a5, s10
core   0: 3 0x80006fb0 (0x01a7dd33) x26 0x00000000
core   0: 0x80006fb4 (0xfc9bc703) lbu     a4, -55(s7)
core   0: 3 0x80006fb4 (0xfc9bc703) x14 0x00000000 mem 0x80010211
core   0: 0x80006fb8 (0x05f67493) andi    s1, a2, 95
core   0: 3 0x80006fb8 (0x05f67493) x 9 0x00000000
core   0: 0x80006fbc (0xfcbbc483) lbu     s1, -53(s7)
core   0: 3 0x80006fbc (0xfcbbc483) x 9 0x00000000 mem 0x80010213
core   0: 0x80006fc0 (0xffabc403) lbu     s0, -6(s7)
core   0: 3 0x80006fc0 (0xffabc403) x 8 0x00000000 mem 0x80010242
core   0: 0x80006fc4 (0xfeeb9c23) sh      a4, -8(s7)
core   0: 3 0x80006fc4 (0xfeeb9c23) mem 0x80010240 0x0000
core   0: 0x80006fc8 (0x006d5413) srli    s0, s10, 6
core   0: 3 0x80006fc8 (0x006d5413) x 8 0x00000000
core   0: 0x80006fcc (0x019b8483) lb      s1, 25(s7)
core   0: 3 0x80006fcc (0x019b8483) x 9 0x00000000 mem 0x80010261
core   0: 0x80006fd0 (0xfe6bdd03) lhu     s10, -26(s7)
core   0: 3 0x80006fd0 (0xfe6bdd03) x26 0x00000000 mem 0x8001022e
core   0: 0x80006fd4 (0x01db8703) lb      a4, 29(s7)
core   0: 3 0x80006fd4 (0x01db8703) x14 0x00000000 mem 0x80010265
core   0: 0x80006fd8 (0x00ed5d33) srl     s10, s10, a4
core   0: 3 0x80006fd8 (0x00ed5d33) x26 0x00000000
core   0: 0x80006fdc (0x0000100f) fence.i
core   0: 3 0x80006fdc (0x0000100f)
core   0: 0x80006fe0 (0x028bd403) lhu     s0, 40(s7)
core   0: 3 0x80006fe0 (0x028bd403) x 8 0x00001a04 mem 0x80010270
core   0: 0x80006fe4 (0x0000876a) c.mv    a4, s10
core   0: 3 0x80006fe4 (0x876a) x14 0x00000000
core   0: 0x80006fe6 (0x7893e437) lui     s0, 0x7893e
core   0: 3 0x80006fe6 (0x7893e437) x 8 0x7893e000
core   0: 0x80006fea (0x00006d5d) c.lui   s10, 0x17
core   0: 3 0x80006fea (0x6d5d) x26 0x00017000
core   0: 0x80006fec (0x00dbc603) lbu     a2, 13(s7)
core   0: 3 0x80006fec (0x00dbc603) x12 0x00000000 mem 0x80010255
core   0: 0x80006ff0 (0x033b8d03) lb      s10, 51(s7)
core   0: 3 0x80006ff0 (0x033b8d03) x26 0x00000000 mem 0x8001027b
core   0: 0x80006ff4 (0x62f7c713) xori    a4, a5, 1583
core   0: 3 0x80006ff4 (0x62f7c713) x14 0x0000062f
core   0: 0x80006ff8 (0x033b8603) lb      a2, 51(s7)
core   0: 3 0x80006ff8 (0x033b8603) x12 0x00000000 mem 0x8001027b
core   0: 0x80006ffc (0x7ebf8b93) addi    s7, t6, 2027
core   0: 3 0x80006ffc (0x7ebf8b93) x23 0x800215e4
core   0: 0x80007000 (0x927c2fb7) lui     t6, 0x927c2
core   0: 3 0x80007000 (0x927c2fb7) x31 0x927c2000
core   0: 0x80007004 (0x03520e33) mul     t3, tp, s5
core   0: 3 0x80007004 (0x03520e33) x28 0x7ffd631c
core   0: 0x80007008 (0x00009f4a) c.add   t5, s2
core   0: 3 0x80007008 (0x9f4a) x30 0x80006cf5
core   0: 0x8000700a (0x68138193) addi    gp, t2, 1665
core   0: 3 0x8000700a (0x68138193) x 3 0x80026489
core   0: 0x8000700e (0x032d3633) mulhu   a2, s10, s2
core   0: 3 0x8000700e (0x032d3633) x12 0x00000000
core   0: 0x80007012 (0x41dbdc93) srai    s9, s7, 29
core   0: 3 0x80007012 (0x41dbdc93) x25 0xfffffffc
core   0: 0x80007016 (0x00000001) c.nop
core   0: 3 0x80007016 (0x0001)
core   0: 0x80007018 (0x00008cb1) c.xor   s1, a2
core   0: 3 0x80007018 (0x8cb1) x 9 0x00000000
core   0: 0x8000701a (0x9a6bb237) lui     tp, 0x9a6bb
core   0: 3 0x8000701a (0x9a6bb237) x 4 0x9a6bb000
core   0: 0x8000701e (0xb7fb3e93) sltiu   t4, s6, -1153
core   0: 3 0x8000701e (0xb7fb3e93) x29 0x00000001
core   0: 0x80007022 (0x0179d093) srli    ra, s3, 23
core   0: 3 0x80007022 (0x0179d093) x 1 0x000001fe
core   0: 0x80007026 (0x03ef17b3) mulh    a5, t5, t5
core   0: 3 0x80007026 (0x03ef17b3) x15 0x3fff930b
core   0: 0x8000702a (0x03ffcbb3) div     s7, t6, t6
core   0: 3 0x8000702a (0x03ffcbb3) x23 0x00000001
core   0: 0x8000702e (0x6b36b113) sltiu   sp, a3, 1715
core   0: 3 0x8000702e (0x6b36b113) x 2 0x00000000
core   0: 0x80007032 (0x00009ece) c.add   t4, s3
core   0: 3 0x80007032 (0x9ece) x29 0xff2c692b
core   0: 0x80007034 (0x01f3bbb3) sltu    s7, t2, t6
core   0: 3 0x80007034 (0x01f3bbb3) x23 0x00000001
core   0: 0x80007038 (0x01a379b3) and     s3, t1, s10
core   0: 3 0x80007038 (0x01a379b3) x19 0x00000000
core   0: 0x8000703c (0x027b7fb3) remu    t6, s6, t2
core   0: 3 0x8000703c (0x027b7fb3) x31 0x00000461
core   0: 0x80007040 (0x024ca1b3) mulhsu  gp, s9, tp
core   0: 3 0x80007040 (0x024ca1b3) x 3 0xfffffffd
core   0: 0x80007044 (0x0000987d) c.andi  s0, -1
core   0: 3 0x80007044 (0x987d) x 8 0x7893e000
core   0: 0x80007046 (0x01209663) bne     ra, s2, pc + 12
core   0: 3 0x80007046 (0x01209663)
core   0: 0x80007052 (0x018febb3) or      s7, t6, s8
core   0: 3 0x80007052 (0x018febb3) x23 0xffffffff
core   0: 0x80007056 (0x83014d13) xori    s10, sp, -2000
core   0: 3 0x80007056 (0x83014d13) x26 0xfffff830
core   0: 0x8000705a (0x41f309b3) sub     s3, t1, t6
core   0: 3 0x8000705a (0x41f309b3) x19 0xfffffb9f
core   0: 0x8000705e (0x018a22b3) slt     t0, s4, s8
core   0: 3 0x8000705e (0x018a22b3) x 5 0x00000000
core   0: 0x80007062 (0x0000c915) c.beqz  a0, pc + 52
core   0: 3 0x80007062 (0xc915)
core   0: 0x80007064 (0xd5c02e13) slti    t3, zero, -676
core   0: 3 0x80007064 (0xd5c02e13) x28 0x00000000
core   0: 0x80007068 (0x4a5d5b97) auipc   s7, 0x4a5d5
core   0: 3 0x80007068 (0x4a5d5b97) x23 0xca5dc068
core   0: 0x8000706c (0x00395893) srli    a7, s2, 3
core   0: 3 0x8000706c (0x00395893) x17 0x10000d9e
core   0: 0x80007070 (0x031b1033) mulh    zero, s6, a7
core   0: 3 0x80007070 (0x031b1033)
core   0: 0x80007074 (0x0000086d) c.addi  a6, 27
core   0: 3 0x80007074 (0x086d) x16 0x0000001a
core   0: 0x80007076 (0x24173a13) sltiu   s4, a4, 577
core   0: 3 0x80007076 (0x24173a13) x20 0x00000000
core   0: 0x8000707a (0x0360c963) blt     ra, s6, pc + 50
core   0: 3 0x8000707a (0x0360c963)
core   0: 0x800070ac (0x0000024a) c.slli  tp, 18
core   0: 3 0x800070ac (0x024a) x 4 0xc0000000
core   0: 0x800070ae (0xbeb98993) addi    s3, s3, -1045
core   0: 3 0x800070ae (0xbeb98993) x19 0xfffff78a
core   0: 0x800070b2 (0x02534f33) div     t5, t1, t0
core   0: 3 0x800070b2 (0x02534f33) x30 0xffffffff
core   0: 0x800070b6 (0x00008d31) c.xor   a0, a2
core   0: 3 0x800070b6 (0x8d31) x10 0x8001aeae
core   0: 0x800070b8 (0x02450c63) beq     a0, tp, pc + 56
core   0: 3 0x800070b8 (0x02450c63)
core   0: 0x800070bc (0x0000826a) c.mv    tp, s10
core   0: 3 0x800070bc (0x826a) x 4 0xfffff830
core   0: 0x800070be (0x741ab193) sltiu   gp, s5, 1857
core   0: 3 0x800070be (0x741ab193) x 3 0x00000000
core   0: 0x800070c2 (0x00cdf763) bgeu    s11, a2, pc + 14
core   0: 3 0x800070c2 (0x00cdf763)
core   0: 0x800070d0 (0x03327463) bgeu    tp, s3, pc + 40
core   0: 3 0x800070d0 (0x03327463)
core   0: 0x800070f8 (0x00006151) c.addi16sp sp, 272
core   0: 3 0x800070f8 (0x6151) x 2 0x00000110
core   0: 0x800070fa (0x5d9cb793) sltiu   a5, s9, 1497
core   0: 3 0x800070fa (0x5d9cb793) x15 0x00000000
core   0: 0x800070fe (0x00394f33) xor     t5, s2, gp
core   0: 3 0x800070fe (0x00394f33) x30 0x80006cf5
core   0: 0x80007102 (0x00000001) c.nop
core   0: 3 0x80007102 (0x0001)
core   0: 0x80007104 (0x02755c63) bge     a0, t2, pc + 56
core   0: 3 0x80007104 (0x02755c63)
core   0: 0x80007108 (0x0000987d) c.andi  s0, -1
core   0: 3 0x80007108 (0x987d) x 8 0x7893e000
core   0: 0x8000710a (0x00000001) c.nop
core   0: 3 0x8000710a (0x0001)
core   0: 0x8000710c (0x0175ec33) or      s8, a1, s7
core   0: 3 0x8000710c (0x0175ec33) x24 0xcbfff16b
core   0: 0x80007110 (0x00000001) c.nop
core   0: 3 0x80007110 (0x0001)
core   0: 0x80007112 (0x0000864d) c.srai  a2, 19
core   0: 3 0x80007112 (0x864d) x12 0x00000000
core   0: 0x80007114 (0x00009b7d) c.andi  a4, -1
core   0: 3 0x80007114 (0x9b7d) x14 0x0000062f
core   0: 0x80007116 (0x01d20c63) beq     tp, t4, pc + 24
core   0: 3 0x80007116 (0x01d20c63)
core   0: 0x8000711a (0xf815ba13) sltiu   s4, a1, -127
core   0: 3 0x8000711a (0xf815ba13) x20 0x00000001
core   0: 0x8000711e (0x0000963e) c.add   a2, a5
core   0: 3 0x8000711e (0x963e) x12 0x00000000
core   0: 0x80007120 (0x00000719) c.addi  a4, 6
core   0: 3 0x80007120 (0x0719) x14 0x00000635
core   0: 0x80007122 (0x00336733) or      a4, t1, gp
core   0: 3 0x80007122 (0x00336733) x14 0x00000000
core   0: 0x80007126 (0x03704b33) div     s6, zero, s7
core   0: 3 0x80007126 (0x03704b33) x22 0x00000000
core   0: 0x8000712a (0x0000100f) fence.i
core   0: 3 0x8000712a (0x0000100f)
core   0: 0x8000712e (0x00008cea) c.mv    s9, s10
core   0: 3 0x8000712e (0x8cea) x25 0xfffff830
core   0: 0x80007130 (0x00d90c63) beq     s2, a3, pc + 24
core   0: 3 0x80007130 (0x00d90c63)
core   0: 0x80007134 (0x00008d2d) c.xor   a0, a1
core   0: 3 0x80007134 (0x8d2d) x10 0x81a69fad
core   0: 0x80007136 (0x6c39b213) sltiu   tp, s3, 1731
core   0: 3 0x80007136 (0x6c39b213) x 4 0x00000000
core   0: 0x8000713a (0x0000425d) c.li    tp, 23
core   0: 3 0x8000713a (0x425d) x 4 0x00000017
core   0: 0x8000713c (0x033b9d63) bne     s7, s3, pc + 58
core   0: 3 0x8000713c (0x033b9d63)
core   0: 0x80007176 (0x0000982e) c.add   a6, a1
core   0: 3 0x80007176 (0x982e) x16 0x01a7311d
core   0: 0x80007178 (0x407107b3) sub     a5, sp, t2
core   0: 3 0x80007178 (0x407107b3) x15 0x7ffda308
core   0: 0x8000717c (0x0013ec33) or      s8, t2, ra
core   0: 3 0x8000717c (0x0013ec33) x24 0x80025ffe
core   0: 0x80007180 (0x01acdf63) bge     s9, s10, pc + 30
core   0: 3 0x80007180 (0x01acdf63)
core   0: 0x8000719e (0x02a627b3) mulhsu  a5, a2, a0
core   0: 3 0x8000719e (0x02a627b3) x15 0x00000000
core   0: 0x800071a2 (0x004564b3) or      s1, a0, tp
core   0: 3 0x800071a2 (0x004564b3) x 9 0x81a69fbf
core   0: 0x800071a6 (0x00008261) c.srli  a2, 24
core   0: 3 0x800071a6 (0x8261) x12 0x00000000
core   0: 0x800071a8 (0x0000090d) c.addi  s2, 3
core   0: 3 0x800071a8 (0x090d) x18 0x80006cf8
core   0: 0x800071aa (0x03913fb3) mulhu   t6, sp, s9
core   0: 3 0x800071aa (0x03913fb3) x31 0x0000010f
core   0: 0x800071ae (0x03314a63) blt     sp, s3, pc + 52
core   0: 3 0x800071ae (0x03314a63)
core   0: 0x800071b2 (0x0256f4b3) remu    s1, a3, t0
core   0: 3 0x800071b2 (0x0256f4b3) x 9 0x01a63102
core   0: 0x800071b6 (0x0000100f) fence.i
core   0: 3 0x800071b6 (0x0000100f)
core   0: 0x800071ba (0x00008ead) c.xor   a3, a1
core   0: 3 0x800071ba (0x8ead) x13 0x00010001
core   0: 0x800071bc (0x014d5793) srli    a5, s10, 20
core   0: 3 0x800071bc (0x014d5793) x15 0x00000fff
core   0: 0x800071c0 (0x039aa233) mulhsu  tp, s5, s9
core   0: 3 0x800071c0 (0x039aa233) x 4 0x8002a0cb
core   0: 0x800071c4 (0x038be833) rem     a6, s7, s8
core   0: 3 0x800071c4 (0x038be833) x16 0xca5dc068
core   0: 0x800071c8 (0x000360b3) or      ra, t1, zero
core   0: 3 0x800071c8 (0x000360b3) x 1 0x00000000
core   0: 0x800071cc (0x01f8b833) sltu    a6, a7, t6
core   0: 3 0x800071cc (0x01f8b833) x16 0x00000000
core   0: 0x800071d0 (0x41980333) sub     t1, a6, s9
core   0: 3 0x800071d0 (0x41980333) x 6 0x000007d0
core   0: 0x800071d4 (0x00000184) c.addi4spn s1, sp, 192
core   0: 3 0x800071d4 (0x0184) x 9 0x000001d0
core   0: 0x800071d6 (0x00008f75) c.and   a4, a3
core   0: 3 0x800071d6 (0x8f75) x14 0x00000000
core   0: 0x800071d8 (0x02be2633) mulhsu  a2, t3, a1
core   0: 3 0x800071d8 (0x02be2633) x12 0x00000000
core   0: 0x800071dc (0x03c2f663) bgeu    t0, t3, pc + 44
core   0: 3 0x800071dc (0x03c2f663)
core   0: 0x80007208 (0x00408363) beq     ra, tp, pc + 6
core   0: 3 0x80007208 (0x00408363)
core   0: 0x8000720c (0x00008e39) c.xor   a2, a4
core   0: 3 0x8000720c (0x8e39) x12 0x00000000
core   0: 0x8000720e (0x00bdce33) xor     t3, s11, a1
core   0: 3 0x8000720e (0x00bdce33) x28 0x01a73103
core   0: 0x80007212 (0x011576b3) and     a3, a0, a7
core   0: 3 0x80007212 (0x011576b3) x13 0x00000d8c
core   0: 0x80007216 (0x01149913) slli    s2, s1, 17
core   0: 3 0x80007216 (0x01149913) x18 0x03a00000
core   0: 0x8000721a (0x40578133) sub     sp, a5, t0
core   0: 3 0x8000721a (0x40578133) x 2 0x00000fff
core   0: 0x8000721e (0x40ba82b3) sub     t0, s5, a1
core   0: 3 0x8000721e (0x40ba82b3) x 5 0x7e5b6be1
core   0: 0x80007222 (0x032f5fb3) divu    t6, t5, s2
core   0: 3 0x80007222 (0x032f5fb3) x31 0x00000023
core   0: 0x80007226 (0x5e8bc993) xori    s3, s7, 1512
core   0: 3 0x80007226 (0x5e8bc993) x19 0xca5dc580
core   0: 0x8000722a (0x000018fd) c.addi  a7, -1
core   0: 3 0x8000722a (0x18fd) x17 0x10000d9d
core   0: 0x8000722c (0x00008fdd) c.or    a5, a5
core   0: 3 0x8000722c (0x8fdd) x15 0x00000fff
core   0: 0x8000722e (0x00006339) c.lui   t1, 0xe
core   0: 3 0x8000722e (0x6339) x 6 0x0000e000
core   0: 0x80007230 (0x00000001) c.nop
core   0: 3 0x80007230 (0x0001)
core   0: 0x80007232 (0x000087d5) c.srai  a5, 21
core   0: 3 0x80007232 (0x87d5) x15 0x00000000
core   0: 0x80007234 (0x00917663) bgeu    sp, s1, pc + 12
core   0: 3 0x80007234 (0x00917663)
core   0: 0x80007240 (0xad11fd13) andi    s10, gp, -1327
core   0: 3 0x80007240 (0xad11fd13) x26 0x00000000
core   0: 0x80007244 (0x41f3dc33) sra     s8, t2, t6
core   0: 3 0x80007244 (0x41f3dc33) x24 0xf0004bc1
core   0: 0x80007248 (0x03f76fb3) rem     t6, a4, t6
core   0: 3 0x80007248 (0x03f76fb3) x31 0x00000000
core   0: 0x8000724c (0x288f6613) ori     a2, t5, 648
core   0: 3 0x8000724c (0x288f6613) x12 0x80006efd
core   0: 0x80007250 (0x00008145) c.srli  a0, 17
core   0: 3 0x80007250 (0x8145) x10 0x000040d3
core   0: 0x80007252 (0xa109a493) slti    s1, s3, -1520
core   0: 3 0x80007252 (0xa109a493) x 9 0x00000001
core   0: 0x80007256 (0x00008c55) c.or    s0, a3
core   0: 3 0x80007256 (0x8c55) x 8 0x7893ed8c
core   0: 0x80007258 (0x016b6263) bltu    s6, s6, pc + 4
core   0: 3 0x80007258 (0x016b6263)
core   0: 0x8000725c (0x030c2b93) slti    s7, s8, 48
core   0: 3 0x8000725c (0x030c2b93) x23 0x00000001
core   0: 0x80007260 (0x03a287b3) mul     a5, t0, s10
core   0: 3 0x80007260 (0x03a287b3) x15 0x00000000
core   0: 0x80007264 (0x0094c2b3) xor     t0, s1, s1
core   0: 3 0x80007264 (0x0094c2b3) x 5 0x00000000
core   0: 0x80007268 (0x981f6b93) ori     s7, t5, -1663
core   0: 3 0x80007268 (0x981f6b93) x23 0xfffffdf5
core   0: 0x8000726c (0x824e4693) xori    a3, t3, -2012
core   0: 3 0x8000726c (0x824e4693) x13 0xfe58c927
core   0: 0x80007270 (0x0000100f) fence.i
core   0: 3 0x80007270 (0x0000100f)
core   0: 0x80007274 (0xf0383313) sltiu   t1, a6, -253
core   0: 3 0x80007274 (0xf0383313) x 6 0x00000001
core   0: 0x80007278 (0x03e47c33) remu    s8, s0, t5
core   0: 3 0x80007278 (0x03e47c33) x24 0x7893ed8c
core   0: 0x8000727c (0x1bd4c313) xori    t1, s1, 445
core   0: 3 0x8000727c (0x1bd4c313) x 6 0x000001bc
core   0: 0x80007280 (0x03c25063) bge     tp, t3, pc + 32
core   0: 3 0x80007280 (0x03c25063)
core   0: 0x80007284 (0xcc00bc93) sltiu   s9, ra, -832
core   0: 3 0x80007284 (0xcc00bc93) x25 0x00000001
core   0: 0x80007288 (0x03eea7b3) mulhsu  a5, t4, t5
core   0: 3 0x80007288 (0x03eea7b3) x15 0xff96343b
core   0: 0x8000728c (0x0ff0000f) fence   iorw,iorw
core   0: 3 0x8000728c (0x0ff0000f)
core   0: 0x80007290 (0x0000cb95) c.beqz  a5, pc + 52
core   0: 3 0x80007290 (0xcb95)
core   0: 0x80007292 (0x00689c93) slli    s9, a7, 6
core   0: 3 0x80007292 (0x00689c93) x25 0x00036740
core   0: 0x80007296 (0x4015db93) srai    s7, a1, 1
core   0: 3 0x80007296 (0x4015db93) x23 0x00d39881
core   0: 0x8000729a (0x00008651) c.srai  a2, 20
core   0: 3 0x8000729a (0x8651) x12 0xfffff800
core   0: 0x8000729c (0x007daf33) slt     t5, s11, t2
core   0: 3 0x8000729c (0x007daf33) x30 0x00000000
core   0: 0x800072a0 (0x000ed613) srli    a2, t4, 0
core   0: 3 0x800072a0 (0x000ed613) x12 0xff2c692b
core   0: 0x800072a4 (0x0000695d) c.lui   s2, 0x17
core   0: 3 0x800072a4 (0x695d) x18 0x00017000
core   0: 0x800072a6 (0x158aba13) sltiu   s4, s5, 344
core   0: 3 0x800072a6 (0x158aba13) x20 0x00000000
core   0: 0x800072aa (0x019cb1b3) sltu    gp, s9, s9
core   0: 3 0x800072aa (0x019cb1b3) x 3 0x00000000
core   0: 0x800072ae (0x678cc293) xori    t0, s9, 1656
core   0: 3 0x800072ae (0x678cc293) x 5 0x00036138
core   0: 0x800072b2 (0x0000100f) fence.i
core   0: 3 0x800072b2 (0x0000100f)
core   0: 0x800072b6 (0x0000428d) c.li    t0, 3
core   0: 3 0x800072b6 (0x428d) x 5 0x00000003
core   0: 0x800072b8 (0x0019dbb3) srl     s7, s3, ra
core   0: 3 0x800072b8 (0x0019dbb3) x23 0xca5dc580
core   0: 0x800072bc (0x00009c3e) c.add   s8, a5
core   0: 3 0x800072bc (0x9c3e) x24 0x782a21c7
core   0: 0x800072be (0x00008c51) c.or    s0, a2
core   0: 3 0x800072be (0x8c51) x 8 0xffbfedaf
core   0: 0x800072c0 (0x004a0d97) auipc   s11, 0x4a0
core   0: 3 0x800072c0 (0x004a0d97) x27 0x804a72c0
core   0: 0x800072c4 (0x02eb0d63) beq     s6, a4, pc + 58
core   0: 3 0x800072c4 (0x02eb0d63)
core   0: 0x800072fe (0x02badc63) bge     s5, a1, pc + 56
core   0: 3 0x800072fe (0x02badc63)
core   0: 0x80007302 (0x00e61193) slli    gp, a2, 14
core   0: 3 0x80007302 (0x00e61193) x 3 0x1a4ac000
core   0: 0x80007306 (0x8caef913) andi    s2, t4, -1846
core   0: 3 0x80007306 (0x8caef913) x18 0xff2c680a
core   0: 0x8000730a (0x0000c799) c.beqz  a5, pc + 14
core   0: 3 0x8000730a (0xc799)
core   0: 0x8000730c (0x0019b7b3) sltu    a5, s3, ra
core   0: 3 0x8000730c (0x0019b7b3) x15 0x00000000
core   0: 0x80007310 (0x0ff0000f) fence   iorw,iorw
core   0: 3 0x80007310 (0x0ff0000f)
core   0: 0x80007314 (0x0000100f) fence.i
core   0: 3 0x80007314 (0x0000100f)
core   0: 0x80007318 (0x306df717) auipc   a4, 0x306df
core   0: 3 0x80007318 (0x306df717) x14 0xb06e6318
core   0: 0x8000731c (0xc038fb93) andi    s7, a7, -1021
core   0: 3 0x8000731c (0xc038fb93) x23 0x10000c01
core   0: 0x80007320 (0x0000537d) c.li    t1, -1
core   0: 3 0x80007320 (0x537d) x 6 0xffffffff
core   0: 0x80007322 (0x024d8b33) mul     s6, s11, tp
core   0: 3 0x80007322 (0x024d8b33) x22 0x2840fe40
core   0: 0x80007326 (0x00009bde) c.add   s7, s7
core   0: 3 0x80007326 (0x9bde) x23 0x20001802
core   0: 0x80007328 (0x000098fe) c.add   a7, t6
core   0: 3 0x80007328 (0x98fe) x17 0x10000d9d
core   0: 0x8000732a (0x0397bb33) mulhu   s6, a5, s9
core   0: 3 0x8000732a (0x0397bb33) x22 0x00000000
core   0: 0x8000732e (0x414d50b3) sra     ra, s10, s4
core   0: 3 0x8000732e (0x414d50b3) x 1 0x00000000
core   0: 0x80007332 (0x02b957b3) divu    a5, s2, a1
core   0: 3 0x80007332 (0x02b957b3) x15 0x0000009a
core   0: 0x80007336 (0x01028333) add     t1, t0, a6
core   0: 3 0x80007336 (0x01028333) x 6 0x00000003
core   0: 0x8000733a (0x00000001) c.nop
core   0: 3 0x8000733a (0x0001)
core   0: 0x8000733c (0x00bd0cb3) add     s9, s10, a1
core   0: 3 0x8000733c (0x00bd0cb3) x25 0x01a73103
core   0: 0x80007340 (0x01de8a33) add     s4, t4, t4
core   0: 3 0x80007340 (0x01de8a33) x20 0xfe58d256
core   0: 0x80007344 (0x0329fa63) bgeu    s3, s2, pc + 52
core   0: 3 0x80007344 (0x0329fa63)
core   0: 0x80007348 (0x000080bd) c.srli  s1, 15
core   0: 3 0x80007348 (0x80bd) x 9 0x00000000
core   0: 0x8000734a (0x021d5b63) bge     s10, ra, pc + 54
core   0: 3 0x8000734a (0x021d5b63)
core   0: 0x80007380 (0x000091fe) c.add   gp, t6
core   0: 3 0x80007380 (0x91fe) x 3 0x1a4ac000
core   0: 0x80007382 (0x00000001) c.nop
core   0: 3 0x80007382 (0x0001)
core   0: 0x80007384 (0x00008755) c.srai  a4, 21
core   0: 3 0x80007384 (0x8755) x14 0xfffffd83
core   0: 0x80007386 (0x40eb02b3) sub     t0, s6, a4
core   0: 3 0x80007386 (0x40eb02b3) x 5 0x0000027d
core   0: 0x8000738a (0x00eb1d93) slli    s11, s6, 14
core   0: 3 0x8000738a (0x00eb1d93) x27 0x00000000
core   0: 0x8000738e (0xa203fd93) andi    s11, t2, -1504
core   0: 3 0x8000738e (0xa203fd93) x27 0x80025a00
core   0: 0x80007392 (0x01b41833) sll     a6, s0, s11
core   0: 3 0x80007392 (0x01b41833) x16 0xffbfedaf
core   0: 0x80007396 (0x4137de13) srai    t3, a5, 19
core   0: 3 0x80007396 (0x4137de13) x28 0x00000000
core   0: 0x8000739a (0x03ff4e33) div     t3, t5, t6
core   0: 3 0x8000739a (0x03ff4e33) x28 0xffffffff
core   0: 0x8000739e (0xaec78813) addi    a6, a5, -1300
core   0: 3 0x8000739e (0xaec78813) x16 0xfffffb86
core   0: 0x800073a2 (0x025cc1b3) div     gp, s9, t0
core   0: 3 0x800073a2 (0x025cc1b3) x 3 0x0000aa12
core   0: 0x800073a6 (0x00e44e33) xor     t3, s0, a4
core   0: 3 0x800073a6 (0x00e44e33) x28 0x0040102c
core   0: 0x800073aa (0x00c751b3) srl     gp, a4, a2
core   0: 3 0x800073aa (0x00c751b3) x 3 0x001fffff
core   0: 0x800073ae (0x036a5cb3) divu    s9, s4, s6
core   0: 3 0x800073ae (0x036a5cb3) x25 0xffffffff
core   0: 0x800073b2 (0x02862e33) mulhsu  t3, a2, s0
core   0: 3 0x800073b2 (0x02862e33) x28 0xff2c9e1f
core   0: 0x800073b6 (0x00195513) srli    a0, s2, 1
core   0: 3 0x800073b6 (0x00195513) x10 0x7f963405
core   0: 0x800073ba (0x00000001) c.nop
core   0: 3 0x800073ba (0x0001)
core   0: 0x800073bc (0x0000e109) c.bnez  a0, pc + 2
core   0: 3 0x800073bc (0xe109)
core   0: 0x800073be (0x0000717d) c.addi16sp sp, -16
core   0: 3 0x800073be (0x717d) x 2 0x00000fef
core   0: 0x800073c0 (0x01723133) sltu    sp, tp, s7
core   0: 3 0x800073c0 (0x01723133) x 2 0x00000000
core   0: 0x800073c4 (0x0000717d) c.addi16sp sp, -16
core   0: 3 0x800073c4 (0x717d) x 2 0xfffffff0
core   0: 0x800073c6 (0x40da8e33) sub     t3, s5, a3
core   0: 3 0x800073c6 (0x40da8e33) x28 0x81a9d3bd
core   0: 0x800073ca (0x6bb27337) lui     t1, 0x6bb27
core   0: 3 0x800073ca (0x6bb27337) x 6 0x6bb27000
core   0: 0x800073ce (0x00008e55) c.or    a2, a3
core   0: 3 0x800073ce (0x8e55) x12 0xff7ce92f
core   0: 0x800073d0 (0x0000c701) c.beqz  a4, pc + 8
core   0: 3 0x800073d0 (0xc701)
core   0: 0x800073d2 (0xc8ab3213) sltiu   tp, s6, -886
core   0: 3 0x800073d2 (0xc8ab3213) x 4 0x00000001
core   0: 0x800073d6 (0x0000868d) c.srai  a3, 3
core   0: 3 0x800073d6 (0x868d) x13 0xffcb1924
core   0: 0x800073d8 (0x000068bd) c.lui   a7, 0xf
core   0: 3 0x800073d8 (0x68bd) x17 0x0000f000
core   0: 0x800073da (0x01bfe7b3) or      a5, t6, s11
core   0: 3 0x800073da (0x01bfe7b3) x15 0x80025a00
core   0: 0x800073de (0x00edae33) slt     t3, s11, a4
core   0: 3 0x800073de (0x00edae33) x28 0x00000001
core   0: 0x800073e2 (0x02830963) beq     t1, s0, pc + 50
core   0: 3 0x800073e2 (0x02830963)
core   0: 0x800073e6 (0x00000001) c.nop
core   0: 3 0x800073e6 (0x0001)
core   0: 0x800073e8 (0x41708eb3) sub     t4, ra, s7
core   0: 3 0x800073e8 (0x41708eb3) x29 0xdfffe7fe
core   0: 0x800073ec (0x014afd33) and     s10, s5, s4
core   0: 3 0x800073ec (0x014afd33) x26 0x80009044
core   0: 0x800073f0 (0x00004271) c.li    tp, 28
core   0: 3 0x800073f0 (0x4271) x 4 0x0000001c
core   0: 0x800073f2 (0x0000e089) c.bnez  s1, pc + 2
core   0: 3 0x800073f2 (0xe089)
core   0: 0x800073f4 (0x00008c79) c.and   s0, a4
core   0: 3 0x800073f4 (0x8c79) x 8 0xffbfed83
core   0: 0x800073f6 (0x00d7d613) srli    a2, a5, 13
core   0: 3 0x800073f6 (0x00d7d613) x12 0x00040012
core   0: 0x800073fa (0x02031b33) mulh    s6, t1, zero
core   0: 3 0x800073fa (0x02031b33) x22 0x00000000
core   0: 0x800073fe (0x03ec4cb3) div     s9, s8, t5
core   0: 3 0x800073fe (0x03ec4cb3) x25 0xffffffff
core   0: 0x80007402 (0x01748663) beq     s1, s7, pc + 12
core   0: 3 0x80007402 (0x01748663)
core   0: 0x80007406 (0x00000001) c.nop
core   0: 3 0x80007406 (0x0001)
core   0: 0x80007408 (0x40505d33) sra     s10, zero, t0
core   0: 3 0x80007408 (0x40505d33) x26 0x00000000
core   0: 0x8000740c (0x00008fd9) c.or    a5, a4
core   0: 3 0x8000740c (0x8fd9) x15 0xffffff83
core   0: 0x8000740e (0x02910f33) mul     t5, sp, s1
core   0: 3 0x8000740e (0x02910f33) x30 0x00000000
core   0: 0x80007412 (0x00008139) c.srli  a0, 14
core   0: 3 0x80007412 (0x8139) x10 0x0001fe58
core   0: 0x80007414 (0x02c11363) bne     sp, a2, pc + 38
core   0: 3 0x80007414 (0x02c11363)
core   0: 0x8000743a (0x00000001) c.nop
core   0: 3 0x8000743a (0x0001)
core   0: 0x8000743c (0x00008f11) c.sub   a4, a2
core   0: 3 0x8000743c (0x8f11) x14 0xfffbfd71
core   0: 0x8000743e (0x02303bb3) mulhu   s7, zero, gp
core   0: 3 0x8000743e (0x02303bb3) x23 0x00000000
core   0: 0x80007442 (0x01cc9693) slli    a3, s9, 28
core   0: 3 0x80007442 (0x01cc9693) x13 0xf0000000
core   0: 0x80007446 (0x02d21463) bne     tp, a3, pc + 40
core   0: 3 0x80007446 (0x02d21463)
core   0: 0x8000746e (0x0147d913) srli    s2, a5, 20
core   0: 3 0x8000746e (0x0147d913) x18 0x00000fff
core   0: 0x80007472 (0x01ba8633) add     a2, s5, s11
core   0: 3 0x80007472 (0x01ba8633) x12 0x0004f6e4
core   0: 0x80007476 (0x00000bbe) c.slli  s7, 15
core   0: 3 0x80007476 (0x0bbe) x23 0x00000000
core   0: 0x80007478 (0xdab7c193) xori    gp, a5, -597
core   0: 3 0x80007478 (0xdab7c193) x 3 0x00000228
core   0: 0x8000747c (0x00008f49) c.or    a4, a0
core   0: 3 0x8000747c (0x8f49) x14 0xfffbff79
core   0: 0x8000747e (0x01f26bb3) or      s7, tp, t6
core   0: 3 0x8000747e (0x01f26bb3) x23 0x0000001c
core   0: 0x80007482 (0x0ff0000f) fence   iorw,iorw
core   0: 3 0x80007482 (0x0ff0000f)
core   0: 0x80007486 (0x00008ccd) c.or    s1, a1
core   0: 3 0x80007486 (0x8ccd) x 9 0x01a73103
core   0: 0x80007488 (0x016a5913) srli    s2, s4, 22
core   0: 3 0x80007488 (0x016a5913) x18 0x000003f9
core   0: 0x8000748c (0x000084cd) c.srai  s1, 19
core   0: 3 0x8000748c (0x84cd) x 9 0x00000034
core   0: 0x8000748e (0x02e3d433) divu    s0, t2, a4
core   0: 3 0x8000748e (0x02e3d433) x 8 0x00000000
core   0: 0x80007492 (0x06fff613) andi    a2, t6, 111
core   0: 3 0x80007492 (0x06fff613) x12 0x00000000
core   0: 0x80007496 (0x407a5fb3) sra     t6, s4, t2
core   0: 3 0x80007496 (0x407a5fb3) x31 0xfffe58d2
core   0: 0x8000749a (0x403b5213) srai    tp, s6, 3
core   0: 3 0x8000749a (0x403b5213) x 4 0x00000000
core   0: 0x8000749e (0x03c2dcb3) divu    s9, t0, t3
core   0: 3 0x8000749e (0x03c2dcb3) x25 0x0000027d
core   0: 0x800074a2 (0x02cc1233) mulh    tp, s8, a2
core   0: 3 0x800074a2 (0x02cc1233) x 4 0x00000000
core   0: 0x800074a6 (0x0117f663) bgeu    a5, a7, pc + 12
core   0: 3 0x800074a6 (0x0117f663)
core   0: 0x800074b2 (0x00008afd) c.andi  a3, 31
core   0: 3 0x800074b2 (0x8afd) x13 0x00000000
core   0: 0x800074b4 (0x00e1dc13) srli    s8, gp, 14
core   0: 3 0x800074b4 (0x00e1dc13) x24 0x00000000
core   0: 0x800074b8 (0x00008911) c.andi  a0, 4
core   0: 3 0x800074b8 (0x8911) x10 0x00000000
core   0: 0x800074ba (0x000083ed) c.srli  a5, 27
core   0: 3 0x800074ba (0x83ed) x15 0x0000001f
core   0: 0x800074bc (0x8650eb93) ori     s7, ra, -1947
core   0: 3 0x800074bc (0x8650eb93) x23 0xfffff865
core   0: 0x800074c0 (0x0043a203) lw      tp, 4(t2)
core   0: 3 0x800074c0 (0x0043a203) x 4 0x800029ba mem 0x80025e0c
core   0: 0x800074c4 (0x02038393) addi    t2, t2, 32
core   0: 3 0x800074c4 (0x02038393) x 7 0x80025e28
core   0: 0x800074c8 (0x0067db93) srli    s7, a5, 6
core   0: 3 0x800074c8 (0x0067db93) x23 0x00000000
core   0: 0x800074cc (0x00001388) c.addi4spn a0, sp, 480
core   0: 3 0x800074cc (0x1388) x10 0x000001d0
core   0: 0x800074ce (0x00120693) addi    a3, tp, 1
core   0: 3 0x800074ce (0x00120693) x13 0x800029bb
core   0: 0x800074d2 (0x00008682) c.jr    a3
core   0: 3 0x800074d2 (0x8682)
core   0: 0x800029ba (0x03867f33) remu    t5, a2, s8
core   0: 3 0x800029ba (0x03867f33) x30 0x00000000
core   0: 0x800029be (0x0154de63) bge     s1, s5, pc + 28
core   0: 3 0x800029be (0x0154de63)
core   0: 0x800029da (0x013d14b3) sll     s1, s10, s3
core   0: 3 0x800029da (0x013d14b3) x 9 0x00000000
core   0: 0x800029de (0xe01bbb13) sltiu   s6, s7, -511
core   0: 3 0x800029de (0xe01bbb13) x22 0x00000001
core   0: 0x800029e2 (0x03d87433) remu    s0, a6, t4
core   0: 3 0x800029e2 (0x03d87433) x 8 0x20001388
core   0: 0x800029e6 (0x00008f49) c.or    a4, a0
core   0: 3 0x800029e6 (0x8f49) x14 0xfffbfff9
core   0: 0x800029e8 (0x02976363) bltu    a4, s1, pc + 38
core   0: 3 0x800029e8 (0x02976363)
core   0: 0x800029ec (0x00bb9813) slli    a6, s7, 11
core   0: 3 0x800029ec (0x00bb9813) x16 0x00000000
core   0: 0x800029f0 (0x0000e799) c.bnez  a5, pc + 14
core   0: 3 0x800029f0 (0xe799)
core   0: 0x800029fe (0x03174d33) div     s10, a4, a7
core   0: 3 0x800029fe (0x03174d33) x26 0xfffffffc
core   0: 0x80002a02 (0x00000f72) c.slli  t5, 28
core   0: 3 0x80002a02 (0x0f72) x30 0x00000000
core   0: 0x80002a04 (0x0023d333) srl     t1, t2, sp
core   0: 3 0x80002a04 (0x0023d333) x 6 0x00008002
core   0: 0x80002a08 (0x02127663) bgeu    tp, ra, pc + 44
core   0: 3 0x80002a08 (0x02127663)
core   0: 0x80002a34 (0x411d8833) sub     a6, s11, a7
core   0: 3 0x80002a34 (0x411d8833) x16 0x80016a00
core   0: 0x80002a38 (0x2e7d2a13) slti    s4, s10, 743
core   0: 3 0x80002a38 (0x2e7d2a13) x20 0x00000001
core   0: 0x80002a3c (0x02ef4bb3) div     s7, t5, a4
core   0: 3 0x80002a3c (0x02ef4bb3) x23 0x00000000
core   0: 0x80002a40 (0x5b923e13) sltiu   t3, tp, 1465
core   0: 3 0x80002a40 (0x5b923e13) x28 0x00000000
core   0: 0x80002a44 (0x00008c91) c.sub   s1, a2
core   0: 3 0x80002a44 (0x8c91) x 9 0x00000000
core   0: 0x80002a46 (0x030bc463) blt     s7, a6, pc + 40
core   0: 3 0x80002a46 (0x030bc463)
core   0: 0x80002a4a (0x00004f61) c.li    t5, 24
core   0: 3 0x80002a4a (0x4f61) x30 0x00000018
core   0: 0x80002a4c (0x0ff0000f) fence   iorw,iorw
core   0: 3 0x80002a4c (0x0ff0000f)
core   0: 0x80002a50 (0x0000100f) fence.i
core   0: 3 0x80002a50 (0x0000100f)
core   0: 0x80002a54 (0x00d23e33) sltu    t3, tp, a3
core   0: 3 0x80002a54 (0x00d23e33) x28 0x00000001
core   0: 0x80002a58 (0x0000717d) c.addi16sp sp, -16
core   0: 3 0x80002a58 (0x717d) x 2 0xffffffe0
core   0: 0x80002a5a (0xb1f6be13) sltiu   t3, a3, -1249
core   0: 3 0x80002a5a (0xb1f6be13) x28 0x00000001
core   0: 0x80002a5e (0x41edd1b3) sra     gp, s11, t5
core   0: 3 0x80002a5e (0x41edd1b3) x 3 0xffffff80
core   0: 0x80002a62 (0x025e6bb3) rem     s7, t3, t0
core   0: 3 0x80002a62 (0x025e6bb3) x23 0x00000001
core   0: 0x80002a66 (0x04691563) bne     s2, t1, pc + 74
core   0: 3 0x80002a66 (0x04691563)
core   0: 0x80002ab0 (0x00000001) c.nop
core   0: 3 0x80002ab0 (0x0001)
core   0: 0x80002ab2 (0x03afe233) rem     tp, t6, s10
core   0: 3 0x80002ab2 (0x03afe233) x 4 0xfffffffe
core   0: 0x80002ab6 (0x13ad6e93) ori     t4, s10, 314
core   0: 3 0x80002ab6 (0x13ad6e93) x29 0xfffffffe
core   0: 0x80002aba (0x001147b3) xor     a5, sp, ra
core   0: 3 0x80002aba (0x001147b3) x15 0xffffffe0
core   0: 0x80002abe (0x01c9d433) srl     s0, s3, t3
core   0: 3 0x80002abe (0x01c9d433) x 8 0x652ee2c0
core   0: 0x80002ac2 (0xd2210c13) addi    s8, sp, -734
core   0: 3 0x80002ac2 (0xd2210c13) x24 0xfffffd02
core   0: 0x80002ac6 (0x026d2933) mulhsu  s2, s10, t1
core   0: 3 0x80002ac6 (0x026d2933) x18 0xffffffff
core   0: 0x80002aca (0x4ea1ec13) ori     s8, gp, 1258
core   0: 3 0x80002aca (0x4ea1ec13) x24 0xffffffea
core   0: 0x80002ace (0x0000c609) c.beqz  a2, pc + 10
core   0: 3 0x80002ace (0xc609)
core   0: 0x80002ad8 (0x00000001) c.nop
core   0: 3 0x80002ad8 (0x0001)
core   0: 0x80002ada (0x00000788) c.addi4spn a0, sp, 960
core   0: 3 0x80002ada (0x0788) x10 0x000003a0
core   0: 0x80002adc (0x00008706) c.mv    a4, ra
core   0: 3 0x80002adc (0x8706) x14 0x00000000
core   0: 0x80002ade (0x015d51b3) srl     gp, s10, s5
core   0: 3 0x80002ade (0x015d51b3) x 3 0x0fffffff
core   0: 0x80002ae2 (0x01401eb3) sll     t4, zero, s4
core   0: 3 0x80002ae2 (0x01401eb3) x29 0x00000000
core   0: 0x80002ae6 (0x7e8a4997) auipc   s3, 0x7e8a4
core   0: 3 0x80002ae6 (0x7e8a4997) x19 0xfe8a6ae6
core   0: 0x80002aea (0x00000c5e) c.slli  s8, 23
core   0: 3 0x80002aea (0x0c5e) x24 0xf5000000
core   0: 0x80002aec (0x0138b9b3) sltu    s3, a7, s3
core   0: 3 0x80002aec (0x0138b9b3) x19 0x00000001
core   0: 0x80002af0 (0x00c2f633) and     a2, t0, a2
core   0: 3 0x80002af0 (0x00c2f633) x12 0x00000000
core   0: 0x80002af4 (0xd6ed0893) addi    a7, s10, -658
core   0: 3 0x80002af4 (0xd6ed0893) x17 0xfffffd6a
core   0: 0x80002af8 (0x00000001) c.nop
core   0: 3 0x80002af8 (0x0001)
core   0: 0x80002afa (0x00000001) c.nop
core   0: 3 0x80002afa (0x0001)
core   0: 0x80002afc (0x02e699b3) mulh    s3, a3, a4
core   0: 3 0x80002afc (0x02e699b3) x19 0x00000000
core   0: 0x80002b00 (0x0000c299) c.beqz  a3, pc + 6
core   0: 3 0x80002b00 (0xc299)
core   0: 0x80002b02 (0x03cbd1b3) divu    gp, s7, t3
core   0: 3 0x80002b02 (0x03cbd1b3) x 3 0x00000001
core   0: 0x80002b06 (0xb23afc13) andi    s8, s5, -1245
core   0: 3 0x80002b06 (0xb23afc13) x24 0x80029820
core   0: 0x80002b0a (0x00008f61) c.and   a4, s0
core   0: 3 0x80002b0a (0x8f61) x14 0x00000000
core   0: 0x80002b0c (0x0043a203) lw      tp, 4(t2)
core   0: 3 0x80002b0c (0x0043a203) x 4 0x80001c6e mem 0x80025e2c
core   0: 0x80002b10 (0x00000c22) c.slli  s8, 8
core   0: 3 0x80002b10 (0x0c22) x24 0x02982000
core   0: 0x80002b12 (0x009f1093) slli    ra, t5, 9
core   0: 3 0x80002b12 (0x009f1093) x 1 0x00003000
core   0: 0x80002b16 (0x019d9c13) slli    s8, s11, 25
core   0: 3 0x80002b16 (0x019d9c13) x24 0x00000000
core   0: 0x80002b1a (0x40418a33) sub     s4, gp, tp
core   0: 3 0x80002b1a (0x40418a33) x20 0x7fffe393
core   0: 0x80002b1e (0x0000100f) fence.i
core   0: 3 0x80002b1e (0x0000100f)
core   0: 0x80002b22 (0x0ff0000f) fence   iorw,iorw
core   0: 3 0x80002b22 (0x0ff0000f)
core   0: 0x80002b26 (0x03c38393) addi    t2, t2, 60
core   0: 3 0x80002b26 (0x03c38393) x 7 0x80025e64
core   0: 0x80002b2a (0x03f54db3) div     s11, a0, t6
core   0: 3 0x80002b2a (0x03f54db3) x27 0x00000000
core   0: 0x80002b2e (0x0000100f) fence.i
core   0: 3 0x80002b2e (0x0000100f)
core   0: 0x80002b32 (0x00020f13) mv      t5, tp
core   0: 3 0x80002b32 (0x00020f13) x30 0x80001c6e
core   0: 0x80002b36 (0x00009f02) c.jalr  t5
core   0: 3 0x80002b36 (0x9f02) x 1 0x80002b38
core   0: 0x80001c6e (0x01425cb3) srl     s9, tp, s4
core   0: 3 0x80001c6e (0x01425cb3) x25 0x00001000
core   0: 0x80001c72 (0x00df48b3) xor     a7, t5, a3
core   0: 3 0x80001c72 (0x00df48b3) x17 0x000035d5
core   0: 0x80001c76 (0x02967a33) remu    s4, a2, s1
core   0: 3 0x80001c76 (0x02967a33) x20 0x00000000
core   0: 0x80001c7a (0x00000d5d) c.addi  s10, 23
core   0: 3 0x80001c7a (0x0d5d) x26 0x00000013
core   0: 0x80001c7c (0x0204ca63) bltz    s1, pc + 52
core   0: 3 0x80001c7c (0x0204ca63)
core   0: 0x80001c80 (0x013a4b33) xor     s6, s4, s3
core   0: 3 0x80001c80 (0x013a4b33) x22 0x00000000
core   0: 0x80001c84 (0x00006fc9) c.lui   t6, 0x12
core   0: 3 0x80001c84 (0x6fc9) x31 0x00012000
core   0: 0x80001c86 (0x60d948b7) lui     a7, 0x60d94
core   0: 3 0x80001c86 (0x60d948b7) x17 0x60d94000
core   0: 0x80001c8a (0x0100f533) and     a0, ra, a6
core   0: 3 0x80001c8a (0x0100f533) x10 0x80002a00
core   0: 0x80001c8e (0xa16b3617) auipc   a2, 0xa16b3
core   0: 3 0x80001c8e (0xa16b3617) x12 0x216b4c8e
core   0: 0x80001c92 (0x038a1cb3) mulh    s9, s4, s8
core   0: 3 0x80001c92 (0x038a1cb3) x25 0x00000000
core   0: 0x80001c96 (0x02ee4a63) blt     t3, a4, pc + 52
core   0: 3 0x80001c96 (0x02ee4a63)
core   0: 0x80001c9a (0x00000cc6) c.slli  s9, 17
core   0: 3 0x80001c9a (0x0cc6) x25 0x00000000
core   0: 0x80001c9c (0x00000001) c.nop
core   0: 3 0x80001c9c (0x0001)
core   0: 0x80001c9e (0x000006de) c.slli  a3, 23
core   0: 3 0x80001c9e (0x06de) x13 0xdd800000
core   0: 0x80001ca0 (0xe48e4637) lui     a2, 0xe48e4
core   0: 3 0x80001ca0 (0xe48e4637) x12 0xe48e4000
core   0: 0x80001ca4 (0x00008f49) c.or    a4, a0
core   0: 3 0x80001ca4 (0x8f49) x14 0x80002a00
core   0: 0x80001ca6 (0x00006a61) c.lui   s4, 0x18
core   0: 3 0x80001ca6 (0x6a61) x20 0x00018000
core   0: 0x80001ca8 (0x8c2e8c93) addi    s9, t4, -1854
core   0: 3 0x80001ca8 (0x8c2e8c93) x25 0xfffff8c2
core   0: 0x80001cac (0x002c7333) and     t1, s8, sp
core   0: 3 0x80001cac (0x002c7333) x 6 0x00000000
core   0: 0x80001cb0 (0x000048ad) c.li    a7, 11
core   0: 3 0x80001cb0 (0x48ad) x17 0x0000000b
core   0: 0x80001cb2 (0x00004ced) c.li    s9, 27
core   0: 3 0x80001cb2 (0x4ced) x25 0x0000001b
core   0: 0x80001cb4 (0x0ff0000f) fence   iorw,iorw
core   0: 3 0x80001cb4 (0x0ff0000f)
core   0: 0x80001cb8 (0x018fa9b3) slt     s3, t6, s8
core   0: 3 0x80001cb8 (0x018fa9b3) x19 0x00000000
core   0: 0x80001cbc (0x00008f8d) c.sub   a5, a1
core   0: 3 0x80001cbc (0x8f8d) x15 0xfe58cedd
core   0: 0x80001cbe (0x00001904) c.addi4spn s1, sp, 176
core   0: 3 0x80001cbe (0x1904) x 9 0x00000090
core   0: 0x80001cc0 (0x00009bfd) c.andi  a5, -1
core   0: 3 0x80001cc0 (0x9bfd) x15 0xfe58cedd
core   0: 0x80001cc2 (0x00008751) c.srai  a4, 20
core   0: 3 0x80001cc2 (0x8751) x14 0xfffff800
core   0: 0x80001cc4 (0x00005ffd) c.li    t6, -1
core   0: 3 0x80001cc4 (0x5ffd) x31 0xffffffff
core   0: 0x80001cc6 (0x00c4bd33) sltu    s10, s1, a2
core   0: 3 0x80001cc6 (0x00c4bd33) x26 0x00000001
core   0: 0x80001cca (0x00e509b3) add     s3, a0, a4
core   0: 3 0x80001cca (0x00e509b3) x19 0x80002200
core   0: 0x80001cce (0x00f252b3) srl     t0, tp, a5
core   0: 3 0x80001cce (0x00f252b3) x 5 0x00000004
core   0: 0x80001cd2 (0x28352993) slti    s3, a0, 643
core   0: 3 0x80001cd2 (0x28352993) x19 0x00000001
core   0: 0x80001cd6 (0x0ff0000f) fence   iorw,iorw
core   0: 3 0x80001cd6 (0x0ff0000f)
core   0: 0x80001cda (0xf90d5d97) auipc   s11, 0xf90d5
core   0: 3 0x80001cda (0xf90d5d97) x27 0x790d6cda
core   0: 0x80001cde (0x000046b5) c.li    a3, 13
core   0: 3 0x80001cde (0x46b5) x13 0x0000000d
core   0: 0x80001ce0 (0x025be9b3) rem     s3, s7, t0
core   0: 3 0x80001ce0 (0x025be9b3) x19 0x00000001
core   0: 0x80001ce4 (0x000066cd) c.lui   a3, 0x13
core   0: 3 0x80001ce4 (0x66cd) x13 0x00013000
core   0: 0x80001ce6 (0x01a8cd33) xor     s10, a7, s10
core   0: 3 0x80001ce6 (0x01a8cd33) x26 0x0000000a
core   0: 0x80001cea (0xae4c0997) auipc   s3, 0xae4c0
core   0: 3 0x80001cea (0xae4c0997) x19 0x2e4c1cea
core   0: 0x80001cee (0x02e6ebb3) rem     s7, a3, a4
core   0: 3 0x80001cee (0x02e6ebb3) x23 0x00000000
core   0: 0x80001cf2 (0x40dc82b3) sub     t0, s9, a3
core   0: 3 0x80001cf2 (0x40dc82b3) x 5 0xfffed01b
core   0: 0x80001cf6 (0x00009456) c.add   s0, s5
core   0: 3 0x80001cf6 (0x9456) x 8 0xe5317fa4
core   0: 0x80001cf8 (0x003fcd63) blt     t6, gp, pc + 26
core   0: 3 0x80001cf8 (0x003fcd63)
core   0: 0x80001d12 (0x00937263) bgeu    t1, s1, pc + 4
core   0: 3 0x80001d12 (0x00937263)
core   0: 0x80001d16 (0x013fb333) sltu    t1, t6, s3
core   0: 3 0x80001d16 (0x013fb333) x 6 0x00000000
core   0: 0x80001d1a (0xe4cf8093) addi    ra, t6, -436
core   0: 3 0x80001d1a (0xe4cf8093) x 1 0xfffffe4b
core   0: 0x80001d1e (0x0000157d) c.addi  a0, -1
core   0: 3 0x80001d1e (0x157d) x10 0x800029ff
core   0: 0x80001d20 (0x0000e28d) c.bnez  a3, pc + 34
core   0: 3 0x80001d20 (0xe28d)
core   0: 0x80001d42 (0x00008fe1) c.and   a5, s0
core   0: 3 0x80001d42 (0x8fe1) x15 0xe4104e84
core   0: 0x80001d44 (0x0000ea89) c.bnez  a3, pc + 18
core   0: 3 0x80001d44 (0xea89)
core   0: 0x80001d56 (0x000087bd) c.srai  a5, 15
core   0: 3 0x80001d56 (0x87bd) x15 0xffffc820
core   0: 0x80001d58 (0x0000717d) c.addi16sp sp, -16
core   0: 3 0x80001d58 (0x717d) x 2 0xffffffd0
core   0: 0x80001d5a (0x00000fed) c.addi  t6, 27
core   0: 3 0x80001d5a (0x0fed) x31 0x0000001a
core   0: 0x80001d5c (0x00001c7d) c.addi  s8, -1
core   0: 3 0x80001d5c (0x1c7d) x24 0xffffffff
core   0: 0x80001d5e (0x00000001) c.nop
core   0: 3 0x80001d5e (0x0001)
core   0: 0x80001d60 (0x01268a33) add     s4, a3, s2
core   0: 3 0x80001d60 (0x01268a33) x20 0x00012fff
core   0: 0x80001d64 (0x40bfd493) srai    s1, t6, 11
core   0: 3 0x80001d64 (0x40bfd493) x 9 0x00000000
core   0: 0x80001d68 (0x41ae5d13) srai    s10, t3, 26
core   0: 3 0x80001d68 (0x41ae5d13) x26 0x00000000
core   0: 0x80001d6c (0x01e89d13) slli    s10, a7, 30
core   0: 3 0x80001d6c (0x01e89d13) x26 0xc0000000
core   0: 0x80001d70 (0x04326763) bltu    tp, gp, pc + 78
core   0: 3 0x80001d70 (0x04326763)
core   0: 0x80001d74 (0x00008e11) c.sub   a2, a2
core   0: 3 0x80001d74 (0x8e11) x12 0x00000000
core   0: 0x80001d76 (0x000083e5) c.srli  a5, 25
core   0: 3 0x80001d76 (0x83e5) x15 0x0000007f
core   0: 0x80001d78 (0x0100f263) bgeu    ra, a6, pc + 4
core   0: 3 0x80001d78 (0x0100f263)
core   0: 0x80001d7c (0x00008c25) c.xor   s0, s1
core   0: 3 0x80001d7c (0x8c25) x 8 0xe5317fa4
core   0: 0x80001d7e (0x0000956a) c.add   a0, s10
core   0: 3 0x80001d7e (0x956a) x10 0x400029ff
core   0: 0x80001d80 (0x7017b813) sltiu   a6, a5, 1793
core   0: 3 0x80001d80 (0x7017b813) x16 0x00000001
core   0: 0x80001d84 (0x00001317) auipc   t1, 0x1
core   0: 3 0x80001d84 (0x00001317) x 6 0x80002d84
core   0: 0x80001d88 (0xdb430313) addi    t1, t1, -588
core   0: 3 0x80001d88 (0xdb430313) x 6 0x80002b38
core   0: 0x80001d8c (0xf977b793) sltiu   a5, a5, -105
core   0: 3 0x80001d8c (0xf977b793) x15 0x00000001
core   0: 0x80001d90 (0x30306113) ori     sp, zero, 771
core   0: 3 0x80001d90 (0x30306113) x 2 0x00000303
core   0: 0x80001d94 (0x03180933) mul     s2, a6, a7
core   0: 3 0x80001d94 (0x03180933) x18 0x0000000b
core   0: 0x80001d98 (0x00731193) slli    gp, t1, 7
core   0: 3 0x80001d98 (0x00731193) x 3 0x00159c00
core   0: 0x80001d9c (0xc8653813) sltiu   a6, a0, -890
core   0: 3 0x80001d9c (0xc8653813) x16 0x00000001
core   0: 0x80001da0 (0x00008e31) c.xor   a2, a2
core   0: 3 0x80001da0 (0x8e31) x12 0x00000000
core   0: 0x80001da2 (0x1ba30313) addi    t1, t1, 442
core   0: 3 0x80001da2 (0x1ba30313) x 6 0x80002cf2
core   0: 0x80001da6 (0x0000888d) c.andi  s1, 3
core   0: 3 0x80001da6 (0x888d) x 9 0x00000000
core   0: 0x80001da8 (0xe4630267) jalr    tp, t1, -442
core   0: 3 0x80001da8 (0xe4630267) x 4 0x80001dac
core   0: 0x80002b38 (0xa156ad93) slti    s11, a3, -1515
core   0: 3 0x80002b38 (0xa156ad93) x27 0x00000000
core   0: 0x80002b3c (0x0000cf01) c.beqz  a4, pc + 24
core   0: 3 0x80002b3c (0xcf01)
core   0: 0x80002b3e (0x41ad5eb3) sra     t4, s10, s10
core   0: 3 0x80002b3e (0x41ad5eb3) x29 0xc0000000
core   0: 0x80002b42 (0x001ac733) xor     a4, s5, ra
core   0: 3 0x80002b42 (0x001ac733) x14 0x7ffd62af
core   0: 0x80002b46 (0x75500917) auipc   s2, 0x75500
core   0: 3 0x80002b46 (0x75500917) x18 0xf5502b46
core   0: 0x80002b4a (0x00006631) c.lui   a2, 0xc
core   0: 3 0x80002b4a (0x6631) x12 0x0000c000
core   0: 0x80002b4c (0x2b4cf017) auipc   zero, 0x2b4cf
core   0: 3 0x80002b4c (0x2b4cf017)
core   0: 0x80002b50 (0x03dac633) div     a2, s5, t4
core   0: 3 0x80002b50 (0x03dac633) x12 0x00000001
core   0: 0x80002b54 (0x00001391) c.addi  t2, -28
core   0: 3 0x80002b54 (0x1391) x 7 0x80025e48
core   0: 0x80002b56 (0x0242b933) mulhu   s2, t0, tp
core   0: 3 0x80002b56 (0x0242b933) x18 0x7fff85b9
core   0: 0x80002b5a (0x0043a223) sw      tp, 4(t2)
core   0: 3 0x80002b5a (0x0043a223) mem 0x80025e4c 0x80001dac
core   0: 0x80002b5e (0xf0de3d13) sltiu   s10, t3, -243
core   0: 3 0x80002b5e (0xf0de3d13) x26 0x00000001
core   0: 0x80002b62 (0x0180026f) jal     tp, pc + 0x18
core   0: 3 0x80002b62 (0x0180026f) x 4 0x80002b66
core   0: 0x80002b7a (0x00002839) c.jal   pc + 30
core   0: 3 0x80002b7a (0x2839) x 1 0x80002b7c
core   0: 0x80002b98 (0x0000b7fd) c.j     pc - 18
core   0: 3 0x80002b98 (0xb7fd)
core   0: 0x80002b86 (0x0000a811) c.j     pc + 20
core   0: 3 0x80002b86 (0xa811)
core   0: 0x80002b9a (0x000037e5) c.jal   pc - 24
core   0: 3 0x80002b9a (0x37e5) x 1 0x80002b9c
core   0: 0x80002b82 (0xff1ff0ef) jal     pc - 0x10
core   0: 3 0x80002b82 (0xff1ff0ef) x 1 0x80002b86
core   0: 0x80002b72 (0x00002005) c.jal   pc + 32
core   0: 3 0x80002b72 (0x2005) x 1 0x80002b74
core   0: 0x80002b92 (0xffdff0ef) jal     pc - 0x4
core   0: 3 0x80002b92 (0xffdff0ef) x 1 0x80002b96
core   0: 0x80002b8e (0x00003ff9) c.jal   pc - 34
core   0: 3 0x80002b8e (0x3ff9) x 1 0x80002b90
core   0: 0x80002b6c (0x004000ef) jal     pc + 0x4
core   0: 3 0x80002b6c (0x004000ef) x 1 0x80002b70
core   0: 0x80002b70 (0x0000a821) c.j     pc + 24
core   0: 3 0x80002b70 (0xa821)
core   0: 0x80002b88 (0x00e00f6f) jal     t5, pc + 0xe
core   0: 3 0x80002b88 (0x00e00f6f) x30 0x80002b8c
core   0: 0x80002b96 (0x00002019) c.jal   pc + 6
core   0: 3 0x80002b96 (0x2019) x 1 0x80002b98
core   0: 0x80002b9c (0xff5ff36f) jal     t1, pc - 0xc
core   0: 3 0x80002b9c (0xff5ff36f) x 6 0x80002ba0
core   0: 0x80002b90 (0x000037d5) c.jal   pc - 28
core   0: 3 0x80002b90 (0x37d5) x 1 0x80002b92
core   0: 0x80002b74 (0x0080036f) jal     t1, pc + 0x8
core   0: 3 0x80002b74 (0x0080036f) x 6 0x80002b78
core   0: 0x80002b7c (0x0100036f) jal     t1, pc + 0x10
core   0: 3 0x80002b7c (0x0100036f) x 6 0x80002b80
core   0: 0x80002b8c (0x00002811) c.jal   pc + 20
core   0: 3 0x80002b8c (0x2811) x 1 0x80002b8e
core   0: 0x80002ba0 (0x000037c5) c.jal   pc - 32
core   0: 3 0x80002ba0 (0x37c5) x 1 0x80002ba2
core   0: 0x80002b80 (0x000037dd) c.jal   pc - 26
core   0: 3 0x80002b80 (0x37dd) x 1 0x80002b82
core   0: 0x80002b66 (0x004000ef) jal     pc + 0x4
core   0: 3 0x80002b66 (0x004000ef) x 1 0x80002b6a
core   0: 0x80002b6a (0x00002039) c.jal   pc + 14
core   0: 3 0x80002b6a (0x2039) x 1 0x80002b6c
core   0: 0x80002b78 (0x0000a02d) c.j     pc + 42
core   0: 3 0x80002b78 (0xa02d)
core   0: 0x80002ba2 (0x2faabd93) sltiu   s11, s5, 762
core   0: 3 0x80002ba2 (0x2faabd93) x27 0x00000000
core   0: 0x80002ba6 (0x00019b17) auipc   s6, 0x19
core   0: 3 0x80002ba6 (0x00019b17) x22 0x8001bba6
core   0: 0x80002baa (0x28db0b13) addi    s6, s6, 653
core   0: 3 0x80002baa (0x28db0b13) x22 0x8001be33
core   0: 0x80002bae (0x5dfb24a3) sw      t6, 1481(s6)
core   0: 3 0x80002bae (0x5dfb24a3) mem 0x8001c3fc 0x0000001a
core   0: 0x80002bb2 (0x0000e697) auipc   a3, 0xe
core   0: 3 0x80002bb2 (0x0000e697) x13 0x80010bb2
core   0: 0x80002bb6 (0xfd468693) addi    a3, a3, -44
core   0: 3 0x80002bb6 (0xfd468693) x13 0x80010b86
core   0: 0x80002bba (0xfed6a123) sw      a3, -30(a3)
core   0: 3 0x80002bba (0xfed6a123) mem 0x80010b68 0x80010b86
core   0: 0x80002bbe (0xf6ab0183) lb      gp, -150(s6)
core   0: 3 0x80002bbe (0xf6ab0183) x 3 0x00000000 mem 0x8001bd9d
core   0: 0x80002bc2 (0xc6cb0823) sb      a2, -912(s6)
core   0: 3 0x80002bc2 (0xc6cb0823) mem 0x8001baa3 0x1
core   0: 0x80002bc6 (0xfdd6c883) lbu     a7, -35(a3)
core   0: 3 0x80002bc6 (0xfdd6c883) x17 0x00000000 mem 0x80010b63
core   0: 0x80002bca (0x00c6d483) lhu     s1, 12(a3)
core   0: 3 0x80002bca (0x00c6d483) x 9 0x00000000 mem 0x80010b92
core   0: 0x80002bce (0x0066cc03) lbu     s8, 6(a3)
core   0: 3 0x80002bce (0x0066cc03) x24 0x00000000 mem 0x80010b8c
core   0: 0x80002bd2 (0x4f2b0a03) lb      s4, 1266(s6)
core   0: 3 0x80002bd2 (0x4f2b0a03) x20 0x00000000 mem 0x8001c325
core   0: 0x80002bd6 (0x393b19a3) sh      s3, 915(s6)
core   0: 3 0x80002bd6 (0x393b19a3) mem 0x8001c1c6 0x1cea
core   0: 0x80002bda (0xd24b0d83) lb      s11, -732(s6)
core   0: 3 0x80002bda (0xd24b0d83) x27 0x00000000 mem 0x8001bb57
core   0: 0x80002bde (0x898b0103) lb      sp, -1896(s6)
core   0: 3 0x80002bde (0x898b0103) x 2 0x00000000 mem 0x8001b6cb
core   0: 0x80002be2 (0x03f6ca03) lbu     s4, 63(a3)
core   0: 3 0x80002be2 (0x03f6ca03) x20 0x00000000 mem 0x80010bc5
core   0: 0x80002be6 (0xdb0b0d03) lb      s10, -592(s6)
core   0: 3 0x80002be6 (0xdb0b0d03) x26 0x00000000 mem 0x8001bbe3
core   0: 0x80002bea (0x0286d503) lhu     a0, 40(a3)
core   0: 3 0x80002bea (0x0286d503) x10 0x00000000 mem 0x80010bae
core   0: 0x80002bee (0x02e69d03) lh      s10, 46(a3)
core   0: 3 0x80002bee (0x02e69d03) x26 0x00000000 mem 0x80010bb4
core   0: 0x80002bf2 (0xa73b0983) lb      s3, -1421(s6)
core   0: 3 0x80002bf2 (0xa73b0983) x19 0x00000000 mem 0x8001b8a6
core   0: 0x80002bf6 (0xffb68d83) lb      s11, -5(a3)
core   0: 3 0x80002bf6 (0xffb68d83) x27 0x00000000 mem 0x80010b81
core   0: 0x80002bfa (0x0001a297) auipc   t0, 0x1a
core   0: 3 0x80002bfa (0x0001a297) x 5 0x8001cbfa
core   0: 0x80002bfe (0xeaf28293) addi    t0, t0, -337
core   0: 3 0x80002bfe (0xeaf28293) x 5 0x8001caa9
core   0: 0x80002c02 (0x0000f617) auipc   a2, 0xf
core   0: 3 0x80002c02 (0x0000f617) x12 0x80011c02
core   0: 0x80002c06 (0x25260613) addi    a2, a2, 594
core   0: 3 0x80002c06 (0x25260613) x12 0x80011e54
core   0: 0x80002c0a (0x00c2c183) lbu     gp, 12(t0)
core   0: 3 0x80002c0a (0x00c2c183) x 3 0x00000000 mem 0x8001cab5
core   0: 0x80002c0e (0x00f290a3) sh      a5, 1(t0)
core   0: 3 0x80002c0e (0x00f290a3) mem 0x8001caaa 0x0001
core   0: 0x80002c12 (0x0000f997) auipc   s3, 0xf
core   0: 3 0x80002c12 (0x0000f997) x19 0x80011c12
core   0: 0x80002c16 (0x3f998993) addi    s3, s3, 1017
core   0: 3 0x80002c16 (0x3f998993) x19 0x8001200b
core   0: 0x80002c1a (0xf6298803) lb      a6, -158(s3)
core   0: 3 0x80002c1a (0xf6298803) x16 0x00000000 mem 0x80011f6d
core   0: 0x80002c1e (0x02e9c883) lbu     a7, 46(s3)
core   0: 3 0x80002c1e (0x02e9c883) x17 0x00000000 mem 0x80012039
core   0: 0x80002c22 (0x00e60d83) lb      s11, 14(a2)
core   0: 3 0x80002c22 (0x00e60d83) x27 0x00000000 mem 0x80011e62
core   0: 0x80002c26 (0xff860aa3) sb      s8, -11(a2)
core   0: 3 0x80002c26 (0xff860aa3) mem 0x80011e49 0x0
core   0: 0x80002c2a (0xf5a9a6a3) sw      s10, -179(s3)
core   0: 3 0x80002c2a (0xf5a9a6a3) mem 0x80011f58 0x00000000
core   0: 0x80002c2e (0xf0f99903) lh      s2, -241(s3)
core   0: 3 0x80002c2e (0xf0f99903) x18 0x00000000 mem 0x80011f1a
core   0: 0x80002c32 (0x01628023) sb      s6, 0(t0)
core   0: 3 0x80002c32 (0x01628023) mem 0x8001caa9 0x33
core   0: 0x80002c36 (0xf199d103) lhu     sp, -231(s3)
core   0: 3 0x80002c36 (0xf199d103) x 2 0x00000000 mem 0x80011f24
core   0: 0x80002c3a (0x00960e03) lb      t3, 9(a2)
core   0: 3 0x80002c3a (0x00960e03) x28 0x00000000 mem 0x80011e5d
core   0: 0x80002c3e (0x00e61883) lh      a7, 14(a2)
core   0: 3 0x80002c3e (0x00e61883) x17 0x00000000 mem 0x80011e62
core   0: 0x80002c42 (0x0002c303) lbu     t1, 0(t0)
core   0: 3 0x80002c42 (0x0002c303) x 6 0x00000033 mem 0x8001caa9
core   0: 0x80002c46 (0x00160203) lb      tp, 1(a2)
core   0: 3 0x80002c46 (0x00160203) x 4 0x00000000 mem 0x80011e55
core   0: 0x80002c4a (0x00d60803) lb      a6, 13(a2)
core   0: 3 0x80002c4a (0x00d60803) x16 0x00000000 mem 0x80011e61
core   0: 0x80002c4e (0x01928023) sb      s9, 0(t0)
core   0: 3 0x80002c4e (0x01928023) mem 0x8001caa9 0x1b
core   0: 0x80002c52 (0x00128483) lb      s1, 1(t0)
core   0: 3 0x80002c52 (0x00128483) x 9 0x00000001 mem 0x8001caaa
core   0: 0x80002c56 (0x00964803) lbu     a6, 9(a2)
core   0: 3 0x80002c56 (0x00964803) x16 0x00000000 mem 0x80011e5d
core   0: 0x80002c5a (0x0102c703) lbu     a4, 16(t0)
core   0: 3 0x80002c5a (0x0102c703) x14 0x00000000 mem 0x8001cab9
core   0: 0x80002c5e (0x00f2da03) lhu     s4, 15(t0)
core   0: 3 0x80002c5e (0x00f2da03) x20 0x00000000 mem 0x8001cab8
core   0: 0x80002c62 (0xff228823) sb      s2, -16(t0)
core   0: 3 0x80002c62 (0xff228823) mem 0x8001ca99 0x0
core   0: 0x80002c66 (0x0dd99ea3) sh      t4, 221(s3)
core   0: 3 0x80002c66 (0x0dd99ea3) mem 0x800120e8 0x0000
core   0: 0x80002c6a (0x01064683) lbu     a3, 16(a2)
core   0: 3 0x80002c6a (0x01064683) x13 0x00000000 mem 0x80011e64
core   0: 0x80002c6e (0x01661623) sh      s6, 12(a2)
core   0: 3 0x80002c6e (0x01661623) mem 0x80011e60 0xbe33
core   0: 0x80002c72 (0x00010297) auipc   t0, 0x10
core   0: 3 0x80002c72 (0x00010297) x 5 0x80012c72
core   0: 0x80002c76 (0x8df28293) addi    t0, t0, -1825
core   0: 3 0x80002c76 (0x8df28293) x 5 0x80012551
core   0: 0x80002c7a (0x15ef8413) addi    s0, t6, 350
core   0: 3 0x80002c7a (0x15ef8413) x 8 0x00000178
core   0: 0x80002c7e (0xfe228903) lb      s2, -30(t0)
core   0: 3 0x80002c7e (0xfe228903) x18 0x00000000 mem 0x80012533
core   0: 0x80002c82 (0x01f91933) sll     s2, s2, t6
core   0: 3 0x80002c82 (0x01f91933) x18 0x00000000
core   0: 0x80002c86 (0xf1772b93) slti    s7, a4, -233
core   0: 3 0x80002c86 (0xf1772b93) x23 0x00000000
core   0: 0x80002c8a (0x037ff933) remu    s2, t6, s7
core   0: 3 0x80002c8a (0x037ff933) x18 0x0000001a
core   0: 0x80002c8e (0x00000001) c.nop
core   0: 3 0x80002c8e (0x0001)
core   0: 0x80002c90 (0x02528b83) lb      s7, 37(t0)
core   0: 3 0x80002c90 (0x02528b83) x23 0x00000000 mem 0x80012576
core   0: 0x80002c94 (0xfe128403) lb      s0, -31(t0)
core   0: 3 0x80002c94 (0xfe128403) x 8 0x00000000 mem 0x80012532
core   0: 0x80002c98 (0x06828e23) sb      s0, 124(t0)
core   0: 3 0x80002c98 (0x06828e23) mem 0x800125cd 0x0
core   0: 0x80002c9c (0xfdf28f23) sb      t6, -34(t0)
core   0: 3 0x80002c9c (0xfdf28f23) mem 0x8001252f 0x1a
core   0: 0x80002ca0 (0xfff29ea3) sh      t6, -3(t0)
core   0: 3 0x80002ca0 (0xfff29ea3) mem 0x8001254e 0x001a
core   0: 0x80002ca4 (0x0462c703) lbu     a4, 70(t0)
core   0: 3 0x80002ca4 (0x0462c703) x14 0x00000000 mem 0x80012597
core   0: 0x80002ca8 (0x012a6fb3) or      t6, s4, s2
core   0: 3 0x80002ca8 (0x012a6fb3) x31 0x0000001a
core   0: 0x80002cac (0x03f2c403) lbu     s0, 63(t0)
core   0: 3 0x80002cac (0x03f2c403) x 8 0x00000000 mem 0x80012590
core   0: 0x80002cb0 (0xfb2285a3) sb      s2, -85(t0)
core   0: 3 0x80002cb0 (0xfb2285a3) mem 0x800124fc 0x1a
core   0: 0x80002cb4 (0x0342ca03) lbu     s4, 52(t0)
core   0: 3 0x80002cb4 (0x0342ca03) x20 0x00000000 mem 0x80012585
core   0: 0x80002cb8 (0x0092cf83) lbu     t6, 9(t0)
core   0: 3 0x80002cb8 (0x0092cf83) x31 0x00000000 mem 0x8001255a
core   0: 0x80002cbc (0x00000ff9) c.addi  t6, 30
core   0: 3 0x80002cbc (0x0ff9) x31 0x0000001e
core   0: 0x80002cbe (0x01470fb3) add     t6, a4, s4
core   0: 3 0x80002cbe (0x01470fb3) x31 0x00000000
core   0: 0x80002cc2 (0xf2e28a03) lb      s4, -210(t0)
core   0: 3 0x80002cc2 (0xf2e28a03) x20 0x00000000 mem 0x8001247f
core   0: 0x80002cc6 (0xfa828403) lb      s0, -88(t0)
core   0: 3 0x80002cc6 (0xfa828403) x 8 0x00000000 mem 0x800124f9
core   0: 0x80002cca (0x028fefb3) rem     t6, t6, s0
core   0: 3 0x80002cca (0x028fefb3) x31 0x00000000
core   0: 0x80002cce (0x0752c403) lbu     s0, 117(t0)
core   0: 3 0x80002cce (0x0752c403) x 8 0x00000000 mem 0x800125c6
core   0: 0x80002cd2 (0xfb428023) sb      s4, -96(t0)
core   0: 3 0x80002cd2 (0xfb428023) mem 0x800124f1 0x0
core   0: 0x80002cd6 (0x0e02c403) lbu     s0, 224(t0)
core   0: 3 0x80002cd6 (0x0e02c403) x 8 0x00000000 mem 0x80012631
core   0: 0x80002cda (0x01241bb3) sll     s7, s0, s2
core   0: 3 0x80002cda (0x01241bb3) x23 0x00000000
core   0: 0x80002cde (0xfbf29ca3) sh      t6, -71(t0)
core   0: 3 0x80002cde (0xfbf29ca3) mem 0x8001250a 0x0000
core   0: 0x80002ce2 (0x037fb733) mulhu   a4, t6, s7
core   0: 3 0x80002ce2 (0x037fb733) x14 0x00000000
core   0: 0x80002ce6 (0xfd22c703) lbu     a4, -46(t0)
core   0: 3 0x80002ce6 (0xfd22c703) x14 0x00000000 mem 0x80012523
core   0: 0x80002cea (0x0622ca03) lbu     s4, 98(t0)
core   0: 3 0x80002cea (0x0622ca03) x20 0x00000000 mem 0x800125b3
core   0: 0x80002cee (0xf922ca03) lbu     s4, -110(t0)
core   0: 3 0x80002cee (0xf922ca03) x20 0x00000000 mem 0x800124e3
core   0: 0x80002cf2 (0xff529703) lh      a4, -11(t0)
core   0: 3 0x80002cf2 (0xff529703) x14 0x00000000 mem 0x80012546
core   0: 0x80002cf6 (0x03247bb3) remu    s7, s0, s2
core   0: 3 0x80002cf6 (0x03247bb3) x23 0x00000000
core   0: 0x80002cfa (0xfac28903) lb      s2, -84(t0)
core   0: 3 0x80002cfa (0xfac28903) x18 0x00000000 mem 0x800124fd
core   0: 0x80002cfe (0x0142cb83) lbu     s7, 20(t0)
core   0: 3 0x80002cfe (0x0142cb83) x23 0x00000000 mem 0x80012565
core   0: 0x80002d02 (0x00010117) auipc   sp, 0x10
core   0: 3 0x80002d02 (0x00010117) x 2 0x80012d02
core   0: 0x80002d06 (0xb5b10113) addi    sp, sp, -1189
core   0: 3 0x80002d06 (0xb5b10113) x 2 0x8001285d
core   0: 0x80002d0a (0xf6712a03) lw      s4, -153(sp)
core   0: 3 0x80002d0a (0xf6712a03) x20 0x00000000 mem 0x800127c4
core   0: 0x80002d0e (0xf90113a3) sh      a6, -121(sp)
core   0: 3 0x80002d0e (0xf90113a3) mem 0x800127e4 0x0000
core   0: 0x80002d12 (0x034117b3) mulh    a5, sp, s4
core   0: 3 0x80002d12 (0x034117b3) x15 0x00000000
core   0: 0x80002d16 (0x0b315783) lhu     a5, 179(sp)
core   0: 3 0x80002d16 (0x0b315783) x15 0x00000000 mem 0x80012910
core   0: 0x80002d1a (0x00008d29) c.xor   a0, a0
core   0: 3 0x80002d1a (0x8d29) x10 0x00000000
core   0: 0x80002d1c (0x264b4893) xori    a7, s6, 612
core   0: 3 0x80002d1c (0x264b4893) x17 0x8001bc57
core   0: 0x80002d20 (0x07110023) sb      a7, 96(sp)
core   0: 3 0x80002d20 (0x07110023) mem 0x800128bd 0x57
core   0: 0x80002d24 (0x01135a13) srli    s4, t1, 17
core   0: 3 0x80002d24 (0x01135a13) x20 0x00000000
core   0: 0x80002d28 (0x01910c83) lb      s9, 25(sp)
core   0: 3 0x80002d28 (0x01910c83) x25 0x00000000 mem 0x80012876
core   0: 0x80002d2c (0xf9b14b83) lbu     s7, -101(sp)
core   0: 3 0x80002d2c (0xf9b14b83) x23 0x00000000 mem 0x800127f8
core   0: 0x80002d30 (0x00009846) c.add   a6, a7
core   0: 3 0x80002d30 (0x9846) x16 0x8001bc57
core   0: 0x80002d32 (0xf9410723) sb      s4, -114(sp)
core   0: 3 0x80002d32 (0xf9410723) mem 0x800127eb 0x0
core   0: 0x80002d36 (0x00009d7a) c.add   s10, t5
core   0: 3 0x80002d36 (0x9d7a) x26 0x80002b8c
core   0: 0x80002d38 (0xf7814b83) lbu     s7, -136(sp)
core   0: 3 0x80002d38 (0xf7814b83) x23 0x00000000 mem 0x800127d5
core   0: 0x80002d3c (0x40875db3) sra     s11, a4, s0
core   0: 3 0x80002d3c (0x40875db3) x27 0x00000000
core   0: 0x80002d40 (0xf2314483) lbu     s1, -221(sp)
core   0: 3 0x80002d40 (0xf2314483) x 9 0x00000000 mem 0x80012780
core   0: 0x80002d44 (0x0cc10483) lb      s1, 204(sp)
core   0: 3 0x80002d44 (0x0cc10483) x 9 0x00000000 mem 0x80012929
core   0: 0x80002d48 (0xff310b03) lb      s6, -13(sp)
core   0: 3 0x80002d48 (0xff310b03) x22 0x00000000 mem 0x80012850
core   0: 0x80002d4c (0xf9111a03) lh      s4, -111(sp)
core   0: 3 0x80002d4c (0xf9111a03) x20 0x00000000 mem 0x800127ee
core   0: 0x80002d50 (0x6bd72013) slti    zero, a4, 1725
core   0: 3 0x80002d50 (0x6bd72013)
core   0: 0x80002d54 (0x05614503) lbu     a0, 86(sp)
core   0: 3 0x80002d54 (0x05614503) x10 0x00000000 mem 0x800128b3
core   0: 0x80002d58 (0x01bdebb3) or      s7, s11, s11
core   0: 3 0x80002d58 (0x01bdebb3) x23 0x00000000
core   0: 0x80002d5c (0x013f8033) add     zero, t6, s3
core   0: 3 0x80002d5c (0x013f8033)
core   0: 0x80002d60 (0x0b010083) lb      ra, 176(sp)
core   0: 3 0x80002d60 (0x0b010083) x 1 0x00000000 mem 0x8001290d
core   0: 0x80002d64 (0xfac10f03) lb      t5, -84(sp)
core   0: 3 0x80002d64 (0xfac10f03) x30 0x00000000 mem 0x80012809
core   0: 0x80002d68 (0x00004505) c.li    a0, 1
core   0: 3 0x80002d68 (0x4505) x10 0x00000001
core   0: 0x80002d6a (0xfe910a23) sb      s1, -12(sp)
core   0: 3 0x80002d6a (0xfe910a23) mem 0x80012851 0x0
core   0: 0x80002d6e (0x09d10603) lb      a2, 157(sp)
core   0: 3 0x80002d6e (0x09d10603) x12 0x00000000 mem 0x800128fa
core   0: 0x80002d72 (0x0128f1b3) and     gp, a7, s2
core   0: 3 0x80002d72 (0x0128f1b3) x 3 0x00000000
core   0: 0x80002d76 (0xfbe14483) lbu     s1, -66(sp)
core   0: 3 0x80002d76 (0xfbe14483) x 9 0x00000000 mem 0x8001281b
core   0: 0x80002d7a (0x0f97e0b7) lui     ra, 0xf97e
core   0: 3 0x80002d7a (0x0f97e0b7) x 1 0x0f97e000
core   0: 0x80002d7e (0x0e910c83) lb      s9, 233(sp)
core   0: 3 0x80002d7e (0x0e910c83) x25 0x00000000 mem 0x80012946
core   0: 0x80002d82 (0x0388b833) mulhu   a6, a7, s8
core   0: 3 0x80002d82 (0x0388b833) x16 0x00000000
core   0: 0x80002d86 (0x00006771) c.lui   a4, 0x1c
core   0: 3 0x80002d86 (0x6771) x14 0x0001c000
core   0: 0x80002d88 (0x00009936) c.add   s2, a3
core   0: 3 0x80002d88 (0x9936) x18 0x00000000
core   0: 0x80002d8a (0x02461bb3) mulh    s7, a2, tp
core   0: 3 0x80002d8a (0x02461bb3) x23 0x00000000
core   0: 0x80002d8e (0x07914e83) lbu     t4, 121(sp)
core   0: 3 0x80002d8e (0x07914e83) x29 0x00000000 mem 0x800128d6
core   0: 0x80002d92 (0x03b862b3) rem     t0, a6, s11
core   0: 3 0x80002d92 (0x03b862b3) x 5 0x00000000
core   0: 0x80002d96 (0xf6c10f23) sb      a2, -130(sp)
core   0: 3 0x80002d96 (0xf6c10f23) mem 0x800127db 0x0
core   0: 0x80002d9a (0xff3100a3) sb      s3, -31(sp)
core   0: 3 0x80002d9a (0xff3100a3) mem 0x8001283e 0xb
core   0: 0x80002d9e (0x03c14503) lbu     a0, 60(sp)
core   0: 3 0x80002d9e (0x03c14503) x10 0x00000000 mem 0x80012899
core   0: 0x80002da2 (0x000067c5) c.lui   a5, 0x11
core   0: 3 0x80002da2 (0x67c5) x15 0x00011000
core   0: 0x80002da4 (0x01f7f193) andi    gp, a5, 31
core   0: 3 0x80002da4 (0x01f7f193) x 3 0x00000000
core   0: 0x80002da8 (0x01a14e83) lbu     t4, 26(sp)
core   0: 3 0x80002da8 (0x01a14e83) x29 0x00000000 mem 0x80012877
core   0: 0x80002dac (0xff014983) lbu     s3, -16(sp)
core   0: 3 0x80002dac (0xff014983) x19 0x00000000 mem 0x8001284d
core   0: 0x80002db0 (0x0ff0000f) fence   iorw,iorw
core   0: 3 0x80002db0 (0x0ff0000f)
core   0: 0x80002db4 (0x07d10703) lb      a4, 125(sp)
core   0: 3 0x80002db4 (0x07d10703) x14 0x00000000 mem 0x800128da
core   0: 0x80002db8 (0x034cafb3) mulhsu  t6, s9, s4
core   0: 3 0x80002db8 (0x034cafb3) x31 0x00000000
core   0: 0x80002dbc (0x00008e79) c.and   a2, a4
core   0: 3 0x80002dbc (0x8e79) x12 0x00000000
core   0: 0x80002dbe (0xf0b12b03) lw      s6, -245(sp)
core   0: 3 0x80002dbe (0xf0b12b03) x22 0x00000000 mem 0x80012768
core   0: 0x80002dc2 (0xfba14503) lbu     a0, -70(sp)
core   0: 3 0x80002dc2 (0xfba14503) x10 0x00000000 mem 0x80012817
core   0: 0x80002dc6 (0x04f10c23) sb      a5, 88(sp)
core   0: 3 0x80002dc6 (0x04f10c23) mem 0x800128b5 0x0
core   0: 0x80002dca (0x017fbbb3) sltu    s7, t6, s7
core   0: 3 0x80002dca (0x017fbbb3) x23 0x00000000
core   0: 0x80002dce (0x416c0f33) sub     t5, s8, s6
core   0: 3 0x80002dce (0x416c0f33) x30 0x00000000
core   0: 0x80002dd2 (0xfe510283) lb      t0, -27(sp)
core   0: 3 0x80002dd2 (0xfe510283) x 5 0x00000000 mem 0x80012842
core   0: 0x80002dd6 (0x0140026f) jal     tp, pc + 0x14
core   0: 3 0x80002dd6 (0x0140026f) x 4 0x80002dda
core   0: 0x80002dea (0xff5ff0ef) jal     pc - 0xc
core   0: 3 0x80002dea (0xff5ff0ef) x 1 0x80002dee
core   0: 0x80002dde (0x00002005) c.jal   pc + 32
core   0: 3 0x80002dde (0x2005) x 1 0x80002de0
core   0: 0x80002dfe (0x00003ff5) c.jal   pc - 4
core   0: 3 0x80002dfe (0x3ff5) x 1 0x80002e00
core   0: 0x80002dfa (0x0000b7c5) c.j     pc - 32
core   0: 3 0x80002dfa (0xb7c5)
core   0: 0x80002dda (0x014000ef) jal     pc + 0x14
core   0: 3 0x80002dda (0x014000ef) x 1 0x80002dde
core   0: 0x80002dee (0x0000a021) c.j     pc + 8
core   0: 3 0x80002dee (0xa021)
core   0: 0x80002df6 (0x00600bef) jal     s7, pc + 0x6
core   0: 3 0x80002df6 (0x00600bef) x23 0x80002dfa
core   0: 0x80002dfc (0x000037d5) c.jal   pc - 28
core   0: 3 0x80002dfc (0x37d5) x 1 0x80002dfe
core   0: 0x80002de0 (0x020000ef) jal     pc + 0x20
core   0: 3 0x80002de0 (0x020000ef) x 1 0x80002de4
core   0: 0x80002e00 (0xff5ff0ef) jal     pc - 0xc
core   0: 3 0x80002e00 (0xff5ff0ef) x 1 0x80002e04
core   0: 0x80002df4 (0x0000bff5) c.j     pc - 4
core   0: 3 0x80002df4 (0xbff5)
core   0: 0x80002df0 (0xff5fffef) jal     t6, pc - 0xc
core   0: 3 0x80002df0 (0xff5fffef) x31 0x80002df4
core   0: 0x80002de4 (0x004006ef) jal     a3, pc + 0x4
core   0: 3 0x80002de4 (0x004006ef) x13 0x80002de8
core   0: 0x80002de8 (0x0000a831) c.j     pc + 28
core   0: 3 0x80002de8 (0xa831)
core   0: 0x80002e04 (0x00008eea) c.mv    t4, s10
core   0: 3 0x80002e04 (0x8eea) x29 0x80002b8c
core   0: 0x80002e06 (0x0000fa17) auipc   s4, 0xf
core   0: 3 0x80002e06 (0x0000fa17) x20 0x80011e06
core   0: 0x80002e0a (0xd4ca0a13) addi    s4, s4, -692
core   0: 3 0x80002e0a (0xd4ca0a13) x20 0x80011b52
core   0: 0x80002e0e (0xb6ea2b23) sw      a4, -1162(s4)
core   0: 3 0x80002e0e (0xb6ea2b23) mem 0x800116c8 0x00000000
core   0: 0x80002e12 (0xb7ea0b23) sb      t5, -1162(s4)
core   0: 3 0x80002e12 (0xb7ea0b23) mem 0x800116c8 0x0
core   0: 0x80002e16 (0xb76a4003) lbu     zero, -1162(s4)
core   0: 3 0x80002e16 (0xb76a4003) mem 0x800116c8
core   0: 0x80002e1a (0xb79a1b23) sh      s9, -1162(s4)
core   0: 3 0x80002e1a (0xb79a1b23) mem 0x800116c8 0x0000
core   0: 0x80002e1e (0xb76a5e83) lhu     t4, -1162(s4)
core   0: 3 0x80002e1e (0xb76a5e83) x29 0x00000000 mem 0x800116c8
core   0: 0x80002e22 (0xb79a1b23) sh      s9, -1162(s4)
core   0: 3 0x80002e22 (0xb79a1b23) mem 0x800116c8 0x0000
core   0: 0x80002e26 (0xf42a4703) lbu     a4, -190(s4)
core   0: 3 0x80002e26 (0xf42a4703) x14 0x00000000 mem 0x80011a94
core   0: 0x80002e2a (0x5eca0ba3) sb      a2, 1527(s4)
core   0: 3 0x80002e2a (0x5eca0ba3) mem 0x80012149 0x0
core   0: 0x80002e2e (0x5f7a4c83) lbu     s9, 1527(s4)
core   0: 3 0x80002e2e (0x5f7a4c83) x25 0x00000000 mem 0x80012149
core   0: 0x80002e32 (0x5f7a0903) lb      s2, 1527(s4)
core   0: 3 0x80002e32 (0x5f7a0903) x18 0x00000000 mem 0x80012149
core   0: 0x80002e36 (0x5f7a0883) lb      a7, 1527(s4)
core   0: 3 0x80002e36 (0x5f7a0883) x17 0x00000000 mem 0x80012149
core   0: 0x80002e3a (0xf33b3c13) sltiu   s8, s6, -205
core   0: 3 0x80002e3a (0xf33b3c13) x24 0x00000001
core   0: 0x80002e3e (0x5f7a4303) lbu     t1, 1527(s4)
core   0: 3 0x80002e3e (0x5f7a4303) x 6 0x00000000 mem 0x80012149
core   0: 0x80002e42 (0x288a0483) lb      s1, 648(s4)
core   0: 3 0x80002e42 (0x288a0483) x 9 0x00000000 mem 0x80011dda
core   0: 0x80002e46 (0x28ea0423) sb      a4, 648(s4)
core   0: 3 0x80002e46 (0x28ea0423) mem 0x80011dda 0x0
core   0: 0x80002e4a (0xc26a08a3) sb      t1, -975(s4)
core   0: 3 0x80002e4a (0xc26a08a3) mem 0x80011783 0x0
core   0: 0x80002e4e (0xc31a0d83) lb      s11, -975(s4)
core   0: 3 0x80002e4e (0xc31a0d83) x27 0x00000000 mem 0x80011783
core   0: 0x80002e52 (0xc2ba08a3) sb      a1, -975(s4)
core   0: 3 0x80002e52 (0xc2ba08a3) mem 0x80011783 0x3
core   0: 0x80002e56 (0xc31a0f83) lb      t6, -975(s4)
core   0: 3 0x80002e56 (0xc31a0f83) x31 0x00000003 mem 0x80011783
core   0: 0x80002e5a (0xc37a08a3) sb      s7, -975(s4)
core   0: 3 0x80002e5a (0xc37a08a3) mem 0x80011783 0xfa
core   0: 0x80002e5e (0x0000e917) auipc   s2, 0xe
core   0: 3 0x80002e5e (0x0000e917) x18 0x80010e5e
core   0: 0x80002e62 (0xc2c90913) addi    s2, s2, -980
core   0: 3 0x80002e62 (0xc2c90913) x18 0x80010a8a
core   0: 0x80002e66 (0x02794e03) lbu     t3, 39(s2)
core   0: 3 0x80002e66 (0x02794e03) x28 0x00000000 mem 0x80010ab1
core   0: 0x80002e6a (0x80244113) xori    sp, s0, -2046
core   0: 3 0x80002e6a (0x80244113) x 2 0xfffff802
core   0: 0x80002e6e (0xfee90283) lb      t0, -18(s2)
core   0: 3 0x80002e6e (0xfee90283) x 5 0x00000000 mem 0x80010a78
core   0: 0x80002e72 (0x00006115) c.addi16sp sp, 288
core   0: 3 0x80002e72 (0x6115) x 2 0xfffff922
core   0: 0x80002e74 (0x00000c72) c.slli  s8, 28
core   0: 3 0x80002e74 (0x0c72) x24 0x10000000
core   0: 0x80002e76 (0x02a906a3) sb      a0, 45(s2)
core   0: 3 0x80002e76 (0x02a906a3) mem 0x80010ab7 0x0
core   0: 0x80002e7a (0xff790703) lb      a4, -9(s2)
core   0: 3 0x80002e7a (0xff790703) x14 0x00000000 mem 0x80010a81
core   0: 0x80002e7e (0x00008ced) c.and   s1, a1
core   0: 3 0x80002e7e (0x8ced) x 9 0x00000000
core   0: 0x80002e80 (0xfdd90b23) sb      t4, -42(s2)
core   0: 3 0x80002e80 (0xfdd90b23) mem 0x80010a60 0x0
core   0: 0x80002e84 (0x0076bd33) sltu    s10, a3, t2
core   0: 3 0x80002e84 (0x0076bd33) x26 0x00000001
core   0: 0x80002e88 (0x037906a3) sb      s7, 45(s2)
core   0: 3 0x80002e88 (0x037906a3) mem 0x80010ab7 0xfa
core   0: 0x80002e8c (0x00008e85) c.sub   a3, s1
core   0: 3 0x80002e8c (0x8e85) x13 0x80002de8
core   0: 0x80002e8e (0x00008be1) c.andi  a5, 24
core   0: 3 0x80002e8e (0x8be1) x15 0x00000000
core   0: 0x80002e90 (0xfdb90023) sb      s11, -64(s2)
core   0: 3 0x80002e90 (0xfdb90023) mem 0x80010a4a 0x0
core   0: 0x80002e94 (0x017c2db3) slt     s11, s8, s7
core   0: 3 0x80002e94 (0x017c2db3) x27 0x00000000
core   0: 0x80002e98 (0x00008ca5) c.xor   s1, s1
core   0: 3 0x80002e98 (0x8ca5) x 9 0x00000000
core   0: 0x80002e9a (0x00b2a813) slti    a6, t0, 11
core   0: 3 0x80002e9a (0x00b2a813) x16 0x00000001
core   0: 0x80002e9e (0xa5854f93) xori    t6, a0, -1448
core   0: 3 0x80002e9e (0xa5854f93) x31 0xfffffa58
core   0: 0x80002ea2 (0x00594603) lbu     a2, 5(s2)
core   0: 3 0x80002ea2 (0x00594603) x12 0x00000000 mem 0x80010a8f
core   0: 0x80002ea6 (0x001ad413) srli    s0, s5, 1
core   0: 3 0x80002ea6 (0x001ad413) x 8 0x40014e72
core   0: 0x80002eaa (0xfcb94f03) lbu     t5, -53(s2)
core   0: 3 0x80002eaa (0xfcb94f03) x30 0x000000e4 mem 0x80010a55
core   0: 0x80002eae (0xff390f83) lb      t6, -13(s2)
core   0: 3 0x80002eae (0xff390f83) x31 0x00000000 mem 0x80010a7d
core   0: 0x80002eb2 (0x030901a3) sb      a6, 35(s2)
core   0: 3 0x80002eb2 (0x030901a3) mem 0x80010aad 0x1
core   0: 0x80002eb6 (0x00004ebd) c.li    t4, 15
core   0: 3 0x80002eb6 (0x4ebd) x29 0x0000000f
core   0: 0x80002eb8 (0xfc891603) lh      a2, -56(s2)
core   0: 3 0x80002eb8 (0xfc891603) x12 0x00000000 mem 0x80010a52
core   0: 0x80002ebc (0xfd190803) lb      a6, -47(s2)
core   0: 3 0x80002ebc (0xfd190803) x16 0x00000000 mem 0x80010a5b
core   0: 0x80002ec0 (0x0eea6f97) auipc   t6, 0xeea6
core   0: 3 0x80002ec0 (0x0eea6f97) x31 0x8eea8ec0
core   0: 0x80002ec4 (0x02694983) lbu     s3, 38(s2)
core   0: 3 0x80002ec4 (0x02694983) x19 0x00000000 mem 0x80010ab0
core   0: 0x80002ec8 (0x02ebbfb3) mulhu   t6, s7, a4
core   0: 3 0x80002ec8 (0x02ebbfb3) x31 0x00000000
core   0: 0x80002ecc (0x0383ee33) rem     t3, t2, s8
core   0: 3 0x80002ecc (0x0383ee33) x28 0xf0025e48
core   0: 0x80002ed0 (0x3c63c713) xori    a4, t2, 966
core   0: 3 0x80002ed0 (0x3c63c713) x14 0x80025d8e
core   0: 0x80002ed4 (0x03d5fdb3) remu    s11, a1, t4
core   0: 3 0x80002ed4 (0x03d5fdb3) x27 0x0000000a
core   0: 0x80002ed8 (0xfe790703) lb      a4, -25(s2)
core   0: 3 0x80002ed8 (0xfe790703) x14 0x00000000 mem 0x80010a71
core   0: 0x80002edc (0x41385813) srai    a6, a6, 19
core   0: 3 0x80002edc (0x41385813) x16 0x00000000
core   0: 0x80002ee0 (0x00a59fb3) sll     t6, a1, a0
core   0: 3 0x80002ee0 (0x00a59fb3) x31 0x01a73103
core   0: 0x80002ee4 (0xfd0907a3) sb      a6, -49(s2)
core   0: 3 0x80002ee4 (0xfd0907a3) mem 0x80010a59 0x0
core   0: 0x80002ee8 (0x029907a3) sb      s1, 47(s2)
core   0: 3 0x80002ee8 (0x029907a3) mem 0x80010ab9 0x0
core   0: 0x80002eec (0x03e3db33) divu    s6, t2, t5
core   0: 3 0x80002eec (0x03e3db33) x22 0x008fbacc
core   0: 0x80002ef0 (0x0000717d) c.addi16sp sp, -16
core   0: 3 0x80002ef0 (0x717d) x 2 0xfffff912
core   0: 0x80002ef2 (0x01494303) lbu     t1, 20(s2)
core   0: 3 0x80002ef2 (0x01494303) x 6 0x00000000 mem 0x80010a9e
core   0: 0x80002ef6 (0xfe392523) sw      gp, -22(s2)
core   0: 3 0x80002ef6 (0xfe392523) mem 0x80010a74 0x00000000
core   0: 0x80002efa (0x02691d03) lh      s10, 38(s2)
core   0: 3 0x80002efa (0x02691d03) x26 0x00000000 mem 0x80010ab0
core   0: 0x80002efe (0xfe292523) sw      sp, -22(s2)
core   0: 3 0x80002efe (0xfe292523) mem 0x80010a74 0xfffff912
core   0: 0x80002f02 (0xfce92a03) lw      s4, -50(s2)
core   0: 3 0x80002f02 (0xfce92a03) x20 0x00000000 mem 0x80010a58
core   0: 0x80002f06 (0x02594b83) lbu     s7, 37(s2)
core   0: 3 0x80002f06 (0x02594b83) x23 0x00000000 mem 0x80010aaf
core   0: 0x80002f0a (0x02894e83) lbu     t4, 40(s2)
core   0: 3 0x80002f0a (0x02894e83) x29 0x00000000 mem 0x80010ab2
core   0: 0x80002f0e (0xfda91f83) lh      t6, -38(s2)
core   0: 3 0x80002f0e (0xfda91f83) x31 0x00000000 mem 0x80010a64
core   0: 0x80002f12 (0x0000e417) auipc   s0, 0xe
core   0: 3 0x80002f12 (0x0000e417) x 8 0x80010f12
core   0: 0x80002f16 (0xb5540413) addi    s0, s0, -1195
core   0: 3 0x80002f16 (0xb5540413) x 8 0x80010a67
core   0: 0x80002f1a (0x0000d197) auipc   gp, 0xd
core   0: 3 0x80002f1a (0x0000d197) x 3 0x8000ff1a
core   0: 0x80002f1e (0x3c118193) addi    gp, gp, 961
core   0: 3 0x80002f1e (0x3c118193) x 3 0x800102db
core   0: 0x80002f22 (0x01d411a3) sh      t4, 3(s0)
core   0: 3 0x80002f22 (0x01d411a3) mem 0x80010a6a 0x0000
core   0: 0x80002f26 (0x01b18823) sb      s11, 16(gp)
core   0: 3 0x80002f26 (0x01b18823) mem 0x800102eb 0xa
core   0: 0x80002f2a (0xf071cb03) lbu     s6, -249(gp)
core   0: 3 0x80002f2a (0xf071cb03) x22 0x00000000 mem 0x800101e2
core   0: 0x80002f2e (0x00b44503) lbu     a0, 11(s0)
core   0: 3 0x80002f2e (0x00b44503) x10 0x00000000 mem 0x80010a72
core   0: 0x80002f32 (0xfb51dc03) lhu     s8, -75(gp)
core   0: 3 0x80002f32 (0xfb51dc03) x24 0x00000000 mem 0x80010290
core   0: 0x80002f36 (0x0d918e23) sb      s9, 220(gp)
core   0: 3 0x80002f36 (0x0d918e23) mem 0x800103b7 0x0
core   0: 0x80002f3a (0xfc9405a3) sb      s1, -53(s0)
core   0: 3 0x80002f3a (0xfc9405a3) mem 0x80010a32 0x0
core   0: 0x80002f3e (0xfb618123) sb      s6, -94(gp)
core   0: 3 0x80002f3e (0xfb618123) mem 0x8001027d 0x0
core   0: 0x80002f42 (0x00b40d23) sb      a1, 26(s0)
core   0: 3 0x80002f42 (0x00b40d23) mem 0x80010a81 0x3
core   0: 0x80002f46 (0xfaa18e83) lb      t4, -86(gp)
core   0: 3 0x80002f46 (0xfaa18e83) x29 0x00000000 mem 0x80010285
core   0: 0x80002f4a (0xf12199a3) sh      s2, -237(gp)
core   0: 3 0x80002f4a (0xf12199a3) mem 0x800101ee 0x0a8a
core   0: 0x80002f4e (0x0091af83) lw      t6, 9(gp)
core   0: 3 0x80002f4e (0x0091af83) x31 0x00000000 mem 0x800102e4
core   0: 0x80002f52 (0x025424a3) sw      t0, 41(s0)
core   0: 3 0x80002f52 (0x025424a3) mem 0x80010a90 0x00000000
core   0: 0x80002f56 (0x06f18423) sb      a5, 104(gp)
core   0: 3 0x80002f56 (0x06f18423) mem 0x80010343 0x0
core   0: 0x80002f5a (0x01440503) lb      a0, 20(s0)
core   0: 3 0x80002f5a (0x01440503) x10 0x00000000 mem 0x80010a7b
core   0: 0x80002f5e (0x00040083) lb      ra, 0(s0)
core   0: 3 0x80002f5e (0x00040083) x 1 0x00000000 mem 0x80010a67
core   0: 0x80002f62 (0xf6618523) sb      t1, -150(gp)
core   0: 3 0x80002f62 (0xf6618523) mem 0x80010245 0x0
core   0: 0x80002f66 (0xfeb41503) lh      a0, -21(s0)
core   0: 3 0x80002f66 (0xfeb41503) x10 0x00000000 mem 0x80010a52
core   0: 0x80002f6a (0xfda44983) lbu     s3, -38(s0)
core   0: 3 0x80002f6a (0xfda44983) x19 0x00000000 mem 0x80010a41
core   0: 0x80002f6e (0x0060026f) jal     tp, pc + 0x6
core   0: 3 0x80002f6e (0x0060026f) x 4 0x80002f72
core   0: 0x80002f74 (0x00002809) c.jal   pc + 18
core   0: 3 0x80002f74 (0x2809) x 1 0x80002f76
core   0: 0x80002f86 (0x0040036f) jal     t1, pc + 0x4
core   0: 3 0x80002f86 (0x0040036f) x 6 0x80002f8a
core   0: 0x80002f8a (0xfe9ff0ef) jal     pc - 0x18
core   0: 3 0x80002f8a (0xfe9ff0ef) x 1 0x80002f8e
core   0: 0x80002f72 (0x00002015) c.jal   pc + 36
core   0: 3 0x80002f72 (0x2015) x 1 0x80002f74
core   0: 0x80002f96 (0xfefff0ef) jal     pc - 0x12
core   0: 3 0x80002f96 (0xfefff0ef) x 1 0x80002f9a
core   0: 0x80002f84 (0x00003fcd) c.jal   pc - 14
core   0: 3 0x80002f84 (0x3fcd) x 1 0x80002f86
core   0: 0x80002f76 (0x01c0036f) jal     t1, pc + 0x1c
core   0: 3 0x80002f76 (0x01c0036f) x 6 0x80002f7a
core   0: 0x80002f92 (0xffdff36f) jal     t1, pc - 0x4
core   0: 3 0x80002f92 (0xffdff36f) x 6 0x80002f96
core   0: 0x80002f8e (0xfefff0ef) jal     pc - 0x12
core   0: 3 0x80002f8e (0xfefff0ef) x 1 0x80002f92
core   0: 0x80002f7c (0x01e000ef) jal     pc + 0x1e
core   0: 3 0x80002f7c (0x01e000ef) x 1 0x80002f80
core   0: 0x80002f9a (0xfe9ff36f) jal     t1, pc - 0x18
core   0: 3 0x80002f9a (0xfe9ff36f) x 6 0x80002f9e
core   0: 0x80002f82 (0x0000bfe5) c.j     pc - 8
core   0: 3 0x80002f82 (0xbfe5)
core   0: 0x80002f7a (0x0000a019) c.j     pc + 6
core   0: 3 0x80002f7a (0xa019)
core   0: 0x80002f80 (0x00002839) c.jal   pc + 30
core   0: 3 0x80002f80 (0x2839) x 1 0x80002f82
core   0: 0x80002f9e (0x038672b3) remu    t0, a2, s8
core   0: 3 0x80002f9e (0x038672b3) x 5 0x00000000
core   0: 0x80002fa2 (0x0000d117) auipc   sp, 0xd
core   0: 3 0x80002fa2 (0x0000d117) x 2 0x8000ffa2
core   0: 0x80002fa6 (0x10c10113) addi    sp, sp, 268
core   0: 3 0x80002fa6 (0x10c10113) x 2 0x800100ae
core   0: 0x80002faa (0x03415703) lhu     a4, 52(sp)
core   0: 3 0x80002faa (0x03415703) x14 0x00000000 mem 0x800100e2
core   0: 0x80002fae (0x02c10ea3) sb      a2, 61(sp)
core   0: 3 0x80002fae (0x02c10ea3) mem 0x800100eb 0x0
core   0: 0x80002fb2 (0x02212d03) lw      s10, 34(sp)
core   0: 3 0x80002fb2 (0x02212d03) x26 0x00000000 mem 0x800100d0
core   0: 0x80002fb6 (0x00008e09) c.sub   a2, a0
core   0: 3 0x80002fb6 (0x8e09) x12 0x00000000
core   0: 0x80002fb8 (0xfcf106a3) sb      a5, -51(sp)
core   0: 3 0x80002fb8 (0xfcf106a3) mem 0x8001007b 0x0
core   0: 0x80002fbc (0x02010183) lb      gp, 32(sp)
core   0: 3 0x80002fbc (0x02010183) x 3 0x00000000 mem 0x800100ce
core   0: 0x80002fc0 (0x0000845e) c.mv    s0, s7
core   0: 3 0x80002fc0 (0x845e) x 8 0x00000000
core   0: 0x80002fc2 (0xff010ca3) sb      a6, -7(sp)
core   0: 3 0x80002fc2 (0xff010ca3) mem 0x800100a7 0x0
core   0: 0x80002fc6 (0x09c42f13) slti    t5, s0, 156
core   0: 3 0x80002fc6 (0x09c42f13) x30 0x00000001
core   0: 0x80002fca (0x00008c35) c.xor   s0, a3
core   0: 3 0x80002fca (0x8c35) x 8 0x80002de8
core   0: 0x80002fcc (0xffd10403) lb      s0, -3(sp)
core   0: 3 0x80002fcc (0xffd10403) x 8 0x00000000 mem 0x800100ab
core   0: 0x80002fd0 (0xfeb10183) lb      gp, -21(sp)
core   0: 3 0x80002fd0 (0xfeb10183) x 3 0x00000000 mem 0x80010099
core   0: 0x80002fd4 (0xfeb14083) lbu     ra, -21(sp)
core   0: 3 0x80002fd4 (0xfeb14083) x 1 0x00000000 mem 0x80010099
core   0: 0x80002fd8 (0xff612a03) lw      s4, -10(sp)
core   0: 3 0x80002fd8 (0xff612a03) x20 0x00000000 mem 0x800100a4
core   0: 0x80002fdc (0x03910b03) lb      s6, 57(sp)
core   0: 3 0x80002fdc (0x03910b03) x22 0x00000000 mem 0x800100e7
core   0: 0x80002fe0 (0x02811403) lh      s0, 40(sp)
core   0: 3 0x80002fe0 (0x02811403) x 8 0x00000000 mem 0x800100d6
core   0: 0x80002fe4 (0xfcf109a3) sb      a5, -45(sp)
core   0: 3 0x80002fe4 (0xfcf109a3) mem 0x80010081 0x0
core   0: 0x80002fe8 (0xfd510223) sb      s5, -60(sp)
core   0: 3 0x80002fe8 (0xfd510223) mem 0x80010072 0xe4
core   0: 0x80002fec (0xfca10f83) lb      t6, -54(sp)
core   0: 3 0x80002fec (0xfca10f83) x31 0x00000000 mem 0x80010078
core   0: 0x80002ff0 (0xfafb0d93) addi    s11, s6, -81
core   0: 3 0x80002ff0 (0xfafb0d93) x27 0xffffffaf
core   0: 0x80002ff4 (0xdb1b8813) addi    a6, s7, -591
core   0: 3 0x80002ff4 (0xdb1b8813) x16 0xfffffdb1
core   0: 0x80002ff8 (0xfbc4fa17) auipc   s4, 0xfbc4f
core   0: 3 0x80002ff8 (0xfbc4fa17) x20 0x7bc51ff8
core   0: 0x80002ffc (0x01c12d23) sw      t3, 26(sp)
core   0: 3 0x80002ffc (0x01c12d23) mem 0x800100c8 0xf0025e48
core   0: 0x80003000 (0x0000e097) auipc   ra, 0xe
core   0: 3 0x80003000 (0x0000e097) x 1 0x80011000
core   0: 0x80003004 (0xba308093) addi    ra, ra, -1117
core   0: 3 0x80003004 (0xba308093) x 1 0x80010ba3
core   0: 0x80003008 (0x03e08f23) sb      t5, 62(ra)
core   0: 3 0x80003008 (0x03e08f23) mem 0x80010be1 0x1
core   0: 0x8000300c (0x03e08283) lb      t0, 62(ra)
core   0: 3 0x8000300c (0x03e08283) x 5 0x00000001 mem 0x80010be1
core   0: 0x80003010 (0x0ff0000f) fence   iorw,iorw
core   0: 3 0x80003010 (0x0ff0000f)
core   0: 0x80003014 (0x00008295) c.srli  a3, 5
core   0: 3 0x80003014 (0x8295) x13 0x0400016f
core   0: 0x80003016 (0x00008d55) c.or    a0, a3
core   0: 3 0x80003016 (0x8d55) x10 0x0400016f
core   0: 0x80003018 (0x0209f533) remu    a0, s3, zero
core   0: 3 0x80003018 (0x0209f533) x10 0x00000000
core   0: 0x8000301c (0x03b08f23) sb      s11, 62(ra)
core   0: 3 0x8000301c (0x03b08f23) mem 0x80010be1 0xaf
core   0: 0x80003020 (0x02808f23) sb      s0, 62(ra)
core   0: 3 0x80003020 (0x02808f23) mem 0x80010be1 0x0
core   0: 0x80003024 (0x03e08183) lb      gp, 62(ra)
core   0: 3 0x80003024 (0x03e08183) x 3 0x00000000 mem 0x80010be1
core   0: 0x80003028 (0x00008d39) c.xor   a0, a4
core   0: 3 0x80003028 (0x8d39) x10 0x00000000
core   0: 0x8000302a (0x03e08d03) lb      s10, 62(ra)
core   0: 3 0x8000302a (0x03e08d03) x26 0x00000000 mem 0x80010be1
core   0: 0x8000302e (0x03808f23) sb      s8, 62(ra)
core   0: 3 0x8000302e (0x03808f23) mem 0x80010be1 0x0
core   0: 0x80003032 (0x03d08f23) sb      t4, 62(ra)
core   0: 3 0x80003032 (0x03d08f23) mem 0x80010be1 0x0
core   0: 0x80003036 (0x03e08503) lb      a0, 62(ra)
core   0: 3 0x80003036 (0x03e08503) x10 0x00000000 mem 0x80010be1
core   0: 0x8000303a (0x000081c6) c.mv    gp, a7
core   0: 3 0x8000303a (0x81c6) x 3 0x00000000
core   0: 0x8000303c (0x03e08f83) lb      t6, 62(ra)
core   0: 3 0x8000303c (0x03e08f83) x31 0x00000000 mem 0x80010be1
core   0: 0x80003040 (0x03e0c283) lbu     t0, 62(ra)
core   0: 3 0x80003040 (0x03e0c283) x 5 0x00000000 mem 0x80010be1
core   0: 0x80003044 (0x00014c97) auipc   s9, 0x14
core   0: 3 0x80003044 (0x00014c97) x25 0x80017044
core   0: 0x80003048 (0x523c8c93) addi    s9, s9, 1315
core   0: 3 0x80003048 (0x523c8c93) x25 0x80017567
core   0: 0x8000304c (0x40f4deb3) sra     t4, s1, a5
core   0: 3 0x8000304c (0x40f4deb3) x29 0x00000000
core   0: 0x80003050 (0xffbc9983) lh      s3, -5(s9)
core   0: 3 0x80003050 (0xffbc9983) x19 0x00000000 mem 0x80017562
core   0: 0x80003054 (0xff2cc003) lbu     zero, -14(s9)
core   0: 3 0x80003054 (0xff2cc003) mem 0x80017559
core   0: 0x80003058 (0xfeecaea3) sw      a4, -3(s9)
core   0: 3 0x80003058 (0xfeecaea3) mem 0x80017564 0x00000000
core   0: 0x8000305c (0x41825213) srai    tp, tp, 24
core   0: 3 0x8000305c (0x41825213) x 4 0xffffff80
core   0: 0x80003060 (0x00004b59) c.li    s6, 22
core   0: 3 0x80003060 (0x4b59) x22 0x00000016
core   0: 0x80003062 (0x011c8723) sb      a7, 14(s9)
core   0: 3 0x80003062 (0x011c8723) mem 0x80017575 0x0
core   0: 0x80003066 (0x00ecc303) lbu     t1, 14(s9)
core   0: 3 0x80003066 (0x00ecc303) x 6 0x00000000 mem 0x80017575
core   0: 0x8000306a (0x00ec8403) lb      s0, 14(s9)
core   0: 3 0x8000306a (0x00ec8403) x 8 0x00000000 mem 0x80017575
core   0: 0x8000306e (0x009cc103) lbu     sp, 9(s9)
core   0: 3 0x8000306e (0x009cc103) x 2 0x00000000 mem 0x80017570
core   0: 0x80003072 (0x009cc683) lbu     a3, 9(s9)
core   0: 3 0x80003072 (0x009cc683) x13 0x00000000 mem 0x80017570
core   0: 0x80003076 (0xffac8183) lb      gp, -6(s9)
core   0: 3 0x80003076 (0xffac8183) x 3 0x00000000 mem 0x80017561
core   0: 0x8000307a (0x00006e39) c.lui   t3, 0xe
core   0: 3 0x8000307a (0x6e39) x28 0x0000e000
core   0: 0x8000307c (0x005cab83) lw      s7, 5(s9)
core   0: 3 0x8000307c (0x005cab83) x23 0x00000000 mem 0x8001756c
core   0: 0x80003080 (0x00a00b93) li      s7, 10
core   0: 3 0x80003080 (0x00a00b93) x23 0x0000000a
core   0: 0x80003084 (0x00001f7d) c.addi  t5, -1
core   0: 3 0x80003084 (0x1f7d) x30 0x00000000
core   0: 0x80003086 (0x00a00f93) li      t6, 10
core   0: 3 0x80003086 (0x00a00f93) x31 0x0000000a
core   0: 0x8000308a (0x0000100f) fence.i
core   0: 3 0x8000308a (0x0000100f)
core   0: 0x8000308e (0x0d52a137) lui     sp, 0xd52a
core   0: 3 0x8000308e (0x0d52a137) x 2 0x0d52a000
core   0: 0x80003092 (0x00001bdd) c.addi  s7, -9
core   0: 3 0x80003092 (0x1bdd) x23 0x00000001
core   0: 0x80003094 (0x0000547d) c.li    s0, -1
core   0: 3 0x80003094 (0x547d) x 8 0xffffffff
core   0: 0x80003096 (0xffc00693) li      a3, -4
core   0: 3 0x80003096 (0xffc00693) x13 0xfffffffc
core   0: 0x8000309a (0x0081cb33) xor     s6, gp, s0
core   0: 3 0x8000309a (0x0081cb33) x22 0xffffffff
core   0: 0x8000309e (0x00000001) c.nop
core   0: 3 0x8000309e (0x0001)
core   0: 0x800030a0 (0x5481f993) andi    s3, gp, 1352
core   0: 3 0x800030a0 (0x5481f993) x19 0x00000000
core   0: 0x800030a4 (0x00008f49) c.or    a4, a0
core   0: 3 0x800030a4 (0x8f49) x14 0x00000000
core   0: 0x800030a6 (0x848be093) ori     ra, s7, -1976
core   0: 3 0x800030a6 (0x848be093) x 1 0xfffff849
core   0: 0x800030aa (0x000081da) c.mv    gp, s6
core   0: 3 0x800030aa (0x81da) x 3 0xffffffff
core   0: 0x800030ac (0x00000685) c.addi  a3, 1
core   0: 3 0x800030ac (0x0685) x13 0xfffffffd
core   0: 0x800030ae (0x0000daed) c.beqz  a3, pc - 14
core   0: 3 0x800030ae (0xdaed)
core   0: 0x800030b0 (0x000001fa) c.slli  gp, 30
core   0: 3 0x800030b0 (0x01fa) x 3 0xc0000000
core   0: 0x800030b2 (0xfdfbfee3) bgeu    s7, t6, pc - 36
core   0: 3 0x800030b2 (0xfdfbfee3)
core   0: 0x800030b6 (0x00001188) c.addi4spn a0, sp, 224
core   0: 3 0x800030b6 (0x1188) x10 0x0d52a0e0
core   0: 0x800030b8 (0x0000ee17) auipc   t3, 0xe
core   0: 3 0x800030b8 (0x0000ee17) x28 0x800110b8
core   0: 0x800030bc (0x8f1e0e13) addi    t3, t3, -1807
core   0: 3 0x800030bc (0x8f1e0e13) x28 0x800109a9
core   0: 0x800030c0 (0x00000001) c.nop
core   0: 3 0x800030c0 (0x0001)
core   0: 0x800030c2 (0x083e1303) lh      t1, 131(t3)
core   0: 3 0x800030c2 (0x083e1303) x 6 0x00000000 mem 0x80010a2c
core   0: 0x800030c6 (0x081e21a3) sw      ra, 131(t3)
core   0: 3 0x800030c6 (0x081e21a3) mem 0x80010a2c 0xfffff849
core   0: 0x800030ca (0x083e2e83) lw      t4, 131(t3)
core   0: 3 0x800030ca (0x083e2e83) x29 0xfffff849 mem 0x80010a2c
core   0: 0x800030ce (0x08ee01a3) sb      a4, 131(t3)
core   0: 3 0x800030ce (0x08ee01a3) mem 0x80010a2c 0x0
core   0: 0x800030d2 (0x09de21a3) sw      t4, 131(t3)
core   0: 3 0x800030d2 (0x09de21a3) mem 0x80010a2c 0xfffff849
core   0: 0x800030d6 (0x00006379) c.lui   t1, 0x1e
core   0: 3 0x800030d6 (0x6379) x 6 0x0001e000
core   0: 0x800030d8 (0x083e2d83) lw      s11, 131(t3)
core   0: 3 0x800030d8 (0x083e2d83) x27 0xfffff849 mem 0x80010a2c
core   0: 0x800030dc (0x083e11a3) sh      gp, 131(t3)
core   0: 3 0x800030dc (0x083e11a3) mem 0x80010a2c 0x0000
core   0: 0x800030e0 (0x000062f5) c.lui   t0, 0x1d
core   0: 3 0x800030e0 (0x62f5) x 5 0x0001d000
core   0: 0x800030e2 (0x016a5613) srli    a2, s4, 22
core   0: 3 0x800030e2 (0x016a5613) x12 0x000001ef
core   0: 0x800030e6 (0x0b7e4303) lbu     t1, 183(t3)
core   0: 3 0x800030e6 (0x0b7e4303) x 6 0x00000000 mem 0x80010a60
core   0: 0x800030ea (0x0b7e4d03) lbu     s10, 183(t3)
core   0: 3 0x800030ea (0x0b7e4d03) x26 0x00000000 mem 0x80010a60
core   0: 0x800030ee (0x0b7e1283) lh      t0, 183(t3)
core   0: 3 0x800030ee (0x0b7e1283) x 5 0x00000000 mem 0x80010a60
core   0: 0x800030f2 (0x0b7e5f03) lhu     t5, 183(t3)
core   0: 3 0x800030f2 (0x0b7e5f03) x30 0x00000000 mem 0x80010a60
core   0: 0x800030f6 (0x00e99b33) sll     s6, s3, a4
core   0: 3 0x800030f6 (0x00e99b33) x22 0x00000000
core   0: 0x800030fa (0x0a9e1ba3) sh      s1, 183(t3)
core   0: 3 0x800030fa (0x0a9e1ba3) mem 0x80010a60 0x0000
core   0: 0x800030fe (0x00009afd) c.andi  a3, -1
core   0: 3 0x800030fe (0x9afd) x13 0xfffffffd
core   0: 0x80003100 (0x0b7e1a03) lh      s4, 183(t3)
core   0: 3 0x80003100 (0x0b7e1a03) x20 0x00000000 mem 0x80010a60
core   0: 0x80003104 (0x00500613) li      a2, 5
core   0: 3 0x80003104 (0x00500613) x12 0x00000005
core   0: 0x80003108 (0x40d15213) srai    tp, sp, 13
core   0: 3 0x80003108 (0x40d15213) x 4 0x00006a95
core   0: 0x8000310c (0x00008ed9) c.or    a3, a4
core   0: 3 0x8000310c (0x8ed9) x13 0xfffffffd
core   0: 0x8000310e (0x000082da) c.mv    t0, s6
core   0: 3 0x8000310e (0x82da) x 5 0x00000000
core   0: 0x80003110 (0x00008721) c.srai  a4, 8
core   0: 3 0x80003110 (0x8721) x14 0x00000000
core   0: 0x80003112 (0x00800113) li      sp, 8
core   0: 3 0x80003112 (0x00800113) x 2 0x00000008
core   0: 0x80003116 (0x025e08b3) mul     a7, t3, t0
core   0: 3 0x80003116 (0x025e08b3) x17 0x00000000
core   0: 0x8000311a (0x00008f09) c.sub   a4, a0
core   0: 3 0x8000311a (0x8f09) x14 0xf2ad5f20
core   0: 0x8000311c (0x03b7ab33) mulhsu  s6, a5, s11
core   0: 3 0x8000311c (0x03b7ab33) x22 0x00000000
core   0: 0x80003120 (0x00000605) c.addi  a2, 1
core   0: 3 0x80003120 (0x0605) x12 0x00000006
core   0: 0x80003122 (0x000098fd) c.andi  s1, -1
core   0: 3 0x80003122 (0x98fd) x 9 0x00000000
core   0: 0x80003124 (0x00800313) li      t1, 8
core   0: 3 0x80003124 (0x00800313) x 6 0x00000008
core   0: 0x80003128 (0x00800e93) li      t4, 8
core   0: 3 0x80003128 (0x00800e93) x29 0x00000008
core   0: 0x8000312c (0x02728433) mul     s0, t0, t2
core   0: 3 0x8000312c (0x02728433) x 8 0x00000000
core   0: 0x80003130 (0x4180ddb3) sra     s11, ra, s8
core   0: 3 0x80003130 (0x4180ddb3) x27 0xfffff849
core   0: 0x80003134 (0x021a20b3) mulhsu  ra, s4, ra
core   0: 3 0x80003134 (0x021a20b3) x 1 0x00000000
core   0: 0x80003138 (0x00000001) c.nop
core   0: 3 0x80003138 (0x0001)
core   0: 0x8000313a (0x00001371) c.addi  t1, -4
core   0: 3 0x8000313a (0x1371) x 6 0x00000004
core   0: 0x8000313c (0x008256b3) srl     a3, tp, s0
core   0: 3 0x8000313c (0x008256b3) x13 0x00006a95
core   0: 0x80003140 (0x00000001) c.nop
core   0: 3 0x80003140 (0x0001)
core   0: 0x80003142 (0x452c8c93) addi    s9, s9, 1106
core   0: 3 0x80003142 (0x452c8c93) x25 0x800179b9
core   0: 0x80003146 (0x16f62b13) slti    s6, a2, 367
core   0: 3 0x80003146 (0x16f62b13) x22 0x00000001
core   0: 0x8000314a (0x00000001) c.nop
core   0: 3 0x8000314a (0x0001)
core   0: 0x8000314c (0x0354aa33) mulhsu  s4, s1, s5
core   0: 3 0x8000314c (0x0354aa33) x20 0x00000000
core   0: 0x80003150 (0x0282df33) divu    t5, t0, s0
core   0: 3 0x80003150 (0x0282df33) x30 0xffffffff
core   0: 0x80003154 (0xffd370e3) bgeu    t1, t4, pc - 32
core   0: 3 0x80003154 (0xffd370e3)
core   0: 0x80003158 (0x02f3c833) div     a6, t2, a5
core   0: 3 0x80003158 (0x02f3c833) x16 0xffffffff
core   0: 0x8000315c (0x0322bfb3) mulhu   t6, t0, s2
core   0: 3 0x8000315c (0x0322bfb3) x31 0x00000000
core   0: 0x80003160 (0x003bda33) srl     s4, s7, gp
core   0: 3 0x80003160 (0x003bda33) x20 0x00000001
core   0: 0x80003164 (0x00001e7d) c.addi  t3, -1
core   0: 3 0x80003164 (0x1e7d) x28 0x800109a8
core   0: 0x80003166 (0x02870a33) mul     s4, a4, s0
core   0: 3 0x80003166 (0x02870a33) x20 0x00000000
core   0: 0x8000316a (0xfa2608e3) beq     a2, sp, pc - 80
core   0: 3 0x8000316a (0xfa2608e3)
core   0: 0x8000316e (0x0000812d) c.srli  a0, 11
core   0: 3 0x8000316e (0x812d) x10 0x0001aa54
core   0: 0x80003170 (0x00015217) auipc   tp, 0x15
core   0: 3 0x80003170 (0x00015217) x 4 0x80018170
core   0: 0x80003174 (0x1a820213) addi    tp, tp, 424
core   0: 3 0x80003174 (0x1a820213) x 4 0x80018318
core   0: 0x80003178 (0x01ffc533) xor     a0, t6, t6
core   0: 3 0x80003178 (0x01ffc533) x10 0x00000000
core   0: 0x8000317c (0xe6b20223) sb      a1, -412(tp)
core   0: 3 0x8000317c (0xe6b20223) mem 0x8001817c 0x3
core   0: 0x80003180 (0x01eb86b3) add     a3, s7, t5
core   0: 3 0x80003180 (0x01eb86b3) x13 0x00000000
core   0: 0x80003184 (0x028f5533) divu    a0, t5, s0
core   0: 3 0x80003184 (0x028f5533) x10 0xffffffff
core   0: 0x80003188 (0x61a21c03) lh      s8, 1562(tp)
core   0: 3 0x80003188 (0x61a21c03) x24 0x00000000 mem 0x80018932
core   0: 0x8000318c (0x0000862d) c.srai  a2, 11
core   0: 3 0x8000318c (0x862d) x12 0x00000000
core   0: 0x8000318e (0xabe25283) lhu     t0, -1346(tp)
core   0: 3 0x8000318e (0xabe25283) x 5 0x00000000 mem 0x80017dd6
core   0: 0x80003192 (0x00000094) c.addi4spn a3, sp, 64
core   0: 3 0x80003192 (0x0094) x13 0x00000048
core   0: 0x80003194 (0xa2720b83) lb      s7, -1497(tp)
core   0: 3 0x80003194 (0xa2720b83) x23 0x00000000 mem 0x80017d3f
core   0: 0x80003198 (0xa5d24503) lbu     a0, -1443(tp)
core   0: 3 0x80003198 (0xa5d24503) x10 0x00000000 mem 0x80017d75
core   0: 0x8000319c (0x0000717d) c.addi16sp sp, -16
core   0: 3 0x8000319c (0x717d) x 2 0xfffffff8
core   0: 0x8000319e (0x1f724603) lbu     a2, 503(tp)
core   0: 3 0x8000319e (0x1f724603) x12 0x00000000 mem 0x8001850f
core   0: 0x800031a2 (0xca320c23) sb      gp, -840(tp)
core   0: 3 0x800031a2 (0xca320c23) mem 0x80017fd0 0x0
core   0: 0x800031a6 (0x92620d23) sb      t1, -1734(tp)
core   0: 3 0x800031a6 (0x92620d23) mem 0x80017c52 0x4
core   0: 0x800031aa (0x032cacb3) mulhsu  s9, s9, s2
core   0: 3 0x800031aa (0x032cacb3) x25 0xc0003799
core   0: 0x800031ae (0x00474333) xor     t1, a4, tp
core   0: 3 0x800031ae (0x00474333) x 6 0x72acdc38
core   0: 0x800031b2 (0x00008545) c.srai  a0, 17
core   0: 3 0x800031b2 (0x8545) x10 0x00000000
core   0: 0x800031b4 (0x03feb033) mulhu   zero, t4, t6
core   0: 3 0x800031b4 (0x03feb033)
core   0: 0x800031b8 (0xf8520f83) lb      t6, -123(tp)
core   0: 3 0x800031b8 (0xf8520f83) x31 0x00000000 mem 0x8001829d
core   0: 0x800031bc (0x07d20e23) sb      t4, 124(tp)
core   0: 3 0x800031bc (0x07d20e23) mem 0x80018394 0x8
core   0: 0x800031c0 (0x000080f5) c.srli  s1, 29
core   0: 3 0x800031c0 (0x80f5) x 9 0x00000000
core   0: 0x800031c2 (0x01766bb3) or      s7, a2, s7
core   0: 3 0x800031c2 (0x01766bb3) x23 0x00000000
core   0: 0x800031c6 (0x68662d13) slti    s10, a2, 1670
core   0: 3 0x800031c6 (0x68662d13) x26 0x00000001
core   0: 0x800031ca (0xa6a25c83) lhu     s9, -1430(tp)
core   0: 3 0x800031ca (0xa6a25c83) x25 0x00000000 mem 0x80017d82
core   0: 0x800031ce (0x1a920123) sb      s1, 418(tp)
core   0: 3 0x800031ce (0x1a920123) mem 0x800184ba 0x0
core   0: 0x800031d2 (0x000080fa) c.mv    ra, t5
core   0: 3 0x800031d2 (0x80fa) x 1 0xffffffff
core   0: 0x800031d4 (0x00006f35) c.lui   t5, 0xd
core   0: 3 0x800031d4 (0x6f35) x30 0x0000d000
core   0: 0x800031d6 (0x27b24983) lbu     s3, 635(tp)
core   0: 3 0x800031d6 (0x27b24983) x19 0x0000000f mem 0x80018593
core   0: 0x800031da (0xcdc24703) lbu     a4, -804(tp)
core   0: 3 0x800031da (0xcdc24703) x14 0x00000000 mem 0x80017ff4
core   0: 0x800031de (0x00000001) c.nop
core   0: 3 0x800031de (0x0001)
core   0: 0x800031e0 (0xc7e24f03) lbu     t5, -898(tp)
core   0: 3 0x800031e0 (0xc7e24f03) x30 0x00000000 mem 0x80017f96
core   0: 0x800031e4 (0xa2221923) sh      sp, -1486(tp)
core   0: 3 0x800031e4 (0xa2221923) mem 0x80017d4a 0xfff8
core   0: 0x800031e8 (0x00001d84) c.addi4spn s1, sp, 752
core   0: 3 0x800031e8 (0x1d84) x 9 0x000002e8
core   0: 0x800031ea (0x2bc22d83) lw      s11, 700(tp)
core   0: 3 0x800031ea (0x2bc22d83) x27 0x00000000 mem 0x800185d4
core   0: 0x800031ee (0x85a24683) lbu     a3, -1958(tp)
core   0: 3 0x800031ee (0x85a24683) x13 0x00000000 mem 0x80017b72
core   0: 0x800031f2 (0x0d220aa3) sb      s2, 213(tp)
core   0: 3 0x800031f2 (0x0d220aa3) mem 0x800183ed 0x8a
core   0: 0x800031f6 (0xb1d24003) lbu     zero, -1251(tp)
core   0: 3 0x800031f6 (0xb1d24003) mem 0x80017e35
core   0: 0x800031fa (0xe2421603) lh      a2, -476(tp)
core   0: 3 0x800031fa (0xe2421603) x12 0x00000000 mem 0x8001813c
core   0: 0x800031fe (0x3b8201a3) sb      s8, 931(tp)
core   0: 3 0x800031fe (0x3b8201a3) mem 0x800186bb 0x0
core   0: 0x80003202 (0xe9b20283) lb      t0, -357(tp)
core   0: 3 0x80003202 (0xe9b20283) x 5 0x00000000 mem 0x800181b3
core   0: 0x80003206 (0x0000e297) auipc   t0, 0xe
core   0: 3 0x80003206 (0x0000e297) x 5 0x80011206
core   0: 0x8000320a (0x8dc28293) addi    t0, t0, -1828
core   0: 3 0x8000320a (0x8dc28293) x 5 0x80010ae2
core   0: 0x8000320e (0xed4b3613) sltiu   a2, s6, -300
core   0: 3 0x8000320e (0xed4b3613) x12 0x00000001
core   0: 0x80003212 (0x03db0b33) mul     s6, s6, t4
core   0: 3 0x80003212 (0x03db0b33) x22 0x00000008
core   0: 0x80003216 (0x02163b33) mulhu   s6, a2, ra
core   0: 3 0x80003216 (0x02163b33) x22 0x00000000
core   0: 0x8000321a (0x00009606) c.add   a2, ra
core   0: 3 0x8000321a (0x9606) x12 0x00000000
core   0: 0x8000321c (0x5ece8093) addi    ra, t4, 1516
core   0: 3 0x8000321c (0x5ece8093) x 1 0x000005f4
core   0: 0x80003220 (0x00004b5d) c.li    s6, 23
core   0: 3 0x80003220 (0x4b5d) x22 0x00000017
core   0: 0x80003222 (0x0210db33) divu    s6, ra, ra
core   0: 3 0x80003222 (0x0210db33) x22 0x00000001
core   0: 0x80003226 (0xbd564b13) xori    s6, a2, -1067
core   0: 3 0x80003226 (0xbd564b13) x22 0xfffffbd5
core   0: 0x8000322a (0x000069f1) c.lui   s3, 0x1c
core   0: 3 0x8000322a (0x69f1) x19 0x0001c000
core   0: 0x8000322c (0x00328983) lb      s3, 3(t0)
core   0: 3 0x8000322c (0x00328983) x19 0x00000000 mem 0x80010ae5
core   0: 0x80003230 (0xa4a5b9b7) lui     s3, 0xa4a5b
core   0: 3 0x80003230 (0xa4a5b9b7) x19 0xa4a5b000
core   0: 0x80003234 (0xfec28fa3) sb      a2, -1(t0)
core   0: 3 0x80003234 (0xfec28fa3) mem 0x80010ae1 0x0
core   0: 0x80003238 (0x00000ed9) c.addi  t4, 22
core   0: 3 0x80003238 (0x0ed9) x29 0x0000001e
core   0: 0x8000323a (0x49287093) andi    ra, a6, 1170
core   0: 3 0x8000323a (0x49287093) x 1 0x00000492
core   0: 0x8000323e (0x0042c603) lbu     a2, 4(t0)
core   0: 3 0x8000323e (0x0042c603) x12 0x00000000 mem 0x80010ae6
core   0: 0x80003242 (0x00008221) c.srli  a2, 8
core   0: 3 0x80003242 (0x8221) x12 0x00000000
core   0: 0x80003244 (0x00c284a3) sb      a2, 9(t0)
core   0: 3 0x80003244 (0x00c284a3) mem 0x80010aeb 0x0
core   0: 0x80003248 (0x0ff0000f) fence   iorw,iorw
core   0: 3 0x80003248 (0x0ff0000f)
core   0: 0x8000324c (0x00a29603) lh      a2, 10(t0)
core   0: 3 0x8000324c (0x00a29603) x12 0x00000000 mem 0x80010aec
core   0: 0x80003250 (0x0100db33) srl     s6, ra, a6
core   0: 3 0x80003250 (0x0100db33) x22 0x00000000
core   0: 0x80003254 (0x01d08633) add     a2, ra, t4
core   0: 3 0x80003254 (0x01d08633) x12 0x000004b0
core   0: 0x80003258 (0xff42c983) lbu     s3, -12(t0)
core   0: 3 0x80003258 (0xff42c983) x19 0x00000000 mem 0x80010ad6
core   0: 0x8000325c (0x0160f833) and     a6, ra, s6
core   0: 3 0x8000325c (0x0160f833) x16 0x00000000
core   0: 0x80003260 (0x40c80b33) sub     s6, a6, a2
core   0: 3 0x80003260 (0x40c80b33) x22 0xfffffb50
core   0: 0x80003264 (0x00029603) lh      a2, 0(t0)
core   0: 3 0x80003264 (0x00029603) x12 0x00000000 mem 0x80010ae2
core   0: 0x80003268 (0x5cf9c613) xori    a2, s3, 1487
core   0: 3 0x80003268 (0x5cf9c613) x12 0x000005cf
core   0: 0x8000326c (0x01328623) sb      s3, 12(t0)
core   0: 3 0x8000326c (0x01328623) mem 0x80010aee 0x0
core   0: 0x80003270 (0x00167633) and     a2, a2, ra
core   0: 3 0x80003270 (0x00167633) x12 0x00000482
core   0: 0x80003274 (0xc2166e93) ori     t4, a2, -991
core   0: 3 0x80003274 (0xc2166e93) x29 0xfffffca3
core   0: 0x80003278 (0x0169ceb3) xor     t4, s3, s6
core   0: 3 0x80003278 (0x0169ceb3) x29 0xfffffb50
core   0: 0x8000327c (0x0092c803) lbu     a6, 9(t0)
core   0: 3 0x8000327c (0x0092c803) x16 0x00000000 mem 0x80010aeb
core   0: 0x80003280 (0x02cb59b3) divu    s3, s6, a2
core   0: 3 0x80003280 (0x02cb59b3) x19 0x0038ca4f
core   0: 0x80003284 (0xff528b03) lb      s6, -11(t0)
core   0: 3 0x80003284 (0xff528b03) x22 0x00000000 mem 0x80010ad7
core   0: 0x80003288 (0x40c0d9b3) sra     s3, ra, a2
core   0: 3 0x80003288 (0x40c0d9b3) x19 0x00000124
core   0: 0x8000328c (0x01699633) sll     a2, s3, s6
core   0: 3 0x8000328c (0x01699633) x12 0x00000124
core   0: 0x80003290 (0x0119d813) srli    a6, s3, 17
core   0: 3 0x80003290 (0x0119d813) x16 0x00000000
core   0: 0x80003294 (0xff328ea3) sb      s3, -3(t0)
core   0: 3 0x80003294 (0xff328ea3) mem 0x80010adf 0x24
core   0: 0x80003298 (0x0010ab33) slt     s6, ra, ra
core   0: 3 0x80003298 (0x0010ab33) x22 0x00000000
core   0: 0x8000329c (0x018ed613) srli    a2, t4, 24
core   0: 3 0x8000329c (0x018ed613) x12 0x000000ff
core   0: 0x800032a0 (0x01028323) sb      a6, 6(t0)
core   0: 3 0x800032a0 (0x01028323) mem 0x80010ae8 0x0
core   0: 0x800032a4 (0x01629123) sh      s6, 2(t0)
core   0: 3 0x800032a4 (0x01629123) mem 0x80010ae4 0x0000
core   0: 0x800032a8 (0x0000862d) c.srai  a2, 11
core   0: 3 0x800032a8 (0x862d) x12 0x00000000
core   0: 0x800032aa (0xff32cb03) lbu     s6, -13(t0)
core   0: 3 0x800032aa (0xff32cb03) x22 0x00000000 mem 0x80010ad5
core   0: 0x800032ae (0xffe00713) li      a4, -2
core   0: 3 0x800032ae (0xffe00713) x14 0xfffffffe
core   0: 0x800032b2 (0x013c6133) or      sp, s8, s3
core   0: 3 0x800032b2 (0x013c6133) x 2 0x00000124
core   0: 0x800032b6 (0x0159fdb3) and     s11, s3, s5
core   0: 3 0x800032b6 (0x0159fdb3) x27 0x00000024
core   0: 0x800032ba (0x00000001) c.nop
core   0: 3 0x800032ba (0x0001)
core   0: 0x800032bc (0x0380e933) rem     s2, ra, s8
core   0: 3 0x800032bc (0x0380e933) x18 0x00000492
core   0: 0x800032c0 (0x000019fd) c.addi  s3, -1
core   0: 3 0x800032c0 (0x19fd) x19 0x00000123
core   0: 0x800032c2 (0x00000705) c.addi  a4, 1
core   0: 3 0x800032c2 (0x0705) x14 0xffffffff
core   0: 0x800032c4 (0x000094be) c.add   s1, a5
core   0: 3 0x800032c4 (0x94be) x 9 0x000002e8
core   0: 0x800032c6 (0x00600513) li      a0, 6
core   0: 3 0x800032c6 (0x00600513) x10 0x00000006
core   0: 0x800032ca (0x00000001) c.nop
core   0: 3 0x800032ca (0x0001)
core   0: 0x800032cc (0x00f00f93) li      t6, 15
core   0: 3 0x800032cc (0x00f00f93) x31 0x0000000f
core   0: 0x800032d0 (0x03ed79b3) remu    s3, s10, t5
core   0: 3 0x800032d0 (0x03ed79b3) x19 0x00000001
core   0: 0x800032d4 (0x027997b3) mulh    a5, s3, t2
core   0: 3 0x800032d4 (0x027997b3) x15 0xffffffff
core   0: 0x800032d8 (0x41d50db3) sub     s11, a0, t4
core   0: 3 0x800032d8 (0x41d50db3) x27 0x000004b6
core   0: 0x800032dc (0x00000509) c.addi  a0, 2
core   0: 3 0x800032dc (0x0509) x10 0x00000008
core   0: 0x800032de (0x00a45cb3) srl     s9, s0, a0
core   0: 3 0x800032de (0x00a45cb3) x25 0x00000000
core   0: 0x800032e2 (0x00008ce1) c.and   s1, s0
core   0: 3 0x800032e2 (0x8ce1) x 9 0x00000000
core   0: 0x800032e4 (0xfff566e3) bltu    a0, t6, pc - 20
core   0: 3 0x800032e4 (0xfff566e3)
core   0: 0x800032d0 (0x03ed79b3) remu    s3, s10, t5
core   0: 3 0x800032d0 (0x03ed79b3) x19 0x00000001
core   0: 0x800032d4 (0x027997b3) mulh    a5, s3, t2
core   0: 3 0x800032d4 (0x027997b3) x15 0xffffffff
core   0: 0x800032d8 (0x41d50db3) sub     s11, a0, t4
core   0: 3 0x800032d8 (0x41d50db3) x27 0x000004b8
core   0: 0x800032dc (0x00000509) c.addi  a0, 2
core   0: 3 0x800032dc (0x0509) x10 0x0000000a
core   0: 0x800032de (0x00a45cb3) srl     s9, s0, a0
core   0: 3 0x800032de (0x00a45cb3) x25 0x00000000
core   0: 0x800032e2 (0x00008ce1) c.and   s1, s0
core   0: 3 0x800032e2 (0x8ce1) x 9 0x00000000
core   0: 0x800032e4 (0xfff566e3) bltu    a0, t6, pc - 20
core   0: 3 0x800032e4 (0xfff566e3)
core   0: 0x800032d0 (0x03ed79b3) remu    s3, s10, t5
core   0: 3 0x800032d0 (0x03ed79b3) x19 0x00000001
core   0: 0x800032d4 (0x027997b3) mulh    a5, s3, t2
core   0: 3 0x800032d4 (0x027997b3) x15 0xffffffff
core   0: 0x800032d8 (0x41d50db3) sub     s11, a0, t4
core   0: 3 0x800032d8 (0x41d50db3) x27 0x000004ba
core   0: 0x800032dc (0x00000509) c.addi  a0, 2
core   0: 3 0x800032dc (0x0509) x10 0x0000000c
core   0: 0x800032de (0x00a45cb3) srl     s9, s0, a0
core   0: 3 0x800032de (0x00a45cb3) x25 0x00000000
core   0: 0x800032e2 (0x00008ce1) c.and   s1, s0
core   0: 3 0x800032e2 (0x8ce1) x 9 0x00000000
core   0: 0x800032e4 (0xfff566e3) bltu    a0, t6, pc - 20
core   0: 3 0x800032e4 (0xfff566e3)
core   0: 0x800032d0 (0x03ed79b3) remu    s3, s10, t5
core   0: 3 0x800032d0 (0x03ed79b3) x19 0x00000001
core   0: 0x800032d4 (0x027997b3) mulh    a5, s3, t2
core   0: 3 0x800032d4 (0x027997b3) x15 0xffffffff
core   0: 0x800032d8 (0x41d50db3) sub     s11, a0, t4
core   0: 3 0x800032d8 (0x41d50db3) x27 0x000004bc
core   0: 0x800032dc (0x00000509) c.addi  a0, 2
core   0: 3 0x800032dc (0x0509) x10 0x0000000e
core   0: 0x800032de (0x00a45cb3) srl     s9, s0, a0
core   0: 3 0x800032de (0x00a45cb3) x25 0x00000000
core   0: 0x800032e2 (0x00008ce1) c.and   s1, s0
core   0: 3 0x800032e2 (0x8ce1) x 9 0x00000000
core   0: 0x800032e4 (0xfff566e3) bltu    a0, t6, pc - 20
core   0: 3 0x800032e4 (0xfff566e3)
core   0: 0x800032d0 (0x03ed79b3) remu    s3, s10, t5
core   0: 3 0x800032d0 (0x03ed79b3) x19 0x00000001
core   0: 0x800032d4 (0x027997b3) mulh    a5, s3, t2
core   0: 3 0x800032d4 (0x027997b3) x15 0xffffffff
core   0: 0x800032d8 (0x41d50db3) sub     s11, a0, t4
core   0: 3 0x800032d8 (0x41d50db3) x27 0x000004be
core   0: 0x800032dc (0x00000509) c.addi  a0, 2
core   0: 3 0x800032dc (0x0509) x10 0x00000010
core   0: 0x800032de (0x00a45cb3) srl     s9, s0, a0
core   0: 3 0x800032de (0x00a45cb3) x25 0x00000000
core   0: 0x800032e2 (0x00008ce1) c.and   s1, s0
core   0: 3 0x800032e2 (0x8ce1) x 9 0x00000000
core   0: 0x800032e4 (0xfff566e3) bltu    a0, t6, pc - 20
core   0: 3 0x800032e4 (0xfff566e3)
core   0: 0x800032e8 (0x0319f0b3) remu    ra, s3, a7
core   0: 3 0x800032e8 (0x0319f0b3) x 1 0x00000001
core   0: 0x800032ec (0x0000db61) c.beqz  a4, pc - 48
core   0: 3 0x800032ec (0xdb61)
core   0: 0x800032ee (0x00005bfd) c.li    s7, -1
core   0: 3 0x800032ee (0x5bfd) x23 0xffffffff
core   0: 0x800032f0 (0x00015117) auipc   sp, 0x15
core   0: 3 0x800032f0 (0x00015117) x 2 0x800182f0
core   0: 0x800032f4 (0x0c310113) addi    sp, sp, 195
core   0: 3 0x800032f4 (0x0c310113) x 2 0x800183b3
core   0: 0x800032f8 (0x3904c693) xori    a3, s1, 912
core   0: 3 0x800032f8 (0x3904c693) x13 0x00000390
core   0: 0x800032fc (0x0000100f) fence.i
core   0: 3 0x800032fc (0x0000100f)
core   0: 0x80003300 (0xf58112a3) sh      s8, -187(sp)
core   0: 3 0x80003300 (0xf58112a3) mem 0x800182f8 0x0000
core   0: 0x80003304 (0x03a95433) divu    s0, s2, s10
core   0: 3 0x80003304 (0x03a95433) x 8 0x00000492
core   0: 0x80003308 (0xfce04013) xori    zero, zero, -50
core   0: 3 0x80003308 (0xfce04013)
core   0: 0x8000330c (0x0239adb3) mulhsu  s11, s3, gp
core   0: 3 0x8000330c (0x0239adb3) x27 0x00000000
core   0: 0x80003310 (0xf7c10003) lb      zero, -132(sp)
core   0: 3 0x80003310 (0xf7c10003) mem 0x8001832f
core   0: 0x80003314 (0x40b154b3) sra     s1, sp, a1
core   0: 3 0x80003314 (0x40b154b3) x 9 0xf0003076
core   0: 0x80003318 (0x00000001) c.nop
core   0: 3 0x80003318 (0x0001)
core   0: 0x8000331a (0xff614783) lbu     a5, -10(sp)
core   0: 3 0x8000331a (0xff614783) x15 0x00000000 mem 0x800183a9
core   0: 0x8000331e (0x00663db3) sltu    s11, a2, t1
core   0: 3 0x8000331e (0x00663db3) x27 0x00000001
core   0: 0x80003322 (0x002af0b3) and     ra, s5, sp
core   0: 3 0x80003322 (0x002af0b3) x 1 0x800080a0
core   0: 0x80003326 (0xf99eee93) ori     t4, t4, -103
core   0: 3 0x80003326 (0xf99eee93) x29 0xffffffd9
core   0: 0x8000332a (0xf83115a3) sh      gp, -117(sp)
core   0: 3 0x8000332a (0xf83115a3) mem 0x8001833e 0x0000
core   0: 0x8000332e (0x03e65a33) divu    s4, a2, t5
core   0: 3 0x8000332e (0x03e65a33) x20 0xffffffff
core   0: 0x80003332 (0xf1314803) lbu     a6, -237(sp)
core   0: 3 0x80003332 (0xf1314803) x16 0x00000000 mem 0x800182c6
core   0: 0x80003336 (0x05910f03) lb      t5, 89(sp)
core   0: 3 0x80003336 (0x05910f03) x30 0x00000000 mem 0x8001840c
core   0: 0x8000333a (0x0155c033) xor     zero, a1, s5
core   0: 3 0x8000333a (0x0155c033)
core   0: 0x8000333e (0x0003fcb3) and     s9, t2, zero
core   0: 3 0x8000333e (0x0003fcb3) x25 0x00000000
core   0: 0x80003342 (0x00006421) c.lui   s0, 0x8
core   0: 3 0x80003342 (0x6421) x 8 0x00008000
core   0: 0x80003344 (0x0bd10883) lb      a7, 189(sp)
core   0: 3 0x80003344 (0x0bd10883) x17 0x00000000 mem 0x80018470
core   0: 0x80003348 (0x0e9100a3) sb      s1, 225(sp)
core   0: 3 0x80003348 (0x0e9100a3) mem 0x80018494 0x76
core   0: 0x8000334c (0x3f210013) addi    zero, sp, 1010
core   0: 3 0x8000334c (0x3f210013)
core   0: 0x80003350 (0x0fa10983) lb      s3, 250(sp)
core   0: 3 0x80003350 (0x0fa10983) x19 0x00000000 mem 0x800184ad
core   0: 0x80003354 (0x00000001) c.nop
core   0: 3 0x80003354 (0x0001)
core   0: 0x80003356 (0xfcd10803) lb      a6, -51(sp)
core   0: 3 0x80003356 (0xfcd10803) x16 0x00000000 mem 0x80018380
core   0: 0x8000335a (0x00000001) c.nop
core   0: 3 0x8000335a (0x0001)
core   0: 0x8000335c (0x00008fa1) c.xor   a5, s0
core   0: 3 0x8000335c (0x8fa1) x15 0x00008000
core   0: 0x8000335e (0x04c10a13) addi    s4, sp, 76
core   0: 3 0x8000335e (0x04c10a13) x20 0x800183ff
core   0: 0x80003362 (0x05410c83) lb      s9, 84(sp)
core   0: 3 0x80003362 (0x05410c83) x25 0x00000000 mem 0x80018407
core   0: 0x80003366 (0x09a14703) lbu     a4, 154(sp)
core   0: 3 0x80003366 (0x09a14703) x14 0x00000000 mem 0x8001844d
core   0: 0x8000336a (0x01e08e33) add     t3, ra, t5
core   0: 3 0x8000336a (0x01e08e33) x28 0x800080a0
core   0: 0x8000336e (0xec9cde17) auipc   t3, 0xec9cd
core   0: 3 0x8000336e (0xec9cde17) x28 0x6c9d036e
core   0: 0x80003372 (0x40e70933) sub     s2, a4, a4
core   0: 3 0x80003372 (0x40e70933) x18 0x00000000
core   0: 0x80003376 (0xf9c10203) lb      tp, -100(sp)
core   0: 3 0x80003376 (0xf9c10203) x 4 0x00000000 mem 0x8001834f
core   0: 0x8000337a (0x00008e11) c.sub   a2, a2
core   0: 3 0x8000337a (0x8e11) x12 0x00000000
core   0: 0x8000337c (0x00f6e533) or      a0, a3, a5
core   0: 3 0x8000337c (0x00f6e533) x10 0x00008390
core   0: 0x80003380 (0x06b12ea3) sw      a1, 125(sp)
core   0: 3 0x80003380 (0x06b12ea3) mem 0x80018430 0x01a73103
core   0: 0x80003384 (0x2b6b3993) sltiu   s3, s6, 694
core   0: 3 0x80003384 (0x2b6b3993) x19 0x00000001
core   0: 0x80003388 (0x00000db6) c.slli  s11, 13
core   0: 3 0x80003388 (0x0db6) x27 0x00002000
core   0: 0x8000338a (0xa5b5f193) andi    gp, a1, -1445
core   0: 3 0x8000338a (0xa5b5f193) x 3 0x01a73003
core   0: 0x8000338e (0xffb14283) lbu     t0, -5(sp)
core   0: 3 0x8000338e (0xffb14283) x 5 0x00000000 mem 0x800183ae
core   0: 0x80003392 (0x00008ecd) c.or    a3, a1
core   0: 3 0x80003392 (0x8ecd) x13 0x01a73393
core   0: 0x80003394 (0x09e14d03) lbu     s10, 158(sp)
core   0: 3 0x80003394 (0x09e14d03) x26 0x00000000 mem 0x80018451
core   0: 0x80003398 (0xf6715903) lhu     s2, -153(sp)
core   0: 3 0x80003398 (0xf6715903) x18 0x00000000 mem 0x8001831a
core   0: 0x8000339c (0xf6811fa3) sh      s0, -129(sp)
core   0: 3 0x8000339c (0xf6811fa3) mem 0x80018332 0x8000
core   0: 0x800033a0 (0x00000001) c.nop
core   0: 3 0x800033a0 (0x0001)
core   0: 0x800033a2 (0x0f410e03) lb      t3, 244(sp)
core   0: 3 0x800033a2 (0x0f410e03) x28 0x00000000 mem 0x800184a7
core   0: 0x800033a6 (0x00008ef2) c.mv    t4, t3
core   0: 3 0x800033a6 (0x8ef2) x29 0x00000000
core   0: 0x800033a8 (0x032106a3) sb      s2, 45(sp)
core   0: 3 0x800033a8 (0x032106a3) mem 0x800183e0 0x0
core   0: 0x800033ac (0x00018797) auipc   a5, 0x18
core   0: 3 0x800033ac (0x00018797) x15 0x8001b3ac
core   0: 0x800033b0 (0x2c578793) addi    a5, a5, 709
core   0: 3 0x800033b0 (0x2c578793) x15 0x8001b671
core   0: 0x800033b4 (0x00018b17) auipc   s6, 0x18
core   0: 3 0x800033b4 (0x00018b17) x22 0x8001b3b4
core   0: 0x800033b8 (0x3b1b0b13) addi    s6, s6, 945
core   0: 3 0x800033b8 (0x3b1b0b13) x22 0x8001b765
core   0: 0x800033bc (0x0a779903) lh      s2, 167(a5)
core   0: 3 0x800033bc (0x0a779903) x18 0x00000000 mem 0x8001b718
core   0: 0x800033c0 (0x00010d97) auipc   s11, 0x10
core   0: 3 0x800033c0 (0x00010d97) x27 0x800133c0
core   0: 0x800033c4 (0xe28d8d93) addi    s11, s11, -472
core   0: 3 0x800033c4 (0xe28d8d93) x27 0x800131e8
core   0: 0x800033c8 (0x00016417) auipc   s0, 0x16
core   0: 3 0x800033c8 (0x00016417) x 8 0x800193c8
core   0: 0x800033cc (0x6fc40413) addi    s0, s0, 1788
core   0: 3 0x800033cc (0x6fc40413) x 8 0x80019ac4
core   0: 0x800033d0 (0xff4dcd03) lbu     s10, -12(s11)
core   0: 3 0x800033d0 (0xff4dcd03) x26 0x00000000 mem 0x800131dc
core   0: 0x800033d4 (0xf257c503) lbu     a0, -219(a5)
core   0: 3 0x800033d4 (0xf257c503) x10 0x00000000 mem 0x8001b596
core   0: 0x800033d8 (0x00016117) auipc   sp, 0x16
core   0: 3 0x800033d8 (0x00016117) x 2 0x800193d8
core   0: 0x800033dc (0x19f10113) addi    sp, sp, 415
core   0: 3 0x800033dc (0x19f10113) x 2 0x80019577
core   0: 0x800033e0 (0xfc840903) lb      s2, -56(s0)
core   0: 3 0x800033e0 (0xfc840903) x18 0x00000000 mem 0x80019a8c
core   0: 0x800033e4 (0xfb578ea3) sb      s5, -67(a5)
core   0: 3 0x800033e4 (0xfb578ea3) mem 0x8001b62e 0xe4
core   0: 0x800033e8 (0x02e10503) lb      a0, 46(sp)
core   0: 3 0x800033e8 (0x02e10503) x10 0x00000000 mem 0x800195a5
core   0: 0x800033ec (0xf3bb0883) lb      a7, -197(s6)
core   0: 3 0x800033ec (0xf3bb0883) x17 0x00000000 mem 0x8001b6a0
core   0: 0x800033f0 (0xfca41683) lh      a3, -54(s0)
core   0: 3 0x800033f0 (0xfca41683) x13 0x00000000 mem 0x80019a8e
core   0: 0x800033f4 (0xfe1d8f23) sb      ra, -2(s11)
core   0: 3 0x800033f4 (0xfe1d8f23) mem 0x800131e6 0xa0
core   0: 0x800033f8 (0x02d11e03) lh      t3, 45(sp)
core   0: 3 0x800033f8 (0x02d11e03) x28 0x00000000 mem 0x800195a4
core   0: 0x800033fc (0x03fb1f83) lh      t6, 63(s6)
core   0: 3 0x800033fc (0x03fb1f83) x31 0x00000000 mem 0x8001b7a4
core   0: 0x80003400 (0xfead8b23) sb      a0, -10(s11)
core   0: 3 0x80003400 (0xfead8b23) mem 0x800131de 0x0
core   0: 0x80003404 (0x03d10223) sb      t4, 36(sp)
core   0: 3 0x80003404 (0x03d10223) mem 0x8001959b 0x0
core   0: 0x80003408 (0x02812ca3) sw      s0, 57(sp)
core   0: 3 0x80003408 (0x02812ca3) mem 0x800195b0 0x80019ac4
core   0: 0x8000340c (0x00ad9603) lh      a2, 10(s11)
core   0: 3 0x8000340c (0x00ad9603) x12 0x00000000 mem 0x800131f2
core   0: 0x80003410 (0x09779a03) lh      s4, 151(a5)
core   0: 3 0x80003410 (0x09779a03) x20 0x00000000 mem 0x8001b708
core   0: 0x80003414 (0xfe840a23) sb      s0, -12(s0)
core   0: 3 0x80003414 (0xfe840a23) mem 0x80019ab8 0xc4
core   0: 0x80003418 (0x05678183) lb      gp, 86(a5)
core   0: 3 0x80003418 (0x05678183) x 3 0x00000000 mem 0x8001b6c7
core   0: 0x8000341c (0x008d9f83) lh      t6, 8(s11)
core   0: 3 0x8000341c (0x008d9f83) x31 0x00000000 mem 0x800131f0
core   0: 0x80003420 (0x0fb79ca3) sh      s11, 249(a5)
core   0: 3 0x80003420 (0x0fb79ca3) mem 0x8001b76a 0x31e8
core   0: 0x80003424 (0x006d8323) sb      t1, 6(s11)
core   0: 3 0x80003424 (0x006d8323) mem 0x800131ee 0x38
core   0: 0x80003428 (0x00714283) lbu     t0, 7(sp)
core   0: 3 0x80003428 (0x00714283) x 5 0x00000000 mem 0x8001957e
core   0: 0x8000342c (0xff7dcf83) lbu     t6, -9(s11)
core   0: 3 0x8000342c (0xff7dcf83) x31 0x00000000 mem 0x800131df
core   0: 0x80003430 (0xff711183) lh      gp, -9(sp)
core   0: 3 0x80003430 (0xff711183) x 3 0x00000000 mem 0x8001956e
core   0: 0x80003434 (0xf73b2883) lw      a7, -141(s6)
core   0: 3 0x80003434 (0xf73b2883) x17 0x00000000 mem 0x8001b6d8
core   0: 0x80003438 (0xf14b0623) sb      s4, -244(s6)
core   0: 3 0x80003438 (0xf14b0623) mem 0x8001b671 0x0
core   0: 0x8000343c (0xff042c23) sw      a6, -8(s0)
core   0: 3 0x8000343c (0xff042c23) mem 0x80019abc 0x00000000
core   0: 0x80003440 (0xf477cc03) lbu     s8, -185(a5)
core   0: 3 0x80003440 (0xf477cc03) x24 0x00000000 mem 0x8001b5b8
core   0: 0x80003444 (0x003d8003) lb      zero, 3(s11)
core   0: 3 0x80003444 (0x003d8003) mem 0x800131eb
core   0: 0x80003448 (0xf887c883) lbu     a7, -120(a5)
core   0: 3 0x80003448 (0xf887c883) x17 0x00000000 mem 0x8001b5f9
core   0: 0x8000344c (0xf36b0683) lb      a3, -202(s6)
core   0: 3 0x8000344c (0xf36b0683) x13 0x00000000 mem 0x8001b69b
core   0: 0x80003450 (0x02d15c03) lhu     s8, 45(sp)
core   0: 3 0x80003450 (0x02d15c03) x24 0x00000000 mem 0x800195a4
core   0: 0x80003454 (0x04179b83) lh      s7, 65(a5)
core   0: 3 0x80003454 (0x04179b83) x23 0x00000000 mem 0x8001b6b2
core   0: 0x80003458 (0xf38b0e03) lb      t3, -200(s6)
core   0: 3 0x80003458 (0xf38b0e03) x28 0x00000000 mem 0x8001b69d
core   0: 0x8000345c (0x060b4983) lbu     s3, 96(s6)
core   0: 3 0x8000345c (0x060b4983) x19 0x00000000 mem 0x8001b7c5
core   0: 0x80003460 (0xf9db4303) lbu     t1, -99(s6)
core   0: 3 0x80003460 (0xf9db4303) x 6 0x00000000 mem 0x8001b702
core   0: 0x80003464 (0xfeb41323) sh      a1, -26(s0)
core   0: 3 0x80003464 (0xfeb41323) mem 0x80019aaa 0x3103
core   0: 0x80003468 (0x00a00893) li      a7, 10
core   0: 3 0x80003468 (0x00a00893) x17 0x0000000a
core   0: 0x8000346c (0x01875793) srli    a5, a4, 24
core   0: 3 0x8000346c (0x01875793) x15 0x00000000
core   0: 0x80003470 (0x00000001) c.nop
core   0: 3 0x80003470 (0x0001)
core   0: 0x80003472 (0x00b030b3) snez    ra, a1
core   0: 3 0x80003472 (0x00b030b3) x 1 0x00000001
core   0: 0x80003476 (0x01000193) li      gp, 16
core   0: 3 0x80003476 (0x01000193) x 3 0x00000010
core   0: 0x8000347a (0xd81100b7) lui     ra, 0xd8110
core   0: 3 0x8000347a (0xd81100b7) x 1 0xd8110000
core   0: 0x8000347e (0x03f336b3) mulhu   a3, t1, t6
core   0: 3 0x8000347e (0x03f336b3) x13 0x00000000
core   0: 0x80003482 (0x00006db5) c.lui   s11, 0xd
core   0: 3 0x80003482 (0x6db5) x27 0x0000d000
core   0: 0x80003484 (0x0000088d) c.addi  a7, 3
core   0: 3 0x80003484 (0x088d) x17 0x0000000d
core   0: 0x80003486 (0x51086313) ori     t1, a6, 1296
core   0: 3 0x80003486 (0x51086313) x 6 0x00000510
core   0: 0x8000348a (0x5bb28b93) addi    s7, t0, 1467
core   0: 3 0x8000348a (0x5bb28b93) x23 0x000005bb
core   0: 0x8000348e (0x00008719) c.srai  a4, 6
core   0: 3 0x8000348e (0x8719) x14 0x00000000
core   0: 0x80003490 (0x85c526b7) lui     a3, 0x85c52
core   0: 3 0x80003490 (0x85c526b7) x13 0x85c52000
core   0: 0x80003494 (0x00efbc33) sltu    s8, t6, a4
core   0: 3 0x80003494 (0x00efbc33) x24 0x00000000
core   0: 0x80003498 (0x00000001) c.nop
core   0: 3 0x80003498 (0x0001)
core   0: 0x8000349a (0xfe38e0e3) bltu    a7, gp, pc - 32
core   0: 3 0x8000349a (0xfe38e0e3)
core   0: 0x8000347a (0xd81100b7) lui     ra, 0xd8110
core   0: 3 0x8000347a (0xd81100b7) x 1 0xd8110000
core   0: 0x8000347e (0x03f336b3) mulhu   a3, t1, t6
core   0: 3 0x8000347e (0x03f336b3) x13 0x00000000
core   0: 0x80003482 (0x00006db5) c.lui   s11, 0xd
core   0: 3 0x80003482 (0x6db5) x27 0x0000d000
core   0: 0x80003484 (0x0000088d) c.addi  a7, 3
core   0: 3 0x80003484 (0x088d) x17 0x00000010
core   0: 0x80003486 (0x51086313) ori     t1, a6, 1296
core   0: 3 0x80003486 (0x51086313) x 6 0x00000510
core   0: 0x8000348a (0x5bb28b93) addi    s7, t0, 1467
core   0: 3 0x8000348a (0x5bb28b93) x23 0x000005bb
core   0: 0x8000348e (0x00008719) c.srai  a4, 6
core   0: 3 0x8000348e (0x8719) x14 0x00000000
core   0: 0x80003490 (0x85c526b7) lui     a3, 0x85c52
core   0: 3 0x80003490 (0x85c526b7) x13 0x85c52000
core   0: 0x80003494 (0x00efbc33) sltu    s8, t6, a4
core   0: 3 0x80003494 (0x00efbc33) x24 0x00000000
core   0: 0x80003498 (0x00000001) c.nop
core   0: 3 0x80003498 (0x0001)
core   0: 0x8000349a (0xfe38e0e3) bltu    a7, gp, pc - 32
core   0: 3 0x8000349a (0xfe38e0e3)
core   0: 0x8000349e (0x00ad92b3) sll     t0, s11, a0
core   0: 3 0x8000349e (0x00ad92b3) x 5 0x0000d000
core   0: 0x800034a2 (0x00e0026f) jal     tp, pc + 0xe
core   0: 3 0x800034a2 (0x00e0026f) x 4 0x800034a6
core   0: 0x800034b0 (0x00002029) c.jal   pc + 10
core   0: 3 0x800034b0 (0x2029) x 1 0x800034b2
core   0: 0x800034ba (0x00003fe5) c.jal   pc - 8
core   0: 3 0x800034ba (0x3fe5) x 1 0x800034bc
core   0: 0x800034b2 (0x01a000ef) jal     pc + 0x1a
core   0: 3 0x800034b2 (0x01a000ef) x 1 0x800034b6
core   0: 0x800034cc (0x000037ed) c.jal   pc - 22
core   0: 3 0x800034cc (0x37ed) x 1 0x800034ce
core   0: 0x800034b6 (0x00c000ef) jal     pc + 0xc
core   0: 3 0x800034b6 (0x00c000ef) x 1 0x800034ba
core   0: 0x800034c2 (0xffbff0ef) jal     pc - 0x6
core   0: 3 0x800034c2 (0xffbff0ef) x 1 0x800034c6
core   0: 0x800034bc (0x0000a039) c.j     pc + 14
core   0: 3 0x800034bc (0xa039)
core   0: 0x800034ca (0x000037d5) c.jal   pc - 28
core   0: 3 0x800034ca (0x37d5) x 1 0x800034cc
core   0: 0x800034ae (0x0000a005) c.j     pc + 32
core   0: 3 0x800034ae (0xa005)
core   0: 0x800034ce (0x00003fe1) c.jal   pc - 40
core   0: 3 0x800034ce (0x3fe1) x 1 0x800034d0
core   0: 0x800034a6 (0x00002821) c.jal   pc + 24
core   0: 3 0x800034a6 (0x2821) x 1 0x800034a8
core   0: 0x800034be (0x008000ef) jal     pc + 0x8
core   0: 3 0x800034be (0x008000ef) x 1 0x800034c2
core   0: 0x800034c6 (0xfe7ff2ef) jal     t0, pc - 0x1a
core   0: 3 0x800034c6 (0xfe7ff2ef) x 5 0x800034ca
core   0: 0x800034ac (0x0000bff5) c.j     pc - 4
core   0: 3 0x800034ac (0xbff5)
core   0: 0x800034a8 (0x028000ef) jal     pc + 0x28
core   0: 3 0x800034a8 (0x028000ef) x 1 0x800034ac
core   0: 0x800034d0 (0x00008f49) c.or    a4, a0
core   0: 3 0x800034d0 (0x8f49) x14 0x00000000
core   0: 0x800034d2 (0xff900613) li      a2, -7
core   0: 3 0x800034d2 (0xff900613) x12 0xfffffff9
core   0: 0x800034d6 (0x0258ee33) rem     t3, a7, t0
core   0: 3 0x800034d6 (0x0258ee33) x28 0x00000010
core   0: 0x800034da (0x6fe63313) sltiu   t1, a2, 1790
core   0: 3 0x800034da (0x6fe63313) x 6 0x00000000
core   0: 0x800034de (0x00000001) c.nop
core   0: 3 0x800034de (0x0001)
core   0: 0x800034e0 (0x00008f9d) c.sub   a5, a5
core   0: 3 0x800034e0 (0x8f9d) x15 0x00000000
core   0: 0x800034e2 (0x0000071d) c.addi  a4, 7
core   0: 3 0x800034e2 (0x071d) x14 0x00000007
core   0: 0x800034e4 (0x0000882e) c.mv    a6, a1
core   0: 3 0x800034e4 (0x882e) x16 0x01a73103
core   0: 0x800034e6 (0x00000605) c.addi  a2, 1
core   0: 3 0x800034e6 (0x0605) x12 0xfffffffa
core   0: 0x800034e8 (0x00009bfd) c.andi  a5, -1
core   0: 3 0x800034e8 (0x9bfd) x15 0x00000000
core   0: 0x800034ea (0x008ac533) xor     a0, s5, s0
core   0: 3 0x800034ea (0x008ac533) x10 0x00030620
core   0: 0x800034ee (0xb2438713) addi    a4, t2, -1244
core   0: 3 0x800034ee (0xb2438713) x14 0x8002596c
core   0: 0x800034f2 (0x0374a4b3) mulhsu  s1, s1, s7
core   0: 3 0x800034f2 (0x0374a4b3) x 9 0xffffffa4
core   0: 0x800034f6 (0x00004a29) c.li    s4, 10
core   0: 3 0x800034f6 (0x4a29) x20 0x0000000a
core   0: 0x800034f8 (0x0000f66d) c.bnez  a2, pc - 22
core   0: 3 0x800034f8 (0xf66d)
core   0: 0x800034e2 (0x0000071d) c.addi  a4, 7
core   0: 3 0x800034e2 (0x071d) x14 0x80025973
core   0: 0x800034e4 (0x0000882e) c.mv    a6, a1
core   0: 3 0x800034e4 (0x882e) x16 0x01a73103
core   0: 0x800034e6 (0x00000605) c.addi  a2, 1
core   0: 3 0x800034e6 (0x0605) x12 0xfffffffb
core   0: 0x800034e8 (0x00009bfd) c.andi  a5, -1
core   0: 3 0x800034e8 (0x9bfd) x15 0x00000000
core   0: 0x800034ea (0x008ac533) xor     a0, s5, s0
core   0: 3 0x800034ea (0x008ac533) x10 0x00030620
core   0: 0x800034ee (0xb2438713) addi    a4, t2, -1244
core   0: 3 0x800034ee (0xb2438713) x14 0x8002596c
core   0: 0x800034f2 (0x0374a4b3) mulhsu  s1, s1, s7
core   0: 3 0x800034f2 (0x0374a4b3) x 9 0xffffffff
core   0: 0x800034f6 (0x00004a29) c.li    s4, 10
core   0: 3 0x800034f6 (0x4a29) x20 0x0000000a
core   0: 0x800034f8 (0x0000f66d) c.bnez  a2, pc - 22
core   0: 3 0x800034f8 (0xf66d)
core   0: 0x800034e2 (0x0000071d) c.addi  a4, 7
core   0: 3 0x800034e2 (0x071d) x14 0x80025973
core   0: 0x800034e4 (0x0000882e) c.mv    a6, a1
core   0: 3 0x800034e4 (0x882e) x16 0x01a73103
core   0: 0x800034e6 (0x00000605) c.addi  a2, 1
core   0: 3 0x800034e6 (0x0605) x12 0xfffffffc
core   0: 0x800034e8 (0x00009bfd) c.andi  a5, -1
core   0: 3 0x800034e8 (0x9bfd) x15 0x00000000
core   0: 0x800034ea (0x008ac533) xor     a0, s5, s0
core   0: 3 0x800034ea (0x008ac533) x10 0x00030620
core   0: 0x800034ee (0xb2438713) addi    a4, t2, -1244
core   0: 3 0x800034ee (0xb2438713) x14 0x8002596c
core   0: 0x800034f2 (0x0374a4b3) mulhsu  s1, s1, s7
core   0: 3 0x800034f2 (0x0374a4b3) x 9 0xffffffff
core   0: 0x800034f6 (0x00004a29) c.li    s4, 10
core   0: 3 0x800034f6 (0x4a29) x20 0x0000000a
core   0: 0x800034f8 (0x0000f66d) c.bnez  a2, pc - 22
core   0: 3 0x800034f8 (0xf66d)
core   0: 0x800034e2 (0x0000071d) c.addi  a4, 7
core   0: 3 0x800034e2 (0x071d) x14 0x80025973
core   0: 0x800034e4 (0x0000882e) c.mv    a6, a1
core   0: 3 0x800034e4 (0x882e) x16 0x01a73103
core   0: 0x800034e6 (0x00000605) c.addi  a2, 1
core   0: 3 0x800034e6 (0x0605) x12 0xfffffffd
core   0: 0x800034e8 (0x00009bfd) c.andi  a5, -1
core   0: 3 0x800034e8 (0x9bfd) x15 0x00000000
core   0: 0x800034ea (0x008ac533) xor     a0, s5, s0
core   0: 3 0x800034ea (0x008ac533) x10 0x00030620
core   0: 0x800034ee (0xb2438713) addi    a4, t2, -1244
core   0: 3 0x800034ee (0xb2438713) x14 0x8002596c
core   0: 0x800034f2 (0x0374a4b3) mulhsu  s1, s1, s7
core   0: 3 0x800034f2 (0x0374a4b3) x 9 0xffffffff
core   0: 0x800034f6 (0x00004a29) c.li    s4, 10
core   0: 3 0x800034f6 (0x4a29) x20 0x0000000a
core   0: 0x800034f8 (0x0000f66d) c.bnez  a2, pc - 22
core   0: 3 0x800034f8 (0xf66d)
core   0: 0x800034e2 (0x0000071d) c.addi  a4, 7
core   0: 3 0x800034e2 (0x071d) x14 0x80025973
core   0: 0x800034e4 (0x0000882e) c.mv    a6, a1
core   0: 3 0x800034e4 (0x882e) x16 0x01a73103
core   0: 0x800034e6 (0x00000605) c.addi  a2, 1
core   0: 3 0x800034e6 (0x0605) x12 0xfffffffe
core   0: 0x800034e8 (0x00009bfd) c.andi  a5, -1
core   0: 3 0x800034e8 (0x9bfd) x15 0x00000000
core   0: 0x800034ea (0x008ac533) xor     a0, s5, s0
core   0: 3 0x800034ea (0x008ac533) x10 0x00030620
core   0: 0x800034ee (0xb2438713) addi    a4, t2, -1244
core   0: 3 0x800034ee (0xb2438713) x14 0x8002596c
core   0: 0x800034f2 (0x0374a4b3) mulhsu  s1, s1, s7
core   0: 3 0x800034f2 (0x0374a4b3) x 9 0xffffffff
core   0: 0x800034f6 (0x00004a29) c.li    s4, 10
core   0: 3 0x800034f6 (0x4a29) x20 0x0000000a
core   0: 0x800034f8 (0x0000f66d) c.bnez  a2, pc - 22
core   0: 3 0x800034f8 (0xf66d)
core   0: 0x800034e2 (0x0000071d) c.addi  a4, 7
core   0: 3 0x800034e2 (0x071d) x14 0x80025973
core   0: 0x800034e4 (0x0000882e) c.mv    a6, a1
core   0: 3 0x800034e4 (0x882e) x16 0x01a73103
core   0: 0x800034e6 (0x00000605) c.addi  a2, 1
core   0: 3 0x800034e6 (0x0605) x12 0xffffffff
core   0: 0x800034e8 (0x00009bfd) c.andi  a5, -1
core   0: 3 0x800034e8 (0x9bfd) x15 0x00000000
core   0: 0x800034ea (0x008ac533) xor     a0, s5, s0
core   0: 3 0x800034ea (0x008ac533) x10 0x00030620
core   0: 0x800034ee (0xb2438713) addi    a4, t2, -1244
core   0: 3 0x800034ee (0xb2438713) x14 0x8002596c
core   0: 0x800034f2 (0x0374a4b3) mulhsu  s1, s1, s7
core   0: 3 0x800034f2 (0x0374a4b3) x 9 0xffffffff
core   0: 0x800034f6 (0x00004a29) c.li    s4, 10
core   0: 3 0x800034f6 (0x4a29) x20 0x0000000a
core   0: 0x800034f8 (0x0000f66d) c.bnez  a2, pc - 22
core   0: 3 0x800034f8 (0xf66d)
core   0: 0x800034e2 (0x0000071d) c.addi  a4, 7
core   0: 3 0x800034e2 (0x071d) x14 0x80025973
core   0: 0x800034e4 (0x0000882e) c.mv    a6, a1
core   0: 3 0x800034e4 (0x882e) x16 0x01a73103
core   0: 0x800034e6 (0x00000605) c.addi  a2, 1
core   0: 3 0x800034e6 (0x0605) x12 0x00000000
core   0: 0x800034e8 (0x00009bfd) c.andi  a5, -1
core   0: 3 0x800034e8 (0x9bfd) x15 0x00000000
core   0: 0x800034ea (0x008ac533) xor     a0, s5, s0
core   0: 3 0x800034ea (0x008ac533) x10 0x00030620
core   0: 0x800034ee (0xb2438713) addi    a4, t2, -1244
core   0: 3 0x800034ee (0xb2438713) x14 0x8002596c
core   0: 0x800034f2 (0x0374a4b3) mulhsu  s1, s1, s7
core   0: 3 0x800034f2 (0x0374a4b3) x 9 0xffffffff
core   0: 0x800034f6 (0x00004a29) c.li    s4, 10
core   0: 3 0x800034f6 (0x4a29) x20 0x0000000a
core   0: 0x800034f8 (0x0000f66d) c.bnez  a2, pc - 22
core   0: 3 0x800034f8 (0xf66d)
core   0: 0x800034fa (0x00000001) c.nop
core   0: 3 0x800034fa (0x0001)
core   0: 0x800034fc (0x00014317) auipc   t1, 0x14
core   0: 3 0x800034fc (0x00014317) x 6 0x800174fc
core   0: 0x80003500 (0x9a230313) addi    t1, t1, -1630
core   0: 3 0x80003500 (0x9a230313) x 6 0x80016e9e
core   0: 0x80003504 (0x0001b897) auipc   a7, 0x1b
core   0: 3 0x80003504 (0x0001b897) x17 0x8001e504
core   0: 0x80003508 (0x57a88893) addi    a7, a7, 1402
core   0: 3 0x80003508 (0x57a88893) x17 0x8001ea7e
core   0: 0x8000350c (0x00b8a723) sw      a1, 14(a7)
core   0: 3 0x8000350c (0x00b8a723) mem 0x8001ea8c 0x01a73103
core   0: 0x80003510 (0x00014997) auipc   s3, 0x14
core   0: 3 0x80003510 (0x00014997) x19 0x80017510
core   0: 0x80003514 (0x50998993) addi    s3, s3, 1289
core   0: 3 0x80003514 (0x50998993) x19 0x80017a19
core   0: 0x80003518 (0x00e305a3) sb      a4, 11(t1)
core   0: 3 0x80003518 (0x00e305a3) mem 0x80016ea9 0x6c
core   0: 0x8000351c (0xf2b99603) lh      a2, -213(s3)
core   0: 3 0x8000351c (0xf2b99603) x12 0x00000000 mem 0x80017944
core   0: 0x80003520 (0xf349c283) lbu     t0, -204(s3)
core   0: 3 0x80003520 (0xf349c283) x 5 0x00000000 mem 0x8001794d
core   0: 0x80003524 (0xfe18af23) sw      ra, -2(a7)
core   0: 3 0x80003524 (0xfe18af23) mem 0x8001ea7c 0x800034ac
core   0: 0x80003528 (0x0068a103) lw      sp, 6(a7)
core   0: 3 0x80003528 (0x0068a103) x 2 0x00000000 mem 0x8001ea84
core   0: 0x8000352c (0xfce35a03) lhu     s4, -50(t1)
core   0: 3 0x8000352c (0xfce35a03) x20 0x00000000 mem 0x80016e6c
core   0: 0x80003530 (0xfeb9d003) lhu     zero, -21(s3)
core   0: 3 0x80003530 (0xfeb9d003) mem 0x80017a04
core   0: 0x80003534 (0x00f8c783) lbu     a5, 15(a7)
core   0: 3 0x80003534 (0x00f8c783) x15 0x00000031 mem 0x8001ea8d
core   0: 0x80003538 (0xfef30a23) sb      a5, -12(t1)
core   0: 3 0x80003538 (0xfef30a23) mem 0x80016e92 0x31
core   0: 0x8000353c (0xff088083) lb      ra, -16(a7)
core   0: 3 0x8000353c (0xff088083) x 1 0x00000000 mem 0x8001ea6e
core   0: 0x80003540 (0x02e9c903) lbu     s2, 46(s3)
core   0: 3 0x80003540 (0x02e9c903) x18 0x00000000 mem 0x80017a47
core   0: 0x80003544 (0x0038c703) lbu     a4, 3(a7)
core   0: 3 0x80003544 (0x0038c703) x14 0x00000000 mem 0x8001ea81
core   0: 0x80003548 (0x03530283) lb      t0, 53(t1)
core   0: 3 0x80003548 (0x03530283) x 5 0x00000000 mem 0x80016ed3
core   0: 0x8000354c (0xff78c283) lbu     t0, -9(a7)
core   0: 3 0x8000354c (0xff78c283) x 5 0x00000000 mem 0x8001ea75
core   0: 0x80003550 (0xfff32323) sw      t6, -26(t1)
core   0: 3 0x80003550 (0xfff32323) mem 0x80016e84 0x00000000
core   0: 0x80003554 (0x0da9cf83) lbu     t6, 218(s3)
core   0: 3 0x80003554 (0x0da9cf83) x31 0x00000000 mem 0x80017af3
core   0: 0x80003558 (0x0028c603) lbu     a2, 2(a7)
core   0: 3 0x80003558 (0x0028c603) x12 0x00000000 mem 0x8001ea80
core   0: 0x8000355c (0xfa498ca3) sb      tp, -71(s3)
core   0: 3 0x8000355c (0xfa498ca3) mem 0x800179d2 0xa6
core   0: 0x80003560 (0x0000d417) auipc   s0, 0xd
core   0: 3 0x80003560 (0x0000d417) x 8 0x80010560
core   0: 0x80003564 (0x3c340413) addi    s0, s0, 963
core   0: 3 0x80003564 (0x3c340413) x 8 0x80010923
core   0: 0x80003568 (0x0000d797) auipc   a5, 0xd
core   0: 3 0x80003568 (0x0000d797) x15 0x80010568
core   0: 0x8000356c (0x06778793) addi    a5, a5, 103
core   0: 3 0x8000356c (0x06778793) x15 0x800105cf
core   0: 0x80003570 (0xf4f40623) sb      a5, -180(s0)
core   0: 3 0x80003570 (0xf4f40623) mem 0x8001086f 0xcf
core   0: 0x80003574 (0xf2340223) sb      gp, -220(s0)
core   0: 3 0x80003574 (0xf2340223) mem 0x80010847 0x10
core   0: 0x80003578 (0x70878183) lb      gp, 1800(a5)
core   0: 3 0x80003578 (0x70878183) x 3 0x00000000 mem 0x80010cd7
core   0: 0x8000357c (0xf5f44c83) lbu     s9, -161(s0)
core   0: 3 0x8000357c (0xf5f44c83) x25 0x00000000 mem 0x80010882
core   0: 0x80003580 (0x0000df17) auipc   t5, 0xd
core   0: 3 0x80003580 (0x0000df17) x30 0x80010580
core   0: 0x80003584 (0xc52f0f13) addi    t5, t5, -942
core   0: 3 0x80003584 (0xc52f0f13) x30 0x800101d2
core   0: 0x80003588 (0x06f45c03) lhu     s8, 111(s0)
core   0: 3 0x80003588 (0x06f45c03) x24 0x00000000 mem 0x80010992
core   0: 0x8000358c (0xf46f09a3) sb      t1, -173(t5)
core   0: 3 0x8000358c (0xf46f09a3) mem 0x80010125 0x9e
core   0: 0x80003590 (0x3f078c03) lb      s8, 1008(a5)
core   0: 3 0x80003590 (0x3f078c03) x24 0x00000000 mem 0x800109bf
core   0: 0x80003594 (0xfe945103) lhu     sp, -23(s0)
core   0: 3 0x80003594 (0xfe945103) x 2 0x00000000 mem 0x8001090c
core   0: 0x80003598 (0xfdbf4b83) lbu     s7, -37(t5)
core   0: 3 0x80003598 (0xfdbf4b83) x23 0x00000000 mem 0x800101ad
core   0: 0x8000359c (0x0be40723) sb      t5, 174(s0)
core   0: 3 0x8000359c (0x0be40723) mem 0x800109d1 0xd2
core   0: 0x800035a0 (0x038f0903) lb      s2, 56(t5)
core   0: 3 0x800035a0 (0x038f0903) x18 0x00000000 mem 0x8001020a
core   0: 0x800035a4 (0x0f3f0523) sb      s3, 234(t5)
core   0: 3 0x800035a4 (0x0f3f0523) mem 0x800102bc 0x19
core   0: 0x800035a8 (0x00144003) lbu     zero, 1(s0)
core   0: 3 0x800035a8 (0x00144003) mem 0x80010924
core   0: 0x800035ac (0x32d78283) lb      t0, 813(a5)
core   0: 3 0x800035ac (0x32d78283) x 5 0x00000000 mem 0x800108fc
core   0: 0x800035b0 (0xee27cd03) lbu     s10, -286(a5)
core   0: 3 0x800035b0 (0xee27cd03) x26 0x00000000 mem 0x800104b1
core   0: 0x800035b4 (0x374791a3) sh      s4, 867(a5)
core   0: 3 0x800035b4 (0x374791a3) mem 0x80010932 0x0000
core   0: 0x800035b8 (0xf7f415a3) sh      t6, -149(s0)
core   0: 3 0x800035b8 (0xf7f415a3) mem 0x8001088e 0x0000
core   0: 0x800035bc (0xb5c78183) lb      gp, -1188(a5)
core   0: 3 0x800035bc (0xb5c78183) x 3 0x00000000 mem 0x8001012b
core   0: 0x800035c0 (0x001f4483) lbu     s1, 1(t5)
core   0: 3 0x800035c0 (0x001f4483) x 9 0x00000000 mem 0x800101d3
core   0: 0x800035c4 (0x0000ee17) auipc   t3, 0xe
core   0: 3 0x800035c4 (0x0000ee17) x28 0x800115c4
core   0: 0x800035c8 (0xf4fe0e13) addi    t3, t3, -177
core   0: 3 0x800035c8 (0xf4fe0e13) x28 0x80011513
core   0: 0x800035cc (0x0000d117) auipc   sp, 0xd
core   0: 3 0x800035cc (0x0000d117) x 2 0x800105cc
core   0: 0x800035d0 (0x54710113) addi    sp, sp, 1351
core   0: 3 0x800035d0 (0x54710113) x 2 0x80010b13
core   0: 0x800035d4 (0xf52e17a3) sh      s2, -177(t3)
core   0: 3 0x800035d4 (0xf52e17a3) mem 0x80011462 0x0000
core   0: 0x800035d8 (0xf70e0523) sb      a6, -150(t3)
core   0: 3 0x800035d8 (0xf70e0523) mem 0x8001147d 0x3
core   0: 0x800035dc (0x09fe15a3) sh      t6, 139(t3)
core   0: 3 0x800035dc (0x09fe15a3) mem 0x8001159e 0x0000
core   0: 0x800035e0 (0x0e7e04a3) sb      t2, 233(t3)
core   0: 3 0x800035e0 (0x0e7e04a3) mem 0x800115fc 0x48
core   0: 0x800035e4 (0xf43109a3) sb      gp, -173(sp)
core   0: 3 0x800035e4 (0xf43109a3) mem 0x80010a66 0x0
core   0: 0x800035e8 (0xf0314683) lbu     a3, -253(sp)
core   0: 3 0x800035e8 (0xf0314683) x13 0x00000000 mem 0x80010a16
core   0: 0x800035ec (0xf5ae0c03) lb      s8, -166(t3)
core   0: 3 0x800035ec (0xf5ae0c03) x24 0x00000000 mem 0x8001146d
core   0: 0x800035f0 (0xf8710003) lb      zero, -121(sp)
core   0: 3 0x800035f0 (0xf8710003) mem 0x80010a9a
core   0: 0x800035f4 (0x074107a3) sb      s4, 111(sp)
core   0: 3 0x800035f4 (0x074107a3) mem 0x80010b82 0x0
core   0: 0x800035f8 (0xf8de2883) lw      a7, -115(t3)
core   0: 3 0x800035f8 (0xf8de2883) x17 0x00000000 mem 0x800114a0
core   0: 0x800035fc (0x04810f03) lb      t5, 72(sp)
core   0: 3 0x800035fc (0x04810f03) x30 0x00000000 mem 0x80010b5b
core   0: 0x80003600 (0xfa115083) lhu     ra, -95(sp)
core   0: 3 0x80003600 (0xfa115083) x 1 0x00000000 mem 0x80010ab4
core   0: 0x80003604 (0xfd910823) sb      s9, -48(sp)
core   0: 3 0x80003604 (0xfd910823) mem 0x80010ae3 0x0
core   0: 0x80003608 (0xf8510983) lb      s3, -123(sp)
core   0: 3 0x80003608 (0xf8510983) x19 0x00000000 mem 0x80010a98
core   0: 0x8000360c (0x003e0fa3) sb      gp, 31(t3)
core   0: 3 0x8000360c (0x003e0fa3) mem 0x80011532 0x0
core   0: 0x80003610 (0xff0e0d23) sb      a6, -6(t3)
core   0: 3 0x80003610 (0xff0e0d23) mem 0x8001150d 0x3
core   0: 0x80003614 (0x06810683) lb      a3, 104(sp)
core   0: 3 0x80003614 (0x06810683) x13 0x00000000 mem 0x80010b7b
core   0: 0x80003618 (0x0000d217) auipc   tp, 0xd
core   0: 3 0x80003618 (0x0000d217) x 4 0x80010618
core   0: 0x8000361c (0x14e20213) addi    tp, tp, 334
core   0: 3 0x8000361c (0x14e20213) x 4 0x80010766
core   0: 0x80003620 (0x6fe20903) lb      s2, 1790(tp)
core   0: 3 0x80003620 (0x6fe20903) x18 0x00000000 mem 0x80010e64
core   0: 0x80003624 (0xadc25903) lhu     s2, -1316(tp)
core   0: 3 0x80003624 (0xadc25903) x18 0x00000000 mem 0x80010242
core   0: 0x80003628 (0x0ff0000f) fence   iorw,iorw
core   0: 3 0x80003628 (0x0ff0000f)
core   0: 0x8000362c (0xa7821e03) lh      t3, -1416(tp)
core   0: 3 0x8000362c (0xa7821e03) x28 0x00000000 mem 0x800101de
core   0: 0x80003630 (0xdeb20683) lb      a3, -533(tp)
core   0: 3 0x80003630 (0xdeb20683) x13 0x00000000 mem 0x80010551
core   0: 0x80003634 (0x406e5933) sra     s2, t3, t1
core   0: 3 0x80003634 (0x406e5933) x18 0x00000000
core   0: 0x80003638 (0xca124903) lbu     s2, -863(tp)
core   0: 3 0x80003638 (0xca124903) x18 0x00000000 mem 0x80010407
core   0: 0x8000363c (0xb1220da3) sb      s2, -1253(tp)
core   0: 3 0x8000363c (0xb1220da3) mem 0x80010281 0x0
core   0: 0x80003640 (0x00001e7d) c.addi  t3, -1
core   0: 3 0x80003640 (0x1e7d) x28 0xffffffff
core   0: 0x80003642 (0xf5a25e03) lhu     t3, -166(tp)
core   0: 3 0x80003642 (0xf5a25e03) x28 0x00000000 mem 0x800106c0
core   0: 0x80003646 (0x00000785) c.addi  a5, 1
core   0: 3 0x80003646 (0x0785) x15 0x800105d0
core   0: 0x80003648 (0xc7324303) lbu     t1, -909(tp)
core   0: 3 0x80003648 (0xc7324303) x 6 0x00000000 mem 0x800103d9
core   0: 0x8000364c (0xf4625903) lhu     s2, -186(tp)
core   0: 3 0x8000364c (0xf4625903) x18 0x00000000 mem 0x800106ac
core   0: 0x80003650 (0xc3b24e03) lbu     t3, -965(tp)
core   0: 3 0x80003650 (0xc3b24e03) x28 0x00000000 mem 0x800103a1
core   0: 0x80003654 (0x779e7693) andi    a3, t3, 1913
core   0: 3 0x80003654 (0x779e7693) x13 0x00000000
core   0: 0x80003658 (0x452200a3) sb      s2, 1089(tp)
core   0: 3 0x80003658 (0x452200a3) mem 0x80010ba7 0x0
core   0: 0x8000365c (0x00000001) c.nop
core   0: 3 0x8000365c (0x0001)
core   0: 0x8000365e (0x40d95933) sra     s2, s2, a3
core   0: 3 0x8000365e (0x40d95933) x18 0x00000000
core   0: 0x80003662 (0xf7021e03) lh      t3, -144(tp)
core   0: 3 0x80003662 (0xf7021e03) x28 0x00000000 mem 0x800106d6
core   0: 0x80003666 (0xaf834e13) xori    t3, t1, -1288
core   0: 3 0x80003666 (0xaf834e13) x28 0xfffffaf8
core   0: 0x8000366a (0x00451e13) slli    t3, a0, 4
core   0: 3 0x8000366a (0x00451e13) x28 0x00306200
core   0: 0x8000366e (0x00008972) c.mv    s2, t3
core   0: 3 0x8000366e (0x8972) x18 0x00306200
core   0: 0x80003670 (0x73c21783) lh      a5, 1852(tp)
core   0: 3 0x80003670 (0x73c21783) x15 0x00000000 mem 0x80010ea2
core   0: 0x80003674 (0x012e16b3) sll     a3, t3, s2
core   0: 3 0x80003674 (0x012e16b3) x13 0x00306200
core   0: 0x80003678 (0x5db20e03) lb      t3, 1499(tp)
core   0: 3 0x80003678 (0x5db20e03) x28 0x00000000 mem 0x80010d41
core   0: 0x8000367c (0x64077797) auipc   a5, 0x64077
core   0: 3 0x8000367c (0x64077797) x15 0xe407a67c
core   0: 0x80003680 (0x6d524e03) lbu     t3, 1749(tp)
core   0: 3 0x80003680 (0x6d524e03) x28 0x00000000 mem 0x80010e3b
core   0: 0x80003684 (0x026906b3) mul     a3, s2, t1
core   0: 3 0x80003684 (0x026906b3) x13 0x00000000
core   0: 0x80003688 (0xe3821e03) lh      t3, -456(tp)
core   0: 3 0x80003688 (0xe3821e03) x28 0x00000000 mem 0x8001059e
core   0: 0x8000368c (0x9ca20da3) sb      a0, -1573(tp)
core   0: 3 0x8000368c (0x9ca20da3) mem 0x80010141 0x20
core   0: 0x80003690 (0x59f20303) lb      t1, 1439(tp)
core   0: 3 0x80003690 (0x59f20303) x 6 0x00000000 mem 0x80010d05
core   0: 0x80003694 (0x34f200a3) sb      a5, 833(tp)
core   0: 3 0x80003694 (0x34f200a3) mem 0x80010aa7 0x7c
core   0: 0x80003698 (0x306200a3) sb      t1, 769(tp)
core   0: 3 0x80003698 (0x306200a3) mem 0x80010a67 0x0
core   0: 0x8000369c (0x06420503) lb      a0, 100(tp)
core   0: 3 0x8000369c (0x06420503) x10 0x00000000 mem 0x800107ca
core   0: 0x800036a0 (0xa5d24503) lbu     a0, -1443(tp)
core   0: 3 0x800036a0 (0xa5d24503) x10 0x00000000 mem 0x800101c3
core   0: 0x800036a4 (0xdfd20903) lb      s2, -515(tp)
core   0: 3 0x800036a4 (0xdfd20903) x18 0x00000000 mem 0x80010563
core   0: 0x800036a8 (0x02920783) lb      a5, 41(tp)
core   0: 3 0x800036a8 (0x02920783) x15 0x00000000 mem 0x8001078f
core   0: 0x800036ac (0x0067f533) and     a0, a5, t1
core   0: 3 0x800036ac (0x0067f533) x10 0x00000000
core   0: 0x800036b0 (0x6c020503) lb      a0, 1728(tp)
core   0: 3 0x800036b0 (0x6c020503) x10 0x00000000 mem 0x80010e26
core   0: 0x800036b4 (0x03ce3533) mulhu   a0, t3, t3
core   0: 3 0x800036b4 (0x03ce3533) x10 0x00000000
core   0: 0x800036b8 (0x2c425783) lhu     a5, 708(tp)
core   0: 3 0x800036b8 (0x2c425783) x15 0x00000000 mem 0x80010a2a
core   0: 0x800036bc (0x5c520503) lb      a0, 1477(tp)
core   0: 3 0x800036bc (0x5c520503) x10 0x00000000 mem 0x80010d2b
core   0: 0x800036c0 (0x0000d117) auipc   sp, 0xd
core   0: 3 0x800036c0 (0x0000d117) x 2 0x800106c0
core   0: 0x800036c4 (0xc3410113) addi    sp, sp, -972
core   0: 3 0x800036c4 (0xc3410113) x 2 0x800102f4
core   0: 0x800036c8 (0x18c104a3) sb      a2, 393(sp)
core   0: 3 0x800036c8 (0x18c104a3) mem 0x8001047d 0x0
core   0: 0x800036cc (0x0301ca33) div     s4, gp, a6
core   0: 3 0x800036cc (0x0301ca33) x20 0x00000000
core   0: 0x800036d0 (0x00e5bbb3) sltu    s7, a1, a4
core   0: 3 0x800036d0 (0x00e5bbb3) x23 0x00000000
core   0: 0x800036d4 (0x015384b3) add     s1, t2, s5
core   0: 3 0x800036d4 (0x015384b3) x 9 0x0004fb2c
core   0: 0x800036d8 (0x031e6bb3) rem     s7, t3, a7
core   0: 3 0x800036d8 (0x031e6bb3) x23 0x00000000
core   0: 0x800036dc (0xd7d10723) sb      t4, -658(sp)
core   0: 3 0x800036dc (0xd7d10723) mem 0x80010062 0x0
core   0: 0x800036e0 (0x7b410003) lb      zero, 1972(sp)
core   0: 3 0x800036e0 (0x7b410003) mem 0x80010aa8
core   0: 0x800036e4 (0x00008ca1) c.xor   s1, s0
core   0: 3 0x800036e4 (0x8ca1) x 9 0x8005f20f
core   0: 0x800036e6 (0x40fdd033) sra     zero, s11, a5
core   0: 3 0x800036e6 (0x40fdd033)
core   0: 0x800036ea (0x000004e2) c.slli  s1, 24
core   0: 3 0x800036ea (0x04e2) x 9 0x0f000000
core   0: 0x800036ec (0x1f114503) lbu     a0, 497(sp)
core   0: 3 0x800036ec (0x1f114503) x10 0x00000000 mem 0x800104e5
core   0: 0x800036f0 (0x0060e8b3) or      a7, ra, t1
core   0: 3 0x800036f0 (0x0060e8b3) x17 0x00000000
core   0: 0x800036f4 (0x4f911123) sh      s9, 1250(sp)
core   0: 3 0x800036f4 (0x4f911123) mem 0x800107d6 0x0000
core   0: 0x800036f8 (0x6ac10203) lb      tp, 1708(sp)
core   0: 3 0x800036f8 (0x6ac10203) x 4 0x00000000 mem 0x800109a0
core   0: 0x800036fc (0x0009d7b3) srl     a5, s3, zero
core   0: 3 0x800036fc (0x0009d7b3) x15 0x00000000
core   0: 0x80003700 (0x42812783) lw      a5, 1064(sp)
core   0: 3 0x80003700 (0x42812783) x15 0x00000000 mem 0x8001071c
core   0: 0x80003704 (0x20f10c03) lb      s8, 527(sp)
core   0: 3 0x80003704 (0x20f10c03) x24 0x00000000 mem 0x80010503
core   0: 0x80003708 (0xf8210503) lb      a0, -126(sp)
core   0: 3 0x80003708 (0xf8210503) x10 0x00000000 mem 0x80010276
core   0: 0x8000370c (0x5fc14b83) lbu     s7, 1532(sp)
core   0: 3 0x8000370c (0x5fc14b83) x23 0x00000000 mem 0x800108f0
core   0: 0x80003710 (0x00008e8d) c.sub   a3, a1
core   0: 3 0x80003710 (0x8e8d) x13 0xfe58cefd
core   0: 0x80003712 (0x40f1d193) srai    gp, gp, 15
core   0: 3 0x80003712 (0x40f1d193) x 3 0x00000000
core   0: 0x80003716 (0x015217b3) sll     a5, tp, s5
core   0: 3 0x80003716 (0x015217b3) x15 0x00000000
core   0: 0x8000371a (0xdf910ba3) sb      s9, -521(sp)
core   0: 3 0x8000371a (0xdf910ba3) mem 0x800100eb 0x0
core   0: 0x8000371e (0x13910ca3) sb      s9, 313(sp)
core   0: 3 0x8000371e (0x13910ca3) mem 0x8001042d 0x0
core   0: 0x80003722 (0x00006185) c.lui   gp, 0x1
core   0: 3 0x80003722 (0x6185) x 3 0x00001000
core   0: 0x80003724 (0x4f510883) lb      a7, 1269(sp)
core   0: 3 0x80003724 (0x4f510883) x17 0x00000000 mem 0x800107e9
core   0: 0x80003728 (0xfe114683) lbu     a3, -31(sp)
core   0: 3 0x80003728 (0xfe114683) x13 0x00000000 mem 0x800102d5
core   0: 0x8000372c (0x0000100f) fence.i
core   0: 3 0x8000372c (0x0000100f)
core   0: 0x80003730 (0x3f611483) lh      s1, 1014(sp)
core   0: 3 0x80003730 (0x3f611483) x 9 0x00000000 mem 0x800106ea
core   0: 0x80003734 (0x52212423) sw      sp, 1320(sp)
core   0: 3 0x80003734 (0x52212423) mem 0x8001081c 0x800102f4
core   0: 0x80003738 (0x71510483) lb      s1, 1813(sp)
core   0: 3 0x80003738 (0x71510483) x 9 0x00000000 mem 0x80010a09
core   0: 0x8000373c (0x40297d93) andi    s11, s2, 1026
core   0: 3 0x8000373c (0x40297d93) x27 0x00000000
core   0: 0x80003740 (0x000099d2) c.add   s3, s4
core   0: 3 0x80003740 (0x99d2) x19 0x00000000
core   0: 0x80003742 (0x00c92d33) slt     s10, s2, a2
core   0: 3 0x80003742 (0x00c92d33) x26 0x00000000
core   0: 0x80003746 (0x74710a03) lb      s4, 1863(sp)
core   0: 3 0x80003746 (0x74710a03) x20 0x00000000 mem 0x80010a3b
core   0: 0x8000374a (0x01890333) add     t1, s2, s8
core   0: 3 0x8000374a (0x01890333) x 6 0x00000000
core   0: 0x8000374e (0x028ce6b3) rem     a3, s9, s0
core   0: 3 0x8000374e (0x028ce6b3) x13 0x00000000
core   0: 0x80003752 (0x47611483) lh      s1, 1142(sp)
core   0: 3 0x80003752 (0x47611483) x 9 0x00000000 mem 0x8001076a
core   0: 0x80003756 (0x4d7f8c13) addi    s8, t6, 1239
core   0: 3 0x80003756 (0x4d7f8c13) x24 0x000004d7
core   0: 0x8000375a (0x01e31bb3) sll     s7, t1, t5
core   0: 3 0x8000375a (0x01e31bb3) x23 0x00000000
core   0: 0x8000375e (0x00000001) c.nop
core   0: 3 0x8000375e (0x0001)
core   0: 0x80003760 (0x00008925) c.andi  a0, 9
core   0: 3 0x80003760 (0x8925) x10 0x00000000
core   0: 0x80003762 (0xda014f03) lbu     t5, -608(sp)
core   0: 3 0x80003762 (0xda014f03) x30 0x00000000 mem 0x80010094
core   0: 0x80003766 (0x8e032d13) slti    s10, t1, -1824
core   0: 3 0x80003766 (0x8e032d13) x26 0x00000000
core   0: 0x8000376a (0x00000001) c.nop
core   0: 3 0x8000376a (0x0001)
core   0: 0x8000376c (0x0397eb33) rem     s6, a5, s9
core   0: 3 0x8000376c (0x0397eb33) x22 0x00000000
core   0: 0x80003770 (0x7ee14e83) lbu     t4, 2030(sp)
core   0: 3 0x80003770 (0x7ee14e83) x29 0x00000000 mem 0x80010ae2
core   0: 0x80003774 (0x32a108a3) sb      a0, 817(sp)
core   0: 3 0x80003774 (0x32a108a3) mem 0x80010625 0x0
core   0: 0x80003778 (0x00016997) auipc   s3, 0x16
core   0: 3 0x80003778 (0x00016997) x19 0x80019778
core   0: 0x8000377c (0x99398993) addi    s3, s3, -1645
core   0: 3 0x8000377c (0x99398993) x19 0x8001910b
core   0: 0x80003780 (0x0000d917) auipc   s2, 0xd
core   0: 3 0x80003780 (0x0000d917) x18 0x80010780
core   0: 0x80003784 (0x11290913) addi    s2, s2, 274
core   0: 3 0x80003784 (0x11290913) x18 0x80010892
core   0: 0x80003788 (0x5959cc03) lbu     s8, 1429(s3)
core   0: 3 0x80003788 (0x5959cc03) x24 0x00000000 mem 0x800196a0
core   0: 0x8000378c (0x03490a23) sb      s4, 52(s2)
core   0: 3 0x8000378c (0x03490a23) mem 0x800108c6 0x0
core   0: 0x80003790 (0x02d90e83) lb      t4, 45(s2)
core   0: 3 0x80003790 (0x02d90e83) x29 0x00000000 mem 0x800108bf
core   0: 0x80003794 (0x1729c283) lbu     t0, 370(s3)
core   0: 3 0x80003794 (0x1729c283) x 5 0x00000000 mem 0x8001927d
core   0: 0x80003798 (0x01394003) lbu     zero, 19(s2)
core   0: 3 0x80003798 (0x01394003) mem 0x800108a5
core   0: 0x8000379c (0x958999a3) sh      s8, -1709(s3)
core   0: 3 0x8000379c (0x958999a3) mem 0x80018a5e 0x0000
core   0: 0x800037a0 (0xfe495103) lhu     sp, -28(s2)
core   0: 3 0x800037a0 (0xfe495103) x 2 0x00000000 mem 0x80010876
core   0: 0x800037a4 (0x0329ca03) lbu     s4, 50(s3)
core   0: 3 0x800037a4 (0x0329ca03) x20 0x00000000 mem 0x8001913d
core   0: 0x800037a8 (0x03290f83) lb      t6, 50(s2)
core   0: 3 0x800037a8 (0x03290f83) x31 0x00000000 mem 0x800108c4
core   0: 0x800037ac (0x4659d283) lhu     t0, 1125(s3)
core   0: 3 0x800037ac (0x4659d283) x 5 0x00000000 mem 0x80019570
core   0: 0x800037b0 (0xfed94e03) lbu     t3, -19(s2)
core   0: 3 0x800037b0 (0xfed94e03) x28 0x00000000 mem 0x8001087f
core   0: 0x800037b4 (0xfc790d03) lb      s10, -57(s2)
core   0: 3 0x800037b4 (0xfc790d03) x26 0x00000000 mem 0x80010859
core   0: 0x800037b8 (0xd4998283) lb      t0, -695(s3)
core   0: 3 0x800037b8 (0xd4998283) x 5 0x00000000 mem 0x80018e54
core   0: 0x800037bc (0xbed980a3) sb      a3, -1055(s3)
core   0: 3 0x800037bc (0xbed980a3) mem 0x80018cec 0x0
core   0: 0x800037c0 (0x02f907a3) sb      a5, 47(s2)
core   0: 3 0x800037c0 (0x02f907a3) mem 0x800108c1 0x0
core   0: 0x800037c4 (0x0001dc97) auipc   s9, 0x1d
core   0: 3 0x800037c4 (0x0001dc97) x25 0x800207c4
core   0: 0x800037c8 (0x2f5c8c93) addi    s9, s9, 757
core   0: 3 0x800037c8 (0x2f5c8c93) x25 0x80020ab9
core   0: 0x800037cc (0x0000dc17) auipc   s8, 0xd
core   0: 3 0x800037cc (0x0000dc17) x24 0x800107cc
core   0: 0x800037d0 (0x559c0c13) addi    s8, s8, 1369
core   0: 3 0x800037d0 (0x559c0c13) x24 0x80010d25
core   0: 0x800037d4 (0x02eccb83) lbu     s7, 46(s9)
core   0: 3 0x800037d4 (0x02eccb83) x23 0x00000000 mem 0x80020ae7
core   0: 0x800037d8 (0xfe8c0b03) lb      s6, -24(s8)
core   0: 3 0x800037d8 (0xfe8c0b03) x22 0x00000000 mem 0x80010d0d
core   0: 0x800037dc (0x003c4903) lbu     s2, 3(s8)
core   0: 3 0x800037dc (0x003c4903) x18 0x0000003a mem 0x80010d28
core   0: 0x800037e0 (0xfcfc1783) lh      a5, -49(s8)
core   0: 3 0x800037e0 (0xfcfc1783) x15 0x00000000 mem 0x80010cf4
core   0: 0x800037e4 (0x01ac4203) lbu     tp, 26(s8)
core   0: 3 0x800037e4 (0x01ac4203) x 4 0x00000000 mem 0x80010d3f
core   0: 0x800037e8 (0x019cd983) lhu     s3, 25(s9)
core   0: 3 0x800037e8 (0x019cd983) x19 0x00000000 mem 0x80020ad2
core   0: 0x800037ec (0x01fcd283) lhu     t0, 31(s9)
core   0: 3 0x800037ec (0x01fcd283) x 5 0x00000000 mem 0x80020ad8
core   0: 0x800037f0 (0xfd0c4603) lbu     a2, -48(s8)
core   0: 3 0x800037f0 (0xfd0c4603) x12 0x00000000 mem 0x80010cf5
core   0: 0x800037f4 (0x03fccb03) lbu     s6, 63(s9)
core   0: 3 0x800037f4 (0x03fccb03) x22 0x00000000 mem 0x80020af8
core   0: 0x800037f8 (0x004c9ba3) sh      tp, 23(s9)
core   0: 3 0x800037f8 (0x004c9ba3) mem 0x80020ad0 0x0000
core   0: 0x800037fc (0x02ccce83) lbu     t4, 44(s9)
core   0: 3 0x800037fc (0x02ccce83) x29 0x00000000 mem 0x80020ae5
core   0: 0x80003800 (0x036cc803) lbu     a6, 54(s9)
core   0: 3 0x80003800 (0x036cc803) x16 0x00000000 mem 0x80020aef
core   0: 0x80003804 (0xfd3c2ba3) sw      s3, -41(s8)
core   0: 3 0x80003804 (0xfd3c2ba3) mem 0x80010cfc 0x00000000
core   0: 0x80003808 (0x012c0d03) lb      s10, 18(s8)
core   0: 3 0x80003808 (0x012c0d03) x26 0x00000000 mem 0x80010d37
core   0: 0x8000380c (0xfdec8223) sb      t5, -60(s9)
core   0: 3 0x8000380c (0xfdec8223) mem 0x80020a7d 0x0
core   0: 0x80003810 (0x002c4283) lbu     t0, 2(s8)
core   0: 3 0x80003810 (0x002c4283) x 5 0x00000000 mem 0x80010d27
core   0: 0x80003814 (0xfccc8f83) lb      t6, -52(s9)
core   0: 3 0x80003814 (0xfccc8f83) x31 0x00000000 mem 0x80020a85
core   0: 0x80003818 (0x007c5b83) lhu     s7, 7(s8)
core   0: 3 0x80003818 (0x007c5b83) x23 0x00000000 mem 0x80010d2c
core   0: 0x8000381c (0x02cc0283) lb      t0, 44(s8)
core   0: 3 0x8000381c (0x02cc0283) x 5 0x00000000 mem 0x80010d51
core   0: 0x80003820 (0x0000d417) auipc   s0, 0xd
core   0: 3 0x80003820 (0x0000d417) x 8 0x80010820
core   0: 0x80003824 (0x72e40413) addi    s0, s0, 1838
core   0: 3 0x80003824 (0x72e40413) x 8 0x80010f4e
core   0: 0x80003828 (0x0000d697) auipc   a3, 0xd
core   0: 3 0x80003828 (0x0000d697) x13 0x80010828
core   0: 0x8000382c (0x5f868693) addi    a3, a3, 1528
core   0: 3 0x8000382c (0x5f868693) x13 0x80010e20
core   0: 0x80003830 (0xf8e40ea3) sb      a4, -99(s0)
core   0: 3 0x80003830 (0xf8e40ea3) mem 0x80010eeb 0x0
core   0: 0x80003834 (0x0000d817) auipc   a6, 0xd
core   0: 3 0x80003834 (0x0000d817) x16 0x80010834
core   0: 0x80003838 (0xb1a80813) addi    a6, a6, -1254
core   0: 3 0x80003838 (0xb1a80813) x16 0x8001034e
core   0: 0x8000383c (0x0000d097) auipc   ra, 0xd
core   0: 3 0x8000383c (0x0000d097) x 1 0x8001083c
core   0: 0x80003840 (0xb9108093) addi    ra, ra, -1135
core   0: 3 0x80003840 (0xb9108093) x 1 0x800103cd
core   0: 0x80003844 (0x00c802a3) sb      a2, 5(a6)
core   0: 3 0x80003844 (0x00c802a3) mem 0x80010353 0x0
core   0: 0x80003848 (0xfce6cd03) lbu     s10, -50(a3)
core   0: 3 0x80003848 (0xfce6cd03) x26 0x00000000 mem 0x80010dee
core   0: 0x8000384c (0x0c608b03) lb      s6, 198(ra)
core   0: 3 0x8000384c (0x0c608b03) x22 0x00000000 mem 0x80010493
core   0: 0x80003850 (0xc9845783) lhu     a5, -872(s0)
core   0: 3 0x80003850 (0xc9845783) x15 0x00000000 mem 0x80010be6
core   0: 0x80003854 (0x00b68483) lb      s1, 11(a3)
core   0: 3 0x80003854 (0x00b68483) x 9 0x00000000 mem 0x80010e2b
core   0: 0x80003858 (0xfe944a03) lbu     s4, -23(s0)
core   0: 3 0x80003858 (0xfe944a03) x20 0x00000000 mem 0x80010f37
core   0: 0x8000385c (0x00b805a3) sb      a1, 11(a6)
core   0: 3 0x8000385c (0x00b805a3) mem 0x80010359 0x3
core   0: 0x80003860 (0x05108103) lb      sp, 81(ra)
core   0: 3 0x80003860 (0x05108103) x 2 0x00000000 mem 0x8001041e
core   0: 0x80003864 (0xfe3808a3) sb      gp, -15(a6)
core   0: 3 0x80003864 (0xfe3808a3) mem 0x8001033f 0x0
core   0: 0x80003868 (0xfd06cd83) lbu     s11, -48(a3)
core   0: 3 0x80003868 (0xfd06cd83) x27 0x00000000 mem 0x80010df0
core   0: 0x8000386c (0x96441883) lh      a7, -1692(s0)
core   0: 3 0x8000386c (0x96441883) x17 0x00000000 mem 0x800108b2
core   0: 0x80003870 (0xfee808a3) sb      a4, -15(a6)
core   0: 3 0x80003870 (0xfee808a3) mem 0x8001033f 0x0
core   0: 0x80003874 (0xfd768923) sb      s7, -46(a3)
core   0: 3 0x80003874 (0xfd768923) mem 0x80010df2 0x0
core   0: 0x80003878 (0x08509283) lh      t0, 133(ra)
core   0: 3 0x80003878 (0x08509283) x 5 0x00000000 mem 0x80010452
core   0: 0x8000387c (0x8e344703) lbu     a4, -1821(s0)
core   0: 3 0x8000387c (0x8e344703) x14 0x00000000 mem 0x80010831
core   0: 0x80003880 (0x05808783) lb      a5, 88(ra)
core   0: 3 0x80003880 (0x05808783) x15 0x00000000 mem 0x80010425
core   0: 0x80003884 (0x8b642883) lw      a7, -1866(s0)
core   0: 3 0x80003884 (0x8b642883) x17 0x00000000 mem 0x80010804
core   0: 0x80003888 (0xfff84103) lbu     sp, -1(a6)
core   0: 3 0x80003888 (0xfff84103) x 2 0x00000000 mem 0x8001034d
core   0: 0x8000388c (0xff485e83) lhu     t4, -12(a6)
core   0: 3 0x8000388c (0xff485e83) x29 0x00000000 mem 0x80010342
core   0: 0x80003890 (0x0d808783) lb      a5, 216(ra)
core   0: 3 0x80003890 (0x0d808783) x15 0x00000000 mem 0x800104a5
core   0: 0x80003894 (0x00281223) sh      sp, 4(a6)
core   0: 3 0x80003894 (0x00281223) mem 0x80010352 0x0000
core   0: 0x80003898 (0x02c087a3) sb      a2, 47(ra)
core   0: 3 0x80003898 (0x02c087a3) mem 0x800103fc 0x0
core   0: 0x8000389c (0xfd608e83) lb      t4, -42(ra)
core   0: 3 0x8000389c (0xfd608e83) x29 0x00000000 mem 0x800103a3
core   0: 0x800038a0 (0xcda400a3) sb      s10, -831(s0)
core   0: 3 0x800038a0 (0xcda400a3) mem 0x80010c0f 0x0
core   0: 0x800038a4 (0xfda69423) sh      s10, -56(a3)
core   0: 3 0x800038a4 (0xfda69423) mem 0x80010de8 0x0000
core   0: 0x800038a8 (0x005802a3) sb      t0, 5(a6)
core   0: 3 0x800038a8 (0x005802a3) mem 0x80010353 0x0
core   0: 0x800038ac (0x0b041823) sh      a6, 176(s0)
core   0: 3 0x800038ac (0x0b041823) mem 0x80010ffe 0x034e
core   0: 0x800038b0 (0xfe280d23) sb      sp, -6(a6)
core   0: 3 0x800038b0 (0xfe280d23) mem 0x80010348 0x0
core   0: 0x800038b4 (0x99d44b03) lbu     s6, -1635(s0)
core   0: 3 0x800038b4 (0x99d44b03) x22 0x00000000 mem 0x800108eb
core   0: 0x800038b8 (0x0000d117) auipc   sp, 0xd
core   0: 3 0x800038b8 (0x0000d117) x 2 0x800108b8
core   0: 0x800038bc (0x98e10113) addi    sp, sp, -1650
core   0: 3 0x800038bc (0x98e10113) x 2 0x80010246
core   0: 0x800038c0 (0x01910283) lb      t0, 25(sp)
core   0: 3 0x800038c0 (0x01910283) x 5 0x00000000 mem 0x8001025f
core   0: 0x800038c4 (0x01b10ca3) sb      s11, 25(sp)
core   0: 3 0x800038c4 (0x01b10ca3) mem 0x8001025f 0x0
core   0: 0x800038c8 (0x01910003) lb      zero, 25(sp)
core   0: 3 0x800038c8 (0x01910003) mem 0x8001025f
core   0: 0x800038cc (0x01810ca3) sb      s8, 25(sp)
core   0: 3 0x800038cc (0x01810ca3) mem 0x8001025f 0x25
core   0: 0x800038d0 (0x410cd833) sra     a6, s9, a6
core   0: 3 0x800038d0 (0x410cd833) x16 0xfffe0008
core   0: 0x800038d4 (0x02fe6233) rem     tp, t3, a5
core   0: 3 0x800038d4 (0x02fe6233) x 4 0x00000000
core   0: 0x800038d8 (0x01910303) lb      t1, 25(sp)
core   0: 3 0x800038d8 (0x01910303) x 6 0x00000025 mem 0x8001025f
core   0: 0x800038dc (0x00000636) c.slli  a2, 13
core   0: 3 0x800038dc (0x0636) x12 0x00000000
core   0: 0x800038de (0x01914403) lbu     s0, 25(sp)
core   0: 3 0x800038de (0x01914403) x 8 0x00000025 mem 0x8001025f
core   0: 0x800038e2 (0x3227a693) slti    a3, a5, 802
core   0: 3 0x800038e2 (0x3227a693) x13 0x00000001
core   0: 0x800038e6 (0x01b10ca3) sb      s11, 25(sp)
core   0: 3 0x800038e6 (0x01b10ca3) mem 0x8001025f 0x0
core   0: 0x800038ea (0x00009642) c.add   a2, a6
core   0: 3 0x800038ea (0x9642) x12 0xfffe0008
core   0: 0x800038ec (0x01610ca3) sb      s6, 25(sp)
core   0: 3 0x800038ec (0x01610ca3) mem 0x8001025f 0x0
core   0: 0x800038f0 (0x0ff0000f) fence   iorw,iorw
core   0: 3 0x800038f0 (0x0ff0000f)
core   0: 0x800038f4 (0xfc5102a3) sb      t0, -59(sp)
core   0: 3 0x800038f4 (0xfc5102a3) mem 0x8001020b 0x0
core   0: 0x800038f8 (0x03b103a3) sb      s11, 39(sp)
core   0: 3 0x800038f8 (0x03b103a3) mem 0x8001026d 0x0
core   0: 0x800038fc (0x0000d997) auipc   s3, 0xd
core   0: 3 0x800038fc (0x0000d997) x19 0x800108fc
core   0: 0x80003900 (0x29d98993) addi    s3, s3, 669
core   0: 3 0x80003900 (0x29d98993) x19 0x80010b99
core   0: 0x80003904 (0x00000e14) c.addi4spn a3, sp, 784
core   0: 3 0x80003904 (0x0e14) x13 0x80010556
core   0: 0x80003906 (0x01298223) sb      s2, 4(s3)
core   0: 3 0x80003906 (0x01298223) mem 0x80010b9d 0x3a
core   0: 0x8000390a (0x004990a3) sh      tp, 1(s3)
core   0: 3 0x8000390a (0x004990a3) mem 0x80010b9a 0x0000
core   0: 0x8000390e (0x012980a3) sb      s2, 1(s3)
core   0: 3 0x8000390e (0x012980a3) mem 0x80010b9a 0x3a
core   0: 0x80003912 (0x0019d183) lhu     gp, 1(s3)
core   0: 3 0x80003912 (0x0019d183) x 3 0x0000003a mem 0x80010b9a
core   0: 0x80003916 (0x00199e03) lh      t3, 1(s3)
core   0: 3 0x80003916 (0x00199e03) x28 0x0000003a mem 0x80010b9a
core   0: 0x8000391a (0x0019d883) lhu     a7, 1(s3)
core   0: 3 0x8000391a (0x0019d883) x17 0x0000003a mem 0x80010b9a
core   0: 0x8000391e (0x00498123) sb      tp, 2(s3)
core   0: 3 0x8000391e (0x00498123) mem 0x80010b9b 0x0
core   0: 0x80003922 (0xff99d303) lhu     t1, -7(s3)
core   0: 3 0x80003922 (0xff99d303) x 6 0x00000000 mem 0x80010b92
core   0: 0x80003926 (0xff999103) lh      sp, -7(s3)
core   0: 3 0x80003926 (0xff999103) x 2 0x00000000 mem 0x80010b92
core   0: 0x8000392a (0x01c98023) sb      t3, 0(s3)
core   0: 3 0x8000392a (0x01c98023) mem 0x80010b99 0x3a
core   0: 0x8000392e (0x0009c303) lbu     t1, 0(s3)
core   0: 3 0x8000392e (0x0009c303) x 6 0x0000003a mem 0x80010b99
core   0: 0x80003932 (0xe83f4793) xori    a5, t5, -381
core   0: 3 0x80003932 (0xe83f4793) x15 0xfffffe83
core   0: 0x80003936 (0xff598903) lb      s2, -11(s3)
core   0: 3 0x80003936 (0xff598903) x18 0x00000000 mem 0x80010b8e
core   0: 0x8000393a (0xff59cf83) lbu     t6, -11(s3)
core   0: 3 0x8000393a (0xff59cf83) x31 0x00000000 mem 0x80010b8e
core   0: 0x8000393e (0x011a7f33) and     t5, s4, a7
core   0: 3 0x8000393e (0x011a7f33) x30 0x00000000
core   0: 0x80003942 (0x01b98023) sb      s11, 0(s3)
core   0: 3 0x80003942 (0x01b98023) mem 0x80010b99 0x0
core   0: 0x80003946 (0x00098683) lb      a3, 0(s3)
core   0: 3 0x80003946 (0x00098683) x13 0x00000000 mem 0x80010b99
core   0: 0x8000394a (0x01698023) sb      s6, 0(s3)
core   0: 3 0x8000394a (0x01698023) mem 0x80010b99 0x0
core   0: 0x8000394e (0x00998783) lb      a5, 9(s3)
core   0: 3 0x8000394e (0x00998783) x15 0x00000000 mem 0x80010ba2
core   0: 0x80003952 (0x00e98123) sb      a4, 2(s3)
core   0: 3 0x80003952 (0x00e98123) mem 0x80010b9b 0x0
core   0: 0x80003956 (0x00898123) sb      s0, 2(s3)
core   0: 3 0x80003956 (0x00898123) mem 0x80010b9b 0x25
core   0: 0x8000395a (0x57d89037) lui     zero, 0x57d89
core   0: 3 0x8000395a (0x57d89037)
core   0: 0x8000395e (0x0039cd83) lbu     s11, 3(s3)
core   0: 3 0x8000395e (0x0039cd83) x27 0x00000000 mem 0x80010b9c
core   0: 0x80003962 (0xfff00513) li      a0, -1
core   0: 3 0x80003962 (0xfff00513) x10 0xffffffff
core   0: 0x80003966 (0x00000001) c.nop
core   0: 3 0x80003966 (0x0001)
core   0: 0x80003968 (0x0000614d) c.addi16sp sp, 176
core   0: 3 0x80003968 (0x614d) x 2 0x000000b0
core   0: 0x8000396a (0x00008c7d) c.and   s0, a5
core   0: 3 0x8000396a (0x8c7d) x 8 0x00000000
core   0: 0x8000396c (0x00000505) c.addi  a0, 1
core   0: 3 0x8000396c (0x0505) x10 0x00000000
core   0: 0x8000396e (0xffd00493) li      s1, -3
core   0: 3 0x8000396e (0xffd00493) x 9 0xfffffffd
core   0: 0x80003972 (0x00d00b13) li      s6, 13
core   0: 3 0x80003972 (0x00d00b13) x22 0x0000000d
core   0: 0x80003976 (0x000b10b3) sll     ra, s6, zero
core   0: 3 0x80003976 (0x000b10b3) x 1 0x0000000d
core   0: 0x8000397a (0x50316c13) ori     s8, sp, 1283
core   0: 3 0x8000397a (0x50316c13) x24 0x000005b3
core   0: 0x8000397e (0xdc50fb93) andi    s7, ra, -571
core   0: 3 0x8000397e (0xdc50fb93) x23 0x00000005
core   0: 0x80003982 (0x00000485) c.addi  s1, 1
core   0: 3 0x80003982 (0x0485) x 9 0xfffffffe
core   0: 0x80003984 (0xff649be3) bne     s1, s6, pc - 10
core   0: 3 0x80003984 (0xff649be3)
core   0: 0x8000397a (0x50316c13) ori     s8, sp, 1283
core   0: 3 0x8000397a (0x50316c13) x24 0x000005b3
core   0: 0x8000397e (0xdc50fb93) andi    s7, ra, -571
core   0: 3 0x8000397e (0xdc50fb93) x23 0x00000005
core   0: 0x80003982 (0x00000485) c.addi  s1, 1
core   0: 3 0x80003982 (0x0485) x 9 0xffffffff
core   0: 0x80003984 (0xff649be3) bne     s1, s6, pc - 10
core   0: 3 0x80003984 (0xff649be3)
core   0: 0x8000397a (0x50316c13) ori     s8, sp, 1283
core   0: 3 0x8000397a (0x50316c13) x24 0x000005b3
core   0: 0x8000397e (0xdc50fb93) andi    s7, ra, -571
core   0: 3 0x8000397e (0xdc50fb93) x23 0x00000005
core   0: 0x80003982 (0x00000485) c.addi  s1, 1
core   0: 3 0x80003982 (0x0485) x 9 0x00000000
core   0: 0x80003984 (0xff649be3) bne     s1, s6, pc - 10
core   0: 3 0x80003984 (0xff649be3)
core   0: 0x8000397a (0x50316c13) ori     s8, sp, 1283
core   0: 3 0x8000397a (0x50316c13) x24 0x000005b3
core   0: 0x8000397e (0xdc50fb93) andi    s7, ra, -571
core   0: 3 0x8000397e (0xdc50fb93) x23 0x00000005
core   0: 0x80003982 (0x00000485) c.addi  s1, 1
core   0: 3 0x80003982 (0x0485) x 9 0x00000001
core   0: 0x80003984 (0xff649be3) bne     s1, s6, pc - 10
core   0: 3 0x80003984 (0xff649be3)
core   0: 0x8000397a (0x50316c13) ori     s8, sp, 1283
core   0: 3 0x8000397a (0x50316c13) x24 0x000005b3
core   0: 0x8000397e (0xdc50fb93) andi    s7, ra, -571
core   0: 3 0x8000397e (0xdc50fb93) x23 0x00000005
core   0: 0x80003982 (0x00000485) c.addi  s1, 1
core   0: 3 0x80003982 (0x0485) x 9 0x00000002
core   0: 0x80003984 (0xff649be3) bne     s1, s6, pc - 10
core   0: 3 0x80003984 (0xff649be3)
core   0: 0x8000397a (0x50316c13) ori     s8, sp, 1283
core   0: 3 0x8000397a (0x50316c13) x24 0x000005b3
core   0: 0x8000397e (0xdc50fb93) andi    s7, ra, -571
core   0: 3 0x8000397e (0xdc50fb93) x23 0x00000005
core   0: 0x80003982 (0x00000485) c.addi  s1, 1
core   0: 3 0x80003982 (0x0485) x 9 0x00000003
core   0: 0x80003984 (0xff649be3) bne     s1, s6, pc - 10
core   0: 3 0x80003984 (0xff649be3)
core   0: 0x8000397a (0x50316c13) ori     s8, sp, 1283
core   0: 3 0x8000397a (0x50316c13) x24 0x000005b3
core   0: 0x8000397e (0xdc50fb93) andi    s7, ra, -571
core   0: 3 0x8000397e (0xdc50fb93) x23 0x00000005
core   0: 0x80003982 (0x00000485) c.addi  s1, 1
core   0: 3 0x80003982 (0x0485) x 9 0x00000004
core   0: 0x80003984 (0xff649be3) bne     s1, s6, pc - 10
core   0: 3 0x80003984 (0xff649be3)
core   0: 0x8000397a (0x50316c13) ori     s8, sp, 1283
core   0: 3 0x8000397a (0x50316c13) x24 0x000005b3
core   0: 0x8000397e (0xdc50fb93) andi    s7, ra, -571
core   0: 3 0x8000397e (0xdc50fb93) x23 0x00000005
core   0: 0x80003982 (0x00000485) c.addi  s1, 1
core   0: 3 0x80003982 (0x0485) x 9 0x00000005
core   0: 0x80003984 (0xff649be3) bne     s1, s6, pc - 10
core   0: 3 0x80003984 (0xff649be3)
core   0: 0x8000397a (0x50316c13) ori     s8, sp, 1283
core   0: 3 0x8000397a (0x50316c13) x24 0x000005b3
core   0: 0x8000397e (0xdc50fb93) andi    s7, ra, -571
core   0: 3 0x8000397e (0xdc50fb93) x23 0x00000005
core   0: 0x80003982 (0x00000485) c.addi  s1, 1
core   0: 3 0x80003982 (0x0485) x 9 0x00000006
core   0: 0x80003984 (0xff649be3) bne     s1, s6, pc - 10
core   0: 3 0x80003984 (0xff649be3)
core   0: 0x8000397a (0x50316c13) ori     s8, sp, 1283
core   0: 3 0x8000397a (0x50316c13) x24 0x000005b3
core   0: 0x8000397e (0xdc50fb93) andi    s7, ra, -571
core   0: 3 0x8000397e (0xdc50fb93) x23 0x00000005
core   0: 0x80003982 (0x00000485) c.addi  s1, 1
core   0: 3 0x80003982 (0x0485) x 9 0x00000007
core   0: 0x80003984 (0xff649be3) bne     s1, s6, pc - 10
core   0: 3 0x80003984 (0xff649be3)
core   0: 0x8000397a (0x50316c13) ori     s8, sp, 1283
core   0: 3 0x8000397a (0x50316c13) x24 0x000005b3
core   0: 0x8000397e (0xdc50fb93) andi    s7, ra, -571
core   0: 3 0x8000397e (0xdc50fb93) x23 0x00000005
core   0: 0x80003982 (0x00000485) c.addi  s1, 1
core   0: 3 0x80003982 (0x0485) x 9 0x00000008
core   0: 0x80003984 (0xff649be3) bne     s1, s6, pc - 10
core   0: 3 0x80003984 (0xff649be3)
core   0: 0x8000397a (0x50316c13) ori     s8, sp, 1283
core   0: 3 0x8000397a (0x50316c13) x24 0x000005b3
core   0: 0x8000397e (0xdc50fb93) andi    s7, ra, -571
core   0: 3 0x8000397e (0xdc50fb93) x23 0x00000005
core   0: 0x80003982 (0x00000485) c.addi  s1, 1
core   0: 3 0x80003982 (0x0485) x 9 0x00000009
core   0: 0x80003984 (0xff649be3) bne     s1, s6, pc - 10
core   0: 3 0x80003984 (0xff649be3)
core   0: 0x8000397a (0x50316c13) ori     s8, sp, 1283
core   0: 3 0x8000397a (0x50316c13) x24 0x000005b3
core   0: 0x8000397e (0xdc50fb93) andi    s7, ra, -571
core   0: 3 0x8000397e (0xdc50fb93) x23 0x00000005
core   0: 0x80003982 (0x00000485) c.addi  s1, 1
core   0: 3 0x80003982 (0x0485) x 9 0x0000000a
core   0: 0x80003984 (0xff649be3) bne     s1, s6, pc - 10
core   0: 3 0x80003984 (0xff649be3)
core   0: 0x8000397a (0x50316c13) ori     s8, sp, 1283
core   0: 3 0x8000397a (0x50316c13) x24 0x000005b3
core   0: 0x8000397e (0xdc50fb93) andi    s7, ra, -571
core   0: 3 0x8000397e (0xdc50fb93) x23 0x00000005
core   0: 0x80003982 (0x00000485) c.addi  s1, 1
core   0: 3 0x80003982 (0x0485) x 9 0x0000000b
core   0: 0x80003984 (0xff649be3) bne     s1, s6, pc - 10
core   0: 3 0x80003984 (0xff649be3)
core   0: 0x8000397a (0x50316c13) ori     s8, sp, 1283
core   0: 3 0x8000397a (0x50316c13) x24 0x000005b3
core   0: 0x8000397e (0xdc50fb93) andi    s7, ra, -571
core   0: 3 0x8000397e (0xdc50fb93) x23 0x00000005
core   0: 0x80003982 (0x00000485) c.addi  s1, 1
core   0: 3 0x80003982 (0x0485) x 9 0x0000000c
core   0: 0x80003984 (0xff649be3) bne     s1, s6, pc - 10
core   0: 3 0x80003984 (0xff649be3)
core   0: 0x8000397a (0x50316c13) ori     s8, sp, 1283
core   0: 3 0x8000397a (0x50316c13) x24 0x000005b3
core   0: 0x8000397e (0xdc50fb93) andi    s7, ra, -571
core   0: 3 0x8000397e (0xdc50fb93) x23 0x00000005
core   0: 0x80003982 (0x00000485) c.addi  s1, 1
core   0: 3 0x80003982 (0x0485) x 9 0x0000000d
core   0: 0x80003984 (0xff649be3) bne     s1, s6, pc - 10
core   0: 3 0x80003984 (0xff649be3)
core   0: 0x80003988 (0x0000f16d) c.bnez  a0, pc - 30
core   0: 3 0x80003988 (0xf16d)
core   0: 0x8000398a (0x0000147d) c.addi  s0, -1
core   0: 3 0x8000398a (0x147d) x 8 0xffffffff
core   0: 0x8000398c (0x0000d417) auipc   s0, 0xd
core   0: 3 0x8000398c (0x0000d417) x 8 0x8001098c
core   0: 0x80003990 (0xa9340413) addi    s0, s0, -1389
core   0: 3 0x80003990 (0xa9340413) x 8 0x8001041f
core   0: 0x80003994 (0xff745983) lhu     s3, -9(s0)
core   0: 3 0x80003994 (0xff745983) x19 0x00000000 mem 0x80010416
core   0: 0x80003998 (0x4fa0c917) auipc   s2, 0x4fa0c
core   0: 3 0x80003998 (0x4fa0c917) x18 0xcfa0f998
core   0: 0x8000399c (0xeff22037) lui     zero, 0xeff22
core   0: 3 0x8000399c (0xeff22037)
core   0: 0x800039a0 (0x01304033) xor     zero, zero, s3
core   0: 3 0x800039a0 (0x01304033)
core   0: 0x800039a4 (0xff740903) lb      s2, -9(s0)
core   0: 3 0x800039a4 (0xff740903) x18 0x00000000 mem 0x80010416
core   0: 0x800039a8 (0x00644903) lbu     s2, 6(s0)
core   0: 3 0x800039a8 (0x00644903) x18 0x00000000 mem 0x80010425
core   0: 0x800039ac (0xff744903) lbu     s2, -9(s0)
core   0: 3 0x800039ac (0xff744903) x18 0x00000000 mem 0x80010416
core   0: 0x800039b0 (0xff244103) lbu     sp, -14(s0)
core   0: 3 0x800039b0 (0xff244103) x 2 0x00000000 mem 0x80010411
core   0: 0x800039b4 (0x4e636517) auipc   a0, 0x4e636
core   0: 3 0x800039b4 (0x4e636517) x10 0xce6399b4
core   0: 0x800039b8 (0x01201993) slli    s3, zero, 18
core   0: 3 0x800039b8 (0x01201993) x19 0x00000000
core   0: 0x800039bc (0x01240223) sb      s2, 4(s0)
core   0: 3 0x800039bc (0x01240223) mem 0x80010423 0x0
core   0: 0x800039c0 (0x02a529b3) mulhsu  s3, a0, a0
core   0: 3 0x800039c0 (0x02a529b3) x19 0xd800d869
core   0: 0x800039c4 (0x8e9a7937) lui     s2, 0x8e9a7
core   0: 3 0x800039c4 (0x8e9a7937) x18 0x8e9a7000
core   0: 0x800039c8 (0x0010a033) slt     zero, ra, ra
core   0: 3 0x800039c8 (0x0010a033)
core   0: 0x800039cc (0x0000997d) c.andi  a0, -1
core   0: 3 0x800039cc (0x997d) x10 0xce6399b4
core   0: 0x800039ce (0x0000857d) c.srai  a0, 31
core   0: 3 0x800039ce (0x857d) x10 0xffffffff
core   0: 0x800039d0 (0x02a09533) mulh    a0, ra, a0
core   0: 3 0x800039d0 (0x02a09533) x10 0xffffffff
core   0: 0x800039d4 (0xfe040f23) sb      zero, -2(s0)
core   0: 3 0x800039d4 (0xfe040f23) mem 0x8001041d 0x0
core   0: 0x800039d8 (0x56a26937) lui     s2, 0x56a26
core   0: 3 0x800039d8 (0x56a26937) x18 0x56a26000
core   0: 0x800039dc (0xffa44983) lbu     s3, -6(s0)
core   0: 3 0x800039dc (0xffa44983) x19 0x00000000 mem 0x80010419
core   0: 0x800039e0 (0x00050533) add     a0, a0, zero
core   0: 3 0x800039e0 (0x00050533) x10 0xffffffff
core   0: 0x800039e4 (0x00000001) c.nop
core   0: 3 0x800039e4 (0x0001)
core   0: 0x800039e6 (0x00344003) lbu     zero, 3(s0)
core   0: 3 0x800039e6 (0x00344003) mem 0x80010422
core   0: 0x800039ea (0x9f402993) slti    s3, zero, -1548
core   0: 3 0x800039ea (0x9f402993) x19 0x00000000
core   0: 0x800039ee (0xffe40003) lb      zero, -2(s0)
core   0: 3 0x800039ee (0xffe40003) mem 0x8001041d
core   0: 0x800039f2 (0xff240903) lb      s2, -14(s0)
core   0: 3 0x800039f2 (0xff240903) x18 0x00000000 mem 0x80010411
core   0: 0x800039f6 (0xfe240ca3) sb      sp, -7(s0)
core   0: 3 0x800039f6 (0xfe240ca3) mem 0x80010418 0x0
core   0: 0x800039fa (0xff240f23) sb      s2, -2(s0)
core   0: 3 0x800039fa (0xff240f23) mem 0x8001041d 0x0
core   0: 0x800039fe (0x0000d817) auipc   a6, 0xd
core   0: 3 0x800039fe (0x0000d817) x16 0x800109fe
core   0: 0x80003a02 (0xca980813) addi    a6, a6, -855
core   0: 3 0x80003a02 (0xca980813) x16 0x800106a7
core   0: 0x80003a06 (0x0000054d) c.addi  a0, 19
core   0: 3 0x80003a06 (0x054d) x10 0x00000012
core   0: 0x80003a08 (0x40270533) sub     a0, a4, sp
core   0: 3 0x80003a08 (0x40270533) x10 0x00000000
core   0: 0x80003a0c (0xf8680523) sb      t1, -118(a6)
core   0: 3 0x80003a0c (0xf8680523) mem 0x80010631 0x3a
core   0: 0x80003a10 (0x02e819a3) sh      a4, 51(a6)
core   0: 3 0x80003a10 (0x02e819a3) mem 0x800106da 0x0000
core   0: 0x80003a14 (0x05680423) sb      s6, 72(a6)
core   0: 3 0x80003a14 (0x05680423) mem 0x800106ef 0xd
core   0: 0x80003a18 (0x0fd85b83) lhu     s7, 253(a6)
core   0: 3 0x80003a18 (0x0fd85b83) x23 0x00000000 mem 0x800107a4
core   0: 0x80003a1c (0x013f1bb3) sll     s7, t5, s3
core   0: 3 0x80003a1c (0x013f1bb3) x23 0x00000000
core   0: 0x80003a20 (0xf1381d83) lh      s11, -237(a6)
core   0: 3 0x80003a20 (0xf1381d83) x27 0x00000000 mem 0x800105ba
core   0: 0x80003a24 (0x00000746) c.slli  a4, 17
core   0: 3 0x80003a24 (0x0746) x14 0x00000000
core   0: 0x80003a26 (0x00008375) c.srli  a4, 29
core   0: 3 0x80003a26 (0x8375) x14 0x00000000
core   0: 0x80003a28 (0x5b18b313) sltiu   t1, a7, 1457
core   0: 3 0x80003a28 (0x5b18b313) x 6 0x00000001
core   0: 0x80003a2c (0x00000001) c.nop
core   0: 3 0x80003a2c (0x0001)
core   0: 0x80003a2e (0xf9384283) lbu     t0, -109(a6)
core   0: 3 0x80003a2e (0xf9384283) x 5 0x00000000 mem 0x8001063a
core   0: 0x80003a32 (0x00004a29) c.li    s4, 10
core   0: 3 0x80003a32 (0x4a29) x20 0x0000000a
core   0: 0x80003a34 (0x0000099c) c.addi4spn a5, sp, 208
core   0: 3 0x80003a34 (0x099c) x15 0x000000d0
core   0: 0x80003a36 (0xf6e80883) lb      a7, -146(a6)
core   0: 3 0x80003a36 (0xf6e80883) x17 0x00000000 mem 0x80010615
core   0: 0x80003a3a (0x0278a7b3) mulhsu  a5, a7, t2
core   0: 3 0x80003a3a (0x0278a7b3) x15 0x00000000
core   0: 0x80003a3e (0x06c84c83) lbu     s9, 108(a6)
core   0: 3 0x80003a3e (0x06c84c83) x25 0x00000000 mem 0x80010713
core   0: 0x80003a42 (0x00008505) c.srai  a0, 1
core   0: 3 0x80003a42 (0x8505) x10 0x00000000
core   0: 0x80003a44 (0xf2384c03) lbu     s8, -221(a6)
core   0: 3 0x80003a44 (0xf2384c03) x24 0x00000000 mem 0x800105ca
core   0: 0x80003a48 (0x00009b7d) c.andi  a4, -1
core   0: 3 0x80003a48 (0x9b7d) x14 0x00000000
core   0: 0x80003a4a (0x00646a33) or      s4, s0, t1
core   0: 3 0x80003a4a (0x00646a33) x20 0x8001041f
core   0: 0x80003a4e (0x000094e6) c.add   s1, s9
core   0: 3 0x80003a4e (0x94e6) x 9 0x0000000d
core   0: 0x80003a50 (0x00009c7a) c.add   s8, t5
core   0: 3 0x80003a50 (0x9c7a) x24 0x00000000
core   0: 0x80003a52 (0x00008ea5) c.xor   a3, s1
core   0: 3 0x80003a52 (0x8ea5) x13 0x0000000d
core   0: 0x80003a54 (0xf1280d03) lb      s10, -238(a6)
core   0: 3 0x80003a54 (0xf1280d03) x26 0x00000000 mem 0x800105b9
core   0: 0x80003a58 (0x00008d5d) c.or    a0, a5
core   0: 3 0x80003a58 (0x8d5d) x10 0x00000000
core   0: 0x80003a5a (0x00000001) c.nop
core   0: 3 0x80003a5a (0x0001)
core   0: 0x80003a5c (0x04280ca3) sb      sp, 89(a6)
core   0: 3 0x80003a5c (0x04280ca3) mem 0x80010700 0x0
core   0: 0x80003a60 (0x02d0a633) mulhsu  a2, ra, a3
core   0: 3 0x80003a60 (0x02d0a633) x12 0x00000000
core   0: 0x80003a64 (0x000088ed) c.andi  s1, 27
core   0: 3 0x80003a64 (0x88ed) x 9 0x00000009
core   0: 0x80003a66 (0x019b1e13) slli    t3, s6, 25
core   0: 3 0x80003a66 (0x019b1e13) x28 0x1a000000
core   0: 0x80003a6a (0xf0184b03) lbu     s6, -255(a6)
core   0: 3 0x80003a6a (0xf0184b03) x22 0x00000000 mem 0x800105a8
core   0: 0x80003a6e (0x0000100f) fence.i
core   0: 3 0x80003a6e (0x0000100f)
core   0: 0x80003a72 (0x00001c7d) c.addi  s8, -1
core   0: 3 0x80003a72 (0x1c7d) x24 0xffffffff
core   0: 0x80003a74 (0x00aed013) srli    zero, t4, 10
core   0: 3 0x80003a74 (0x00aed013)
core   0: 0x80003a78 (0x00975c93) srli    s9, a4, 9
core   0: 3 0x80003a78 (0x00975c93) x25 0x00000000
core   0: 0x80003a7c (0xf7d80d23) sb      t4, -134(a6)
core   0: 3 0x80003a7c (0xf7d80d23) mem 0x80010621 0x0
core   0: 0x80003a80 (0xfac80623) sb      a2, -84(a6)
core   0: 3 0x80003a80 (0xfac80623) mem 0x80010653 0x0
core   0: 0x80003a84 (0x0c780883) lb      a7, 199(a6)
core   0: 3 0x80003a84 (0x0c780883) x17 0x00000000 mem 0x8001076e
core   0: 0x80003a88 (0x00c0026f) jal     tp, pc + 0xc
core   0: 3 0x80003a88 (0x00c0026f) x 4 0x80003a8c
core   0: 0x80003a94 (0x0180036f) jal     t1, pc + 0x18
core   0: 3 0x80003a94 (0x0180036f) x 6 0x80003a98
core   0: 0x80003aac (0xff3ff0ef) jal     pc - 0xe
core   0: 3 0x80003aac (0xff3ff0ef) x 1 0x80003ab0
core   0: 0x80003a9e (0x000037fd) c.jal   pc - 18
core   0: 3 0x80003a9e (0x37fd) x 1 0x80003aa0
core   0: 0x80003a8c (0x014000ef) jal     pc + 0x14
core   0: 3 0x80003a8c (0x014000ef) x 1 0x80003a90
core   0: 0x80003aa0 (0x0000a011) c.j     pc + 4
core   0: 3 0x80003aa0 (0xa011)
core   0: 0x80003aa4 (0x00c0036f) jal     t1, pc + 0xc
core   0: 3 0x80003aa4 (0x00c0036f) x 6 0x80003aa8
core   0: 0x80003ab0 (0x0000bfe5) c.j     pc - 8
core   0: 3 0x80003ab0 (0xbfe5)
core   0: 0x80003aa8 (0x00002009) c.jal   pc + 2
core   0: 3 0x80003aa8 (0x2009) x 1 0x80003aaa
core   0: 0x80003aaa (0x000037dd) c.jal   pc - 26
core   0: 3 0x80003aaa (0x37dd) x 1 0x80003aac
core   0: 0x80003a90 (0x008000ef) jal     pc + 0x8
core   0: 3 0x80003a90 (0x008000ef) x 1 0x80003a94
core   0: 0x80003a98 (0x0000a829) c.j     pc + 26
core   0: 3 0x80003a98 (0xa829)
core   0: 0x80003ab2 (0x00003fc5) c.jal   pc - 16
core   0: 3 0x80003ab2 (0x3fc5) x 1 0x80003ab4
core   0: 0x80003aa2 (0x00003fed) c.jal   pc - 6
core   0: 3 0x80003aa2 (0x3fed) x 1 0x80003aa4
core   0: 0x80003a9c (0x00003ffd) c.jal   pc - 2
core   0: 3 0x80003a9c (0x3ffd) x 1 0x80003a9e
core   0: 0x80003a9a (0x0000a829) c.j     pc + 26
core   0: 3 0x80003a9a (0xa829)
core   0: 0x80003ab4 (0x006b89b3) add     s3, s7, t1
core   0: 3 0x80003ab4 (0x006b89b3) x19 0x80003aa8
core   0: 0x80003ab8 (0x00400293) li      t0, 4
core   0: 3 0x80003ab8 (0x00400293) x 5 0x00000004
core   0: 0x80003abc (0x00006151) c.addi16sp sp, 272
core   0: 3 0x80003abc (0x6151) x 2 0x00000110
core   0: 0x80003abe (0x00008505) c.srai  a0, 1
core   0: 3 0x80003abe (0x8505) x10 0x00000000
core   0: 0x80003ac0 (0x00008e11) c.sub   a2, a2
core   0: 3 0x80003ac0 (0x8e11) x12 0x00000000
core   0: 0x80003ac2 (0x00008245) c.srli  a2, 17
core   0: 3 0x80003ac2 (0x8245) x12 0x00000000
core   0: 0x80003ac4 (0x0294e033) rem     zero, s1, s1
core   0: 3 0x80003ac4 (0x0294e033)
core   0: 0x80003ac8 (0x000083e5) c.srli  a5, 25
core   0: 3 0x80003ac8 (0x83e5) x15 0x00000000
core   0: 0x80003aca (0x00008239) c.srli  a2, 14
core   0: 3 0x80003aca (0x8239) x12 0x00000000
core   0: 0x80003acc (0x01e94933) xor     s2, s2, t5
core   0: 3 0x80003acc (0x01e94933) x18 0x00000000
core   0: 0x80003ad0 (0x00c53db3) sltu    s11, a0, a2
core   0: 3 0x80003ad0 (0x00c53db3) x27 0x00000000
core   0: 0x80003ad4 (0x03f34e33) div     t3, t1, t6
core   0: 3 0x80003ad4 (0x03f34e33) x28 0xffffffff
core   0: 0x80003ad8 (0xff900413) li      s0, -7
core   0: 3 0x80003ad8 (0xff900413) x 8 0xfffffff9
core   0: 0x80003adc (0x14ab7c93) andi    s9, s6, 330
core   0: 3 0x80003adc (0x14ab7c93) x25 0x00000000
core   0: 0x80003ae0 (0x409a07b3) sub     a5, s4, s1
core   0: 3 0x80003ae0 (0x409a07b3) x15 0x80010416
core   0: 0x80003ae4 (0x0196b7b3) sltu    a5, a3, s9
core   0: 3 0x80003ae4 (0x0196b7b3) x15 0x00000000
core   0: 0x80003ae8 (0xcaf2fc17) auipc   s8, 0xcaf2f
core   0: 3 0x80003ae8 (0xcaf2fc17) x24 0x4af32ae8
core   0: 0x80003aec (0x000012d9) c.addi  t0, -10
core   0: 3 0x80003aec (0x12d9) x 5 0xfffffffa
core   0: 0x80003aee (0x41cf5793) srai    a5, t5, 28
core   0: 3 0x80003aee (0x41cf5793) x15 0x00000000
core   0: 0x80003af2 (0xfe82dbe3) bge     t0, s0, pc - 10
core   0: 3 0x80003af2 (0xfe82dbe3)
core   0: 0x80003ae8 (0xcaf2fc17) auipc   s8, 0xcaf2f
core   0: 3 0x80003ae8 (0xcaf2fc17) x24 0x4af32ae8
core   0: 0x80003aec (0x000012d9) c.addi  t0, -10
core   0: 3 0x80003aec (0x12d9) x 5 0xfffffff0
core   0: 0x80003aee (0x41cf5793) srai    a5, t5, 28
core   0: 3 0x80003aee (0x41cf5793) x15 0x00000000
core   0: 0x80003af2 (0xfe82dbe3) bge     t0, s0, pc - 10
core   0: 3 0x80003af2 (0xfe82dbe3)
core   0: 0x80003af6 (0xb840ec13) ori     s8, ra, -1148
core   0: 3 0x80003af6 (0xb840ec13) x24 0xfffffb9e
core   0: 0x80003afa (0x0000c297) auipc   t0, 0xc
core   0: 3 0x80003afa (0x0000c297) x 5 0x8000fafa
core   0: 0x80003afe (0x7aa28293) addi    t0, t0, 1962
core   0: 3 0x80003afe (0x7aa28293) x 5 0x800102a4
core   0: 0x80003b02 (0xfd0286a3) sb      a6, -51(t0)
core   0: 3 0x80003b02 (0xfd0286a3) mem 0x80010271 0xa7
core   0: 0x80003b06 (0x00016717) auipc   a4, 0x16
core   0: 3 0x80003b06 (0x00016717) x14 0x80019b06
core   0: 0x80003b0a (0xf9270713) addi    a4, a4, -110
core   0: 3 0x80003b0a (0xf9270713) x14 0x80019a98
core   0: 0x80003b0e (0x5ac705a3) sb      a2, 1451(a4)
core   0: 3 0x80003b0e (0x5ac705a3) mem 0x8001a043 0x0
core   0: 0x80003b12 (0x0eb28e83) lb      t4, 235(t0)
core   0: 3 0x80003b12 (0x0eb28e83) x29 0x00000000 mem 0x8001038f
core   0: 0x80003b16 (0x6c370b03) lb      s6, 1731(a4)
core   0: 3 0x80003b16 (0x6c370b03) x22 0x00000000 mem 0x8001a15b
core   0: 0x80003b1a (0x07d29023) sh      t4, 96(t0)
core   0: 3 0x80003b1a (0x07d29023) mem 0x80010304 0x0000
core   0: 0x80003b1e (0xdd574203) lbu     tp, -555(a4)
core   0: 3 0x80003b1e (0xdd574203) x 4 0x00000000 mem 0x8001986d
core   0: 0x80003b22 (0x0772c783) lbu     a5, 119(t0)
core   0: 3 0x80003b22 (0x0772c783) x15 0x00000000 mem 0x8001031b
core   0: 0x80003b26 (0x01f29a23) sh      t6, 20(t0)
core   0: 3 0x80003b26 (0x01f29a23) mem 0x800102b8 0x0000
core   0: 0x80003b2a (0x5a072983) lw      s3, 1440(a4)
core   0: 3 0x80003b2a (0x5a072983) x19 0x00000000 mem 0x8001a038
core   0: 0x80003b2e (0xf112c483) lbu     s1, -239(t0)
core   0: 3 0x80003b2e (0xf112c483) x 9 0x00000000 mem 0x800101b5
core   0: 0x80003b32 (0x0b82a423) sw      s8, 168(t0)
core   0: 3 0x80003b32 (0x0b82a423) mem 0x8001034c 0xfffffb9e
core   0: 0x80003b36 (0x8ad705a3) sb      a3, -1877(a4)
core   0: 3 0x80003b36 (0x8ad705a3) mem 0x80019343 0xd
core   0: 0x80003b3a (0x6b570903) lb      s2, 1717(a4)
core   0: 3 0x80003b3a (0x6b570903) x18 0x00000000 mem 0x8001a14d
core   0: 0x80003b3e (0xf5470fa3) sb      s4, -161(a4)
core   0: 3 0x80003b3e (0xf5470fa3) mem 0x800199f7 0x1f
core   0: 0x80003b42 (0xf0e2df83) lhu     t6, -242(t0)
core   0: 3 0x80003b42 (0xf0e2df83) x31 0x00000000 mem 0x800101b2
core   0: 0x80003b46 (0x0b774003) lbu     zero, 183(a4)
core   0: 3 0x80003b46 (0x0b774003) mem 0x80019b4f
core   0: 0x80003b4a (0xf1e2db03) lhu     s6, -226(t0)
core   0: 3 0x80003b4a (0xf1e2db03) x22 0x00000000 mem 0x800101c2
core   0: 0x80003b4e (0x01d2c503) lbu     a0, 29(t0)
core   0: 3 0x80003b4e (0x01d2c503) x10 0x00000000 mem 0x800102c1
core   0: 0x80003b52 (0xae7709a3) sb      t2, -1293(a4)
core   0: 3 0x80003b52 (0xae7709a3) mem 0x8001958b 0x48
core   0: 0x80003b56 (0x0000d697) auipc   a3, 0xd
core   0: 3 0x80003b56 (0x0000d697) x13 0x80010b56
core   0: 0x80003b5a (0x2a468693) addi    a3, a3, 676
core   0: 3 0x80003b5a (0x2a468693) x13 0x80010dfa
core   0: 0x80003b5e (0x1d768b03) lb      s6, 471(a3)
core   0: 3 0x80003b5e (0x1d768b03) x22 0xffffff98 mem 0x80010fd1
core   0: 0x80003b62 (0x00009466) c.add   s0, s9
core   0: 3 0x80003b62 (0x9466) x 8 0xfffffff9
core   0: 0x80003b64 (0xd8a6c403) lbu     s0, -630(a3)
core   0: 3 0x80003b64 (0xd8a6c403) x 8 0x00000000 mem 0x80010b84
core   0: 0x80003b68 (0xcdb9a213) slti    tp, s3, -805
core   0: 3 0x80003b68 (0xcdb9a213) x 4 0x00000000
core   0: 0x80003b6c (0xebf2b4b7) lui     s1, 0xebf2b
core   0: 3 0x80003b6c (0xebf2b4b7) x 9 0xebf2b000
core   0: 0x80003b70 (0xf0868ca3) sb      s0, -231(a3)
core   0: 3 0x80003b70 (0xf0868ca3) mem 0x80010d13 0x0
core   0: 0x80003b74 (0x00008c81) c.sub   s1, s0
core   0: 3 0x80003b74 (0x8c81) x 9 0xebf2b000
core   0: 0x80003b76 (0x016cfcb3) and     s9, s9, s6
core   0: 3 0x80003b76 (0x016cfcb3) x25 0x00000000
core   0: 0x80003b7a (0xa626ab03) lw      s6, -1438(a3)
core   0: 3 0x80003b7a (0xa626ab03) x22 0x00000000 mem 0x8001085c
core   0: 0x80003b7e (0x450094b7) lui     s1, 0x45009
core   0: 3 0x80003b7e (0x450094b7) x 9 0x45009000
core   0: 0x80003b82 (0x17969723) sh      s9, 366(a3)
core   0: 3 0x80003b82 (0x17969723) mem 0x80010f68 0x0000
core   0: 0x80003b86 (0x0000020a) c.slli  tp, 2
core   0: 3 0x80003b86 (0x020a) x 4 0x00000000
core   0: 0x80003b88 (0x1c4687a3) sb      tp, 463(a3)
core   0: 3 0x80003b88 (0x1c4687a3) mem 0x80010fc9 0x0
core   0: 0x80003b8c (0x03646cb3) rem     s9, s0, s6
core   0: 3 0x80003b8c (0x03646cb3) x25 0x00000000
core   0: 0x80003b90 (0x00000001) c.nop
core   0: 3 0x80003b90 (0x0001)
core   0: 0x80003b92 (0x00008ca2) c.mv    s9, s0
core   0: 3 0x80003b92 (0x8ca2) x25 0x00000000
core   0: 0x80003b94 (0x4089d9b3) sra     s3, s3, s0
core   0: 3 0x80003b94 (0x4089d9b3) x19 0x00000000
core   0: 0x80003b98 (0x0000987d) c.andi  s0, -1
core   0: 3 0x80003b98 (0x987d) x 8 0x00000000
core   0: 0x80003b9a (0x039b1cb3) mulh    s9, s6, s9
core   0: 3 0x80003b9a (0x039b1cb3) x25 0x00000000
core   0: 0x80003b9e (0x4109d993) srai    s3, s3, 16
core   0: 3 0x80003b9e (0x4109d993) x19 0x00000000
core   0: 0x80003ba2 (0x0d3683a3) sb      s3, 199(a3)
core   0: 3 0x80003ba2 (0x0d3683a3) mem 0x80010ec1 0x0
core   0: 0x80003ba6 (0x03947b33) remu    s6, s0, s9
core   0: 3 0x80003ba6 (0x03947b33) x22 0x00000000
core   0: 0x80003baa (0x0ff0000f) fence   iorw,iorw
core   0: 3 0x80003baa (0x0ff0000f)
core   0: 0x80003bae (0x0000442d) c.li    s0, 11
core   0: 3 0x80003bae (0x442d) x 8 0x0000000b
core   0: 0x80003bb0 (0x0ff0000f) fence   iorw,iorw
core   0: 3 0x80003bb0 (0x0ff0000f)
core   0: 0x80003bb4 (0x00008c01) c.sub   s0, s0
core   0: 3 0x80003bb4 (0x8c01) x 8 0x00000000
core   0: 0x80003bb6 (0x000084a9) c.srai  s1, 10
core   0: 3 0x80003bb6 (0x84a9) x 9 0x00114024
core   0: 0x80003bb8 (0x39c4b213) sltiu   tp, s1, 924
core   0: 3 0x80003bb8 (0x39c4b213) x 4 0x00000000
core   0: 0x80003bbc (0x9f004b17) auipc   s6, 0x9f004
core   0: 3 0x80003bbc (0x9f004b17) x22 0x1f007bbc
core   0: 0x80003bc0 (0x0d6681a3) sb      s6, 195(a3)
core   0: 3 0x80003bc0 (0x0d6681a3) mem 0x80010ebd 0xbc
core   0: 0x80003bc4 (0x00008c45) c.or    s0, s1
core   0: 3 0x80003bc4 (0x8c45) x 8 0x00114024
core   0: 0x80003bc6 (0x0000100f) fence.i
core   0: 3 0x80003bc6 (0x0000100f)
core   0: 0x80003bca (0x8edb4413) xori    s0, s6, -1811
core   0: 3 0x80003bca (0x8edb4413) x 8 0xe0ff8351
core   0: 0x80003bce (0x0044ab33) slt     s6, s1, tp
core   0: 3 0x80003bce (0x0044ab33) x22 0x00000000
core   0: 0x80003bd2 (0x01f49b13) slli    s6, s1, 31
core   0: 3 0x80003bd2 (0x01f49b13) x22 0x00000000
core   0: 0x80003bd6 (0x8f168c83) lb      s9, -1807(a3)
core   0: 3 0x80003bd6 (0x8f168c83) x25 0x00000000 mem 0x800106eb
core   0: 0x80003bda (0xe16687a3) sb      s6, -497(a3)
core   0: 3 0x80003bda (0xe16687a3) mem 0x80010c09 0x0
core   0: 0x80003bde (0x0001d297) auipc   t0, 0x1d
core   0: 3 0x80003bde (0x0001d297) x 5 0x80020bde
core   0: 0x80003be2 (0xf7028293) addi    t0, t0, -144
core   0: 3 0x80003be2 (0xf7028293) x 5 0x80020b4e
core   0: 0x80003be6 (0x00013997) auipc   s3, 0x13
core   0: 3 0x80003be6 (0x00013997) x19 0x80016be6
core   0: 0x80003bea (0xfa498993) addi    s3, s3, -92
core   0: 3 0x80003bea (0xfa498993) x19 0x80016b8a
core   0: 0x80003bee (0x00018097) auipc   ra, 0x18
core   0: 3 0x80003bee (0x00018097) x 1 0x8001bbee
core   0: 0x80003bf2 (0xa1d08093) addi    ra, ra, -1507
core   0: 3 0x80003bf2 (0xa1d08093) x 1 0x8001b60b
core   0: 0x80003bf6 (0xaaa9ad83) lw      s11, -1366(s3)
core   0: 3 0x80003bf6 (0xaaa9ad83) x27 0x00000000 mem 0x80016634
core   0: 0x80003bfa (0x097289a3) sb      s7, 147(t0)
core   0: 3 0x80003bfa (0x097289a3) mem 0x80020be1 0x0
core   0: 0x80003bfe (0x00509883) lh      a7, 5(ra)
core   0: 3 0x80003bfe (0x00509883) x17 0x00007600 mem 0x8001b610
core   0: 0x80003c02 (0x0001a417) auipc   s0, 0x1a
core   0: 3 0x80003c02 (0x0001a417) x 8 0x8001dc02
core   0: 0x80003c06 (0x0e440413) addi    s0, s0, 228
core   0: 3 0x80003c06 (0x0e440413) x 8 0x8001dce6
core   0: 0x80003c0a (0xb1398ca3) sb      s3, -1255(s3)
core   0: 3 0x80003c0a (0xb1398ca3) mem 0x800166a3 0x8a
core   0: 0x80003c0e (0x00544803) lbu     a6, 5(s0)
core   0: 3 0x80003c0e (0x00544803) x16 0x00000000 mem 0x8001dceb
core   0: 0x80003c12 (0x00740483) lb      s1, 7(s0)
core   0: 3 0x80003c12 (0x00740483) x 9 0x00000000 mem 0x8001dced
core   0: 0x80003c16 (0x015406a3) sb      s5, 13(s0)
core   0: 3 0x80003c16 (0x015406a3) mem 0x8001dcf3 0xe4
core   0: 0x80003c1a (0x3d898d83) lb      s11, 984(s3)
core   0: 3 0x80003c1a (0x3d898d83) x27 0x00000000 mem 0x80016f62
core   0: 0x80003c1e (0x01c406a3) sb      t3, 13(s0)
core   0: 3 0x80003c1e (0x01c406a3) mem 0x8001dcf3 0xff
core   0: 0x80003c22 (0x0012c683) lbu     a3, 1(t0)
core   0: 3 0x80003c22 (0x0012c683) x13 0x00000000 mem 0x80020b4f
core   0: 0x80003c26 (0x7099c203) lbu     tp, 1801(s3)
core   0: 3 0x80003c26 (0x7099c203) x 4 0x00000000 mem 0x80017293
core   0: 0x80003c2a (0xf0028023) sb      zero, -256(t0)
core   0: 3 0x80003c2a (0xf0028023) mem 0x80020a4e 0x0
core   0: 0x80003c2e (0xf4e29723) sh      a4, -178(t0)
core   0: 3 0x80003c2e (0xf4e29723) mem 0x80020a9c 0x9a98
core   0: 0x80003c32 (0xfe008ca3) sb      zero, -7(ra)
core   0: 3 0x80003c32 (0xfe008ca3) mem 0x8001b604 0x0
core   0: 0x80003c36 (0x0010ae83) lw      t4, 1(ra)
core   0: 3 0x80003c36 (0x0010ae83) x29 0x00000000 mem 0x8001b60c
core   0: 0x80003c3a (0xa1798f23) sb      s7, -1506(s3)
core   0: 3 0x80003c3a (0xa1798f23) mem 0x800165a8 0x0
core   0: 0x80003c3e (0x0020c783) lbu     a5, 2(ra)
core   0: 3 0x80003c3e (0x0020c783) x15 0x00000000 mem 0x8001b60d
core   0: 0x80003c42 (0x01044c83) lbu     s9, 16(s0)
core   0: 3 0x80003c42 (0x01044c83) x25 0x00000000 mem 0x8001dcf6
core   0: 0x80003c46 (0x0d82ce03) lbu     t3, 216(t0)
core   0: 3 0x80003c46 (0x0d82ce03) x28 0x00000000 mem 0x80020c26
core   0: 0x80003c4a (0x01828e83) lb      t4, 24(t0)
core   0: 3 0x80003c4a (0x01828e83) x29 0x00000000 mem 0x80020b66
core   0: 0x80003c4e (0xffb08f23) sb      s11, -2(ra)
core   0: 3 0x80003c4e (0xffb08f23) mem 0x8001b609 0x0
core   0: 0x80003c52 (0xf1598683) lb      a3, -235(s3)
core   0: 3 0x80003c52 (0xf1598683) x13 0x00000000 mem 0x80016a9f
core   0: 0x80003c56 (0x9ac983a3) sb      a2, -1625(s3)
core   0: 3 0x80003c56 (0x9ac983a3) mem 0x80016531 0x0
core   0: 0x80003c5a (0xff142b23) sw      a7, -10(s0)
core   0: 3 0x80003c5a (0xff142b23) mem 0x8001dcdc 0x00007600
core   0: 0x80003c5e (0x7e598003) lb      zero, 2021(s3)
core   0: 3 0x80003c5e (0x7e598003) mem 0x8001736f
core   0: 0x80003c62 (0xffd44b83) lbu     s7, -3(s0)
core   0: 3 0x80003c62 (0xffd44b83) x23 0x00000000 mem 0x8001dce3
core   0: 0x80003c66 (0x007095a3) sh      t2, 11(ra)
core   0: 3 0x80003c66 (0x007095a3) mem 0x8001b616 0x5e48
core   0: 0x80003c6a (0x00016f97) auipc   t6, 0x16
core   0: 3 0x80003c6a (0x00016f97) x31 0x80019c6a
core   0: 0x80003c6e (0xeb1f8f93) addi    t6, t6, -335
core   0: 3 0x80003c6e (0xeb1f8f93) x31 0x80019b1b
core   0: 0x80003c72 (0x00013317) auipc   t1, 0x13
core   0: 3 0x80003c72 (0x00013317) x 6 0x80016c72
core   0: 0x80003c76 (0xcdf30313) addi    t1, t1, -801
core   0: 3 0x80003c76 (0xcdf30313) x 6 0x80016951
core   0: 0x80003c7a (0xff9fc503) lbu     a0, -7(t6)
core   0: 3 0x80003c7a (0xff9fc503) x10 0x00000000 mem 0x80019b14
core   0: 0x80003c7e (0xff334c03) lbu     s8, -13(t1)
core   0: 3 0x80003c7e (0xff334c03) x24 0x00000000 mem 0x80016944
core   0: 0x80003c82 (0x00013a17) auipc   s4, 0x13
core   0: 3 0x80003c82 (0x00013a17) x20 0x80016c82
core   0: 0x80003c86 (0x59da0a13) addi    s4, s4, 1437
core   0: 3 0x80003c86 (0x59da0a13) x20 0x8001721f
core   0: 0x80003c8a (0xe2da0023) sb      a3, -480(s4)
core   0: 3 0x80003c8a (0xe2da0023) mem 0x8001703f 0x0
core   0: 0x80003c8e (0x014f9da3) sh      s4, 27(t6)
core   0: 3 0x80003c8e (0x014f9da3) mem 0x80019b36 0x721f
core   0: 0x80003c92 (0x0001d097) auipc   ra, 0x1d
core   0: 3 0x80003c92 (0x0001d097) x 1 0x80020c92
core   0: 0x80003c96 (0x03d08093) addi    ra, ra, 61
core   0: 3 0x80003c96 (0x03d08093) x 1 0x80020ccf
core   0: 0x80003c9a (0x13ea0783) lb      a5, 318(s4)
core   0: 3 0x80003c9a (0x13ea0783) x15 0x00000000 mem 0x8001735d
core   0: 0x80003c9e (0x00135c83) lhu     s9, 1(t1)
core   0: 3 0x80003c9e (0x00135c83) x25 0x00000000 mem 0x80016952
core   0: 0x80003ca2 (0x935a1f03) lh      t5, -1739(s4)
core   0: 3 0x80003ca2 (0x935a1f03) x30 0x00000000 mem 0x80016b54
core   0: 0x80003ca6 (0xfee09ea3) sh      a4, -3(ra)
core   0: 3 0x80003ca6 (0xfee09ea3) mem 0x80020ccc 0x9a98
core   0: 0x80003caa (0xff430b83) lb      s7, -12(t1)
core   0: 3 0x80003caa (0xff430b83) x23 0x00000000 mem 0x80016945
core   0: 0x80003cae (0xfe0f8d83) lb      s11, -32(t6)
core   0: 3 0x80003cae (0xfe0f8d83) x27 0x00000000 mem 0x80019afb
core   0: 0x80003cb2 (0xfe109ca3) sh      ra, -7(ra)
core   0: 3 0x80003cb2 (0xfe109ca3) mem 0x80020cc8 0x0ccf
core   0: 0x80003cb6 (0xaeda1783) lh      a5, -1299(s4)
core   0: 3 0x80003cb6 (0xaeda1783) x15 0x00000000 mem 0x80016d0c
core   0: 0x80003cba (0xe9aa0c23) sb      s10, -360(s4)
core   0: 3 0x80003cba (0xe9aa0c23) mem 0x800170b7 0x0
core   0: 0x80003cbe (0x005f8ea3) sb      t0, 29(t6)
core   0: 3 0x80003cbe (0x005f8ea3) mem 0x80019b38 0x4e
core   0: 0x80003cc2 (0x00c305a3) sb      a2, 11(t1)
core   0: 3 0x80003cc2 (0x00c305a3) mem 0x8001695c 0x0
core   0: 0x80003cc6 (0x0010ab03) lw      s6, 1(ra)
core   0: 3 0x80003cc6 (0x0010ab03) x22 0x00000000 mem 0x80020cd0
core   0: 0x80003cca (0xfc5faca3) sw      t0, -39(t6)
core   0: 3 0x80003cca (0xfc5faca3) mem 0x80019af4 0x80020b4e
core   0: 0x80003cce (0xff10a103) lw      sp, -15(ra)
core   0: 3 0x80003cce (0xff10a103) x 2 0x00000000 mem 0x80020cc0
core   0: 0x80003cd2 (0xff331003) lh      zero, -13(t1)
core   0: 3 0x80003cd2 (0xff331003) mem 0x80016944
core   0: 0x80003cd6 (0x009f98a3) sh      s1, 17(t6)
core   0: 3 0x80003cd6 (0x009f98a3) mem 0x80019b2c 0x0000
core   0: 0x80003cda (0x00d35503) lhu     a0, 13(t1)
core   0: 3 0x80003cda (0x00d35503) x10 0x00000000 mem 0x8001695e
core   0: 0x80003cde (0x00017997) auipc   s3, 0x17
core   0: 3 0x80003cde (0x00017997) x19 0x8001acde
core   0: 0x80003ce2 (0x0f098993) addi    s3, s3, 240
core   0: 3 0x80003ce2 (0x0f098993) x19 0x8001adce
core   0: 0x80003ce6 (0xfa498783) lb      a5, -92(s3)
core   0: 3 0x80003ce6 (0xfa498783) x15 0x00000000 mem 0x8001ad72
core   0: 0x80003cea (0x06698903) lb      s2, 102(s3)
core   0: 3 0x80003cea (0x06698903) x18 0x00000000 mem 0x8001ae34
core   0: 0x80003cee (0xfc398b83) lb      s7, -61(s3)
core   0: 3 0x80003cee (0xfc398b83) x23 0x00000000 mem 0x8001ad91
core   0: 0x80003cf2 (0x4d8a08a3) sb      s8, 1233(s4)
core   0: 3 0x80003cf2 (0x4d8a08a3) mem 0x800176f0 0x0
core   0: 0x80003cf6 (0xf4098283) lb      t0, -192(s3)
core   0: 3 0x80003cf6 (0xf4098283) x 5 0x00000000 mem 0x8001ad0e
core   0: 0x80003cfa (0xfff08483) lb      s1, -1(ra)
core   0: 3 0x80003cfa (0xfff08483) x 9 0x00000000 mem 0x80020cce
core   0: 0x80003cfe (0x01b091a3) sh      s11, 3(ra)
core   0: 3 0x80003cfe (0x01b091a3) mem 0x80020cd2 0x0000
core   0: 0x80003d02 (0x0819c683) lbu     a3, 129(s3)
core   0: 3 0x80003d02 (0x0819c683) x13 0x00000000 mem 0x8001ae4f
core   0: 0x80003d06 (0xff909c83) lh      s9, -7(ra)
core   0: 3 0x80003d06 (0xff909c83) x25 0x00000ccf mem 0x80020cc8
core   0: 0x80003d0a (0xff634b03) lbu     s6, -10(t1)
core   0: 3 0x80003d0a (0xff634b03) x22 0x00000000 mem 0x80016947
core   0: 0x80003d0e (0x0049c903) lbu     s2, 4(s3)
core   0: 3 0x80003d0e (0x0049c903) x18 0x00000000 mem 0x8001add2
core   0: 0x80003d12 (0xfecf8183) lb      gp, -20(t6)
core   0: 3 0x80003d12 (0xfecf8183) x 3 0x00000000 mem 0x80019b07
core   0: 0x80003d16 (0xff008fa3) sb      a6, -1(ra)
core   0: 3 0x80003d16 (0xff008fa3) mem 0x80020cce 0x0
core   0: 0x80003d1a (0xfa398fa3) sb      gp, -65(s3)
core   0: 3 0x80003d1a (0xfa398fa3) mem 0x8001ad8d 0x0
core   0: 0x80003d1e (0xffc08703) lb      a4, -4(ra)
core   0: 3 0x80003d1e (0xffc08703) x14 0x00000000 mem 0x80020ccb
core   0: 0x80003d22 (0x00b35283) lhu     t0, 11(t1)
core   0: 3 0x80003d22 (0x00b35283) x 5 0x00000000 mem 0x8001695c
core   0: 0x80003d26 (0x021fc103) lbu     sp, 33(t6)
core   0: 3 0x80003d26 (0x021fc103) x 2 0x00000000 mem 0x80019b3c
core   0: 0x80003d2a (0x0000c997) auipc   s3, 0xc
core   0: 3 0x80003d2a (0x0000c997) x19 0x8000fd2a
core   0: 0x80003d2e (0x4b898993) addi    s3, s3, 1208
core   0: 3 0x80003d2e (0x4b898993) x19 0x800101e2
core   0: 0x80003d32 (0xbfc0c093) xori    ra, ra, -1028
core   0: 3 0x80003d32 (0xbfc0c093) x 1 0x7ffdf733
core   0: 0x80003d36 (0x00008eb5) c.xor   a3, a3
core   0: 3 0x80003d36 (0x8eb5) x13 0x00000000
core   0: 0x80003d38 (0x1bc9c103) lbu     sp, 444(s3)
core   0: 3 0x80003d38 (0x1bc9c103) x 2 0x00000000 mem 0x8001039e
core   0: 0x80003d3c (0x00008ef5) c.and   a3, a3
core   0: 3 0x80003d3c (0x8ef5) x13 0x00000000
core   0: 0x80003d3e (0x5559c283) lbu     t0, 1365(s3)
core   0: 3 0x80003d3e (0x5559c283) x 5 0x00000000 mem 0x80010737
core   0: 0x80003d42 (0x2fd98d83) lb      s11, 765(s3)
core   0: 3 0x80003d42 (0x2fd98d83) x27 0x00000000 mem 0x800104df
core   0: 0x80003d46 (0x2249a523) sw      tp, 554(s3)
core   0: 3 0x80003d46 (0x2249a523) mem 0x8001040c 0x00000000
core   0: 0x80003d4a (0x02a9c203) lbu     tp, 42(s3)
core   0: 3 0x80003d4a (0x02a9c203) x 4 0x00000000 mem 0x8001020c
core   0: 0x80003d4e (0x12413213) sltiu   tp, sp, 292
core   0: 3 0x80003d4e (0x12413213) x 4 0x00000001
core   0: 0x80003d52 (0x00004df9) c.li    s11, 30
core   0: 3 0x80003d52 (0x4df9) x27 0x0000001e
core   0: 0x80003d54 (0x3c926113) ori     sp, tp, 969
core   0: 3 0x80003d54 (0x3c926113) x 2 0x000003c9
core   0: 0x80003d58 (0x01b2bdb3) sltu    s11, t0, s11
core   0: 3 0x80003d58 (0x01b2bdb3) x27 0x00000001
core   0: 0x80003d5c (0x00006119) c.addi16sp sp, 384
core   0: 3 0x80003d5c (0x6119) x 2 0x00000549
core   0: 0x80003d5e (0x0039c283) lbu     t0, 3(s3)
core   0: 3 0x80003d5e (0x0039c283) x 5 0x00000000 mem 0x800101e5
core   0: 0x80003d62 (0x002dc233) xor     tp, s11, sp
core   0: 3 0x80003d62 (0x002dc233) x 4 0x00000548
core   0: 0x80003d66 (0x3b39c203) lbu     tp, 947(s3)
core   0: 3 0x80003d66 (0x3b39c203) x 4 0x00000000 mem 0x80010595
core   0: 0x80003d6a (0x4e8db113) sltiu   sp, s11, 1256
core   0: 3 0x80003d6a (0x4e8db113) x 2 0x00000001
core   0: 0x80003d6e (0x35d98d83) lb      s11, 861(s3)
core   0: 3 0x80003d6e (0x35d98d83) x27 0x00000000 mem 0x8001053f
core   0: 0x80003d72 (0xec598aa3) sb      t0, -299(s3)
core   0: 3 0x80003d72 (0xec598aa3) mem 0x800100b7 0x0
core   0: 0x80003d76 (0x5432f213) andi    tp, t0, 1347
core   0: 3 0x80003d76 (0x5432f213) x 4 0x00000000
core   0: 0x80003d7a (0x01b27db3) and     s11, tp, s11
core   0: 3 0x80003d7a (0x01b27db3) x27 0x00000000
core   0: 0x80003d7e (0x00000001) c.nop
core   0: 3 0x80003d7e (0x0001)
core   0: 0x80003d80 (0x7559c203) lbu     tp, 1877(s3)
core   0: 3 0x80003d80 (0x7559c203) x 4 0x00000000 mem 0x80010937
core   0: 0x80003d84 (0x0222d233) divu    tp, t0, sp
core   0: 3 0x80003d84 (0x0222d233) x 4 0x00000000
core   0: 0x80003d88 (0x67d98d83) lb      s11, 1661(s3)
core   0: 3 0x80003d88 (0x67d98d83) x27 0x00000000 mem 0x8001085f
core   0: 0x80003d8c (0x00006dd9) c.lui   s11, 0x16
core   0: 3 0x80003d8c (0x6dd9) x27 0x00016000
core   0: 0x80003d8e (0x000046a9) c.li    a3, 10
core   0: 3 0x80003d8e (0x46a9) x13 0x0000000a
core   0: 0x80003d90 (0x40ddf293) andi    t0, s11, 1037
core   0: 3 0x80003d90 (0x40ddf293) x 5 0x00000000
core   0: 0x80003d94 (0x0d09d103) lhu     sp, 208(s3)
core   0: 3 0x80003d94 (0x0d09d103) x 2 0x00000000 mem 0x800102b2
core   0: 0x80003d98 (0x22498d23) sb      tp, 570(s3)
core   0: 3 0x80003d98 (0x22498d23) mem 0x8001041c 0x0
core   0: 0x80003d9c (0x0212d133) divu    sp, t0, ra
core   0: 3 0x80003d9c (0x0212d133) x 2 0x00000000
core   0: 0x80003da0 (0x4012d233) sra     tp, t0, ra
core   0: 3 0x80003da0 (0x4012d233) x 4 0x00000000
core   0: 0x80003da4 (0x4eb9c283) lbu     t0, 1259(s3)
core   0: 3 0x80003da4 (0x4eb9c283) x 5 0x00000000 mem 0x800106cd
core   0: 0x80003da8 (0x0001d317) auipc   t1, 0x1d
core   0: 3 0x80003da8 (0x0001d317) x 6 0x80020da8
core   0: 0x80003dac (0xd2430313) addi    t1, t1, -732
core   0: 3 0x80003dac (0xd2430313) x 6 0x80020acc
core   0: 0x80003db0 (0x0000d717) auipc   a4, 0xd
core   0: 3 0x80003db0 (0x0000d717) x14 0x80010db0
core   0: 0x80003db4 (0x8cf70713) addi    a4, a4, -1841
core   0: 3 0x80003db4 (0x8cf70713) x14 0x8001067f
core   0: 0x80003db8 (0xfcd34d03) lbu     s10, -51(t1)
core   0: 3 0x80003db8 (0xfcd34d03) x26 0x00000000 mem 0x80020a99
core   0: 0x80003dbc (0x00572e03) lw      t3, 5(a4)
core   0: 3 0x80003dbc (0x00572e03) x28 0x00000000 mem 0x80010684
core   0: 0x80003dc0 (0xfcd34e83) lbu     t4, -51(t1)
core   0: 3 0x80003dc0 (0xfcd34e83) x29 0x00000000 mem 0x80020a99
core   0: 0x80003dc4 (0x03a712a3) sh      s10, 37(a4)
core   0: 3 0x80003dc4 (0x03a712a3) mem 0x800106a4 0x0000
core   0: 0x80003dc8 (0xff035683) lhu     a3, -16(t1)
core   0: 3 0x80003dc8 (0xff035683) x13 0x00000000 mem 0x80020abc
core   0: 0x80003dcc (0x02870283) lb      t0, 40(a4)
core   0: 3 0x80003dcc (0x02870283) x 5 0x00000000 mem 0x800106a7
core   0: 0x80003dd0 (0xfd0306a3) sb      a6, -51(t1)
core   0: 3 0x80003dd0 (0xfd0306a3) mem 0x80020a99 0x0
core   0: 0x80003dd4 (0x00e30a03) lb      s4, 14(t1)
core   0: 3 0x80003dd4 (0x00e30a03) x20 0x00000000 mem 0x80020ada
core   0: 0x80003dd8 (0xfd774d03) lbu     s10, -41(a4)
core   0: 3 0x80003dd8 (0xfd774d03) x26 0x00000000 mem 0x80010656
core   0: 0x80003ddc (0xff934b83) lbu     s7, -7(t1)
core   0: 3 0x80003ddc (0xff934b83) x23 0x00000000 mem 0x80020ac5
core   0: 0x80003de0 (0xfef30f83) lb      t6, -17(t1)
core   0: 3 0x80003de0 (0xfef30f83) x31 0x00000000 mem 0x80020abb
core   0: 0x80003de4 (0x00f30883) lb      a7, 15(t1)
core   0: 3 0x80003de4 (0x00f30883) x17 0x00000000 mem 0x80020adb
core   0: 0x80003de8 (0xfee34203) lbu     tp, -18(t1)
core   0: 3 0x80003de8 (0xfee34203) x 4 0x00000000 mem 0x80020aba
core   0: 0x80003dec (0xfc670023) sb      t1, -64(a4)
core   0: 3 0x80003dec (0xfc670023) mem 0x8001063f 0xcc
core   0: 0x80003df0 (0xfd975b83) lhu     s7, -39(a4)
core   0: 3 0x80003df0 (0xfd975b83) x23 0x00000000 mem 0x80010658
core   0: 0x80003df4 (0x0000d417) auipc   s0, 0xd
core   0: 3 0x80003df4 (0x0000d417) x 8 0x80010df4
core   0: 0x80003df8 (0x9b440413) addi    s0, s0, -1612
core   0: 3 0x80003df8 (0x9b440413) x 8 0x800107a8
core   0: 0x80003dfc (0xffb44983) lbu     s3, -5(s0)
core   0: 3 0x80003dfc (0xffb44983) x19 0x00000000 mem 0x800107a3
core   0: 0x80003e00 (0x00016b97) auipc   s7, 0x16
core   0: 3 0x80003e00 (0x00016b97) x23 0x80019e00
core   0: 0x80003e04 (0x8f8b8b93) addi    s7, s7, -1800
core   0: 3 0x80003e04 (0x8f8b8b93) x23 0x800196f8
core   0: 0x80003e08 (0x00342823) sw      gp, 16(s0)
core   0: 3 0x80003e08 (0x00342823) mem 0x800107b8 0x00000000
core   0: 0x80003e0c (0x4ccb8503) lb      a0, 1228(s7)
core   0: 3 0x80003e0c (0x4ccb8503) x10 0x00000000 mem 0x80019bc4
core   0: 0x80003e10 (0x5a4b9723) sh      tp, 1454(s7)
core   0: 3 0x80003e10 (0x5a4b9723) mem 0x80019ca6 0x0000
core   0: 0x80003e14 (0xfea40e23) sb      a0, -4(s0)
core   0: 3 0x80003e14 (0xfea40e23) mem 0x800107a4 0x0
core   0: 0x80003e18 (0xffc409a3) sb      t3, -13(s0)
core   0: 3 0x80003e18 (0xffc409a3) mem 0x8001079b 0x0
core   0: 0x80003e1c (0x631b9523) sh      a7, 1578(s7)
core   0: 3 0x80003e1c (0x631b9523) mem 0x80019d22 0x0000
core   0: 0x80003e20 (0x6abbc983) lbu     s3, 1707(s7)
core   0: 3 0x80003e20 (0x6abbc983) x19 0x00000000 mem 0x80019da3
core   0: 0x80003e24 (0xf00b9b23) sh      zero, -234(s7)
core   0: 3 0x80003e24 (0xf00b9b23) mem 0x8001960e 0x0000
core   0: 0x80003e28 (0x09cba823) sw      t3, 144(s7)
core   0: 3 0x80003e28 (0x09cba823) mem 0x80019788 0x00000000
core   0: 0x80003e2c (0x00244183) lbu     gp, 2(s0)
core   0: 3 0x80003e2c (0x00244183) x 3 0x00000000 mem 0x800107aa
core   0: 0x80003e30 (0x875b8b03) lb      s6, -1931(s7)
core   0: 3 0x80003e30 (0x875b8b03) x22 0x00000000 mem 0x80018f6d
core   0: 0x80003e34 (0xd58b8d23) sb      s8, -678(s7)
core   0: 3 0x80003e34 (0xd58b8d23) mem 0x80019452 0x0
core   0: 0x80003e38 (0x8d7b8903) lb      s2, -1833(s7)
core   0: 3 0x80003e38 (0x8d7b8903) x18 0x00000000 mem 0x80018fcf
core   0: 0x80003e3c (0x00017c17) auipc   s8, 0x17
core   0: 3 0x80003e3c (0x00017c17) x24 0x8001ae3c
core   0: 0x80003e40 (0x042c0c13) addi    s8, s8, 66
core   0: 3 0x80003e40 (0x042c0c13) x24 0x8001ae7e
core   0: 0x80003e44 (0x00005cfd) c.li    s9, -1
core   0: 3 0x80003e44 (0x5cfd) x25 0xffffffff
core   0: 0x80003e46 (0x03dc0a03) lb      s4, 61(s8)
core   0: 3 0x80003e46 (0x03dc0a03) x20 0x00000000 mem 0x8001aebb
core   0: 0x80003e4a (0x033c4d83) lbu     s11, 51(s8)
core   0: 3 0x80003e4a (0x033c4d83) x27 0x00000000 mem 0x8001aeb1
core   0: 0x80003e4e (0x03b8ceb3) div     t4, a7, s11
core   0: 3 0x80003e4e (0x03b8ceb3) x29 0xffffffff
core   0: 0x80003e52 (0xfc5c0c83) lb      s9, -59(s8)
core   0: 3 0x80003e52 (0xfc5c0c83) x25 0x00000000 mem 0x8001ae43
core   0: 0x80003e56 (0xd374b913) sltiu   s2, s1, -713
core   0: 3 0x80003e56 (0xd374b913) x18 0x00000001
core   0: 0x80003e5a (0xffec2b83) lw      s7, -2(s8)
core   0: 3 0x80003e5a (0xffec2b83) x23 0x00000000 mem 0x8001ae7c
core   0: 0x80003e5e (0x00fc07a3) sb      a5, 15(s8)
core   0: 3 0x80003e5e (0x00fc07a3) mem 0x8001ae8d 0x0
core   0: 0x80003e62 (0x001bce33) xor     t3, s7, ra
core   0: 3 0x80003e62 (0x001bce33) x28 0x7ffdf733
core   0: 0x80003e66 (0x0000100f) fence.i
core   0: 3 0x80003e66 (0x0000100f)
core   0: 0x80003e6a (0x017381b3) add     gp, t2, s7
core   0: 3 0x80003e6a (0x017381b3) x 3 0x80025e48
core   0: 0x80003e6e (0xfccc0883) lb      a7, -52(s8)
core   0: 3 0x80003e6e (0xfccc0883) x17 0x00000000 mem 0x8001ae4a
core   0: 0x80003e72 (0x010b7933) and     s2, s6, a6
core   0: 3 0x80003e72 (0x010b7933) x18 0x00000000
core   0: 0x80003e76 (0x02a4cd33) div     s10, s1, a0
core   0: 3 0x80003e76 (0x02a4cd33) x26 0xffffffff
core   0: 0x80003e7a (0x01957b33) and     s6, a0, s9
core   0: 3 0x80003e7a (0x01957b33) x22 0x00000000
core   0: 0x80003e7e (0x00fb77b3) and     a5, s6, a5
core   0: 3 0x80003e7e (0x00fb77b3) x15 0x00000000
core   0: 0x80003e82 (0x01a60133) add     sp, a2, s10
core   0: 3 0x80003e82 (0x01a60133) x 2 0xffffffff
core   0: 0x80003e86 (0xfd4c5783) lhu     a5, -44(s8)
core   0: 3 0x80003e86 (0xfd4c5783) x15 0x00000000 mem 0x8001ae52
core   0: 0x80003e8a (0x025c1c23) sh      t0, 56(s8)
core   0: 3 0x80003e8a (0x025c1c23) mem 0x8001aeb6 0x0000
core   0: 0x80003e8e (0x00008ee5) c.and   a3, s1
core   0: 3 0x80003e8e (0x8ee5) x13 0x00000000
core   0: 0x80003e90 (0x00000d92) c.slli  s11, 4
core   0: 3 0x80003e90 (0x0d92) x27 0x00000000
core   0: 0x80003e92 (0x00cc1b03) lh      s6, 12(s8)
core   0: 3 0x80003e92 (0x00cc1b03) x22 0x00000000 mem 0x8001ae8a
core   0: 0x80003e96 (0x00000001) c.nop
core   0: 3 0x80003e96 (0x0001)
core   0: 0x80003e98 (0xfd3c4983) lbu     s3, -45(s8)
core   0: 3 0x80003e98 (0xfd3c4983) x19 0x00000000 mem 0x8001ae51
core   0: 0x80003e9c (0x00756f33) or      t5, a0, t2
core   0: 3 0x80003e9c (0x00756f33) x30 0x80025e48
core   0: 0x80003ea0 (0x00d9a733) slt     a4, s3, a3
core   0: 3 0x80003ea0 (0x00d9a733) x14 0x00000000
core   0: 0x80003ea4 (0xfc9c0423) sb      s1, -56(s8)
core   0: 3 0x80003ea4 (0xfc9c0423) mem 0x8001ae46 0x0
core   0: 0x80003ea8 (0x00008685) c.srai  a3, 1
core   0: 3 0x80003ea8 (0x8685) x13 0x00000000
core   0: 0x80003eaa (0x00008e31) c.xor   a2, a2
core   0: 3 0x80003eaa (0x8e31) x12 0x00000000
core   0: 0x80003eac (0x487a4613) xori    a2, s4, 1159
core   0: 3 0x80003eac (0x487a4613) x12 0x00000487
core   0: 0x80003eb0 (0xfd6c1b83) lh      s7, -42(s8)
core   0: 3 0x80003eb0 (0xfd6c1b83) x23 0x00000000 mem 0x8001ae54
core   0: 0x80003eb4 (0x0261b733) mulhu   a4, gp, t1
core   0: 3 0x80003eb4 (0x0261b733) x14 0x4002348e
core   0: 0x80003eb8 (0x003a4d33) xor     s10, s4, gp
core   0: 3 0x80003eb8 (0x003a4d33) x26 0x80025e48
core   0: 0x80003ebc (0xfeec1123) sh      a4, -30(s8)
core   0: 3 0x80003ebc (0xfeec1123) mem 0x8001ae60 0x348e
core   0: 0x80003ec0 (0x020a3333) mulhu   t1, s4, zero
core   0: 3 0x80003ec0 (0x020a3333) x 6 0x00000000
core   0: 0x80003ec4 (0x010c2123) sw      a6, 2(s8)
core   0: 3 0x80003ec4 (0x010c2123) mem 0x8001ae80 0x00000000
core   0: 0x80003ec8 (0x573eab37) lui     s6, 0x573ea
core   0: 3 0x80003ec8 (0x573eab37) x22 0x573ea000
core   0: 0x80003ecc (0x00ec4303) lbu     t1, 14(s8)
core   0: 3 0x80003ecc (0x00ec4303) x 6 0x00000000 mem 0x8001ae8c
core   0: 0x80003ed0 (0x022c4883) lbu     a7, 34(s8)
core   0: 3 0x80003ed0 (0x022c4883) x17 0x00000000 mem 0x8001aea0
core   0: 0x80003ed4 (0x0420026f) jal     tp, pc + 0x42
core   0: 3 0x80003ed4 (0x0420026f) x 4 0x80003ed8
core   0: 0x80003f16 (0x0000b7f9) c.j     pc - 50
core   0: 3 0x80003f16 (0xb7f9)
core   0: 0x80003ee4 (0x0000a815) c.j     pc + 52
core   0: 3 0x80003ee4 (0xa815)
core   0: 0x80003f18 (0x0000bfc9) c.j     pc - 46
core   0: 3 0x80003f18 (0xbfc9)
core   0: 0x80003eea (0x0000a039) c.j     pc + 14
core   0: 3 0x80003eea (0xa039)
core   0: 0x80003ef8 (0x00002811) c.jal   pc + 20
core   0: 3 0x80003ef8 (0x2811) x 1 0x80003efa
core   0: 0x80003f0c (0xfefff0ef) jal     pc - 0x12
core   0: 3 0x80003f0c (0xfefff0ef) x 1 0x80003f10
core   0: 0x80003efa (0x00003ff5) c.jal   pc - 4
core   0: 3 0x80003efa (0x3ff5) x 1 0x80003efc
core   0: 0x80003ef6 (0x00002839) c.jal   pc + 30
core   0: 3 0x80003ef6 (0x2839) x 1 0x80003ef8
core   0: 0x80003f14 (0x0000bff9) c.j     pc - 34
core   0: 3 0x80003f14 (0xbff9)
core   0: 0x80003ef2 (0xffdff0ef) jal     pc - 0x4
core   0: 3 0x80003ef2 (0xffdff0ef) x 1 0x80003ef6
core   0: 0x80003eee (0x0000a809) c.j     pc + 18
core   0: 3 0x80003eee (0xa809)
core   0: 0x80003f00 (0x0000b7f5) c.j     pc - 20
core   0: 3 0x80003f00 (0xb7f5)
core   0: 0x80003eec (0x0000b7f5) c.j     pc - 20
core   0: 3 0x80003eec (0xb7f5)
core   0: 0x80003ed8 (0x00e0036f) jal     t1, pc + 0xe
core   0: 3 0x80003ed8 (0x00e0036f) x 6 0x80003edc
core   0: 0x80003ee6 (0xff7ff56f) jal     a0, pc - 0xa
core   0: 3 0x80003ee6 (0xff7ff56f) x10 0x80003eea
core   0: 0x80003edc (0x03e00e6f) jal     t3, pc + 0x3e
core   0: 3 0x80003edc (0x03e00e6f) x28 0x80003ee0
core   0: 0x80003f1a (0xfe3ff36f) jal     t1, pc - 0x1e
core   0: 3 0x80003f1a (0xfe3ff36f) x 6 0x80003f1e
core   0: 0x80003efc (0xfe5ff0ef) jal     pc - 0x1c
core   0: 3 0x80003efc (0xfe5ff0ef) x 1 0x80003f00
core   0: 0x80003ee0 (0x0000a805) c.j     pc + 48
core   0: 3 0x80003ee0 (0xa805)
core   0: 0x80003f10 (0xfe1ff0ef) jal     pc - 0x20
core   0: 3 0x80003f10 (0xfe1ff0ef) x 1 0x80003f14
core   0: 0x80003ef0 (0x0000a829) c.j     pc + 26
core   0: 3 0x80003ef0 (0xa829)
core   0: 0x80003f0a (0x00003ff5) c.jal   pc - 4
core   0: 3 0x80003f0a (0x3ff5) x 1 0x80003f0c
core   0: 0x80003f06 (0xffdff2ef) jal     t0, pc - 0x4
core   0: 3 0x80003f06 (0xffdff2ef) x 5 0x80003f0a
core   0: 0x80003f02 (0xfe1ff0ef) jal     pc - 0x20
core   0: 3 0x80003f02 (0xfe1ff0ef) x 1 0x80003f06
core   0: 0x80003ee2 (0x00002835) c.jal   pc + 60
core   0: 3 0x80003ee2 (0x2835) x 1 0x80003ee4
core   0: 0x80003f1e (0x037bbcb3) mulhu   s9, s7, s7
core   0: 3 0x80003f1e (0x037bbcb3) x25 0x00000000
core   0: 0x80003f22 (0x0000d117) auipc   sp, 0xd
core   0: 3 0x80003f22 (0x0000d117) x 2 0x80010f22
core   0: 0x80003f26 (0x09310113) addi    sp, sp, 147
core   0: 3 0x80003f26 (0x09310113) x 2 0x80010fb5
core   0: 0x80003f2a (0xf8610083) lb      ra, -122(sp)
core   0: 3 0x80003f2a (0xf8610083) x 1 0x00000000 mem 0x80010f3b
core   0: 0x80003f2e (0xfa411fa3) sh      tp, -65(sp)
core   0: 3 0x80003f2e (0xfa411fa3) mem 0x80010f74 0x3ed8
core   0: 0x80003f32 (0xfd710aa3) sb      s7, -43(sp)
core   0: 3 0x80003f32 (0xfd710aa3) mem 0x80010f8a 0x0
core   0: 0x80003f36 (0xf9d11503) lh      a0, -99(sp)
core   0: 3 0x80003f36 (0xf9d11503) x10 0x00000000 mem 0x80010f52
core   0: 0x80003f3a (0x02f071b3) remu    gp, zero, a5
core   0: 3 0x80003f3a (0x02f071b3) x 3 0x00000000
core   0: 0x80003f3e (0x015f10b3) sll     ra, t5, s5
core   0: 3 0x80003f3e (0x015f10b3) x 1 0x0025e480
core   0: 0x80003f42 (0xee764193) xori    gp, a2, -281
core   0: 3 0x80003f42 (0xee764193) x 3 0xfffffa60
core   0: 0x80003f46 (0x000c6333) or      t1, s8, zero
core   0: 3 0x80003f46 (0x000c6333) x 6 0x8001ae7e
core   0: 0x80003f4a (0xfba14b03) lbu     s6, -70(sp)
core   0: 3 0x80003f4a (0xfba14b03) x22 0x00000000 mem 0x80010f6f
core   0: 0x80003f4e (0x035aafb3) mulhsu  t6, s5, s5
core   0: 3 0x80003f4e (0x035aafb3) x31 0xc0000006
core   0: 0x80003f52 (0x07814283) lbu     t0, 120(sp)
core   0: 3 0x80003f52 (0x07814283) x 5 0x00000000 mem 0x8001102d
core   0: 0x80003f56 (0xf4f11783) lh      a5, -177(sp)
core   0: 3 0x80003f56 (0xf4f11783) x15 0x00000000 mem 0x80010f04
core   0: 0x80003f5a (0xf6f14883) lbu     a7, -145(sp)
core   0: 3 0x80003f5a (0xf6f14883) x17 0x00000000 mem 0x80010f24
core   0: 0x80003f5e (0x04510523) sb      t0, 74(sp)
core   0: 3 0x80003f5e (0x04510523) mem 0x80010fff 0x0
core   0: 0x80003f62 (0x023942b3) div     t0, s2, gp
core   0: 3 0x80003f62 (0x023942b3) x 5 0x00000000
core   0: 0x80003f66 (0xf73112a3) sh      s3, -155(sp)
core   0: 3 0x80003f66 (0xf73112a3) mem 0x80010f1a 0x0000
core   0: 0x80003f6a (0x00008099) c.srli  s1, 6
core   0: 3 0x80003f6a (0x8099) x 9 0x00000000
core   0: 0x80003f6c (0x000089fa) c.mv    s3, t5
core   0: 3 0x80003f6c (0x89fa) x19 0x80025e48
core   0: 0x80003f6e (0xf3014903) lbu     s2, -208(sp)
core   0: 3 0x80003f6e (0xf3014903) x18 0x00000000 mem 0x80010ee5
core   0: 0x80003f72 (0xfd914483) lbu     s1, -39(sp)
core   0: 3 0x80003f72 (0xfd914483) x 9 0x00000000 mem 0x80010f8e
core   0: 0x80003f76 (0xfbd10603) lb      a2, -67(sp)
core   0: 3 0x80003f76 (0xfbd10603) x12 0x00000000 mem 0x80010f72
core   0: 0x80003f7a (0x05b115a3) sh      s11, 75(sp)
core   0: 3 0x80003f7a (0x05b115a3) mem 0x80011000 0x0000
core   0: 0x80003f7e (0xf0111703) lh      a4, -255(sp)
core   0: 3 0x80003f7e (0xf0111703) x14 0x00000000 mem 0x80010eb6
core   0: 0x80003f82 (0xf4a10ea3) sb      a0, -163(sp)
core   0: 3 0x80003f82 (0xf4a10ea3) mem 0x80010f12 0x0
core   0: 0x80003f86 (0x01110223) sb      a7, 4(sp)
core   0: 3 0x80003f86 (0x01110223) mem 0x80010fb9 0x0
core   0: 0x80003f8a (0xf8d10b23) sb      a3, -106(sp)
core   0: 3 0x80003f8a (0xf8d10b23) mem 0x80010f4b 0x0
core   0: 0x80003f8e (0x00610a23) sb      t1, 20(sp)
core   0: 3 0x80003f8e (0x00610a23) mem 0x80010fc9 0x7e
core   0: 0x80003f92 (0x09010823) sb      a6, 144(sp)
core   0: 3 0x80003f92 (0x09010823) mem 0x80011045 0x0
core   0: 0x80003f96 (0xf742e513) ori     a0, t0, -140
core   0: 3 0x80003f96 (0xf742e513) x10 0xffffff74
core   0: 0x80003f9a (0x08d10923) sb      a3, 146(sp)
core   0: 3 0x80003f9a (0x08d10923) mem 0x80011047 0x0
core   0: 0x80003f9e (0x00210783) lb      a5, 2(sp)
core   0: 3 0x80003f9e (0x00210783) x15 0x00000000 mem 0x80010fb7
core   0: 0x80003fa2 (0x00008235) c.srli  a2, 13
core   0: 3 0x80003fa2 (0x8235) x12 0x00000000
core   0: 0x80003fa4 (0x03eceeb3) rem     t4, s9, t5
core   0: 3 0x80003fa4 (0x03eceeb3) x29 0x00000000
core   0: 0x80003fa8 (0x000094ae) c.add   s1, a1
core   0: 3 0x80003fa8 (0x94ae) x 9 0x01a73103
core   0: 0x80003faa (0x00008f79) c.and   a4, a4
core   0: 3 0x80003faa (0x8f79) x14 0x00000000
core   0: 0x80003fac (0x01945013) srli    zero, s0, 25
core   0: 3 0x80003fac (0x01945013)
core   0: 0x80003fb0 (0x05010003) lb      zero, 80(sp)
core   0: 3 0x80003fb0 (0x05010003) mem 0x80011005
core   0: 0x80003fb4 (0xf4014483) lbu     s1, -192(sp)
core   0: 3 0x80003fb4 (0xf4014483) x 9 0x00000000 mem 0x80010ef5
core   0: 0x80003fb8 (0xfe311b83) lh      s7, -29(sp)
core   0: 3 0x80003fb8 (0xfe311b83) x23 0x00000000 mem 0x80010f98
core   0: 0x80003fbc (0xfc0100a3) sb      zero, -63(sp)
core   0: 3 0x80003fbc (0xfc0100a3) mem 0x80010f76 0x0
core   0: 0x80003fc0 (0xff610c23) sb      s6, -8(sp)
core   0: 3 0x80003fc0 (0xff610c23) mem 0x80010fad 0x0
core   0: 0x80003fc4 (0xf2114083) lbu     ra, -223(sp)
core   0: 3 0x80003fc4 (0xf2114083) x 1 0x00000000 mem 0x80010ed6
core   0: 0x80003fc8 (0xf3610e03) lb      t3, -202(sp)
core   0: 3 0x80003fc8 (0xf3610e03) x28 0x00000000 mem 0x80010eeb
core   0: 0x80003fcc (0x0001a997) auipc   s3, 0x1a
core   0: 3 0x80003fcc (0x0001a997) x19 0x8001dfcc
core   0: 0x80003fd0 (0x4ad98993) addi    s3, s3, 1197
core   0: 3 0x80003fd0 (0x4ad98993) x19 0x8001e479
core   0: 0x80003fd4 (0x00f98a03) lb      s4, 15(s3)
core   0: 3 0x80003fd4 (0x00f98a03) x20 0x00000000 mem 0x8001e488
core   0: 0x80003fd8 (0x00298503) lb      a0, 2(s3)
core   0: 3 0x80003fd8 (0x00298503) x10 0x00000000 mem 0x8001e47b
core   0: 0x80003fdc (0x00298a03) lb      s4, 2(s3)
core   0: 3 0x80003fdc (0x00298a03) x20 0x00000000 mem 0x8001e47b
core   0: 0x80003fe0 (0xffd9c783) lbu     a5, -3(s3)
core   0: 3 0x80003fe0 (0xffd9c783) x15 0x00000000 mem 0x8001e476
core   0: 0x80003fe4 (0x0347dbb3) divu    s7, a5, s4
core   0: 3 0x80003fe4 (0x0347dbb3) x23 0xffffffff
core   0: 0x80003fe8 (0x417bdbb3) sra     s7, s7, s7
core   0: 3 0x80003fe8 (0x417bdbb3) x23 0xffffffff
core   0: 0x80003fec (0x018996a3) sh      s8, 13(s3)
core   0: 3 0x80003fec (0x018996a3) mem 0x8001e486 0xae7e
core   0: 0x80003ff0 (0x00006561) c.lui   a0, 0x18
core   0: 3 0x80003ff0 (0x6561) x10 0x00018000
core   0: 0x80003ff2 (0x00799a03) lh      s4, 7(s3)
core   0: 3 0x80003ff2 (0x00799a03) x20 0x00000000 mem 0x8001e480
core   0: 0x80003ff6 (0x00698c03) lb      s8, 6(s3)
core   0: 3 0x80003ff6 (0x00698c03) x24 0x00000000 mem 0x8001e47f
core   0: 0x80003ffa (0x00655c13) srli    s8, a0, 6
core   0: 3 0x80003ffa (0x00655c13) x24 0x00000600
core   0: 0x80003ffe (0x00006c51) c.lui   s8, 0x14
core   0: 3 0x80003ffe (0x6c51) x24 0x00014000
core   0: 0x80004000 (0xffc9c083) lbu     ra, -4(s3)
core   0: 3 0x80004000 (0xffc9c083) x 1 0x00000000 mem 0x8001e475
core   0: 0x80004004 (0x0ff0000f) fence   iorw,iorw
core   0: 3 0x80004004 (0x0ff0000f)
core   0: 0x80004008 (0x00fbec33) or      s8, s7, a5
core   0: 3 0x80004008 (0x00fbec33) x24 0xffffffff
core   0: 0x8000400c (0x00b9a783) lw      a5, 11(s3)
core   0: 3 0x8000400c (0x00b9a783) x15 0xae7e0000 mem 0x8001e484
core   0: 0x80004010 (0x0049ca03) lbu     s4, 4(s3)
core   0: 3 0x80004010 (0x0049ca03) x20 0x00000000 mem 0x8001e47d
core   0: 0x80004014 (0x0ff0000f) fence   iorw,iorw
core   0: 3 0x80004014 (0x0ff0000f)
core   0: 0x80004018 (0xff79da03) lhu     s4, -9(s3)
core   0: 3 0x80004018 (0xff79da03) x20 0x00000000 mem 0x8001e470
core   0: 0x8000401c (0xff098503) lb      a0, -16(s3)
core   0: 3 0x8000401c (0xff098503) x10 0x00000000 mem 0x8001e469
core   0: 0x80004020 (0x00004b91) c.li    s7, 4
core   0: 3 0x80004020 (0x4b91) x23 0x00000004
core   0: 0x80004022 (0xff79cb83) lbu     s7, -9(s3)
core   0: 3 0x80004022 (0xff79cb83) x23 0x00000000 mem 0x8001e470
core   0: 0x80004026 (0x00398783) lb      a5, 3(s3)
core   0: 3 0x80004026 (0x00398783) x15 0x00000000 mem 0x8001e47c
core   0: 0x8000402a (0x01798123) sb      s7, 2(s3)
core   0: 3 0x8000402a (0x01798123) mem 0x8001e47b 0x0
core   0: 0x8000402e (0x000083fd) c.srli  a5, 31
core   0: 3 0x8000402e (0x83fd) x15 0x00000000
core   0: 0x80004030 (0xff898503) lb      a0, -8(s3)
core   0: 3 0x80004030 (0xff898503) x10 0x00000000 mem 0x8001e471
core   0: 0x80004034 (0x00a994a3) sh      a0, 9(s3)
core   0: 3 0x80004034 (0x00a994a3) mem 0x8001e482 0x0000
core   0: 0x80004038 (0xff49c503) lbu     a0, -12(s3)
core   0: 3 0x80004038 (0xff49c503) x10 0x00000000 mem 0x8001e46d
core   0: 0x8000403c (0xff399503) lh      a0, -13(s3)
core   0: 3 0x8000403c (0xff399503) x10 0x00000000 mem 0x8001e46c
core   0: 0x80004040 (0xff598a03) lb      s4, -11(s3)
core   0: 3 0x80004040 (0xff598a03) x20 0x00000000 mem 0x8001e46e
core   0: 0x80004044 (0x00008d3d) c.xor   a0, a5
core   0: 3 0x80004044 (0x8d3d) x10 0x00000000
core   0: 0x80004046 (0xfe198923) sb      ra, -14(s3)
core   0: 3 0x80004046 (0xfe198923) mem 0x8001e46b 0x0
core   0: 0x8000404a (0x00e98083) lb      ra, 14(s3)
core   0: 3 0x8000404a (0x00e98083) x 1 0xffffffae mem 0x8001e487
core   0: 0x8000404e (0xfff9c503) lbu     a0, -1(s3)
core   0: 3 0x8000404e (0xfff9c503) x10 0x00000000 mem 0x8001e478
core   0: 0x80004052 (0xff899aa3) sh      s8, -11(s3)
core   0: 3 0x80004052 (0xff899aa3) mem 0x8001e46e 0xffff
core   0: 0x80004056 (0xff899ba3) sh      s8, -9(s3)
core   0: 3 0x80004056 (0xff899ba3) mem 0x8001e470 0xffff
core   0: 0x8000405a (0x01309b93) slli    s7, ra, 19
core   0: 3 0x8000405a (0x01309b93) x23 0xfd700000
core   0: 0x8000405e (0x038b9bb3) mulh    s7, s7, s8
core   0: 3 0x8000405e (0x038b9bb3) x23 0x00000000
core   0: 0x80004062 (0xfe198f23) sb      ra, -2(s3)
core   0: 3 0x80004062 (0xfe198f23) mem 0x8001e477 0xae
core   0: 0x80004066 (0x00400613) li      a2, 4
core   0: 3 0x80004066 (0x00400613) x12 0x00000004
core   0: 0x8000406a (0x00008fc9) c.or    a5, a0
core   0: 3 0x8000406a (0x8fc9) x15 0x00000000
core   0: 0x8000406c (0x0000100f) fence.i
core   0: 3 0x8000406c (0x0000100f)
core   0: 0x80004070 (0x6b236293) ori     t0, t1, 1714
core   0: 3 0x80004070 (0x6b236293) x 5 0x8001aefe
core   0: 0x80004074 (0x03c11c33) mulh    s8, sp, t3
core   0: 3 0x80004074 (0x03c11c33) x24 0x00000000
core   0: 0x80004078 (0x419502b3) sub     t0, a0, s9
core   0: 3 0x80004078 (0x419502b3) x 5 0x00000000
core   0: 0x8000407c (0x024788b3) mul     a7, a5, tp
core   0: 3 0x8000407c (0x024788b3) x17 0x00000000
core   0: 0x80004080 (0x014af4b3) and     s1, s5, s4
core   0: 3 0x80004080 (0x014af4b3) x 9 0x00000000
core   0: 0x80004084 (0x0415a913) slti    s2, a1, 65
core   0: 3 0x80004084 (0x0415a913) x18 0x00000000
core   0: 0x80004088 (0x00008cad) c.xor   s1, a1
core   0: 3 0x80004088 (0x8cad) x 9 0x01a73103
core   0: 0x8000408a (0x00006e41) c.lui   t3, 0x10
core   0: 3 0x8000408a (0x6e41) x28 0x00010000
core   0: 0x8000408c (0x00000001) c.nop
core   0: 3 0x8000408c (0x0001)
core   0: 0x8000408e (0x0137deb3) srl     t4, a5, s3
core   0: 3 0x8000408e (0x0137deb3) x29 0x00000000
core   0: 0x80004092 (0x011f9b33) sll     s6, t6, a7
core   0: 3 0x80004092 (0x011f9b33) x22 0xc0000006
core   0: 0x80004096 (0xc02cc4b7) lui     s1, 0xc02cc
core   0: 3 0x80004096 (0xc02cc4b7) x 9 0xc02cc000
core   0: 0x8000409a (0x029882b3) mul     t0, a7, s1
core   0: 3 0x8000409a (0x029882b3) x 5 0x00000000
core   0: 0x8000409e (0x0000100f) fence.i
core   0: 3 0x8000409e (0x0000100f)
core   0: 0x800040a2 (0x00c9a0b3) slt     ra, s3, a2
core   0: 3 0x800040a2 (0x00c9a0b3) x 1 0x00000001
core   0: 0x800040a6 (0x00000001) c.nop
core   0: 3 0x800040a6 (0x0001)
core   0: 0x800040a8 (0x00006105) c.addi16sp sp, 32
core   0: 3 0x800040a8 (0x6105) x 2 0x80010fd5
core   0: 0x800040aa (0x00001671) c.addi  a2, -4
core   0: 3 0x800040aa (0x1671) x12 0x00000000
core   0: 0x800040ac (0x01b7ad33) slt     s10, a5, s11
core   0: 3 0x800040ac (0x01b7ad33) x26 0x00000000
core   0: 0x800040b0 (0x00006eb1) c.lui   t4, 0xc
core   0: 3 0x800040b0 (0x6eb1) x29 0x0000c000
core   0: 0x800040b2 (0x0000d665) c.beqz  a2, pc - 24
core   0: 3 0x800040b2 (0xd665)
core   0: 0x8000409a (0x029882b3) mul     t0, a7, s1
core   0: 3 0x8000409a (0x029882b3) x 5 0x00000000
core   0: 0x8000409e (0x0000100f) fence.i
core   0: 3 0x8000409e (0x0000100f)
core   0: 0x800040a2 (0x00c9a0b3) slt     ra, s3, a2
core   0: 3 0x800040a2 (0x00c9a0b3) x 1 0x00000001
core   0: 0x800040a6 (0x00000001) c.nop
core   0: 3 0x800040a6 (0x0001)
core   0: 0x800040a8 (0x00006105) c.addi16sp sp, 32
core   0: 3 0x800040a8 (0x6105) x 2 0x80010ff5
core   0: 0x800040aa (0x00001671) c.addi  a2, -4
core   0: 3 0x800040aa (0x1671) x12 0xfffffffc
core   0: 0x800040ac (0x01b7ad33) slt     s10, a5, s11
core   0: 3 0x800040ac (0x01b7ad33) x26 0x00000000
core   0: 0x800040b0 (0x00006eb1) c.lui   t4, 0xc
core   0: 3 0x800040b0 (0x6eb1) x29 0x0000c000
core   0: 0x800040b2 (0x0000d665) c.beqz  a2, pc - 24
core   0: 3 0x800040b2 (0xd665)
core   0: 0x800040b4 (0x000083c5) c.srli  a5, 17
core   0: 3 0x800040b4 (0x83c5) x15 0x00000000
core   0: 0x800040b6 (0x00011f17) auipc   t5, 0x11
core   0: 3 0x800040b6 (0x00011f17) x30 0x800150b6
core   0: 0x800040ba (0xdcdf0f13) addi    t5, t5, -563
core   0: 3 0x800040ba (0xdcdf0f13) x30 0x80014e83
core   0: 0x800040be (0x00071b93) slli    s7, a4, 0
core   0: 3 0x800040be (0x00071b93) x23 0x00000000
core   0: 0x800040c2 (0xfd2f0703) lb      a4, -46(t5)
core   0: 3 0x800040c2 (0xfd2f0703) x14 0x00000000 mem 0x80014e55
core   0: 0x800040c6 (0x2f962113) slti    sp, a2, 761
core   0: 3 0x800040c6 (0x2f962113) x 2 0x00000001
core   0: 0x800040ca (0xc71bc113) xori    sp, s7, -911
core   0: 3 0x800040ca (0xc71bc113) x 2 0xfffffc71
core   0: 0x800040ce (0x0000960a) c.add   a2, sp
core   0: 3 0x800040ce (0x960a) x12 0xfffffc6d
core   0: 0x800040d0 (0x02c70133) mul     sp, a4, a2
core   0: 3 0x800040d0 (0x02c70133) x 2 0x00000000
core   0: 0x800040d4 (0x097f0223) sb      s7, 132(t5)
core   0: 3 0x800040d4 (0x097f0223) mem 0x80014f07 0x0
core   0: 0x800040d8 (0x0f1f2603) lw      a2, 241(t5)
core   0: 3 0x800040d8 (0x0f1f2603) x12 0x00000000 mem 0x80014f74
core   0: 0x800040dc (0xf0cf1da3) sh      a2, -229(t5)
core   0: 3 0x800040dc (0xf0cf1da3) mem 0x80014d9e 0x0000
core   0: 0x800040e0 (0x00e14e33) xor     t3, sp, a4
core   0: 3 0x800040e0 (0x00e14e33) x28 0x00000000
core   0: 0x800040e4 (0x403b5613) srai    a2, s6, 3
core   0: 3 0x800040e4 (0x403b5613) x12 0xf8000000
core   0: 0x800040e8 (0x01bf4b83) lbu     s7, 27(t5)
core   0: 3 0x800040e8 (0x01bf4b83) x23 0x00000000 mem 0x80014e9e
core   0: 0x800040ec (0x00008775) c.srai  a4, 29
core   0: 3 0x800040ec (0x8775) x14 0x00000000
core   0: 0x800040ee (0xf56f0e23) sb      s6, -164(t5)
core   0: 3 0x800040ee (0xf56f0e23) mem 0x80014ddf 0x6
core   0: 0x800040f2 (0x008f4603) lbu     a2, 8(t5)
core   0: 3 0x800040f2 (0x008f4603) x12 0x00000000 mem 0x80014e8b
core   0: 0x800040f6 (0x063f1b83) lh      s7, 99(t5)
core   0: 3 0x800040f6 (0x063f1b83) x23 0x00000000 mem 0x80014ee6
core   0: 0x800040fa (0x028f4b83) lbu     s7, 40(t5)
core   0: 3 0x800040fa (0x028f4b83) x23 0x00000000 mem 0x80014eab
core   0: 0x800040fe (0x00000918) c.addi4spn a4, sp, 144
core   0: 3 0x800040fe (0x0918) x14 0x00000090
core   0: 0x80004100 (0x090f0603) lb      a2, 144(t5)
core   0: 3 0x80004100 (0x090f0603) x12 0x00000000 mem 0x80014f13
core   0: 0x80004104 (0x62b82117) auipc   sp, 0x62b82
core   0: 3 0x80004104 (0x62b82117) x 2 0xe2b86104
core   0: 0x80004108 (0xf5af0b83) lb      s7, -166(t5)
core   0: 3 0x80004108 (0xf5af0b83) x23 0x00000000 mem 0x80014ddd
core   0: 0x8000410c (0xbed4fb37) lui     s6, 0xbed4f
core   0: 3 0x8000410c (0xbed4fb37) x22 0xbed4f000
core   0: 0x80004110 (0x0b7f0323) sb      s7, 166(t5)
core   0: 3 0x80004110 (0x0b7f0323) mem 0x80014f29 0x0
core   0: 0x80004114 (0x0000072a) c.slli  a4, 10
core   0: 3 0x80004114 (0x072a) x14 0x00024000
core   0: 0x80004116 (0x30464617) auipc   a2, 0x30464
core   0: 3 0x80004116 (0x30464617) x12 0xb0468116
core   0: 0x8000411a (0xf19f4b03) lbu     s6, -231(t5)
core   0: 3 0x8000411a (0xf19f4b03) x22 0x00000000 mem 0x80014d9c
core   0: 0x8000411e (0xf22f0d23) sb      sp, -198(t5)
core   0: 3 0x8000411e (0xf22f0d23) mem 0x80014dbd 0x4
core   0: 0x80004122 (0x2ef10b13) addi    s6, sp, 751
core   0: 3 0x80004122 (0x2ef10b13) x22 0xe2b863f3
core   0: 0x80004126 (0xf88f4b83) lbu     s7, -120(t5)
core   0: 3 0x80004126 (0xf88f4b83) x23 0x00000000 mem 0x80014e0b
core   0: 0x8000412a (0x055f4b83) lbu     s7, 85(t5)
core   0: 3 0x8000412a (0x055f4b83) x23 0x00000000 mem 0x80014ed8
core   0: 0x8000412e (0x07cf12a3) sh      t3, 101(t5)
core   0: 3 0x8000412e (0x07cf12a3) mem 0x80014ee8 0x0000
core   0: 0x80004132 (0x0e2f18a3) sh      sp, 241(t5)
core   0: 3 0x80004132 (0x0e2f18a3) mem 0x80014f74 0x6104
core   0: 0x80004136 (0x0d6f0b23) sb      s6, 214(t5)
core   0: 3 0x80004136 (0x0d6f0b23) mem 0x80014f59 0xf3
core   0: 0x8000413a (0xf76f4b03) lbu     s6, -138(t5)
core   0: 3 0x8000413a (0xf76f4b03) x22 0x00000000 mem 0x80014df9
core   0: 0x8000413e (0x0acf13a3) sh      a2, 167(t5)
core   0: 3 0x8000413e (0x0acf13a3) mem 0x80014f2a 0x8116
core   0: 0x80004142 (0xfc7f4603) lbu     a2, -57(t5)
core   0: 3 0x80004142 (0xfc7f4603) x12 0x00000000 mem 0x80014e4a
core   0: 0x80004146 (0x01c71113) slli    sp, a4, 28
core   0: 3 0x80004146 (0x01c71113) x 2 0x00000000
core   0: 0x8000414a (0xf7ef4603) lbu     a2, -130(t5)
core   0: 3 0x8000414a (0xf7ef4603) x12 0x00000000 mem 0x80014e01
core   0: 0x8000414e (0x00000766) c.slli  a4, 25
core   0: 3 0x8000414e (0x0766) x14 0x00000000
core   0: 0x80004150 (0xf83f0703) lb      a4, -125(t5)
core   0: 3 0x80004150 (0xf83f0703) x14 0x00000000 mem 0x80014e06
core   0: 0x80004154 (0x00cb6133) or      sp, s6, a2
core   0: 3 0x80004154 (0x00cb6133) x 2 0x00000000
core   0: 0x80004158 (0x037f07a3) sb      s7, 47(t5)
core   0: 3 0x80004158 (0x037f07a3) mem 0x80014eb2 0x0
core   0: 0x8000415c (0x0b7f0c23) sb      s7, 184(t5)
core   0: 3 0x8000415c (0x0b7f0c23) mem 0x80014f3b 0x0
core   0: 0x80004160 (0x02c67633) remu    a2, a2, a2
core   0: 3 0x80004160 (0x02c67633) x12 0x00000000
core   0: 0x80004164 (0x28913b93) sltiu   s7, sp, 649
core   0: 3 0x80004164 (0x28913b93) x23 0x00000001
core   0: 0x80004168 (0x0000821d) c.srli  a2, 7
core   0: 3 0x80004168 (0x821d) x12 0x00000000
core   0: 0x8000416a (0x00008f11) c.sub   a4, a2
core   0: 3 0x8000416a (0x8f11) x14 0x00000000
core   0: 0x8000416c (0x0000833d) c.srli  a4, 15
core   0: 3 0x8000416c (0x833d) x14 0x00000000
core   0: 0x8000416e (0x0000717d) c.addi16sp sp, -16
core   0: 3 0x8000416e (0x717d) x 2 0xfffffff0
core   0: 0x80004170 (0x02c74633) div     a2, a4, a2
core   0: 3 0x80004170 (0x02c74633) x12 0xffffffff
core   0: 0x80004174 (0x00008bb2) c.mv    s7, a2
core   0: 3 0x80004174 (0x8bb2) x23 0xffffffff
core   0: 0x80004176 (0x40715b93) srai    s7, sp, 7
core   0: 3 0x80004176 (0x40715b93) x23 0xffffffff
core   0: 0x8000417a (0x0e5f2103) lw      sp, 229(t5)
core   0: 3 0x8000417a (0x0e5f2103) x 2 0x00000000 mem 0x80014f68
core   0: 0x8000417e (0x0b9f5703) lhu     a4, 185(t5)
core   0: 3 0x8000417e (0x0b9f5703) x14 0x00000000 mem 0x80014f3c
core   0: 0x80004182 (0xfb1f2603) lw      a2, -79(t5)
core   0: 3 0x80004182 (0xfb1f2603) x12 0x00000000 mem 0x80014e34
core   0: 0x80004186 (0xcf117613) andi    a2, sp, -783
core   0: 3 0x80004186 (0xcf117613) x12 0x00000000
core   0: 0x8000418a (0x01815113) srli    sp, sp, 24
core   0: 3 0x8000418a (0x01815113) x 2 0x00000000
core   0: 0x8000418e (0x0e7f0b03) lb      s6, 231(t5)
core   0: 3 0x8000418e (0x0e7f0b03) x22 0x00000000 mem 0x80014f6a
core   0: 0x80004192 (0x0001ae97) auipc   t4, 0x1a
core   0: 3 0x80004192 (0x0001ae97) x29 0x8001e192
core   0: 0x80004196 (0xf08e8e93) addi    t4, t4, -248
core   0: 3 0x80004196 (0xf08e8e93) x29 0x8001e09a
core   0: 0x8000419a (0x00010b97) auipc   s7, 0x10
core   0: 3 0x8000419a (0x00010b97) x23 0x8001419a
core   0: 0x8000419e (0x734b8b93) addi    s7, s7, 1844
core   0: 3 0x8000419e (0x734b8b93) x23 0x800148ce
core   0: 0x800041a2 (0xff0e8ba3) sb      a6, -9(t4)
core   0: 3 0x800041a2 (0xff0e8ba3) mem 0x8001e091 0x0
core   0: 0x800041a6 (0x205b9523) sh      t0, 522(s7)
core   0: 3 0x800041a6 (0x205b9523) mem 0x80014ad8 0x0000
core   0: 0x800041aa (0xfe9ea523) sw      s1, -22(t4)
core   0: 3 0x800041aa (0xfe9ea523) mem 0x8001e084 0xc02cc000
core   0: 0x800041ae (0x022e9a23) sh      sp, 52(t4)
core   0: 3 0x800041ae (0x022e9a23) mem 0x8001e0ce 0x0000
core   0: 0x800041b2 (0xec4b86a3) sb      tp, -307(s7)
core   0: 3 0x800041b2 (0xec4b86a3) mem 0x8001479b 0xd8
core   0: 0x800041b6 (0x036e8903) lb      s2, 54(t4)
core   0: 3 0x800041b6 (0x036e8903) x18 0x00000000 mem 0x8001e0d0
core   0: 0x800041ba (0x96bb8683) lb      a3, -1685(s7)
core   0: 3 0x800041ba (0x96bb8683) x13 0x00000000 mem 0x80014239
core   0: 0x800041be (0xbf2b87a3) sb      s2, -1041(s7)
core   0: 3 0x800041be (0xbf2b87a3) mem 0x800144bd 0x0
core   0: 0x800041c2 (0x030ec783) lbu     a5, 48(t4)
core   0: 3 0x800041c2 (0x030ec783) x15 0x00000000 mem 0x8001e0ca
core   0: 0x800041c6 (0x3cebc683) lbu     a3, 974(s7)
core   0: 3 0x800041c6 (0x3cebc683) x13 0x00000000 mem 0x80014c9c
core   0: 0x800041ca (0xfe9e9423) sh      s1, -24(t4)
core   0: 3 0x800041ca (0xfe9e9423) mem 0x8001e082 0xc000
core   0: 0x800041ce (0x02fec783) lbu     a5, 47(t4)
core   0: 3 0x800041ce (0x02fec783) x15 0x00000000 mem 0x8001e0c9
core   0: 0x800041d2 (0x89aba083) lw      ra, -1894(s7)
core   0: 3 0x800041d2 (0x89aba083) x 1 0x00000000 mem 0x80014168
core   0: 0x800041d6 (0x004e85a3) sb      tp, 11(t4)
core   0: 3 0x800041d6 (0x004e85a3) mem 0x8001e0a5 0xd8
core   0: 0x800041da (0x4e5b8da3) sb      t0, 1275(s7)
core   0: 3 0x800041da (0x4e5b8da3) mem 0x80014dc9 0x0
core   0: 0x800041de (0x1e0b8fa3) sb      zero, 511(s7)
core   0: 3 0x800041de (0x1e0b8fa3) mem 0x80014acd 0x0
core   0: 0x800041e2 (0x00e0026f) jal     tp, pc + 0xe
core   0: 3 0x800041e2 (0x00e0026f) x 4 0x800041e6
core   0: 0x800041f0 (0x00002009) c.jal   pc + 2
core   0: 3 0x800041f0 (0x2009) x 1 0x800041f2
core   0: 0x800041f2 (0xffbff36f) jal     t1, pc - 0x6
core   0: 3 0x800041f2 (0xffbff36f) x 6 0x800041f6
core   0: 0x800041ec (0xffbff0ef) jal     pc - 0x6
core   0: 3 0x800041ec (0xffbff0ef) x 1 0x800041f0
core   0: 0x800041e6 (0x01a000ef) jal     pc + 0x1a
core   0: 3 0x800041e6 (0x01a000ef) x 1 0x800041ea
core   0: 0x80004200 (0xffbffcef) jal     s9, pc - 0x6
core   0: 3 0x80004200 (0xffbffcef) x25 0x80004204
core   0: 0x800041fa (0x00002011) c.jal   pc + 4
core   0: 3 0x800041fa (0x2011) x 1 0x800041fc
core   0: 0x800041fe (0x000037f5) c.jal   pc - 20
core   0: 3 0x800041fe (0x37f5) x 1 0x80004200
core   0: 0x800041ea (0x0000a809) c.j     pc + 18
core   0: 3 0x800041ea (0xa809)
core   0: 0x800041fc (0x00003fed) c.jal   pc - 6
core   0: 3 0x800041fc (0x3fed) x 1 0x800041fe
core   0: 0x800041f6 (0x00e000ef) jal     pc + 0xe
core   0: 3 0x800041f6 (0x00e000ef) x 1 0x800041fa
core   0: 0x80004204 (0x0000969e) c.add   a3, t2
core   0: 3 0x80004204 (0x969e) x13 0x80025e48
core   0: 0x80004206 (0x00016d97) auipc   s11, 0x16
core   0: 3 0x80004206 (0x00016d97) x27 0x8001a206
core   0: 0x8000420a (0xa93d8d93) addi    s11, s11, -1389
core   0: 3 0x8000420a (0xa93d8d93) x27 0x80019c99
core   0: 0x8000420e (0xffcd8483) lb      s1, -4(s11)
core   0: 3 0x8000420e (0xffcd8483) x 9 0x00000000 mem 0x80019c95
core   0: 0x80004212 (0x000dc983) lbu     s3, 0(s11)
core   0: 3 0x80004212 (0x000dc983) x19 0x00000000 mem 0x80019c99
core   0: 0x80004216 (0x000d8b03) lb      s6, 0(s11)
core   0: 3 0x80004216 (0x000d8b03) x22 0x00000000 mem 0x80019c99
core   0: 0x8000421a (0x00008095) c.srli  s1, 5
core   0: 3 0x8000421a (0x8095) x 9 0x00000000
core   0: 0x8000421c (0xff3dab03) lw      s6, -13(s11)
core   0: 3 0x8000421c (0xff3dab03) x22 0x00000000 mem 0x80019c8c
core   0: 0x80004220 (0x003da983) lw      s3, 3(s11)
core   0: 3 0x80004220 (0x003da983) x19 0x00000000 mem 0x80019c9c
core   0: 0x80004224 (0x01299e97) auipc   t4, 0x1299
core   0: 3 0x80004224 (0x01299e97) x29 0x8129d224
core   0: 0x80004228 (0x00000eee) c.slli  t4, 27
core   0: 3 0x80004228 (0x0eee) x29 0x20000000
core   0: 0x8000422a (0x005dd483) lhu     s1, 5(s11)
core   0: 3 0x8000422a (0x005dd483) x 9 0x00000000 mem 0x80019c9e
core   0: 0x8000422e (0x006dc403) lbu     s0, 6(s11)
core   0: 3 0x8000422e (0x006dc403) x 8 0x00000000 mem 0x80019c9f
core   0: 0x80004232 (0x005dc103) lbu     sp, 5(s11)
core   0: 3 0x80004232 (0x005dc103) x 2 0x00000000 mem 0x80019c9e
core   0: 0x80004236 (0xff8d8103) lb      sp, -8(s11)
core   0: 3 0x80004236 (0xff8d8103) x 2 0x00000000 mem 0x80019c91
core   0: 0x8000423a (0x7cb13e93) sltiu   t4, sp, 1995
core   0: 3 0x8000423a (0x7cb13e93) x29 0x00000001
core   0: 0x8000423e (0x0ff0000f) fence   iorw,iorw
core   0: 3 0x8000423e (0x0ff0000f)
core   0: 0x80004242 (0x000089f6) c.mv    s3, t4
core   0: 3 0x80004242 (0x89f6) x19 0x00000001
core   0: 0x80004244 (0x000d8b03) lb      s6, 0(s11)
core   0: 3 0x80004244 (0x000d8b03) x22 0x00000000 mem 0x80019c99
core   0: 0x80004248 (0x00008c45) c.or    s0, s1
core   0: 3 0x80004248 (0x8c45) x 8 0x00000000
core   0: 0x8000424a (0x002139b3) sltu    s3, sp, sp
core   0: 3 0x8000424a (0x002139b3) x19 0x00000000
core   0: 0x8000424e (0x00dd8983) lb      s3, 13(s11)
core   0: 3 0x8000424e (0x00dd8983) x19 0x00000000 mem 0x80019ca6
core   0: 0x80004252 (0x033b09b3) mul     s3, s6, s3
core   0: 3 0x80004252 (0x033b09b3) x19 0x00000000
core   0: 0x80004256 (0x00000985) c.addi  s3, 1
core   0: 3 0x80004256 (0x0985) x19 0x00000001
core   0: 0x80004258 (0xff5d8103) lb      sp, -11(s11)
core   0: 3 0x80004258 (0xff5d8103) x 2 0x00000000 mem 0x80019c8e
core   0: 0x8000425c (0xff0dc483) lbu     s1, -16(s11)
core   0: 3 0x8000425c (0xff0dc483) x 9 0x00000000 mem 0x80019c89
core   0: 0x80004260 (0xff6d8983) lb      s3, -10(s11)
core   0: 3 0x80004260 (0xff6d8983) x19 0x00000000 mem 0x80019c8f
core   0: 0x80004264 (0x008d8623) sb      s0, 12(s11)
core   0: 3 0x80004264 (0x008d8623) mem 0x80019ca5 0x0
core   0: 0x80004268 (0xfe9d9aa3) sh      s1, -11(s11)
core   0: 3 0x80004268 (0xfe9d9aa3) mem 0x80019c8e 0x0000
core   0: 0x8000426c (0xffdd8b23) sb      t4, -10(s11)
core   0: 3 0x8000426c (0xffdd8b23) mem 0x80019c8f 0x1
core   0: 0x80004270 (0x00811433) sll     s0, sp, s0
core   0: 3 0x80004270 (0x00811433) x 8 0x00000000
core   0: 0x80004274 (0xff1d9983) lh      s3, -15(s11)
core   0: 3 0x80004274 (0xff1d9983) x19 0x00000000 mem 0x80019c8a
core   0: 0x80004278 (0x00004ef5) c.li    t4, 29
core   0: 3 0x80004278 (0x4ef5) x29 0x0000001d
core   0: 0x8000427a (0xe0b9fb13) andi    s6, s3, -501
core   0: 3 0x8000427a (0xe0b9fb13) x22 0x00000000
core   0: 0x8000427e (0xff6d8e83) lb      t4, -10(s11)
core   0: 3 0x8000427e (0xff6d8e83) x29 0x00000001 mem 0x80019c8f
core   0: 0x80004282 (0x00edce83) lbu     t4, 14(s11)
core   0: 3 0x80004282 (0x00edce83) x29 0x00000000 mem 0x80019ca7
core   0: 0x80004286 (0xff6d8b23) sb      s6, -10(s11)
core   0: 3 0x80004286 (0xff6d8b23) mem 0x80019c8f 0x0
core   0: 0x8000428a (0xfe9d8e23) sb      s1, -4(s11)
core   0: 3 0x8000428a (0xfe9d8e23) mem 0x80019c95 0x0
core   0: 0x8000428e (0x009d97a3) sh      s1, 15(s11)
core   0: 3 0x8000428e (0x009d97a3) mem 0x80019ca8 0x0000
core   0: 0x80004292 (0xfe8d8ca3) sb      s0, -7(s11)
core   0: 3 0x80004292 (0xfe8d8ca3) mem 0x80019c92 0x0
core   0: 0x80004296 (0xfff00713) li      a4, -1
core   0: 3 0x80004296 (0xfff00713) x14 0xffffffff
core   0: 0x8000429a (0x0249ee33) rem     t3, s3, tp
core   0: 3 0x8000429a (0x0249ee33) x28 0x00000000
core   0: 0x8000429e (0x00000001) c.nop
core   0: 3 0x8000429e (0x0001)
core   0: 0x800042a0 (0x01da29b3) slt     s3, s4, t4
core   0: 3 0x800042a0 (0x01da29b3) x19 0x00000000
core   0: 0x800042a4 (0x00000705) c.addi  a4, 1
core   0: 3 0x800042a4 (0x0705) x14 0x00000000
core   0: 0x800042a6 (0x0000ff6d) c.bnez  a4, pc - 6
core   0: 3 0x800042a6 (0xff6d)
core   0: 0x800042a8 (0x18a42613) slti    a2, s0, 394
core   0: 3 0x800042a8 (0x18a42613) x12 0x00000001
core   0: 0x800042ac (0x0000d117) auipc   sp, 0xd
core   0: 3 0x800042ac (0x0000d117) x 2 0x800112ac
core   0: 0x800042b0 (0x12710113) addi    sp, sp, 295
core   0: 3 0x800042b0 (0x12710113) x 2 0x800113d3
core   0: 0x800042b4 (0xd6c14283) lbu     t0, -660(sp)
core   0: 3 0x800042b4 (0xd6c14283) x 5 0x00000000 mem 0x8001113f
core   0: 0x800042b8 (0x8b6d2d17) auipc   s10, 0x8b6d2
core   0: 3 0x800042b8 (0x8b6d2d17) x26 0x0b6d62b8
core   0: 0x800042bc (0xe6a14f03) lbu     t5, -406(sp)
core   0: 3 0x800042bc (0xe6a14f03) x30 0x00000000 mem 0x8001123d
core   0: 0x800042c0 (0x29710483) lb      s1, 663(sp)
core   0: 3 0x800042c0 (0x29710483) x 9 0x00000000 mem 0x8001166a
core   0: 0x800042c4 (0x038c16b3) mulh    a3, s8, s8
core   0: 3 0x800042c4 (0x038c16b3) x13 0x00000000
core   0: 0x800042c8 (0x42b14903) lbu     s2, 1067(sp)
core   0: 3 0x800042c8 (0x42b14903) x18 0x00000000 mem 0x800117fe
core   0: 0x800042cc (0x15114783) lbu     a5, 337(sp)
core   0: 3 0x800042cc (0x15114783) x15 0x00000000 mem 0x80011524
core   0: 0x800042d0 (0x00eb1813) slli    a6, s6, 14
core   0: 3 0x800042d0 (0x00eb1813) x16 0x00000000
core   0: 0x800042d4 (0x00008ab9) c.andi  a3, 14
core   0: 3 0x800042d4 (0x8ab9) x13 0x00000000
core   0: 0x800042d6 (0x5d212ca3) sw      s2, 1497(sp)
core   0: 3 0x800042d6 (0x5d212ca3) mem 0x800119ac 0x00000000
core   0: 0x800042da (0xdaf1a793) slti    a5, gp, -593
core   0: 3 0x800042da (0xdaf1a793) x15 0x00000001
core   0: 0x800042de (0x2b014c83) lbu     s9, 688(sp)
core   0: 3 0x800042de (0x2b014c83) x25 0x00000000 mem 0x80011683
core   0: 0x800042e2 (0x02814fb3) div     t6, sp, s0
core   0: 3 0x800042e2 (0x02814fb3) x31 0xffffffff
core   0: 0x800042e6 (0x69214a03) lbu     s4, 1682(sp)
core   0: 3 0x800042e6 (0x69214a03) x20 0x00000000 mem 0x80011a65
core   0: 0x800042ea (0x07e10803) lb      a6, 126(sp)
core   0: 3 0x800042ea (0x07e10803) x16 0x00000000 mem 0x80011451
core   0: 0x800042ee (0xaaef6793) ori     a5, t5, -1362
core   0: 3 0x800042ee (0xaaef6793) x15 0xfffffaae
core   0: 0x800042f2 (0x51f15183) lhu     gp, 1311(sp)
core   0: 3 0x800042f2 (0x51f15183) x 3 0x00000000 mem 0x800118f2
core   0: 0x800042f6 (0x00008972) c.mv    s2, t3
core   0: 3 0x800042f6 (0x8972) x18 0x00000000
core   0: 0x800042f8 (0x4ae10323) sb      a4, 1190(sp)
core   0: 3 0x800042f8 (0x4ae10323) mem 0x80011879 0x0
core   0: 0x800042fc (0x74b10303) lb      t1, 1867(sp)
core   0: 3 0x800042fc (0x74b10303) x 6 0x00000000 mem 0x80011b1e
core   0: 0x80004300 (0x41945293) srai    t0, s0, 25
core   0: 3 0x80004300 (0x41945293) x 5 0x00000000
core   0: 0x80004304 (0x41cad6b3) sra     a3, s5, t3
core   0: 3 0x80004304 (0x41cad6b3) x13 0x80029ce4
core   0: 0x80004308 (0x64b15283) lhu     t0, 1611(sp)
core   0: 3 0x80004308 (0x64b15283) x 5 0x00000000 mem 0x80011a1e
core   0: 0x8000430c (0x64ab0517) auipc   a0, 0x64ab0
core   0: 3 0x8000430c (0x64ab0517) x10 0xe4ab430c
core   0: 0x80004310 (0x4ac10723) sb      a2, 1198(sp)
core   0: 3 0x80004310 (0x4ac10723) mem 0x80011881 0x1
core   0: 0x80004314 (0x1f2100a3) sb      s2, 481(sp)
core   0: 3 0x80004314 (0x1f2100a3) mem 0x800115b4 0x0
core   0: 0x80004318 (0x02a8b9b3) mulhu   s3, a7, a0
core   0: 3 0x80004318 (0x02a8b9b3) x19 0x00000000
core   0: 0x8000431c (0x77314a03) lbu     s4, 1907(sp)
core   0: 3 0x8000431c (0x77314a03) x20 0x00000000 mem 0x80011b46
core   0: 0x80004320 (0x0000100f) fence.i
core   0: 3 0x80004320 (0x0000100f)
core   0: 0x80004324 (0x02918cb3) mul     s9, gp, s1
core   0: 3 0x80004324 (0x02918cb3) x25 0x00000000
core   0: 0x80004328 (0x410501b3) sub     gp, a0, a6
core   0: 3 0x80004328 (0x410501b3) x 3 0xe4ab430c
core   0: 0x8000432c (0x05d10403) lb      s0, 93(sp)
core   0: 3 0x8000432c (0x05d10403) x 8 0x00000000 mem 0x80011430
core   0: 0x80004330 (0xddc11ca3) sh      t3, -551(sp)
core   0: 3 0x80004330 (0xddc11ca3) mem 0x800111ac 0x0000
core   0: 0x80004334 (0x3a210283) lb      t0, 930(sp)
core   0: 3 0x80004334 (0x3a210283) x 5 0x00000000 mem 0x80011775
core   0: 0x80004338 (0x027377b3) remu    a5, t1, t2
core   0: 3 0x80004338 (0x027377b3) x15 0x00000000
core   0: 0x8000433c (0x32d9e193) ori     gp, s3, 813
core   0: 3 0x8000433c (0x32d9e193) x 3 0x0000032d
core   0: 0x80004340 (0xa6b57013) andi    zero, a0, -1429
core   0: 3 0x80004340 (0xa6b57013)
core   0: 0x80004344 (0x5b314803) lbu     a6, 1459(sp)
core   0: 3 0x80004344 (0x5b314803) x16 0x00000000 mem 0x80011986
core   0: 0x80004348 (0x25910ba3) sb      s9, 599(sp)
core   0: 3 0x80004348 (0x25910ba3) mem 0x8001162a 0x0
core   0: 0x8000434c (0x48b10d23) sb      a1, 1178(sp)
core   0: 3 0x8000434c (0x48b10d23) mem 0x8001186d 0x3
core   0: 0x80004350 (0x4ae10aa3) sb      a4, 1205(sp)
core   0: 3 0x80004350 (0x4ae10aa3) mem 0x80011888 0x0
core   0: 0x80004354 (0x001fab33) slt     s6, t6, ra
core   0: 3 0x80004354 (0x001fab33) x22 0x00000000
core   0: 0x80004358 (0x71f14f03) lbu     t5, 1823(sp)
core   0: 3 0x80004358 (0x71f14f03) x30 0x00000000 mem 0x80011af2
core   0: 0x8000435c (0xcbd14003) lbu     zero, -835(sp)
core   0: 3 0x8000435c (0xcbd14003) mem 0x80011090
core   0: 0x80004360 (0x31e76413) ori     s0, a4, 798
core   0: 3 0x80004360 (0x31e76413) x 8 0x0000031e
core   0: 0x80004364 (0xfeb10603) lb      a2, -21(sp)
core   0: 3 0x80004364 (0xfeb10603) x12 0x00000000 mem 0x800113be
core   0: 0x80004368 (0x51312aa3) sw      s3, 1301(sp)
core   0: 3 0x80004368 (0x51312aa3) mem 0x800118e8 0x00000000
core   0: 0x8000436c (0x0000c617) auipc   a2, 0xc
core   0: 3 0x8000436c (0x0000c617) x12 0x8001036c
core   0: 0x80004370 (0x36960613) addi    a2, a2, 873
core   0: 3 0x80004370 (0x36960613) x12 0x800106d5
core   0: 0x80004374 (0x00015497) auipc   s1, 0x15
core   0: 3 0x80004374 (0x00015497) x 9 0x80019374
core   0: 0x80004378 (0x78b48493) addi    s1, s1, 1931
core   0: 3 0x80004378 (0x78b48493) x 9 0x80019aff
core   0: 0x8000437c (0x06361f83) lh      t6, 99(a2)
core   0: 3 0x8000437c (0x06361f83) x31 0x00000000 mem 0x80010738
core   0: 0x80004380 (0xf0064903) lbu     s2, -256(a2)
core   0: 3 0x80004380 (0xf0064903) x18 0x00000000 mem 0x800105d5
core   0: 0x80004384 (0x07c48ba3) sb      t3, 119(s1)
core   0: 3 0x80004384 (0x07c48ba3) mem 0x80019b76 0x0
core   0: 0x80004388 (0x06249fa3) sh      sp, 127(s1)
core   0: 3 0x80004388 (0x06249fa3) mem 0x80019b7e 0x13d3
core   0: 0x8000438c (0xf234dd03) lhu     s10, -221(s1)
core   0: 3 0x8000438c (0xf234dd03) x26 0x00000000 mem 0x80019a22
core   0: 0x80004390 (0x0ff64283) lbu     t0, 255(a2)
core   0: 3 0x80004390 (0x0ff64283) x 5 0x00000000 mem 0x800107d4
core   0: 0x80004394 (0xfb44cd03) lbu     s10, -76(s1)
core   0: 3 0x80004394 (0xfb44cd03) x26 0x00000000 mem 0x80019ab3
core   0: 0x80004398 (0xf18601a3) sb      s8, -253(a2)
core   0: 3 0x80004398 (0xf18601a3) mem 0x800105d8 0x0
core   0: 0x8000439c (0x0f749703) lh      a4, 247(s1)
core   0: 3 0x8000439c (0x0f749703) x14 0x00000000 mem 0x80019bf6
core   0: 0x800043a0 (0x06f64d83) lbu     s11, 111(a2)
core   0: 3 0x800043a0 (0x06f64d83) x27 0x00000000 mem 0x80010744
core   0: 0x800043a4 (0x0fc64403) lbu     s0, 252(a2)
core   0: 3 0x800043a4 (0x0fc64403) x 8 0x00000000 mem 0x800107d1
core   0: 0x800043a8 (0x0d54c403) lbu     s0, 213(s1)
core   0: 3 0x800043a8 (0x0d54c403) x 8 0x00000000 mem 0x80019bd4
core   0: 0x800043ac (0xf9f60c23) sb      t6, -104(a2)
core   0: 3 0x800043ac (0xf9f60c23) mem 0x8001066d 0x0
core   0: 0x800043b0 (0x0d948023) sb      s9, 192(s1)
core   0: 3 0x800043b0 (0x0d948023) mem 0x80019bbf 0x0
core   0: 0x800043b4 (0x0604c183) lbu     gp, 96(s1)
core   0: 3 0x800043b4 (0x0604c183) x 3 0x00000000 mem 0x80019b5f
core   0: 0x800043b8 (0x0ad60683) lb      a3, 173(a2)
core   0: 3 0x800043b8 (0x0ad60683) x13 0x00000000 mem 0x80010782
core   0: 0x800043bc (0xf324aca3) sw      s2, -199(s1)
core   0: 3 0x800043bc (0xf324aca3) mem 0x80019a38 0x00000000
core   0: 0x800043c0 (0x0220026f) jal     tp, pc + 0x22
core   0: 3 0x800043c0 (0x0220026f) x 4 0x800043c4
core   0: 0x800043e2 (0x000037ed) c.jal   pc - 22
core   0: 3 0x800043e2 (0x37ed) x 1 0x800043e4
core   0: 0x800043cc (0x01800e6f) jal     t3, pc + 0x18
core   0: 3 0x800043cc (0x01800e6f) x28 0x800043d0
core   0: 0x800043e4 (0x00002005) c.jal   pc + 32
core   0: 3 0x800043e4 (0x2005) x 1 0x800043e6
core   0: 0x80004404 (0x0000b7f5) c.j     pc - 20
core   0: 3 0x80004404 (0xb7f5)
core   0: 0x800043f0 (0x004000ef) jal     pc + 0x4
core   0: 3 0x800043f0 (0x004000ef) x 1 0x800043f4
core   0: 0x800043f4 (0x008000ef) jal     pc + 0x8
core   0: 3 0x800043f4 (0x008000ef) x 1 0x800043f8
core   0: 0x800043fc (0x00003fe1) c.jal   pc - 40
core   0: 3 0x800043fc (0x3fe1) x 1 0x800043fe
core   0: 0x800043d4 (0x0000bff5) c.j     pc - 4
core   0: 3 0x800043d4 (0xbff5)
core   0: 0x800043d0 (0x00e000ef) jal     pc + 0xe
core   0: 3 0x800043d0 (0x00e000ef) x 1 0x800043d4
core   0: 0x800043de (0x00e000ef) jal     pc + 0xe
core   0: 3 0x800043de (0x00e000ef) x 1 0x800043e2
core   0: 0x800043ec (0x0000bfc5) c.j     pc - 16
core   0: 3 0x800043ec (0xbfc5)
core   0: 0x800043dc (0x0000b7f5) c.j     pc - 20
core   0: 3 0x800043dc (0xb7f5)
core   0: 0x800043c8 (0xfffff0ef) jal     pc - 0x2
core   0: 3 0x800043c8 (0xfffff0ef) x 1 0x800043cc
core   0: 0x800043c6 (0x0000a00d) c.j     pc + 34
core   0: 3 0x800043c6 (0xa00d)
core   0: 0x800043e8 (0x00002821) c.jal   pc + 24
core   0: 3 0x800043e8 (0x2821) x 1 0x800043ea
core   0: 0x80004400 (0x0000a019) c.j     pc + 6
core   0: 3 0x80004400 (0xa019)
core   0: 0x80004406 (0x00003f7d) c.jal   pc - 66
core   0: 3 0x80004406 (0x3f7d) x 1 0x80004408
core   0: 0x800043c4 (0x0000282d) c.jal   pc + 58
core   0: 3 0x800043c4 (0x282d) x 1 0x800043c6
core   0: 0x800043fe (0x00002029) c.jal   pc + 10
core   0: 3 0x800043fe (0x2029) x 1 0x80004400
core   0: 0x80004408 (0x00002009) c.jal   pc + 2
core   0: 3 0x80004408 (0x2009) x 1 0x8000440a
core   0: 0x8000440a (0x0000b7f9) c.j     pc - 50
core   0: 3 0x8000440a (0xb7f9)
core   0: 0x800043d8 (0x00002809) c.jal   pc + 18
core   0: 3 0x800043d8 (0x2809) x 1 0x800043da
core   0: 0x800043ea (0x0000a821) c.j     pc + 24
core   0: 3 0x800043ea (0xa821)
core   0: 0x80004402 (0x0000b7d5) c.j     pc - 28
core   0: 3 0x80004402 (0xb7d5)
core   0: 0x800043e6 (0x00002021) c.jal   pc + 8
core   0: 3 0x800043e6 (0x2021) x 1 0x800043e8
core   0: 0x800043ee (0x0000a029) c.j     pc + 10
core   0: 3 0x800043ee (0xa029)
core   0: 0x800043f8 (0xfdfff6ef) jal     a3, pc - 0x22
core   0: 3 0x800043f8 (0xfdfff6ef) x13 0x800043fc
core   0: 0x800043d6 (0x00002011) c.jal   pc + 4
core   0: 3 0x800043d6 (0x2011) x 1 0x800043d8
core   0: 0x800043da (0x0000a80d) c.j     pc + 50
core   0: 3 0x800043da (0xa80d)
core   0: 0x8000440c (0x00002009) c.jal   pc + 2
core   0: 3 0x8000440c (0x2009) x 1 0x8000440e
core   0: 0x8000440e (0x01571733) sll     a4, a4, s5
core   0: 3 0x8000440e (0x01571733) x14 0x00000000
core   0: 0x80004412 (0x0000cd97) auipc   s11, 0xc
core   0: 3 0x80004412 (0x0000cd97) x27 0x80010412
core   0: 0x80004416 (0xedcd8d93) addi    s11, s11, -292
core   0: 3 0x80004416 (0xedcd8d93) x27 0x800102ee
core   0: 0x8000441a (0x095dc003) lbu     zero, 149(s11)
core   0: 3 0x8000441a (0x095dc003) mem 0x80010383
core   0: 0x8000441e (0x0000ec97) auipc   s9, 0xe
core   0: 3 0x8000441e (0x0000ec97) x25 0x8001241e
core   0: 0x80004422 (0xa6ec8c93) addi    s9, s9, -1426
core   0: 3 0x80004422 (0xa6ec8c93) x25 0x80011e8c
core   0: 0x80004426 (0xff7cc903) lbu     s2, -9(s9)
core   0: 3 0x80004426 (0xff7cc903) x18 0x00000000 mem 0x80011e83
core   0: 0x8000442a (0xff2daf83) lw      t6, -14(s11)
core   0: 3 0x8000442a (0xff2daf83) x31 0x00000000 mem 0x800102e0
core   0: 0x8000442e (0x0add8b23) sb      a3, 182(s11)
core   0: 3 0x8000442e (0x0add8b23) mem 0x800103a4 0xfc
core   0: 0x80004432 (0xffdc8403) lb      s0, -3(s9)
core   0: 3 0x80004432 (0xffdc8403) x 8 0x00000000 mem 0x80011e89
core   0: 0x80004436 (0xff6dcc03) lbu     s8, -10(s11)
core   0: 3 0x80004436 (0xff6dcc03) x24 0x00000000 mem 0x800102e4
core   0: 0x8000443a (0x005c8503) lb      a0, 5(s9)
core   0: 3 0x8000443a (0x005c8503) x10 0x00000000 mem 0x80011e91
core   0: 0x8000443e (0x00ac9203) lh      tp, 10(s9)
core   0: 3 0x8000443e (0x00ac9203) x 4 0x00000000 mem 0x80011e96
core   0: 0x80004442 (0x09bd8903) lb      s2, 155(s11)
core   0: 3 0x80004442 (0x09bd8903) x18 0x00000000 mem 0x80010389
core   0: 0x80004446 (0xff9c8703) lb      a4, -7(s9)
core   0: 3 0x80004446 (0xff9c8703) x14 0x00000000 mem 0x80011e85
core   0: 0x8000444a (0xf1dd8303) lb      t1, -227(s11)
core   0: 3 0x8000444a (0xf1dd8303) x 6 0x00000000 mem 0x8001020b
core   0: 0x8000444e (0x00bc8483) lb      s1, 11(s9)
core   0: 3 0x8000444e (0x00bc8483) x 9 0x00000000 mem 0x80011e97
core   0: 0x80004452 (0xf73dcd03) lbu     s10, -141(s11)
core   0: 3 0x80004452 (0xf73dcd03) x26 0x00000000 mem 0x80010261
core   0: 0x80004456 (0xff4c8823) sb      s4, -16(s9)
core   0: 3 0x80004456 (0xff4c8823) mem 0x80011e7c 0x0
core   0: 0x8000445a (0x080dcd03) lbu     s10, 128(s11)
core   0: 3 0x8000445a (0x080dcd03) x26 0x00000000 mem 0x8001036e
core   0: 0x8000445e (0x00500613) li      a2, 5
core   0: 3 0x8000445e (0x00500613) x12 0x00000005
core   0: 0x80004462 (0x019edc93) srli    s9, t4, 25
core   0: 3 0x80004462 (0x019edc93) x25 0x00000000
core   0: 0x80004466 (0x02a4bd33) mulhu   s10, s1, a0
core   0: 3 0x80004466 (0x02a4bd33) x26 0x00000000
core   0: 0x8000446a (0xe5e63193) sltiu   gp, a2, -418
core   0: 3 0x8000446a (0xe5e63193) x 3 0x00000001
core   0: 0x8000446e (0xfed00493) li      s1, -19
core   0: 3 0x8000446e (0xfed00493) x 9 0xffffffed
core   0: 0x80004472 (0x00008f2d) c.xor   a4, a1
core   0: 3 0x80004472 (0x8f2d) x14 0x01a73103
core   0: 0x80004474 (0x536847b7) lui     a5, 0x53684
core   0: 3 0x80004474 (0x536847b7) x15 0x53684000
core   0: 0x80004478 (0x00008c59) c.or    s0, a4
core   0: 3 0x80004478 (0x8c59) x 8 0x01a73103
core   0: 0x8000447a (0x00004e2d) c.li    t3, 11
core   0: 3 0x8000447a (0x4e2d) x28 0x0000000b
core   0: 0x8000447c (0x0000016a) c.slli  sp, 26
core   0: 3 0x8000447c (0x016a) x 2 0x4c000000
core   0: 0x8000447e (0x0000166d) c.addi  a2, -5
core   0: 3 0x8000447e (0x166d) x12 0x00000000
core   0: 0x80004480 (0x004dc533) xor     a0, s11, tp
core   0: 3 0x80004480 (0x004dc533) x10 0x800102ee
core   0: 0x80004484 (0x1e269197) auipc   gp, 0x1e269
core   0: 3 0x80004484 (0x1e269197) x 3 0x9e26d484
core   0: 0x80004488 (0x01139c33) sll     s8, t2, a7
core   0: 3 0x80004488 (0x01139c33) x24 0x80025e48
core   0: 0x8000448c (0xff700093) li      ra, -9
core   0: 3 0x8000448c (0xff700093) x 1 0xfffffff7
core   0: 0x80004490 (0x00f91693) slli    a3, s2, 15
core   0: 3 0x80004490 (0x00f91693) x13 0x00000000
core   0: 0x80004494 (0xff900f93) li      t6, -7
core   0: 3 0x80004494 (0xff900f93) x31 0xfffffff9
core   0: 0x80004498 (0x000041f9) c.li    gp, 30
core   0: 3 0x80004498 (0x41f9) x 3 0x0000001e
core   0: 0x8000449a (0x00000001) c.nop
core   0: 3 0x8000449a (0x0001)
core   0: 0x8000449c (0x00000085) c.addi  ra, 1
core   0: 3 0x8000449c (0x0085) x 1 0xfffffff8
core   0: 0x8000449e (0xfff0cde3) blt     ra, t6, pc - 6
core   0: 3 0x8000449e (0xfff0cde3)
core   0: 0x80004498 (0x000041f9) c.li    gp, 30
core   0: 3 0x80004498 (0x41f9) x 3 0x0000001e
core   0: 0x8000449a (0x00000001) c.nop
core   0: 3 0x8000449a (0x0001)
core   0: 0x8000449c (0x00000085) c.addi  ra, 1
core   0: 3 0x8000449c (0x0085) x 1 0xfffffff9
core   0: 0x8000449e (0xfff0cde3) blt     ra, t6, pc - 6
core   0: 3 0x8000449e (0xfff0cde3)
core   0: 0x800044a2 (0x0177c9b3) xor     s3, a5, s7
core   0: 3 0x800044a2 (0x0177c9b3) x19 0xd36908ce
core   0: 0x800044a6 (0xb61e7d93) andi    s11, t3, -1183
core   0: 3 0x800044a6 (0xb61e7d93) x27 0x00000001
core   0: 0x800044aa (0xfc9658e3) bge     a2, s1, pc - 48
core   0: 3 0x800044aa (0xfc9658e3)
core   0: 0x8000447a (0x00004e2d) c.li    t3, 11
core   0: 3 0x8000447a (0x4e2d) x28 0x0000000b
core   0: 0x8000447c (0x0000016a) c.slli  sp, 26
core   0: 3 0x8000447c (0x016a) x 2 0x00000000
core   0: 0x8000447e (0x0000166d) c.addi  a2, -5
core   0: 3 0x8000447e (0x166d) x12 0xfffffffb
core   0: 0x80004480 (0x004dc533) xor     a0, s11, tp
core   0: 3 0x80004480 (0x004dc533) x10 0x00000001
core   0: 0x80004484 (0x1e269197) auipc   gp, 0x1e269
core   0: 3 0x80004484 (0x1e269197) x 3 0x9e26d484
core   0: 0x80004488 (0x01139c33) sll     s8, t2, a7
core   0: 3 0x80004488 (0x01139c33) x24 0x80025e48
core   0: 0x8000448c (0xff700093) li      ra, -9
core   0: 3 0x8000448c (0xff700093) x 1 0xfffffff7
core   0: 0x80004490 (0x00f91693) slli    a3, s2, 15
core   0: 3 0x80004490 (0x00f91693) x13 0x00000000
core   0: 0x80004494 (0xff900f93) li      t6, -7
core   0: 3 0x80004494 (0xff900f93) x31 0xfffffff9
core   0: 0x80004498 (0x000041f9) c.li    gp, 30
core   0: 3 0x80004498 (0x41f9) x 3 0x0000001e
core   0: 0x8000449a (0x00000001) c.nop
core   0: 3 0x8000449a (0x0001)
core   0: 0x8000449c (0x00000085) c.addi  ra, 1
core   0: 3 0x8000449c (0x0085) x 1 0xfffffff8
core   0: 0x8000449e (0xfff0cde3) blt     ra, t6, pc - 6
core   0: 3 0x8000449e (0xfff0cde3)
core   0: 0x80004498 (0x000041f9) c.li    gp, 30
core   0: 3 0x80004498 (0x41f9) x 3 0x0000001e
core   0: 0x8000449a (0x00000001) c.nop
core   0: 3 0x8000449a (0x0001)
core   0: 0x8000449c (0x00000085) c.addi  ra, 1
core   0: 3 0x8000449c (0x0085) x 1 0xfffffff9
core   0: 0x8000449e (0xfff0cde3) blt     ra, t6, pc - 6
core   0: 3 0x8000449e (0xfff0cde3)
core   0: 0x800044a2 (0x0177c9b3) xor     s3, a5, s7
core   0: 3 0x800044a2 (0x0177c9b3) x19 0xd36908ce
core   0: 0x800044a6 (0xb61e7d93) andi    s11, t3, -1183
core   0: 3 0x800044a6 (0xb61e7d93) x27 0x00000001
core   0: 0x800044aa (0xfc9658e3) bge     a2, s1, pc - 48
core   0: 3 0x800044aa (0xfc9658e3)
core   0: 0x8000447a (0x00004e2d) c.li    t3, 11
core   0: 3 0x8000447a (0x4e2d) x28 0x0000000b
core   0: 0x8000447c (0x0000016a) c.slli  sp, 26
core   0: 3 0x8000447c (0x016a) x 2 0x00000000
core   0: 0x8000447e (0x0000166d) c.addi  a2, -5
core   0: 3 0x8000447e (0x166d) x12 0xfffffff6
core   0: 0x80004480 (0x004dc533) xor     a0, s11, tp
core   0: 3 0x80004480 (0x004dc533) x10 0x00000001
core   0: 0x80004484 (0x1e269197) auipc   gp, 0x1e269
core   0: 3 0x80004484 (0x1e269197) x 3 0x9e26d484
core   0: 0x80004488 (0x01139c33) sll     s8, t2, a7
core   0: 3 0x80004488 (0x01139c33) x24 0x80025e48
core   0: 0x8000448c (0xff700093) li      ra, -9
core   0: 3 0x8000448c (0xff700093) x 1 0xfffffff7
core   0: 0x80004490 (0x00f91693) slli    a3, s2, 15
core   0: 3 0x80004490 (0x00f91693) x13 0x00000000
core   0: 0x80004494 (0xff900f93) li      t6, -7
core   0: 3 0x80004494 (0xff900f93) x31 0xfffffff9
core   0: 0x80004498 (0x000041f9) c.li    gp, 30
core   0: 3 0x80004498 (0x41f9) x 3 0x0000001e
core   0: 0x8000449a (0x00000001) c.nop
core   0: 3 0x8000449a (0x0001)
core   0: 0x8000449c (0x00000085) c.addi  ra, 1
core   0: 3 0x8000449c (0x0085) x 1 0xfffffff8
core   0: 0x8000449e (0xfff0cde3) blt     ra, t6, pc - 6
core   0: 3 0x8000449e (0xfff0cde3)
core   0: 0x80004498 (0x000041f9) c.li    gp, 30
core   0: 3 0x80004498 (0x41f9) x 3 0x0000001e
core   0: 0x8000449a (0x00000001) c.nop
core   0: 3 0x8000449a (0x0001)
core   0: 0x8000449c (0x00000085) c.addi  ra, 1
core   0: 3 0x8000449c (0x0085) x 1 0xfffffff9
core   0: 0x8000449e (0xfff0cde3) blt     ra, t6, pc - 6
core   0: 3 0x8000449e (0xfff0cde3)
core   0: 0x800044a2 (0x0177c9b3) xor     s3, a5, s7
core   0: 3 0x800044a2 (0x0177c9b3) x19 0xd36908ce
core   0: 0x800044a6 (0xb61e7d93) andi    s11, t3, -1183
core   0: 3 0x800044a6 (0xb61e7d93) x27 0x00000001
core   0: 0x800044aa (0xfc9658e3) bge     a2, s1, pc - 48
core   0: 3 0x800044aa (0xfc9658e3)
core   0: 0x8000447a (0x00004e2d) c.li    t3, 11
core   0: 3 0x8000447a (0x4e2d) x28 0x0000000b
core   0: 0x8000447c (0x0000016a) c.slli  sp, 26
core   0: 3 0x8000447c (0x016a) x 2 0x00000000
core   0: 0x8000447e (0x0000166d) c.addi  a2, -5
core   0: 3 0x8000447e (0x166d) x12 0xfffffff1
core   0: 0x80004480 (0x004dc533) xor     a0, s11, tp
core   0: 3 0x80004480 (0x004dc533) x10 0x00000001
core   0: 0x80004484 (0x1e269197) auipc   gp, 0x1e269
core   0: 3 0x80004484 (0x1e269197) x 3 0x9e26d484
core   0: 0x80004488 (0x01139c33) sll     s8, t2, a7
core   0: 3 0x80004488 (0x01139c33) x24 0x80025e48
core   0: 0x8000448c (0xff700093) li      ra, -9
core   0: 3 0x8000448c (0xff700093) x 1 0xfffffff7
core   0: 0x80004490 (0x00f91693) slli    a3, s2, 15
core   0: 3 0x80004490 (0x00f91693) x13 0x00000000
core   0: 0x80004494 (0xff900f93) li      t6, -7
core   0: 3 0x80004494 (0xff900f93) x31 0xfffffff9
core   0: 0x80004498 (0x000041f9) c.li    gp, 30
core   0: 3 0x80004498 (0x41f9) x 3 0x0000001e
core   0: 0x8000449a (0x00000001) c.nop
core   0: 3 0x8000449a (0x0001)
core   0: 0x8000449c (0x00000085) c.addi  ra, 1
core   0: 3 0x8000449c (0x0085) x 1 0xfffffff8
core   0: 0x8000449e (0xfff0cde3) blt     ra, t6, pc - 6
core   0: 3 0x8000449e (0xfff0cde3)
core   0: 0x80004498 (0x000041f9) c.li    gp, 30
core   0: 3 0x80004498 (0x41f9) x 3 0x0000001e
core   0: 0x8000449a (0x00000001) c.nop
core   0: 3 0x8000449a (0x0001)
core   0: 0x8000449c (0x00000085) c.addi  ra, 1
core   0: 3 0x8000449c (0x0085) x 1 0xfffffff9
core   0: 0x8000449e (0xfff0cde3) blt     ra, t6, pc - 6
core   0: 3 0x8000449e (0xfff0cde3)
core   0: 0x800044a2 (0x0177c9b3) xor     s3, a5, s7
core   0: 3 0x800044a2 (0x0177c9b3) x19 0xd36908ce
core   0: 0x800044a6 (0xb61e7d93) andi    s11, t3, -1183
core   0: 3 0x800044a6 (0xb61e7d93) x27 0x00000001
core   0: 0x800044aa (0xfc9658e3) bge     a2, s1, pc - 48
core   0: 3 0x800044aa (0xfc9658e3)
core   0: 0x8000447a (0x00004e2d) c.li    t3, 11
core   0: 3 0x8000447a (0x4e2d) x28 0x0000000b
core   0: 0x8000447c (0x0000016a) c.slli  sp, 26
core   0: 3 0x8000447c (0x016a) x 2 0x00000000
core   0: 0x8000447e (0x0000166d) c.addi  a2, -5
core   0: 3 0x8000447e (0x166d) x12 0xffffffec
core   0: 0x80004480 (0x004dc533) xor     a0, s11, tp
core   0: 3 0x80004480 (0x004dc533) x10 0x00000001
core   0: 0x80004484 (0x1e269197) auipc   gp, 0x1e269
core   0: 3 0x80004484 (0x1e269197) x 3 0x9e26d484
core   0: 0x80004488 (0x01139c33) sll     s8, t2, a7
core   0: 3 0x80004488 (0x01139c33) x24 0x80025e48
core   0: 0x8000448c (0xff700093) li      ra, -9
core   0: 3 0x8000448c (0xff700093) x 1 0xfffffff7
core   0: 0x80004490 (0x00f91693) slli    a3, s2, 15
core   0: 3 0x80004490 (0x00f91693) x13 0x00000000
core   0: 0x80004494 (0xff900f93) li      t6, -7
core   0: 3 0x80004494 (0xff900f93) x31 0xfffffff9
core   0: 0x80004498 (0x000041f9) c.li    gp, 30
core   0: 3 0x80004498 (0x41f9) x 3 0x0000001e
core   0: 0x8000449a (0x00000001) c.nop
core   0: 3 0x8000449a (0x0001)
core   0: 0x8000449c (0x00000085) c.addi  ra, 1
core   0: 3 0x8000449c (0x0085) x 1 0xfffffff8
core   0: 0x8000449e (0xfff0cde3) blt     ra, t6, pc - 6
core   0: 3 0x8000449e (0xfff0cde3)
core   0: 0x80004498 (0x000041f9) c.li    gp, 30
core   0: 3 0x80004498 (0x41f9) x 3 0x0000001e
core   0: 0x8000449a (0x00000001) c.nop
core   0: 3 0x8000449a (0x0001)
core   0: 0x8000449c (0x00000085) c.addi  ra, 1
core   0: 3 0x8000449c (0x0085) x 1 0xfffffff9
core   0: 0x8000449e (0xfff0cde3) blt     ra, t6, pc - 6
core   0: 3 0x8000449e (0xfff0cde3)
core   0: 0x800044a2 (0x0177c9b3) xor     s3, a5, s7
core   0: 3 0x800044a2 (0x0177c9b3) x19 0xd36908ce
core   0: 0x800044a6 (0xb61e7d93) andi    s11, t3, -1183
core   0: 3 0x800044a6 (0xb61e7d93) x27 0x00000001
core   0: 0x800044aa (0xfc9658e3) bge     a2, s1, pc - 48
core   0: 3 0x800044aa (0xfc9658e3)
core   0: 0x800044ae (0x00187933) and     s2, a6, ra
core   0: 3 0x800044ae (0x00187933) x18 0x00000000
core   0: 0x800044b2 (0x0000cd97) auipc   s11, 0xc
core   0: 3 0x800044b2 (0x0000cd97) x27 0x800104b2
core   0: 0x800044b6 (0x6d5d8d93) addi    s11, s11, 1749
core   0: 3 0x800044b6 (0x6d5d8d93) x27 0x80010b87
core   0: 0x800044ba (0x0000c197) auipc   gp, 0xc
core   0: 3 0x800044ba (0x0000c197) x 3 0x800104ba
core   0: 0x800044be (0x5cb18193) addi    gp, gp, 1483
core   0: 3 0x800044be (0x5cb18193) x 3 0x80010a85
core   0: 0x800044c2 (0x0000c897) auipc   a7, 0xc
core   0: 3 0x800044c2 (0x0000c897) x17 0x800104c2
core   0: 0x800044c6 (0xecc88893) addi    a7, a7, -308
core   0: 3 0x800044c6 (0xecc88893) x17 0x8001038e
core   0: 0x800044ca (0xfced8923) sb      a4, -46(s11)
core   0: 3 0x800044ca (0xfced8923) mem 0x80010b59 0x3
core   0: 0x800044ce (0xfee8af23) sw      a4, -2(a7)
core   0: 3 0x800044ce (0xfee8af23) mem 0x8001038c 0x01a73103
core   0: 0x800044d2 (0x00718623) sb      t2, 12(gp)
core   0: 3 0x800044d2 (0x00718623) mem 0x80010a91 0x48
core   0: 0x800044d6 (0xff1198a3) sh      a7, -15(gp)
core   0: 3 0x800044d6 (0xff1198a3) mem 0x80010a76 0x038e
core   0: 0x800044da (0x03edc483) lbu     s1, 62(s11)
core   0: 3 0x800044da (0x03edc483) x 9 0x00000000 mem 0x80010bc5
core   0: 0x800044de (0x0000c297) auipc   t0, 0xc
core   0: 3 0x800044de (0x0000c297) x 5 0x800104de
core   0: 0x800044e2 (0x6fc28293) addi    t0, t0, 1788
core   0: 3 0x800044e2 (0x6fc28293) x 5 0x80010bda
core   0: 0x800044e6 (0xfcfd8ca3) sb      a5, -39(s11)
core   0: 3 0x800044e6 (0xfcfd8ca3) mem 0x80010b60 0x0
core   0: 0x800044ea (0x012880a3) sb      s2, 1(a7)
core   0: 3 0x800044ea (0x012880a3) mem 0x8001038f 0x0
core   0: 0x800044ee (0x00dd88a3) sb      a3, 17(s11)
core   0: 3 0x800044ee (0x00dd88a3) mem 0x80010b98 0x0
core   0: 0x800044f2 (0x01dda483) lw      s1, 29(s11)
core   0: 3 0x800044f2 (0x01dda483) x 9 0x00000000 mem 0x80010ba4
core   0: 0x800044f6 (0xffdd8323) sb      t4, -26(s11)
core   0: 3 0x800044f6 (0xffdd8323) mem 0x80010b6d 0x0
core   0: 0x800044fa (0xfc418783) lb      a5, -60(gp)
core   0: 3 0x800044fa (0xfc418783) x15 0x00000000 mem 0x80010a49
core   0: 0x800044fe (0x0088d983) lhu     s3, 8(a7)
core   0: 3 0x800044fe (0x0088d983) x19 0x00000000 mem 0x80010396
core   0: 0x80004502 (0x000d8303) lb      t1, 0(s11)
core   0: 3 0x80004502 (0x000d8303) x 6 0x00000000 mem 0x80010b87
core   0: 0x80004506 (0xfd11d683) lhu     a3, -47(gp)
core   0: 3 0x80004506 (0xfd11d683) x13 0x00000000 mem 0x80010a56
core   0: 0x8000450a (0xfdfd8683) lb      a3, -33(s11)
core   0: 3 0x8000450a (0xfdfd8683) x13 0x00000000 mem 0x80010b66
core   0: 0x8000450e (0xfc91c983) lbu     s3, -55(gp)
core   0: 3 0x8000450e (0xfc91c983) x19 0x00000000 mem 0x80010a4e
core   0: 0x80004512 (0xf63286a3) sb      gp, -147(t0)
core   0: 3 0x80004512 (0xf63286a3) mem 0x80010b47 0x85
core   0: 0x80004516 (0xff51c683) lbu     a3, -11(gp)
core   0: 3 0x80004516 (0xff51c683) x13 0x00000000 mem 0x80010a7a
core   0: 0x8000451a (0xff388e83) lb      t4, -13(a7)
core   0: 3 0x8000451a (0xff388e83) x29 0x00000000 mem 0x80010381
core   0: 0x8000451e (0xf5b285a3) sb      s11, -181(t0)
core   0: 3 0x8000451e (0xf5b285a3) mem 0x80010b25 0x87
core   0: 0x80004522 (0x00b8c783) lbu     a5, 11(a7)
core   0: 3 0x80004522 (0x00b8c783) x15 0x00000000 mem 0x80010399
core   0: 0x80004526 (0xfc41c903) lbu     s2, -60(gp)
core   0: 3 0x80004526 (0xfc41c903) x18 0x00000000 mem 0x80010a49
core   0: 0x8000452a (0xff388f03) lb      t5, -13(a7)
core   0: 3 0x8000452a (0xff388f03) x30 0x00000000 mem 0x80010381
core   0: 0x8000452e (0x03818123) sb      s8, 34(gp)
core   0: 3 0x8000452e (0x03818123) mem 0x80010aa7 0x48
core   0: 0x80004532 (0x3c328683) lb      a3, 963(t0)
core   0: 3 0x80004532 (0x3c328683) x13 0xffffffb0 mem 0x80010f9d
core   0: 0x80004536 (0xff38cc83) lbu     s9, -13(a7)
core   0: 3 0x80004536 (0xff38cc83) x25 0x00000000 mem 0x80010381
core   0: 0x8000453a (0x00adcc83) lbu     s9, 10(s11)
core   0: 3 0x8000453a (0x00adcc83) x25 0x00000000 mem 0x80010b91
core   0: 0x8000453e (0x87429c23) sh      s4, -1928(t0)
core   0: 3 0x8000453e (0x87429c23) mem 0x80010452 0x0000
core   0: 0x80004542 (0x01ed8a23) sb      t5, 20(s11)
core   0: 3 0x80004542 (0x01ed8a23) mem 0x80010b9b 0x0
core   0: 0x80004546 (0x03018e03) lb      t3, 48(gp)
core   0: 3 0x80004546 (0x03018e03) x28 0x00000000 mem 0x80010ab5
core   0: 0x8000454a (0xff788c03) lb      s8, -9(a7)
core   0: 3 0x8000454a (0xff788c03) x24 0x00000000 mem 0x80010385
core   0: 0x8000454e (0x00088083) lb      ra, 0(a7)
core   0: 3 0x8000454e (0x00088083) x 1 0xffffffa7 mem 0x8001038e
core   0: 0x80004552 (0xd8328b83) lb      s7, -637(t0)
core   0: 3 0x80004552 (0xd8328b83) x23 0x00000000 mem 0x8001095d
core   0: 0x80004556 (0x00008d29) c.xor   a0, a0
core   0: 3 0x80004556 (0x8d29) x10 0x00000000
core   0: 0x80004558 (0x021e5fb3) divu    t6, t3, ra
core   0: 3 0x80004558 (0x021e5fb3) x31 0x00000000
core   0: 0x8000455c (0x00000001) c.nop
core   0: 3 0x8000455c (0x0001)
core   0: 0x8000455e (0x03b9fa33) remu    s4, s3, s11
core   0: 3 0x8000455e (0x03b9fa33) x20 0x00000000
core   0: 0x80004562 (0x00006165) c.addi16sp sp, 112
core   0: 3 0x80004562 (0x6165) x 2 0x00000070
core   0: 0x80004564 (0x01f441b3) xor     gp, s0, t6
core   0: 3 0x80004564 (0x01f441b3) x 3 0x01a73103
core   0: 0x80004568 (0x5605cd13) xori    s10, a1, 1376
core   0: 3 0x80004568 (0x5605cd13) x26 0x01a73463
core   0: 0x8000456c (0x00000a0e) c.slli  s4, 3
core   0: 3 0x8000456c (0x0a0e) x20 0x00000000
core   0: 0x8000456e (0x000080d5) c.srli  s1, 21
core   0: 3 0x8000456e (0x80d5) x 9 0x00000000
core   0: 0x80004570 (0x40f25233) sra     tp, tp, a5
core   0: 3 0x80004570 (0x40f25233) x 4 0x00000000
core   0: 0x80004574 (0x00001804) c.addi4spn s1, sp, 48
core   0: 3 0x80004574 (0x1804) x 9 0x000000a0
core   0: 0x80004576 (0x00008489) c.srai  s1, 2
core   0: 3 0x80004576 (0x8489) x 9 0x00000028
core   0: 0x80004578 (0x0ff0000f) fence   iorw,iorw
core   0: 3 0x80004578 (0x0ff0000f)
core   0: 0x8000457c (0x017280b3) add     ra, t0, s7
core   0: 3 0x8000457c (0x017280b3) x 1 0x80010bda
core   0: 0x80004580 (0x7d122d93) slti    s11, tp, 2001
core   0: 3 0x80004580 (0x7d122d93) x27 0x00000001
core   0: 0x80004584 (0xe50b8693) addi    a3, s7, -432
core   0: 3 0x80004584 (0xe50b8693) x13 0xfffffe50
core   0: 0x80004588 (0x00000d46) c.slli  s10, 17
core   0: 3 0x80004588 (0x0d46) x26 0x68c60000
core   0: 0x8000458a (0x0d193913) sltiu   s2, s2, 209
core   0: 3 0x8000458a (0x0d193913) x18 0x00000001
core   0: 0x8000458e (0x01fd7333) and     t1, s10, t6
core   0: 3 0x8000458e (0x01fd7333) x 6 0x00000000
core   0: 0x80004592 (0xcee1b493) sltiu   s1, gp, -786
core   0: 3 0x80004592 (0xcee1b493) x 9 0x00000001
core   0: 0x80004596 (0x00ed9013) slli    zero, s11, 14
core   0: 3 0x80004596 (0x00ed9013)
core   0: 0x8000459a (0x01c0d263) bge     ra, t3, pc + 4
core   0: 3 0x8000459a (0x01c0d263)
core   0: 0x8000459e (0x00008751) c.srai  a4, 20
core   0: 3 0x8000459e (0x8751) x14 0x0000001a
core   0: 0x800045a0 (0x01ddd333) srl     t1, s11, t4
core   0: 3 0x800045a0 (0x01ddd333) x 6 0x00000001
core   0: 0x800045a4 (0x6df66893) ori     a7, a2, 1759
core   0: 3 0x800045a4 (0x6df66893) x17 0xffffffff
core   0: 0x800045a8 (0x0ff0000f) fence   iorw,iorw
core   0: 3 0x800045a8 (0x0ff0000f)
core   0: 0x800045ac (0x0000100f) fence.i
core   0: 3 0x800045ac (0x0000100f)
core   0: 0x800045b0 (0x000080ae) c.mv    ra, a1
core   0: 3 0x800045b0 (0x80ae) x 1 0x01a73103
core   0: 0x800045b2 (0x006bda13) srli    s4, s7, 6
core   0: 3 0x800045b2 (0x006bda13) x20 0x00000000
core   0: 0x800045b6 (0x02589c33) mulh    s8, a7, t0
core   0: 3 0x800045b6 (0x02589c33) x24 0x00000000
core   0: 0x800045ba (0x03a38e63) beq     t2, s10, pc + 60
core   0: 3 0x800045ba (0x03a38e63)
core   0: 0x800045be (0x7405f293) andi    t0, a1, 1856
core   0: 3 0x800045be (0x7405f293) x 5 0x00000100
core   0: 0x800045c2 (0x00004119) c.li    sp, 6
core   0: 3 0x800045c2 (0x4119) x 2 0x00000006
core   0: 0x800045c4 (0x0106d993) srli    s3, a3, 16
core   0: 3 0x800045c4 (0x0106d993) x19 0x0000ffff
core   0: 0x800045c8 (0x68cae137) lui     sp, 0x68cae
core   0: 3 0x800045c8 (0x68cae137) x 2 0x68cae000
core   0: 0x800045cc (0x00318763) beq     gp, gp, pc + 14
core   0: 3 0x800045cc (0x00318763)
core   0: 0x800045da (0x00008d25) c.xor   a0, s1
core   0: 3 0x800045da (0x8d25) x10 0x00000001
core   0: 0x800045dc (0x038e3c33) mulhu   s8, t3, s8
core   0: 3 0x800045dc (0x038e3c33) x24 0x00000000
core   0: 0x800045e0 (0x03892f33) mulhsu  t5, s2, s8
core   0: 3 0x800045e0 (0x03892f33) x30 0x00000000
core   0: 0x800045e4 (0x022f3e33) mulhu   t3, t5, sp
core   0: 3 0x800045e4 (0x022f3e33) x28 0x00000000
core   0: 0x800045e8 (0x00000001) c.nop
core   0: 3 0x800045e8 (0x0001)
core   0: 0x800045ea (0x005de863) bltu    s11, t0, pc + 16
core   0: 3 0x800045ea (0x005de863)
core   0: 0x800045fa (0x01d46a63) bltu    s0, t4, pc + 20
core   0: 3 0x800045fa (0x01d46a63)
core   0: 0x800045fe (0xa7e60d93) addi    s11, a2, -1410
core   0: 3 0x800045fe (0xa7e60d93) x27 0xfffffa6a
core   0: 0x80004602 (0x00626933) or      s2, tp, t1
core   0: 3 0x80004602 (0x00626933) x18 0x00000001
core   0: 0x80004606 (0x0000cc89) c.beqz  s1, pc + 26
core   0: 3 0x80004606 (0xcc89)
core   0: 0x80004608 (0x5afff313) andi    t1, t6, 1455
core   0: 3 0x80004608 (0x5afff313) x 6 0x00000000
core   0: 0x8000460c (0x00008ef1) c.and   a3, a2
core   0: 3 0x8000460c (0x8ef1) x13 0xfffffe40
core   0: 0x8000460e (0x016a80b3) add     ra, s5, s6
core   0: 3 0x8000460e (0x016a80b3) x 1 0x80029ce4
core   0: 0x80004612 (0x00f00d33) add     s10, zero, a5
core   0: 3 0x80004612 (0x00f00d33) x26 0x00000000
core   0: 0x80004616 (0x44800197) auipc   gp, 0x44800
core   0: 3 0x80004616 (0x44800197) x 3 0xc4804616
core   0: 0x8000461a (0x0000cf1d) c.beqz  a4, pc + 62
core   0: 3 0x8000461a (0xcf1d)
core   0: 0x8000461c (0x40638533) sub     a0, t2, t1
core   0: 3 0x8000461c (0x40638533) x10 0x80025e48
core   0: 0x80004620 (0x03ff8633) mul     a2, t6, t6
core   0: 3 0x80004620 (0x03ff8633) x12 0x00000000
core   0: 0x80004624 (0x00008b09) c.andi  a4, 2
core   0: 3 0x80004624 (0x8b09) x14 0x00000002
core   0: 0x80004626 (0x0000eb19) c.bnez  a4, pc + 22
core   0: 3 0x80004626 (0xeb19)
core   0: 0x8000463c (0x1e8b0993) addi    s3, s6, 488
core   0: 3 0x8000463c (0x1e8b0993) x19 0x000001e8
core   0: 0x80004640 (0x02621833) mulh    a6, tp, t1
core   0: 3 0x80004640 (0x02621833) x16 0x00000000
core   0: 0x80004644 (0x00000001) c.nop
core   0: 3 0x80004644 (0x0001)
core   0: 0x80004646 (0x02cd6fb3) rem     t6, s10, a2
core   0: 3 0x80004646 (0x02cd6fb3) x31 0x00000000
core   0: 0x8000464a (0x00009086) c.add   ra, ra
core   0: 3 0x8000464a (0x9086) x 1 0x000539c8
core   0: 0x8000464c (0x00008a9d) c.andi  a3, 7
core   0: 3 0x8000464c (0x8a9d) x13 0x00000000
core   0: 0x8000464e (0x02e4bd33) mulhu   s10, s1, a4
core   0: 3 0x8000464e (0x02e4bd33) x26 0x00000000
core   0: 0x80004652 (0x00008c56) c.mv    s8, s5
core   0: 3 0x80004652 (0x8c56) x24 0x80029ce4
core   0: 0x80004654 (0x03541e33) mulh    t3, s0, s5
core   0: 3 0x80004654 (0x03541e33) x28 0xff2c6bd0
core   0: 0x80004658 (0x00008c52) c.mv    s8, s4
core   0: 3 0x80004658 (0x8c52) x24 0x00000000
core   0: 0x8000465a (0x0000987d) c.andi  s0, -1
core   0: 3 0x8000465a (0x987d) x 8 0x01a73103
core   0: 0x8000465c (0x033baf33) mulhsu  t5, s7, s3
core   0: 3 0x8000465c (0x033baf33) x30 0x00000000
core   0: 0x80004660 (0x938ff237) lui     tp, 0x938ff
core   0: 3 0x80004660 (0x938ff237) x 4 0x938ff000
core   0: 0x80004664 (0x00000001) c.nop
core   0: 3 0x80004664 (0x0001)
core   0: 0x80004666 (0x85c96f37) lui     t5, 0x85c96
core   0: 3 0x80004666 (0x85c96f37) x30 0x85c96000
core   0: 0x8000466a (0x00b95813) srli    a6, s2, 11
core   0: 3 0x8000466a (0x00b95813) x16 0x00000000
core   0: 0x8000466e (0x0000100f) fence.i
core   0: 3 0x8000466e (0x0000100f)
core   0: 0x80004672 (0x0ff0000f) fence   iorw,iorw
core   0: 3 0x80004672 (0x0ff0000f)
core   0: 0x80004676 (0x003402b3) add     t0, s0, gp
core   0: 3 0x80004676 (0x003402b3) x 5 0xc6277719
core   0: 0x8000467a (0x00008fa5) c.xor   a5, s1
core   0: 3 0x8000467a (0x8fa5) x15 0x00000001
core   0: 0x8000467c (0x0081a833) slt     a6, gp, s0
core   0: 3 0x8000467c (0x0081a833) x16 0x00000001
core   0: 0x80004680 (0x021cdf33) divu    t5, s9, ra
core   0: 3 0x80004680 (0x021cdf33) x30 0x00000000
core   0: 0x80004684 (0x00000001) c.nop
core   0: 3 0x80004684 (0x0001)
core   0: 0x80004686 (0x00006115) c.addi16sp sp, 288
core   0: 3 0x80004686 (0x6115) x 2 0x68cae120
core   0: 0x80004688 (0x0296bd33) mulhu   s10, a3, s1
core   0: 3 0x80004688 (0x0296bd33) x26 0x00000000
core   0: 0x8000468c (0x907e0b93) addi    s7, t3, -1785
core   0: 3 0x8000468c (0x907e0b93) x23 0xff2c64d7
core   0: 0x80004690 (0x00008e71) c.and   a2, a2
core   0: 3 0x80004690 (0x8e71) x12 0x00000000
core   0: 0x80004692 (0x032a01b3) mul     gp, s4, s2
core   0: 3 0x80004692 (0x032a01b3) x 3 0x00000000
core   0: 0x80004696 (0x00008d4d) c.or    a0, a1
core   0: 3 0x80004696 (0x8d4d) x10 0x81a77f4b
core   0: 0x80004698 (0x37796a13) ori     s4, s2, 887
core   0: 3 0x80004698 (0x37796a13) x20 0x00000377
core   0: 0x8000469c (0x0ff0000f) fence   iorw,iorw
core   0: 3 0x8000469c (0x0ff0000f)
core   0: 0x800046a0 (0x0000efad) c.bnez  a5, pc + 122
core   0: 3 0x800046a0 (0xefad)
core   0: 0x8000471a (0x01f3ddb3) srl     s11, t2, t6
core   0: 3 0x8000471a (0x01f3ddb3) x27 0x80025e48
core   0: 0x8000471e (0x00008fd1) c.or    a5, a2
core   0: 3 0x8000471e (0x8fd1) x15 0x00000001
core   0: 0x80004720 (0x00008e79) c.and   a2, a4
core   0: 3 0x80004720 (0x8e79) x12 0x00000000
core   0: 0x80004722 (0x00008139) c.srli  a0, 14
core   0: 3 0x80004722 (0x8139) x10 0x0002069d
core   0: 0x80004724 (0x0000cf0d) c.beqz  a4, pc + 58
core   0: 3 0x80004724 (0xcf0d)
core   0: 0x80004726 (0x03030713) addi    a4, t1, 48
core   0: 3 0x80004726 (0x03030713) x14 0x00000030
core   0: 0x8000472a (0x00008bc5) c.andi  a5, 17
core   0: 3 0x8000472a (0x8bc5) x15 0x00000001
core   0: 0x8000472c (0x416451b3) sra     gp, s0, s6
core   0: 3 0x8000472c (0x416451b3) x 3 0x01a73103
core   0: 0x80004730 (0xe52fd817) auipc   a6, 0xe52fd
core   0: 3 0x80004730 (0xe52fd817) x16 0x65301730
core   0: 0x80004734 (0x0000611d) c.addi16sp sp, 416
core   0: 3 0x80004734 (0x611d) x 2 0x68cae2c0
core   0: 0x80004736 (0x025f1533) mulh    a0, t5, t0
core   0: 3 0x80004736 (0x025f1533) x10 0x00000000
core   0: 0x8000473a (0x01ea2f33) slt     t5, s4, t5
core   0: 3 0x8000473a (0x01ea2f33) x30 0x00000000
core   0: 0x8000473e (0x000098fd) c.andi  s1, -1
core   0: 3 0x8000473e (0x98fd) x 9 0x00000001
core   0: 0x80004740 (0x02b1f633) remu    a2, gp, a1
core   0: 3 0x80004740 (0x02b1f633) x12 0x00000000
core   0: 0x80004744 (0x00008d35) c.xor   a0, a3
core   0: 3 0x80004744 (0x8d35) x10 0x00000000
core   0: 0x80004746 (0x00004a59) c.li    s4, 22
core   0: 3 0x80004746 (0x4a59) x20 0x00000016
core   0: 0x80004748 (0x84e4f013) andi    zero, s1, -1970
core   0: 3 0x80004748 (0x84e4f013)
core   0: 0x8000474c (0x0000846d) c.srai  s0, 27
core   0: 3 0x8000474c (0x846d) x 8 0x00000000
core   0: 0x8000474e (0x01194f33) xor     t5, s2, a7
core   0: 3 0x8000474e (0x01194f33) x30 0xfffffffe
core   0: 0x80004752 (0x005c7db3) and     s11, s8, t0
core   0: 3 0x80004752 (0x005c7db3) x27 0x00000000
core   0: 0x80004756 (0x26ac8b93) addi    s7, s9, 618
core   0: 3 0x80004756 (0x26ac8b93) x23 0x0000026a
core   0: 0x8000475a (0xd051f713) andi    a4, gp, -763
core   0: 3 0x8000475a (0xd051f713) x14 0x01a73101
core   0: 0x8000475e (0xbb7a4313) xori    t1, s4, -1097
core   0: 3 0x8000475e (0xbb7a4313) x 6 0xfffffba1
core   0: 0x80004762 (0x024a6d63) bltu    s4, tp, pc + 58
core   0: 3 0x80004762 (0x024a6d63)
core   0: 0x8000479c (0x03ed7fb3) remu    t6, s10, t5
core   0: 3 0x8000479c (0x03ed7fb3) x31 0x00000000
core   0: 0x800047a0 (0x027c71b3) remu    gp, s8, t2
core   0: 3 0x800047a0 (0x027c71b3) x 3 0x00000000
core   0: 0x800047a4 (0x0186ffb3) and     t6, a3, s8
core   0: 3 0x800047a4 (0x0186ffb3) x31 0x00000000
core   0: 0x800047a8 (0x009adf93) srli    t6, s5, 9
core   0: 3 0x800047a8 (0x009adf93) x31 0x0040014e
core   0: 0x800047ac (0x00008ffd) c.and   a5, a5
core   0: 3 0x800047ac (0x8ffd) x15 0x00000001
core   0: 0x800047ae (0x0305f1b3) remu    gp, a1, a6
core   0: 3 0x800047ae (0x0305f1b3) x 3 0x01a73103
core   0: 0x800047b2 (0x00000001) c.nop
core   0: 3 0x800047b2 (0x0001)
core   0: 0x800047b4 (0x00006899) c.lui   a7, 0x6
core   0: 3 0x800047b4 (0x6899) x17 0x00006000
core   0: 0x800047b6 (0x0ff0000f) fence   iorw,iorw
core   0: 3 0x800047b6 (0x0ff0000f)
core   0: 0x800047ba (0x81caab93) slti    s7, s5, -2020
core   0: 3 0x800047ba (0x81caab93) x23 0x00000001
core   0: 0x800047be (0x00693fb3) sltu    t6, s2, t1
core   0: 3 0x800047be (0x00693fb3) x31 0x00000001
core   0: 0x800047c2 (0x00008029) c.srli  s0, 10
core   0: 3 0x800047c2 (0x8029) x 8 0x00000000
core   0: 0x800047c4 (0x01c51a13) slli    s4, a0, 28
core   0: 3 0x800047c4 (0x01c51a13) x20 0x00000000
core   0: 0x800047c8 (0x40c75633) sra     a2, a4, a2
core   0: 3 0x800047c8 (0x40c75633) x12 0x01a73101
core   0: 0x800047cc (0x00001cfd) c.addi  s9, -1
core   0: 3 0x800047cc (0x1cfd) x25 0xffffffff
core   0: 0x800047ce (0x0ff0000f) fence   iorw,iorw
core   0: 3 0x800047ce (0x0ff0000f)
core   0: 0x800047d2 (0x01920333) add     t1, tp, s9
core   0: 3 0x800047d2 (0x01920333) x 6 0x938fefff
core   0: 0x800047d6 (0x76a7fa13) andi    s4, a5, 1898
core   0: 3 0x800047d6 (0x76a7fa13) x20 0x00000000
core   0: 0x800047da (0x00008c91) c.sub   s1, a2
core   0: 3 0x800047da (0x8c91) x 9 0xfe58cf00
core   0: 0x800047dc (0x009d40b3) xor     ra, s10, s1
core   0: 3 0x800047dc (0x009d40b3) x 1 0xfe58cf00
core   0: 0x800047e0 (0x02318533) mul     a0, gp, gp
core   0: 3 0x800047e0 (0x02318533) x10 0x014c2609
core   0: 0x800047e4 (0x038d7fb3) remu    t6, s10, s8
core   0: 3 0x800047e4 (0x038d7fb3) x31 0x00000000
core   0: 0x800047e8 (0x0000022e) c.slli  tp, 11
core   0: 3 0x800047e8 (0x022e) x 4 0x7f800000
core   0: 0x800047ea (0x010714b3) sll     s1, a4, a6
core   0: 3 0x800047ea (0x010714b3) x 9 0x31010000
core   0: 0x800047ee (0x0ff0000f) fence   iorw,iorw
core   0: 3 0x800047ee (0x0ff0000f)
core   0: 0x800047f2 (0x03ef7bb3) remu    s7, t5, t5
core   0: 3 0x800047f2 (0x03ef7bb3) x23 0x00000000
core   0: 0x800047f6 (0x4cdb6b37) lui     s6, 0x4cdb6
core   0: 3 0x800047f6 (0x4cdb6b37) x22 0x4cdb6000
core   0: 0x800047fa (0x000088b1) c.andi  s1, 12
core   0: 3 0x800047fa (0x88b1) x 9 0x00000000
core   0: 0x800047fc (0x0000c085) c.beqz  s1, pc + 32
core   0: 3 0x800047fc (0xc085)
core   0: 0x8000481c (0x02f0c4b3) div     s1, ra, a5
core   0: 3 0x8000481c (0x02f0c4b3) x 9 0xfe58cf00
core   0: 0x80004820 (0x009d9793) slli    a5, s11, 9
core   0: 3 0x80004820 (0x009d9793) x15 0x00000000
core   0: 0x80004824 (0x6bec7293) andi    t0, s8, 1726
core   0: 3 0x80004824 (0x6bec7293) x 5 0x00000000
core   0: 0x80004828 (0x00008fc9) c.or    a5, a0
core   0: 3 0x80004828 (0x8fc9) x15 0x014c2609
core   0: 0x8000482a (0x559ab793) sltiu   a5, s5, 1369
core   0: 3 0x8000482a (0x559ab793) x15 0x00000000
core   0: 0x8000482e (0x41ccd4b3) sra     s1, s9, t3
core   0: 3 0x8000482e (0x41ccd4b3) x 9 0xffffffff
core   0: 0x80004832 (0x000094ae) c.add   s1, a1
core   0: 3 0x80004832 (0x94ae) x 9 0x01a73102
core   0: 0x80004834 (0x0ff0000f) fence   iorw,iorw
core   0: 3 0x80004834 (0x0ff0000f)
core   0: 0x80004838 (0x00008c95) c.sub   s1, a3
core   0: 3 0x80004838 (0x8c95) x 9 0x01a73102
core   0: 0x8000483a (0x02cc0733) mul     a4, s8, a2
core   0: 3 0x8000483a (0x02cc0733) x14 0x00000000
core   0: 0x8000483e (0x0000100f) fence.i
core   0: 3 0x8000483e (0x0000100f)
core   0: 0x80004842 (0x01791563) bne     s2, s7, pc + 10
core   0: 3 0x80004842 (0x01791563)
core   0: 0x8000484c (0x0000840d) c.srai  s0, 3
core   0: 3 0x8000484c (0x840d) x 8 0x00000000
core   0: 0x8000484e (0x050ae963) bltu    s5, a6, pc + 82
core   0: 3 0x8000484e (0x050ae963)
core   0: 0x80004852 (0x0280026f) jal     tp, pc + 0x28
core   0: 3 0x80004852 (0x0280026f) x 4 0x80004856
core   0: 0x8000487a (0x00003ff9) c.jal   pc - 34
core   0: 3 0x8000487a (0x3ff9) x 1 0x8000487c
core   0: 0x80004858 (0x0000bffd) c.j     pc - 2
core   0: 3 0x80004858 (0xbffd)
core   0: 0x80004856 (0x0000a029) c.j     pc + 10
core   0: 3 0x80004856 (0xa029)
core   0: 0x80004860 (0x0000a011) c.j     pc + 4
core   0: 3 0x80004860 (0xa011)
core   0: 0x80004864 (0x00002021) c.jal   pc + 8
core   0: 3 0x80004864 (0x2021) x 1 0x80004866
core   0: 0x8000486c (0x0040036f) jal     t1, pc + 0x4
core   0: 3 0x8000486c (0x0040036f) x 6 0x80004870
core   0: 0x80004870 (0x0000a811) c.j     pc + 20
core   0: 3 0x80004870 (0xa811)
core   0: 0x80004884 (0xfdfff0ef) jal     pc - 0x22
core   0: 3 0x80004884 (0xfdfff0ef) x 1 0x80004888
core   0: 0x80004862 (0x00002839) c.jal   pc + 30
core   0: 3 0x80004862 (0x2839) x 1 0x80004864
core   0: 0x80004880 (0xfe7ff0ef) jal     pc - 0x1a
core   0: 3 0x80004880 (0xfe7ff0ef) x 1 0x80004884
core   0: 0x80004866 (0xff5ff36f) jal     t1, pc - 0xc
core   0: 3 0x80004866 (0xff5ff36f) x 6 0x8000486a
core   0: 0x8000485a (0x018000ef) jal     pc + 0x18
core   0: 3 0x8000485a (0x018000ef) x 1 0x8000485e
core   0: 0x80004872 (0x00002029) c.jal   pc + 10
core   0: 3 0x80004872 (0x2029) x 1 0x80004874
core   0: 0x8000487c (0x0000a009) c.j     pc + 2
core   0: 3 0x8000487c (0xa009)
core   0: 0x8000487e (0x000037f5) c.jal   pc - 20
core   0: 3 0x8000487e (0x37f5) x 1 0x80004880
core   0: 0x8000486a (0x00003fd5) c.jal   pc - 12
core   0: 3 0x8000486a (0x3fd5) x 1 0x8000486c
core   0: 0x8000485e (0x00002821) c.jal   pc + 24
core   0: 3 0x8000485e (0x2821) x 1 0x80004860
core   0: 0x80004876 (0xfffff0ef) jal     pc - 0x2
core   0: 3 0x80004876 (0xfffff0ef) x 1 0x8000487a
core   0: 0x80004874 (0x00002811) c.jal   pc + 20
core   0: 3 0x80004874 (0x2811) x 1 0x80004876
core   0: 0x80004888 (0x029b5133) divu    sp, s6, s1
core   0: 3 0x80004888 (0x029b5133) x 2 0x0000002e
core   0: 0x8000488c (0x00008c61) c.and   s0, s0
core   0: 3 0x8000488c (0x8c61) x 8 0x00000000
core   0: 0x8000488e (0x0000e28d) c.bnez  a3, pc + 34
core   0: 3 0x8000488e (0xe28d)
core   0: 0x80004890 (0x412d82b3) sub     t0, s11, s2
core   0: 3 0x80004890 (0x412d82b3) x 5 0xffffffff
core   0: 0x80004894 (0x0000100f) fence.i
core   0: 3 0x80004894 (0x0000100f)
core   0: 0x80004898 (0x02cc0c33) mul     s8, s8, a2
core   0: 3 0x80004898 (0x02cc0c33) x24 0x00000000
core   0: 0x8000489c (0x01235c33) srl     s8, t1, s2
core   0: 3 0x8000489c (0x01235c33) x24 0x40002435
core   0: 0x800048a0 (0x0241d033) divu    zero, gp, tp
core   0: 3 0x800048a0 (0x0241d033)
core   0: 0x800048a4 (0x00765663) bge     a2, t2, pc + 12
core   0: 3 0x800048a4 (0x00765663)
core   0: 0x800048b0 (0x003b9c63) bne     s7, gp, pc + 24
core   0: 3 0x800048b0 (0x003b9c63)
core   0: 0x800048c8 (0x01ae09b3) add     s3, t3, s10
core   0: 3 0x800048c8 (0x01ae09b3) x19 0xff2c6bd0
core   0: 0x800048cc (0x0ff0000f) fence   iorw,iorw
core   0: 3 0x800048cc (0x0ff0000f)
core   0: 0x800048d0 (0x00008cfd) c.and   s1, a5
core   0: 3 0x800048d0 (0x8cfd) x 9 0x00000000
core   0: 0x800048d2 (0x41a75313) srai    t1, a4, 26
core   0: 3 0x800048d2 (0x41a75313) x 6 0x00000000
core   0: 0x800048d6 (0x00008fdd) c.or    a5, a5
core   0: 3 0x800048d6 (0x8fdd) x15 0x00000000
core   0: 0x800048d8 (0x55d82113) slti    sp, a6, 1373
core   0: 3 0x800048d8 (0x55d82113) x 2 0x00000000
core   0: 0x800048dc (0x00000001) c.nop
core   0: 3 0x800048dc (0x0001)
core   0: 0x800048de (0x00a54bb3) xor     s7, a0, a0
core   0: 3 0x800048de (0x00a54bb3) x23 0x00000000
core   0: 0x800048e2 (0x0ff0000f) fence   iorw,iorw
core   0: 3 0x800048e2 (0x0ff0000f)
core   0: 0x800048e6 (0x00006a29) c.lui   s4, 0xa
core   0: 3 0x800048e6 (0x6a29) x20 0x0000a000
core   0: 0x800048e8 (0x00d78c33) add     s8, a5, a3
core   0: 3 0x800048e8 (0x00d78c33) x24 0x00000000
core   0: 0x800048ec (0x00000001) c.nop
core   0: 3 0x800048ec (0x0001)
core   0: 0x800048ee (0x00000398) c.addi4spn a4, sp, 448
core   0: 3 0x800048ee (0x0398) x14 0x000001c0
core   0: 0x800048f0 (0x0000717d) c.addi16sp sp, -16
core   0: 3 0x800048f0 (0x717d) x 2 0xfffffff0
core   0: 0x800048f2 (0x03e5db33) divu    s6, a1, t5
core   0: 3 0x800048f2 (0x03e5db33) x22 0x00000000
core   0: 0x800048f6 (0x02300b33) mul     s6, zero, gp
core   0: 3 0x800048f6 (0x02300b33) x22 0x00000000
core   0: 0x800048fa (0x00004ba1) c.li    s7, 8
core   0: 3 0x800048fa (0x4ba1) x23 0x00000008
core   0: 0x800048fc (0x031a0633) mul     a2, s4, a7
core   0: 3 0x800048fc (0x031a0633) x12 0x3c000000
core   0: 0x80004900 (0x0000649d) c.lui   s1, 0x7
core   0: 3 0x80004900 (0x649d) x 9 0x00007000
core   0: 0x80004902 (0x57953a37) lui     s4, 0x57953
core   0: 3 0x80004902 (0x57953a37) x20 0x57953000
core   0: 0x80004906 (0x030ef1b3) remu    gp, t4, a6
core   0: 3 0x80004906 (0x030ef1b3) x 3 0x00000000
core   0: 0x8000490a (0x00fe6863) bltu    t3, a5, pc + 16
core   0: 3 0x8000490a (0x00fe6863)
core   0: 0x8000490e (0x02795933) divu    s2, s2, t2
core   0: 3 0x8000490e (0x02795933) x18 0x00000000
core   0: 0x80004912 (0x0000809d) c.srli  s1, 7
core   0: 3 0x80004912 (0x809d) x 9 0x000000e0
core   0: 0x80004914 (0x00000001) c.nop
core   0: 3 0x80004914 (0x0001)
core   0: 0x80004916 (0x00119963) bne     gp, ra, pc + 18
core   0: 3 0x80004916 (0x00119963)
core   0: 0x80004928 (0x41bedcb3) sra     s9, t4, s11
core   0: 3 0x80004928 (0x41bedcb3) x25 0x00000000
core   0: 0x8000492c (0x0000147d) c.addi  s0, -1
core   0: 3 0x8000492c (0x147d) x 8 0xffffffff
core   0: 0x8000492e (0x268abb13) sltiu   s6, s5, 616
core   0: 3 0x8000492e (0x268abb13) x22 0x00000000
core   0: 0x80004932 (0x5e585c37) lui     s8, 0x5e585
core   0: 3 0x80004932 (0x5e585c37) x24 0x5e585000
core   0: 0x80004936 (0x00000001) c.nop
core   0: 3 0x80004936 (0x0001)
core   0: 0x80004938 (0x4c812813) slti    a6, sp, 1224
core   0: 3 0x80004938 (0x4c812813) x16 0x00000001
core   0: 0x8000493c (0x00519c63) bne     gp, t0, pc + 24
core   0: 3 0x8000493c (0x00519c63)
core   0: 0x80004954 (0x007cf963) bgeu    s9, t2, pc + 18
core   0: 3 0x80004954 (0x007cf963)
core   0: 0x80004958 (0x00000d10) c.addi4spn a2, sp, 656
core   0: 3 0x80004958 (0x0d10) x12 0x00000280
core   0: 0x8000495a (0x00963d33) sltu    s10, a2, s1
core   0: 3 0x8000495a (0x00963d33) x26 0x00000000
core   0: 0x8000495e (0x00995d63) bge     s2, s1, pc + 26
core   0: 3 0x8000495e (0x00995d63)
core   0: 0x80004962 (0x02945d33) divu    s10, s0, s1
core   0: 3 0x80004962 (0x02945d33) x26 0x01249249
core   0: 0x80004966 (0x00008f0d) c.sub   a4, a1
core   0: 3 0x80004966 (0x8f0d) x14 0xfe58d0bd
core   0: 0x80004968 (0x022f8d63) beq     t6, sp, pc + 58
core   0: 3 0x80004968 (0x022f8d63)
core   0: 0x8000496c (0x0ff0000f) fence   iorw,iorw
core   0: 3 0x8000496c (0x0ff0000f)
core   0: 0x80004970 (0x0000811d) c.srli  a0, 7
core   0: 3 0x80004970 (0x811d) x10 0x0002984c
core   0: 0x80004972 (0x00000001) c.nop
core   0: 3 0x80004972 (0x0001)
core   0: 0x80004974 (0x0000870e) c.mv    a4, gp
core   0: 3 0x80004974 (0x870e) x14 0x00000000
core   0: 0x80004976 (0x00008161) c.srli  a0, 24
core   0: 3 0x80004976 (0x8161) x10 0x00000000
core   0: 0x80004978 (0x003d5733) srl     a4, s10, gp
core   0: 3 0x80004978 (0x003d5733) x14 0x01249249
core   0: 0x8000497c (0x02199b33) mulh    s6, s3, ra
core   0: 3 0x8000497c (0x02199b33) x22 0x0069c9dc
core   0: 0x80004980 (0x000058fd) c.li    a7, -1
core   0: 3 0x80004980 (0x58fd) x17 0xffffffff
core   0: 0x80004982 (0x00008a46) c.mv    s4, a7
core   0: 3 0x80004982 (0x8a46) x20 0xffffffff
core   0: 0x80004984 (0x00be9513) slli    a0, t4, 11
core   0: 3 0x80004984 (0x00be9513) x10 0x00000000
core   0: 0x80004988 (0x01ce5a63) bge     t3, t3, pc + 20
core   0: 3 0x80004988 (0x01ce5a63)
core   0: 0x8000499c (0x00000d52) c.slli  s10, 20
core   0: 3 0x8000499c (0x0d52) x26 0x24900000
core   0: 0x8000499e (0x41125db3) sra     s11, tp, a7
core   0: 3 0x8000499e (0x41125db3) x27 0xffffffff
core   0: 0x800049a2 (0x00001308) c.addi4spn a0, sp, 416
core   0: 3 0x800049a2 (0x1308) x10 0x00000190
core   0: 0x800049a4 (0x00008cc5) c.or    s1, s1
core   0: 3 0x800049a4 (0x8cc5) x 9 0x000000e0
core   0: 0x800049a6 (0xdd322193) slti    gp, tp, -557
core   0: 3 0x800049a6 (0xdd322193) x 3 0x00000001
core   0: 0x800049aa (0x01566433) or      s0, a2, s5
core   0: 3 0x800049aa (0x01566433) x 8 0x80029ee4
core   0: 0x800049ae (0x01207fb3) and     t6, zero, s2
core   0: 3 0x800049ae (0x01207fb3) x31 0x00000000
core   0: 0x800049b2 (0x7ddbae13) slti    t3, s7, 2013
core   0: 3 0x800049b2 (0x7ddbae13) x28 0x00000001
core   0: 0x800049b6 (0x00000001) c.nop
core   0: 3 0x800049b6 (0x0001)
core   0: 0x800049b8 (0x00000a88) c.addi4spn a0, sp, 336
core   0: 3 0x800049b8 (0x0a88) x10 0x00000140
core   0: 0x800049ba (0xc4c73a13) sltiu   s4, a4, -948
core   0: 3 0x800049ba (0xc4c73a13) x20 0x00000001
core   0: 0x800049be (0x000000a1) c.addi  ra, 8
core   0: 3 0x800049be (0x00a1) x 1 0x8000487e
core   0: 0x800049c0 (0x00009b7d) c.andi  a4, -1
core   0: 3 0x800049c0 (0x9b7d) x14 0x01249249
core   0: 0x800049c2 (0x0128e833) or      a6, a7, s2
core   0: 3 0x800049c2 (0x0128e833) x16 0xffffffff
core   0: 0x800049c6 (0x0000042e) c.slli  s0, 11
core   0: 3 0x800049c6 (0x042e) x 8 0x14f72000
core   0: 0x800049c8 (0x017ccdb3) xor     s11, s9, s7
core   0: 3 0x800049c8 (0x017ccdb3) x27 0x00000008
core   0: 0x800049cc (0x021072b3) remu    t0, zero, ra
core   0: 3 0x800049cc (0x021072b3) x 5 0x00000000
core   0: 0x800049d0 (0x00008fa1) c.xor   a5, s0
core   0: 3 0x800049d0 (0x8fa1) x15 0x14f72000
core   0: 0x800049d2 (0x010b3533) sltu    a0, s6, a6
core   0: 3 0x800049d2 (0x010b3533) x10 0x00000001
core   0: 0x800049d6 (0x00008a89) c.andi  a3, 2
core   0: 3 0x800049d6 (0x8a89) x13 0x00000000
core   0: 0x800049d8 (0x0000014d) c.addi  sp, 19
core   0: 3 0x800049d8 (0x014d) x 2 0x00000003
core   0: 0x800049da (0x016956b3) srl     a3, s2, s6
core   0: 3 0x800049da (0x016956b3) x13 0x00000000
core   0: 0x800049de (0x9d4ba313) slti    t1, s7, -1580
core   0: 3 0x800049de (0x9d4ba313) x 6 0x00000000
core   0: 0x800049e2 (0x00008c41) c.or    s0, s0
core   0: 3 0x800049e2 (0x8c41) x 8 0x14f72000
core   0: 0x800049e4 (0x004977b3) and     a5, s2, tp
core   0: 3 0x800049e4 (0x004977b3) x15 0x00000000
core   0: 0x800049e8 (0x00000001) c.nop
core   0: 3 0x800049e8 (0x0001)
core   0: 0x800049ea (0x00625213) srli    tp, tp, 6
core   0: 3 0x800049ea (0x00625213) x 4 0x02000121
core   0: 0x800049ee (0x28e5ef13) ori     t5, a1, 654
core   0: 3 0x800049ee (0x28e5ef13) x30 0x01a7338f
core   0: 0x800049f2 (0x0000cd11) c.beqz  a0, pc + 28
core   0: 3 0x800049f2 (0xcd11)
core   0: 0x800049f4 (0x00839b13) slli    s6, t2, 8
core   0: 3 0x800049f4 (0x00839b13) x22 0x025e4800
core   0: 0x800049f8 (0x01fb4333) xor     t1, s6, t6
core   0: 3 0x800049f8 (0x01fb4333) x 6 0x025e4800
core   0: 0x800049fc (0x0000ef15) c.bnez  a4, pc + 60
core   0: 3 0x800049fc (0xef15)
core   0: 0x80004a38 (0x0137ed63) bltu    a5, s3, pc + 26
core   0: 3 0x80004a38 (0x0137ed63)
core   0: 0x80004a52 (0x01bc8133) add     sp, s9, s11
core   0: 3 0x80004a52 (0x01bc8133) x 2 0x00000008
core   0: 0x80004a56 (0x00008921) c.andi  a0, 8
core   0: 3 0x80004a56 (0x8921) x10 0x00000000
core   0: 0x80004a58 (0x03fb04b3) mul     s1, s6, t6
core   0: 3 0x80004a58 (0x03fb04b3) x 9 0x00000000
core   0: 0x80004a5c (0x00009b7d) c.andi  a4, -1
core   0: 3 0x80004a5c (0x9b7d) x14 0x01249249
core   0: 0x80004a5e (0x0361feb3) remu    t4, gp, s6
core   0: 3 0x80004a5e (0x0361feb3) x29 0x00000001
core   0: 0x80004a62 (0x000006a9) c.addi  a3, 10
core   0: 3 0x80004a62 (0x06a9) x13 0x0000000a
core   0: 0x80004a64 (0x0000100f) fence.i
core   0: 3 0x80004a64 (0x0000100f)
core   0: 0x80004a68 (0xefa58097) auipc   ra, 0xefa58
core   0: 3 0x80004a68 (0xefa58097) x 1 0x6fa5ca68
core   0: 0x80004a6c (0x0000e79d) c.bnez  a5, pc + 46
core   0: 3 0x80004a6c (0xe79d)
core   0: 0x80004a6e (0x02327233) remu    tp, tp, gp
core   0: 3 0x80004a6e (0x02327233) x 4 0x00000000
core   0: 0x80004a72 (0x00008cf5) c.and   s1, a3
core   0: 3 0x80004a72 (0x8cf5) x 9 0x00000000
core   0: 0x80004a74 (0x0ff0000f) fence   iorw,iorw
core   0: 3 0x80004a74 (0x0ff0000f)
core   0: 0x80004a78 (0x00008cfd) c.and   s1, a5
core   0: 3 0x80004a78 (0x8cfd) x 9 0x00000000
core   0: 0x80004a7a (0x00008021) c.srli  s0, 8
core   0: 3 0x80004a7a (0x8021) x 8 0x0014f720
core   0: 0x80004a7c (0x01dfef63) bltu    t6, t4, pc + 30
core   0: 3 0x80004a7c (0x01dfef63)
core   0: 0x80004a9a (0x00676eb3) or      t4, a4, t1
core   0: 3 0x80004a9a (0x00676eb3) x29 0x037eda49
core   0: 0x80004a9e (0x00006979) c.lui   s2, 0x1e
core   0: 3 0x80004a9e (0x6979) x18 0x0001e000
core   0: 0x80004aa0 (0x010fe2b3) or      t0, t6, a6
core   0: 3 0x80004aa0 (0x010fe2b3) x 5 0xffffffff
core   0: 0x80004aa4 (0x00000f4a) c.slli  t5, 18
core   0: 3 0x80004aa4 (0x0f4a) x30 0xce3c0000
core   0: 0x80004aa6 (0x015b5793) srli    a5, s6, 21
core   0: 3 0x80004aa6 (0x015b5793) x15 0x00000012
core   0: 0x80004aaa (0x01973bb3) sltu    s7, a4, s9
core   0: 3 0x80004aaa (0x01973bb3) x23 0x00000000
core   0: 0x80004aae (0x01f14833) xor     a6, sp, t6
core   0: 3 0x80004aae (0x01f14833) x16 0x00000008
core   0: 0x80004ab2 (0x00ee8cb3) add     s9, t4, a4
core   0: 3 0x80004ab2 (0x00ee8cb3) x25 0x04a36c92
core   0: 0x80004ab6 (0x419f8f33) sub     t5, t6, s9
core   0: 3 0x80004ab6 (0x419f8f33) x30 0xfb5c936e
core   0: 0x80004aba (0x018f8493) addi    s1, t6, 24
core   0: 3 0x80004aba (0x018f8493) x 9 0x00000018
core   0: 0x80004abe (0x06fdc963) blt     s11, a5, pc + 114
core   0: 3 0x80004abe (0x06fdc963)
core   0: 0x80004b30 (0x0175d763) bge     a1, s7, pc + 14
core   0: 3 0x80004b30 (0x0175d763)
core   0: 0x80004b3e (0x03b724b3) mulhsu  s1, a4, s11
core   0: 3 0x80004b3e (0x03b724b3) x 9 0x00000000
core   0: 0x80004b42 (0x0000cc8d) c.beqz  s1, pc + 58
core   0: 3 0x80004b42 (0xcc8d)
core   0: 0x80004b7c (0x7db47a37) lui     s4, 0x7db47
core   0: 3 0x80004b7c (0x7db47a37) x20 0x7db47000
core   0: 0x80004b80 (0x038d0363) beq     s10, s8, pc + 38
core   0: 3 0x80004b80 (0x038d0363)
core   0: 0x80004b84 (0x01395e13) srli    t3, s2, 19
core   0: 3 0x80004b84 (0x01395e13) x28 0x00000000
core   0: 0x80004b88 (0x40cf5093) srai    ra, t5, 12
core   0: 3 0x80004b88 (0x40cf5093) x 1 0xffffb5c9
core   0: 0x80004b8c (0x0107d263) bge     a5, a6, pc + 4
core   0: 3 0x80004b8c (0x0107d263)
core   0: 0x80004b90 (0x0000873a) c.mv    a4, a4
core   0: 3 0x80004b90 (0x873a) x14 0x01249249
core   0: 0x80004b92 (0x04ee6163) bltu    t3, a4, pc + 66
core   0: 3 0x80004b92 (0x04ee6163)
core   0: 0x80004bd4 (0x03b09d63) bne     ra, s11, pc + 58
core   0: 3 0x80004bd4 (0x03b09d63)
core   0: 0x80004c0e (0x04045263) bgez    s0, pc + 68
core   0: 3 0x80004c0e (0x04045263)
core   0: 0x80004c52 (0x00008e05) c.sub   a2, s1
core   0: 3 0x80004c52 (0x8e05) x12 0x00000280
core   0: 0x80004c54 (0x00009242) c.add   tp, a6
core   0: 3 0x80004c54 (0x9242) x 4 0x00000008
core   0: 0x80004c56 (0x01c7e1b3) or      gp, a5, t3
core   0: 3 0x80004c56 (0x01c7e1b3) x 3 0x00000012
core   0: 0x80004c5a (0xfe91ff13) andi    t5, gp, -23
core   0: 3 0x80004c5a (0xfe91ff13) x30 0x00000000
core   0: 0x80004c5e (0x0ff0000f) fence   iorw,iorw
core   0: 3 0x80004c5e (0x0ff0000f)
core   0: 0x80004c62 (0x21698013) addi    zero, s3, 534
core   0: 3 0x80004c62 (0x21698013)
core   0: 0x80004c66 (0x01576863) bltu    a4, s5, pc + 16
core   0: 3 0x80004c66 (0x01576863)
core   0: 0x80004c76 (0x00009eca) c.add   t4, s2
core   0: 3 0x80004c76 (0x9eca) x29 0x0380ba49
core   0: 0x80004c78 (0x01ad7963) bgeu    s10, s10, pc + 18
core   0: 3 0x80004c78 (0x01ad7963)
core   0: 0x80004c8a (0x00008e91) c.sub   a3, a2
core   0: 3 0x80004c8a (0x8e91) x13 0xfffffd8a
core   0: 0x80004c8c (0x0000cf97) auipc   t6, 0xc
core   0: 3 0x80004c8c (0x0000cf97) x31 0x80010c8c
core   0: 0x80004c90 (0x1a5f8f93) addi    t6, t6, 421
core   0: 3 0x80004c90 (0x1a5f8f93) x31 0x80010e31
core   0: 0x80004c94 (0x018f8023) sb      s8, 0(t6)
core   0: 3 0x80004c94 (0x018f8023) mem 0x80010e31 0x0
core   0: 0x80004c98 (0x000f8403) lb      s0, 0(t6)
core   0: 3 0x80004c98 (0x000f8403) x 8 0x00000000 mem 0x80010e31
core   0: 0x80004c9c (0x002f8023) sb      sp, 0(t6)
core   0: 3 0x80004c9c (0x002f8023) mem 0x80010e31 0x8
core   0: 0x80004ca0 (0x01ef8023) sb      t5, 0(t6)
core   0: 3 0x80004ca0 (0x01ef8023) mem 0x80010e31 0x0
core   0: 0x80004ca4 (0x014f8023) sb      s4, 0(t6)
core   0: 3 0x80004ca4 (0x014f8023) mem 0x80010e31 0x0
core   0: 0x80004ca8 (0x000f8783) lb      a5, 0(t6)
core   0: 3 0x80004ca8 (0x000f8783) x15 0x00000000 mem 0x80010e31
core   0: 0x80004cac (0x000f8483) lb      s1, 0(t6)
core   0: 3 0x80004cac (0x000f8483) x 9 0x00000000 mem 0x80010e31
core   0: 0x80004cb0 (0xff1fdb83) lhu     s7, -15(t6)
core   0: 3 0x80004cb0 (0xff1fdb83) x23 0x00000000 mem 0x80010e22
core   0: 0x80004cb4 (0x363aeb93) ori     s7, s5, 867
core   0: 3 0x80004cb4 (0x363aeb93) x23 0x80029fe7
core   0: 0x80004cb8 (0xff1fd403) lhu     s0, -15(t6)
core   0: 3 0x80004cb8 (0xff1fd403) x 8 0x00000000 mem 0x80010e22
core   0: 0x80004cbc (0xff6f8483) lb      s1, -10(t6)
core   0: 3 0x80004cbc (0xff6f8483) x 9 0x00000000 mem 0x80010e27
core   0: 0x80004cc0 (0xff6f8283) lb      t0, -10(t6)
core   0: 3 0x80004cc0 (0xff6f8283) x 5 0x00000000 mem 0x80010e27
core   0: 0x80004cc4 (0xff6f8303) lb      t1, -10(t6)
core   0: 3 0x80004cc4 (0xff6f8303) x 6 0x00000000 mem 0x80010e27
core   0: 0x80004cc8 (0xff6f8983) lb      s3, -10(t6)
core   0: 3 0x80004cc8 (0xff6f8983) x19 0x00000000 mem 0x80010e27
core   0: 0x80004ccc (0x02b98fb3) mul     t6, s3, a1
core   0: 3 0x80004ccc (0x02b98fb3) x31 0x00000000
core   0: 0x80004cd0 (0x0318d933) divu    s2, a7, a7
core   0: 3 0x80004cd0 (0x0318d933) x18 0x00000001
core   0: 0x80004cd4 (0x00dc8f63) beq     s9, a3, pc + 30
core   0: 3 0x80004cd4 (0x00dc8f63)
core   0: 0x80004cd8 (0x00ca5613) srli    a2, s4, 12
core   0: 3 0x80004cd8 (0x00ca5613) x12 0x0007db47
core   0: 0x80004cdc (0x000084fd) c.srai  s1, 31
core   0: 3 0x80004cdc (0x84fd) x 9 0x00000000
core   0: 0x80004cde (0x0000ec11) c.bnez  s0, pc + 28
core   0: 3 0x80004cde (0xec11)
core   0: 0x80004ce0 (0x4066deb3) sra     t4, a3, t1
core   0: 3 0x80004ce0 (0x4066deb3) x29 0xfffffd8a
core   0: 0x80004ce4 (0x9a6a8e13) addi    t3, s5, -1626
core   0: 3 0x80004ce4 (0x9a6a8e13) x28 0x8002968a
core   0: 0x80004ce8 (0x016a9eb3) sll     t4, s5, s6
core   0: 3 0x80004ce8 (0x016a9eb3) x29 0x80029ce4
core   0: 0x80004cec (0x00008a89) c.andi  a3, 2
core   0: 3 0x80004cec (0x8a89) x13 0x00000002
core   0: 0x80004cee (0x0273c2b3) div     t0, t2, t2
core   0: 3 0x80004cee (0x0273c2b3) x 5 0x00000001
core   0: 0x80004cf2 (0x02a61c33) mulh    s8, a2, a0
core   0: 3 0x80004cf2 (0x02a61c33) x24 0x00000000
core   0: 0x80004cf6 (0x01a0b133) sltu    sp, ra, s10
core   0: 3 0x80004cf6 (0x01a0b133) x 2 0x00000000
core   0: 0x80004cfa (0xddaec293) xori    t0, t4, -550
core   0: 3 0x80004cfa (0xddaec293) x 5 0x7ffd613e
core   0: 0x80004cfe (0x000514b3) sll     s1, a0, zero
core   0: 3 0x80004cfe (0x000514b3) x 9 0x00000000
core   0: 0x80004d02 (0x02a707b3) mul     a5, a4, a0
core   0: 3 0x80004d02 (0x02a707b3) x15 0x00000000
core   0: 0x80004d06 (0x03ffe9b3) rem     s3, t6, t6
core   0: 3 0x80004d06 (0x03ffe9b3) x19 0x00000000
core   0: 0x80004d0a (0x00944233) xor     tp, s0, s1
core   0: 3 0x80004d0a (0x00944233) x 4 0x00000000
core   0: 0x80004d0e (0x03130733) mul     a4, t1, a7
core   0: 3 0x80004d0e (0x03130733) x14 0x00000000
core   0: 0x80004d12 (0x029fceb3) div     t4, t6, s1
core   0: 3 0x80004d12 (0x029fceb3) x29 0xffffffff
core   0: 0x80004d16 (0x00008e31) c.xor   a2, a2
core   0: 3 0x80004d16 (0x8e31) x12 0x00000000
core   0: 0x80004d18 (0x690ecb13) xori    s6, t4, 1680
core   0: 3 0x80004d18 (0x690ecb13) x22 0xfffff96f
core   0: 0x80004d1c (0x00008552) c.mv    a0, s4
core   0: 3 0x80004d1c (0x8552) x10 0x7db47000
core   0: 0x80004d1e (0x00008fc5) c.or    a5, s1
core   0: 3 0x80004d1e (0x8fc5) x15 0x00000000
core   0: 0x80004d20 (0x01364fb3) xor     t6, a2, s3
core   0: 3 0x80004d20 (0x01364fb3) x31 0x00000000
core   0: 0x80004d24 (0x00532db3) slt     s11, t1, t0
core   0: 3 0x80004d24 (0x00532db3) x27 0x00000001
core   0: 0x80004d28 (0x00008145) c.srli  a0, 17
core   0: 3 0x80004d28 (0x8145) x10 0x00003eda
core   0: 0x80004d2a (0x01ac5833) srl     a6, s8, s10
core   0: 3 0x80004d2a (0x01ac5833) x16 0x00000000
core   0: 0x80004d2e (0x00af7b63) bgeu    t5, a0, pc + 22
core   0: 3 0x80004d2e (0x00af7b63)
core   0: 0x80004d32 (0x03b940b3) div     ra, s2, s11
core   0: 3 0x80004d32 (0x03b940b3) x 1 0x00000001
core   0: 0x80004d36 (0x0314f133) remu    sp, s1, a7
core   0: 3 0x80004d36 (0x0314f133) x 2 0x00000000
core   0: 0x80004d3a (0x017dee33) or      t3, s11, s7
core   0: 3 0x80004d3a (0x017dee33) x28 0x80029fe7
core   0: 0x80004d3e (0x00008fe5) c.and   a5, s1
core   0: 3 0x80004d3e (0x8fe5) x15 0x00000000
core   0: 0x80004d40 (0x9e39ae93) slti    t4, s3, -1565
core   0: 3 0x80004d40 (0x9e39ae93) x29 0x00000000
core   0: 0x80004d44 (0x419edeb3) sra     t4, t4, s9
core   0: 3 0x80004d44 (0x419edeb3) x29 0x00000000
core   0: 0x80004d48 (0xb2403e93) sltiu   t4, zero, -1244
core   0: 3 0x80004d48 (0xb2403e93) x29 0x00000001
core   0: 0x80004d4c (0x41a1d293) srai    t0, gp, 26
core   0: 3 0x80004d4c (0x41a1d293) x 5 0x00000000
core   0: 0x80004d50 (0x00006895) c.lui   a7, 0x5
core   0: 3 0x80004d50 (0x6895) x17 0x00005000
core   0: 0x80004d52 (0x0153db63) bge     t2, s5, pc + 22
core   0: 3 0x80004d52 (0x0153db63)
core   0: 0x80004d56 (0x492d0e13) addi    t3, s10, 1170
core   0: 3 0x80004d56 (0x492d0e13) x28 0x24900492
core   0: 0x80004d5a (0x0000c811) c.beqz  s0, pc + 20
core   0: 3 0x80004d5a (0xc811)
core   0: 0x80004d6e (0x9a1e7893) andi    a7, t3, -1631
core   0: 3 0x80004d6e (0x9a1e7893) x17 0x24900080
core   0: 0x80004d72 (0x03fdf263) bgeu    s11, t6, pc + 36
core   0: 3 0x80004d72 (0x03fdf263)
core   0: 0x80004d96 (0x0181b833) sltu    a6, gp, s8
core   0: 3 0x80004d96 (0x0181b833) x16 0x00000000
core   0: 0x80004d9a (0x9b7c8d13) addi    s10, s9, -1609
core   0: 3 0x80004d9a (0x9b7c8d13) x26 0x04a36649
core   0: 0x80004d9e (0x000084b9) c.srai  s1, 14
core   0: 3 0x80004d9e (0x84b9) x 9 0x00000000
core   0: 0x80004da0 (0x0000971e) c.add   a4, t2
core   0: 3 0x80004da0 (0x971e) x14 0x80025e48
core   0: 0x80004da2 (0x03ce5bb3) divu    s7, t3, t3
core   0: 3 0x80004da2 (0x03ce5bb3) x23 0x00000001
core   0: 0x80004da6 (0x00008f71) c.and   a4, a2
core   0: 3 0x80004da6 (0x8f71) x14 0x00000000
core   0: 0x80004da8 (0xe5b036b7) lui     a3, 0xe5b03
core   0: 3 0x80004da8 (0xe5b036b7) x13 0xe5b03000
core   0: 0x80004dac (0x0134ec63) bltu    s1, s3, pc + 24
core   0: 3 0x80004dac (0x0134ec63)
core   0: 0x80004db0 (0x00008eed) c.and   a3, a1
core   0: 3 0x80004db0 (0x8eed) x13 0x01a03000
core   0: 0x80004db2 (0x0000990e) c.add   s2, gp
core   0: 3 0x80004db2 (0x990e) x18 0x00000013
core   0: 0x80004db4 (0x02ca7033) remu    zero, s4, a2
core   0: 3 0x80004db4 (0x02ca7033)
core   0: 0x80004db8 (0x00509f63) bne     ra, t0, pc + 30
core   0: 3 0x80004db8 (0x00509f63)
core   0: 0x80004dd6 (0x03a05633) divu    a2, zero, s10
core   0: 3 0x80004dd6 (0x03a05633) x12 0x00000000
core   0: 0x80004dda (0x02980e33) mul     t3, a6, s1
core   0: 3 0x80004dda (0x02980e33) x28 0x00000000
core   0: 0x80004dde (0x3523fa17) auipc   s4, 0x3523f
core   0: 3 0x80004dde (0x3523fa17) x20 0xb5243dde
core   0: 0x80004de2 (0x01c512b3) sll     t0, a0, t3
core   0: 3 0x80004de2 (0x01c512b3) x 5 0x00003eda
core   0: 0x80004de6 (0x016258b3) srl     a7, tp, s6
core   0: 3 0x80004de6 (0x016258b3) x17 0x00000000
core   0: 0x80004dea (0x021ba433) mulhsu  s0, s7, ra
core   0: 3 0x80004dea (0x021ba433) x 8 0x00000000
core   0: 0x80004dee (0x00008e3d) c.xor   a2, a5
core   0: 3 0x80004dee (0x8e3d) x12 0x00000000
core   0: 0x80004df0 (0x0000ef05) c.bnez  a4, pc + 56
core   0: 3 0x80004df0 (0xef05)
core   0: 0x80004df2 (0x00d369b3) or      s3, t1, a3
core   0: 3 0x80004df2 (0x00d369b3) x19 0x01a03000
core   0: 0x80004df6 (0x05291263) bne     s2, s2, pc + 68
core   0: 3 0x80004df6 (0x05291263)
core   0: 0x80004dfa (0x413856b3) sra     a3, a6, s3
core   0: 3 0x80004dfa (0x413856b3) x13 0x00000000
core   0: 0x80004dfe (0x0230edb3) rem     s11, ra, gp
core   0: 3 0x80004dfe (0x0230edb3) x27 0x00000001
core   0: 0x80004e02 (0x038092b3) mulh    t0, ra, s8
core   0: 3 0x80004e02 (0x038092b3) x 5 0x00000000
core   0: 0x80004e06 (0x00008fcd) c.or    a5, a1
core   0: 3 0x80004e06 (0x8fcd) x15 0x01a73103
core   0: 0x80004e08 (0x017dc6b3) xor     a3, s11, s7
core   0: 3 0x80004e08 (0x017dc6b3) x13 0x00000000
core   0: 0x80004e0c (0x023e66b3) rem     a3, t3, gp
core   0: 3 0x80004e0c (0x023e66b3) x13 0x00000000
core   0: 0x80004e10 (0x00004775) c.li    a4, 29
core   0: 3 0x80004e10 (0x4775) x14 0x0000001d
core   0: 0x80004e12 (0x00008c95) c.sub   s1, a3
core   0: 3 0x80004e12 (0x8c95) x 9 0x00000000
core   0: 0x80004e14 (0x1b037e13) andi    t3, t1, 432
core   0: 3 0x80004e14 (0x1b037e13) x28 0x00000000
core   0: 0x80004e18 (0x0000986e) c.add   a6, s11
core   0: 3 0x80004e18 (0x986e) x16 0x00000001
core   0: 0x80004e1a (0x7c3cc8b7) lui     a7, 0x7c3cc
core   0: 3 0x80004e1a (0x7c3cc8b7) x17 0x7c3cc000
core   0: 0x80004e1e (0xadaa3f13) sltiu   t5, s4, -1318
core   0: 3 0x80004e1e (0xadaa3f13) x30 0x00000001
core   0: 0x80004e22 (0x00008231) c.srli  a2, 12
core   0: 3 0x80004e22 (0x8231) x12 0x00000000
core   0: 0x80004e24 (0x01ffad33) slt     s10, t6, t6
core   0: 3 0x80004e24 (0x01ffad33) x26 0x00000000
core   0: 0x80004e28 (0x16d68b93) addi    s7, a3, 365
core   0: 3 0x80004e28 (0x16d68b93) x23 0x0000016d
core   0: 0x80004e2c (0x40458fb3) sub     t6, a1, tp
core   0: 3 0x80004e2c (0x40458fb3) x31 0x01a73103
core   0: 0x80004e30 (0x0000080a) c.slli  a6, 2
core   0: 3 0x80004e30 (0x080a) x16 0x00000004
core   0: 0x80004e32 (0x0258fa63) bgeu    a7, t0, pc + 52
core   0: 3 0x80004e32 (0x0258fa63)
core   0: 0x80004e66 (0x845ff693) andi    a3, t6, -1979
core   0: 3 0x80004e66 (0x845ff693) x13 0x01a73001
core   0: 0x80004e6a (0x00889e63) bne     a7, s0, pc + 28
core   0: 3 0x80004e6a (0x00889e63)
core   0: 0x80004e86 (0x03284433) div     s0, a6, s2
core   0: 3 0x80004e86 (0x03284433) x 8 0x00000000
core   0: 0x80004e8a (0x02f17bb3) remu    s7, sp, a5
core   0: 3 0x80004e8a (0x02f17bb3) x23 0x00000000
core   0: 0x80004e8e (0x000084e1) c.srai  s1, 24
core   0: 3 0x80004e8e (0x84e1) x 9 0x00000000
core   0: 0x80004e90 (0x039a1eb3) mulh    t4, s4, s9
core   0: 3 0x80004e90 (0x039a1eb3) x29 0xfea4c74b
core   0: 0x80004e94 (0x4c1d7913) andi    s2, s10, 1217
core   0: 3 0x80004e94 (0x4c1d7913) x18 0x00000000
core   0: 0x80004e98 (0x0121f363) bgeu    gp, s2, pc + 6
core   0: 3 0x80004e98 (0x0121f363)
core   0: 0x80004e9e (0x01013233) sltu    tp, sp, a6
core   0: 3 0x80004e9e (0x01013233) x 4 0x00000001
core   0: 0x80004ea2 (0x0000cb89) c.beqz  a5, pc + 18
core   0: 3 0x80004ea2 (0xcb89)
core   0: 0x80004ea4 (0x030d94b3) mulh    s1, s11, a6
core   0: 3 0x80004ea4 (0x030d94b3) x 9 0x00000000
core   0: 0x80004ea8 (0x01e6f763) bgeu    a3, t5, pc + 14
core   0: 3 0x80004ea8 (0x01e6f763)
core   0: 0x80004eb6 (0x03c2f133) remu    sp, t0, t3
core   0: 3 0x80004eb6 (0x03c2f133) x 2 0x00000000
core   0: 0x80004eba (0x00008be6) c.mv    s7, s9
core   0: 3 0x80004eba (0x8be6) x23 0x04a36c92
core   0: 0x80004ebc (0x00009e4a) c.add   t3, s2
core   0: 3 0x80004ebc (0x9e4a) x28 0x00000000
core   0: 0x80004ebe (0x00880b33) add     s6, a6, s0
core   0: 3 0x80004ebe (0x00880b33) x22 0x00000004
core   0: 0x80004ec2 (0xdfc59437) lui     s0, 0xdfc59
core   0: 3 0x80004ec2 (0xdfc59437) x 8 0xdfc59000
core   0: 0x80004ec6 (0x0335a0b3) mulhsu  ra, a1, s3
core   0: 3 0x80004ec6 (0x0335a0b3) x 1 0x0002affe
core   0: 0x80004eca (0x40d656b3) sra     a3, a2, a3
core   0: 3 0x80004eca (0x40d656b3) x13 0x00000000
core   0: 0x80004ece (0x0000100f) fence.i
core   0: 3 0x80004ece (0x0000100f)
core   0: 0x80004ed2 (0x00008f91) c.sub   a5, a2
core   0: 3 0x80004ed2 (0x8f91) x15 0x01a73103
core   0: 0x80004ed4 (0x014b5763) bge     s6, s4, pc + 14
core   0: 3 0x80004ed4 (0x014b5763)
core   0: 0x80004ee2 (0x02faddb3) divu    s11, s5, a5
core   0: 3 0x80004ee2 (0x02faddb3) x27 0x0000004d
core   0: 0x80004ee6 (0x01cf11b3) sll     gp, t5, t3
core   0: 3 0x80004ee6 (0x01cf11b3) x 3 0x00000001
core   0: 0x80004eea (0x4cc67893) andi    a7, a2, 1228
core   0: 3 0x80004eea (0x4cc67893) x17 0x00000000
core   0: 0x80004eee (0x006bf433) and     s0, s7, t1
core   0: 3 0x80004eee (0x006bf433) x 8 0x00000000
core   0: 0x80004ef2 (0x0261fb63) bgeu    gp, t1, pc + 54
core   0: 3 0x80004ef2 (0x0261fb63)
core   0: 0x80004f28 (0x04a88063) beq     a7, a0, pc + 64
core   0: 3 0x80004f28 (0x04a88063)
core   0: 0x80004f2c (0x00cad233) srl     tp, s5, a2
core   0: 3 0x80004f2c (0x00cad233) x 4 0x80029ce4
core   0: 0x80004f30 (0x00008cc1) c.or    s1, s0
core   0: 3 0x80004f30 (0x8cc1) x 9 0x00000000
core   0: 0x80004f32 (0x00009bfd) c.andi  a5, -1
core   0: 3 0x80004f32 (0x9bfd) x15 0x01a73103
core   0: 0x80004f34 (0x411f0233) sub     tp, t5, a7
core   0: 3 0x80004f34 (0x411f0233) x 4 0x00000001
core   0: 0x80004f38 (0x000083d9) c.srli  a5, 22
core   0: 3 0x80004f38 (0x83d9) x15 0x00000006
core   0: 0x80004f3a (0x7542c893) xori    a7, t0, 1876
core   0: 3 0x80004f3a (0x7542c893) x17 0x00000754
core   0: 0x80004f3e (0x00000d1c) c.addi4spn a5, sp, 656
core   0: 3 0x80004f3e (0x0d1c) x15 0x00000290
core   0: 0x80004f40 (0x5849f013) andi    zero, s3, 1412
core   0: 3 0x80004f40 (0x5849f013)
core   0: 0x80004f44 (0x0000100f) fence.i
core   0: 3 0x80004f44 (0x0000100f)
core   0: 0x80004f48 (0x00008e11) c.sub   a2, a2
core   0: 3 0x80004f48 (0x8e11) x12 0x00000000
core   0: 0x80004f4a (0x0ff0000f) fence   iorw,iorw
core   0: 3 0x80004f4a (0x0ff0000f)
core   0: 0x80004f4e (0x00008f2d) c.xor   a4, a1
core   0: 3 0x80004f4e (0x8f2d) x14 0x01a7311e
core   0: 0x80004f50 (0x00d197b3) sll     a5, gp, a3
core   0: 3 0x80004f50 (0x00d197b3) x15 0x00000001
core   0: 0x80004f54 (0x039aac33) mulhsu  s8, s5, s9
core   0: 3 0x80004f54 (0x039aac33) x24 0xfdae55d5
core   0: 0x80004f58 (0x41faa213) slti    tp, s5, 1055
core   0: 3 0x80004f58 (0x41faa213) x 4 0x00000001
core   0: 0x80004f5c (0x01f1a333) slt     t1, gp, t6
core   0: 3 0x80004f5c (0x01f1a333) x 6 0x00000001
core   0: 0x80004f60 (0x000087fd) c.srai  a5, 31
core   0: 3 0x80004f60 (0x87fd) x15 0x00000000
core   0: 0x80004f62 (0x00000001) c.nop
core   0: 3 0x80004f62 (0x0001)
core   0: 0x80004f64 (0x01bceb33) or      s6, s9, s11
core   0: 3 0x80004f64 (0x01bceb33) x22 0x04a36cdf
core   0: 0x80004f68 (0x03f38d63) beq     t2, t6, pc + 58
core   0: 3 0x80004f68 (0x03f38d63)
core   0: 0x80004f6c (0x000010fd) c.addi  ra, -1
core   0: 3 0x80004f6c (0x10fd) x 1 0x0002affd
core   0: 0x80004f6e (0x005ea6b3) slt     a3, t4, t0
core   0: 3 0x80004f6e (0x005ea6b3) x13 0x00000001
core   0: 0x80004f72 (0x03a27fb3) remu    t6, tp, s10
core   0: 3 0x80004f72 (0x03a27fb3) x31 0x00000001
core   0: 0x80004f76 (0x5a9b2493) slti    s1, s6, 1449
core   0: 3 0x80004f76 (0x5a9b2493) x 9 0x00000000
core   0: 0x80004f7a (0x8d4a7b93) andi    s7, s4, -1836
core   0: 3 0x80004f7a (0x8d4a7b93) x23 0xb52438d4
core   0: 0x80004f7e (0x0051cf33) xor     t5, gp, t0
core   0: 3 0x80004f7e (0x0051cf33) x30 0x00000001
core   0: 0x80004f82 (0x0338f063) bgeu    a7, s3, pc + 32
core   0: 3 0x80004f82 (0x0338f063)
core   0: 0x80004f86 (0x0000c205) c.beqz  a2, pc + 32
core   0: 3 0x80004f86 (0xc205)
core   0: 0x80004fa6 (0x000048e5) c.li    a7, 25
core   0: 3 0x80004fa6 (0x48e5) x17 0x00000019
core   0: 0x80004fa8 (0x01c2f0b3) and     ra, t0, t3
core   0: 3 0x80004fa8 (0x01c2f0b3) x 1 0x00000000
core   0: 0x80004fac (0x00008be9) c.andi  a5, 26
core   0: 3 0x80004fac (0x8be9) x15 0x00000000
core   0: 0x80004fae (0x3e2c8417) auipc   s0, 0x3e2c8
core   0: 3 0x80004fae (0x3e2c8417) x 8 0xbe2ccfae
core   0: 0x80004fb2 (0x820134b7) lui     s1, 0x82013
core   0: 3 0x80004fb2 (0x820134b7) x 9 0x82013000
core   0: 0x80004fb6 (0x0223a6b3) mulhsu  a3, t2, sp
core   0: 3 0x80004fb6 (0x0223a6b3) x13 0x00000000
core   0: 0x80004fba (0x00000242) c.slli  tp, 16
core   0: 3 0x80004fba (0x0242) x 4 0x00010000
core   0: 0x80004fbc (0x8d61e693) ori     a3, gp, -1834
core   0: 3 0x80004fbc (0x8d61e693) x13 0xfffff8d7
core   0: 0x80004fc0 (0x03e43833) mulhu   a6, s0, t5
core   0: 3 0x80004fc0 (0x03e43833) x16 0x00000000
core   0: 0x80004fc4 (0x035030b3) mulhu   ra, zero, s5
core   0: 3 0x80004fc4 (0x035030b3) x 1 0x00000000
core   0: 0x80004fc8 (0x0377b333) mulhu   t1, a5, s7
core   0: 3 0x80004fc8 (0x0377b333) x 6 0x00000000
core   0: 0x80004fcc (0x012fca33) xor     s4, t6, s2
core   0: 3 0x80004fcc (0x012fca33) x20 0x00000001
core   0: 0x80004fd0 (0xe6368313) addi    t1, a3, -413
core   0: 3 0x80004fd0 (0xe6368313) x 6 0xfffff73a
core   0: 0x80004fd4 (0x035c0233) mul     tp, s8, s5
core   0: 3 0x80004fd4 (0x035c0233) x 4 0x573c3db4
core   0: 0x80004fd8 (0x0249c2b3) div     t0, s3, tp
core   0: 3 0x80004fd8 (0x0249c2b3) x 5 0x00000000
core   0: 0x80004fdc (0x00006105) c.addi16sp sp, 32
core   0: 3 0x80004fdc (0x6105) x 2 0x00000020
core   0: 0x80004fde (0x01066463) bltu    a2, a6, pc + 8
core   0: 3 0x80004fde (0x01066463)
core   0: 0x80004fe2 (0x00009bd2) c.add   s7, s4
core   0: 3 0x80004fe2 (0x9bd2) x23 0xb52438d5
core   0: 0x80004fe4 (0x00008a35) c.andi  a2, 13
core   0: 3 0x80004fe4 (0x8a35) x12 0x00000000
core   0: 0x80004fe6 (0x00465a13) srli    s4, a2, 4
core   0: 3 0x80004fe6 (0x00465a13) x20 0x00000000
core   0: 0x80004fea (0x0000447d) c.li    s0, 31
core   0: 3 0x80004fea (0x447d) x 8 0x0000001f
core   0: 0x80004fec (0x7768ea13) ori     s4, a7, 1910
core   0: 3 0x80004fec (0x7768ea13) x20 0x0000077f
core   0: 0x80004ff0 (0xe2a42693) slti    a3, s0, -470
core   0: 3 0x80004ff0 (0xe2a42693) x13 0x00000000
core   0: 0x80004ff4 (0x00008b26) c.mv    s6, s1
core   0: 3 0x80004ff4 (0x8b26) x22 0x82013000
core   0: 0x80004ff6 (0x00000001) c.nop
core   0: 3 0x80004ff6 (0x0001)
core   0: 0x80004ff8 (0x00604933) xor     s2, zero, t1
core   0: 3 0x80004ff8 (0x00604933) x18 0xfffff73a
core   0: 0x80004ffc (0x03cab4b3) mulhu   s1, s5, t3
core   0: 3 0x80004ffc (0x03cab4b3) x 9 0x00000000
core   0: 0x80005000 (0x01dd4eb3) xor     t4, s10, t4
core   0: 3 0x80005000 (0x01dd4eb3) x29 0xfea4c74b
core   0: 0x80005004 (0x00009afd) c.andi  a3, -1
core   0: 3 0x80005004 (0x9afd) x13 0x00000000
core   0: 0x80005006 (0x00008ffd) c.and   a5, a5
core   0: 3 0x80005006 (0x8ffd) x15 0x00000000
core   0: 0x80005008 (0x03869263) bne     a3, s8, pc + 36
core   0: 3 0x80005008 (0x03869263)
core   0: 0x8000502c (0x00008085) c.srli  s1, 1
core   0: 3 0x8000502c (0x8085) x 9 0x00000000
core   0: 0x8000502e (0x26f0cb13) xori    s6, ra, 623
core   0: 3 0x8000502e (0x26f0cb13) x22 0x0000026f
core   0: 0x80005032 (0x01a7b8b3) sltu    a7, a5, s10
core   0: 3 0x80005032 (0x01a7b8b3) x17 0x00000000
core   0: 0x80005036 (0x41f2d113) srai    sp, t0, 31
core   0: 3 0x80005036 (0x41f2d113) x 2 0x00000000
core   0: 0x8000503a (0x00008b39) c.andi  a4, 14
core   0: 3 0x8000503a (0x8b39) x14 0x0000000e
core   0: 0x8000503c (0x46c27213) andi    tp, tp, 1132
core   0: 3 0x8000503c (0x46c27213) x 4 0x00000424
core   0: 0x80005040 (0x00000001) c.nop
core   0: 3 0x80005040 (0x0001)
core   0: 0x80005042 (0x03b04c13) xori    s8, zero, 59
core   0: 3 0x80005042 (0x03b04c13) x24 0x0000003b
core   0: 0x80005046 (0x00000001) c.nop
core   0: 3 0x80005046 (0x0001)
core   0: 0x80005048 (0x0000ed09) c.bnez  a0, pc + 26
core   0: 3 0x80005048 (0xed09)
core   0: 0x80005062 (0x009e0a63) beq     t3, s1, pc + 20
core   0: 3 0x80005062 (0x009e0a63)
core   0: 0x80005076 (0x41d40bb3) sub     s7, s0, t4
core   0: 3 0x80005076 (0x41d40bb3) x23 0x015b38d4
core   0: 0x8000507a (0x00ff0a63) beq     t5, a5, pc + 20
core   0: 3 0x8000507a (0x00ff0a63)
core   0: 0x8000507e (0x00008d79) c.and   a0, a4
core   0: 3 0x8000507e (0x8d79) x10 0x0000000a
core   0: 0x80005080 (0x01c3dd63) bge     t2, t3, pc + 26
core   0: 3 0x80005080 (0x01c3dd63)
core   0: 0x80005084 (0x00001e7d) c.addi  t3, -1
core   0: 3 0x80005084 (0x1e7d) x28 0xffffffff
core   0: 0x80005086 (0x000092f6) c.add   t0, t4
core   0: 3 0x80005086 (0x92f6) x 5 0xfea4c74b
core   0: 0x80005088 (0x93718213) addi    tp, gp, -1737
core   0: 3 0x80005088 (0x93718213) x 4 0xfffff938
core   0: 0x8000508c (0x00008b96) c.mv    s7, t0
core   0: 3 0x8000508c (0x8b96) x23 0xfea4c74b
core   0: 0x8000508e (0x000094f2) c.add   s1, t3
core   0: 3 0x8000508e (0x94f2) x 9 0xffffffff
core   0: 0x80005090 (0x00000ea6) c.slli  t4, 9
core   0: 3 0x80005090 (0x0ea6) x29 0x498e9600
core   0: 0x80005092 (0x40a557b3) sra     a5, a0, a0
core   0: 3 0x80005092 (0x40a557b3) x15 0x00000000
core   0: 0x80005096 (0x01a61b63) bne     a2, s10, pc + 22
core   0: 3 0x80005096 (0x01a61b63)
core   0: 0x8000509a (0x0ca1c737) lui     a4, 0xca1c
core   0: 3 0x8000509a (0x0ca1c737) x14 0x0ca1c000
core   0: 0x8000509e (0x00f5ab33) slt     s6, a1, a5
core   0: 3 0x8000509e (0x00f5ab33) x22 0x00000000
core   0: 0x800050a2 (0x0288cb63) blt     a7, s0, pc + 54
core   0: 3 0x800050a2 (0x0288cb63)
core   0: 0x800050d8 (0x00000001) c.nop
core   0: 3 0x800050d8 (0x0001)
core   0: 0x800050da (0x019e51b3) srl     gp, t3, s9
core   0: 3 0x800050da (0x019e51b3) x 3 0x00003fff
core   0: 0x800050de (0x00008fcd) c.or    a5, a1
core   0: 3 0x800050de (0x8fcd) x15 0x01a73103
core   0: 0x800050e0 (0xcd01c613) xori    a2, gp, -816
core   0: 3 0x800050e0 (0xcd01c613) x12 0xffffc32f
core   0: 0x800050e4 (0x0000c499) c.beqz  s1, pc + 14
core   0: 3 0x800050e4 (0xc499)
core   0: 0x800050e6 (0x0116e533) or      a0, a3, a7
core   0: 3 0x800050e6 (0x0116e533) x10 0x00000000
core   0: 0x800050ea (0x037c46b3) div     a3, s8, s7
core   0: 3 0x800050ea (0x037c46b3) x13 0x00000000
core   0: 0x800050ee (0x00006109) c.addi16sp sp, 128
core   0: 3 0x800050ee (0x6109) x 2 0x00000080
core   0: 0x800050f0 (0x00008c4d) c.or    s0, a1
core   0: 3 0x800050f0 (0x8c4d) x 8 0x01a7311f
core   0: 0x800050f2 (0x00000001) c.nop
core   0: 3 0x800050f2 (0x0001)
core   0: 0x800050f4 (0x00008d5d) c.or    a0, a5
core   0: 3 0x800050f4 (0x8d5d) x10 0x01a73103
core   0: 0x800050f6 (0x408f8533) sub     a0, t6, s0
core   0: 3 0x800050f6 (0x408f8533) x10 0xfe58cee2
core   0: 0x800050fa (0xa26f3893) sltiu   a7, t5, -1498
core   0: 3 0x800050fa (0xa26f3893) x17 0x00000001
core   0: 0x800050fe (0x00000001) c.nop
core   0: 3 0x800050fe (0x0001)
core   0: 0x80005100 (0x0000100f) fence.i
core   0: 3 0x80005100 (0x0000100f)
core   0: 0x80005104 (0x00712c33) slt     s8, sp, t2
core   0: 3 0x80005104 (0x00712c33) x24 0x00000000
core   0: 0x80005108 (0x0000e899) c.bnez  s1, pc + 22
core   0: 3 0x80005108 (0xe899)
core   0: 0x8000511e (0x00961863) bne     a2, s1, pc + 16
core   0: 3 0x8000511e (0x00961863)
core   0: 0x8000512e (0x020c9bb3) mulh    s7, s9, zero
core   0: 3 0x8000512e (0x020c9bb3) x23 0x00000000
core   0: 0x80005132 (0x01571263) bne     a4, s5, pc + 4
core   0: 3 0x80005132 (0x01571263)
core   0: 0x80005136 (0x40648eb3) sub     t4, s1, t1
core   0: 3 0x80005136 (0x40648eb3) x29 0x000008c5
core   0: 0x8000513a (0x0085a0b3) slt     ra, a1, s0
core   0: 3 0x8000513a (0x0085a0b3) x 1 0x00000001
core   0: 0x8000513e (0x03c7d733) divu    a4, a5, t3
core   0: 3 0x8000513e (0x03c7d733) x14 0x00000000
core   0: 0x80005142 (0x5dc73093) sltiu   ra, a4, 1500
core   0: 3 0x80005142 (0x5dc73093) x 1 0x00000001
core   0: 0x80005146 (0x00001594) c.addi4spn a3, sp, 736
core   0: 3 0x80005146 (0x1594) x13 0x00000360
core   0: 0x80005148 (0x01ae7a63) bgeu    t3, s10, pc + 20
core   0: 3 0x80005148 (0x01ae7a63)
core   0: 0x8000515c (0x03be8b33) mul     s6, t4, s11
core   0: 3 0x8000515c (0x03be8b33) x22 0x0002a341
core   0: 0x80005160 (0x0889ee63) bltu    s3, s0, pc + 156
core   0: 3 0x80005160 (0x0889ee63)
core   0: 0x800051fc (0x00150a63) beq     a0, ra, pc + 20
core   0: 3 0x800051fc (0x00150a63)
core   0: 0x80005200 (0x01939c93) slli    s9, t2, 25
core   0: 3 0x80005200 (0x01939c93) x25 0x90000000
core   0: 0x80005204 (0x02803333) mulhu   t1, zero, s0
core   0: 3 0x80005204 (0x02803333) x 6 0x00000000
core   0: 0x80005208 (0x00009b62) c.add   s6, s8
core   0: 3 0x80005208 (0x9b62) x22 0x0002a341
core   0: 0x8000520a (0x014e6d63) bltu    t3, s4, pc + 26
core   0: 3 0x8000520a (0x014e6d63)
core   0: 0x8000520e (0x00008f01) c.sub   a4, s0
core   0: 3 0x8000520e (0x8f01) x14 0xfe58cee1
core   0: 0x80005210 (0x00000f72) c.slli  t5, 28
core   0: 3 0x80005210 (0x0f72) x30 0x10000000
core   0: 0x80005212 (0x02eac333) div     t1, s5, a4
core   0: 3 0x80005212 (0x02eac333) x 6 0x0000004d
core   0: 0x80005216 (0x00000001) c.nop
core   0: 3 0x80005216 (0x0001)
core   0: 0x80005218 (0x0000100f) fence.i
core   0: 3 0x80005218 (0x0000100f)
core   0: 0x8000521c (0x01d951b3) srl     gp, s2, t4
core   0: 3 0x8000521c (0x01d951b3) x 3 0x07ffffb9
core   0: 0x80005220 (0x0000653d) c.lui   a0, 0xf
core   0: 3 0x80005220 (0x653d) x10 0x0000f000
core   0: 0x80005222 (0x000087ad) c.srai  a5, 11
core   0: 3 0x80005222 (0x87ad) x15 0x000034e6
core   0: 0x80005224 (0x0124c4b3) xor     s1, s1, s2
core   0: 3 0x80005224 (0x0124c4b3) x 9 0x000008c5
core   0: 0x80005228 (0x00000380) c.addi4spn s0, sp, 448
core   0: 3 0x80005228 (0x0380) x 8 0x00000240
core   0: 0x8000522a (0x03bb8063) beq     s7, s11, pc + 32
core   0: 3 0x8000522a (0x03bb8063)
core   0: 0x8000522e (0x0000849d) c.srai  s1, 7
core   0: 3 0x8000522e (0x849d) x 9 0x00000011
core   0: 0x80005230 (0x01ad54b3) srl     s1, s10, s10
core   0: 3 0x80005230 (0x01ad54b3) x 9 0x00000000
core   0: 0x80005234 (0x0454f163) bgeu    s1, t0, pc + 66
core   0: 3 0x80005234 (0x0454f163)
core   0: 0x80005238 (0x5d016013) ori     zero, sp, 1488
core   0: 3 0x80005238 (0x5d016013)
core   0: 0x8000523c (0x01ae14b3) sll     s1, t3, s10
core   0: 3 0x8000523c (0x01ae14b3) x 9 0xffffffff
core   0: 0x80005240 (0x00000b0a) c.slli  s6, 2
core   0: 3 0x80005240 (0x0b0a) x22 0x000a8d04
core   0: 0x80005242 (0x029b90b3) mulh    ra, s7, s1
core   0: 3 0x80005242 (0x029b90b3) x 1 0x00000000
core   0: 0x80005246 (0x0135b133) sltu    sp, a1, s3
core   0: 3 0x80005246 (0x0135b133) x 2 0x00000000
core   0: 0x8000524a (0x00008f49) c.or    a4, a0
core   0: 3 0x8000524a (0x8f49) x14 0xfe58fee1
core   0: 0x8000524c (0x0000cf89) c.beqz  a5, pc + 26
core   0: 3 0x8000524c (0xcf89)
core   0: 0x8000524e (0x000080d5) c.srli  s1, 21
core   0: 3 0x8000524e (0x80d5) x 9 0x000007ff
core   0: 0x80005250 (0xc5ae0a13) addi    s4, t3, -934
core   0: 3 0x80005250 (0xc5ae0a13) x20 0xfffffc59
core   0: 0x80005254 (0x01741813) slli    a6, s0, 23
core   0: 3 0x80005254 (0x01741813) x16 0x20000000
core   0: 0x80005258 (0x010b1533) sll     a0, s6, a6
core   0: 3 0x80005258 (0x010b1533) x10 0x000a8d04
core   0: 0x8000525c (0x40d48233) sub     tp, s1, a3
core   0: 3 0x8000525c (0x40d48233) x 4 0x0000049f
core   0: 0x80005260 (0x63f8f093) andi    ra, a7, 1599
core   0: 3 0x80005260 (0x63f8f093) x 1 0x00000001
core   0: 0x80005264 (0x00008a9d) c.andi  a3, 7
core   0: 3 0x80005264 (0x8a9d) x13 0x00000000
core   0: 0x80005266 (0x00d0b033) sltu    zero, ra, a3
core   0: 3 0x80005266 (0x00d0b033)
core   0: 0x8000526a (0x0000c3b1) c.beqz  a5, pc + 68
core   0: 3 0x8000526a (0xc3b1)
core   0: 0x8000526c (0x006cd493) srli    s1, s9, 6
core   0: 3 0x8000526c (0x006cd493) x 9 0x02400000
core   0: 0x80005270 (0x00009bfd) c.andi  a5, -1
core   0: 3 0x80005270 (0x9bfd) x15 0x000034e6
core   0: 0x80005272 (0x0ff0000f) fence   iorw,iorw
core   0: 3 0x80005272 (0x0ff0000f)
core   0: 0x80005276 (0x109a7c17) auipc   s8, 0x109a7
core   0: 3 0x80005276 (0x109a7c17) x24 0x909ac276
core   0: 0x8000527a (0x00008f85) c.sub   a5, s1
core   0: 3 0x8000527a (0x8f85) x15 0xfdc034e6
core   0: 0x8000527c (0x02c28e33) mul     t3, t0, a2
core   0: 3 0x8000527c (0x02c28e33) x28 0x7cc3b7c5
core   0: 0x80005280 (0x026f6733) rem     a4, t5, t1
core   0: 3 0x80005280 (0x026f6733) x14 0x0000003a
core   0: 0x80005284 (0x41d15613) srai    a2, sp, 29
core   0: 3 0x80005284 (0x41d15613) x12 0x00000000
core   0: 0x80005288 (0x00008111) c.srli  a0, 4
core   0: 3 0x80005288 (0x8111) x10 0x0000a8d0
core   0: 0x8000528a (0x8da5a313) slti    t1, a1, -1830
core   0: 3 0x8000528a (0x8da5a313) x 6 0x00000000
core   0: 0x8000528e (0x40b15533) sra     a0, sp, a1
core   0: 3 0x8000528e (0x40b15533) x10 0x00000000
core   0: 0x80005292 (0x00006111) c.addi16sp sp, 256
core   0: 3 0x80005292 (0x6111) x 2 0x00000100
core   0: 0x80005294 (0x01a71913) slli    s2, a4, 26
core   0: 3 0x80005294 (0x01a71913) x18 0xe8000000
core   0: 0x80005298 (0x018ff933) and     s2, t6, s8
core   0: 3 0x80005298 (0x018ff933) x18 0x00000000
core   0: 0x8000529c (0x000002d9) c.addi  t0, 22
core   0: 3 0x8000529c (0x02d9) x 5 0xfea4c761
core   0: 0x8000529e (0x2b2c4c93) xori    s9, s8, 690
core   0: 3 0x8000529e (0x2b2c4c93) x25 0x909ac0c4
core   0: 0x800052a2 (0xbd93fe93) andi    t4, t2, -1063
core   0: 3 0x800052a2 (0xbd93fe93) x29 0x80025a48
core   0: 0x800052a6 (0x01388863) beq     a7, s3, pc + 16
core   0: 3 0x800052a6 (0x01388863)
core   0: 0x800052aa (0x000ef7b3) and     a5, t4, zero
core   0: 3 0x800052aa (0x000ef7b3) x15 0x00000000
core   0: 0x800052ae (0x01e1a6b3) slt     a3, gp, t5
core   0: 3 0x800052ae (0x01e1a6b3) x13 0x00000001
core   0: 0x800052b2 (0x02a0c1b3) div     gp, ra, a0
core   0: 3 0x800052b2 (0x02a0c1b3) x 3 0xffffffff
core   0: 0x800052b6 (0x00008e01) c.sub   a2, s0
core   0: 3 0x800052b6 (0x8e01) x12 0xfffffdc0
core   0: 0x800052b8 (0x00006bbd) c.lui   s7, 0xf
core   0: 3 0x800052b8 (0x6bbd) x23 0x0000f000
core   0: 0x800052ba (0x03bd1233) mulh    tp, s10, s11
core   0: 3 0x800052ba (0x03bd1233) x 4 0x00000000
core   0: 0x800052be (0x0000c811) c.beqz  s0, pc + 20
core   0: 3 0x800052be (0xc811)
core   0: 0x800052c0 (0xc8463917) auipc   s2, 0xc8463
core   0: 3 0x800052c0 (0xc8463917) x18 0x484682c0
core   0: 0x800052c4 (0x0000612d) c.addi16sp sp, 224
core   0: 3 0x800052c4 (0x612d) x 2 0x000001e0
core   0: 0x800052c6 (0x00008285) c.srli  a3, 1
core   0: 3 0x800052c6 (0x8285) x13 0x00000000
core   0: 0x800052c8 (0x02e72c33) mulhsu  s8, a4, a4
core   0: 3 0x800052c8 (0x02e72c33) x24 0x00000000
core   0: 0x800052cc (0x00008c69) c.and   s0, a0
core   0: 3 0x800052cc (0x8c69) x 8 0x00000000
core   0: 0x800052ce (0xe594b313) sltiu   t1, s1, -423
core   0: 3 0x800052ce (0xe594b313) x 6 0x00000001
core   0: 0x800052d2 (0x00aff663) bgeu    t6, a0, pc + 12
core   0: 3 0x800052d2 (0x00aff663)
core   0: 0x800052de (0x0000e089) c.bnez  s1, pc + 2
core   0: 3 0x800052de (0xe089)
core   0: 0x800052e0 (0x00006489) c.lui   s1, 0x2
core   0: 3 0x800052e0 (0x6489) x 9 0x00002000
core   0: 0x800052e2 (0x04df8663) beq     t6, a3, pc + 76
core   0: 3 0x800052e2 (0x04df8663)
core   0: 0x800052e6 (0x016fd533) srl     a0, t6, s6
core   0: 3 0x800052e6 (0x016fd533) x10 0x00000000
core   0: 0x800052ea (0x022f9533) mulh    a0, t6, sp
core   0: 3 0x800052ea (0x022f9533) x10 0x00000000
core   0: 0x800052ee (0x03665263) bge     a2, s6, pc + 36
core   0: 3 0x800052ee (0x03665263)
core   0: 0x800052f2 (0x03c71d33) mulh    s10, a4, t3
core   0: 3 0x800052f2 (0x03c71d33) x26 0x0000001c
core   0: 0x800052f6 (0x41345033) sra     zero, s0, s3
core   0: 3 0x800052f6 (0x41345033)
core   0: 0x800052fa (0x001f4233) xor     tp, t5, ra
core   0: 3 0x800052fa (0x001f4233) x 4 0x10000001
core   0: 0x800052fe (0x0ff0000f) fence   iorw,iorw
core   0: 3 0x800052fe (0x0ff0000f)
core   0: 0x80005302 (0x9af87093) andi    ra, a6, -1617
core   0: 3 0x80005302 (0x9af87093) x 1 0x20000000
core   0: 0x80005306 (0xca8ca093) slti    ra, s9, -856
core   0: 3 0x80005306 (0xca8ca093) x 1 0x00000001
core   0: 0x8000530a (0x41f186b3) sub     a3, gp, t6
core   0: 3 0x8000530a (0x41f186b3) x13 0xfffffffe
core   0: 0x8000530e (0x01b5cb33) xor     s6, a1, s11
core   0: 3 0x8000530e (0x01b5cb33) x22 0x01a7314e
core   0: 0x80005312 (0x4029d0b3) sra     ra, s3, sp
core   0: 3 0x80005312 (0x4029d0b3) x 1 0x01a03000
core   0: 0x80005316 (0xaf524513) xori    a0, tp, -1291
core   0: 3 0x80005316 (0xaf524513) x10 0xeffffaf4
core   0: 0x8000531a (0x00001b18) c.addi4spn a4, sp, 432
core   0: 3 0x8000531a (0x1b18) x14 0x00000390
core   0: 0x8000531c (0x00008f01) c.sub   a4, s0
core   0: 3 0x8000531c (0x8f01) x14 0x00000390
core   0: 0x8000531e (0x00f9fb33) and     s6, s3, a5
core   0: 3 0x8000531e (0x00f9fb33) x22 0x00000000
core   0: 0x80005322 (0x01d6b933) sltu    s2, a3, t4
core   0: 3 0x80005322 (0x01d6b933) x18 0x00000000
core   0: 0x80005326 (0x031e74b3) remu    s1, t3, a7
core   0: 3 0x80005326 (0x031e74b3) x 9 0x00000000
core   0: 0x8000532a (0x00d35493) srli    s1, t1, 13
core   0: 3 0x8000532a (0x00d35493) x 9 0x00000000
core   0: 0x8000532e (0x00361c13) slli    s8, a2, 3
core   0: 3 0x8000532e (0x00361c13) x24 0xffffee00
core   0: 0x80005332 (0x01c69713) slli    a4, a3, 28
core   0: 3 0x80005332 (0x01c69713) x14 0xe0000000
core   0: 0x80005336 (0x0ff0000f) fence   iorw,iorw
core   0: 3 0x80005336 (0x0ff0000f)
core   0: 0x8000533a (0x2264ccb7) lui     s9, 0x2264c
core   0: 3 0x8000533a (0x2264ccb7) x25 0x2264c000
core   0: 0x8000533e (0x00000935) c.addi  s2, 13
core   0: 3 0x8000533e (0x0935) x18 0x0000000d
core   0: 0x80005340 (0x00008ead) c.xor   a3, a1
core   0: 3 0x80005340 (0x8ead) x13 0xfe58cefd
core   0: 0x80005342 (0x00aeea63) bltu    t4, a0, pc + 20
core   0: 3 0x80005342 (0x00aeea63)
core   0: 0x80005356 (0x000087ad) c.srai  a5, 11
core   0: 3 0x80005356 (0x87ad) x15 0x00000000
core   0: 0x80005358 (0x00b69893) slli    a7, a3, 11
core   0: 3 0x80005358 (0x00b69893) x17 0xc677e800
core   0: 0x8000535c (0x00008c09) c.sub   s0, a0
core   0: 3 0x8000535c (0x8c09) x 8 0x1000050c
core   0: 0x8000535e (0xe682dfb7) lui     t6, 0xe682d
core   0: 3 0x8000535e (0xe682dfb7) x31 0xe682d000
core   0: 0x80005362 (0x03f1ee63) bltu    gp, t6, pc + 60
core   0: 3 0x80005362 (0x03f1ee63)
core   0: 0x80005366 (0x0097e863) bltu    a5, s1, pc + 16
core   0: 3 0x80005366 (0x0097e863)
core   0: 0x8000536a (0x0000ea95) c.bnez  a3, pc + 52
core   0: 3 0x8000536a (0xea95)
core   0: 0x8000539e (0x00008e65) c.and   a2, s1
core   0: 3 0x8000539e (0x8e65) x12 0x00000000
core   0: 0x800053a0 (0x0126f763) bgeu    a3, s2, pc + 14
core   0: 3 0x800053a0 (0x0126f763)
core   0: 0x800053ae (0x00008c89) c.sub   s1, a0
core   0: 3 0x800053ae (0x8c89) x 9 0x1000050c
core   0: 0x800053b0 (0x0208a9b3) mulhsu  s3, a7, zero
core   0: 3 0x800053b0 (0x0208a9b3) x19 0x00000000
core   0: 0x800053b4 (0x45e13693) sltiu   a3, sp, 1118
core   0: 3 0x800053b4 (0x45e13693) x13 0x00000001
core   0: 0x800053b8 (0x406d02b3) sub     t0, s10, t1
core   0: 3 0x800053b8 (0x406d02b3) x 5 0x0000001b
core   0: 0x800053bc (0x01663fb3) sltu    t6, a2, s6
core   0: 3 0x800053bc (0x01663fb3) x31 0x00000000
core   0: 0x800053c0 (0x0091d613) srli    a2, gp, 9
core   0: 3 0x800053c0 (0x0091d613) x12 0x007fffff
core   0: 0x800053c4 (0xded97637) lui     a2, 0xded97
core   0: 3 0x800053c4 (0xded97637) x12 0xded97000
core   0: 0x800053c8 (0x0270fe63) bgeu    ra, t2, pc + 60
core   0: 3 0x800053c8 (0x0270fe63)
core   0: 0x800053cc (0x41f00033) sub     zero, zero, t6
core   0: 3 0x800053cc (0x41f00033)
core   0: 0x800053d0 (0x3ae81a17) auipc   s4, 0x3ae81
core   0: 3 0x800053d0 (0x3ae81a17) x20 0xbae863d0
core   0: 0x800053d4 (0x0177fc33) and     s8, a5, s7
core   0: 3 0x800053d4 (0x0177fc33) x24 0x00000000
core   0: 0x800053d8 (0x0000997d) c.andi  a0, -1
core   0: 3 0x800053d8 (0x997d) x10 0xeffffaf4
core   0: 0x800053da (0x000ecd63) bltz    t4, pc + 26
core   0: 3 0x800053da (0x000ecd63)
core   0: 0x800053f4 (0x0000862d) c.srai  a2, 11
core   0: 3 0x800053f4 (0x862d) x12 0xfffbdb2e
core   0: 0x800053f6 (0x00000001) c.nop
core   0: 3 0x800053f6 (0x0001)
core   0: 0x800053f8 (0x025a6063) bltu    s4, t0, pc + 32
core   0: 3 0x800053f8 (0x025a6063)
core   0: 0x800053fc (0x0000921e) c.add   tp, t2
core   0: 3 0x800053fc (0x921e) x 4 0x90025e49
core   0: 0x800053fe (0x00008b12) c.mv    s6, tp
core   0: 3 0x800053fe (0x8b12) x22 0x90025e49
core   0: 0x80005400 (0x160ebc93) sltiu   s9, t4, 352
core   0: 3 0x80005400 (0x160ebc93) x25 0x00000000
core   0: 0x80005404 (0x00c8fa63) bgeu    a7, a2, pc + 20
core   0: 3 0x80005404 (0x00c8fa63)
core   0: 0x80005408 (0x00000001) c.nop
core   0: 3 0x80005408 (0x0001)
core   0: 0x8000540a (0x000083f1) c.srli  a5, 28
core   0: 3 0x8000540a (0x83f1) x15 0x00000000
core   0: 0x8000540c (0x00008675) c.srai  a2, 29
core   0: 3 0x8000540c (0x8675) x12 0xffffffff
core   0: 0x8000540e (0x015fe6b3) or      a3, t6, s5
core   0: 3 0x8000540e (0x015fe6b3) x13 0x80029ce4
core   0: 0x80005412 (0x00000001) c.nop
core   0: 3 0x80005412 (0x0001)
core   0: 0x80005414 (0x014d9e13) slli    t3, s11, 20
core   0: 3 0x80005414 (0x014d9e13) x28 0x04d00000
core   0: 0x80005418 (0x01e85a13) srli    s4, a6, 30
core   0: 3 0x80005418 (0x01e85a13) x20 0x00000000
core   0: 0x8000541c (0x00000001) c.nop
core   0: 3 0x8000541c (0x0001)
core   0: 0x8000541e (0x00008ea1) c.xor   a3, s0
core   0: 3 0x8000541e (0x8ea1) x13 0x900299e8
core   0: 0x80005420 (0x00008fb9) c.xor   a5, a4
core   0: 3 0x80005420 (0x8fb9) x15 0xe0000000
core   0: 0x80005422 (0x0000e48d) c.bnez  s1, pc + 42
core   0: 3 0x80005422 (0xe48d)
core   0: 0x8000544c (0x00000001) c.nop
core   0: 3 0x8000544c (0x0001)
core   0: 0x8000544e (0x008b1033) sll     zero, s6, s0
core   0: 3 0x8000544e (0x008b1033)
core   0: 0x80005452 (0x01304963) blt     zero, s3, pc + 18
core   0: 3 0x80005452 (0x01304963)
core   0: 0x80005456 (0x018f6463) bltu    t5, s8, pc + 8
core   0: 3 0x80005456 (0x018f6463)
core   0: 0x8000545a (0x000098fd) c.andi  s1, -1
core   0: 3 0x8000545a (0x98fd) x 9 0x1000050c
core   0: 0x8000545c (0x00008d1d) c.sub   a0, a5
core   0: 3 0x8000545c (0x8d1d) x10 0x0ffffaf4
core   0: 0x8000545e (0x01c13a33) sltu    s4, sp, t3
core   0: 3 0x8000545e (0x01c13a33) x20 0x00000001
core   0: 0x80005462 (0x00008c65) c.and   s0, s1
core   0: 3 0x80005462 (0x8c65) x 8 0x1000050c
core   0: 0x80005464 (0x031a1c33) mulh    s8, s4, a7
core   0: 3 0x80005464 (0x031a1c33) x24 0xffffffff
core   0: 0x80005468 (0x00005bfd) c.li    s7, -1
core   0: 3 0x80005468 (0x5bfd) x23 0xffffffff
core   0: 0x8000546a (0x011e9133) sll     sp, t4, a7
core   0: 3 0x8000546a (0x011e9133) x 2 0x80025a48
core   0: 0x8000546e (0x0344d563) bge     s1, s4, pc + 42
core   0: 3 0x8000546e (0x0344d563)
core   0: 0x80005498 (0x01614e63) blt     sp, s6, pc + 28
core   0: 3 0x80005498 (0x01614e63)
core   0: 0x800054b4 (0x52f23cb7) lui     s9, 0x52f23
core   0: 3 0x800054b4 (0x52f23cb7) x25 0x52f23000
core   0: 0x800054b8 (0x000084e1) c.srai  s1, 24
core   0: 3 0x800054b8 (0x84e1) x 9 0x00000010
core   0: 0x800054ba (0x026904b3) mul     s1, s2, t1
core   0: 3 0x800054ba (0x026904b3) x 9 0x0000000d
core   0: 0x800054be (0x000009de) c.slli  s3, 23
core   0: 3 0x800054be (0x09de) x19 0x00000000
core   0: 0x800054c0 (0x41acdd93) srai    s11, s9, 26
core   0: 3 0x800054c0 (0x41acdd93) x27 0x00000014
core   0: 0x800054c4 (0x000086b9) c.srai  a3, 14
core   0: 3 0x800054c4 (0x86b9) x13 0xfffe400a
core   0: 0x800054c6 (0x00008eed) c.and   a3, a1
core   0: 3 0x800054c6 (0x8eed) x13 0x01a60002
core   0: 0x800054c8 (0x0151c2b3) xor     t0, gp, s5
core   0: 3 0x800054c8 (0x0151c2b3) x 5 0x7ffd631b
core   0: 0x800054cc (0x0000717d) c.addi16sp sp, -16
core   0: 3 0x800054cc (0x717d) x 2 0x80025a38
core   0: 0x800054ce (0x0000717d) c.addi16sp sp, -16
core   0: 3 0x800054ce (0x717d) x 2 0x80025a28
core   0: 0x800054d0 (0x00d2beb3) sltu    t4, t0, a3
core   0: 3 0x800054d0 (0x00d2beb3) x29 0x00000000
core   0: 0x800054d4 (0x0000100f) fence.i
core   0: 3 0x800054d4 (0x0000100f)
core   0: 0x800054d8 (0x00c2b133) sltu    sp, t0, a2
core   0: 3 0x800054d8 (0x00c2b133) x 2 0x00000001
core   0: 0x800054dc (0x0000ed05) c.bnez  a0, pc + 56
core   0: 3 0x800054dc (0xed05)
core   0: 0x80005514 (0x037ae063) bltu    s5, s7, pc + 32
core   0: 3 0x80005514 (0x037ae063)
core   0: 0x80005534 (0x40b98833) sub     a6, s3, a1
core   0: 3 0x80005534 (0x40b98833) x16 0xfe58cefd
core   0: 0x80005538 (0x022fa2b3) mulhsu  t0, t6, sp
core   0: 3 0x80005538 (0x022fa2b3) x 5 0x00000000
core   0: 0x8000553c (0x3dc54693) xori    a3, a0, 988
core   0: 3 0x8000553c (0x3dc54693) x13 0x0ffff928
core   0: 0x80005540 (0x02312cb3) mulhsu  s9, sp, gp
core   0: 3 0x80005540 (0x02312cb3) x25 0x00000000
core   0: 0x80005544 (0x0321b9b3) mulhu   s3, gp, s2
core   0: 3 0x80005544 (0x0321b9b3) x19 0x0000000c
core   0: 0x80005548 (0x00f97b63) bgeu    s2, a5, pc + 22
core   0: 3 0x80005548 (0x00f97b63)
core   0: 0x8000554c (0x0261aeb3) mulhsu  t4, gp, t1
core   0: 3 0x8000554c (0x0261aeb3) x29 0xffffffff
core   0: 0x80005550 (0x470feeb7) lui     t4, 0x470fe
core   0: 3 0x80005550 (0x470feeb7) x29 0x470fe000
core   0: 0x80005554 (0x00000001) c.nop
core   0: 3 0x80005554 (0x0001)
core   0: 0x80005556 (0x01fb59b3) srl     s3, s6, t6
core   0: 3 0x80005556 (0x01fb59b3) x19 0x90025e49
core   0: 0x8000555a (0x000080e1) c.srli  s1, 24
core   0: 3 0x8000555a (0x80e1) x 9 0x00000000
core   0: 0x8000555c (0x00008cfd) c.and   s1, a5
core   0: 3 0x8000555c (0x8cfd) x 9 0x00000000
core   0: 0x8000555e (0x010ef133) and     sp, t4, a6
core   0: 3 0x8000555e (0x010ef133) x 2 0x4608c000
core   0: 0x80005562 (0x00000001) c.nop
core   0: 3 0x80005562 (0x0001)
core   0: 0x80005564 (0x00fff2b3) and     t0, t6, a5
core   0: 3 0x80005564 (0x00fff2b3) x 5 0x00000000
core   0: 0x80005568 (0x01e0f933) and     s2, ra, t5
core   0: 3 0x80005568 (0x01e0f933) x18 0x00000000
core   0: 0x8000556c (0x82d50613) addi    a2, a0, -2003
core   0: 3 0x8000556c (0x82d50613) x12 0x0ffff321
core   0: 0x80005570 (0x0000e091) c.bnez  s1, pc + 4
core   0: 3 0x80005570 (0xe091)
core   0: 0x80005572 (0x00008d1d) c.sub   a0, a5
core   0: 3 0x80005572 (0x8d1d) x10 0x2ffffaf4
core   0: 0x80005574 (0x028d68b3) rem     a7, s10, s0
core   0: 3 0x80005574 (0x028d68b3) x17 0x0000001c
core   0: 0x80005578 (0x02c82133) mulhsu  sp, a6, a2
core   0: 3 0x80005578 (0x02c82133) x 2 0xffe58d05
core   0: 0x8000557c (0xaada5c17) auipc   s8, 0xaada5
core   0: 3 0x8000557c (0xaada5c17) x24 0x2adaa57c
core   0: 0x80005580 (0x015a5c63) bge     s4, s5, pc + 24
core   0: 3 0x80005580 (0x015a5c63)
core   0: 0x80005598 (0x0000ce91) c.beqz  a3, pc + 28
core   0: 3 0x80005598 (0xce91)
core   0: 0x8000559a (0x00cb1913) slli    s2, s6, 12
core   0: 3 0x8000559a (0x00cb1913) x18 0x25e49000
core   0: 0x8000559e (0x03eb4f33) div     t5, s6, t5
core   0: 3 0x8000559e (0x03eb4f33) x30 0xfffffffa
core   0: 0x800055a2 (0x000d48b3) xor     a7, s10, zero
core   0: 3 0x800055a2 (0x000d48b3) x17 0x0000001c
core   0: 0x800055a6 (0x00000efa) c.slli  t4, 30
core   0: 3 0x800055a6 (0x0efa) x29 0x00000000
core   0: 0x800055a8 (0x00006505) c.lui   a0, 0x1
core   0: 3 0x800055a8 (0x6505) x10 0x00001000
core   0: 0x800055aa (0x0260fa33) remu    s4, ra, t1
core   0: 3 0x800055aa (0x0260fa33) x20 0x00000000
core   0: 0x800055ae (0x00009526) c.add   a0, s1
core   0: 3 0x800055ae (0x9526) x10 0x00001000
core   0: 0x800055b0 (0x0174fd63) bgeu    s1, s7, pc + 26
core   0: 3 0x800055b0 (0x0174fd63)
core   0: 0x800055b4 (0x00000b8d) c.addi  s7, 3
core   0: 3 0x800055b4 (0x0b8d) x23 0x00000002
core   0: 0x800055b6 (0x00004919) c.li    s2, 6
core   0: 3 0x800055b6 (0x4919) x18 0x00000006
core   0: 0x800055b8 (0x03300833) mul     a6, zero, s3
core   0: 3 0x800055b8 (0x03300833) x16 0x00000000
core   0: 0x800055bc (0x03e868b3) rem     a7, a6, t5
core   0: 3 0x800055bc (0x03e868b3) x17 0x00000000
core   0: 0x800055c0 (0x00000b4a) c.slli  s6, 18
core   0: 3 0x800055c0 (0x0b4a) x22 0x79240000
core   0: 0x800055c2 (0x03bbef33) rem     t5, s7, s11
core   0: 3 0x800055c2 (0x03bbef33) x30 0x00000002
core   0: 0x800055c6 (0x03606063) bltu    zero, s6, pc + 32
core   0: 3 0x800055c6 (0x03606063)
core   0: 0x800055e6 (0x04d25163) bge     tp, a3, pc + 66
core   0: 3 0x800055e6 (0x04d25163)
core   0: 0x800055ea (0x04e66163) bltu    a2, a4, pc + 66
core   0: 3 0x800055ea (0x04e66163)
core   0: 0x8000562c (0x01331e93) slli    t4, t1, 19
core   0: 3 0x8000562c (0x01331e93) x29 0x00080000
core   0: 0x80005630 (0x0000100f) fence.i
core   0: 3 0x80005630 (0x0000100f)
core   0: 0x80005634 (0x41afdd13) srai    s10, t6, 26
core   0: 3 0x80005634 (0x41afdd13) x26 0x00000000
core   0: 0x80005638 (0xda4ec413) xori    s0, t4, -604
core   0: 3 0x80005638 (0xda4ec413) x 8 0xfff7fda4
core   0: 0x8000563c (0x40020133) sub     sp, tp, zero
core   0: 3 0x8000563c (0x40020133) x 2 0x90025e49
core   0: 0x80005640 (0x0000932e) c.add   t1, a1
core   0: 3 0x80005640 (0x932e) x 6 0x01a73104
core   0: 0x80005642 (0x001fd193) srli    gp, t6, 1
core   0: 3 0x80005642 (0x001fd193) x 3 0x00000000
core   0: 0x80005646 (0xba3590b7) lui     ra, 0xba359
core   0: 3 0x80005646 (0xba3590b7) x 1 0xba359000
core   0: 0x8000564a (0xbb4a3313) sltiu   t1, s4, -1100
core   0: 3 0x8000564a (0xbb4a3313) x 6 0x00000001
core   0: 0x8000564e (0x1c56e637) lui     a2, 0x1c56e
core   0: 3 0x8000564e (0x1c56e637) x12 0x1c56e000
core   0: 0x80005652 (0x01ada833) slt     a6, s11, s10
core   0: 3 0x80005652 (0x01ada833) x16 0x00000000
core   0: 0x80005656 (0x02227c63) bgeu    tp, sp, pc + 56
core   0: 3 0x80005656 (0x02227c63)
core   0: 0x8000568e (0x9ee20f13) addi    t5, tp, -1554
core   0: 3 0x8000568e (0x9ee20f13) x30 0x90025837
core   0: 0x80005692 (0x02c8e4b3) rem     s1, a7, a2
core   0: 3 0x80005692 (0x02c8e4b3) x 9 0x00000000
core   0: 0x80005696 (0x00006121) c.addi16sp sp, 64
core   0: 3 0x80005696 (0x6121) x 2 0x90025e89
core   0: 0x80005698 (0x478df813) andi    a6, s11, 1144
core   0: 3 0x80005698 (0x478df813) x16 0x00000010
core   0: 0x8000569c (0x00651bb3) sll     s7, a0, t1
core   0: 3 0x8000569c (0x00651bb3) x23 0x00002000
core   0: 0x800056a0 (0x00001e10) c.addi4spn a2, sp, 816
core   0: 3 0x800056a0 (0x1e10) x12 0x900261b9
core   0: 0x800056a2 (0x41efd533) sra     a0, t6, t5
core   0: 3 0x800056a2 (0x41efd533) x10 0x00000000
core   0: 0x800056a6 (0x00000b9e) c.slli  s7, 7
core   0: 3 0x800056a6 (0x0b9e) x23 0x00100000
core   0: 0x800056a8 (0x01688e63) beq     a7, s6, pc + 28
core   0: 3 0x800056a8 (0x01688e63)
core   0: 0x800056ac (0x02c84063) blt     a6, a2, pc + 32
core   0: 3 0x800056ac (0x02c84063)
core   0: 0x800056b0 (0xe1a43293) sltiu   t0, s0, -486
core   0: 3 0x800056b0 (0xe1a43293) x 5 0x00000001
core   0: 0x800056b4 (0x00f57c33) and     s8, a0, a5
core   0: 3 0x800056b4 (0x00f57c33) x24 0x00000000
core   0: 0x800056b8 (0x008f0933) add     s2, t5, s0
core   0: 3 0x800056b8 (0x008f0933) x18 0x8ffa55db
core   0: 0x800056bc (0x0ff0000f) fence   iorw,iorw
core   0: 3 0x800056bc (0x0ff0000f)
core   0: 0x800056c0 (0x01ad7a63) bgeu    s10, s10, pc + 20
core   0: 3 0x800056c0 (0x01ad7a63)
core   0: 0x800056d4 (0x0000100f) fence.i
core   0: 3 0x800056d4 (0x0000100f)
core   0: 0x800056d8 (0x00000001) c.nop
core   0: 3 0x800056d8 (0x0001)
core   0: 0x800056da (0x02e7c433) div     s0, a5, a4
core   0: 3 0x800056da (0x02e7c433) x 8 0x00000001
core   0: 0x800056de (0x03568163) beq     a3, s5, pc + 34
core   0: 3 0x800056de (0x03568163)
core   0: 0x800056e2 (0xda21f013) andi    zero, gp, -606
core   0: 3 0x800056e2 (0xda21f013)
core   0: 0x800056e6 (0x00000001) c.nop
core   0: 3 0x800056e6 (0x0001)
core   0: 0x800056e8 (0x0000e219) c.bnez  a2, pc + 6
core   0: 3 0x800056e8 (0xe219)
core   0: 0x800056ee (0x011afb63) bgeu    s5, a7, pc + 22
core   0: 3 0x800056ee (0x011afb63)
core   0: 0x80005704 (0x00e0abb3) slt     s7, ra, a4
core   0: 3 0x80005704 (0x00e0abb3) x23 0x00000001
core   0: 0x80005708 (0x00008d0d) c.sub   a0, a1
core   0: 3 0x80005708 (0x8d0d) x10 0xfe58cefd
core   0: 0x8000570a (0x00008d7d) c.and   a0, a5
core   0: 3 0x8000570a (0x8d7d) x10 0xe0000000
core   0: 0x8000570c (0x00000c0a) c.slli  s8, 2
core   0: 3 0x8000570c (0x0c0a) x24 0x00000000
core   0: 0x8000570e (0x028b0763) beq     s6, s0, pc + 46
core   0: 3 0x8000570e (0x028b0763)
core   0: 0x80005712 (0x00fa3633) sltu    a2, s4, a5
core   0: 3 0x80005712 (0x00fa3633) x12 0x00000001
core   0: 0x80005716 (0x008b1463) bne     s6, s0, pc + 8
core   0: 3 0x80005716 (0x008b1463)
core   0: 0x8000571e (0x40515613) srai    a2, sp, 5
core   0: 3 0x8000571e (0x40515613) x12 0xfc8012f4
core   0: 0x80005722 (0xceda6e93) ori     t4, s4, -787
core   0: 3 0x80005722 (0xceda6e93) x29 0xfffffced
core   0: 0x80005726 (0xf2eb4737) lui     a4, 0xf2eb4
core   0: 3 0x80005726 (0xf2eb4737) x14 0xf2eb4000
core   0: 0x8000572a (0x0000717d) c.addi16sp sp, -16
core   0: 3 0x8000572a (0x717d) x 2 0x90025e79
core   0: 0x8000572c (0x00005dfd) c.li    s11, -1
core   0: 3 0x8000572c (0x5dfd) x27 0xffffffff
core   0: 0x8000572e (0x00004f6d) c.li    t5, 27
core   0: 3 0x8000572e (0x4f6d) x30 0x0000001b
core   0: 0x80005730 (0x35482237) lui     tp, 0x35482
core   0: 3 0x80005730 (0x35482237) x 4 0x35482000
core   0: 0x80005734 (0x00e7b333) sltu    t1, a5, a4
core   0: 3 0x80005734 (0x00e7b333) x 6 0x00000001
core   0: 0x80005738 (0xb4f70713) addi    a4, a4, -1201
core   0: 3 0x80005738 (0xb4f70713) x14 0xf2eb3b4f
core   0: 0x8000573c (0x0000672d) c.lui   a4, 0xb
core   0: 3 0x8000573c (0x672d) x14 0x0000b000
core   0: 0x8000573e (0x00008e45) c.or    a2, s1
core   0: 3 0x8000573e (0x8e45) x12 0xfc8012f4
core   0: 0x80005740 (0x01a5c263) blt     a1, s10, pc + 4
core   0: 3 0x80005740 (0x01a5c263)
core   0: 0x80005744 (0x418d0533) sub     a0, s10, s8
core   0: 3 0x80005744 (0x418d0533) x10 0x00000000
core   0: 0x80005748 (0x0000151c) c.addi4spn a5, sp, 672
core   0: 3 0x80005748 (0x151c) x15 0x90026119
core   0: 0x8000574a (0x0000cb99) c.beqz  a5, pc + 22
core   0: 3 0x8000574a (0xcb99)
core   0: 0x8000574c (0x0000100f) fence.i
core   0: 3 0x8000574c (0x0000100f)
core   0: 0x80005750 (0x00008be2) c.mv    s7, s8
core   0: 3 0x80005750 (0x8be2) x23 0x00000000
core   0: 0x80005752 (0x0108c633) xor     a2, a7, a6
core   0: 3 0x80005752 (0x0108c633) x12 0x00000010
core   0: 0x80005756 (0x011d8cb3) add     s9, s11, a7
core   0: 3 0x80005756 (0x011d8cb3) x25 0xffffffff
core   0: 0x8000575a (0x03468db3) mul     s11, a3, s4
core   0: 3 0x8000575a (0x03468db3) x27 0x00000000
core   0: 0x8000575e (0x0000e611) c.bnez  a2, pc + 12
core   0: 3 0x8000575e (0xe611)
core   0: 0x8000576a (0x01c00863) beq     zero, t3, pc + 16
core   0: 3 0x8000576a (0x01c00863)
core   0: 0x8000576e (0x02b96eb3) rem     t4, s2, a1
core   0: 3 0x8000576e (0x02b96eb3) x29 0xfebc29a4
core   0: 0x80005772 (0x00000472) c.slli  s0, 28
core   0: 3 0x80005772 (0x0472) x 8 0x10000000
core   0: 0x80005774 (0x00008d59) c.or    a0, a4
core   0: 3 0x80005774 (0x8d59) x10 0x0000b000
core   0: 0x80005776 (0x01af1a13) slli    s4, t5, 26
core   0: 3 0x80005776 (0x01af1a13) x20 0x6c000000
core   0: 0x8000577a (0x05c9f363) bgeu    s3, t3, pc + 70
core   0: 3 0x8000577a (0x05c9f363)
core   0: 0x800057c0 (0x00008c85) c.sub   s1, s1
core   0: 3 0x800057c0 (0x8c85) x 9 0x00000000
core   0: 0x800057c2 (0x40d007b3) sub     a5, zero, a3
core   0: 3 0x800057c2 (0x40d007b3) x15 0xf00006d8
core   0: 0x800057c6 (0x0000717d) c.addi16sp sp, -16
core   0: 3 0x800057c6 (0x717d) x 2 0x90025e69
core   0: 0x800057c8 (0x00008e9d) c.sub   a3, a5
core   0: 3 0x800057c8 (0x8e9d) x13 0x1ffff250
core   0: 0x800057ca (0x0000e291) c.bnez  a3, pc + 4
core   0: 3 0x800057ca (0xe291)
core   0: 0x800057ce (0x00000001) c.nop
core   0: 3 0x800057ce (0x0001)
core   0: 0x800057d0 (0x000009e1) c.addi  s3, 24
core   0: 3 0x800057d0 (0x09e1) x19 0x90025e61
core   0: 0x800057d2 (0x039f94b3) mulh    s1, t6, s9
core   0: 3 0x800057d2 (0x039f94b3) x 9 0x00000000
core   0: 0x800057d6 (0x0000ef85) c.bnez  a5, pc + 56
core   0: 3 0x800057d6 (0xef85)
core   0: 0x8000580e (0x00008055) c.srli  s0, 21
core   0: 3 0x8000580e (0x8055) x 8 0x00000080
core   0: 0x80005810 (0x0076a1b3) slt     gp, a3, t2
core   0: 3 0x80005810 (0x0076a1b3) x 3 0x00000000
core   0: 0x80005814 (0x016c9f33) sll     t5, s9, s6
core   0: 3 0x80005814 (0x016c9f33) x30 0xffffffff
core   0: 0x80005818 (0x81ea6517) auipc   a0, 0x81ea6
core   0: 3 0x80005818 (0x81ea6517) x10 0x01eab818
core   0: 0x8000581c (0xc2b62437) lui     s0, 0xc2b62
core   0: 3 0x8000581c (0xc2b62437) x 8 0xc2b62000
core   0: 0x80005820 (0x00008b4d) c.andi  a4, 19
core   0: 3 0x80005820 (0x8b4d) x14 0x00000000
core   0: 0x80005822 (0x010ba533) slt     a0, s7, a6
core   0: 3 0x80005822 (0x010ba533) x10 0x00000001
core   0: 0x80005826 (0x03830a33) mul     s4, t1, s8
core   0: 3 0x80005826 (0x03830a33) x20 0x00000000
core   0: 0x8000582a (0x036b4933) div     s2, s6, s6
core   0: 3 0x8000582a (0x036b4933) x18 0x00000001
core   0: 0x8000582e (0x00008cb5) c.xor   s1, a3
core   0: 3 0x8000582e (0x8cb5) x 9 0x1ffff250
core   0: 0x80005830 (0x008f1763) bne     t5, s0, pc + 14
core   0: 3 0x80005830 (0x008f1763)
core   0: 0x8000583e (0xf4e9c993) xori    s3, s3, -178
core   0: 3 0x8000583e (0xf4e9c993) x19 0x6ffda12f
core   0: 0x80005842 (0x0075df13) srli    t5, a1, 7
core   0: 3 0x80005842 (0x0075df13) x30 0x00034e62
core   0: 0x80005846 (0x017a1e13) slli    t3, s4, 23
core   0: 3 0x80005846 (0x017a1e13) x28 0x00000000
core   0: 0x8000584a (0x00000001) c.nop
core   0: 3 0x8000584a (0x0001)
core   0: 0x8000584c (0x01f1e263) bltu    gp, t6, pc + 4
core   0: 3 0x8000584c (0x01f1e263)
core   0: 0x80005850 (0x40805b13) srai    s6, zero, 8
core   0: 3 0x80005850 (0x40805b13) x22 0x00000000
core   0: 0x80005854 (0x01f3cfb3) xor     t6, t2, t6
core   0: 3 0x80005854 (0x01f3cfb3) x31 0x80025e48
core   0: 0x80005858 (0x0060a533) slt     a0, ra, t1
core   0: 3 0x80005858 (0x0060a533) x10 0x00000001
core   0: 0x8000585c (0x62630d93) addi    s11, t1, 1574
core   0: 3 0x8000585c (0x62630d93) x27 0x00000627
core   0: 0x80005860 (0xfebdaa13) slti    s4, s11, -21
core   0: 3 0x80005860 (0xfebdaa13) x20 0x00000000
core   0: 0x80005864 (0x0000527d) c.li    tp, -1
core   0: 3 0x80005864 (0x527d) x 4 0xffffffff
core   0: 0x80005866 (0x001241b3) xor     gp, tp, ra
core   0: 3 0x80005866 (0x001241b3) x 3 0x45ca6fff
core   0: 0x8000586a (0x0000089e) c.slli  a7, 7
core   0: 3 0x8000586a (0x089e) x17 0x00000000
core   0: 0x8000586c (0x000919b3) sll     s3, s2, zero
core   0: 3 0x8000586c (0x000919b3) x19 0x00000001
core   0: 0x80005870 (0x0000e0a9) c.bnez  s1, pc + 66
core   0: 3 0x80005870 (0xe0a9)
core   0: 0x800058b2 (0x00008565) c.srai  a0, 25
core   0: 3 0x800058b2 (0x8565) x10 0x00000000
core   0: 0x800058b4 (0x03f02333) mulhsu  t1, zero, t6
core   0: 3 0x800058b4 (0x03f02333) x 6 0x00000000
core   0: 0x800058b8 (0x0b0b4797) auipc   a5, 0xb0b4
core   0: 3 0x800058b8 (0x0b0b4797) x15 0x8b0b98b8
core   0: 0x800058bc (0x0ff0000f) fence   iorw,iorw
core   0: 3 0x800058bc (0x0ff0000f)
core   0: 0x800058c0 (0x0000100f) fence.i
core   0: 3 0x800058c0 (0x0000100f)
core   0: 0x800058c4 (0x0000453d) c.li    a0, 15
core   0: 3 0x800058c4 (0x453d) x10 0x0000000f
core   0: 0x800058c6 (0x000086dd) c.srai  a3, 23
core   0: 3 0x800058c6 (0x86dd) x13 0x0000003f
core   0: 0x800058c8 (0x0210ddb3) divu    s11, ra, ra
core   0: 3 0x800058c8 (0x0210ddb3) x27 0x00000001
core   0: 0x800058cc (0x0162f763) bgeu    t0, s6, pc + 14
core   0: 3 0x800058cc (0x0162f763)
core   0: 0x800058da (0x000057fd) c.li    a5, -1
core   0: 3 0x800058da (0x57fd) x15 0xffffffff
core   0: 0x800058dc (0x00607563) bgeu    zero, t1, pc + 10
core   0: 3 0x800058dc (0x00607563)
core   0: 0x800058e6 (0x00008cc1) c.or    s1, s0
core   0: 3 0x800058e6 (0x8cc1) x 9 0xdffff250
core   0: 0x800058e8 (0x00009bba) c.add   s7, a4
core   0: 3 0x800058e8 (0x9bba) x23 0x00000000
core   0: 0x800058ea (0x0000ce91) c.beqz  a3, pc + 28
core   0: 3 0x800058ea (0xce91)
core   0: 0x800058ec (0x00006f15) c.lui   t5, 0x5
core   0: 3 0x800058ec (0x6f15) x30 0x00005000
core   0: 0x800058ee (0x41a98a33) sub     s4, s3, s10
core   0: 3 0x800058ee (0x41a98a33) x20 0x00000001
core   0: 0x800058f2 (0x40840f33) sub     t5, s0, s0
core   0: 3 0x800058f2 (0x40840f33) x30 0x00000000
core   0: 0x800058f6 (0x0000c705) c.beqz  a4, pc + 40
core   0: 3 0x800058f6 (0xc705)
core   0: 0x8000591e (0x01271963) bne     a4, s2, pc + 18
core   0: 3 0x8000591e (0x01271963)
core   0: 0x80005930 (0x0023c033) xor     zero, t2, sp
core   0: 3 0x80005930 (0x0023c033)
core   0: 0x80005934 (0x00000001) c.nop
core   0: 3 0x80005934 (0x0001)
core   0: 0x80005936 (0x00009dc6) c.add   s11, a7
core   0: 3 0x80005936 (0x9dc6) x27 0x00000001
core   0: 0x80005938 (0x01417233) and     tp, sp, s4
core   0: 3 0x80005938 (0x01417233) x 4 0x00000001
core   0: 0x8000593c (0x00fc9963) bne     s9, a5, pc + 18
core   0: 3 0x8000593c (0x00fc9963)
core   0: 0x80005940 (0x6d086513) ori     a0, a6, 1744
core   0: 3 0x80005940 (0x6d086513) x10 0x000006d0
core   0: 0x80005944 (0x00891f93) slli    t6, s2, 8
core   0: 3 0x80005944 (0x00891f93) x31 0x00000100
core   0: 0x80005948 (0x03238f33) mul     t5, t2, s2
core   0: 3 0x80005948 (0x03238f33) x30 0x80025e48
core   0: 0x8000594c (0x0000014a) c.slli  sp, 18
core   0: 3 0x8000594c (0x014a) x 2 0x79a40000
core   0: 0x8000594e (0x00009bfd) c.andi  a5, -1
core   0: 3 0x8000594e (0x9bfd) x15 0xffffffff
core   0: 0x80005950 (0x0366ee63) bltu    a3, s6, pc + 60
core   0: 3 0x80005950 (0x0366ee63)
core   0: 0x80005954 (0x000044c1) c.li    s1, 16
core   0: 3 0x80005954 (0x44c1) x 9 0x00000010
core   0: 0x80005956 (0x0348fd33) remu    s10, a7, s4
core   0: 3 0x80005956 (0x0348fd33) x26 0x00000000
core   0: 0x8000595a (0x00006b25) c.lui   s6, 0x9
core   0: 3 0x8000595a (0x6b25) x22 0x00009000
core   0: 0x8000595c (0x00a80633) add     a2, a6, a0
core   0: 3 0x8000595c (0x00a80633) x12 0x000006e0
core   0: 0x80005960 (0x741c4897) auipc   a7, 0x741c4
core   0: 3 0x80005960 (0x741c4897) x17 0xf41c9960
core   0: 0x80005964 (0x78a56c93) ori     s9, a0, 1930
core   0: 3 0x80005964 (0x78a56c93) x25 0x000007da
core   0: 0x80005968 (0x00009bfd) c.andi  a5, -1
core   0: 3 0x80005968 (0x9bfd) x15 0xffffffff
core   0: 0x8000596a (0x011279b3) and     s3, tp, a7
core   0: 3 0x8000596a (0x011279b3) x19 0x00000000
core   0: 0x8000596e (0x01a39293) slli    t0, t2, 26
core   0: 3 0x8000596e (0x01a39293) x 5 0x20000000
core   0: 0x80005972 (0x00000f88) c.addi4spn a0, sp, 976
core   0: 3 0x80005972 (0x0f88) x10 0x79a403d0
core   0: 0x80005974 (0x02633d33) mulhu   s10, t1, t1
core   0: 3 0x80005974 (0x02633d33) x26 0x00000000
core   0: 0x80005978 (0x000086d6) c.mv    a3, s5
core   0: 3 0x80005978 (0x86d6) x13 0x80029ce4
core   0: 0x8000597a (0x83383237) lui     tp, 0x83383
core   0: 3 0x8000597a (0x83383237) x 4 0x83383000
core   0: 0x8000597e (0x00004485) c.li    s1, 1
core   0: 3 0x8000597e (0x4485) x 9 0x00000001
core   0: 0x80005980 (0xaf004a13) xori    s4, zero, -1296
core   0: 3 0x80005980 (0xaf004a13) x20 0xfffffaf0
core   0: 0x80005984 (0x0000c333) xor     t1, ra, zero
core   0: 3 0x80005984 (0x0000c333) x 6 0xba359000
core   0: 0x80005988 (0x41665913) srai    s2, a2, 22
core   0: 3 0x80005988 (0x41665913) x18 0x00000000
core   0: 0x8000598c (0xb0024513) xori    a0, tp, -1280
core   0: 3 0x8000598c (0xb0024513) x10 0x7cc7cb00
core   0: 0x80005990 (0x02d090b3) mulh    ra, ra, a3
core   0: 3 0x80005990 (0x02d090b3) x 1 0x22e481a5
core   0: 0x80005994 (0x06ba7b63) bgeu    s4, a1, pc + 118
core   0: 3 0x80005994 (0x06ba7b63)
core   0: 0x80005a0a (0x00c0a2b3) slt     t0, ra, a2
core   0: 3 0x80005a0a (0x00c0a2b3) x 5 0x00000000
core   0: 0x80005a0e (0x08c48bb7) lui     s7, 0x8c48
core   0: 3 0x80005a0e (0x08c48bb7) x23 0x08c48000
core   0: 0x80005a12 (0x021c6963) bltu    s8, ra, pc + 50
core   0: 3 0x80005a12 (0x021c6963)
core   0: 0x80005a44 (0x018a0433) add     s0, s4, s8
core   0: 3 0x80005a44 (0x018a0433) x 8 0xfffffaf0
core   0: 0x80005a48 (0x5ddeb213) sltiu   tp, t4, 1501
core   0: 3 0x80005a48 (0x5ddeb213) x 4 0x00000000
core   0: 0x80005a4c (0x0396dc63) bge     a3, s9, pc + 56
core   0: 3 0x80005a4c (0x0396dc63)
core   0: 0x80005a50 (0x0000997d) c.andi  a0, -1
core   0: 3 0x80005a50 (0x997d) x10 0x7cc7cb00
core   0: 0x80005a52 (0x01db9763) bne     s7, t4, pc + 14
core   0: 3 0x80005a52 (0x01db9763)
core   0: 0x80005a60 (0x0028e9b3) or      s3, a7, sp
core   0: 3 0x80005a60 (0x0028e9b3) x19 0xfdbc9960
core   0: 0x80005a64 (0x0000848d) c.srai  s1, 3
core   0: 3 0x80005a64 (0x848d) x 9 0x00000000
core   0: 0x80005a66 (0x00000bbd) c.addi  s7, 15
core   0: 3 0x80005a66 (0x0bbd) x23 0x08c4800f
core   0: 0x80005a68 (0x00269e33) sll     t3, a3, sp
core   0: 3 0x80005a68 (0x00269e33) x28 0x80029ce4
core   0: 0x80005a6c (0x0182fa63) bgeu    t0, s8, pc + 20
core   0: 3 0x80005a6c (0x0182fa63)
core   0: 0x80005a80 (0x4e3feb93) ori     s7, t6, 1251
core   0: 3 0x80005a80 (0x4e3feb93) x23 0x000005e3
core   0: 0x80005a84 (0x000044d1) c.li    s1, 20
core   0: 3 0x80005a84 (0x44d1) x 9 0x00000014
core   0: 0x80005a86 (0x03ceebb3) rem     s7, t4, t3
core   0: 3 0x80005a86 (0x03ceebb3) x23 0xfebc29a4
core   0: 0x80005a8a (0x00000a84) c.addi4spn s1, sp, 336
core   0: 3 0x80005a8a (0x0a84) x 9 0x79a40150
core   0: 0x80005a8c (0x00008c31) c.xor   s0, a2
core   0: 3 0x80005a8c (0x8c31) x 8 0xfffffc10
core   0: 0x80005a8e (0x00001704) c.addi4spn s1, sp, 928
core   0: 3 0x80005a8e (0x1704) x 9 0x79a403a0
core   0: 0x80005a90 (0x00008d6d) c.and   a0, a1
core   0: 3 0x80005a90 (0x8d6d) x10 0x00870100
core   0: 0x80005a92 (0x00f99963) bne     s3, a5, pc + 18
core   0: 3 0x80005a92 (0x00f99963)
core   0: 0x80005aa4 (0x0ff0000f) fence   iorw,iorw
core   0: 3 0x80005aa4 (0x0ff0000f)
core   0: 0x80005aa8 (0x000091be) c.add   gp, a5
core   0: 3 0x80005aa8 (0x91be) x 3 0x45ca6ffe
core   0: 0x80005aaa (0x015c0b63) beq     s8, s5, pc + 22
core   0: 3 0x80005aaa (0x015c0b63)
core   0: 0x80005aae (0xb7277d93) andi    s11, a4, -1166
core   0: 3 0x80005aae (0xb7277d93) x27 0x00000000
core   0: 0x80005ab2 (0x008ad533) srl     a0, s5, s0
core   0: 3 0x80005ab2 (0x008ad533) x10 0x00008002
core   0: 0x80005ab6 (0x02505a33) divu    s4, zero, t0
core   0: 3 0x80005ab6 (0x02505a33) x20 0xffffffff
core   0: 0x80005aba (0x0000100f) fence.i
core   0: 3 0x80005aba (0x0000100f)
core   0: 0x80005abe (0x00008f9d) c.sub   a5, a5
core   0: 3 0x80005abe (0x8f9d) x15 0x00000000
core   0: 0x80005ac0 (0x0345e533) rem     a0, a1, s4
core   0: 3 0x80005ac0 (0x0345e533) x10 0x00000000
core   0: 0x80005ac4 (0x0000c099) c.beqz  s1, pc + 6
core   0: 3 0x80005ac4 (0xc099)
core   0: 0x80005ac6 (0x0586e293) ori     t0, a3, 88
core   0: 3 0x80005ac6 (0x0586e293) x 5 0x80029cfc
core   0: 0x80005aca (0x0176cd63) blt     a3, s7, pc + 26
core   0: 3 0x80005aca (0x0176cd63)
core   0: 0x80005ae4 (0x000084d2) c.mv    s1, s4
core   0: 3 0x80005ae4 (0x84d2) x 9 0xffffffff
core   0: 0x80005ae6 (0x00001114) c.addi4spn a3, sp, 160
core   0: 3 0x80005ae6 (0x1114) x13 0x79a400a0
core   0: 0x80005ae8 (0x0000019d) c.addi  gp, 7
core   0: 3 0x80005ae8 (0x019d) x 3 0x45ca7005
core   0: 0x80005aea (0x00008f85) c.sub   a5, s1
core   0: 3 0x80005aea (0x8f85) x15 0x00000001
core   0: 0x80005aec (0x03859bb3) mulh    s7, a1, s8
core   0: 3 0x80005aec (0x03859bb3) x23 0x00000000
core   0: 0x80005af0 (0x4087d833) sra     a6, a5, s0
core   0: 3 0x80005af0 (0x4087d833) x16 0x00000000
core   0: 0x80005af4 (0x000049bd) c.li    s3, 15
core   0: 3 0x80005af4 (0x49bd) x19 0x0000000f
core   0: 0x80005af6 (0x00000486) c.slli  s1, 1
core   0: 3 0x80005af6 (0x0486) x 9 0xfffffffe
core   0: 0x80005af8 (0x02478a63) beq     a5, tp, pc + 52
core   0: 3 0x80005af8 (0x02478a63)
core   0: 0x80005afc (0x00008552) c.mv    a0, s4
core   0: 3 0x80005afc (0x8552) x10 0xffffffff
core   0: 0x80005afe (0x0000c0a1) c.beqz  s1, pc + 64
core   0: 3 0x80005afe (0xc0a1)
core   0: 0x80005b00 (0x00009a4a) c.add   s4, s2
core   0: 3 0x80005b00 (0x9a4a) x20 0xffffffff
core   0: 0x80005b02 (0x00da2833) slt     a6, s4, a3
core   0: 3 0x80005b02 (0x00da2833) x16 0x00000001
core   0: 0x80005b06 (0x00008e25) c.xor   a2, s1
core   0: 3 0x80005b06 (0x8e25) x12 0xfffff91e
core   0: 0x80005b08 (0x03eb1633) mulh    a2, s6, t5
core   0: 3 0x80005b08 (0x03eb1633) x12 0xffffb801
core   0: 0x80005b0c (0x000060cd) c.lui   ra, 0x13
core   0: 3 0x80005b0c (0x60cd) x 1 0x00013000
core   0: 0x80005b0e (0xa8ac8513) addi    a0, s9, -1398
core   0: 3 0x80005b0e (0xa8ac8513) x10 0x00000264
core   0: 0x80005b12 (0x03f29e33) mulh    t3, t0, t6
core   0: 3 0x80005b12 (0x03f29e33) x28 0xffffff80
core   0: 0x80005b16 (0x00000de2) c.slli  s11, 24
core   0: 3 0x80005b16 (0x0de2) x27 0x00000000
core   0: 0x80005b18 (0x025f8d63) beq     t6, t0, pc + 58
core   0: 3 0x80005b18 (0x025f8d63)
core   0: 0x80005b1c (0x008b1133) sll     sp, s6, s0
core   0: 3 0x80005b1c (0x008b1133) x 2 0x90000000
core   0: 0x80005b20 (0x0060d193) srli    gp, ra, 6
core   0: 3 0x80005b20 (0x0060d193) x 3 0x000004c0
core   0: 0x80005b24 (0x01db3b33) sltu    s6, s6, t4
core   0: 3 0x80005b24 (0x01db3b33) x22 0x00000001
core   0: 0x80005b28 (0x00846563) bltu    s0, s0, pc + 10
core   0: 3 0x80005b28 (0x00846563)
core   0: 0x80005b2c (0x02ffd733) divu    a4, t6, a5
core   0: 3 0x80005b2c (0x02ffd733) x14 0x00000100
core   0: 0x80005b30 (0x00004ed1) c.li    t4, 20
core   0: 3 0x80005b30 (0x4ed1) x29 0x00000014
core   0: 0x80005b32 (0x0276c2b3) div     t0, a3, t2
core   0: 3 0x80005b32 (0x0276c2b3) x 5 0x00000000
core   0: 0x80005b36 (0x02f76333) rem     t1, a4, a5
core   0: 3 0x80005b36 (0x02f76333) x 6 0x00000000
core   0: 0x80005b3a (0x00001e88) c.addi4spn a0, sp, 880
core   0: 3 0x80005b3a (0x1e88) x10 0x90000370
core   0: 0x80005b3c (0x000091e6) c.add   gp, s9
core   0: 3 0x80005b3c (0x91e6) x 3 0x00000c9a
core   0: 0x80005b3e (0x014aa833) slt     a6, s5, s4
core   0: 3 0x80005b3e (0x014aa833) x16 0x00000001
core   0: 0x80005b42 (0x73624e13) xori    t3, tp, 1846
core   0: 3 0x80005b42 (0x73624e13) x28 0x00000736
core   0: 0x80005b46 (0x00009dca) c.add   s11, s2
core   0: 3 0x80005b46 (0x9dca) x27 0x00000000
core   0: 0x80005b48 (0x036d9db3) mulh    s11, s11, s6
core   0: 3 0x80005b48 (0x036d9db3) x27 0x00000000
core   0: 0x80005b4c (0x0000626d) c.lui   tp, 0x1b
core   0: 3 0x80005b4c (0x626d) x 4 0x0001b000
core   0: 0x80005b4e (0x036271b3) remu    gp, tp, s6
core   0: 3 0x80005b4e (0x036271b3) x 3 0x00000000
core   0: 0x80005b52 (0x000067d9) c.lui   a5, 0x16
core   0: 3 0x80005b52 (0x67d9) x15 0x00016000
core   0: 0x80005b54 (0x00b7c533) xor     a0, a5, a1
core   0: 3 0x80005b54 (0x00b7c533) x10 0x01a65103
core   0: 0x80005b58 (0x01a19263) bne     gp, s10, pc + 4
core   0: 3 0x80005b58 (0x01a19263)
core   0: 0x80005b5c (0x03d1e1b3) rem     gp, gp, t4
core   0: 3 0x80005b5c (0x03d1e1b3) x 3 0x00000000
core   0: 0x80005b60 (0x524a4c93) xori    s9, s4, 1316
core   0: 3 0x80005b60 (0x524a4c93) x25 0xfffffadb
core   0: 0x80005b64 (0x03bffe33) remu    t3, t6, s11
core   0: 3 0x80005b64 (0x03bffe33) x28 0x00000100
core   0: 0x80005b68 (0x00000001) c.nop
core   0: 3 0x80005b68 (0x0001)
core   0: 0x80005b6a (0x01609c93) slli    s9, ra, 22
core   0: 3 0x80005b6a (0x01609c93) x25 0x00000000
core   0: 0x80005b6e (0x03e87033) remu    zero, a6, t5
core   0: 3 0x80005b6e (0x03e87033)
core   0: 0x80005b72 (0x0146ff63) bgeu    a3, s4, pc + 30
core   0: 3 0x80005b72 (0x0146ff63)
core   0: 0x80005b76 (0x00000001) c.nop
core   0: 3 0x80005b76 (0x0001)
core   0: 0x80005b78 (0xf3f84113) xori    sp, a6, -193
core   0: 3 0x80005b78 (0xf3f84113) x 2 0xffffff3e
core   0: 0x80005b7c (0x00001010) c.addi4spn a2, sp, 32
core   0: 3 0x80005b7c (0x1010) x12 0xffffff5e
core   0: 0x80005b7e (0x00000001) c.nop
core   0: 3 0x80005b7e (0x0001)
core   0: 0x80005b80 (0x4076df13) srai    t5, a3, 7
core   0: 3 0x80005b80 (0x4076df13) x30 0x00f34801
core   0: 0x80005b84 (0x0ff0000f) fence   iorw,iorw
core   0: 3 0x80005b84 (0x0ff0000f)
core   0: 0x80005b88 (0x007094b3) sll     s1, ra, t2
core   0: 3 0x80005b88 (0x007094b3) x 9 0x01300000
core   0: 0x80005b8c (0x419e5533) sra     a0, t3, s9
core   0: 3 0x80005b8c (0x419e5533) x10 0x00000100
core   0: 0x80005b90 (0x2ddb0337) lui     t1, 0x2ddb0
core   0: 3 0x80005b90 (0x2ddb0337) x 6 0x2ddb0000
core   0: 0x80005b94 (0x038962b3) rem     t0, s2, s8
core   0: 3 0x80005b94 (0x038962b3) x 5 0x00000000
core   0: 0x80005b98 (0x00eca0b3) slt     ra, s9, a4
core   0: 3 0x80005b98 (0x00eca0b3) x 1 0x00000001
core   0: 0x80005b9c (0x02cf3e33) mulhu   t3, t5, a2
core   0: 3 0x80005b9c (0x02cf3e33) x28 0x00f34800
core   0: 0x80005ba0 (0x002e5a63) bge     t3, sp, pc + 20
core   0: 3 0x80005ba0 (0x002e5a63)
core   0: 0x80005bb4 (0x014d81b3) add     gp, s11, s4
core   0: 3 0x80005bb4 (0x014d81b3) x 3 0xffffffff
core   0: 0x80005bb8 (0x401f5893) srai    a7, t5, 1
core   0: 3 0x80005bb8 (0x401f5893) x17 0x0079a400
core   0: 0x80005bbc (0x00008ec9) c.or    a3, a0
core   0: 3 0x80005bbc (0x8ec9) x13 0x79a401a0
core   0: 0x80005bbe (0x02d430b3) mulhu   ra, s0, a3
core   0: 3 0x80005bbe (0x02d430b3) x 1 0x79a3ffc1
core   0: 0x80005bc2 (0x0000717d) c.addi16sp sp, -16
core   0: 3 0x80005bc2 (0x717d) x 2 0xffffff2e
core   0: 0x80005bc4 (0x0000137d) c.addi  t1, -1
core   0: 3 0x80005bc4 (0x137d) x 6 0x2ddaffff
core   0: 0x80005bc6 (0x6368ae93) slti    t4, a7, 1590
core   0: 3 0x80005bc6 (0x6368ae93) x29 0x00000000
core   0: 0x80005bca (0x0000100f) fence.i
core   0: 3 0x80005bca (0x0000100f)
core   0: 0x80005bce (0x00000dc1) c.addi  s11, 16
core   0: 3 0x80005bce (0x0dc1) x27 0x00000010
core   0: 0x80005bd0 (0x00008105) c.srli  a0, 1
core   0: 3 0x80005bd0 (0x8105) x10 0x00000080
core   0: 0x80005bd2 (0x00393bb3) sltu    s7, s2, gp
core   0: 3 0x80005bd2 (0x00393bb3) x23 0x00000001
core   0: 0x80005bd6 (0x0000e321) c.bnez  a4, pc + 64
core   0: 3 0x80005bd6 (0xe321)
core   0: 0x80005c16 (0x0000100f) fence.i
core   0: 3 0x80005c16 (0x0000100f)
core   0: 0x80005c1a (0x00008c89) c.sub   s1, a0
core   0: 3 0x80005c1a (0x8c89) x 9 0x012fff80
core   0: 0x80005c1c (0x03437063) bgeu    t1, s4, pc + 32
core   0: 3 0x80005c1c (0x03437063)
core   0: 0x80005c20 (0x40a58833) sub     a6, a1, a0
core   0: 3 0x80005c20 (0x40a58833) x16 0x01a73083
core   0: 0x80005c24 (0x01bf0963) beq     t5, s11, pc + 18
core   0: 3 0x80005c24 (0x01bf0963)
core   0: 0x80005c28 (0x02199eb3) mulh    t4, s3, ra
core   0: 3 0x80005c28 (0x02199eb3) x29 0x00000007
core   0: 0x80005c2c (0x00009e7a) c.add   t3, t5
core   0: 3 0x80005c2c (0x9e7a) x28 0x01e69001
core   0: 0x80005c2e (0xc5376293) ori     t0, a4, -941
core   0: 3 0x80005c2e (0xc5376293) x 5 0xfffffd53
core   0: 0x80005c32 (0x00232933) slt     s2, t1, sp
core   0: 3 0x80005c32 (0x00232933) x18 0x00000000
core   0: 0x80005c36 (0x00008135) c.srli  a0, 13
core   0: 3 0x80005c36 (0x8135) x10 0x00000000
core   0: 0x80005c38 (0x023cc063) blt     s9, gp, pc + 32
core   0: 3 0x80005c38 (0x023cc063)
core   0: 0x80005c3c (0x00000001) c.nop
core   0: 3 0x80005c3c (0x0001)
core   0: 0x80005c3e (0x000098f2) c.add   a7, t3
core   0: 3 0x80005c3e (0x98f2) x17 0x02603401
core   0: 0x80005c40 (0x0ff0000f) fence   iorw,iorw
core   0: 3 0x80005c40 (0x0ff0000f)
core   0: 0x80005c44 (0xbd7d0793) addi    a5, s10, -1065
core   0: 3 0x80005c44 (0xbd7d0793) x15 0xfffffbd7
core   0: 0x80005c48 (0x02c3e8b3) rem     a7, t2, a2
core   0: 3 0x80005c48 (0x02c3e8b3) x17 0xffffff7a
core   0: 0x80005c4c (0x41a8d533) sra     a0, a7, s10
core   0: 3 0x80005c4c (0x41a8d533) x10 0xffffff7a
core   0: 0x80005c50 (0xf172e4b7) lui     s1, 0xf172e
core   0: 3 0x80005c50 (0xf172e4b7) x 9 0xf172e000
core   0: 0x80005c54 (0x00f1c533) xor     a0, gp, a5
core   0: 3 0x80005c54 (0x00f1c533) x10 0x00000428
core   0: 0x80005c58 (0x0000100f) fence.i
core   0: 3 0x80005c58 (0x0000100f)
core   0: 0x80005c5c (0x01e941b3) xor     gp, s2, t5
core   0: 3 0x80005c5c (0x01e941b3) x 3 0x00f34801
core   0: 0x80005c60 (0x023391b3) mulh    gp, t2, gp
core   0: 3 0x80005c60 (0x023391b3) x 3 0xff865e3f
core   0: 0x80005c64 (0x0110ddb3) srl     s11, ra, a7
core   0: 3 0x80005c64 (0x0110ddb3) x27 0x0000001e
core   0: 0x80005c68 (0x0000ef89) c.bnez  a5, pc + 26
core   0: 3 0x80005c68 (0xef89)
core   0: 0x80005c82 (0x00000001) c.nop
core   0: 3 0x80005c82 (0x0001)
core   0: 0x80005c84 (0x0ff0000f) fence   iorw,iorw
core   0: 3 0x80005c84 (0x0ff0000f)
core   0: 0x80005c88 (0x00008fa9) c.xor   a5, a0
core   0: 3 0x80005c88 (0x8fa9) x15 0xffffffff
core   0: 0x80005c8a (0x697407b7) lui     a5, 0x69740
core   0: 3 0x80005c8a (0x697407b7) x15 0x69740000
core   0: 0x80005c8e (0x01844f63) blt     s0, s8, pc + 30
core   0: 3 0x80005c8e (0x01844f63)
core   0: 0x80005cac (0x00603f33) snez    t5, t1
core   0: 3 0x80005cac (0x00603f33) x30 0x00000001
core   0: 0x80005cb0 (0x00008c75) c.and   s0, a3
core   0: 3 0x80005cb0 (0x8c75) x 8 0x79a40000
core   0: 0x80005cb2 (0x0054fc63) bgeu    s1, t0, pc + 24
core   0: 3 0x80005cb2 (0x0054fc63)
core   0: 0x80005cb6 (0x27c93913) sltiu   s2, s2, 636
core   0: 3 0x80005cb6 (0x27c93913) x18 0x00000001
core   0: 0x80005cba (0x006ce533) or      a0, s9, t1
core   0: 3 0x80005cba (0x006ce533) x10 0x2ddaffff
core   0: 0x80005cbe (0x03073fb3) mulhu   t6, a4, a6
core   0: 3 0x80005cbe (0x03073fb3) x31 0x00000001
core   0: 0x80005cc2 (0xc7927193) andi    gp, tp, -903
core   0: 3 0x80005cc2 (0xc7927193) x 3 0x0001b000
core   0: 0x80005cc6 (0x3403e7b7) lui     a5, 0x3403e
core   0: 3 0x80005cc6 (0x3403e7b7) x15 0x3403e000
core   0: 0x80005cca (0x00c29663) bne     t0, a2, pc + 12
core   0: 3 0x80005cca (0x00c29663)
core   0: 0x80005cd6 (0x0000893e) c.mv    s2, a5
core   0: 3 0x80005cd6 (0x893e) x18 0x3403e000
core   0: 0x80005cd8 (0x008592b3) sll     t0, a1, s0
core   0: 3 0x80005cd8 (0x008592b3) x 5 0x01a73103
core   0: 0x80005cdc (0x00344963) blt     s0, gp, pc + 18
core   0: 3 0x80005cdc (0x00344963)
core   0: 0x80005ce0 (0x02a60a63) beq     a2, a0, pc + 52
core   0: 3 0x80005ce0 (0x02a60a63)
core   0: 0x80005ce4 (0x33230913) addi    s2, t1, 818
core   0: 3 0x80005ce4 (0x33230913) x18 0x2ddb0331
core   0: 0x80005ce8 (0x00000b90) c.addi4spn a2, sp, 464
core   0: 3 0x80005ce8 (0x0b90) x12 0x000000fe
core   0: 0x80005cea (0x0044bb33) sltu    s6, s1, tp
core   0: 3 0x80005cea (0x0044bb33) x22 0x00000000
core   0: 0x80005cee (0x7e770f93) addi    t6, a4, 2023
core   0: 3 0x80005cee (0x7e770f93) x31 0x000008e7
core   0: 0x80005cf2 (0x00008d31) c.xor   a0, a2
core   0: 3 0x80005cf2 (0x8d31) x10 0x2ddaff01
core   0: 0x80005cf4 (0x008adc63) bge     s5, s0, pc + 24
core   0: 3 0x80005cf4 (0x008adc63)
core   0: 0x80005cf8 (0x00000eb6) c.slli  t4, 13
core   0: 3 0x80005cf8 (0x0eb6) x29 0x0000e000
core   0: 0x80005cfa (0x000084d5) c.srai  s1, 21
core   0: 3 0x80005cfa (0x84d5) x 9 0xffffff8b
core   0: 0x80005cfc (0x019c1f93) slli    t6, s8, 25
core   0: 3 0x80005cfc (0x019c1f93) x31 0x00000000
core   0: 0x80005d00 (0x00008fa9) c.xor   a5, a0
core   0: 3 0x80005d00 (0x8fa9) x15 0x19d91f01
core   0: 0x80005d02 (0x00006105) c.addi16sp sp, 32
core   0: 3 0x80005d02 (0x6105) x 2 0xffffff4e
core   0: 0x80005d04 (0x01eecdb3) xor     s11, t4, t5
core   0: 3 0x80005d04 (0x01eecdb3) x27 0x0000e001
core   0: 0x80005d08 (0x0000009a) c.slli  ra, 6
core   0: 3 0x80005d08 (0x009a) x 1 0x68fff040
core   0: 0x80005d0a (0x0000ea05) c.bnez  a2, pc + 48
core   0: 3 0x80005d0a (0xea05)
core   0: 0x80005d3a (0x029e5933) divu    s2, t3, s1
core   0: 3 0x80005d3a (0x029e5933) x18 0x00000000
core   0: 0x80005d3e (0xe7334093) xori    ra, t1, -397
core   0: 3 0x80005d3e (0xe7334093) x 1 0xd225018c
core   0: 0x80005d42 (0x000759b3) srl     s3, a4, zero
core   0: 3 0x80005d42 (0x000759b3) x19 0x00000100
core   0: 0x80005d46 (0x0000951a) c.add   a0, t1
core   0: 3 0x80005d46 (0x951a) x10 0x5bb5ff00
core   0: 0x80005d48 (0x00008e89) c.sub   a3, a0
core   0: 3 0x80005d48 (0x8e89) x13 0x1dee02a0
core   0: 0x80005d4a (0x00000fcd) c.addi  t6, 19
core   0: 3 0x80005d4a (0x0fcd) x31 0x00000013
core   0: 0x80005d4c (0x7f663e13) sltiu   t3, a2, 2038
core   0: 3 0x80005d4c (0x7f663e13) x28 0x00000001
core   0: 0x80005d50 (0x4026d4b3) sra     s1, a3, sp
core   0: 3 0x80005d50 (0x4026d4b3) x 9 0x000077b8
core   0: 0x80005d54 (0x000046d1) c.li    a3, 20
core   0: 3 0x80005d54 (0x46d1) x13 0x00000014
core   0: 0x80005d56 (0x01db6533) or      a0, s6, t4
core   0: 3 0x80005d56 (0x01db6533) x10 0x0000e000
core   0: 0x80005d5a (0x00d919b3) sll     s3, s2, a3
core   0: 3 0x80005d5a (0x00d919b3) x19 0x00000000
core   0: 0x80005d5e (0x02b99063) bne     s3, a1, pc + 32
core   0: 3 0x80005d5e (0x02b99063)
core   0: 0x80005d7e (0x000098fd) c.andi  s1, -1
core   0: 3 0x80005d7e (0x98fd) x 9 0x000077b8
core   0: 0x80005d80 (0x01d9cb33) xor     s6, s3, t4
core   0: 3 0x80005d80 (0x01d9cb33) x22 0x0000e000
core   0: 0x80005d84 (0x419f89b3) sub     s3, t6, s9
core   0: 3 0x80005d84 (0x419f89b3) x19 0x00000013
core   0: 0x80005d88 (0x00008d3d) c.xor   a0, a5
core   0: 3 0x80005d88 (0x8d3d) x10 0x19d9ff01
core   0: 0x80005d8a (0xa204c113) xori    sp, s1, -1504
core   0: 3 0x80005d8a (0xa204c113) x 2 0xffff8d98
core   0: 0x80005d8e (0x005664b3) or      s1, a2, t0
core   0: 3 0x80005d8e (0x005664b3) x 9 0x01a731ff
core   0: 0x80005d92 (0x01879263) bne     a5, s8, pc + 4
core   0: 3 0x80005d92 (0x01879263)
core   0: 0x80005d96 (0x40fc8d33) sub     s10, s9, a5
core   0: 3 0x80005d96 (0x40fc8d33) x26 0xe626e0ff
core   0: 0x80005d9a (0x00000f1a) c.slli  t5, 6
core   0: 3 0x80005d9a (0x0f1a) x30 0x00000040
core   0: 0x80005d9c (0x0037feb3) and     t4, a5, gp
core   0: 3 0x80005d9c (0x0037feb3) x29 0x00011000
core   0: 0x80005da0 (0x0000956a) c.add   a0, s10
core   0: 3 0x80005da0 (0x956a) x10 0x0000e000
core   0: 0x80005da2 (0x00000001) c.nop
core   0: 3 0x80005da2 (0x0001)
core   0: 0x80005da4 (0x00008e39) c.xor   a2, a4
core   0: 3 0x80005da4 (0x8e39) x12 0x000001fe
core   0: 0x80005da6 (0x00cd0e63) beq     s10, a2, pc + 28
core   0: 3 0x80005da6 (0x00cd0e63)
core   0: 0x80005daa (0x0442e263) bltu    t0, tp, pc + 68
core   0: 3 0x80005daa (0x0442e263)
core   0: 0x80005dae (0x03318a33) mul     s4, gp, s3
core   0: 3 0x80005dae (0x03318a33) x20 0x00201000
core   0: 0x80005db2 (0x00000001) c.nop
core   0: 3 0x80005db2 (0x0001)
core   0: 0x80005db4 (0x594c8193) addi    gp, s9, 1428
core   0: 3 0x80005db4 (0x594c8193) x 3 0x00000594
core   0: 0x80005db8 (0x00006129) c.addi16sp sp, 192
core   0: 3 0x80005db8 (0x6129) x 2 0xffff8e58
core   0: 0x80005dba (0x001d5b93) srli    s7, s10, 1
core   0: 3 0x80005dba (0x001d5b93) x23 0x7313707f
core   0: 0x80005dbe (0x406d0433) sub     s0, s10, t1
core   0: 3 0x80005dbe (0x406d0433) x 8 0xb84be100
core   0: 0x80005dc2 (0x00116c63) bltu    sp, ra, pc + 24
core   0: 3 0x80005dc2 (0x00116c63)
core   0: 0x80005dc6 (0x01cb8363) beq     s7, t3, pc + 6
core   0: 3 0x80005dc6 (0x01cb8363)
core   0: 0x80005dca (0x0000eb19) c.bnez  a4, pc + 22
core   0: 3 0x80005dca (0xeb19)
core   0: 0x80005de0 (0x410a8a33) sub     s4, s5, a6
core   0: 3 0x80005de0 (0x410a8a33) x20 0x7e5b6c61
core   0: 0x80005de4 (0x00000001) c.nop
core   0: 3 0x80005de4 (0x0001)
core   0: 0x80005de6 (0x03a8e533) rem     a0, a7, s10
core   0: 3 0x80005de6 (0x03a8e533) x10 0xffffff7a
core   0: 0x80005dea (0x02179563) bne     a5, ra, pc + 42
core   0: 3 0x80005dea (0x02179563)
core   0: 0x80005e14 (0xdd426693) ori     a3, tp, -556
core   0: 3 0x80005e14 (0xdd426693) x13 0xfffffdd4
core   0: 0x80005e18 (0xeb8fa613) slti    a2, t6, -328
core   0: 3 0x80005e18 (0xeb8fa613) x12 0x00000000
core   0: 0x80005e1c (0x40218133) sub     sp, gp, sp
core   0: 3 0x80005e1c (0x40218133) x 2 0x0000773c
core   0: 0x80005e20 (0x00a1fc63) bgeu    gp, a0, pc + 24
core   0: 3 0x80005e20 (0x00a1fc63)
core   0: 0x80005e24 (0x00000b00) c.addi4spn s0, sp, 400
core   0: 3 0x80005e24 (0x0b00) x 8 0x000078cc
core   0: 0x80005e26 (0x02084db3) div     s11, a6, zero
core   0: 3 0x80005e26 (0x02084db3) x27 0xffffffff
core   0: 0x80005e2a (0x0192e833) or      a6, t0, s9
core   0: 3 0x80005e2a (0x0192e833) x16 0x01a73103
core   0: 0x80005e2e (0x00000001) c.nop
core   0: 3 0x80005e2e (0x0001)
core   0: 0x80005e30 (0x00008ee9) c.and   a3, a0
core   0: 3 0x80005e30 (0x8ee9) x13 0xfffffd50
core   0: 0x80005e32 (0x00000001) c.nop
core   0: 3 0x80005e32 (0x0001)
core   0: 0x80005e34 (0x03c01bb3) mulh    s7, zero, t3
core   0: 3 0x80005e34 (0x03c01bb3) x23 0x00000000
core   0: 0x80005e38 (0x02ec08b3) mul     a7, s8, a4
core   0: 3 0x80005e38 (0x02ec08b3) x17 0x00000000
core   0: 0x80005e3c (0x0342f933) remu    s2, t0, s4
core   0: 3 0x80005e3c (0x0342f933) x18 0x01a73103
core   0: 0x80005e40 (0x0000ce8d) c.beqz  a3, pc + 58
core   0: 3 0x80005e40 (0xce8d)
core   0: 0x80005e42 (0x0000e119) c.bnez  a0, pc + 6
core   0: 3 0x80005e42 (0xe119)
core   0: 0x80005e48 (0x00008e95) c.sub   a3, a3
core   0: 3 0x80005e48 (0x8e95) x13 0x00000000
core   0: 0x80005e4a (0x00006ef1) c.lui   t4, 0x1c
core   0: 3 0x80005e4a (0x6ef1) x29 0x0001c000
core   0: 0x80005e4c (0x40c7dc93) srai    s9, a5, 12
core   0: 3 0x80005e4c (0x40c7dc93) x25 0x00019d91
core   0: 0x80005e50 (0x00000fb5) c.addi  t6, 13
core   0: 3 0x80005e50 (0x0fb5) x31 0x00000020
core   0: 0x80005e52 (0x00006c39) c.lui   s8, 0xe
core   0: 3 0x80005e52 (0x6c39) x24 0x0000e000
core   0: 0x80005e54 (0x63a16493) ori     s1, sp, 1594
core   0: 3 0x80005e54 (0x63a16493) x 9 0x0000773e
core   0: 0x80005e58 (0x0000e801) c.bnez  s0, pc + 16
core   0: 3 0x80005e58 (0xe801)
core   0: 0x80005e68 (0x00008e89) c.sub   a3, a0
core   0: 3 0x80005e68 (0x8e89) x13 0x00000086
core   0: 0x80005e6a (0x09bb2e13) slti    t3, s6, 155
core   0: 3 0x80005e6a (0x09bb2e13) x28 0x00000000
core   0: 0x80005e6e (0x00055493) srli    s1, a0, 0
core   0: 3 0x80005e6e (0x00055493) x 9 0xffffff7a
core   0: 0x80005e72 (0x030bbcb3) mulhu   s9, s7, a6
core   0: 3 0x80005e72 (0x030bbcb3) x25 0x00000000
core   0: 0x80005e76 (0xe3300c13) li      s8, -461
core   0: 3 0x80005e76 (0xe3300c13) x24 0xfffffe33
core   0: 0x80005e7a (0x019541b3) xor     gp, a0, s9
core   0: 3 0x80005e7a (0x019541b3) x 3 0xffffff7a
core   0: 0x80005e7e (0xe0e6ff93) andi    t6, a3, -498
core   0: 3 0x80005e7e (0xe0e6ff93) x31 0x00000006
core   0: 0x80005e82 (0x0000615d) c.addi16sp sp, 432
core   0: 3 0x80005e82 (0x615d) x 2 0x000078ec
core   0: 0x80005e84 (0x406b5333) sra     t1, s6, t1
core   0: 3 0x80005e84 (0x406b5333) x 6 0x00000000
core   0: 0x80005e88 (0x01546a63) bltu    s0, s5, pc + 20
core   0: 3 0x80005e88 (0x01546a63)
core   0: 0x80005e9c (0x00009a7a) c.add   s4, t5
core   0: 3 0x80005e9c (0x9a7a) x20 0x7e5b6ca1
core   0: 0x80005e9e (0x00004663) bltz    zero, pc + 12
core   0: 3 0x80005e9e (0x00004663)
core   0: 0x80005ea2 (0x008c6833) or      a6, s8, s0
core   0: 3 0x80005ea2 (0x008c6833) x16 0xfffffeff
core   0: 0x80005ea6 (0x0000717d) c.addi16sp sp, -16
core   0: 3 0x80005ea6 (0x717d) x 2 0x000078dc
core   0: 0x80005ea8 (0x00008ece) c.mv    t4, s3
core   0: 3 0x80005ea8 (0x8ece) x29 0x00000013
core   0: 0x80005eaa (0x00009f42) c.add   t5, a6
core   0: 3 0x80005eaa (0x9f42) x30 0xffffff3f
core   0: 0x80005eac (0x00000752) c.slli  a4, 20
core   0: 3 0x80005eac (0x0752) x14 0x10000000
core   0: 0x80005eae (0x4047deb3) sra     t4, a5, tp
core   0: 3 0x80005eae (0x4047deb3) x29 0x19d91f01
core   0: 0x80005eb2 (0x052fe063) bltu    t6, s2, pc + 64
core   0: 3 0x80005eb2 (0x052fe063)
core   0: 0x80005ef2 (0x009ae0b3) or      ra, s5, s1
core   0: 3 0x80005ef2 (0x009ae0b3) x 1 0xfffffffe
core   0: 0x80005ef6 (0x00001e10) c.addi4spn a2, sp, 816
core   0: 3 0x80005ef6 (0x1e10) x12 0x00007c0c
core   0: 0x80005ef8 (0x0000717d) c.addi16sp sp, -16
core   0: 3 0x80005ef8 (0x717d) x 2 0x000078cc
core   0: 0x80005efa (0x79722e13) slti    t3, tp, 1943
core   0: 3 0x80005efa (0x79722e13) x28 0x00000000
core   0: 0x80005efe (0x50dd7793) andi    a5, s10, 1293
core   0: 3 0x80005efe (0x50dd7793) x15 0x0000000d
core   0: 0x80005f02 (0x02547863) bgeu    s0, t0, pc + 48
core   0: 3 0x80005f02 (0x02547863)
core   0: 0x80005f06 (0x00008e31) c.xor   a2, a2
core   0: 3 0x80005f06 (0x8e31) x12 0x00000000
core   0: 0x80005f08 (0x0025bb33) sltu    s6, a1, sp
core   0: 3 0x80005f08 (0x0025bb33) x22 0x00000000
core   0: 0x80005f0c (0x012ed513) srli    a0, t4, 18
core   0: 3 0x80005f0c (0x012ed513) x10 0x00000676
core   0: 0x80005f10 (0x0040d413) srli    s0, ra, 4
core   0: 3 0x80005f10 (0x0040d413) x 8 0x0fffffff
core   0: 0x80005f14 (0x00008661) c.srai  a2, 24
core   0: 3 0x80005f14 (0x8661) x12 0x00000000
core   0: 0x80005f16 (0x68298a37) lui     s4, 0x68298
core   0: 3 0x80005f16 (0x68298a37) x20 0x68298000
core   0: 0x80005f1a (0x5e066d13) ori     s10, a2, 1504
core   0: 3 0x80005f1a (0x5e066d13) x26 0x000005e0
core   0: 0x80005f1e (0x0000802d) c.srli  s0, 11
core   0: 3 0x80005f1e (0x802d) x 8 0x0001ffff
core   0: 0x80005f20 (0x000092be) c.add   t0, a5
core   0: 3 0x80005f20 (0x92be) x 5 0x01a73110
core   0: 0x80005f22 (0x0164ed63) bltu    s1, s6, pc + 26
core   0: 3 0x80005f22 (0x0164ed63)
core   0: 0x80005f26 (0x031a9e63) bne     s5, a7, pc + 60
core   0: 3 0x80005f26 (0x031a9e63)
core   0: 0x80005f62 (0x012dff63) bgeu    s11, s2, pc + 30
core   0: 3 0x80005f62 (0x012dff63)
core   0: 0x80005f80 (0x00006279) c.lui   tp, 0x1e
core   0: 3 0x80005f80 (0x6279) x 4 0x0001e000
core   0: 0x80005f82 (0x00c74c63) blt     a4, a2, pc + 24
core   0: 3 0x80005f82 (0x00c74c63)
core   0: 0x80005f86 (0x8fe401b7) lui     gp, 0x8fe40
core   0: 3 0x80005f86 (0x8fe401b7) x 3 0x8fe40000
core   0: 0x80005f8a (0x0000547d) c.li    s0, -1
core   0: 3 0x80005f8a (0x547d) x 8 0xffffffff
core   0: 0x80005f8c (0x01c1f9b3) and     s3, gp, t3
core   0: 3 0x80005f8c (0x01c1f9b3) x19 0x00000000
core   0: 0x80005f90 (0x40d5dc93) srai    s9, a1, 13
core   0: 3 0x80005f90 (0x40d5dc93) x25 0x00000d39
core   0: 0x80005f94 (0x00008c65) c.and   s0, s1
core   0: 3 0x80005f94 (0x8c65) x 8 0xffffff7a
core   0: 0x80005f96 (0x000067ad) c.lui   a5, 0xb
core   0: 3 0x80005f96 (0x67ad) x15 0x0000b000
core   0: 0x80005f98 (0x00008e25) c.xor   a2, s1
core   0: 3 0x80005f98 (0x8e25) x12 0xffffff7a
core   0: 0x80005f9a (0x0000cb11) c.beqz  a4, pc + 20
core   0: 3 0x80005f9a (0xcb11)
core   0: 0x80005f9c (0x00008f59) c.or    a4, a4
core   0: 3 0x80005f9c (0x8f59) x14 0x10000000
core   0: 0x80005f9e (0x000061b1) c.lui   gp, 0xc
core   0: 3 0x80005f9e (0x61b1) x 3 0x0000c000
core   0: 0x80005fa0 (0x00000001) c.nop
core   0: 3 0x80005fa0 (0x0001)
core   0: 0x80005fa2 (0xce47f517) auipc   a0, 0xce47f
core   0: 3 0x80005fa2 (0xce47f517) x10 0x4e484fa2
core   0: 0x80005fa6 (0x007c1933) sll     s2, s8, t2
core   0: 3 0x80005fa6 (0x007c1933) x18 0xfffe3300
core   0: 0x80005faa (0xdc650613) addi    a2, a0, -570
core   0: 3 0x80005faa (0xdc650613) x12 0x4e484d68
core   0: 0x80005fae (0x00008cbd) c.xor   s1, a5
core   0: 3 0x80005fae (0x8cbd) x 9 0xffff4f7a
core   0: 0x80005fb0 (0x00286fb3) or      t6, a6, sp
core   0: 3 0x80005fb0 (0x00286fb3) x31 0xfffffeff
core   0: 0x80005fb4 (0x03137cb3) remu    s9, t1, a7
core   0: 3 0x80005fb4 (0x03137cb3) x25 0x00000000
core   0: 0x80005fb8 (0x01ab5b93) srli    s7, s6, 26
core   0: 3 0x80005fb8 (0x01ab5b93) x23 0x00000000
core   0: 0x80005fbc (0x00008fb1) c.xor   a5, a2
core   0: 3 0x80005fbc (0x8fb1) x15 0x4e48fd68
core   0: 0x80005fbe (0x00008a5d) c.andi  a2, 23
core   0: 3 0x80005fbe (0x8a5d) x12 0x00000000
core   0: 0x80005fc0 (0x006c3db3) sltu    s11, s8, t1
core   0: 3 0x80005fc0 (0x006c3db3) x27 0x00000000
core   0: 0x80005fc4 (0x00006111) c.addi16sp sp, 256
core   0: 3 0x80005fc4 (0x6111) x 2 0x000079cc
core   0: 0x80005fc6 (0xcb1fe813) ori     a6, t6, -847
core   0: 3 0x80005fc6 (0xcb1fe813) x16 0xfffffeff
core   0: 0x80005fca (0x02d3a7b3) mulhsu  a5, t2, a3
core   0: 3 0x80005fca (0x02d3a7b3) x15 0xffffffbd
core   0: 0x80005fce (0x019ce963) bltu    s9, s9, pc + 18
core   0: 3 0x80005fce (0x019ce963)
core   0: 0x80005fd2 (0x000098fd) c.andi  s1, -1
core   0: 3 0x80005fd2 (0x98fd) x 9 0xffff4f7a
core   0: 0x80005fd4 (0xc6e55137) lui     sp, 0xc6e55
core   0: 3 0x80005fd4 (0xc6e55137) x 2 0xc6e55000
core   0: 0x80005fd8 (0xe8c48f93) addi    t6, s1, -372
core   0: 3 0x80005fd8 (0xe8c48f93) x31 0xffff4e06
core   0: 0x80005fdc (0x0ff0000f) fence   iorw,iorw
core   0: 3 0x80005fdc (0x0ff0000f)
core   0: 0x80005fe0 (0x00006151) c.addi16sp sp, 272
core   0: 3 0x80005fe0 (0x6151) x 2 0xc6e55110
core   0: 0x80005fe2 (0x01524333) xor     t1, tp, s5
core   0: 3 0x80005fe2 (0x01524333) x 6 0x80037ce4
core   0: 0x80005fe6 (0x01179bb3) sll     s7, a5, a7
core   0: 3 0x80005fe6 (0x01179bb3) x23 0xffffffbd
core   0: 0x80005fea (0x02fc6f33) rem     t5, s8, a5
core   0: 3 0x80005fea (0x02fc6f33) x30 0xffffffc5
core   0: 0x80005fee (0x011176b3) and     a3, sp, a7
core   0: 3 0x80005fee (0x011176b3) x13 0x00000000
core   0: 0x80005ff2 (0x00000001) c.nop
core   0: 3 0x80005ff2 (0x0001)
core   0: 0x80005ff4 (0x01ca8a63) beq     s5, t3, pc + 20
core   0: 3 0x80005ff4 (0x01ca8a63)
core   0: 0x80005ff8 (0xce357f93) andi    t6, a0, -797
core   0: 3 0x80005ff8 (0xce357f93) x31 0x4e484ca2
core   0: 0x80005ffc (0x40415733) sra     a4, sp, tp
core   0: 3 0x80005ffc (0x40415733) x14 0xc6e55110
core   0: 0x80006000 (0x400c0733) sub     a4, s8, zero
core   0: 3 0x80006000 (0x400c0733) x14 0xfffffe33
core   0: 0x80006004 (0x41c30033) sub     zero, t1, t3
core   0: 3 0x80006004 (0x41c30033)
core   0: 0x80006008 (0x0166a8b3) slt     a7, a3, s6
core   0: 3 0x80006008 (0x0166a8b3) x17 0x00000000
core   0: 0x8000600c (0x0000687d) c.lui   a6, 0x1f
core   0: 3 0x8000600c (0x687d) x16 0x0001f000
core   0: 0x8000600e (0x0000687d) c.lui   a6, 0x1f
core   0: 3 0x8000600e (0x687d) x16 0x0001f000
core   0: 0x80006010 (0x00008489) c.srai  s1, 2
core   0: 3 0x80006010 (0x8489) x 9 0xffffd3de
core   0: 0x80006012 (0x03d6b733) mulhu   a4, a3, t4
core   0: 3 0x80006012 (0x03d6b733) x14 0x00000000
core   0: 0x80006016 (0x008c5413) srli    s0, s8, 8
core   0: 3 0x80006016 (0x008c5413) x 8 0x00fffffe
core   0: 0x8000601a (0x00008f85) c.sub   a5, s1
core   0: 3 0x8000601a (0x8f85) x15 0x00002bdf
core   0: 0x8000601c (0x525a0213) addi    tp, s4, 1317
core   0: 3 0x8000601c (0x525a0213) x 4 0x68298525
core   0: 0x80006020 (0x03e8fc63) bgeu    a7, t5, pc + 56
core   0: 3 0x80006020 (0x03e8fc63)
core   0: 0x80006024 (0x03031733) mulh    a4, t1, a6
core   0: 3 0x80006024 (0x03031733) x14 0xffff0806
core   0: 0x80006028 (0x000086b1) c.srai  a3, 12
core   0: 3 0x80006028 (0x86b1) x13 0x00000000
core   0: 0x8000602a (0x028d6963) bltu    s10, s0, pc + 50
core   0: 3 0x8000602a (0x028d6963)
core   0: 0x8000605c (0x0bf74413) xori    s0, a4, 191
core   0: 3 0x8000605c (0x0bf74413) x 8 0xffff08b9
core   0: 0x80006060 (0x00e4dc93) srli    s9, s1, 14
core   0: 3 0x80006060 (0x00e4dc93) x25 0x0003ffff
core   0: 0x80006064 (0x003cd333) srl     t1, s9, gp
core   0: 3 0x80006064 (0x003cd333) x 6 0x0003ffff
core   0: 0x80006068 (0x0000100f) fence.i
core   0: 3 0x80006068 (0x0000100f)
core   0: 0x8000606c (0x0000c889) c.beqz  s1, pc + 18
core   0: 3 0x8000606c (0xc889)
core   0: 0x8000606e (0xdc4b0693) addi    a3, s6, -572
core   0: 3 0x8000606e (0xdc4b0693) x13 0xfffffdc4
core   0: 0x80006072 (0x0000547d) c.li    s0, -1
core   0: 3 0x80006072 (0x547d) x 8 0xffffffff
core   0: 0x80006074 (0x023a22b3) mulhsu  t0, s4, gp
core   0: 3 0x80006074 (0x023a22b3) x 5 0x00004e1f
core   0: 0x80006078 (0x0000717d) c.addi16sp sp, -16
core   0: 3 0x80006078 (0x717d) x 2 0xc6e55100
core   0: 0x8000607a (0x013564b3) or      s1, a0, s3
core   0: 3 0x8000607a (0x013564b3) x 9 0x4e484fa2
core   0: 0x8000607e (0x005a5d93) srli    s11, s4, 5
core   0: 3 0x8000607e (0x005a5d93) x27 0x03414c00
core   0: 0x80006082 (0x00008ced) c.and   s1, a1
core   0: 3 0x80006082 (0x8ced) x 9 0x00000102
core   0: 0x80006084 (0x01e3b933) sltu    s2, t2, t5
core   0: 3 0x80006084 (0x01e3b933) x18 0x00000001
core   0: 0x80006088 (0x17e0eb13) ori     s6, ra, 382
core   0: 3 0x80006088 (0x17e0eb13) x22 0xfffffffe
core   0: 0x8000608c (0x00005313) srli    t1, zero, 0
core   0: 3 0x8000608c (0x00005313) x 6 0x00000000
core   0: 0x80006090 (0x00cfdf63) bge     t6, a2, pc + 30
core   0: 3 0x80006090 (0x00cfdf63)
core   0: 0x800060ae (0x000094d2) c.add   s1, s4
core   0: 3 0x800060ae (0x94d2) x 9 0x68298102
core   0: 0x800060b0 (0x0000e205) c.bnez  a2, pc + 32
core   0: 3 0x800060b0 (0xe205)
core   0: 0x800060b2 (0x025e5433) divu    s0, t3, t0
core   0: 3 0x800060b2 (0x025e5433) x 8 0x00000000
core   0: 0x800060b6 (0x055d0063) beq     s10, s5, pc + 64
core   0: 3 0x800060b6 (0x055d0063)
core   0: 0x800060ba (0x00f05e13) srli    t3, zero, 15
core   0: 3 0x800060ba (0x00f05e13) x28 0x00000000
core   0: 0x800060be (0x02261d33) mulh    s10, a2, sp
core   0: 3 0x800060be (0x02261d33) x26 0x00000000
core   0: 0x800060c2 (0x0384a1b3) mulhsu  gp, s1, s8
core   0: 3 0x800060c2 (0x0384a1b3) x 3 0x68298046
core   0: 0x800060c6 (0x0163d333) srl     t1, t2, s6
core   0: 3 0x800060c6 (0x0163d333) x 6 0x00000002
core   0: 0x800060ca (0x0155cc33) xor     s8, a1, s5
core   0: 3 0x800060ca (0x0155cc33) x24 0x81a5ade7
core   0: 0x800060ce (0x00000001) c.nop
core   0: 3 0x800060ce (0x0001)
core   0: 0x800060d0 (0x03361033) mulh    zero, a2, s3
core   0: 3 0x800060d0 (0x03361033)
core   0: 0x800060d4 (0x0000850d) c.srai  a0, 3
core   0: 3 0x800060d4 (0x850d) x10 0x09c909f4
core   0: 0x800060d6 (0x0000717d) c.addi16sp sp, -16
core   0: 3 0x800060d6 (0x717d) x 2 0xc6e550f0
core   0: 0x800060d8 (0xdf2c8117) auipc   sp, 0xdf2c8
core   0: 3 0x800060d8 (0xdf2c8117) x 2 0x5f2ce0d8
core   0: 0x800060dc (0x0000853d) c.srai  a0, 15
core   0: 3 0x800060dc (0x853d) x10 0x00001392
core   0: 0x800060de (0x00001998) c.addi4spn a4, sp, 240
core   0: 3 0x800060de (0x1998) x14 0x5f2ce1c8
core   0: 0x800060e0 (0x00b802b3) add     t0, a6, a1
core   0: 3 0x800060e0 (0x00b802b3) x 5 0x01a92103
core   0: 0x800060e4 (0x05a4c163) blt     s1, s10, pc + 66
core   0: 3 0x800060e4 (0x05a4c163)
core   0: 0x800060e8 (0x6ee4b0b7) lui     ra, 0x6ee4b
core   0: 3 0x800060e8 (0x6ee4b0b7) x 1 0x6ee4b000
core   0: 0x800060ec (0x00008f81) c.sub   a5, s0
core   0: 3 0x800060ec (0x8f81) x15 0x00002bdf
core   0: 0x800060ee (0x00001b10) c.addi4spn a2, sp, 432
core   0: 3 0x800060ee (0x1b10) x12 0x5f2ce288
core   0: 0x800060f0 (0x00008ce9) c.and   s1, a0
core   0: 3 0x800060f0 (0x8ce9) x 9 0x00000102
core   0: 0x800060f2 (0x27c56193) ori     gp, a0, 636
core   0: 3 0x800060f2 (0x27c56193) x 3 0x000013fe
core   0: 0x800060f6 (0x00008939) c.andi  a0, 14
core   0: 3 0x800060f6 (0x8939) x10 0x00000002
core   0: 0x800060f8 (0x4b8fc917) auipc   s2, 0x4b8fc
core   0: 3 0x800060f8 (0x4b8fc917) x18 0xcb9020f8
core   0: 0x800060fc (0x0ff0000f) fence   iorw,iorw
core   0: 3 0x800060fc (0x0ff0000f)
core   0: 0x80006100 (0x418fdeb3) sra     t4, t6, s8
core   0: 3 0x80006100 (0x418fdeb3) x29 0x009c9099
core   0: 0x80006104 (0x00008d0d) c.sub   a0, a1
core   0: 3 0x80006104 (0x8d0d) x10 0xfe58ceff
core   0: 0x80006106 (0x0000cf1d) c.beqz  a4, pc + 62
core   0: 3 0x80006106 (0xcf1d)
core   0: 0x80006108 (0x417fd113) srai    sp, t6, 23
core   0: 3 0x80006108 (0x417fd113) x 2 0x0000009c
core   0: 0x8000610c (0x031c2933) mulhsu  s2, s8, a7
core   0: 3 0x8000610c (0x031c2933) x18 0x00000000
core   0: 0x80006110 (0x01641833) sll     a6, s0, s6
core   0: 3 0x80006110 (0x01641833) x16 0x00000000
core   0: 0x80006114 (0x20fd0d13) addi    s10, s10, 527
core   0: 3 0x80006114 (0x20fd0d13) x26 0x0000020f
core   0: 0x80006118 (0x0000c205) c.beqz  a2, pc + 32
core   0: 3 0x80006118 (0xc205)
core   0: 0x8000611a (0x0178a633) slt     a2, a7, s7
core   0: 3 0x8000611a (0x0178a633) x12 0x00000000
core   0: 0x8000611e (0x03f560b3) rem     ra, a0, t6
core   0: 3 0x8000611e (0x03f560b3) x 1 0xfe58ceff
core   0: 0x80006122 (0x015fb233) sltu    tp, t6, s5
core   0: 3 0x80006122 (0x015fb233) x 4 0x00000001
core   0: 0x80006126 (0x8a75f313) andi    t1, a1, -1881
core   0: 3 0x80006126 (0x8a75f313) x 6 0x01a73003
core   0: 0x8000612a (0x05756793) ori     a5, a0, 87
core   0: 3 0x8000612a (0x05756793) x15 0xfe58ceff
core   0: 0x8000612e (0x00008e9a) c.mv    t4, t1
core   0: 3 0x8000612e (0x8e9a) x29 0x01a73003
core   0: 0x80006130 (0x0341e663) bltu    gp, s4, pc + 44
core   0: 3 0x80006130 (0x0341e663)
core   0: 0x8000615c (0x00001b84) c.addi4spn s1, sp, 496
core   0: 3 0x8000615c (0x1b84) x 9 0x0000028c
core   0: 0x8000615e (0x40b4d6b3) sra     a3, s1, a1
core   0: 3 0x8000615e (0x40b4d6b3) x13 0x00000051
core   0: 0x80006162 (0x0098ab33) slt     s6, a7, s1
core   0: 3 0x80006162 (0x0098ab33) x22 0x00000001
core   0: 0x80006166 (0x015e4563) blt     t3, s5, pc + 10
core   0: 3 0x80006166 (0x015e4563)
core   0: 0x8000616a (0x00000c8a) c.slli  s9, 2
core   0: 3 0x8000616a (0x0c8a) x25 0x000ffffc
core   0: 0x8000616c (0x00008f95) c.sub   a5, a3
core   0: 3 0x8000616c (0x8f95) x15 0xfe58ceae
core   0: 0x8000616e (0x00008f89) c.sub   a5, a0
core   0: 3 0x8000616e (0x8f89) x15 0xffffffaf
core   0: 0x80006170 (0x00008e79) c.and   a2, a4
core   0: 3 0x80006170 (0x8e79) x12 0x00000000
core   0: 0x80006172 (0x00006541) c.lui   a0, 0x10
core   0: 3 0x80006172 (0x6541) x10 0x00010000
core   0: 0x80006174 (0x03b7a7b3) mulhsu  a5, a5, s11
core   0: 3 0x80006174 (0x03b7a7b3) x15 0xfffffffe
core   0: 0x80006178 (0x41db5133) sra     sp, s6, t4
core   0: 3 0x80006178 (0x41db5133) x 2 0x00000000
core   0: 0x8000617c (0x0369cc63) blt     s3, s6, pc + 56
core   0: 3 0x8000617c (0x0369cc63)
core   0: 0x800061b4 (0x41d4dc33) sra     s8, s1, t4
core   0: 3 0x800061b4 (0x41d4dc33) x24 0x00000051
core   0: 0x800061b8 (0xa3ac2d93) slti    s11, s8, -1478
core   0: 3 0x800061b8 (0xa3ac2d93) x27 0x00000000
core   0: 0x800061bc (0x00000cda) c.slli  s9, 22
core   0: 3 0x800061bc (0x0cda) x25 0xff000000
core   0: 0x800061be (0x00008f41) c.or    a4, s0
core   0: 3 0x800061be (0x8f41) x14 0x5f2ce1c8
core   0: 0x800061c0 (0x414cdc33) sra     s8, s9, s4
core   0: 3 0x800061c0 (0x414cdc33) x24 0xff000000
core   0: 0x800061c4 (0x84012893) slti    a7, sp, -1984
core   0: 3 0x800061c4 (0x84012893) x17 0x00000000
core   0: 0x800061c8 (0x8a717793) andi    a5, sp, -1881
core   0: 3 0x800061c8 (0x8a717793) x15 0x00000000
core   0: 0x800061cc (0x0094bd33) sltu    s10, s1, s1
core   0: 3 0x800061cc (0x0094bd33) x26 0x00000000
core   0: 0x800061d0 (0x000062f1) c.lui   t0, 0x1c
core   0: 3 0x800061d0 (0x62f1) x 5 0x0001c000
core   0: 0x800061d2 (0x00006b19) c.lui   s6, 0x6
core   0: 3 0x800061d2 (0x6b19) x22 0x00006000
core   0: 0x800061d4 (0x0000100f) fence.i
core   0: 3 0x800061d4 (0x0000100f)
core   0: 0x800061d8 (0x00008e89) c.sub   a3, a0
core   0: 3 0x800061d8 (0x8e89) x13 0xffff0051
core   0: 0x800061da (0x00004ecd) c.li    t4, 19
core   0: 3 0x800061da (0x4ecd) x29 0x00000013
core   0: 0x800061dc (0x0276ed33) rem     s10, a3, t2
core   0: 3 0x800061dc (0x0276ed33) x26 0xffff0051
core   0: 0x800061e0 (0x0030d663) bge     ra, gp, pc + 12
core   0: 3 0x800061e0 (0x0030d663)
core   0: 0x800061e4 (0xcf10bd37) lui     s10, 0xcf10b
core   0: 3 0x800061e4 (0xcf10bd37) x26 0xcf10b000
core   0: 0x800061e8 (0x87cc9837) lui     a6, 0x87cc9
core   0: 3 0x800061e8 (0x87cc9837) x16 0x87cc9000
core   0: 0x800061ec (0x02775733) divu    a4, a4, t2
core   0: 3 0x800061ec (0x02775733) x14 0x00000000
core   0: 0x800061f0 (0x0ff0000f) fence   iorw,iorw
core   0: 3 0x800061f0 (0x0ff0000f)
core   0: 0x800061f4 (0x0000e085) c.bnez  s1, pc + 32
core   0: 3 0x800061f4 (0xe085)
core   0: 0x80006214 (0x00000a08) c.addi4spn a0, sp, 272
core   0: 3 0x80006214 (0x0a08) x10 0x00000110
core   0: 0x80006216 (0x40bd5933) sra     s2, s10, a1
core   0: 3 0x80006216 (0x40bd5933) x18 0xf9e21600
core   0: 0x8000621a (0x0ff0000f) fence   iorw,iorw
core   0: 3 0x8000621a (0x0ff0000f)
core   0: 0x8000621e (0x02378063) beq     a5, gp, pc + 32
core   0: 3 0x8000621e (0x02378063)
core   0: 0x80006222 (0x03d8a7b3) mulhsu  a5, a7, t4
core   0: 3 0x80006222 (0x03d8a7b3) x15 0x00000000
core   0: 0x80006226 (0x00000001) c.nop
core   0: 3 0x80006226 (0x0001)
core   0: 0x80006228 (0x030be733) rem     a4, s7, a6
core   0: 3 0x80006228 (0x030be733) x14 0xffffffbd
core   0: 0x8000622c (0x01e08fb3) add     t6, ra, t5
core   0: 3 0x8000622c (0x01e08fb3) x31 0xfe58cec4
core   0: 0x80006230 (0x3501ee93) ori     t4, gp, 848
core   0: 3 0x80006230 (0x3501ee93) x29 0x000013fe
core   0: 0x80006234 (0x00008c9d) c.sub   s1, a5
core   0: 3 0x80006234 (0x8c9d) x 9 0x0000028c
core   0: 0x80006236 (0xce197b93) andi    s7, s2, -799
core   0: 3 0x80006236 (0xce197b93) x23 0xf9e21400
core   0: 0x8000623a (0x7cba4013) xori    zero, s4, 1995
core   0: 3 0x8000623a (0x7cba4013)
core   0: 0x8000623e (0x0000c111) c.beqz  a0, pc + 4
core   0: 3 0x8000623e (0xc111)
core   0: 0x80006240 (0x00000001) c.nop
core   0: 3 0x80006240 (0x0001)
core   0: 0x80006242 (0x00000001) c.nop
core   0: 3 0x80006242 (0x0001)
core   0: 0x80006244 (0x00000001) c.nop
core   0: 3 0x80006244 (0x0001)
core   0: 0x80006246 (0x00000e14) c.addi4spn a3, sp, 784
core   0: 3 0x80006246 (0x0e14) x13 0x00000310
core   0: 0x80006248 (0x0000717d) c.addi16sp sp, -16
core   0: 3 0x80006248 (0x717d) x 2 0xfffffff0
core   0: 0x8000624a (0x40d45433) sra     s0, s0, a3
core   0: 3 0x8000624a (0x40d45433) x 8 0x00000000
core   0: 0x8000624e (0x00008e9d) c.sub   a3, a5
core   0: 3 0x8000624e (0x8e9d) x13 0x00000310
core   0: 0x80006250 (0x40c7d133) sra     sp, a5, a2
core   0: 3 0x80006250 (0x40c7d133) x 2 0x00000000
core   0: 0x80006254 (0x010d1c63) bne     s10, a6, pc + 24
core   0: 3 0x80006254 (0x010d1c63)
core   0: 0x8000626c (0x00000001) c.nop
core   0: 3 0x8000626c (0x0001)
core   0: 0x8000626e (0x00008699) c.srai  a3, 6
core   0: 3 0x8000626e (0x8699) x13 0x0000000c
core   0: 0x80006270 (0x0000831d) c.srli  a4, 7
core   0: 3 0x80006270 (0x831d) x14 0x01ffffff
core   0: 0x80006272 (0x00274533) xor     a0, a4, sp
core   0: 3 0x80006272 (0x00274533) x10 0x01ffffff
core   0: 0x80006276 (0x40355db3) sra     s11, a0, gp
core   0: 3 0x80006276 (0x40355db3) x27 0x00000000
core   0: 0x8000627a (0x01261293) slli    t0, a2, 18
core   0: 3 0x8000627a (0x01261293) x 5 0x00000000
core   0: 0x8000627e (0x00008b42) c.mv    s6, a6
core   0: 3 0x8000627e (0x8b42) x22 0x87cc9000
core   0: 0x80006280 (0x0155bd33) sltu    s10, a1, s5
core   0: 3 0x80006280 (0x0155bd33) x26 0x00000001
core   0: 0x80006284 (0x00000796) c.slli  a5, 5
core   0: 3 0x80006284 (0x0796) x15 0x00000000
core   0: 0x80006286 (0x02b31cb3) mulh    s9, t1, a1
core   0: 3 0x80006286 (0x02b31cb3) x25 0x0002bb91
core   0: 0x8000628a (0x00006125) c.addi16sp sp, 96
core   0: 3 0x8000628a (0x6125) x 2 0x00000060
core   0: 0x8000628c (0x000086b2) c.mv    a3, a2
core   0: 3 0x8000628c (0x86b2) x13 0x00000000
core   0: 0x8000628e (0x0317f0b3) remu    ra, a5, a7
core   0: 3 0x8000628e (0x0317f0b3) x 1 0x00000000
core   0: 0x80006292 (0x0000137d) c.addi  t1, -1
core   0: 3 0x80006292 (0x137d) x 6 0x01a73002
core   0: 0x80006294 (0x071b0213) addi    tp, s6, 113
core   0: 3 0x80006294 (0x071b0213) x 4 0x87cc9071
core   0: 0x80006298 (0x2093f793) andi    a5, t2, 521
core   0: 3 0x80006298 (0x2093f793) x15 0x00000208
core   0: 0x8000629c (0x622bc293) xori    t0, s7, 1570
core   0: 3 0x8000629c (0x622bc293) x 5 0xf9e21222
core   0: 0x800062a0 (0x03a0b333) mulhu   t1, ra, s10
core   0: 3 0x800062a0 (0x03a0b333) x 6 0x00000000
core   0: 0x800062a4 (0x016c1c63) bne     s8, s6, pc + 24
core   0: 3 0x800062a4 (0x016c1c63)
core   0: 0x800062bc (0x3d242993) slti    s3, s0, 978
core   0: 3 0x800062bc (0x3d242993) x19 0x00000001
core   0: 0x800062c0 (0x012b5a13) srli    s4, s6, 18
core   0: 3 0x800062c0 (0x012b5a13) x20 0x000021f3
core   0: 0x800062c4 (0x00006159) c.addi16sp sp, 400
core   0: 3 0x800062c4 (0x6159) x 2 0x000001f0
core   0: 0x800062c6 (0x008dae33) slt     t3, s11, s0
core   0: 3 0x800062c6 (0x008dae33) x28 0x00000000
core   0: 0x800062ca (0x01e1cd33) xor     s10, gp, t5
core   0: 3 0x800062ca (0x01e1cd33) x26 0xffffec3b
core   0: 0x800062ce (0x01eaa2b3) slt     t0, s5, t5
core   0: 3 0x800062ce (0x01eaa2b3) x 5 0x00000001
core   0: 0x800062d2 (0x038ffe63) bgeu    t6, s8, pc + 60
core   0: 3 0x800062d2 (0x038ffe63)
core   0: 0x800062d6 (0x0000ec05) c.bnez  s0, pc + 56
core   0: 3 0x800062d6 (0xec05)
core   0: 0x800062d8 (0x03378233) mul     tp, a5, s3
core   0: 3 0x800062d8 (0x03378233) x 4 0x00000208
core   0: 0x800062dc (0x023d4363) blt     s10, gp, pc + 38
core   0: 3 0x800062dc (0x023d4363)
core   0: 0x80006302 (0x035b4333) div     t1, s6, s5
core   0: 3 0x80006302 (0x035b4333) x 6 0x00000000
core   0: 0x80006306 (0x03b691b3) mulh    gp, a3, s11
core   0: 3 0x80006306 (0x03b691b3) x 3 0x00000000
core   0: 0x8000630a (0x0000717d) c.addi16sp sp, -16
core   0: 3 0x8000630a (0x717d) x 2 0x000001e0
core   0: 0x8000630c (0x00009816) c.add   a6, t0
core   0: 3 0x8000630c (0x9816) x16 0x87cc9001
core   0: 0x8000630e (0x37d27337) lui     t1, 0x37d27
core   0: 3 0x8000630e (0x37d27337) x 6 0x37d27000
core   0: 0x80006312 (0xfc1f4cb7) lui     s9, 0xfc1f4
core   0: 3 0x80006312 (0xfc1f4cb7) x25 0xfc1f4000
core   0: 0x80006316 (0x01c4bb33) sltu    s6, s1, t3
core   0: 3 0x80006316 (0x01c4bb33) x22 0x00000000
core   0: 0x8000631a (0xf2ac6493) ori     s1, s8, -214
core   0: 3 0x8000631a (0xf2ac6493) x 9 0xffffff2a
core   0: 0x8000631e (0x00006285) c.lui   t0, 0x1
core   0: 3 0x8000631e (0x6285) x 5 0x00001000
core   0: 0x80006320 (0x022b00b3) mul     ra, s6, sp
core   0: 3 0x80006320 (0x022b00b3) x 1 0x00000000
core   0: 0x80006324 (0x1a084c97) auipc   s9, 0x1a084
core   0: 3 0x80006324 (0x1a084c97) x25 0x9a08a324
core   0: 0x80006328 (0x000bc8b3) xor     a7, s7, zero
core   0: 3 0x80006328 (0x000bc8b3) x17 0xf9e21400
core   0: 0x8000632c (0x0282c663) blt     t0, s0, pc + 44
core   0: 3 0x8000632c (0x0282c663)
core   0: 0x80006330 (0x00008d61) c.and   a0, s0
core   0: 3 0x80006330 (0x8d61) x10 0x00000000
core   0: 0x80006332 (0x016cdd93) srli    s11, s9, 22
core   0: 3 0x80006332 (0x016cdd93) x27 0x00000268
core   0: 0x80006336 (0x65bc8a13) addi    s4, s9, 1627
core   0: 3 0x80006336 (0x65bc8a13) x20 0x9a08a97f
core   0: 0x8000633a (0x0000624d) c.lui   tp, 0x13
core   0: 3 0x8000633a (0x624d) x 4 0x00013000
core   0: 0x8000633c (0x00000b98) c.addi4spn a4, sp, 464
core   0: 3 0x8000633c (0x0b98) x14 0x000003b0
core   0: 0x8000633e (0x00000001) c.nop
core   0: 3 0x8000633e (0x0001)
core   0: 0x80006340 (0x00008f89) c.sub   a5, a0
core   0: 3 0x80006340 (0x8f89) x15 0x00000208
core   0: 0x80006342 (0x039c64b3) rem     s1, s8, s9
core   0: 3 0x80006342 (0x039c64b3) x 9 0xff000000
core   0: 0x80006346 (0x016697b3) sll     a5, a3, s6
core   0: 3 0x80006346 (0x016697b3) x15 0x00000000
core   0: 0x8000634a (0x00004109) c.li    sp, 2
core   0: 3 0x8000634a (0x4109) x 2 0x00000002
core   0: 0x8000634c (0x031f60b3) rem     ra, t5, a7
core   0: 3 0x8000634c (0x031f60b3) x 1 0xffffffc5
core   0: 0x80006350 (0x37fdc913) xori    s2, s11, 895
core   0: 3 0x80006350 (0x37fdc913) x18 0x00000117
core   0: 0x80006354 (0xe125c617) auipc   a2, 0xe125c
core   0: 3 0x80006354 (0xe125c617) x12 0x61262354
core   0: 0x80006358 (0x02b96cb3) rem     s9, s2, a1
core   0: 3 0x80006358 (0x02b96cb3) x25 0x00000117
core   0: 0x8000635c (0x00000001) c.nop
core   0: 3 0x8000635c (0x0001)
core   0: 0x8000635e (0x0171ef33) or      t5, gp, s7
core   0: 3 0x8000635e (0x0171ef33) x30 0xf9e21400
core   0: 0x80006362 (0x00009e4e) c.add   t3, s3
core   0: 3 0x80006362 (0x9e4e) x28 0x00000001
core   0: 0x80006364 (0x03595c33) divu    s8, s2, s5
core   0: 3 0x80006364 (0x03595c33) x24 0x00000000
core   0: 0x80006368 (0x01858333) add     t1, a1, s8
core   0: 3 0x80006368 (0x01858333) x 6 0x01a73103
core   0: 0x8000636c (0x00008c89) c.sub   s1, a0
core   0: 3 0x8000636c (0x8c89) x 9 0xff000000
core   0: 0x8000636e (0x000006b6) c.slli  a3, 13
core   0: 3 0x8000636e (0x06b6) x13 0x00000000
core   0: 0x80006370 (0x0000197d) c.addi  s2, -1
core   0: 3 0x80006370 (0x197d) x18 0x00000116
core   0: 0x80006372 (0x02752933) mulhsu  s2, a0, t2
core   0: 3 0x80006372 (0x02752933) x18 0x00000000
core   0: 0x80006376 (0x40350713) addi    a4, a0, 1027
core   0: 3 0x80006376 (0x40350713) x14 0x00000403
core   0: 0x8000637a (0x0000821d) c.srli  a2, 7
core   0: 3 0x8000637a (0x821d) x12 0x00c24c46
core   0: 0x8000637c (0x0000100f) fence.i
core   0: 3 0x8000637c (0x0000100f)
core   0: 0x80006380 (0x012407b3) add     a5, s0, s2
core   0: 3 0x80006380 (0x012407b3) x15 0x00000000
core   0: 0x80006384 (0x02f07233) remu    tp, zero, a5
core   0: 3 0x80006384 (0x02f07233) x 4 0x00000000
core   0: 0x80006388 (0x01becb63) blt     t4, s11, pc + 22
core   0: 3 0x80006388 (0x01becb63)
core   0: 0x8000638c (0x00008175) c.srli  a0, 29
core   0: 3 0x8000638c (0x8175) x10 0x00000000
core   0: 0x8000638e (0xfd48f193) andi    gp, a7, -44
core   0: 3 0x8000638e (0xfd48f193) x 3 0xf9e21400
core   0: 0x80006392 (0x00ca9613) slli    a2, s5, 12
core   0: 3 0x80006392 (0x00ca9613) x12 0x29ce4000
core   0: 0x80006396 (0x00008c81) c.sub   s1, s0
core   0: 3 0x80006396 (0x8c81) x 9 0xff000000
core   0: 0x80006398 (0x00000001) c.nop
core   0: 3 0x80006398 (0x0001)
core   0: 0x8000639a (0x01a0ca63) blt     ra, s10, pc + 20
core   0: 3 0x8000639a (0x01a0ca63)
core   0: 0x8000639e (0x00fb8333) add     t1, s7, a5
core   0: 3 0x8000639e (0x00fb8333) x 6 0xf9e21400
core   0: 0x800063a2 (0x00008359) c.srli  a4, 22
core   0: 3 0x800063a2 (0x8359) x14 0x00000000
core   0: 0x800063a4 (0x0000c3b1) c.beqz  a5, pc + 68
core   0: 3 0x800063a4 (0xc3b1)
core   0: 0x800063e8 (0x0000930a) c.add   t1, sp
core   0: 3 0x800063e8 (0x930a) x 6 0xf9e21402
core   0: 0x800063ea (0x00008f7d) c.and   a4, a5
core   0: 3 0x800063ea (0x8f7d) x14 0x00000000
core   0: 0x800063ec (0x00008c85) c.sub   s1, s1
core   0: 3 0x800063ec (0x8c85) x 9 0x00000000
core   0: 0x800063ee (0x00000001) c.nop
core   0: 3 0x800063ee (0x0001)
core   0: 0x800063f0 (0x0000838d) c.srli  a5, 3
core   0: 3 0x800063f0 (0x838d) x15 0x00000000
core   0: 0x800063f2 (0x0092a233) slt     tp, t0, s1
core   0: 3 0x800063f2 (0x0092a233) x 4 0x00000000
core   0: 0x800063f6 (0x00008211) c.srli  a2, 4
core   0: 3 0x800063f6 (0x8211) x12 0x029ce400
core   0: 0x800063f8 (0x414f5113) srai    sp, t5, 20
core   0: 3 0x800063f8 (0x414f5113) x 2 0xffffff9e
core   0: 0x800063fc (0x00009f5a) c.add   t5, s6
core   0: 3 0x800063fc (0x9f5a) x30 0xf9e21400
core   0: 0x800063fe (0x025181b3) mul     gp, gp, t0
core   0: 3 0x800063fe (0x025181b3) x 3 0x21400000
core   0: 0x80006402 (0x00008fad) c.xor   a5, a1
core   0: 3 0x80006402 (0x8fad) x15 0x01a73103
core   0: 0x80006404 (0x026dcc33) div     s8, s11, t1
core   0: 3 0x80006404 (0x026dcc33) x24 0x00000000
core   0: 0x80006408 (0x3f1b3613) sltiu   a2, s6, 1009
core   0: 3 0x80006408 (0x3f1b3613) x12 0x00000001
core   0: 0x8000640c (0x01837b63) bgeu    t1, s8, pc + 22
core   0: 3 0x8000640c (0x01837b63)
core   0: 0x80006422 (0x03af14b3) mulh    s1, t5, s10
core   0: 3 0x80006422 (0x03af14b3) x 9 0x00000078
core   0: 0x80006426 (0x414d8db3) sub     s11, s11, s4
core   0: 3 0x80006426 (0x414d8db3) x27 0x65f758e9
core   0: 0x8000642a (0x0ff0000f) fence   iorw,iorw
core   0: 3 0x8000642a (0x0ff0000f)
core   0: 0x8000642e (0x00008b5e) c.mv    s6, s7
core   0: 3 0x8000642e (0x8b5e) x22 0xf9e21400
core   0: 0x80006430 (0x000002a1) c.addi  t0, 8
core   0: 3 0x80006430 (0x02a1) x 5 0x00001008
core   0: 0x80006432 (0x8c142e93) slti    t4, s0, -1855
core   0: 3 0x80006432 (0x8c142e93) x29 0x00000000
core   0: 0x80006436 (0x419f0533) sub     a0, t5, s9
core   0: 3 0x80006436 (0x419f0533) x10 0xf9e212e9
core   0: 0x8000643a (0x0334a633) mulhsu  a2, s1, s3
core   0: 3 0x8000643a (0x0334a633) x12 0x00000000
core   0: 0x8000643e (0x013f1193) slli    gp, t5, 19
core   0: 3 0x8000643e (0x013f1193) x 3 0xa0000000
core   0: 0x80006442 (0x00000f84) c.addi4spn s1, sp, 976
core   0: 3 0x80006442 (0x0f84) x 9 0x0000036e
core   0: 0x80006444 (0x039e6f33) rem     t5, t3, s9
core   0: 3 0x80006444 (0x039e6f33) x30 0x00000001
core   0: 0x80006448 (0x009820b3) slt     ra, a6, s1
core   0: 3 0x80006448 (0x009820b3) x 1 0x00000001
core   0: 0x8000644c (0x018b68b3) or      a7, s6, s8
core   0: 3 0x8000644c (0x018b68b3) x17 0xf9e21400
core   0: 0x80006450 (0x0000e709) c.bnez  a4, pc + 10
core   0: 3 0x80006450 (0xe709)
core   0: 0x80006452 (0x415dd333) sra     t1, s11, s5
core   0: 3 0x80006452 (0x415dd333) x 6 0x065f758e
core   0: 0x80006456 (0x00008409) c.srai  s0, 2
core   0: 3 0x80006456 (0x8409) x 8 0x00000000
core   0: 0x80006458 (0x0000527d) c.li    tp, -1
core   0: 3 0x80006458 (0x527d) x 4 0xffffffff
core   0: 0x8000645a (0x11fe4813) xori    a6, t3, 287
core   0: 3 0x8000645a (0x11fe4813) x16 0x0000011e
core   0: 0x8000645e (0x00008cb1) c.xor   s1, a2
core   0: 3 0x8000645e (0x8cb1) x 9 0x0000036e
core   0: 0x80006460 (0x8ddbd637) lui     a2, 0x8ddbd
core   0: 3 0x80006460 (0x8ddbd637) x12 0x8ddbd000
core   0: 0x80006464 (0x0000ec05) c.bnez  s0, pc + 56
core   0: 3 0x80006464 (0xec05)
core   0: 0x80006466 (0x00000001) c.nop
core   0: 3 0x80006466 (0x0001)
core   0: 0x80006468 (0x15e96293) ori     t0, s2, 350
core   0: 3 0x80006468 (0x15e96293) x 5 0x0000015e
core   0: 0x8000646c (0x005d1193) slli    gp, s10, 5
core   0: 3 0x8000646c (0x005d1193) x 3 0xfffd8760
core   0: 0x80006470 (0x00001e7d) c.addi  t3, -1
core   0: 3 0x80006470 (0x1e7d) x28 0x00000000
core   0: 0x80006472 (0x0000616d) c.addi16sp sp, 240
core   0: 3 0x80006472 (0x616d) x 2 0x0000008e
core   0: 0x80006474 (0x03f78b33) mul     s6, a5, t6
core   0: 3 0x80006474 (0x03f78b33) x22 0xa079f04c
core   0: 0x80006478 (0x00000001) c.nop
core   0: 3 0x80006478 (0x0001)
core   0: 0x8000647a (0x01eae1b3) or      gp, s5, t5
core   0: 3 0x8000647a (0x01eae1b3) x 3 0x80029ce5
core   0: 0x8000647e (0x00207933) and     s2, zero, sp
core   0: 3 0x8000647e (0x00207933) x18 0x00000000
core   0: 0x80006482 (0x01414933) xor     s2, sp, s4
core   0: 3 0x80006482 (0x01414933) x18 0x9a08a9f1
core   0: 0x80006486 (0x00006479) c.lui   s0, 0x1e
core   0: 3 0x80006486 (0x6479) x 8 0x0001e000
core   0: 0x80006488 (0x011a5863) bge     s4, a7, pc + 16
core   0: 3 0x80006488 (0x011a5863)
core   0: 0x8000648c (0x00001c1c) c.addi4spn a5, sp, 560
core   0: 3 0x8000648c (0x1c1c) x15 0x000002be
core   0: 0x8000648e (0x41f55e33) sra     t3, a0, t6
core   0: 3 0x8000648e (0x41f55e33) x28 0xff9e212e
core   0: 0x80006492 (0x00000001) c.nop
core   0: 3 0x80006492 (0x0001)
core   0: 0x80006494 (0x41d00133) sub     sp, zero, t4
core   0: 3 0x80006494 (0x41d00133) x 2 0x00000000
core   0: 0x80006498 (0x0000100f) fence.i
core   0: 3 0x80006498 (0x0000100f)
core   0: 0x8000649c (0xef2ceb13) ori     s6, s9, -270
core   0: 3 0x8000649c (0xef2ceb13) x22 0xfffffff7
core   0: 0x800064a0 (0x037b1263) bne     s6, s7, pc + 36
core   0: 3 0x800064a0 (0x037b1263)
core   0: 0x800064c4 (0x0ff0000f) fence   iorw,iorw
core   0: 3 0x800064c4 (0x0ff0000f)
core   0: 0x800064c8 (0x0000100f) fence.i
core   0: 3 0x800064c8 (0x0000100f)
core   0: 0x800064cc (0xea59a113) slti    sp, s3, -347
core   0: 3 0x800064cc (0xea59a113) x 2 0x00000000
core   0: 0x800064d0 (0x007c5763) bge     s8, t2, pc + 14
core   0: 3 0x800064d0 (0x007c5763)
core   0: 0x800064de (0x41e209b3) sub     s3, tp, t5
core   0: 3 0x800064de (0x41e209b3) x19 0xfffffffe
core   0: 0x800064e2 (0x0167f9b3) and     s3, a5, s6
core   0: 3 0x800064e2 (0x0167f9b3) x19 0x000002b6
core   0: 0x800064e6 (0x00009a7d) c.andi  a2, -1
core   0: 3 0x800064e6 (0x9a7d) x12 0x8ddbd000
core   0: 0x800064e8 (0x91e8ac13) slti    s8, a7, -1762
core   0: 3 0x800064e8 (0x91e8ac13) x24 0x00000001
core   0: 0x800064ec (0x00000001) c.nop
core   0: 3 0x800064ec (0x0001)
core   0: 0x800064ee (0x00008685) c.srai  a3, 1
core   0: 3 0x800064ee (0x8685) x13 0x00000000
core   0: 0x800064f0 (0x0272c833) div     a6, t0, t2
core   0: 3 0x800064f0 (0x0272c833) x16 0x00000000
core   0: 0x800064f4 (0x027322b3) mulhsu  t0, t1, t2
core   0: 3 0x800064f4 (0x027322b3) x 5 0x032fc9de
core   0: 0x800064f8 (0x015b4c33) xor     s8, s6, s5
core   0: 3 0x800064f8 (0x015b4c33) x24 0x7ffd6313
core   0: 0x800064fc (0x03ca1e63) bne     s4, t3, pc + 60
core   0: 3 0x800064fc (0x03ca1e63)
core   0: 0x80006538 (0x00e9ccb3) xor     s9, s3, a4
core   0: 3 0x80006538 (0x00e9ccb3) x25 0x000002b6
core   0: 0x8000653c (0x01cba833) slt     a6, s7, t3
core   0: 3 0x8000653c (0x01cba833) x16 0x00000001
core   0: 0x80006540 (0x02660733) mul     a4, a2, t1
core   0: 3 0x80006540 (0x02660733) x14 0x55fd6000
core   0: 0x80006544 (0x0256ee33) rem     t3, a3, t0
core   0: 3 0x80006544 (0x0256ee33) x28 0x00000000
core   0: 0x80006548 (0x0000717d) c.addi16sp sp, -16
core   0: 3 0x80006548 (0x717d) x 2 0xfffffff0
core   0: 0x8000654a (0x01ad1533) sll     a0, s10, s10
core   0: 3 0x8000654a (0x01ad1533) x10 0xd8000000
core   0: 0x8000654e (0x03996063) bltu    s2, s9, pc + 32
core   0: 3 0x8000654e (0x03996063)
core   0: 0x80006552 (0x02ced9b3) divu    s3, t4, a2
core   0: 3 0x80006552 (0x02ced9b3) x19 0x00000000
core   0: 0x80006556 (0x40c05c13) srai    s8, zero, 12
core   0: 3 0x80006556 (0x40c05c13) x24 0x00000000
core   0: 0x8000655a (0x00b504b3) add     s1, a0, a1
core   0: 3 0x8000655a (0x00b504b3) x 9 0xd9a73103
core   0: 0x8000655e (0x011811b3) sll     gp, a6, a7
core   0: 3 0x8000655e (0x011811b3) x 3 0x00000001
core   0: 0x80006562 (0x03787a33) remu    s4, a6, s7
core   0: 3 0x80006562 (0x03787a33) x20 0x00000001
core   0: 0x80006566 (0x0000042a) c.slli  s0, 10
core   0: 3 0x80006566 (0x042a) x 8 0x07800000
core   0: 0x80006568 (0x01f2c263) blt     t0, t6, pc + 4
core   0: 3 0x80006568 (0x01f2c263)
core   0: 0x8000656c (0x00008c8e) c.mv    s9, gp
core   0: 3 0x8000656c (0x8c8e) x25 0x00000001
core   0: 0x8000656e (0x00006361) c.lui   t1, 0x18
core   0: 3 0x8000656e (0x6361) x 6 0x00018000
core   0: 0x80006570 (0x00008c8d) c.sub   s1, a1
core   0: 3 0x80006570 (0x8c8d) x 9 0xd8000000
core   0: 0x80006572 (0x01c00c33) add     s8, zero, t3
core   0: 3 0x80006572 (0x01c00c33) x24 0x00000000
core   0: 0x80006576 (0x01904563) blt     zero, s9, pc + 10
core   0: 3 0x80006576 (0x01904563)
core   0: 0x80006580 (0x03412b33) mulhsu  s6, sp, s4
core   0: 3 0x80006580 (0x03412b33) x22 0xffffffff
core   0: 0x80006584 (0x0347ba33) mulhu   s4, a5, s4
core   0: 3 0x80006584 (0x0347ba33) x20 0x00000000
core   0: 0x80006588 (0x00fbf963) bgeu    s7, a5, pc + 18
core   0: 3 0x80006588 (0x00fbf963)
core   0: 0x8000659a (0x02ebc933) div     s2, s7, a4
core   0: 3 0x8000659a (0x02ebc933) x18 0x00000000
core   0: 0x8000659e (0xc6b67f13) andi    t5, a2, -917
core   0: 3 0x8000659e (0xc6b67f13) x30 0x8ddbd000
core   0: 0x800065a2 (0x00000001) c.nop
core   0: 3 0x800065a2 (0x0001)
core   0: 0x800065a4 (0x1ee42b13) slti    s6, s0, 494
core   0: 3 0x800065a4 (0x1ee42b13) x22 0x00000000
core   0: 0x800065a8 (0x0ff0000f) fence   iorw,iorw
core   0: 3 0x800065a8 (0x0ff0000f)
core   0: 0x800065ac (0x40f45513) srai    a0, s0, 15
core   0: 3 0x800065ac (0x40f45513) x10 0x00000f00
core   0: 0x800065b0 (0x0b43bc13) sltiu   s8, t2, 180
core   0: 3 0x800065b0 (0x0b43bc13) x24 0x00000000
core   0: 0x800065b4 (0x00038c63) beqz    t2, pc + 24
core   0: 3 0x800065b4 (0x00038c63)
core   0: 0x800065b8 (0x0ff0000f) fence   iorw,iorw
core   0: 3 0x800065b8 (0x0ff0000f)
core   0: 0x800065bc (0x00000001) c.nop
core   0: 3 0x800065bc (0x0001)
core   0: 0x800065be (0x419407b3) sub     a5, s0, s9
core   0: 3 0x800065be (0x419407b3) x15 0x077fffff
core   0: 0x800065c2 (0x035edcb3) divu    s9, t4, s5
core   0: 3 0x800065c2 (0x035edcb3) x25 0x00000000
core   0: 0x800065c6 (0x01bade93) srli    t4, s5, 27
core   0: 3 0x800065c6 (0x01bade93) x29 0x00000010
core   0: 0x800065ca (0x00000001) c.nop
core   0: 3 0x800065ca (0x0001)
core   0: 0x800065cc (0x00000001) c.nop
core   0: 3 0x800065cc (0x0001)
core   0: 0x800065ce (0x00008f19) c.sub   a4, a4
core   0: 3 0x800065ce (0x8f19) x14 0x00000000
core   0: 0x800065d0 (0x40070cb3) sub     s9, a4, zero
core   0: 3 0x800065d0 (0x40070cb3) x25 0x00000000
core   0: 0x800065d4 (0x0ff0000f) fence   iorw,iorw
core   0: 3 0x800065d4 (0x0ff0000f)
core   0: 0x800065d8 (0x00009bfd) c.andi  a5, -1
core   0: 3 0x800065d8 (0x9bfd) x15 0x077fffff
core   0: 0x800065da (0xd11c4037) lui     zero, 0xd11c4
core   0: 3 0x800065da (0xd11c4037)
core   0: 0x800065de (0x2f912c13) slti    s8, sp, 761
core   0: 3 0x800065de (0x2f912c13) x24 0x00000001
core   0: 0x800065e2 (0x018aef33) or      t5, s5, s8
core   0: 3 0x800065e2 (0x018aef33) x30 0x80029ce5
core   0: 0x800065e6 (0x0000849d) c.srai  s1, 7
core   0: 3 0x800065e6 (0x849d) x 9 0xffb00000
core   0: 0x800065e8 (0x02b9a433) mulhsu  s0, s3, a1
core   0: 3 0x800065e8 (0x02b9a433) x 8 0x00000000
core   0: 0x800065ec (0x0000c299) c.beqz  a3, pc + 6
core   0: 3 0x800065ec (0xc299)
core   0: 0x800065f2 (0x003bdf33) srl     t5, s7, gp
core   0: 3 0x800065f2 (0x003bdf33) x30 0x7cf10a00
core   0: 0x800065f6 (0x0000100f) fence.i
core   0: 3 0x800065f6 (0x0000100f)
core   0: 0x800065fa (0x41415533) sra     a0, sp, s4
core   0: 3 0x800065fa (0x41415533) x10 0xfffffff0
core   0: 0x800065fe (0x7b984b93) xori    s7, a6, 1977
core   0: 3 0x800065fe (0x7b984b93) x23 0x000007b8
core   0: 0x80006602 (0x5b41e893) ori     a7, gp, 1460
core   0: 3 0x80006602 (0x5b41e893) x17 0x000005b5
core   0: 0x80006606 (0x0000cb8d) c.beqz  a5, pc + 50
core   0: 3 0x80006606 (0xcb8d)
core   0: 0x80006608 (0x000084f5) c.srai  s1, 29
core   0: 3 0x80006608 (0x84f5) x 9 0xffffffff
core   0: 0x8000660a (0xda06b313) sltiu   t1, a3, -608
core   0: 3 0x8000660a (0xda06b313) x 6 0x00000001
core   0: 0x8000660e (0x00008d69) c.and   a0, a0
core   0: 3 0x8000660e (0x8d69) x10 0xfffffff0
core   0: 0x80006610 (0x00008cf9) c.and   s1, a4
core   0: 3 0x80006610 (0x8cf9) x 9 0x00000000
core   0: 0x80006612 (0x00008fe5) c.and   a5, s1
core   0: 3 0x80006612 (0x8fe5) x15 0x00000000
core   0: 0x80006614 (0x00000001) c.nop
core   0: 3 0x80006614 (0x0001)
core   0: 0x80006616 (0x0000717d) c.addi16sp sp, -16
core   0: 3 0x80006616 (0x717d) x 2 0xffffffe0
core   0: 0x80006618 (0xf8a06d13) ori     s10, zero, -118
core   0: 3 0x80006618 (0xf8a06d13) x26 0xffffff8a
core   0: 0x8000661c (0x6e1b3793) sltiu   a5, s6, 1761
core   0: 3 0x8000661c (0x6e1b3793) x15 0x00000001
core   0: 0x80006620 (0x035312b3) mulh    t0, t1, s5
core   0: 3 0x80006620 (0x035312b3) x 5 0xffffffff
core   0: 0x80006624 (0x01ae38b3) sltu    a7, t3, s10
core   0: 3 0x80006624 (0x01ae38b3) x17 0x00000001
core   0: 0x80006628 (0x41685f93) srai    t6, a6, 22
core   0: 3 0x80006628 (0x41685f93) x31 0x00000000
core   0: 0x8000662c (0x0000cc0d) c.beqz  s0, pc + 58
core   0: 3 0x8000662c (0xcc0d)
core   0: 0x80006666 (0x00b170b3) and     ra, sp, a1
core   0: 3 0x80006666 (0x00b170b3) x 1 0x01a73100
core   0: 0x8000666a (0x0b427693) andi    a3, tp, 180
core   0: 3 0x8000666a (0x0b427693) x13 0x000000b4
core   0: 0x8000666e (0x00000c1e) c.slli  s8, 7
core   0: 3 0x8000666e (0x0c1e) x24 0x00000080
core   0: 0x80006670 (0xa6ade713) ori     a4, s11, -1430
core   0: 3 0x80006670 (0xa6ade713) x14 0xfffffaeb
core   0: 0x80006674 (0x52174817) auipc   a6, 0x52174
core   0: 3 0x80006674 (0x52174817) x16 0xd217a674
core   0: 0x80006678 (0x0124eb33) or      s6, s1, s2
core   0: 3 0x80006678 (0x0124eb33) x22 0x00000000
core   0: 0x8000667c (0x000099ea) c.add   s3, s10
core   0: 3 0x8000667c (0x99ea) x19 0xffffff8a
core   0: 0x8000667e (0x00000001) c.nop
core   0: 3 0x8000667e (0x0001)
core   0: 0x80006680 (0x00417433) and     s0, sp, tp
core   0: 3 0x80006680 (0x00417433) x 8 0xffffffe0
core   0: 0x80006684 (0x03acea33) rem     s4, s9, s10
core   0: 3 0x80006684 (0x03acea33) x20 0x00000000
core   0: 0x80006688 (0x02ef11b3) mulh    gp, t5, a4
core   0: 3 0x80006688 (0x02ef11b3) x 3 0xfffffd85
core   0: 0x8000668c (0x03c9c1b3) div     gp, s3, t3
core   0: 3 0x8000668c (0x03c9c1b3) x 3 0xffffffff
core   0: 0x80006690 (0x02204eb3) div     t4, zero, sp
core   0: 3 0x80006690 (0x02204eb3) x29 0x00000000
core   0: 0x80006694 (0x0000616d) c.addi16sp sp, 240
core   0: 3 0x80006694 (0x616d) x 2 0x000000d0
core   0: 0x80006696 (0x01926963) bltu    tp, s9, pc + 18
core   0: 3 0x80006696 (0x01926963)
core   0: 0x8000669a (0x000080bd) c.srli  s1, 15
core   0: 3 0x8000669a (0x80bd) x 9 0x00000000
core   0: 0x8000669c (0x40170633) sub     a2, a4, ra
core   0: 3 0x8000669c (0x40170633) x12 0xfe58c9eb
core   0: 0x800066a0 (0x00aaea33) or      s4, s5, a0
core   0: 3 0x800066a0 (0x00aaea33) x20 0xfffffff4
core   0: 0x800066a4 (0x0037b433) sltu    s0, a5, gp
core   0: 3 0x800066a4 (0x0037b433) x 8 0x00000001
core   0: 0x800066a8 (0xd487b213) sltiu   tp, a5, -696
core   0: 3 0x800066a8 (0xd487b213) x 4 0x00000001
core   0: 0x800066ac (0x00dab933) sltu    s2, s5, a3
core   0: 3 0x800066ac (0x00dab933) x18 0x00000000
core   0: 0x800066b0 (0x00008ead) c.xor   a3, a1
core   0: 3 0x800066b0 (0x8ead) x13 0x01a731b7
core   0: 0x800066b2 (0x006abbb3) sltu    s7, s5, t1
core   0: 3 0x800066b2 (0x006abbb3) x23 0x00000000
core   0: 0x800066b6 (0x0000100f) fence.i
core   0: 3 0x800066b6 (0x0000100f)
core   0: 0x800066ba (0x00008f4d) c.or    a4, a1
core   0: 3 0x800066ba (0x8f4d) x14 0xfffffbeb
core   0: 0x800066bc (0x41b38bb3) sub     s7, t2, s11
core   0: 3 0x800066bc (0x41b38bb3) x23 0x1a0b055f
core   0: 0x800066c0 (0x0000717d) c.addi16sp sp, -16
core   0: 3 0x800066c0 (0x717d) x 2 0x000000c0
core   0: 0x800066c2 (0x0000100f) fence.i
core   0: 3 0x800066c2 (0x0000100f)
core   0: 0x800066c6 (0x00000c9c) c.addi4spn a5, sp, 592
core   0: 3 0x800066c6 (0x0c9c) x15 0x00000310
core   0: 0x800066c8 (0x00000001) c.nop
core   0: 3 0x800066c8 (0x0001)
core   0: 0x800066ca (0x00a36733) or      a4, t1, a0
core   0: 3 0x800066ca (0x00a36733) x14 0xfffffff1
core   0: 0x800066ce (0x01788733) add     a4, a7, s7
core   0: 3 0x800066ce (0x01788733) x14 0x1a0b0560
core   0: 0x800066d2 (0x00008f35) c.xor   a4, a3
core   0: 3 0x800066d2 (0x8f35) x14 0x1bac34d7
core   0: 0x800066d4 (0x0000cc15) c.beqz  s0, pc + 60
core   0: 3 0x800066d4 (0xcc15)
core   0: 0x800066d6 (0x0000ec81) c.bnez  s1, pc + 24
core   0: 3 0x800066d6 (0xec81)
core   0: 0x800066d8 (0x0327de33) divu    t3, a5, s2
core   0: 3 0x800066d8 (0x0327de33) x28 0xffffffff
core   0: 0x800066dc (0x87140a13) addi    s4, s0, -1935
core   0: 3 0x800066dc (0x87140a13) x20 0xfffff872
core   0: 0x800066e0 (0x05589363) bne     a7, s5, pc + 70
core   0: 3 0x800066e0 (0x05589363)
core   0: 0x80006726 (0x0000487d) c.li    a6, 31
core   0: 3 0x80006726 (0x487d) x16 0x0000001f
core   0: 0x80006728 (0x008adf63) bge     s5, s0, pc + 30
core   0: 3 0x80006728 (0x008adf63)
core   0: 0x8000672c (0x00baf963) bgeu    s5, a1, pc + 18
core   0: 3 0x8000672c (0x00baf963)
core   0: 0x8000673e (0xbbb67413) andi    s0, a2, -1093
core   0: 3 0x8000673e (0xbbb67413) x 8 0xfe58c9ab
core   0: 0x80006742 (0x02397363) bgeu    s2, gp, pc + 38
core   0: 3 0x80006742 (0x02397363)
core   0: 0x80006746 (0x02204b33) div     s6, zero, sp
core   0: 3 0x80006746 (0x02204b33) x22 0x00000000
core   0: 0x8000674a (0x0143eeb3) or      t4, t2, s4
core   0: 3 0x8000674a (0x0143eeb3) x29 0xfffffe7a
core   0: 0x8000674e (0x00008cfd) c.and   s1, a5
core   0: 3 0x8000674e (0x8cfd) x 9 0x00000000
core   0: 0x80006750 (0x00006de1) c.lui   s11, 0x18
core   0: 3 0x80006750 (0x6de1) x27 0x00018000
core   0: 0x80006752 (0x41e3d733) sra     a4, t2, t5
core   0: 3 0x80006752 (0x41e3d733) x14 0x80025e48
core   0: 0x80006756 (0x01e24533) xor     a0, tp, t5
core   0: 3 0x80006756 (0x01e24533) x10 0x7cf10a01
core   0: 0x8000675a (0x00008e0d) c.sub   a2, a1
core   0: 3 0x8000675a (0x8e0d) x12 0xfcb198e8
core   0: 0x8000675c (0x0000100f) fence.i
core   0: 3 0x8000675c (0x0000100f)
core   0: 0x80006760 (0x0198eb63) bltu    a7, s9, pc + 22
core   0: 3 0x80006760 (0x0198eb63)
core   0: 0x80006764 (0x00aa8f63) beq     s5, a0, pc + 30
core   0: 3 0x80006764 (0x00aa8f63)
core   0: 0x80006768 (0xe93d2c93) slti    s9, s10, -365
core   0: 3 0x80006768 (0xe93d2c93) x25 0x00000000
core   0: 0x8000676c (0x00008d39) c.xor   a0, a4
core   0: 3 0x8000676c (0x8d39) x10 0xfcf35449
core   0: 0x8000676e (0x37402737) lui     a4, 0x37402
core   0: 3 0x8000676e (0x37402737) x14 0x37402000
core   0: 0x80006772 (0x41458033) sub     zero, a1, s4
core   0: 3 0x80006772 (0x41458033)
core   0: 0x80006776 (0x00008afd) c.andi  a3, 31
core   0: 3 0x80006776 (0x8afd) x13 0x00000017
core   0: 0x80006778 (0x00a4ef33) or      t5, s1, a0
core   0: 3 0x80006778 (0x00a4ef33) x30 0xfcf35449
core   0: 0x8000677c (0x0000046a) c.slli  s0, 26
core   0: 3 0x8000677c (0x046a) x 8 0xac000000
core   0: 0x8000677e (0x3c40be93) sltiu   t4, ra, 964
core   0: 3 0x8000677e (0x3c40be93) x29 0x00000000
core   0: 0x80006782 (0x0ff0000f) fence   iorw,iorw
core   0: 3 0x80006782 (0x0ff0000f)
core   0: 0x80006786 (0xd3a54217) auipc   tp, 0xd3a54
core   0: 3 0x80006786 (0xd3a54217) x 4 0x53a5a786
core   0: 0x8000678a (0x00008c7e) c.mv    s8, t6
core   0: 3 0x8000678a (0x8c7e) x24 0x00000000
core   0: 0x8000678c (0x0000c009) c.beqz  s0, pc + 2
core   0: 3 0x8000678c (0xc009)
core   0: 0x8000678e (0x1d027417) auipc   s0, 0x1d027
core   0: 3 0x8000678e (0x1d027417) x 8 0x9d02d78e
core   0: 0x80006792 (0x00008cc1) c.or    s1, s0
core   0: 3 0x80006792 (0x8cc1) x 9 0x9d02d78e
core   0: 0x80006794 (0x0ff0000f) fence   iorw,iorw
core   0: 3 0x80006794 (0x0ff0000f)
core   0: 0x80006798 (0x01e7d093) srli    ra, a5, 30
core   0: 3 0x80006798 (0x01e7d093) x 1 0x00000000
core   0: 0x8000679c (0x00387eb3) and     t4, a6, gp
core   0: 3 0x8000679c (0x00387eb3) x29 0x0000001f
core   0: 0x800067a0 (0x0229fcb3) remu    s9, s3, sp
core   0: 3 0x800067a0 (0x0229fcb3) x25 0x0000008a
core   0: 0x800067a4 (0x41be5a33) sra     s4, t3, s11
core   0: 3 0x800067a4 (0x41be5a33) x20 0xffffffff
core   0: 0x800067a8 (0x00dab233) sltu    tp, s5, a3
core   0: 3 0x800067a8 (0x00dab233) x 4 0x00000000
core   0: 0x800067ac (0x00008cae) c.mv    s9, a1
core   0: 3 0x800067ac (0x8cae) x25 0x01a73103
core   0: 0x800067ae (0x00842333) slt     t1, s0, s0
core   0: 3 0x800067ae (0x00842333) x 6 0x00000000
core   0: 0x800067b2 (0x033ddb33) divu    s6, s11, s3
core   0: 3 0x800067b2 (0x033ddb33) x22 0x00000000
core   0: 0x800067b6 (0x007e8b33) add     s6, t4, t2
core   0: 3 0x800067b6 (0x007e8b33) x22 0x80025e67
core   0: 0x800067ba (0xe4991837) lui     a6, 0xe4991
core   0: 3 0x800067ba (0xe4991837) x16 0xe4991000
core   0: 0x800067be (0x00008855) c.andi  s0, 21
core   0: 3 0x800067be (0x8855) x 8 0x00000004
core   0: 0x800067c0 (0x01201533) sll     a0, zero, s2
core   0: 3 0x800067c0 (0x01201533) x10 0x00000000
core   0: 0x800067c4 (0x02198133) mul     sp, s3, ra
core   0: 3 0x800067c4 (0x02198133) x 2 0x00000000
core   0: 0x800067c8 (0x000091e2) c.add   gp, s8
core   0: 3 0x800067c8 (0x91e2) x 3 0xffffffff
core   0: 0x800067ca (0x00009866) c.add   a6, s9
core   0: 3 0x800067ca (0x9866) x16 0xe6404103
core   0: 0x800067cc (0x000a7d33) and     s10, s4, zero
core   0: 3 0x800067cc (0x000a7d33) x26 0x00000000
core   0: 0x800067d0 (0x00000292) c.slli  t0, 4
core   0: 3 0x800067d0 (0x0292) x 5 0xfffffff0
core   0: 0x800067d2 (0x01908fb3) add     t6, ra, s9
core   0: 3 0x800067d2 (0x01908fb3) x31 0x01a73103
core   0: 0x800067d6 (0x00000001) c.nop
core   0: 3 0x800067d6 (0x0001)
core   0: 0x800067d8 (0x000000f6) c.slli  ra, 29
core   0: 3 0x800067d8 (0x00f6) x 1 0x00000000
core   0: 0x800067da (0x000080a5) c.srli  s1, 9
core   0: 3 0x800067da (0x80a5) x 9 0x004e816b
core   0: 0x800067dc (0x001ce333) or      t1, s9, ra
core   0: 3 0x800067dc (0x001ce333) x 6 0x01a73103
core   0: 0x800067e0 (0x0000117d) c.addi  sp, -1
core   0: 3 0x800067e0 (0x117d) x 2 0xffffffff
core   0: 0x800067e2 (0x638a31b7) lui     gp, 0x638a3
core   0: 3 0x800067e2 (0x638a31b7) x 3 0x638a3000
core   0: 0x800067e6 (0x00008fd5) c.or    a5, a3
core   0: 3 0x800067e6 (0x8fd5) x15 0x00000317
core   0: 0x800067e8 (0x010c5033) srl     zero, s8, a6
core   0: 3 0x800067e8 (0x010c5033)
core   0: 0x800067ec (0x03e098b3) mulh    a7, ra, t5
core   0: 3 0x800067ec (0x03e098b3) x17 0x00000000
core   0: 0x800067f0 (0x0ff0000f) fence   iorw,iorw
core   0: 3 0x800067f0 (0x0ff0000f)
core   0: 0x800067f4 (0x0000ef01) c.bnez  a4, pc + 24
core   0: 3 0x800067f4 (0xef01)
core   0: 0x8000680c (0x0ff0000f) fence   iorw,iorw
core   0: 3 0x8000680c (0x0ff0000f)
core   0: 0x80006810 (0x88206e93) ori     t4, zero, -1918
core   0: 3 0x80006810 (0x88206e93) x29 0xfffff882
core   0: 0x80006814 (0xac304f93) xori    t6, zero, -1341
core   0: 3 0x80006814 (0xac304f93) x31 0xfffffac3
core   0: 0x80006818 (0x03775c33) divu    s8, a4, s7
core   0: 3 0x80006818 (0x03775c33) x24 0x00000002
core   0: 0x8000681c (0x02413c33) mulhu   s8, sp, tp
core   0: 3 0x8000681c (0x02413c33) x24 0x00000000
core   0: 0x80006820 (0x02239063) bne     t2, sp, pc + 32
core   0: 3 0x80006820 (0x02239063)
core   0: 0x80006840 (0x00f872b3) and     t0, a6, a5
core   0: 3 0x80006840 (0x00f872b3) x 5 0x00000103
core   0: 0x80006844 (0x0000c7e1) c.beqz  a5, pc + 200
core   0: 3 0x80006844 (0xc7e1)
core   0: 0x80006846 (0x00235d93) srli    s11, t1, 2
core   0: 3 0x80006846 (0x00235d93) x27 0x0069cc40
core   0: 0x8000684a (0x02208bb3) mul     s7, ra, sp
core   0: 3 0x8000684a (0x02208bb3) x23 0x00000000
core   0: 0x8000684e (0x0ad2c863) blt     t0, a3, pc + 176
core   0: 3 0x8000684e (0x0ad2c863)
core   0: 0x80006852 (0x01ca8933) add     s2, s5, t3
core   0: 3 0x80006852 (0x01ca8933) x18 0x80029ce3
core   0: 0x80006856 (0x00003b33) snez    s6, zero
core   0: 3 0x80006856 (0x00003b33) x22 0x00000000
core   0: 0x8000685a (0x0a22d463) bge     t0, sp, pc + 168
core   0: 3 0x8000685a (0x0a22d463)
core   0: 0x80006902 (0x014f1213) slli    tp, t5, 20
core   0: 3 0x80006902 (0x014f1213) x 4 0x44900000
core   0: 0x80006906 (0x01655db3) srl     s11, a0, s6
core   0: 3 0x80006906 (0x01655db3) x27 0x00000000
core   0: 0x8000690a (0x00008791) c.srai  a5, 4
core   0: 3 0x8000690a (0x8791) x15 0x00000031
core   0: 0x8000690c (0x03f98a37) lui     s4, 0x3f98
core   0: 3 0x8000690c (0x03f98a37) x20 0x03f98000
core   0: 0x80006910 (0x03990d33) mul     s10, s2, s9
core   0: 3 0x80006910 (0x03990d33) x26 0x3b2449a9
core   0: 0x80006914 (0x004e76b3) and     a3, t3, tp
core   0: 3 0x80006914 (0x004e76b3) x13 0x44900000
core   0: 0x80006918 (0x0000813d) c.srli  a0, 15
core   0: 3 0x80006918 (0x813d) x10 0x00000000
core   0: 0x8000691a (0x0000612d) c.addi16sp sp, 224
core   0: 3 0x8000691a (0x612d) x 2 0x000000df
core   0: 0x8000691c (0x02f74163) blt     a4, a5, pc + 34
core   0: 3 0x8000691c (0x02f74163)
core   0: 0x80006920 (0x01514b63) blt     sp, s5, pc + 22
core   0: 3 0x80006920 (0x01514b63)
core   0: 0x80006924 (0x00000001) c.nop
core   0: 3 0x80006924 (0x0001)
core   0: 0x80006926 (0x0130ca33) xor     s4, ra, s3
core   0: 3 0x80006926 (0x0130ca33) x20 0xffffff8a
core   0: 0x8000692a (0x0192d893) srli    a7, t0, 25
core   0: 3 0x8000692a (0x0192d893) x17 0x00000000
core   0: 0x8000692e (0x00116333) or      t1, sp, ra
core   0: 3 0x8000692e (0x00116333) x 6 0x000000df
core   0: 0x80006932 (0x00ff5693) srli    a3, t5, 15
core   0: 3 0x80006932 (0x00ff5693) x13 0x0001f9e6
core   0: 0x80006936 (0x41f509b3) sub     s3, a0, t6
core   0: 3 0x80006936 (0x41f509b3) x19 0x0000053d
core   0: 0x8000693a (0x0ff0000f) fence   iorw,iorw
core   0: 3 0x8000693a (0x0ff0000f)
core   0: 0x8000693e (0x40badd93) srai    s11, s5, 11
core   0: 3 0x8000693e (0x40badd93) x27 0xfff00053
core   0: 0x80006942 (0x0536e263) bltu    a3, s3, pc + 68
core   0: 3 0x80006942 (0x0536e263)
core   0: 0x80006946 (0x8a6d2813) slti    a6, s10, -1882
core   0: 3 0x80006946 (0x8a6d2813) x16 0x00000000
core   0: 0x8000694a (0x0000100f) fence.i
core   0: 3 0x8000694a (0x0000100f)
core   0: 0x8000694e (0x00006141) c.addi16sp sp, 16
core   0: 3 0x8000694e (0x6141) x 2 0x000000ef
core   0: 0x80006950 (0xef20a193) slti    gp, ra, -270
core   0: 3 0x80006950 (0xef20a193) x 3 0x00000000
core   0: 0x80006954 (0x02bc7a33) remu    s4, s8, a1
core   0: 3 0x80006954 (0x02bc7a33) x20 0x00000000
core   0: 0x80006958 (0x93a7d797) auipc   a5, 0x93a7d
core   0: 3 0x80006958 (0x93a7d797) x15 0x13a83958
core   0: 0x8000695c (0x000087e9) c.srai  a5, 26
core   0: 3 0x8000695c (0x87e9) x15 0x00000004
core   0: 0x8000695e (0x03eb44b3) div     s1, s6, t5
core   0: 3 0x8000695e (0x03eb44b3) x 9 0x00000000
core   0: 0x80006962 (0x02f37f63) bgeu    t1, a5, pc + 62
core   0: 3 0x80006962 (0x02f37f63)
core   0: 0x800069a0 (0x01cd9d63) bne     s11, t3, pc + 26
core   0: 3 0x800069a0 (0x01cd9d63)
core   0: 0x800069ba (0x40e051b3) sra     gp, zero, a4
core   0: 3 0x800069ba (0x40e051b3) x 3 0x00000000
core   0: 0x800069be (0x4067d113) srai    sp, a5, 6
core   0: 3 0x800069be (0x4067d113) x 2 0x00000000
core   0: 0x800069c2 (0x10cb1617) auipc   a2, 0x10cb1
core   0: 3 0x800069c2 (0x10cb1617) x12 0x90cb79c2
core   0: 0x800069c6 (0x00700b63) beq     zero, t2, pc + 22
core   0: 3 0x800069c6 (0x00700b63)
core   0: 0x800069ca (0x00006569) c.lui   a0, 0x1a
core   0: 3 0x800069ca (0x6569) x10 0x0001a000
core   0: 0x800069cc (0x00006555) c.lui   a0, 0x15
core   0: 3 0x800069cc (0x6555) x10 0x00015000
core   0: 0x800069ce (0x02e5dcb3) divu    s9, a1, a4
core   0: 3 0x800069ce (0x02e5dcb3) x25 0x00000000
core   0: 0x800069d2 (0x00008ee9) c.and   a3, a0
core   0: 3 0x800069d2 (0x8ee9) x13 0x00015000
core   0: 0x800069d4 (0x03c85f33) divu    t5, a6, t3
core   0: 3 0x800069d4 (0x03c85f33) x30 0x00000000
core   0: 0x800069d8 (0x013e9763) bne     t4, s3, pc + 14
core   0: 3 0x800069d8 (0x013e9763)
core   0: 0x800069e6 (0x04636063) bltu    t1, t1, pc + 64
core   0: 3 0x800069e6 (0x04636063)
core   0: 0x800069ea (0x0000ea95) c.bnez  a3, pc + 52
core   0: 3 0x800069ea (0xea95)
core   0: 0x80006a1e (0x0077d433) srl     s0, a5, t2
core   0: 3 0x80006a1e (0x0077d433) x 8 0x00000000
core   0: 0x80006a22 (0x00008d45) c.or    a0, s1
core   0: 3 0x80006a22 (0x8d45) x10 0x00015000
core   0: 0x80006a24 (0x00001bfd) c.addi  s7, -1
core   0: 3 0x80006a24 (0x1bfd) x23 0xffffffff
core   0: 0x80006a26 (0x03b59433) mulh    s0, a1, s11
core   0: 3 0x80006a26 (0x03b59433) x 8 0xffffe58d
core   0: 0x80006a2a (0x00005dfd) c.li    s11, -1
core   0: 3 0x80006a2a (0x5dfd) x27 0xffffffff
core   0: 0x80006a2c (0x022f7e33) remu    t3, t5, sp
core   0: 3 0x80006a2c (0x022f7e33) x28 0x00000000
core   0: 0x80006a30 (0x00000001) c.nop
core   0: 3 0x80006a30 (0x0001)
core   0: 0x80006a32 (0xc2542113) slti    sp, s0, -987
core   0: 3 0x80006a32 (0xc2542113) x 2 0x00000001
core   0: 0x80006a36 (0x0000069c) c.addi4spn a5, sp, 832
core   0: 3 0x80006a36 (0x069c) x15 0x00000341
core   0: 0x80006a38 (0x0641e663) bltu    gp, tp, pc + 108
core   0: 3 0x80006a38 (0x0641e663)
core   0: 0x80006aa4 (0x01936a33) or      s4, t1, s9
core   0: 3 0x80006aa4 (0x01936a33) x20 0x000000df
core   0: 0x80006aa8 (0x008d6733) or      a4, s10, s0
core   0: 3 0x80006aa8 (0x008d6733) x14 0xffffedad
core   0: 0x80006aac (0x02cccc33) div     s8, s9, a2
core   0: 3 0x80006aac (0x02cccc33) x24 0x00000000
core   0: 0x80006ab0 (0x000092ba) c.add   t0, a4
core   0: 3 0x80006ab0 (0x92ba) x 5 0xffffeeb0
core   0: 0x80006ab2 (0x41268033) sub     zero, a3, s2
core   0: 3 0x80006ab2 (0x41268033)
core   0: 0x80006ab6 (0x3e6c4313) xori    t1, s8, 998
core   0: 3 0x80006ab6 (0x3e6c4313) x 6 0x000003e6
core   0: 0x80006aba (0x0000717d) c.addi16sp sp, -16
core   0: 3 0x80006aba (0x717d) x 2 0xfffffff1
core   0: 0x80006abc (0x00008c01) c.sub   s0, s0
core   0: 3 0x80006abc (0x8c01) x 8 0x00000000
core   0: 0x80006abe (0x00001a9c) c.addi4spn a5, sp, 368
core   0: 3 0x80006abe (0x1a9c) x15 0x00000161
core   0: 0x80006ac0 (0x40cd81b3) sub     gp, s11, a2
core   0: 3 0x80006ac0 (0x40cd81b3) x 3 0x6f34863d
core   0: 0x80006ac4 (0x00000195) c.addi  gp, 5
core   0: 3 0x80006ac4 (0x0195) x 3 0x6f348642
core   0: 0x80006ac6 (0x00008b1d) c.andi  a4, 7
core   0: 3 0x80006ac6 (0x8b1d) x14 0x00000005
core   0: 0x80006ac8 (0x00801263) bne     zero, s0, pc + 4
core   0: 3 0x80006ac8 (0x00801263)
core   0: 0x80006acc (0x037e31b3) mulhu   gp, t3, s7
core   0: 3 0x80006acc (0x037e31b3) x 3 0x00000000
core   0: 0x80006ad0 (0x00008e09) c.sub   a2, a0
core   0: 3 0x80006ad0 (0x8e09) x12 0x90ca29c2
core   0: 0x80006ad2 (0x01370eb3) add     t4, a4, s3
core   0: 3 0x80006ad2 (0x01370eb3) x29 0x00000542
core   0: 0x80006ad6 (0x025d9e63) bne     s11, t0, pc + 60
core   0: 3 0x80006ad6 (0x025d9e63)
core   0: 0x80006b12 (0x01350833) add     a6, a0, s3
core   0: 3 0x80006b12 (0x01350833) x16 0x0001553d
core   0: 0x80006b16 (0x0062fe63) bgeu    t0, t1, pc + 28
core   0: 3 0x80006b16 (0x0062fe63)
core   0: 0x80006b32 (0x02f45c33) divu    s8, s0, a5
core   0: 3 0x80006b32 (0x02f45c33) x24 0x00000000
core   0: 0x80006b36 (0x019058b3) srl     a7, zero, s9
core   0: 3 0x80006b36 (0x019058b3) x17 0x00000000
core   0: 0x80006b3a (0x0043a203) lw      tp, 4(t2)
core   0: 3 0x80006b3a (0x0043a203) x 4 0x80001dac mem 0x80025e4c
core   0: 0x80006b3e (0x000003f1) c.addi  t2, 28
core   0: 3 0x80006b3e (0x03f1) x 7 0x80025e64
core   0: 0x80006b40 (0x514bc693) xori    a3, s7, 1300
core   0: 3 0x80006b40 (0x514bc693) x13 0xfffffaeb
core   0: 0x80006b44 (0x4bc0f293) andi    t0, ra, 1212
core   0: 3 0x80006b44 (0x4bc0f293) x 5 0x00000000
core   0: 0x80006b48 (0x0000912e) c.add   sp, a1
core   0: 3 0x80006b48 (0x912e) x 2 0x01a730f4
core   0: 0x80006b4a (0xceb3bd93) sltiu   s11, t2, -789
core   0: 3 0x80006b4a (0xceb3bd93) x27 0x00000001
core   0: 0x80006b4e (0x00020713) mv      a4, tp
core   0: 3 0x80006b4e (0x00020713) x14 0x80001dac
core   0: 0x80006b52 (0x00009702) c.jalr  a4
core   0: 3 0x80006b52 (0x9702) x 1 0x80006b54
core   0: 0x80001dac (0x40c1df13) srai    t5, gp, 12
core   0: 3 0x80001dac (0x40c1df13) x30 0x00000000
core   0: 0x80001db0 (0x01a3eeb3) or      t4, t2, s10
core   0: 3 0x80001db0 (0x01a3eeb3) x29 0xbb265fed
core   0: 0x80001db4 (0x0000c899) c.beqz  s1, pc + 22
core   0: 3 0x80001db4 (0xc899)
core   0: 0x80001dca (0x0074e9b3) or      s3, s1, t2
core   0: 3 0x80001dca (0x0074e9b3) x19 0x80025e64
core   0: 0x80001dce (0xc9363a13) sltiu   s4, a2, -877
core   0: 3 0x80001dce (0xc9363a13) x20 0x00000001
core   0: 0x80001dd2 (0x0090a333) slt     t1, ra, s1
core   0: 3 0x80001dd2 (0x0090a333) x 6 0x00000001
core   0: 0x80001dd6 (0x010cdc33) srl     s8, s9, a6
core   0: 3 0x80001dd6 (0x010cdc33) x24 0x00000000
core   0: 0x80001dda (0x409e5113) srai    sp, t3, 9
core   0: 3 0x80001dda (0x409e5113) x 2 0x00000000
core   0: 0x80001dde (0x0071f833) and     a6, gp, t2
core   0: 3 0x80001dde (0x0071f833) x16 0x00000000
core   0: 0x80001de2 (0x0259cdb3) div     s11, s3, t0
core   0: 3 0x80001de2 (0x0259cdb3) x27 0xffffffff
core   0: 0x80001de6 (0x02fc5933) divu    s2, s8, a5
core   0: 3 0x80001de6 (0x02fc5933) x18 0x00000000
core   0: 0x80001dea (0x00814363) blt     sp, s0, pc + 6
core   0: 3 0x80001dea (0x00814363)
core   0: 0x80001dee (0x00008aa5) c.andi  a3, 9
core   0: 3 0x80001dee (0x8aa5) x13 0x00000009
core   0: 0x80001df0 (0x000018fd) c.addi  a7, -1
core   0: 3 0x80001df0 (0x18fd) x17 0xffffffff
core   0: 0x80001df2 (0x00000001) c.nop
core   0: 3 0x80001df2 (0x0001)
core   0: 0x80001df4 (0x00008fdd) c.or    a5, a5
core   0: 3 0x80001df4 (0x8fdd) x15 0x00000161
core   0: 0x80001df6 (0x0371cc33) div     s8, gp, s7
core   0: 3 0x80001df6 (0x0371cc33) x24 0x00000000
core   0: 0x80001dfa (0x01addb33) srl     s6, s11, s10
core   0: 3 0x80001dfa (0x01addb33) x22 0x007fffff
core   0: 0x80001dfe (0x032a67b3) rem     a5, s4, s2
core   0: 3 0x80001dfe (0x032a67b3) x15 0x00000001
core   0: 0x80001e02 (0x035486b3) mul     a3, s1, s5
core   0: 3 0x80001e02 (0x035486b3) x13 0x00000000
core   0: 0x80001e06 (0x0150dc93) srli    s9, ra, 21
core   0: 3 0x80001e06 (0x0150dc93) x25 0x00000400
core   0: 0x80001e0a (0xcb202513) slti    a0, zero, -846
core   0: 3 0x80001e0a (0xcb202513) x10 0x00000000
core   0: 0x80001e0e (0x00833bb3) sltu    s7, t1, s0
core   0: 3 0x80001e0e (0x00833bb3) x23 0x00000000
core   0: 0x80001e12 (0x00007463) bgeu    zero, zero, pc + 8
core   0: 3 0x80001e12 (0x00007463)
core   0: 0x80001e1a (0x00008d1d) c.sub   a0, a5
core   0: 3 0x80001e1a (0x8d1d) x10 0xffffffff
core   0: 0x80001e1c (0xbc1e8113) addi    sp, t4, -1087
core   0: 3 0x80001e1c (0xbc1e8113) x 2 0xbb265bae
core   0: 0x80001e20 (0x00171e93) slli    t4, a4, 1
core   0: 3 0x80001e20 (0x00171e93) x29 0x00003b58
core   0: 0x80001e24 (0x00000001) c.nop
core   0: 3 0x80001e24 (0x0001)
core   0: 0x80001e26 (0x00006255) c.lui   tp, 0x15
core   0: 3 0x80001e26 (0x6255) x 4 0x00015000
core   0: 0x80001e28 (0x00009afd) c.andi  a3, -1
core   0: 3 0x80001e28 (0x9afd) x13 0x00000000
core   0: 0x80001e2a (0x000094ee) c.add   s1, s11
core   0: 3 0x80001e2a (0x94ee) x 9 0xffffffff
core   0: 0x80001e2c (0x00c97563) bgeu    s2, a2, pc + 10
core   0: 3 0x80001e2c (0x00c97563)
core   0: 0x80001e30 (0x01081b63) bne     a6, a6, pc + 22
core   0: 3 0x80001e30 (0x01081b63)
core   0: 0x80001e34 (0x00000994) c.addi4spn a3, sp, 208
core   0: 3 0x80001e34 (0x0994) x13 0xbb265c7e
core   0: 0x80001e36 (0x00a691b3) sll     gp, a3, a0
core   0: 3 0x80001e36 (0x00a691b3) x 3 0x00000000
core   0: 0x80001e3a (0x40ef5913) srai    s2, t5, 14
core   0: 3 0x80001e3a (0x40ef5913) x18 0x00000000
core   0: 0x80001e3e (0x00004ca9) c.li    s9, 10
core   0: 3 0x80001e3e (0x4ca9) x25 0x0000000a
core   0: 0x80001e40 (0x08c44363) blt     s0, a2, pc + 134
core   0: 3 0x80001e40 (0x08c44363)
core   0: 0x80001e44 (0x00008ca5) c.xor   s1, s1
core   0: 3 0x80001e44 (0x8ca5) x 9 0x00000000
core   0: 0x80001e46 (0x03f5fc33) remu    s8, a1, t6
core   0: 3 0x80001e46 (0x03f5fc33) x24 0x01a73103
core   0: 0x80001e4a (0x03b15733) divu    a4, sp, s11
core   0: 3 0x80001e4a (0x03b15733) x14 0x00000000
core   0: 0x80001e4e (0x03e0c933) div     s2, ra, t5
core   0: 3 0x80001e4e (0x03e0c933) x18 0xffffffff
core   0: 0x80001e52 (0x0017fcb3) and     s9, a5, ra
core   0: 3 0x80001e52 (0x0017fcb3) x25 0x00000000
core   0: 0x80001e56 (0x0ff0000f) fence   iorw,iorw
core   0: 3 0x80001e56 (0x0ff0000f)
core   0: 0x80001e5a (0x07f99d63) bne     s3, t6, pc + 122
core   0: 3 0x80001e5a (0x07f99d63)
core   0: 0x80001ed4 (0x00008e8d) c.sub   a3, a1
core   0: 3 0x80001ed4 (0x8e8d) x13 0xb97f2b7b
core   0: 0x80001ed6 (0x0000177d) c.addi  a4, -1
core   0: 3 0x80001ed6 (0x177d) x14 0xffffffff
core   0: 0x80001ed8 (0xd7eca813) slti    a6, s9, -642
core   0: 3 0x80001ed8 (0xd7eca813) x16 0x00000000
core   0: 0x80001edc (0x000019fd) c.addi  s3, -1
core   0: 3 0x80001edc (0x19fd) x19 0x80025e63
core   0: 0x80001ede (0x0347ed63) bltu    a5, s4, pc + 58
core   0: 3 0x80001ede (0x0347ed63)
core   0: 0x80001ee2 (0x00f33833) sltu    a6, t1, a5
core   0: 3 0x80001ee2 (0x00f33833) x16 0x00000000
core   0: 0x80001ee6 (0x00429333) sll     t1, t0, tp
core   0: 3 0x80001ee6 (0x00429333) x 6 0x00000000
core   0: 0x80001eea (0x0048eb33) or      s6, a7, tp
core   0: 3 0x80001eea (0x0048eb33) x22 0xffffffff
core   0: 0x80001eee (0x00009d22) c.add   s10, s0
core   0: 3 0x80001eee (0x9d22) x26 0x3b2449a9
core   0: 0x80001ef0 (0x00009bfd) c.andi  a5, -1
core   0: 3 0x80001ef0 (0x9bfd) x15 0x00000001
core   0: 0x80001ef2 (0x000087aa) c.mv    a5, a0
core   0: 3 0x80001ef2 (0x87aa) x15 0xffffffff
core   0: 0x80001ef4 (0x0ff0000f) fence   iorw,iorw
core   0: 3 0x80001ef4 (0x0ff0000f)
core   0: 0x80001ef8 (0x00000926) c.slli  s2, 9
core   0: 3 0x80001ef8 (0x0926) x18 0xfffffe00
core   0: 0x80001efa (0x0000c229) c.beqz  a2, pc + 66
core   0: 3 0x80001efa (0xc229)
core   0: 0x80001efc (0x00008a16) c.mv    s4, t0
core   0: 3 0x80001efc (0x8a16) x20 0x00000000
core   0: 0x80001efe (0x03429733) mulh    a4, t0, s4
core   0: 3 0x80001efe (0x03429733) x14 0x00000000
core   0: 0x80001f02 (0x028a96b3) mulh    a3, s5, s0
core   0: 3 0x80001f02 (0x028a96b3) x13 0x00000000
core   0: 0x80001f06 (0x009762b3) or      t0, a4, s1
core   0: 3 0x80001f06 (0x009762b3) x 5 0x00000000
core   0: 0x80001f0a (0x0135de13) srli    t3, a1, 19
core   0: 3 0x80001f0a (0x0135de13) x28 0x00000034
core   0: 0x80001f0e (0x9d857797) auipc   a5, 0x9d857
core   0: 3 0x80001f0e (0x9d857797) x15 0x1d858f0e
core   0: 0x80001f12 (0x4166d433) sra     s0, a3, s6
core   0: 3 0x80001f12 (0x4166d433) x 8 0x00000000
core   0: 0x80001f16 (0x0000e231) c.bnez  a2, pc + 68
core   0: 3 0x80001f16 (0xe231)
core   0: 0x80001f5a (0x00006b39) c.lui   s6, 0xe
core   0: 3 0x80001f5a (0x6b39) x22 0x0000e000
core   0: 0x80001f5c (0x17b72e93) slti    t4, a4, 379
core   0: 3 0x80001f5c (0x17b72e93) x29 0x00000001
core   0: 0x80001f60 (0x00000588) c.addi4spn a0, sp, 704
core   0: 3 0x80001f60 (0x0588) x10 0xbb265e6e
core   0: 0x80001f62 (0xc2d50813) addi    a6, a0, -979
core   0: 3 0x80001f62 (0xc2d50813) x16 0xbb265a9b
core   0: 0x80001f66 (0x03e2e0b3) rem     ra, t0, t5
core   0: 3 0x80001f66 (0x03e2e0b3) x 1 0x00000000
core   0: 0x80001f6a (0x00008f8d) c.sub   a5, a1
core   0: 3 0x80001f6a (0x8f8d) x15 0x1bde5e0b
core   0: 0x80001f6c (0x000087ea) c.mv    a5, s10
core   0: 3 0x80001f6c (0x87ea) x15 0x3b2449a9
core   0: 0x80001f6e (0x0109d833) srl     a6, s3, a6
core   0: 3 0x80001f6e (0x0109d833) x16 0x00000010
core   0: 0x80001f72 (0x02b69c33) mulh    s8, a3, a1
core   0: 3 0x80001f72 (0x02b69c33) x24 0x00000000
core   0: 0x80001f76 (0x01943333) sltu    t1, s0, s9
core   0: 3 0x80001f76 (0x01943333) x 6 0x00000000
core   0: 0x80001f7a (0x023a6a33) rem     s4, s4, gp
core   0: 3 0x80001f7a (0x023a6a33) x20 0x00000000
core   0: 0x80001f7e (0x00008a26) c.mv    s4, s1
core   0: 3 0x80001f7e (0x8a26) x20 0x00000000
core   0: 0x80001f80 (0x03c4f7b3) remu    a5, s1, t3
core   0: 3 0x80001f80 (0x03c4f7b3) x15 0x00000000
core   0: 0x80001f84 (0x02beed33) rem     s10, t4, a1
core   0: 3 0x80001f84 (0x02beed33) x26 0x00000001
core   0: 0x80001f88 (0x039129b3) mulhsu  s3, sp, s9
core   0: 3 0x80001f88 (0x039129b3) x19 0x00000000
core   0: 0x80001f8c (0x00008ebd) c.xor   a3, a5
core   0: 3 0x80001f8c (0x8ebd) x13 0x00000000
core   0: 0x80001f8e (0x02b2df63) bge     t0, a1, pc + 62
core   0: 3 0x80001f8e (0x02b2df63)
core   0: 0x80001f92 (0x01c3f263) bgeu    t2, t3, pc + 4
core   0: 3 0x80001f92 (0x01c3f263)
core   0: 0x80001f96 (0x00008671) c.srai  a2, 28
core   0: 3 0x80001f96 (0x8671) x12 0xfffffff9
core   0: 0x80001f98 (0x28c02113) slti    sp, zero, 652
core   0: 3 0x80001f98 (0x28c02113) x 2 0x00000001
core   0: 0x80001f9c (0x00009b66) c.add   s6, s9
core   0: 3 0x80001f9c (0x9b66) x22 0x0000e000
core   0: 0x80001f9e (0x00001c9c) c.addi4spn a5, sp, 624
core   0: 3 0x80001f9e (0x1c9c) x15 0x00000271
core   0: 0x80001fa0 (0x03eb7133) remu    sp, s6, t5
core   0: 3 0x80001fa0 (0x03eb7133) x 2 0x0000e000
core   0: 0x80001fa4 (0x00000001) c.nop
core   0: 3 0x80001fa4 (0x0001)
core   0: 0x80001fa6 (0x03860563) beq     a2, s8, pc + 42
core   0: 3 0x80001fa6 (0x03860563)
core   0: 0x80001faa (0x00380bb3) add     s7, a6, gp
core   0: 3 0x80001faa (0x00380bb3) x23 0x00000010
core   0: 0x80001fae (0x00a81c63) bne     a6, a0, pc + 24
core   0: 3 0x80001fae (0x00a81c63)
core   0: 0x80001fc6 (0x00e810b3) sll     ra, a6, a4
core   0: 3 0x80001fc6 (0x00e810b3) x 1 0x00000010
core   0: 0x80001fca (0x00001898) c.addi4spn a4, sp, 112
core   0: 3 0x80001fca (0x1898) x14 0x0000e070
core   0: 0x80001fcc (0x00a45213) srli    tp, s0, 10
core   0: 3 0x80001fcc (0x00a45213) x 4 0x00000000
core   0: 0x80001fd0 (0x01efabb3) slt     s7, t6, t5
core   0: 3 0x80001fd0 (0x01efabb3) x23 0x00000001
core   0: 0x80001fd4 (0x0ff0000f) fence   iorw,iorw
core   0: 3 0x80001fd4 (0x0ff0000f)
core   0: 0x80001fd8 (0x6b7bc193) xori    gp, s7, 1719
core   0: 3 0x80001fd8 (0x6b7bc193) x 3 0x000006b6
core   0: 0x80001fdc (0x0069d433) srl     s0, s3, t1
core   0: 3 0x80001fdc (0x0069d433) x 8 0x00000000
core   0: 0x80001fe0 (0x02d93b33) mulhu   s6, s2, a3
core   0: 3 0x80001fe0 (0x02d93b33) x22 0x00000000
core   0: 0x80001fe4 (0x00008751) c.srai  a4, 20
core   0: 3 0x80001fe4 (0x8751) x14 0x00000000
core   0: 0x80001fe6 (0x01081533) sll     a0, a6, a6
core   0: 3 0x80001fe6 (0x01081533) x10 0x00100000
core   0: 0x80001fea (0x01727bb3) and     s7, tp, s7
core   0: 3 0x80001fea (0x01727bb3) x23 0x00000000
core   0: 0x80001fee (0x00001f08) c.addi4spn a0, sp, 944
core   0: 3 0x80001fee (0x1f08) x10 0x0000e3b0
core   0: 0x80001ff0 (0xd9e10113) addi    sp, sp, -610
core   0: 3 0x80001ff0 (0xd9e10113) x 2 0x0000dd9e
core   0: 0x80001ff4 (0x00008fb1) c.xor   a5, a2
core   0: 3 0x80001ff4 (0x8fb1) x15 0xfffffd88
core   0: 0x80001ff6 (0x021a6563) bltu    s4, ra, pc + 42
core   0: 3 0x80001ff6 (0x021a6563)
core   0: 0x80002020 (0x0081b493) sltiu   s1, gp, 8
core   0: 3 0x80002020 (0x0081b493) x 9 0x00000000
core   0: 0x80002024 (0x00000001) c.nop
core   0: 3 0x80002024 (0x0001)
core   0: 0x80002026 (0x0000cf85) c.beqz  a5, pc + 56
core   0: 3 0x80002026 (0xcf85)
core   0: 0x80002028 (0x00008d69) c.and   a0, a0
core   0: 3 0x80002028 (0x8d69) x10 0x0000e3b0
core   0: 0x8000202a (0x00000001) c.nop
core   0: 3 0x8000202a (0x0001)
core   0: 0x8000202c (0x00000f90) c.addi4spn a2, sp, 976
core   0: 3 0x8000202c (0x0f90) x12 0x0000e16e
core   0: 0x8000202e (0x03a16a63) bltu    sp, s10, pc + 52
core   0: 3 0x8000202e (0x03a16a63)
core   0: 0x80002032 (0x00008c3d) c.xor   s0, a5
core   0: 3 0x80002032 (0x8c3d) x 8 0xfffffd88
core   0: 0x80002034 (0x00236e63) bltu    t1, sp, pc + 28
core   0: 3 0x80002034 (0x00236e63)
core   0: 0x80002050 (0x00000b7e) c.slli  s6, 31
core   0: 3 0x80002050 (0x0b7e) x22 0x00000000
core   0: 0x80002052 (0x00008615) c.srai  a2, 5
core   0: 3 0x80002052 (0x8615) x12 0x0000070b
core   0: 0x80002054 (0x91b13e97) auipc   t4, 0x91b13
core   0: 3 0x80002054 (0x91b13e97) x29 0x11b15054
core   0: 0x80002058 (0x00008c11) c.sub   s0, a2
core   0: 3 0x80002058 (0x8c11) x 8 0xfffff67d
core   0: 0x8000205a (0x00000001) c.nop
core   0: 3 0x8000205a (0x0001)
core   0: 0x8000205c (0x00001d94) c.addi4spn a3, sp, 752
core   0: 3 0x8000205c (0x1d94) x13 0x0000e08e
core   0: 0x8000205e (0x000002a5) c.addi  t0, 9
core   0: 3 0x8000205e (0x02a5) x 5 0x00000009
core   0: 0x80002060 (0x000006a6) c.slli  a3, 9
core   0: 3 0x80002060 (0x06a6) x13 0x01c11c00
core   0: 0x80002062 (0x52661697) auipc   a3, 0x52661
core   0: 3 0x80002062 (0x52661697) x13 0xd2663062
core   0: 0x80002066 (0x00828333) add     t1, t0, s0
core   0: 3 0x80002066 (0x00828333) x 6 0xfffff686
core   0: 0x8000206a (0x00008fe9) c.and   a5, a0
core   0: 3 0x8000206a (0x8fe9) x15 0x0000e180
core   0: 0x8000206c (0x0000717d) c.addi16sp sp, -16
core   0: 3 0x8000206c (0x717d) x 2 0x0000dd8e
core   0: 0x8000206e (0x0120d113) srli    sp, ra, 18
core   0: 3 0x8000206e (0x0120d113) x 2 0x00000000
core   0: 0x80002072 (0xb5117713) andi    a4, sp, -1199
core   0: 3 0x80002072 (0xb5117713) x14 0x00000000
core   0: 0x80002076 (0x02a962b3) rem     t0, s2, a0
core   0: 3 0x80002076 (0x02a962b3) x 5 0xfffffe00
core   0: 0x8000207a (0x41e10a33) sub     s4, sp, t5
core   0: 3 0x8000207a (0x41e10a33) x20 0x00000000
core   0: 0x8000207e (0x0025db63) bge     a1, sp, pc + 22
core   0: 3 0x8000207e (0x0025db63)
core   0: 0x80002094 (0x00000001) c.nop
core   0: 3 0x80002094 (0x0001)
core   0: 0x80002096 (0x05add163) bge     s11, s10, pc + 66
core   0: 3 0x80002096 (0x05add163)
core   0: 0x8000209a (0x00008f2d) c.xor   a4, a1
core   0: 3 0x8000209a (0x8f2d) x14 0x01a73103
core   0: 0x8000209c (0x01a5c263) blt     a1, s10, pc + 4
core   0: 3 0x8000209c (0x01a5c263)
core   0: 0x800020a0 (0x0ff0000f) fence   iorw,iorw
core   0: 3 0x800020a0 (0x0ff0000f)
core   0: 0x800020a4 (0x0227d133) divu    sp, a5, sp
core   0: 3 0x800020a4 (0x0227d133) x 2 0xffffffff
core   0: 0x800020a8 (0x024f3e33) mulhu   t3, t5, tp
core   0: 3 0x800020a8 (0x024f3e33) x28 0x00000000
core   0: 0x800020ac (0x990a6e13) ori     t3, s4, -1648
core   0: 3 0x800020ac (0x990a6e13) x28 0xfffff990
core   0: 0x800020b0 (0x000011fd) c.addi  gp, -1
core   0: 3 0x800020b0 (0x11fd) x 3 0x000006b5
core   0: 0x800020b2 (0x00008f6d) c.and   a4, a1
core   0: 3 0x800020b2 (0x8f6d) x14 0x01a73103
core   0: 0x800020b4 (0x403b5d93) srai    s11, s6, 3
core   0: 3 0x800020b4 (0x403b5d93) x27 0x00000000
core   0: 0x800020b8 (0xe4c03013) sltiu   zero, zero, -436
core   0: 3 0x800020b8 (0xe4c03013)
core   0: 0x800020bc (0x0015eb33) or      s6, a1, ra
core   0: 3 0x800020bc (0x0015eb33) x22 0x01a73113
core   0: 0x800020c0 (0x020d6b33) rem     s6, s10, zero
core   0: 3 0x800020c0 (0x020d6b33) x22 0x00000001
core   0: 0x800020c4 (0x034c9833) mulh    a6, s9, s4
core   0: 3 0x800020c4 (0x034c9833) x16 0x00000000
core   0: 0x800020c8 (0x00006125) c.addi16sp sp, 96
core   0: 3 0x800020c8 (0x6125) x 2 0x0000005f
core   0: 0x800020ca (0x01956e63) bltu    a0, s9, pc + 28
core   0: 3 0x800020ca (0x01956e63)
core   0: 0x800020ce (0x0ff0000f) fence   iorw,iorw
core   0: 3 0x800020ce (0x0ff0000f)
core   0: 0x800020d2 (0x11754e13) xori    t3, a0, 279
core   0: 3 0x800020d2 (0x11754e13) x28 0x0000e2a7
core   0: 0x800020d6 (0x00005e7d) c.li    t3, -1
core   0: 3 0x800020d6 (0x5e7d) x28 0xffffffff
core   0: 0x800020d8 (0x013ce333) or      t1, s9, s3
core   0: 3 0x800020d8 (0x013ce333) x 6 0x00000000
core   0: 0x800020dc (0x00008971) c.andi  a0, 28
core   0: 3 0x800020dc (0x8971) x10 0x00000010
core   0: 0x800020de (0x01dc5733) srl     a4, s8, t4
core   0: 3 0x800020de (0x01dc5733) x14 0x00000000
core   0: 0x800020e2 (0x03b5ceb3) div     t4, a1, s11
core   0: 3 0x800020e2 (0x03b5ceb3) x29 0xffffffff
core   0: 0x800020e6 (0x016d4d33) xor     s10, s10, s6
core   0: 3 0x800020e6 (0x016d4d33) x26 0x00000000
core   0: 0x800020ea (0x376c3e93) sltiu   t4, s8, 886
core   0: 3 0x800020ea (0x376c3e93) x29 0x00000001
core   0: 0x800020ee (0x000088f2) c.mv    a7, t3
core   0: 3 0x800020ee (0x88f2) x17 0xffffffff
core   0: 0x800020f0 (0x02e01b63) bne     zero, a4, pc + 54
core   0: 3 0x800020f0 (0x02e01b63)
core   0: 0x800020f4 (0x02626633) rem     a2, tp, t1
core   0: 3 0x800020f4 (0x02626633) x12 0x00000000
core   0: 0x800020f8 (0x40d108b3) sub     a7, sp, a3
core   0: 3 0x800020f8 (0x40d108b3) x17 0x2d99cffd
core   0: 0x800020fc (0x0000e091) c.bnez  s1, pc + 4
core   0: 3 0x800020fc (0xe091)
core   0: 0x800020fe (0x0000cc85) c.beqz  s1, pc + 56
core   0: 3 0x800020fe (0xcc85)
core   0: 0x80002136 (0x021714b3) mulh    s1, a4, ra
core   0: 3 0x80002136 (0x021714b3) x 9 0x00000000
core   0: 0x8000213a (0x00009b7a) c.add   s6, t5
core   0: 3 0x8000213a (0x9b7a) x22 0x00000001
core   0: 0x8000213c (0x00008aa1) c.andi  a3, 8
core   0: 3 0x8000213c (0x8aa1) x13 0x00000000
core   0: 0x8000213e (0x00000b7e) c.slli  s6, 31
core   0: 3 0x8000213e (0x0b7e) x22 0x80000000
core   0: 0x80002140 (0x03cce833) rem     a6, s9, t3
core   0: 3 0x80002140 (0x03cce833) x16 0x00000000
core   0: 0x80002144 (0x41be5d93) srai    s11, t3, 27
core   0: 3 0x80002144 (0x41be5d93) x27 0xffffffff
core   0: 0x80002148 (0x00006335) c.lui   t1, 0xd
core   0: 3 0x80002148 (0x6335) x 6 0x0000d000
core   0: 0x8000214a (0x00004c31) c.li    s8, 12
core   0: 3 0x8000214a (0x4c31) x24 0x0000000c
core   0: 0x8000214c (0x00008759) c.srai  a4, 22
core   0: 3 0x8000214c (0x8759) x14 0x00000000
core   0: 0x8000214e (0x00a5cbb3) xor     s7, a1, a0
core   0: 3 0x8000214e (0x00a5cbb3) x23 0x01a73113
core   0: 0x80002152 (0x0d9f9a17) auipc   s4, 0xd9f9
core   0: 3 0x80002152 (0x0d9f9a17) x20 0x8d9fb152
core   0: 0x80002156 (0x00008eed) c.and   a3, a1
core   0: 3 0x80002156 (0x8eed) x13 0x00000000
core   0: 0x80002158 (0x00e44933) xor     s2, s0, a4
core   0: 3 0x80002158 (0x00e44933) x18 0xfffff67d
core   0: 0x8000215c (0x00329f33) sll     t5, t0, gp
core   0: 3 0x8000215c (0x00329f33) x30 0xc0000000
core   0: 0x80002160 (0x0000100f) fence.i
core   0: 3 0x80002160 (0x0000100f)
core   0: 0x80002164 (0x01f15113) srli    sp, sp, 31
core   0: 3 0x80002164 (0x01f15113) x 2 0x00000000
core   0: 0x80002168 (0x0000999a) c.add   s3, t1
core   0: 3 0x80002168 (0x999a) x19 0x0000d000
core   0: 0x8000216a (0x018a07b3) add     a5, s4, s8
core   0: 3 0x8000216a (0x018a07b3) x15 0x8d9fb15e
core   0: 0x8000216e (0x003fc263) blt     t6, gp, pc + 4
core   0: 3 0x8000216e (0x003fc263)
core   0: 0x80002172 (0x01ac9833) sll     a6, s9, s10
core   0: 3 0x80002172 (0x01ac9833) x16 0x00000000
core   0: 0x80002176 (0x0000100f) fence.i
core   0: 3 0x80002176 (0x0000100f)
core   0: 0x8000217a (0x41688fb3) sub     t6, a7, s6
core   0: 3 0x8000217a (0x41688fb3) x31 0xad99cffd
core   0: 0x8000217e (0x0244d9b3) divu    s3, s1, tp
core   0: 3 0x8000217e (0x0244d9b3) x19 0xffffffff
core   0: 0x80002182 (0x0287e063) bltu    a5, s0, pc + 32
core   0: 3 0x80002182 (0x0287e063)
core   0: 0x800021a2 (0x00008b69) c.andi  a4, 26
core   0: 3 0x800021a2 (0x8b69) x14 0x00000000
core   0: 0x800021a4 (0x0000587d) c.li    a6, -1
core   0: 3 0x800021a4 (0x587d) x16 0xffffffff
core   0: 0x800021a6 (0x00009d52) c.add   s10, s4
core   0: 3 0x800021a6 (0x9d52) x26 0x8d9fb152
core   0: 0x800021a8 (0x0000664d) c.lui   a2, 0x13
core   0: 3 0x800021a8 (0x664d) x12 0x00013000
core   0: 0x800021aa (0x00d69e93) slli    t4, a3, 13
core   0: 3 0x800021aa (0x00d69e93) x29 0x00000000
core   0: 0x800021ae (0x02d4c0b3) div     ra, s1, a3
core   0: 3 0x800021ae (0x02d4c0b3) x 1 0xffffffff
core   0: 0x800021b2 (0x00ad8d63) beq     s11, a0, pc + 26
core   0: 3 0x800021b2 (0x00ad8d63)
core   0: 0x800021b6 (0x1eb3be93) sltiu   t4, t2, 491
core   0: 3 0x800021b6 (0x1eb3be93) x29 0x00000000
core   0: 0x800021ba (0x00008ea9) c.xor   a3, a0
core   0: 3 0x800021ba (0x8ea9) x13 0x00000010
core   0: 0x800021bc (0x02108a33) mul     s4, ra, ra
core   0: 3 0x800021bc (0x02108a33) x20 0x00000001
core   0: 0x800021c0 (0x41f384b3) sub     s1, t2, t6
core   0: 3 0x800021c0 (0x41f384b3) x 9 0xd2688e67
core   0: 0x800021c4 (0x0000612d) c.addi16sp sp, 224
core   0: 3 0x800021c4 (0x612d) x 2 0x000000e0
core   0: 0x800021c6 (0x030c04b3) mul     s1, s8, a6
core   0: 3 0x800021c6 (0x030c04b3) x 9 0xfffffff4
core   0: 0x800021ca (0x00008bc6) c.mv    s7, a7
core   0: 3 0x800021ca (0x8bc6) x23 0x2d99cffd
core   0: 0x800021cc (0x03b929b3) mulhsu  s3, s2, s11
core   0: 3 0x800021cc (0x03b929b3) x19 0xfffff67d
core   0: 0x800021d0 (0x5a1cf313) andi    t1, s9, 1441
core   0: 3 0x800021d0 (0x5a1cf313) x 6 0x00000000
core   0: 0x800021d4 (0x00bd9c13) slli    s8, s11, 11
core   0: 3 0x800021d4 (0x00bd9c13) x24 0xfffff800
core   0: 0x800021d8 (0x4108d293) srai    t0, a7, 16
core   0: 3 0x800021d8 (0x4108d293) x 5 0x00002d99
core   0: 0x800021dc (0x19b0b793) sltiu   a5, ra, 411
core   0: 3 0x800021dc (0x19b0b793) x15 0x00000000
core   0: 0x800021e0 (0x020a2bb3) mulhsu  s7, s4, zero
core   0: 3 0x800021e0 (0x020a2bb3) x23 0x00000000
core   0: 0x800021e4 (0x0000537d) c.li    t1, -1
core   0: 3 0x800021e4 (0x537d) x 6 0xffffffff
core   0: 0x800021e6 (0x02ebeb33) rem     s6, s7, a4
core   0: 3 0x800021e6 (0x02ebeb33) x22 0x00000000
core   0: 0x800021ea (0x00008d4d) c.or    a0, a1
core   0: 3 0x800021ea (0x8d4d) x10 0x01a73113
core   0: 0x800021ec (0x00008c8a) c.mv    s9, sp
core   0: 3 0x800021ec (0x8c8a) x25 0x000000e0
core   0: 0x800021ee (0x0000ee85) c.bnez  a3, pc + 56
core   0: 3 0x800021ee (0xee85)
core   0: 0x80002226 (0x0068e863) bltu    a7, t1, pc + 16
core   0: 3 0x80002226 (0x0068e863)
core   0: 0x80002236 (0x0340d463) bge     ra, s4, pc + 40
core   0: 3 0x80002236 (0x0340d463)
core   0: 0x8000223a (0x02411033) mulh    zero, sp, tp
core   0: 3 0x8000223a (0x02411033)
core   0: 0x8000223e (0x00000884) c.addi4spn s1, sp, 80
core   0: 3 0x8000223e (0x0884) x 9 0x00000130
core   0: 0x80002240 (0x2da87e93) andi    t4, a6, 730
core   0: 3 0x80002240 (0x2da87e93) x29 0x000002da
core   0: 0x80002244 (0xbcb5c413) xori    s0, a1, -1077
core   0: 3 0x80002244 (0xbcb5c413) x 8 0xfe58cac8
core   0: 0x80002248 (0x00000001) c.nop
core   0: 3 0x80002248 (0x0001)
core   0: 0x8000224a (0x02553533) mulhu   a0, a0, t0
core   0: 3 0x8000224a (0x02553533) x10 0x0000004b
core   0: 0x8000224e (0x01ae5b63) bge     t3, s10, pc + 22
core   0: 3 0x8000224e (0x01ae5b63)
core   0: 0x80002264 (0x026bc633) div     a2, s7, t1
core   0: 3 0x80002264 (0x026bc633) x12 0x00000000
core   0: 0x80002268 (0x010c1233) sll     tp, s8, a6
core   0: 3 0x80002268 (0x010c1233) x 4 0x00000000
core   0: 0x8000226c (0x0368f733) remu    a4, a7, s6
core   0: 3 0x8000226c (0x0368f733) x14 0x2d99cffd
core   0: 0x80002270 (0x006d3b33) sltu    s6, s10, t1
core   0: 3 0x80002270 (0x006d3b33) x22 0x00000001
core   0: 0x80002274 (0x012706b3) add     a3, a4, s2
core   0: 3 0x80002274 (0x012706b3) x13 0x2d99c67a
core   0: 0x80002278 (0x00c124b3) slt     s1, sp, a2
core   0: 3 0x80002278 (0x00c124b3) x 9 0x00000000
core   0: 0x8000227c (0x407701b3) sub     gp, a4, t2
core   0: 3 0x8000227c (0x407701b3) x 3 0xad977199
core   0: 0x80002280 (0x00008e01) c.sub   a2, s0
core   0: 3 0x80002280 (0x8e01) x12 0x01a73538
core   0: 0x80002282 (0x00d54333) xor     t1, a0, a3
core   0: 3 0x80002282 (0x00d54333) x 6 0x2d99c631
core   0: 0x80002286 (0x0195edb3) or      s11, a1, s9
core   0: 3 0x80002286 (0x0195edb3) x27 0x01a731e3
core   0: 0x8000228a (0x01061db3) sll     s11, a2, a6
core   0: 3 0x8000228a (0x01061db3) x27 0x00000000
core   0: 0x8000228e (0x413adcb3) sra     s9, s5, s3
core   0: 3 0x8000228e (0x413adcb3) x25 0xfffffffc
core   0: 0x80002292 (0x00db8233) add     tp, s7, a3
core   0: 3 0x80002292 (0x00db8233) x 4 0x2d99c67a
core   0: 0x80002296 (0x0000920a) c.add   tp, sp
core   0: 3 0x80002296 (0x920a) x 4 0x2d99c75a
core   0: 0x80002298 (0x4feb7113) andi    sp, s6, 1278
core   0: 3 0x80002298 (0x4feb7113) x 2 0x00000000
core   0: 0x8000229c (0x00000001) c.nop
core   0: 3 0x8000229c (0x0001)
core   0: 0x8000229e (0x03746db3) rem     s11, s0, s7
core   0: 3 0x8000229e (0x03746db3) x27 0xfe58cac8
core   0: 0x800022a2 (0x0159c033) xor     zero, s3, s5
core   0: 3 0x800022a2 (0x0159c033)
core   0: 0x800022a6 (0x046f4163) blt     t5, t1, pc + 66
core   0: 3 0x800022a6 (0x046f4163)
core   0: 0x800022e8 (0x00008541) c.srai  a0, 16
core   0: 3 0x800022e8 (0x8541) x10 0x00000000
core   0: 0x800022ea (0x00008e8d) c.sub   a3, a1
core   0: 3 0x800022ea (0x8e8d) x13 0x2bf29577
core   0: 0x800022ec (0x000094a6) c.add   s1, s1
core   0: 3 0x800022ec (0x94a6) x 9 0x00000000
core   0: 0x800022ee (0x00000536) c.slli  a0, 13
core   0: 3 0x800022ee (0x0536) x10 0x00000000
core   0: 0x800022f0 (0x012f6d33) or      s10, t5, s2
core   0: 3 0x800022f0 (0x012f6d33) x26 0xfffff67d
core   0: 0x800022f4 (0x0000e39d) c.bnez  a5, pc + 38
core   0: 3 0x800022f4 (0xe39d)
core   0: 0x800022f6 (0x01752433) slt     s0, a0, s7
core   0: 3 0x800022f6 (0x01752433) x 8 0x00000000
core   0: 0x800022fa (0x01f2f733) and     a4, t0, t6
core   0: 3 0x800022fa (0x01f2f733) x14 0x00000d99
core   0: 0x800022fe (0x00008e49) c.or    a2, a0
core   0: 3 0x800022fe (0x8e49) x12 0x01a73538
core   0: 0x80002300 (0x0000717d) c.addi16sp sp, -16
core   0: 3 0x80002300 (0x717d) x 2 0xfffffff0
core   0: 0x80002302 (0x014ebfb3) sltu    t6, t4, s4
core   0: 3 0x80002302 (0x014ebfb3) x31 0x00000000
core   0: 0x80002306 (0x018d7463) bgeu    s10, s8, pc + 8
core   0: 3 0x80002306 (0x018d7463)
core   0: 0x8000230a (0x00009696) c.add   a3, t0
core   0: 3 0x8000230a (0x9696) x13 0x2bf2c310
core   0: 0x8000230c (0x00008509) c.srai  a0, 2
core   0: 3 0x8000230c (0x8509) x10 0x00000000
core   0: 0x8000230e (0x0000100f) fence.i
core   0: 3 0x8000230e (0x0000100f)
core   0: 0x80002312 (0x0000100f) fence.i
core   0: 3 0x80002312 (0x0000100f)
core   0: 0x80002316 (0x0000997d) c.andi  a0, -1
core   0: 3 0x80002316 (0x997d) x10 0x00000000
core   0: 0x80002318 (0x000040a5) c.li    ra, 9
core   0: 3 0x80002318 (0x40a5) x 1 0x00000009
core   0: 0x8000231a (0x01ce8933) add     s2, t4, t3
core   0: 3 0x8000231a (0x01ce8933) x18 0x000002d9
core   0: 0x8000231e (0x00775993) srli    s3, a4, 7
core   0: 3 0x8000231e (0x00775993) x19 0x0000001b
core   0: 0x80002322 (0x00949e63) bne     s1, s1, pc + 28
core   0: 3 0x80002322 (0x00949e63)
core   0: 0x80002326 (0x0000717d) c.addi16sp sp, -16
core   0: 3 0x80002326 (0x717d) x 2 0xffffffe0
core   0: 0x80002328 (0xebb16f37) lui     t5, 0xebb16
core   0: 3 0x80002328 (0xebb16f37) x30 0xebb16000
core   0: 0x8000232c (0x02038c33) mul     s8, t2, zero
core   0: 3 0x8000232c (0x02038c33) x24 0x00000000
core   0: 0x80002330 (0xb5d91c97) auipc   s9, 0xb5d91
core   0: 3 0x80002330 (0xb5d91c97) x25 0x35d93330
core   0: 0x80002334 (0x017b8033) add     zero, s7, s7
core   0: 3 0x80002334 (0x017b8033)
core   0: 0x80002338 (0x40745b13) srai    s6, s0, 7
core   0: 3 0x80002338 (0x40745b13) x22 0x00000000
core   0: 0x8000233c (0x00008b75) c.andi  a4, 29
core   0: 3 0x8000233c (0x8b75) x14 0x00000019
core   0: 0x8000233e (0x00000001) c.nop
core   0: 3 0x8000233e (0x0001)
core   0: 0x80002340 (0x0000e111) c.bnez  a0, pc + 4
core   0: 3 0x80002340 (0xe111)
core   0: 0x80002342 (0x00009faa) c.add   t6, a0
core   0: 3 0x80002342 (0x9faa) x31 0x00000000
core   0: 0x80002344 (0x04178263) beq     a5, ra, pc + 68
core   0: 3 0x80002344 (0x04178263)
core   0: 0x80002348 (0x0090ce63) blt     ra, s1, pc + 28
core   0: 3 0x80002348 (0x0090ce63)
core   0: 0x8000234c (0x012ff463) bgeu    t6, s2, pc + 8
core   0: 3 0x8000234c (0x012ff463)
core   0: 0x80002350 (0x024a4963) blt     s4, tp, pc + 50
core   0: 3 0x80002350 (0x024a4963)
core   0: 0x80002382 (0x94707817) auipc   a6, 0x94707
core   0: 3 0x80002382 (0x94707817) x16 0x14709382
core   0: 0x80002386 (0x00008e71) c.and   a2, a2
core   0: 3 0x80002386 (0x8e71) x12 0x01a73538
core   0: 0x80002388 (0x016e8db3) add     s11, t4, s6
core   0: 3 0x80002388 (0x016e8db3) x27 0x000002da
core   0: 0x8000238c (0x00dad113) srli    sp, s5, 13
core   0: 3 0x8000238c (0x00dad113) x 2 0x00040014
core   0: 0x80002390 (0x0000ee11) c.bnez  a2, pc + 28
core   0: 3 0x80002390 (0xee11)
core   0: 0x800023ac (0x03069eb3) mulh    t4, a3, a6
core   0: 3 0x800023ac (0x03069eb3) x29 0x03824ac5
core   0: 0x800023b0 (0x00390fb3) add     t6, s2, gp
core   0: 3 0x800023b0 (0x00390fb3) x31 0xad977472
core   0: 0x800023b4 (0x01ed94b3) sll     s1, s11, t5
core   0: 3 0x800023b4 (0x01ed94b3) x 9 0x000002da
core   0: 0x800023b8 (0x004ba933) slt     s2, s7, tp
core   0: 3 0x800023b8 (0x004ba933) x18 0x00000001
core   0: 0x800023bc (0x0244dd63) bge     s1, tp, pc + 58
core   0: 3 0x800023bc (0x0244dd63)
core   0: 0x800023c0 (0x00008242) c.mv    tp, a6
core   0: 3 0x800023c0 (0x8242) x 4 0x14709382
core   0: 0x800023c2 (0x00fbd513) srli    a0, s7, 15
core   0: 3 0x800023c2 (0x00fbd513) x10 0x00000000
core   0: 0x800023c6 (0x03ea4e33) div     t3, s4, t5
core   0: 3 0x800023c6 (0x03ea4e33) x28 0x00000000
core   0: 0x800023ca (0x0000e38d) c.bnez  a5, pc + 34
core   0: 3 0x800023ca (0xe38d)
core   0: 0x800023cc (0x0000557d) c.li    a0, -1
core   0: 3 0x800023cc (0x557d) x10 0xffffffff
core   0: 0x800023ce (0x0000100f) fence.i
core   0: 3 0x800023ce (0x0000100f)
core   0: 0x800023d2 (0x00008fb9) c.xor   a5, a4
core   0: 3 0x800023d2 (0x8fb9) x15 0x00000019
core   0: 0x800023d4 (0x3ea33a13) sltiu   s4, t1, 1002
core   0: 3 0x800023d4 (0x3ea33a13) x20 0x00000000
core   0: 0x800023d8 (0x9826ba13) sltiu   s4, a3, -1662
core   0: 3 0x800023d8 (0x9826ba13) x20 0x00000001
core   0: 0x800023dc (0x000097da) c.add   a5, s6
core   0: 3 0x800023dc (0x97da) x15 0x00000019
core   0: 0x800023de (0x003ecbb3) xor     s7, t4, gp
core   0: 3 0x800023de (0x003ecbb3) x23 0xae153b5c
core   0: 0x800023e2 (0x0000997d) c.andi  a0, -1
core   0: 3 0x800023e2 (0x997d) x10 0xffffffff
core   0: 0x800023e4 (0x02e53e33) mulhu   t3, a0, a4
core   0: 3 0x800023e4 (0x02e53e33) x28 0x00000018
core   0: 0x800023e8 (0x000040fd) c.li    ra, 31
core   0: 3 0x800023e8 (0x40fd) x 1 0x0000001f
core   0: 0x800023ea (0x00008411) c.srai  s0, 4
core   0: 3 0x800023ea (0x8411) x 8 0x00000000
core   0: 0x800023ec (0x00434733) xor     a4, t1, tp
core   0: 3 0x800023ec (0x00434733) x14 0x39e955b3
core   0: 0x800023f0 (0x00008d21) c.xor   a0, s0
core   0: 3 0x800023f0 (0x8d21) x10 0xffffffff
core   0: 0x800023f2 (0x4120d233) sra     tp, ra, s2
core   0: 3 0x800023f2 (0x4120d233) x 4 0x0000000f
core   0: 0x800023f6 (0x002aff63) bgeu    s5, sp, pc + 30
core   0: 3 0x800023f6 (0x002aff63)
core   0: 0x80002414 (0x000084f1) c.srai  s1, 28
core   0: 3 0x80002414 (0x84f1) x 9 0x00000000
core   0: 0x80002416 (0x00008196) c.mv    gp, t0
core   0: 3 0x80002416 (0x8196) x 3 0x00002d99
core   0: 0x80002418 (0x01cb98b3) sll     a7, s7, t3
core   0: 3 0x80002418 (0x01cb98b3) x17 0x5c000000
core   0: 0x8000241c (0x00d6df93) srli    t6, a3, 13
core   0: 3 0x8000241c (0x00d6df93) x31 0x00015f96
core   0: 0x80002420 (0xd0917613) andi    a2, sp, -759
core   0: 3 0x80002420 (0xd0917613) x12 0x00040000
core   0: 0x80002424 (0x000068a5) c.lui   a7, 0x9
core   0: 3 0x80002424 (0x68a5) x17 0x00009000
core   0: 0x80002426 (0x01f50b63) beq     a0, t6, pc + 22
core   0: 3 0x80002426 (0x01f50b63)
core   0: 0x8000242a (0x000083a5) c.srli  a5, 9
core   0: 3 0x8000242a (0x83a5) x15 0x00000000
core   0: 0x8000242c (0x0000eb89) c.bnez  a5, pc + 18
core   0: 3 0x8000242c (0xeb89)
core   0: 0x8000242e (0x0000023a) c.slli  tp, 14
core   0: 3 0x8000242e (0x023a) x 4 0x0003c000
core   0: 0x80002430 (0x00009432) c.add   s0, a2
core   0: 3 0x80002430 (0x9432) x 8 0x00040000
core   0: 0x80002432 (0x41d6d813) srai    a6, a3, 29
core   0: 3 0x80002432 (0x41d6d813) x16 0x00000001
core   0: 0x80002436 (0x000058fd) c.li    a7, -1
core   0: 3 0x80002436 (0x58fd) x17 0xffffffff
core   0: 0x80002438 (0x01b21d33) sll     s10, tp, s11
core   0: 3 0x80002438 (0x01b21d33) x26 0x00000000
core   0: 0x8000243c (0x00000001) c.nop
core   0: 3 0x8000243c (0x0001)
core   0: 0x8000243e (0x40c30b33) sub     s6, t1, a2
core   0: 3 0x8000243e (0x40c30b33) x22 0x2d95c631
core   0: 0x80002442 (0x00001a7d) c.addi  s4, -1
core   0: 3 0x80002442 (0x1a7d) x20 0x00000000
core   0: 0x80002444 (0x0369d033) divu    zero, s3, s6
core   0: 3 0x80002444 (0x0369d033)
core   0: 0x80002448 (0x0000ee9d) c.bnez  a3, pc + 62
core   0: 3 0x80002448 (0xee9d)
core   0: 0x80002486 (0x05e79163) bne     a5, t5, pc + 66
core   0: 3 0x80002486 (0x05e79163)
core   0: 0x800024c8 (0x00008edd) c.or    a3, a5
core   0: 3 0x800024c8 (0x8edd) x13 0x2bf2c310
core   0: 0x800024ca (0x019add93) srli    s11, s5, 25
core   0: 3 0x800024ca (0x019add93) x27 0x00000040
core   0: 0x800024ce (0x0000e089) c.bnez  s1, pc + 2
core   0: 3 0x800024ce (0xe089)
core   0: 0x800024d0 (0x01d71a13) slli    s4, a4, 29
core   0: 3 0x800024d0 (0x01d71a13) x20 0x60000000
core   0: 0x800024d4 (0x62ad6193) ori     gp, s10, 1578
core   0: 3 0x800024d4 (0x62ad6193) x 3 0x0000062a
core   0: 0x800024d8 (0x00008f61) c.and   a4, s0
core   0: 3 0x800024d8 (0x8f61) x14 0x00000000
core   0: 0x800024da (0x0000660d) c.lui   a2, 0x3
core   0: 3 0x800024da (0x660d) x12 0x00003000
core   0: 0x800024dc (0x0237ca33) div     s4, a5, gp
core   0: 3 0x800024dc (0x0237ca33) x20 0x00000000
core   0: 0x800024e0 (0x02ccf533) remu    a0, s9, a2
core   0: 3 0x800024e0 (0x02ccf533) x10 0x00000330
core   0: 0x800024e4 (0x1a652c93) slti    s9, a0, 422
core   0: 3 0x800024e4 (0x1a652c93) x25 0x00000000
core   0: 0x800024e8 (0x00006f31) c.lui   t5, 0xc
core   0: 3 0x800024e8 (0x6f31) x30 0x0000c000
core   0: 0x800024ea (0x01d55093) srli    ra, a0, 29
core   0: 3 0x800024ea (0x01d55093) x 1 0x00000000
core   0: 0x800024ee (0x01598eb3) add     t4, s3, s5
core   0: 3 0x800024ee (0x01598eb3) x29 0x80029cff
core   0: 0x800024f2 (0x0000cb91) c.beqz  a5, pc + 20
core   0: 3 0x800024f2 (0xcb91)
core   0: 0x80002506 (0x48c08293) addi    t0, ra, 1164
core   0: 3 0x80002506 (0x48c08293) x 5 0x0000048c
core   0: 0x8000250a (0x00b37933) and     s2, t1, a1
core   0: 3 0x8000250a (0x00b37933) x18 0x01810001
core   0: 0x8000250e (0x000087da) c.mv    a5, s6
core   0: 3 0x8000250e (0x87da) x15 0x2d95c631
core   0: 0x80002510 (0x0ff0000f) fence   iorw,iorw
core   0: 3 0x80002510 (0x0ff0000f)
core   0: 0x80002514 (0x00008c89) c.sub   s1, a0
core   0: 3 0x80002514 (0x8c89) x 9 0xfffffcd0
core   0: 0x80002516 (0x029cd333) divu    t1, s9, s1
core   0: 3 0x80002516 (0x029cd333) x 6 0x00000000
core   0: 0x8000251a (0x25d0f193) andi    gp, ra, 605
core   0: 3 0x8000251a (0x25d0f193) x 3 0x00000000
core   0: 0x8000251e (0x00006161) c.addi16sp sp, 80
core   0: 3 0x8000251e (0x6161) x 2 0x00040064
core   0: 0x80002520 (0x01fde733) or      a4, s11, t6
core   0: 3 0x80002520 (0x01fde733) x14 0x00015fd6
core   0: 0x80002524 (0x0000100f) fence.i
core   0: 3 0x80002524 (0x0000100f)
core   0: 0x80002528 (0x03e1d4b3) divu    s1, gp, t5
core   0: 3 0x80002528 (0x03e1d4b3) x 9 0x00000000
core   0: 0x8000252c (0x75152e13) slti    t3, a0, 1873
core   0: 3 0x8000252c (0x75152e13) x28 0x00000001
core   0: 0x80002530 (0x0000842a) c.mv    s0, a0
core   0: 3 0x80002530 (0x842a) x 8 0x00000330
core   0: 0x80002532 (0x00008359) c.srli  a4, 22
core   0: 3 0x80002532 (0x8359) x14 0x00000000
core   0: 0x80002534 (0x00008f8d) c.sub   a5, a1
core   0: 3 0x80002534 (0x8f8d) x15 0x2bee952e
core   0: 0x80002536 (0xbeb74813) xori    a6, a4, -1045
core   0: 3 0x80002536 (0xbeb74813) x16 0xfffffbeb
core   0: 0x8000253a (0x013b6633) or      a2, s6, s3
core   0: 3 0x8000253a (0x013b6633) x12 0x2d95c63b
core   0: 0x8000253e (0x56cc2e93) slti    t4, s8, 1388
core   0: 3 0x8000253e (0x56cc2e93) x29 0x00000001
core   0: 0x80002542 (0x000080dd) c.srli  s1, 23
core   0: 3 0x80002542 (0x80dd) x 9 0x00000000
core   0: 0x80002544 (0x0000eb85) c.bnez  a5, pc + 48
core   0: 3 0x80002544 (0xeb85)
core   0: 0x80002574 (0x00008bdd) c.andi  a5, 23
core   0: 3 0x80002574 (0x8bdd) x15 0x00000006
core   0: 0x80002576 (0x014382b3) add     t0, t2, s4
core   0: 3 0x80002576 (0x014382b3) x 5 0x80025e64
core   0: 0x8000257a (0x02d7a2b3) mulhsu  t0, a5, a3
core   0: 3 0x8000257a (0x02d7a2b3) x 5 0x00000001
core   0: 0x8000257e (0x0322c1b3) div     gp, t0, s2
core   0: 3 0x8000257e (0x0322c1b3) x 3 0x00000000
core   0: 0x80002582 (0x036099b3) mulh    s3, ra, s6
core   0: 3 0x80002582 (0x036099b3) x19 0x00000000
core   0: 0x80002586 (0x00004315) c.li    t1, 5
core   0: 3 0x80002586 (0x4315) x 6 0x00000005
core   0: 0x80002588 (0x00001efd) c.addi  t4, -1
core   0: 3 0x80002588 (0x1efd) x29 0x00000000
core   0: 0x8000258a (0x0307c1b3) div     gp, a5, a6
core   0: 3 0x8000258a (0x0307c1b3) x 3 0x00000000
core   0: 0x8000258e (0x00008cdd) c.or    s1, a5
core   0: 3 0x8000258e (0x8cdd) x 9 0x00000006
core   0: 0x80002590 (0x05c59263) bne     a1, t3, pc + 68
core   0: 3 0x80002590 (0x05c59263)
core   0: 0x800025d4 (0x00ec9c13) slli    s8, s9, 14
core   0: 3 0x800025d4 (0x00ec9c13) x24 0x00000000
core   0: 0x800025d8 (0x00281eb3) sll     t4, a6, sp
core   0: 3 0x800025d8 (0x00281eb3) x29 0xffffbeb0
core   0: 0x800025dc (0x000017fd) c.addi  a5, -1
core   0: 3 0x800025dc (0x17fd) x15 0x00000005
core   0: 0x800025de (0x03a7fc63) bgeu    a5, s10, pc + 56
core   0: 3 0x800025de (0x03a7fc63)
core   0: 0x80002616 (0xe629af37) lui     t5, 0xe629a
core   0: 3 0x80002616 (0xe629af37) x30 0xe629a000
core   0: 0x8000261a (0x36514497) auipc   s1, 0x36514
core   0: 3 0x8000261a (0x36514497) x 9 0xb651661a
core   0: 0x8000261e (0x00008d71) c.and   a0, a2
core   0: 3 0x8000261e (0x8d71) x10 0x00000230
core   0: 0x80002620 (0xb1d77793) andi    a5, a4, -1251
core   0: 3 0x80002620 (0xb1d77793) x15 0x00000000
core   0: 0x80002624 (0x00008e39) c.xor   a2, a4
core   0: 3 0x80002624 (0x8e39) x12 0x2d95c63b
core   0: 0x80002626 (0xbf18a017) auipc   zero, 0xbf18a
core   0: 3 0x80002626 (0xbf18a017)
core   0: 0x8000262a (0x02baf763) bgeu    s5, a1, pc + 46
core   0: 3 0x8000262a (0x02baf763)
core   0: 0x80002658 (0x00008c09) c.sub   s0, a0
core   0: 3 0x80002658 (0x8c09) x 8 0x00000100
core   0: 0x8000265a (0x0000e50d) c.bnez  a0, pc + 42
core   0: 3 0x8000265a (0xe50d)
core   0: 0x80002684 (0x000084d9) c.srai  s1, 22
core   0: 3 0x80002684 (0x84d9) x 9 0xfffffed9
core   0: 0x80002686 (0x01ddc633) xor     a2, s11, t4
core   0: 3 0x80002686 (0x01ddc633) x12 0xffffbef0
core   0: 0x8000268a (0x40d1d933) sra     s2, gp, a3
core   0: 3 0x8000268a (0x40d1d933) x18 0x00000000
core   0: 0x8000268e (0x03ce3533) mulhu   a0, t3, t3
core   0: 3 0x8000268e (0x03ce3533) x10 0x00000000
core   0: 0x80002692 (0x0259ddb3) divu    s11, s3, t0
core   0: 3 0x80002692 (0x0259ddb3) x27 0x00000000
core   0: 0x80002696 (0x02458b33) mul     s6, a1, tp
core   0: 3 0x80002696 (0x02458b33) x22 0xf7cb4000
core   0: 0x8000269a (0x01de4b63) blt     t3, t4, pc + 22
core   0: 3 0x8000269a (0x01de4b63)
core   0: 0x8000269e (0x405551b3) sra     gp, a0, t0
core   0: 3 0x8000269e (0x405551b3) x 3 0x00000000
core   0: 0x800026a2 (0x0130ef33) or      t5, ra, s3
core   0: 3 0x800026a2 (0x0130ef33) x30 0x00000000
core   0: 0x800026a6 (0x00b7af33) slt     t5, a5, a1
core   0: 3 0x800026a6 (0x00b7af33) x30 0x00000001
core   0: 0x800026aa (0x00008c6d) c.and   s0, a1
core   0: 3 0x800026aa (0x8c6d) x 8 0x00000100
core   0: 0x800026ac (0x000098fd) c.andi  s1, -1
core   0: 3 0x800026ac (0x98fd) x 9 0xfffffed9
core   0: 0x800026ae (0x00008335) c.srli  a4, 13
core   0: 3 0x800026ae (0x8335) x14 0x00000000
core   0: 0x800026b0 (0x20bca017) auipc   zero, 0x20bca
core   0: 3 0x800026b0 (0x20bca017)
core   0: 0x800026b4 (0x2a7bc793) xori    a5, s7, 679
core   0: 3 0x800026b4 (0x2a7bc793) x15 0xae1539fb
core   0: 0x800026b8 (0x01daed63) bltu    s5, t4, pc + 26
core   0: 3 0x800026b8 (0x01daed63)
core   0: 0x800026d2 (0x00006ead) c.lui   t4, 0xb
core   0: 3 0x800026d2 (0x6ead) x29 0x0000b000
core   0: 0x800026d4 (0x00006335) c.lui   t1, 0xd
core   0: 3 0x800026d4 (0x6335) x 6 0x0000d000
core   0: 0x800026d6 (0x0000e197) auipc   gp, 0xe
core   0: 3 0x800026d6 (0x0000e197) x 3 0x800106d6
core   0: 0x800026da (0x16218193) addi    gp, gp, 354
core   0: 3 0x800026da (0x16218193) x 3 0x80010838
core   0: 0x800026de (0x0001e797) auipc   a5, 0x1e
core   0: 3 0x800026de (0x0001e797) x15 0x800206de
core   0: 0x800026e2 (0x9e678793) addi    a5, a5, -1562
core   0: 3 0x800026e2 (0x9e678793) x15 0x800200c4
core   0: 0x800026e6 (0x00f7cc83) lbu     s9, 15(a5)
core   0: 3 0x800026e6 (0x00f7cc83) x25 0x00000000 mem 0x800200d3
core   0: 0x800026ea (0xfe478a23) sb      tp, -12(a5)
core   0: 3 0x800026ea (0xfe478a23) mem 0x800200b8 0x0
core   0: 0x800026ee (0xfff1c283) lbu     t0, -1(gp)
core   0: 3 0x800026ee (0xfff1c283) x 5 0x00000000 mem 0x80010837
core   0: 0x800026f2 (0x0007ae83) lw      t4, 0(a5)
core   0: 3 0x800026f2 (0x0007ae83) x29 0x00000000 mem 0x800200c4
core   0: 0x800026f6 (0xff47a803) lw      a6, -12(a5)
core   0: 3 0x800026f6 (0xff47a803) x16 0x00000000 mem 0x800200b8
core   0: 0x800026fa (0x0001df03) lhu     t5, 0(gp)
core   0: 3 0x800026fa (0x0001df03) x30 0x00000000 mem 0x80010838
core   0: 0x800026fe (0x0077cf83) lbu     t6, 7(a5)
core   0: 3 0x800026fe (0x0077cf83) x31 0x00000000 mem 0x800200cb
core   0: 0x80002702 (0x00219103) lh      sp, 2(gp)
core   0: 3 0x80002702 (0x00219103) x 2 0x00000f6b mem 0x8001083a
core   0: 0x80002706 (0xff879d23) sh      s8, -6(a5)
core   0: 3 0x80002706 (0xff879d23) mem 0x800200be 0x0000
core   0: 0x8000270a (0xff679b23) sh      s6, -10(a5)
core   0: 3 0x8000270a (0xff679b23) mem 0x800200ba 0x4000
core   0: 0x8000270e (0x00004794) c.lw    a3, 8(a5)
core   0: 3 0x8000270e (0x4794) x13 0x00000000 mem 0x800200cc
core   0: 0x80002710 (0x00018283) lb      t0, 0(gp)
core   0: 3 0x80002710 (0x00018283) x 5 0x00000000 mem 0x80010838
core   0: 0x80002714 (0x01019223) sh      a6, 4(gp)
core   0: 3 0x80002714 (0x01019223) mem 0x8001083c 0x0000
core   0: 0x80002718 (0x00778683) lb      a3, 7(a5)
core   0: 3 0x80002718 (0x00778683) x13 0x00000000 mem 0x800200cb
core   0: 0x8000271c (0xfe379c23) sh      gp, -8(a5)
core   0: 3 0x8000271c (0xfe379c23) mem 0x800200bc 0x0838
core   0: 0x80002720 (0x000091d2) c.add   gp, s4
core   0: 3 0x80002720 (0x91d2) x 3 0x80010838
core   0: 0x80002722 (0x00a6b6b3) sltu    a3, a3, a0
core   0: 3 0x80002722 (0x00a6b6b3) x13 0x00000000
core   0: 0x80002726 (0x03c8feb3) remu    t4, a7, t3
core   0: 3 0x80002726 (0x03c8feb3) x29 0x00000000
core   0: 0x8000272a (0x00000001) c.nop
core   0: 3 0x8000272a (0x0001)
core   0: 0x8000272c (0x0018c833) xor     a6, a7, ra
core   0: 3 0x8000272c (0x0018c833) x16 0xffffffff
core   0: 0x80002730 (0x00008ff9) c.and   a5, a4
core   0: 3 0x80002730 (0x8ff9) x15 0x00000000
core   0: 0x80002732 (0x0060d033) srl     zero, ra, t1
core   0: 3 0x80002732 (0x0060d033)
core   0: 0x80002736 (0x00000001) c.nop
core   0: 3 0x80002736 (0x0001)
core   0: 0x80002738 (0x00001efd) c.addi  t4, -1
core   0: 3 0x80002738 (0x1efd) x29 0xffffffff
core   0: 0x8000273a (0x41340db3) sub     s11, s0, s3
core   0: 3 0x8000273a (0x41340db3) x27 0x00000100
core   0: 0x8000273e (0x0240026f) jal     tp, pc + 0x24
core   0: 3 0x8000273e (0x0240026f) x 4 0x80002742
core   0: 0x80002762 (0xff9ff36f) jal     t1, pc - 0x8
core   0: 3 0x80002762 (0xff9ff36f) x 6 0x80002766
core   0: 0x8000275a (0xfffff36f) jal     t1, pc - 0x2
core   0: 3 0x8000275a (0xfffff36f) x 6 0x8000275e
core   0: 0x80002758 (0x00003fdd) c.jal   pc - 10
core   0: 3 0x80002758 (0x3fdd) x 1 0x8000275a
core   0: 0x8000274e (0x012000ef) jal     pc + 0x12
core   0: 3 0x8000274e (0x012000ef) x 1 0x80002752
core   0: 0x80002760 (0x0000bfcd) c.j     pc - 14
core   0: 3 0x80002760 (0xbfcd)
core   0: 0x80002752 (0x00003fcd) c.jal   pc - 14
core   0: 3 0x80002752 (0x3fcd) x 1 0x80002754
core   0: 0x80002744 (0x0000a801) c.j     pc + 16
core   0: 3 0x80002744 (0xa801)
core   0: 0x80002754 (0xff7ff0ef) jal     pc - 0xa
core   0: 3 0x80002754 (0xff7ff0ef) x 1 0x80002758
core   0: 0x8000274a (0xff9ff36f) jal     t1, pc - 0x8
core   0: 3 0x8000274a (0xff9ff36f) x 6 0x8000274e
core   0: 0x80002742 (0x00002011) c.jal   pc + 4
core   0: 3 0x80002742 (0x2011) x 1 0x80002744
core   0: 0x80002746 (0x018000ef) jal     pc + 0x18
core   0: 3 0x80002746 (0x018000ef) x 1 0x8000274a
core   0: 0x8000275e (0x00002021) c.jal   pc + 8
core   0: 3 0x8000275e (0x2021) x 1 0x80002760
core   0: 0x80002766 (0xde760313) addi    t1, a2, -537
core   0: 3 0x80002766 (0xde760313) x 6 0xffffbcd7
core   0: 0x8000276a (0x04966b93) ori     s7, a2, 73
core   0: 3 0x8000276a (0x04966b93) x23 0xffffbef9
core   0: 0x8000276e (0x03820733) mul     a4, tp, s8
core   0: 3 0x8000276e (0x03820733) x14 0x00000000
core   0: 0x80002772 (0x00008111) c.srli  a0, 4
core   0: 3 0x80002772 (0x8111) x10 0x00000000
core   0: 0x80002774 (0x0000e8a5) c.bnez  s1, pc + 112
core   0: 3 0x80002774 (0xe8a5)
core   0: 0x800027e4 (0x000082f9) c.srli  a3, 30
core   0: 3 0x800027e4 (0x82f9) x13 0x00000000
core   0: 0x800027e6 (0x00008222) c.mv    tp, s0
core   0: 3 0x800027e6 (0x8222) x 4 0x00000100
core   0: 0x800027e8 (0x41010db3) sub     s11, sp, a6
core   0: 3 0x800027e8 (0x41010db3) x27 0x00000f6c
core   0: 0x800027ec (0x40d8d533) sra     a0, a7, a3
core   0: 3 0x800027ec (0x40d8d533) x10 0xffffffff
core   0: 0x800027f0 (0x020052b3) divu    t0, zero, zero
core   0: 3 0x800027f0 (0x020052b3) x 5 0xffffffff
core   0: 0x800027f4 (0x0077d193) srli    gp, a5, 7
core   0: 3 0x800027f4 (0x0077d193) x 3 0x00000000
core   0: 0x800027f8 (0x00000001) c.nop
core   0: 3 0x800027f8 (0x0001)
core   0: 0x800027fa (0x4020d313) srai    t1, ra, 2
core   0: 3 0x800027fa (0x4020d313) x 6 0xe00009d8
core   0: 0x800027fe (0x012761b3) or      gp, a4, s2
core   0: 3 0x800027fe (0x012761b3) x 3 0x00000000
core   0: 0x80002802 (0x002c3733) sltu    a4, s8, sp
core   0: 3 0x80002802 (0x002c3733) x14 0x00000001
core   0: 0x80002806 (0x035ec963) blt     t4, s5, pc + 50
core   0: 3 0x80002806 (0x035ec963)
core   0: 0x8000280a (0x0000100f) fence.i
core   0: 3 0x8000280a (0x0000100f)
core   0: 0x8000280e (0x01b37533) and     a0, t1, s11
core   0: 3 0x8000280e (0x01b37533) x10 0x00000948
core   0: 0x80002812 (0x00008bd9) c.andi  a5, 22
core   0: 3 0x80002812 (0x8bd9) x15 0x00000000
core   0: 0x80002814 (0x000050fd) c.li    ra, -1
core   0: 3 0x80002814 (0x50fd) x 1 0xffffffff
core   0: 0x80002816 (0x00ec8eb3) add     t4, s9, a4
core   0: 3 0x80002816 (0x00ec8eb3) x29 0x00000001
core   0: 0x8000281a (0x00c1c6b3) xor     a3, gp, a2
core   0: 3 0x8000281a (0x00c1c6b3) x13 0xffffbef0
core   0: 0x8000281e (0x0000865a) c.mv    a2, s6
core   0: 3 0x8000281e (0x865a) x12 0xf7cb4000
core   0: 0x80002820 (0x00d54eb3) xor     t4, a0, a3
core   0: 3 0x80002820 (0x00d54eb3) x29 0xffffb7b8
core   0: 0x80002824 (0x00001b7d) c.addi  s6, -1
core   0: 3 0x80002824 (0x1b7d) x22 0xf7cb3fff
core   0: 0x80002826 (0x030aceb3) div     t4, s5, a6
core   0: 3 0x80002826 (0x030aceb3) x29 0x7ffd631c
core   0: 0x8000282a (0x00000205) c.addi  tp, 1
core   0: 3 0x8000282a (0x0205) x 4 0x00000101
core   0: 0x8000282c (0x02acefb3) rem     t6, s9, a0
core   0: 3 0x8000282c (0x02acefb3) x31 0x00000000
core   0: 0x80002830 (0xa8e8f913) andi    s2, a7, -1394
core   0: 3 0x80002830 (0xa8e8f913) x18 0xfffffa8e
core   0: 0x80002834 (0x00008d75) c.and   a0, a3
core   0: 3 0x80002834 (0x8d75) x10 0x00000840
core   0: 0x80002836 (0x00008d25) c.xor   a0, s1
core   0: 3 0x80002836 (0x8d25) x10 0xfffff699
core   0: 0x80002838 (0x0000717d) c.addi16sp sp, -16
core   0: 3 0x80002838 (0x717d) x 2 0x00000f5b
core   0: 0x8000283a (0x0000840e) c.mv    s0, gp
core   0: 3 0x8000283a (0x840e) x 8 0x00000000
core   0: 0x8000283c (0xf17cc293) xori    t0, s9, -233
core   0: 3 0x8000283c (0xf17cc293) x 5 0xffffff17
core   0: 0x80002840 (0x02ce4d33) div     s10, t3, a2
core   0: 3 0x80002840 (0x02ce4d33) x26 0x00000000
core   0: 0x80002844 (0x00008011) c.srli  s0, 4
core   0: 3 0x80002844 (0x8011) x 8 0x00000000
core   0: 0x80002846 (0x00006717) auipc   a4, 0x6
core   0: 3 0x80002846 (0x00006717) x14 0x80008846
core   0: 0x8000284a (0x59670713) addi    a4, a4, 1430
core   0: 3 0x8000284a (0x59670713) x14 0x80008ddc
core   0: 0x8000284e (0xf059f193) andi    gp, s3, -251
core   0: 3 0x8000284e (0xf059f193) x 3 0x00000000
core   0: 0x80002852 (0x00f79033) sll     zero, a5, a5
core   0: 3 0x80002852 (0x00f79033)
core   0: 0x80002856 (0x00008d2d) c.xor   a0, a1
core   0: 3 0x80002856 (0x8d2d) x10 0xfe58c79a
core   0: 0x80002858 (0x00a17db3) and     s11, sp, a0
core   0: 3 0x80002858 (0x00a17db3) x27 0x0000071a
core   0: 0x8000285c (0x00009f5e) c.add   t5, s7
core   0: 3 0x8000285c (0x9f5e) x30 0xffffbef9
core   0: 0x8000285e (0x00008cc9) c.or    s1, a0
core   0: 3 0x8000285e (0x8cc9) x 9 0xffffffdb
core   0: 0x80002860 (0x00006555) c.lui   a0, 0x15
core   0: 3 0x80002860 (0x6555) x10 0x00015000
core   0: 0x80002862 (0xe3f70713) addi    a4, a4, -449
core   0: 3 0x80002862 (0xe3f70713) x14 0x80008c1b
core   0: 0x80002866 (0x00008d09) c.sub   a0, a0
core   0: 3 0x80002866 (0x8d09) x10 0x00000000
core   0: 0x80002868 (0x006b6e33) or      t3, s6, t1
core   0: 3 0x80002868 (0x006b6e33) x28 0xf7cb3fff
core   0: 0x8000286c (0x001c0233) add     tp, s8, ra
core   0: 3 0x8000286c (0x001c0233) x 4 0xffffffff
core   0: 0x80002870 (0x1c270267) jalr    tp, a4, 450
core   0: 3 0x80002870 (0x1c270267) x 4 0x80002874
core   0: 0x80008ddc (0x000013e1) c.addi  t2, -8
core   0: 3 0x80008ddc (0x13e1) x 7 0x80025e5c
core   0: 0x80008dde (0x00000308) c.addi4spn a0, sp, 384
core   0: 3 0x80008dde (0x0308) x10 0x000010db
core   0: 0x80008de0 (0x0000717d) c.addi16sp sp, -16
core   0: 3 0x80008de0 (0x717d) x 2 0x00000f4b
core   0: 0x80008de2 (0x0043a223) sw      tp, 4(t2)
core   0: 3 0x80008de2 (0x0043a223) mem 0x80025e60 0x80002874
core   0: 0x80008de6 (0x016f3a33) sltu    s4, t5, s6
core   0: 3 0x80008de6 (0x016f3a33) x20 0x00000000
core   0: 0x80008dea (0x00005b7d) c.li    s6, -1
core   0: 3 0x80008dea (0x5b7d) x22 0xffffffff
core   0: 0x80008dec (0x02598bb3) mul     s7, s3, t0
core   0: 3 0x80008dec (0x02598bb3) x23 0x00000000
core   0: 0x80008df0 (0xffe00693) li      a3, -2
core   0: 3 0x80008df0 (0xffe00693) x13 0xfffffffe
core   0: 0x80008df4 (0x023ffcb3) remu    s9, t6, gp
core   0: 3 0x80008df4 (0x023ffcb3) x25 0x00000000
core   0: 0x80008df8 (0xff200493) li      s1, -14
core   0: 3 0x80008df8 (0xff200493) x 9 0xfffffff2
core   0: 0x80008dfc (0x0313f233) remu    tp, t2, a7
core   0: 3 0x80008dfc (0x0313f233) x 4 0x80025e5c
core   0: 0x80008e00 (0x2a5a0813) addi    a6, s4, 677
core   0: 3 0x80008e00 (0x2a5a0813) x16 0x000002a5
core   0: 0x80008e04 (0x01cd22b3) slt     t0, s10, t3
core   0: 3 0x80008e04 (0x01cd22b3) x 5 0x00000000
core   0: 0x80008e08 (0x00008d6d) c.and   a0, a1
core   0: 3 0x80008e08 (0x8d6d) x10 0x00001003
core   0: 0x80008e0a (0x02985333) divu    t1, a6, s1
core   0: 3 0x80008e0a (0x02985333) x 6 0x00000000
core   0: 0x80008e0e (0x00008d5d) c.or    a0, a5
core   0: 3 0x80008e0e (0x8d5d) x10 0x00001003
core   0: 0x80008e10 (0x03d1aa33) mulhsu  s4, gp, t4
core   0: 3 0x80008e10 (0x03d1aa33) x20 0x00000000
core   0: 0x80008e14 (0x000016f9) c.addi  a3, -2
core   0: 3 0x80008e14 (0x16f9) x13 0xfffffffc
core   0: 0x80008e16 (0x00008fc9) c.or    a5, a0
core   0: 3 0x80008e16 (0x8fc9) x15 0x00001003
core   0: 0x80008e18 (0xffb00713) li      a4, -5
core   0: 3 0x80008e18 (0xffb00713) x14 0xfffffffb
core   0: 0x80008e1c (0x01eaf833) and     a6, s5, t5
core   0: 3 0x80008e1c (0x01eaf833) x16 0x80029ce0
core   0: 0x80008e20 (0x00000001) c.nop
core   0: 3 0x80008e20 (0x0001)
core   0: 0x80008e22 (0xb7186b13) ori     s6, a6, -1167
core   0: 3 0x80008e22 (0xb7186b13) x22 0xfffffff1
core   0: 0x80008e26 (0x00008d09) c.sub   a0, a0
core   0: 3 0x80008e26 (0x8d09) x10 0x00000000
core   0: 0x80008e28 (0x000057fd) c.li    a5, -1
core   0: 3 0x80008e28 (0x57fd) x15 0xffffffff
core   0: 0x80008e2a (0x0ff0000f) fence   iorw,iorw
core   0: 3 0x80008e2a (0x0ff0000f)
core   0: 0x80008e2e (0x03d070b3) remu    ra, zero, t4
core   0: 3 0x80008e2e (0x03d070b3) x 1 0x00000000
core   0: 0x80008e32 (0xb1207313) andi    t1, zero, -1262
core   0: 3 0x80008e32 (0xb1207313) x 6 0x00000000
core   0: 0x80008e36 (0x00000715) c.addi  a4, 5
core   0: 3 0x80008e36 (0x0715) x14 0x00000000
core   0: 0x80008e38 (0x0287c1b3) div     gp, a5, s0
core   0: 3 0x80008e38 (0x0287c1b3) x 3 0xffffffff
core   0: 0x80008e3c (0x01da77b3) and     a5, s4, t4
core   0: 3 0x80008e3c (0x01da77b3) x15 0x00000000
core   0: 0x80008e40 (0x026e5833) divu    a6, t3, t1
core   0: 3 0x80008e40 (0x026e5833) x16 0xffffffff
core   0: 0x80008e44 (0x0000d76d) c.beqz  a4, pc - 22
core   0: 3 0x80008e44 (0xd76d)
core   0: 0x80008e2e (0x03d070b3) remu    ra, zero, t4
core   0: 3 0x80008e2e (0x03d070b3) x 1 0x00000000
core   0: 0x80008e32 (0xb1207313) andi    t1, zero, -1262
core   0: 3 0x80008e32 (0xb1207313) x 6 0x00000000
core   0: 0x80008e36 (0x00000715) c.addi  a4, 5
core   0: 3 0x80008e36 (0x0715) x14 0x00000005
core   0: 0x80008e38 (0x0287c1b3) div     gp, a5, s0
core   0: 3 0x80008e38 (0x0287c1b3) x 3 0xffffffff
core   0: 0x80008e3c (0x01da77b3) and     a5, s4, t4
core   0: 3 0x80008e3c (0x01da77b3) x15 0x00000000
core   0: 0x80008e40 (0x026e5833) divu    a6, t3, t1
core   0: 3 0x80008e40 (0x026e5833) x16 0xffffffff
core   0: 0x80008e44 (0x0000d76d) c.beqz  a4, pc - 22
core   0: 3 0x80008e44 (0xd76d)
core   0: 0x80008e46 (0xdf82e513) ori     a0, t0, -520
core   0: 3 0x80008e46 (0xdf82e513) x10 0xfffffdf8
core   0: 0x80008e4a (0x00391d93) slli    s11, s2, 3
core   0: 3 0x80008e4a (0x00391d93) x27 0xffffd470
core   0: 0x80008e4e (0xfa969be3) bne     a3, s1, pc - 74
core   0: 3 0x80008e4e (0xfa969be3)
core   0: 0x80008e04 (0x01cd22b3) slt     t0, s10, t3
core   0: 3 0x80008e04 (0x01cd22b3) x 5 0x00000000
core   0: 0x80008e08 (0x00008d6d) c.and   a0, a1
core   0: 3 0x80008e08 (0x8d6d) x10 0x01a73100
core   0: 0x80008e0a (0x02985333) divu    t1, a6, s1
core   0: 3 0x80008e0a (0x02985333) x 6 0x00000001
core   0: 0x80008e0e (0x00008d5d) c.or    a0, a5
core   0: 3 0x80008e0e (0x8d5d) x10 0x01a73100
core   0: 0x80008e10 (0x03d1aa33) mulhsu  s4, gp, t4
core   0: 3 0x80008e10 (0x03d1aa33) x20 0xffffffff
core   0: 0x80008e14 (0x000016f9) c.addi  a3, -2
core   0: 3 0x80008e14 (0x16f9) x13 0xfffffffa
core   0: 0x80008e16 (0x00008fc9) c.or    a5, a0
core   0: 3 0x80008e16 (0x8fc9) x15 0x01a73100
core   0: 0x80008e18 (0xffb00713) li      a4, -5
core   0: 3 0x80008e18 (0xffb00713) x14 0xfffffffb
core   0: 0x80008e1c (0x01eaf833) and     a6, s5, t5
core   0: 3 0x80008e1c (0x01eaf833) x16 0x80029ce0
core   0: 0x80008e20 (0x00000001) c.nop
core   0: 3 0x80008e20 (0x0001)
core   0: 0x80008e22 (0xb7186b13) ori     s6, a6, -1167
core   0: 3 0x80008e22 (0xb7186b13) x22 0xfffffff1
core   0: 0x80008e26 (0x00008d09) c.sub   a0, a0
core   0: 3 0x80008e26 (0x8d09) x10 0x00000000
core   0: 0x80008e28 (0x000057fd) c.li    a5, -1
core   0: 3 0x80008e28 (0x57fd) x15 0xffffffff
core   0: 0x80008e2a (0x0ff0000f) fence   iorw,iorw
core   0: 3 0x80008e2a (0x0ff0000f)
core   0: 0x80008e2e (0x03d070b3) remu    ra, zero, t4
core   0: 3 0x80008e2e (0x03d070b3) x 1 0x00000000
core   0: 0x80008e32 (0xb1207313) andi    t1, zero, -1262
core   0: 3 0x80008e32 (0xb1207313) x 6 0x00000000
core   0: 0x80008e36 (0x00000715) c.addi  a4, 5
core   0: 3 0x80008e36 (0x0715) x14 0x00000000
core   0: 0x80008e38 (0x0287c1b3) div     gp, a5, s0
core   0: 3 0x80008e38 (0x0287c1b3) x 3 0xffffffff
core   0: 0x80008e3c (0x01da77b3) and     a5, s4, t4
core   0: 3 0x80008e3c (0x01da77b3) x15 0x7ffd631c
core   0: 0x80008e40 (0x026e5833) divu    a6, t3, t1
core   0: 3 0x80008e40 (0x026e5833) x16 0xffffffff
core   0: 0x80008e44 (0x0000d76d) c.beqz  a4, pc - 22
core   0: 3 0x80008e44 (0xd76d)
core   0: 0x80008e2e (0x03d070b3) remu    ra, zero, t4
core   0: 3 0x80008e2e (0x03d070b3) x 1 0x00000000
core   0: 0x80008e32 (0xb1207313) andi    t1, zero, -1262
core   0: 3 0x80008e32 (0xb1207313) x 6 0x00000000
core   0: 0x80008e36 (0x00000715) c.addi  a4, 5
core   0: 3 0x80008e36 (0x0715) x14 0x00000005
core   0: 0x80008e38 (0x0287c1b3) div     gp, a5, s0
core   0: 3 0x80008e38 (0x0287c1b3) x 3 0xffffffff
core   0: 0x80008e3c (0x01da77b3) and     a5, s4, t4
core   0: 3 0x80008e3c (0x01da77b3) x15 0x7ffd631c
core   0: 0x80008e40 (0x026e5833) divu    a6, t3, t1
core   0: 3 0x80008e40 (0x026e5833) x16 0xffffffff
core   0: 0x80008e44 (0x0000d76d) c.beqz  a4, pc - 22
core   0: 3 0x80008e44 (0xd76d)
core   0: 0x80008e46 (0xdf82e513) ori     a0, t0, -520
core   0: 3 0x80008e46 (0xdf82e513) x10 0xfffffdf8
core   0: 0x80008e4a (0x00391d93) slli    s11, s2, 3
core   0: 3 0x80008e4a (0x00391d93) x27 0xffffd470
core   0: 0x80008e4e (0xfa969be3) bne     a3, s1, pc - 74
core   0: 3 0x80008e4e (0xfa969be3)
core   0: 0x80008e04 (0x01cd22b3) slt     t0, s10, t3
core   0: 3 0x80008e04 (0x01cd22b3) x 5 0x00000000
core   0: 0x80008e08 (0x00008d6d) c.and   a0, a1
core   0: 3 0x80008e08 (0x8d6d) x10 0x01a73100
core   0: 0x80008e0a (0x02985333) divu    t1, a6, s1
core   0: 3 0x80008e0a (0x02985333) x 6 0x00000001
core   0: 0x80008e0e (0x00008d5d) c.or    a0, a5
core   0: 3 0x80008e0e (0x8d5d) x10 0x7fff731c
core   0: 0x80008e10 (0x03d1aa33) mulhsu  s4, gp, t4
core   0: 3 0x80008e10 (0x03d1aa33) x20 0xffffffff
core   0: 0x80008e14 (0x000016f9) c.addi  a3, -2
core   0: 3 0x80008e14 (0x16f9) x13 0xfffffff8
core   0: 0x80008e16 (0x00008fc9) c.or    a5, a0
core   0: 3 0x80008e16 (0x8fc9) x15 0x7fff731c
core   0: 0x80008e18 (0xffb00713) li      a4, -5
core   0: 3 0x80008e18 (0xffb00713) x14 0xfffffffb
core   0: 0x80008e1c (0x01eaf833) and     a6, s5, t5
core   0: 3 0x80008e1c (0x01eaf833) x16 0x80029ce0
core   0: 0x80008e20 (0x00000001) c.nop
core   0: 3 0x80008e20 (0x0001)
core   0: 0x80008e22 (0xb7186b13) ori     s6, a6, -1167
core   0: 3 0x80008e22 (0xb7186b13) x22 0xfffffff1
core   0: 0x80008e26 (0x00008d09) c.sub   a0, a0
core   0: 3 0x80008e26 (0x8d09) x10 0x00000000
core   0: 0x80008e28 (0x000057fd) c.li    a5, -1
core   0: 3 0x80008e28 (0x57fd) x15 0xffffffff
core   0: 0x80008e2a (0x0ff0000f) fence   iorw,iorw
core   0: 3 0x80008e2a (0x0ff0000f)
core   0: 0x80008e2e (0x03d070b3) remu    ra, zero, t4
core   0: 3 0x80008e2e (0x03d070b3) x 1 0x00000000
core   0: 0x80008e32 (0xb1207313) andi    t1, zero, -1262
core   0: 3 0x80008e32 (0xb1207313) x 6 0x00000000
core   0: 0x80008e36 (0x00000715) c.addi  a4, 5
core   0: 3 0x80008e36 (0x0715) x14 0x00000000
core   0: 0x80008e38 (0x0287c1b3) div     gp, a5, s0
core   0: 3 0x80008e38 (0x0287c1b3) x 3 0xffffffff
core   0: 0x80008e3c (0x01da77b3) and     a5, s4, t4
core   0: 3 0x80008e3c (0x01da77b3) x15 0x7ffd631c
core   0: 0x80008e40 (0x026e5833) divu    a6, t3, t1
core   0: 3 0x80008e40 (0x026e5833) x16 0xffffffff
core   0: 0x80008e44 (0x0000d76d) c.beqz  a4, pc - 22
core   0: 3 0x80008e44 (0xd76d)
core   0: 0x80008e2e (0x03d070b3) remu    ra, zero, t4
core   0: 3 0x80008e2e (0x03d070b3) x 1 0x00000000
core   0: 0x80008e32 (0xb1207313) andi    t1, zero, -1262
core   0: 3 0x80008e32 (0xb1207313) x 6 0x00000000
core   0: 0x80008e36 (0x00000715) c.addi  a4, 5
core   0: 3 0x80008e36 (0x0715) x14 0x00000005
core   0: 0x80008e38 (0x0287c1b3) div     gp, a5, s0
core   0: 3 0x80008e38 (0x0287c1b3) x 3 0xffffffff
core   0: 0x80008e3c (0x01da77b3) and     a5, s4, t4
core   0: 3 0x80008e3c (0x01da77b3) x15 0x7ffd631c
core   0: 0x80008e40 (0x026e5833) divu    a6, t3, t1
core   0: 3 0x80008e40 (0x026e5833) x16 0xffffffff
core   0: 0x80008e44 (0x0000d76d) c.beqz  a4, pc - 22
core   0: 3 0x80008e44 (0xd76d)
core   0: 0x80008e46 (0xdf82e513) ori     a0, t0, -520
core   0: 3 0x80008e46 (0xdf82e513) x10 0xfffffdf8
core   0: 0x80008e4a (0x00391d93) slli    s11, s2, 3
core   0: 3 0x80008e4a (0x00391d93) x27 0xffffd470
core   0: 0x80008e4e (0xfa969be3) bne     a3, s1, pc - 74
core   0: 3 0x80008e4e (0xfa969be3)
core   0: 0x80008e04 (0x01cd22b3) slt     t0, s10, t3
core   0: 3 0x80008e04 (0x01cd22b3) x 5 0x00000000
core   0: 0x80008e08 (0x00008d6d) c.and   a0, a1
core   0: 3 0x80008e08 (0x8d6d) x10 0x01a73100
core   0: 0x80008e0a (0x02985333) divu    t1, a6, s1
core   0: 3 0x80008e0a (0x02985333) x 6 0x00000001
core   0: 0x80008e0e (0x00008d5d) c.or    a0, a5
core   0: 3 0x80008e0e (0x8d5d) x10 0x7fff731c
core   0: 0x80008e10 (0x03d1aa33) mulhsu  s4, gp, t4
core   0: 3 0x80008e10 (0x03d1aa33) x20 0xffffffff
core   0: 0x80008e14 (0x000016f9) c.addi  a3, -2
core   0: 3 0x80008e14 (0x16f9) x13 0xfffffff6
core   0: 0x80008e16 (0x00008fc9) c.or    a5, a0
core   0: 3 0x80008e16 (0x8fc9) x15 0x7fff731c
core   0: 0x80008e18 (0xffb00713) li      a4, -5
core   0: 3 0x80008e18 (0xffb00713) x14 0xfffffffb
core   0: 0x80008e1c (0x01eaf833) and     a6, s5, t5
core   0: 3 0x80008e1c (0x01eaf833) x16 0x80029ce0
core   0: 0x80008e20 (0x00000001) c.nop
core   0: 3 0x80008e20 (0x0001)
core   0: 0x80008e22 (0xb7186b13) ori     s6, a6, -1167
core   0: 3 0x80008e22 (0xb7186b13) x22 0xfffffff1
core   0: 0x80008e26 (0x00008d09) c.sub   a0, a0
core   0: 3 0x80008e26 (0x8d09) x10 0x00000000
core   0: 0x80008e28 (0x000057fd) c.li    a5, -1
core   0: 3 0x80008e28 (0x57fd) x15 0xffffffff
core   0: 0x80008e2a (0x0ff0000f) fence   iorw,iorw
core   0: 3 0x80008e2a (0x0ff0000f)
core   0: 0x80008e2e (0x03d070b3) remu    ra, zero, t4
core   0: 3 0x80008e2e (0x03d070b3) x 1 0x00000000
core   0: 0x80008e32 (0xb1207313) andi    t1, zero, -1262
core   0: 3 0x80008e32 (0xb1207313) x 6 0x00000000
core   0: 0x80008e36 (0x00000715) c.addi  a4, 5
core   0: 3 0x80008e36 (0x0715) x14 0x00000000
core   0: 0x80008e38 (0x0287c1b3) div     gp, a5, s0
core   0: 3 0x80008e38 (0x0287c1b3) x 3 0xffffffff
core   0: 0x80008e3c (0x01da77b3) and     a5, s4, t4
core   0: 3 0x80008e3c (0x01da77b3) x15 0x7ffd631c
core   0: 0x80008e40 (0x026e5833) divu    a6, t3, t1
core   0: 3 0x80008e40 (0x026e5833) x16 0xffffffff
core   0: 0x80008e44 (0x0000d76d) c.beqz  a4, pc - 22
core   0: 3 0x80008e44 (0xd76d)
core   0: 0x80008e2e (0x03d070b3) remu    ra, zero, t4
core   0: 3 0x80008e2e (0x03d070b3) x 1 0x00000000
core   0: 0x80008e32 (0xb1207313) andi    t1, zero, -1262
core   0: 3 0x80008e32 (0xb1207313) x 6 0x00000000
core   0: 0x80008e36 (0x00000715) c.addi  a4, 5
core   0: 3 0x80008e36 (0x0715) x14 0x00000005
core   0: 0x80008e38 (0x0287c1b3) div     gp, a5, s0
core   0: 3 0x80008e38 (0x0287c1b3) x 3 0xffffffff
core   0: 0x80008e3c (0x01da77b3) and     a5, s4, t4
core   0: 3 0x80008e3c (0x01da77b3) x15 0x7ffd631c
core   0: 0x80008e40 (0x026e5833) divu    a6, t3, t1
core   0: 3 0x80008e40 (0x026e5833) x16 0xffffffff
core   0: 0x80008e44 (0x0000d76d) c.beqz  a4, pc - 22
core   0: 3 0x80008e44 (0xd76d)
core   0: 0x80008e46 (0xdf82e513) ori     a0, t0, -520
core   0: 3 0x80008e46 (0xdf82e513) x10 0xfffffdf8
core   0: 0x80008e4a (0x00391d93) slli    s11, s2, 3
core   0: 3 0x80008e4a (0x00391d93) x27 0xffffd470
core   0: 0x80008e4e (0xfa969be3) bne     a3, s1, pc - 74
core   0: 3 0x80008e4e (0xfa969be3)
core   0: 0x80008e04 (0x01cd22b3) slt     t0, s10, t3
core   0: 3 0x80008e04 (0x01cd22b3) x 5 0x00000000
core   0: 0x80008e08 (0x00008d6d) c.and   a0, a1
core   0: 3 0x80008e08 (0x8d6d) x10 0x01a73100
core   0: 0x80008e0a (0x02985333) divu    t1, a6, s1
core   0: 3 0x80008e0a (0x02985333) x 6 0x00000001
core   0: 0x80008e0e (0x00008d5d) c.or    a0, a5
core   0: 3 0x80008e0e (0x8d5d) x10 0x7fff731c
core   0: 0x80008e10 (0x03d1aa33) mulhsu  s4, gp, t4
core   0: 3 0x80008e10 (0x03d1aa33) x20 0xffffffff
core   0: 0x80008e14 (0x000016f9) c.addi  a3, -2
core   0: 3 0x80008e14 (0x16f9) x13 0xfffffff4
core   0: 0x80008e16 (0x00008fc9) c.or    a5, a0
core   0: 3 0x80008e16 (0x8fc9) x15 0x7fff731c
core   0: 0x80008e18 (0xffb00713) li      a4, -5
core   0: 3 0x80008e18 (0xffb00713) x14 0xfffffffb
core   0: 0x80008e1c (0x01eaf833) and     a6, s5, t5
core   0: 3 0x80008e1c (0x01eaf833) x16 0x80029ce0
core   0: 0x80008e20 (0x00000001) c.nop
core   0: 3 0x80008e20 (0x0001)
core   0: 0x80008e22 (0xb7186b13) ori     s6, a6, -1167
core   0: 3 0x80008e22 (0xb7186b13) x22 0xfffffff1
core   0: 0x80008e26 (0x00008d09) c.sub   a0, a0
core   0: 3 0x80008e26 (0x8d09) x10 0x00000000
core   0: 0x80008e28 (0x000057fd) c.li    a5, -1
core   0: 3 0x80008e28 (0x57fd) x15 0xffffffff
core   0: 0x80008e2a (0x0ff0000f) fence   iorw,iorw
core   0: 3 0x80008e2a (0x0ff0000f)
core   0: 0x80008e2e (0x03d070b3) remu    ra, zero, t4
core   0: 3 0x80008e2e (0x03d070b3) x 1 0x00000000
core   0: 0x80008e32 (0xb1207313) andi    t1, zero, -1262
core   0: 3 0x80008e32 (0xb1207313) x 6 0x00000000
core   0: 0x80008e36 (0x00000715) c.addi  a4, 5
core   0: 3 0x80008e36 (0x0715) x14 0x00000000
core   0: 0x80008e38 (0x0287c1b3) div     gp, a5, s0
core   0: 3 0x80008e38 (0x0287c1b3) x 3 0xffffffff
core   0: 0x80008e3c (0x01da77b3) and     a5, s4, t4
core   0: 3 0x80008e3c (0x01da77b3) x15 0x7ffd631c
core   0: 0x80008e40 (0x026e5833) divu    a6, t3, t1
core   0: 3 0x80008e40 (0x026e5833) x16 0xffffffff
core   0: 0x80008e44 (0x0000d76d) c.beqz  a4, pc - 22
core   0: 3 0x80008e44 (0xd76d)
core   0: 0x80008e2e (0x03d070b3) remu    ra, zero, t4
core   0: 3 0x80008e2e (0x03d070b3) x 1 0x00000000
core   0: 0x80008e32 (0xb1207313) andi    t1, zero, -1262
core   0: 3 0x80008e32 (0xb1207313) x 6 0x00000000
core   0: 0x80008e36 (0x00000715) c.addi  a4, 5
core   0: 3 0x80008e36 (0x0715) x14 0x00000005
core   0: 0x80008e38 (0x0287c1b3) div     gp, a5, s0
core   0: 3 0x80008e38 (0x0287c1b3) x 3 0xffffffff
core   0: 0x80008e3c (0x01da77b3) and     a5, s4, t4
core   0: 3 0x80008e3c (0x01da77b3) x15 0x7ffd631c
core   0: 0x80008e40 (0x026e5833) divu    a6, t3, t1
core   0: 3 0x80008e40 (0x026e5833) x16 0xffffffff
core   0: 0x80008e44 (0x0000d76d) c.beqz  a4, pc - 22
core   0: 3 0x80008e44 (0xd76d)
core   0: 0x80008e46 (0xdf82e513) ori     a0, t0, -520
core   0: 3 0x80008e46 (0xdf82e513) x10 0xfffffdf8
core   0: 0x80008e4a (0x00391d93) slli    s11, s2, 3
core   0: 3 0x80008e4a (0x00391d93) x27 0xffffd470
core   0: 0x80008e4e (0xfa969be3) bne     a3, s1, pc - 74
core   0: 3 0x80008e4e (0xfa969be3)
core   0: 0x80008e04 (0x01cd22b3) slt     t0, s10, t3
core   0: 3 0x80008e04 (0x01cd22b3) x 5 0x00000000
core   0: 0x80008e08 (0x00008d6d) c.and   a0, a1
core   0: 3 0x80008e08 (0x8d6d) x10 0x01a73100
core   0: 0x80008e0a (0x02985333) divu    t1, a6, s1
core   0: 3 0x80008e0a (0x02985333) x 6 0x00000001
core   0: 0x80008e0e (0x00008d5d) c.or    a0, a5
core   0: 3 0x80008e0e (0x8d5d) x10 0x7fff731c
core   0: 0x80008e10 (0x03d1aa33) mulhsu  s4, gp, t4
core   0: 3 0x80008e10 (0x03d1aa33) x20 0xffffffff
core   0: 0x80008e14 (0x000016f9) c.addi  a3, -2
core   0: 3 0x80008e14 (0x16f9) x13 0xfffffff2
core   0: 0x80008e16 (0x00008fc9) c.or    a5, a0
core   0: 3 0x80008e16 (0x8fc9) x15 0x7fff731c
core   0: 0x80008e18 (0xffb00713) li      a4, -5
core   0: 3 0x80008e18 (0xffb00713) x14 0xfffffffb
core   0: 0x80008e1c (0x01eaf833) and     a6, s5, t5
core   0: 3 0x80008e1c (0x01eaf833) x16 0x80029ce0
core   0: 0x80008e20 (0x00000001) c.nop
core   0: 3 0x80008e20 (0x0001)
core   0: 0x80008e22 (0xb7186b13) ori     s6, a6, -1167
core   0: 3 0x80008e22 (0xb7186b13) x22 0xfffffff1
core   0: 0x80008e26 (0x00008d09) c.sub   a0, a0
core   0: 3 0x80008e26 (0x8d09) x10 0x00000000
core   0: 0x80008e28 (0x000057fd) c.li    a5, -1
core   0: 3 0x80008e28 (0x57fd) x15 0xffffffff
core   0: 0x80008e2a (0x0ff0000f) fence   iorw,iorw
core   0: 3 0x80008e2a (0x0ff0000f)
core   0: 0x80008e2e (0x03d070b3) remu    ra, zero, t4
core   0: 3 0x80008e2e (0x03d070b3) x 1 0x00000000
core   0: 0x80008e32 (0xb1207313) andi    t1, zero, -1262
core   0: 3 0x80008e32 (0xb1207313) x 6 0x00000000
core   0: 0x80008e36 (0x00000715) c.addi  a4, 5
core   0: 3 0x80008e36 (0x0715) x14 0x00000000
core   0: 0x80008e38 (0x0287c1b3) div     gp, a5, s0
core   0: 3 0x80008e38 (0x0287c1b3) x 3 0xffffffff
core   0: 0x80008e3c (0x01da77b3) and     a5, s4, t4
core   0: 3 0x80008e3c (0x01da77b3) x15 0x7ffd631c
core   0: 0x80008e40 (0x026e5833) divu    a6, t3, t1
core   0: 3 0x80008e40 (0x026e5833) x16 0xffffffff
core   0: 0x80008e44 (0x0000d76d) c.beqz  a4, pc - 22
core   0: 3 0x80008e44 (0xd76d)
core   0: 0x80008e2e (0x03d070b3) remu    ra, zero, t4
core   0: 3 0x80008e2e (0x03d070b3) x 1 0x00000000
core   0: 0x80008e32 (0xb1207313) andi    t1, zero, -1262
core   0: 3 0x80008e32 (0xb1207313) x 6 0x00000000
core   0: 0x80008e36 (0x00000715) c.addi  a4, 5
core   0: 3 0x80008e36 (0x0715) x14 0x00000005
core   0: 0x80008e38 (0x0287c1b3) div     gp, a5, s0
core   0: 3 0x80008e38 (0x0287c1b3) x 3 0xffffffff
core   0: 0x80008e3c (0x01da77b3) and     a5, s4, t4
core   0: 3 0x80008e3c (0x01da77b3) x15 0x7ffd631c
core   0: 0x80008e40 (0x026e5833) divu    a6, t3, t1
core   0: 3 0x80008e40 (0x026e5833) x16 0xffffffff
core   0: 0x80008e44 (0x0000d76d) c.beqz  a4, pc - 22
core   0: 3 0x80008e44 (0xd76d)
core   0: 0x80008e46 (0xdf82e513) ori     a0, t0, -520
core   0: 3 0x80008e46 (0xdf82e513) x10 0xfffffdf8
core   0: 0x80008e4a (0x00391d93) slli    s11, s2, 3
core   0: 3 0x80008e4a (0x00391d93) x27 0xffffd470
core   0: 0x80008e4e (0xfa969be3) bne     a3, s1, pc - 74
core   0: 3 0x80008e4e (0xfa969be3)
core   0: 0x80008e52 (0x024f0833) mul     a6, t5, tp
core   0: 3 0x80008e52 (0x024f0833) x16 0xe5fa0f7c
core   0: 0x80008e56 (0x0220026f) jal     tp, pc + 0x22
core   0: 3 0x80008e56 (0x0220026f) x 4 0x80008e5a
core   0: 0x80008e78 (0x0000b7cd) c.j     pc - 30
core   0: 3 0x80008e78 (0xb7cd)
core   0: 0x80008e5a (0x00002819) c.jal   pc + 22
core   0: 3 0x80008e5a (0x2819) x 1 0x80008e5c
core   0: 0x80008e70 (0x00003ff5) c.jal   pc - 4
core   0: 3 0x80008e70 (0x3ff5) x 1 0x80008e72
core   0: 0x80008e6c (0x00003fc5) c.jal   pc - 16
core   0: 3 0x80008e6c (0x3fc5) x 1 0x80008e6e
core   0: 0x80008e5c (0x0040066f) jal     a2, pc + 0x4
core   0: 3 0x80008e5c (0x0040066f) x12 0x80008e60
core   0: 0x80008e60 (0x00002829) c.jal   pc + 26
core   0: 3 0x80008e60 (0x2829) x 1 0x80008e62
core   0: 0x80008e7a (0x0000bfd5) c.j     pc - 12
core   0: 3 0x80008e7a (0xbfd5)
core   0: 0x80008e6e (0x00002021) c.jal   pc + 8
core   0: 3 0x80008e6e (0x2021) x 1 0x80008e70
core   0: 0x80008e76 (0x0000b7f5) c.j     pc - 20
core   0: 3 0x80008e76 (0xb7f5)
core   0: 0x80008e62 (0x00002019) c.jal   pc + 6
core   0: 3 0x80008e62 (0x2019) x 1 0x80008e64
core   0: 0x80008e68 (0x0000a029) c.j     pc + 10
core   0: 3 0x80008e68 (0xa029)
core   0: 0x80008e72 (0x00a0036f) jal     t1, pc + 0xa
core   0: 3 0x80008e72 (0x00a0036f) x 6 0x80008e76
core   0: 0x80008e7c (0xfefff76f) jal     a4, pc - 0x12
core   0: 3 0x80008e7c (0xfefff76f) x14 0x80008e80
core   0: 0x80008e6a (0x0000bfed) c.j     pc - 6
core   0: 3 0x80008e6a (0xbfed)
core   0: 0x80008e64 (0x01c000ef) jal     pc + 0x1c
core   0: 3 0x80008e64 (0x01c000ef) x 1 0x80008e68
core   0: 0x80008e80 (0xb2aa3e93) sltiu   t4, s4, -1238
core   0: 3 0x80008e80 (0xb2aa3e93) x29 0x00000000
core   0: 0x80008e84 (0x0000f117) auipc   sp, 0xf
core   0: 3 0x80008e84 (0x0000f117) x 2 0x80017e84
core   0: 0x80008e88 (0xee610113) addi    sp, sp, -282
core   0: 3 0x80008e88 (0xee610113) x 2 0x80017d6a
core   0: 0x80008e8c (0x004d8533) add     a0, s11, tp
core   0: 3 0x80008e8c (0x004d8533) x10 0x800062ca
core   0: 0x80008e90 (0x000050fd) c.li    ra, -1
core   0: 3 0x80008e90 (0x50fd) x 1 0xffffffff
core   0: 0x80008e92 (0xf0011503) lh      a0, -256(sp)
core   0: 3 0x80008e92 (0xf0011503) x10 0x00000000 mem 0x80017c6a
core   0: 0x80008e96 (0x00065513) srli    a0, a2, 0
core   0: 3 0x80008e96 (0x00065513) x10 0x80008e60
core   0: 0x80008e9a (0x00008939) c.andi  a0, 14
core   0: 3 0x80008e9a (0x8939) x10 0x00000000
core   0: 0x80008e9c (0x04a11e23) sh      a0, 92(sp)
core   0: 3 0x80008e9c (0x04a11e23) mem 0x80017dc6 0x0000
core   0: 0x80008ea0 (0x00008231) c.srli  a2, 12
core   0: 3 0x80008ea0 (0x8231) x12 0x00080008
core   0: 0x80008ea2 (0x5f612d83) lw      s11, 1526(sp)
core   0: 3 0x80008ea2 (0x5f612d83) x27 0x00000000 mem 0x80018360
core   0: 0x80008ea6 (0x00008e31) c.xor   a2, a2
core   0: 3 0x80008ea6 (0x8e31) x12 0x00000000
core   0: 0x80008ea8 (0x41565d93) srai    s11, a2, 21
core   0: 3 0x80008ea8 (0x41565d93) x27 0x00000000
core   0: 0x80008eac (0x03b64233) div     tp, a2, s11
core   0: 3 0x80008eac (0x03b64233) x 4 0xffffffff
core   0: 0x80008eb0 (0xf601c613) xori    a2, gp, -160
core   0: 3 0x80008eb0 (0xf601c613) x12 0x0000009f
core   0: 0x80008eb4 (0x00353233) sltu    tp, a0, gp
core   0: 3 0x80008eb4 (0x00353233) x 4 0x00000001
core   0: 0x80008eb8 (0xfca12523) sw      a0, -54(sp)
core   0: 3 0x80008eb8 (0xfca12523) mem 0x80017d34 0x00000000
core   0: 0x80008ebc (0xdea102a3) sb      a0, -539(sp)
core   0: 3 0x80008ebc (0xdea102a3) mem 0x80017b4f 0x0
core   0: 0x80008ec0 (0x0030b233) sltu    tp, ra, gp
core   0: 3 0x80008ec0 (0x0030b233) x 4 0x00000000
core   0: 0x80008ec4 (0x00000001) c.nop
core   0: 3 0x80008ec4 (0x0001)
core   0: 0x80008ec6 (0x21c11603) lh      a2, 540(sp)
core   0: 3 0x80008ec6 (0x21c11603) x12 0x00000000 mem 0x80017f86
core   0: 0x80008eca (0x03b27633) remu    a2, tp, s11
core   0: 3 0x80008eca (0x03b27633) x12 0x00000000
core   0: 0x80008ece (0x8bd10083) lb      ra, -1859(sp)
core   0: 3 0x80008ece (0x8bd10083) x 1 0x00000000 mem 0x80017627
core   0: 0x80008ed2 (0x001510b3) sll     ra, a0, ra
core   0: 3 0x80008ed2 (0x001510b3) x 1 0x00000000
core   0: 0x80008ed6 (0x000051fd) c.li    gp, -1
core   0: 3 0x80008ed6 (0x51fd) x 3 0xffffffff
core   0: 0x80008ed8 (0x1c410d23) sb      tp, 474(sp)
core   0: 3 0x80008ed8 (0x1c410d23) mem 0x80017f44 0x0
core   0: 0x80008edc (0xd4c11603) lh      a2, -692(sp)
core   0: 3 0x80008edc (0xd4c11603) x12 0x00000000 mem 0x80017ab6
core   0: 0x80008ee0 (0x00006dcd) c.lui   s11, 0x13
core   0: 3 0x80008ee0 (0x6dcd) x27 0x00013000
core   0: 0x80008ee2 (0x0000027e) c.slli  tp, 31
core   0: 3 0x80008ee2 (0x027e) x 4 0x00000000
core   0: 0x80008ee4 (0x0f611183) lh      gp, 246(sp)
core   0: 3 0x80008ee4 (0x0f611183) x 3 0x00000000 mem 0x80017e60
core   0: 0x80008ee8 (0x00008d09) c.sub   a0, a0
core   0: 3 0x80008ee8 (0x8d09) x10 0x00000000
core   0: 0x80008eea (0x0000065a) c.slli  a2, 22
core   0: 3 0x80008eea (0x065a) x12 0x00000000
core   0: 0x80008eec (0x00009d92) c.add   s11, tp
core   0: 3 0x80008eec (0x9d92) x27 0x00013000
core   0: 0x80008eee (0x3c3105a3) sb      gp, 971(sp)
core   0: 3 0x80008eee (0x3c3105a3) mem 0x80018135 0x0
core   0: 0x80008ef2 (0x00008d51) c.or    a0, a2
core   0: 3 0x80008ef2 (0x8d51) x10 0x00000000
core   0: 0x80008ef4 (0xc8410b23) sb      tp, -874(sp)
core   0: 3 0x80008ef4 (0xc8410b23) mem 0x80017a00 0x0
core   0: 0x80008ef8 (0x01b63db3) sltu    s11, a2, s11
core   0: 3 0x80008ef8 (0x01b63db3) x27 0x00000001
core   0: 0x80008efc (0x40420233) sub     tp, tp, tp
core   0: 3 0x80008efc (0x40420233) x 4 0x00000000
core   0: 0x80008f00 (0x03b52533) mulhsu  a0, a0, s11
core   0: 3 0x80008f00 (0x03b52533) x10 0x00000000
core   0: 0x80008f04 (0x42d08513) addi    a0, ra, 1069
core   0: 3 0x80008f04 (0x42d08513) x10 0x0000042d
core   0: 0x80008f08 (0x0000821d) c.srli  a2, 7
core   0: 3 0x80008f08 (0x821d) x12 0x00000000
core   0: 0x80008f0a (0xd7f14d83) lbu     s11, -641(sp)
core   0: 3 0x80008f0a (0xd7f14d83) x27 0x00000000 mem 0x80017ae9
core   0: 0x80008f0e (0x37b109a3) sb      s11, 883(sp)
core   0: 3 0x80008f0e (0x37b109a3) mem 0x800180dd 0x0
core   0: 0x80008f12 (0x00008d92) c.mv    s11, tp
core   0: 3 0x80008f12 (0x8d92) x27 0x00000000
core   0: 0x80008f14 (0xb9c15203) lhu     tp, -1124(sp)
core   0: 3 0x80008f14 (0xb9c15203) x 4 0x00000000 mem 0x80017906
core   0: 0x80008f18 (0x02c66233) rem     tp, a2, a2
core   0: 3 0x80008f18 (0x02c66233) x 4 0x00000000
core   0: 0x80008f1c (0x86212203) lw      tp, -1950(sp)
core   0: 3 0x80008f1c (0x86212203) x 4 0x00000000 mem 0x800175cc
core   0: 0x80008f20 (0x000081ee) c.mv    gp, s11
core   0: 3 0x80008f20 (0x81ee) x 3 0x00000000
core   0: 0x80008f22 (0x86714503) lbu     a0, -1945(sp)
core   0: 3 0x80008f22 (0x86714503) x10 0x00000000 mem 0x800175d1
core   0: 0x80008f26 (0x0d314083) lbu     ra, 211(sp)
core   0: 3 0x80008f26 (0x0d314083) x 1 0x00000000 mem 0x80017e3d
core   0: 0x80008f2a (0x0940b613) sltiu   a2, ra, 148
core   0: 3 0x80008f2a (0x0940b613) x12 0x00000001
core   0: 0x80008f2e (0x25610d83) lb      s11, 598(sp)
core   0: 3 0x80008f2e (0x25610d83) x27 0x00000000 mem 0x80017fc0
core   0: 0x80008f32 (0x00007e17) auipc   t3, 0x7
core   0: 3 0x80008f32 (0x00007e17) x28 0x8000ff32
core   0: 0x80008f36 (0x6c8e0e13) addi    t3, t3, 1736
core   0: 3 0x80008f36 (0x6c8e0e13) x28 0x800105fa
core   0: 0x80008f3a (0x007e4603) lbu     a2, 7(t3)
core   0: 3 0x80008f3a (0x007e4603) x12 0x00000000 mem 0x80010601
core   0: 0x80008f3e (0x00000a16) c.slli  s4, 5
core   0: 3 0x80008f3e (0x0a16) x20 0xffffffe0
core   0: 0x80008f40 (0x02e79733) mulh    a4, a5, a4
core   0: 3 0x80008f40 (0x02e79733) x14 0xc00195b0
core   0: 0x80008f44 (0xca4c1b97) auipc   s7, 0xca4c1
core   0: 3 0x80008f44 (0xca4c1b97) x23 0x4a4c9f44
core   0: 0x80008f48 (0x01de0303) lb      t1, 29(t3)
core   0: 3 0x80008f48 (0x01de0303) x 6 0x00000000 mem 0x80010617
core   0: 0x80008f4c (0x00008bf5) c.andi  a5, 29
core   0: 3 0x80008f4c (0x8bf5) x15 0x0000001c
core   0: 0x80008f4e (0xfc8e0b83) lb      s7, -56(t3)
core   0: 3 0x80008f4e (0xfc8e0b83) x23 0x00000000 mem 0x800105c2
core   0: 0x80008f52 (0x038e5b83) lhu     s7, 56(t3)
core   0: 3 0x80008f52 (0x038e5b83) x23 0x00000000 mem 0x80010632
core   0: 0x80008f56 (0xfc9e4d83) lbu     s11, -55(t3)
core   0: 3 0x80008f56 (0xfc9e4d83) x27 0x00000000 mem 0x800105c3
core   0: 0x80008f5a (0x4f9c6493) ori     s1, s8, 1273
core   0: 3 0x80008f5a (0x4f9c6493) x 9 0x000004f9
core   0: 0x80008f5e (0x00001188) c.addi4spn a0, sp, 224
core   0: 3 0x80008f5e (0x1188) x10 0x80017e4a
core   0: 0x80008f60 (0x038e0023) sb      s8, 32(t3)
core   0: 3 0x80008f60 (0x038e0023) mem 0x8001061a 0x0
core   0: 0x80008f64 (0xfe1e0083) lb      ra, -31(t3)
core   0: 3 0x80008f64 (0xfe1e0083) x 1 0x00000000 mem 0x800105db
core   0: 0x80008f68 (0x00ee2323) sw      a4, 6(t3)
core   0: 3 0x80008f68 (0x00ee2323) mem 0x80010600 0xc00195b0
core   0: 0x80008f6c (0x0230d733) divu    a4, ra, gp
core   0: 3 0x80008f6c (0x0230d733) x14 0xffffffff
core   0: 0x80008f70 (0x0000935a) c.add   t1, s6
core   0: 3 0x80008f70 (0x935a) x 6 0xfffffff1
core   0: 0x80008f72 (0x0280af33) mulhsu  t5, ra, s0
core   0: 3 0x80008f72 (0x0280af33) x30 0x00000000
core   0: 0x80008f76 (0xffae4883) lbu     a7, -6(t3)
core   0: 3 0x80008f76 (0xffae4883) x17 0x00000000 mem 0x800105f4
core   0: 0x80008f7a (0x00008c55) c.or    s0, a3
core   0: 3 0x80008f7a (0x8c55) x 8 0xfffffff2
core   0: 0x80008f7c (0x00bd1a33) sll     s4, s10, a1
core   0: 3 0x80008f7c (0x00bd1a33) x20 0x00000000
core   0: 0x80008f80 (0x010acc33) xor     s8, s5, a6
core   0: 3 0x80008f80 (0x010acc33) x24 0x65f89398
core   0: 0x80008f84 (0x000006ba) c.slli  a3, 14
core   0: 3 0x80008f84 (0x06ba) x13 0xfffc8000
core   0: 0x80008f86 (0x00000300) c.addi4spn s0, sp, 384
core   0: 3 0x80008f86 (0x0300) x 8 0x80017eea
core   0: 0x80008f88 (0xfe9e04a3) sb      s1, -23(t3)
core   0: 3 0x80008f88 (0xfe9e04a3) mem 0x800105e3 0xf9
core   0: 0x80008f8c (0x00009bfd) c.andi  a5, -1
core   0: 3 0x80008f8c (0x9bfd) x15 0x0000001c
core   0: 0x80008f8e (0x41e4ad13) slti    s10, s1, 1054
core   0: 3 0x80008f8e (0x41e4ad13) x26 0x00000000
core   0: 0x80008f92 (0x000088a5) c.andi  s1, 9
core   0: 3 0x80008f92 (0x88a5) x 9 0x00000009
core   0: 0x80008f94 (0x0276b633) mulhu   a2, a3, t2
core   0: 3 0x80008f94 (0x0276b633) x12 0x80009e53
core   0: 0x80008f98 (0xcf95f797) auipc   a5, 0xcf95f
core   0: 3 0x80008f98 (0xcf95f797) x15 0x4f967f98
core   0: 0x80008f9c (0xfc8e0b23) sb      s0, -42(t3)
core   0: 3 0x80008f9c (0xfc8e0b23) mem 0x800105d0 0xea
core   0: 0x80008fa0 (0x03369c33) mulh    s8, a3, s3
core   0: 3 0x80008fa0 (0x03369c33) x24 0x00000000
core   0: 0x80008fa4 (0x057e1023) sh      s7, 64(t3)
core   0: 3 0x80008fa4 (0x057e1023) mem 0x8001063a 0x0000
core   0: 0x80008fa8 (0x00008197) auipc   gp, 0x8
core   0: 3 0x80008fa8 (0x00008197) x 3 0x80010fa8
core   0: 0x80008fac (0xb8718193) addi    gp, gp, -1145
core   0: 3 0x80008fac (0xb8718193) x 3 0x80010b2f
core   0: 0x80008fb0 (0x0000ad97) auipc   s11, 0xa
core   0: 3 0x80008fb0 (0x0000ad97) x27 0x80012fb0
core   0: 0x80008fb4 (0x312d8d93) addi    s11, s11, 786
core   0: 3 0x80008fb4 (0x312d8d93) x27 0x800132c2
core   0: 0x80008fb8 (0xff11df83) lhu     t6, -15(gp)
core   0: 3 0x80008fb8 (0xff11df83) x31 0x00000000 mem 0x80010b20
core   0: 0x80008fbc (0xff018103) lb      sp, -16(gp)
core   0: 3 0x80008fbc (0xff018103) x 2 0x00000000 mem 0x80010b1f
core   0: 0x80008fc0 (0x314dd783) lhu     a5, 788(s11)
core   0: 3 0x80008fc0 (0x314dd783) x15 0x00000000 mem 0x800135d6
core   0: 0x80008fc4 (0x3f3d83a3) sb      s3, 999(s11)
core   0: 3 0x80008fc4 (0x3f3d83a3) mem 0x800136a9 0x0
core   0: 0x80008fc8 (0xffa18303) lb      t1, -6(gp)
core   0: 3 0x80008fc8 (0xffa18303) x 6 0x00000000 mem 0x80010b29
core   0: 0x80008fcc (0x1f9dcc03) lbu     s8, 505(s11)
core   0: 3 0x80008fcc (0x1f9dcc03) x24 0x00000000 mem 0x800134bb
core   0: 0x80008fd0 (0x52fd8303) lb      t1, 1327(s11)
core   0: 3 0x80008fd0 (0x52fd8303) x 6 0x00000000 mem 0x800137f1
core   0: 0x80008fd4 (0x584d8d03) lb      s10, 1412(s11)
core   0: 3 0x80008fd4 (0x584d8d03) x26 0x00000000 mem 0x80013846
core   0: 0x80008fd8 (0xff219ca3) sh      s2, -7(gp)
core   0: 3 0x80008fd8 (0xff219ca3) mem 0x80010b28 0xfa8e
core   0: 0x80008fdc (0xff8188a3) sb      s8, -15(gp)
core   0: 3 0x80008fdc (0xff8188a3) mem 0x80010b20 0x0
core   0: 0x80008fe0 (0xfe018d23) sb      zero, -6(gp)
core   0: 3 0x80008fe0 (0xfe018d23) mem 0x80010b29 0x0
core   0: 0x80008fe4 (0x6fbdc283) lbu     t0, 1787(s11)
core   0: 3 0x80008fe4 (0x6fbdc283) x 5 0x00000000 mem 0x800139bd
core   0: 0x80008fe8 (0xe31dcc03) lbu     s8, -463(s11)
core   0: 3 0x80008fe8 (0xe31dcc03) x24 0x00000000 mem 0x800130f3
core   0: 0x80008fec (0x00008f17) auipc   t5, 0x8
core   0: 3 0x80008fec (0x00008f17) x30 0x80010fec
core   0: 0x80008ff0 (0xb55f0f13) addi    t5, t5, -1195
core   0: 3 0x80008ff0 (0xb55f0f13) x30 0x80010b41
core   0: 0x80008ff4 (0x013f2083) lw      ra, 19(t5)
core   0: 3 0x80008ff4 (0x013f2083) x 1 0x00009ce4 mem 0x80010b54
core   0: 0x80008ff8 (0x00014517) auipc   a0, 0x14
core   0: 3 0x80008ff8 (0x00014517) x10 0x8001cff8
core   0: 0x80008ffc (0xbf150513) addi    a0, a0, -1039
core   0: 3 0x80008ffc (0xbf150513) x10 0x8001cbe9
core   0: 0x80009000 (0x195f4403) lbu     s0, 405(t5)
core   0: 3 0x80009000 (0x195f4403) x 8 0x00000000 mem 0x80010cd6
core   0: 0x80009004 (0xfc951883) lh      a7, -55(a0)
core   0: 3 0x80009004 (0xfc951883) x17 0x00000000 mem 0x8001cbb2
core   0: 0x80009008 (0x346f0ea3) sb      t1, 861(t5)
core   0: 3 0x80009008 (0x346f0ea3) mem 0x80010e9e 0x0
core   0: 0x8000900c (0xfda50e03) lb      t3, -38(a0)
core   0: 3 0x8000900c (0xfda50e03) x28 0x00000000 mem 0x8001cbc3
core   0: 0x80009010 (0xe40f0a23) sb      zero, -428(t5)
core   0: 3 0x80009010 (0xe40f0a23) mem 0x80010995 0x0
core   0: 0x80009014 (0x85ff0223) sb      t6, -1980(t5)
core   0: 3 0x80009014 (0x85ff0223) mem 0x80010385 0x0
core   0: 0x80009018 (0x02952da3) sw      s1, 59(a0)
core   0: 3 0x80009018 (0x02952da3) mem 0x8001cc24 0x00000009
core   0: 0x8000901c (0x1fcf0d03) lb      s10, 508(t5)
core   0: 3 0x8000901c (0x1fcf0d03) x26 0x00000000 mem 0x80010d3d
core   0: 0x80009020 (0xffb54883) lbu     a7, -5(a0)
core   0: 3 0x80009020 (0xffb54883) x17 0x00000000 mem 0x8001cbe4
core   0: 0x80009024 (0xe41f5903) lhu     s2, -447(t5)
core   0: 3 0x80009024 (0xe41f5903) x18 0x00000000 mem 0x80010982
core   0: 0x80009028 (0x14df0183) lb      gp, 333(t5)
core   0: 3 0x80009028 (0x14df0183) x 3 0x00000000 mem 0x80010c8e
core   0: 0x8000902c (0x0d6f4d03) lbu     s10, 214(t5)
core   0: 3 0x8000902c (0x0d6f4d03) x26 0x00000000 mem 0x80010c17
core   0: 0x80009030 (0x00054703) lbu     a4, 0(a0)
core   0: 3 0x80009030 (0x00054703) x14 0x00000000 mem 0x8001cbe9
core   0: 0x80009034 (0xb2ef4683) lbu     a3, -1234(t5)
core   0: 3 0x80009034 (0xb2ef4683) x13 0x00000000 mem 0x8001066f
core   0: 0x80009038 (0x02950023) sb      s1, 32(a0)
core   0: 3 0x80009038 (0x02950023) mem 0x8001cc09 0x9
core   0: 0x8000903c (0x00008497) auipc   s1, 0x8
core   0: 3 0x8000903c (0x00008497) x 9 0x8001103c
core   0: 0x80009040 (0xa1648493) addi    s1, s1, -1514
core   0: 3 0x80009040 (0xa1648493) x 9 0x80010a52
core   0: 0x80009044 (0xfc44ad23) sw      tp, -38(s1)
core   0: 3 0x80009044 (0xfc44ad23) mem 0x80010a2c 0x00000000
core   0: 0x80009048 (0x0041a033) slt     zero, gp, tp
core   0: 3 0x80009048 (0x0041a033)
core   0: 0x8000904c (0x410f5413) srai    s0, t5, 16
core   0: 3 0x8000904c (0x410f5413) x 8 0xffff8001
core   0: 0x80009050 (0xffd482a3) sb      t4, -27(s1)
core   0: 3 0x80009050 (0xffd482a3) mem 0x80010a37 0x0
core   0: 0x80009054 (0x00009b7d) c.andi  a4, -1
core   0: 3 0x80009054 (0x9b7d) x14 0x00000000
core   0: 0x80009056 (0x00008c65) c.and   s0, s1
core   0: 3 0x80009056 (0x8c65) x 8 0x80010000
core   0: 0x80009058 (0xff448fa3) sb      s4, -1(s1)
core   0: 3 0x80009058 (0xff448fa3) mem 0x80010a51 0x0
core   0: 0x8000905c (0x00989e93) slli    t4, a7, 9
core   0: 3 0x8000905c (0x00989e93) x29 0x00000000
core   0: 0x80009060 (0xff74cd03) lbu     s10, -9(s1)
core   0: 3 0x80009060 (0xff74cd03) x26 0x00000000 mem 0x80010a49
core   0: 0x80009064 (0xffb4cd03) lbu     s10, -5(s1)
core   0: 3 0x80009064 (0xffb4cd03) x26 0x00000000 mem 0x80010a4d
core   0: 0x80009068 (0x0000065a) c.slli  a2, 22
core   0: 3 0x80009068 (0x065a) x12 0x94c00000
core   0: 0x8000906a (0x000018fd) c.addi  a7, -1
core   0: 3 0x8000906a (0x18fd) x17 0xffffffff
core   0: 0x8000906c (0xfef4ad23) sw      a5, -6(s1)
core   0: 3 0x8000906c (0xfef4ad23) mem 0x80010a4c 0x00000000
core   0: 0x80009070 (0x0ff0000f) fence   iorw,iorw
core   0: 3 0x80009070 (0x0ff0000f)
core   0: 0x80009074 (0x02abc2b3) div     t0, s7, a0
core   0: 3 0x80009074 (0x02abc2b3) x 5 0x00000000
core   0: 0x80009078 (0xfd248c23) sb      s2, -40(s1)
core   0: 3 0x80009078 (0xfd248c23) mem 0x80010a2a 0x0
core   0: 0x8000907c (0xfd148f23) sb      a7, -34(s1)
core   0: 3 0x8000907c (0xfd148f23) mem 0x80010a30 0xff
core   0: 0x80009080 (0x02cc1833) mulh    a6, s8, a2
core   0: 3 0x80009080 (0x02cc1833) x16 0x00000000
core   0: 0x80009084 (0xfcc48783) lb      a5, -52(s1)
core   0: 3 0x80009084 (0xfcc48783) x15 0x00000000 mem 0x80010a1e
core   0: 0x80009088 (0x00008c55) c.or    s0, a3
core   0: 3 0x80009088 (0x8c55) x 8 0x80010000
core   0: 0x8000908a (0x01211bb3) sll     s7, sp, s2
core   0: 3 0x8000908a (0x01211bb3) x23 0x00000000
core   0: 0x8000908e (0x000002d2) c.slli  t0, 20
core   0: 3 0x8000908e (0x02d2) x 5 0x00000000
core   0: 0x80009090 (0x00b482a3) sb      a1, 5(s1)
core   0: 3 0x80009090 (0x00b482a3) mem 0x80010a57 0x3
core   0: 0x80009094 (0x014482a3) sb      s4, 5(s1)
core   0: 3 0x80009094 (0x014482a3) mem 0x80010a57 0x0
core   0: 0x80009098 (0x403b09b3) sub     s3, s6, gp
core   0: 3 0x80009098 (0x403b09b3) x19 0xfffffff1
core   0: 0x8000909c (0x03448883) lb      a7, 52(s1)
core   0: 3 0x8000909c (0x03448883) x17 0x00000000 mem 0x80010a86
core   0: 0x800090a0 (0x02d48e03) lb      t3, 45(s1)
core   0: 3 0x800090a0 (0x02d48e03) x28 0x00000000 mem 0x80010a7f
core   0: 0x800090a4 (0x00008d19) c.sub   a0, a4
core   0: 3 0x800090a4 (0x8d19) x10 0x8001cbe9
core   0: 0x800090a6 (0x008ccb33) xor     s6, s9, s0
core   0: 3 0x800090a6 (0x008ccb33) x22 0x80010000
core   0: 0x800090aa (0x02f48783) lb      a5, 47(s1)
core   0: 3 0x800090aa (0x02f48783) x15 0x00000003 mem 0x80010a81
core   0: 0x800090ae (0x00e49123) sh      a4, 2(s1)
core   0: 3 0x800090ae (0x00e49123) mem 0x80010a54 0x0000
core   0: 0x800090b2 (0x01748983) lb      s3, 23(s1)
core   0: 3 0x800090b2 (0x01748983) x19 0x00000000 mem 0x80010a69
core   0: 0x800090b6 (0xfc548fa3) sb      t0, -33(s1)
core   0: 3 0x800090b6 (0xfc548fa3) mem 0x80010a31 0x0
core   0: 0x800090ba (0x00006ee5) c.lui   t4, 0x19
core   0: 3 0x800090ba (0x6ee5) x29 0x00019000
core   0: 0x800090bc (0x000091d6) c.add   gp, s5
core   0: 3 0x800090bc (0x91d6) x 3 0x80029ce4
core   0: 0x800090be (0xfca4c103) lbu     sp, -54(s1)
core   0: 3 0x800090be (0xfca4c103) x 2 0x00000000 mem 0x80010a1c
core   0: 0x800090c2 (0x026e70b3) remu    ra, t3, t1
core   0: 3 0x800090c2 (0x026e70b3) x 1 0x00000000
core   0: 0x800090c6 (0x0064cd03) lbu     s10, 6(s1)
core   0: 3 0x800090c6 (0x0064cd03) x26 0x00000000 mem 0x80010a58
core   0: 0x800090ca (0xfe449783) lh      a5, -28(s1)
core   0: 3 0x800090ca (0xfe449783) x15 0x00000000 mem 0x80010a36
core   0: 0x800090ce (0x408e8eb3) sub     t4, t4, s0
core   0: 3 0x800090ce (0x408e8eb3) x29 0x80009000
core   0: 0x800090d2 (0x00249123) sh      sp, 2(s1)
core   0: 3 0x800090d2 (0x00249123) mem 0x80010a54 0x0000
core   0: 0x800090d6 (0x02f49c23) sh      a5, 56(s1)
core   0: 3 0x800090d6 (0x02f49c23) mem 0x80010a8a 0x0000
core   0: 0x800090da (0x0015df13) srli    t5, a1, 1
core   0: 3 0x800090da (0x0015df13) x30 0x00d39881
core   0: 0x800090de (0x01149c23) sh      a7, 24(s1)
core   0: 3 0x800090de (0x01149c23) mem 0x80010a6a 0x0000
core   0: 0x800090e2 (0x00048fa3) sb      zero, 31(s1)
core   0: 3 0x800090e2 (0x00048fa3) mem 0x80010a71 0x0
core   0: 0x800090e6 (0xfe9485a3) sb      s1, -21(s1)
core   0: 3 0x800090e6 (0xfe9485a3) mem 0x80010a3d 0x52
core   0: 0x800090ea (0x855eac13) slti    s8, t4, -1963
core   0: 3 0x800090ea (0x855eac13) x24 0x00000001
core   0: 0x800090ee (0x036c4bb3) div     s7, s8, s6
core   0: 3 0x800090ee (0x036c4bb3) x23 0x00000000
core   0: 0x800090f2 (0x529def13) ori     t5, s11, 1321
core   0: 3 0x800090f2 (0x529def13) x30 0x800137eb
core   0: 0x800090f6 (0x00e4c803) lbu     a6, 14(s1)
core   0: 3 0x800090f6 (0x00e4c803) x16 0x00000000 mem 0x80010a60
core   0: 0x800090fa (0xfc849d03) lh      s10, -56(s1)
core   0: 3 0x800090fa (0xfc849d03) x26 0x00000000 mem 0x80010a1a
core   0: 0x800090fe (0x0284e133) rem     sp, s1, s0
core   0: 3 0x800090fe (0x0284e133) x 2 0x80010a52
core   0: 0x80009102 (0xfe848e83) lb      t4, -24(s1)
core   0: 3 0x80009102 (0xfe848e83) x29 0x00000000 mem 0x80010a3a
core   0: 0x80009106 (0x0000f697) auipc   a3, 0xf
core   0: 3 0x80009106 (0x0000f697) x13 0x80018106
core   0: 0x8000910a (0xac668693) addi    a3, a3, -1338
core   0: 3 0x8000910a (0xac668693) x13 0x80017bcc
core   0: 0x8000910e (0x00015097) auipc   ra, 0x15
core   0: 3 0x8000910e (0x00015097) x 1 0x8001e10e
core   0: 0x80009112 (0x4ea08093) addi    ra, ra, 1258
core   0: 3 0x80009112 (0x4ea08093) x 1 0x8001e5f8
core   0: 0x80009116 (0x4980dc03) lhu     s8, 1176(ra)
core   0: 3 0x80009116 (0x4980dc03) x24 0x00000000 mem 0x8001ea90
core   0: 0x8000911a (0x0846ad83) lw      s11, 132(a3)
core   0: 3 0x8000911a (0x0846ad83) x27 0x00040000 mem 0x80017c50
core   0: 0x8000911e (0xf0a6c903) lbu     s2, -246(a3)
core   0: 3 0x8000911e (0xf0a6c903) x18 0x00000000 mem 0x80017ad6
core   0: 0x80009122 (0xde308e03) lb      t3, -541(ra)
core   0: 3 0x80009122 (0xde308e03) x28 0x00000000 mem 0x8001e3db
core   0: 0x80009126 (0x00368d83) lb      s11, 3(a3)
core   0: 3 0x80009126 (0x00368d83) x27 0x00000000 mem 0x80017bcf
core   0: 0x8000912a (0xf4768783) lb      a5, -185(a3)
core   0: 3 0x8000912a (0xf4768783) x15 0x00000000 mem 0x80017b13
core   0: 0x8000912e (0x8c408ea3) sb      tp, -1827(ra)
core   0: 3 0x8000912e (0x8c408ea3) mem 0x8001ded5 0x0
core   0: 0x80009132 (0x0076c703) lbu     a4, 7(a3)
core   0: 3 0x80009132 (0x0076c703) x14 0x00000000 mem 0x80017bd3
core   0: 0x80009136 (0xfdf68b03) lb      s6, -33(a3)
core   0: 3 0x80009136 (0xfdf68b03) x22 0x00000000 mem 0x80017bab
core   0: 0x8000913a (0x7d70cb83) lbu     s7, 2007(ra)
core   0: 3 0x8000913a (0x7d70cb83) x23 0x00000000 mem 0x8001edcf
core   0: 0x8000913e (0xfad6c283) lbu     t0, -83(a3)
core   0: 3 0x8000913e (0xfad6c283) x 5 0x00000000 mem 0x80017b79
core   0: 0x80009142 (0x0496c003) lbu     zero, 73(a3)
core   0: 3 0x80009142 (0x0496c003) mem 0x80017c15
core   0: 0x80009146 (0x09068e23) sb      a6, 156(a3)
core   0: 3 0x80009146 (0x09068e23) mem 0x80017c68 0x0
core   0: 0x8000914a (0x17508823) sb      s5, 368(ra)
core   0: 3 0x8000914a (0x17508823) mem 0x8001e768 0xe4
core   0: 0x8000914e (0x4f808b03) lb      s6, 1272(ra)
core   0: 3 0x8000914e (0x4f808b03) x22 0x00000000 mem 0x8001eaf0
core   0: 0x80009152 (0x00a69883) lh      a7, 10(a3)
core   0: 3 0x80009152 (0x00a69883) x17 0x00000000 mem 0x80017bd6
core   0: 0x80009156 (0x00008117) auipc   sp, 0x8
core   0: 3 0x80009156 (0x00008117) x 2 0x80011156
core   0: 0x8000915a (0xd4110113) addi    sp, sp, -703
core   0: 3 0x8000915a (0xd4110113) x 2 0x80010e97
core   0: 0x8000915e (0x000082c1) c.srli  a3, 16
core   0: 3 0x8000915e (0x82c1) x13 0x00008001
core   0: 0x80009160 (0x40690933) sub     s2, s2, t1
core   0: 3 0x80009160 (0x40690933) x18 0x00000000
core   0: 0x80009164 (0x40d6d6b3) sra     a3, a3, a3
core   0: 3 0x80009164 (0x40d6d6b3) x13 0x00004000
core   0: 0x80009168 (0x00d10c23) sb      a3, 24(sp)
core   0: 3 0x80009168 (0x00d10c23) mem 0x80010eaf 0x0
core   0: 0x8000916c (0x00008f19) c.sub   a4, a4
core   0: 3 0x8000916c (0x8f19) x14 0x00000000
core   0: 0x8000916e (0x00008a95) c.andi  a3, 5
core   0: 3 0x8000916e (0x8a95) x13 0x00000000
core   0: 0x80009170 (0x00008ed9) c.or    a3, a4
core   0: 3 0x80009170 (0x8ed9) x13 0x00000000
core   0: 0x80009172 (0xfcc10683) lb      a3, -52(sp)
core   0: 3 0x80009172 (0xfcc10683) x13 0x00000000 mem 0x80010e63
core   0: 0x80009176 (0x00000001) c.nop
core   0: 3 0x80009176 (0x0001)
core   0: 0x80009178 (0xfce10623) sb      a4, -52(sp)
core   0: 3 0x80009178 (0xfce10623) mem 0x80010e63 0x0
core   0: 0x8000917c (0x00000001) c.nop
core   0: 3 0x8000917c (0x0001)
core   0: 0x8000917e (0xfc6103a3) sb      t1, -57(sp)
core   0: 3 0x8000917e (0xfc6103a3) mem 0x80010e5e 0x0
core   0: 0x80009182 (0x026107a3) sb      t1, 47(sp)
core   0: 3 0x80009182 (0x026107a3) mem 0x80010ec6 0x0
core   0: 0x80009186 (0xfc912683) lw      a3, -55(sp)
core   0: 3 0x80009186 (0xfc912683) x13 0x00000000 mem 0x80010e60
core   0: 0x8000918a (0x00e91933) sll     s2, s2, a4
core   0: 3 0x8000918a (0x00e91933) x18 0x00000000
core   0: 0x8000918e (0xfe014683) lbu     a3, -32(sp)
core   0: 3 0x8000918e (0xfe014683) x13 0x00000028 mem 0x80010e77
core   0: 0x80009192 (0xfd911303) lh      t1, -39(sp)
core   0: 3 0x80009192 (0xfd911303) x 6 0x00000000 mem 0x80010e70
core   0: 0x80009196 (0x02e91933) mulh    s2, s2, a4
core   0: 3 0x80009196 (0x02e91933) x18 0x00000000
core   0: 0x8000919a (0xfc515903) lhu     s2, -59(sp)
core   0: 3 0x8000919a (0xfc515903) x18 0x00000000 mem 0x80010e5c
core   0: 0x8000919e (0xb76a0293) addi    t0, s4, -1162
core   0: 3 0x8000919e (0xb76a0293) x 5 0xfffffb76
core   0: 0x800091a2 (0xfe111283) lh      t0, -31(sp)
core   0: 3 0x800091a2 (0xfe111283) x 5 0x00000000 mem 0x80010e78
core   0: 0x800091a6 (0x00010703) lb      a4, 0(sp)
core   0: 3 0x800091a6 (0x00010703) x14 0x00000000 mem 0x80010e97
core   0: 0x800091aa (0x0000871a) c.mv    a4, t1
core   0: 3 0x800091aa (0x871a) x14 0x00000000
core   0: 0x800091ac (0x00006a61) c.lui   s4, 0x18
core   0: 3 0x800091ac (0x6a61) x20 0x00018000
core   0: 0x800091ae (0xfd414903) lbu     s2, -44(sp)
core   0: 3 0x800091ae (0xfd414903) x18 0x00000000 mem 0x80010e6b
core   0: 0x800091b2 (0x02e10703) lb      a4, 46(sp)
core   0: 3 0x800091b2 (0x02e10703) x14 0x00000000 mem 0x80010ec5
core   0: 0x800091b6 (0xfd614703) lbu     a4, -42(sp)
core   0: 3 0x800091b6 (0xfd614703) x14 0x00000000 mem 0x80010e6d
core   0: 0x800091ba (0x000006da) c.slli  a3, 22
core   0: 3 0x800091ba (0x06da) x13 0x0a000000
core   0: 0x800091bc (0x00e966b3) or      a3, s2, a4
core   0: 3 0x800091bc (0x00e966b3) x13 0x00000000
core   0: 0x800091c0 (0x3fd92913) slti    s2, s2, 1021
core   0: 3 0x800091c0 (0x3fd92913) x18 0x00000001
core   0: 0x800091c4 (0xfd910703) lb      a4, -39(sp)
core   0: 3 0x800091c4 (0xfd910703) x14 0x00000000 mem 0x80010e70
core   0: 0x800091c8 (0x00008117) auipc   sp, 0x8
core   0: 3 0x800091c8 (0x00008117) x 2 0x800111c8
core   0: 0x800091cc (0x0d410113) addi    sp, sp, 212
core   0: 3 0x800091cc (0x0d410113) x 2 0x8001129c
core   0: 0x800091d0 (0x57114c83) lbu     s9, 1393(sp)
core   0: 3 0x800091d0 (0x57114c83) x25 0x00000000 mem 0x8001180d
core   0: 0x800091d4 (0x0ff0000f) fence   iorw,iorw
core   0: 3 0x800091d4 (0x0ff0000f)
core   0: 0x800091d8 (0x4b415303) lhu     t1, 1204(sp)
core   0: 3 0x800091d8 (0x4b415303) x 6 0x00000000 mem 0x80011750
core   0: 0x800091dc (0x22a15003) lhu     zero, 554(sp)
core   0: 3 0x800091dc (0x22a15003) mem 0x800114c6
core   0: 0x800091e0 (0x31210723) sb      s2, 782(sp)
core   0: 3 0x800091e0 (0x31210723) mem 0x800115aa 0x1
core   0: 0x800091e4 (0x2f510183) lb      gp, 757(sp)
core   0: 3 0x800091e4 (0x2f510183) x 3 0x00000000 mem 0x80011591
core   0: 0x800091e8 (0x0c3104a3) sb      gp, 201(sp)
core   0: 3 0x800091e8 (0x0c3104a3) mem 0x80011365 0x0
core   0: 0x800091ec (0x3cb14403) lbu     s0, 971(sp)
core   0: 3 0x800091ec (0x3cb14403) x 8 0x00000000 mem 0x80011667
core   0: 0x800091f0 (0x000050fd) c.li    ra, -1
core   0: 3 0x800091f0 (0x50fd) x 1 0xffffffff
core   0: 0x800091f2 (0x4a2d2893) slti    a7, s10, 1186
core   0: 3 0x800091f2 (0x4a2d2893) x17 0x00000001
core   0: 0x800091f6 (0x60011503) lh      a0, 1536(sp)
core   0: 3 0x800091f6 (0x60011503) x10 0x00000000 mem 0x8001189c
core   0: 0x800091fa (0x00009e16) c.add   t3, t0
core   0: 3 0x800091fa (0x9e16) x28 0x00000000
core   0: 0x800091fc (0x2e610803) lb      a6, 742(sp)
core   0: 3 0x800091fc (0x2e610803) x16 0x00000000 mem 0x80011582
core   0: 0x80009200 (0x04b14f03) lbu     t5, 75(sp)
core   0: 3 0x80009200 (0x04b14f03) x30 0x00000000 mem 0x800112e7
core   0: 0x80009204 (0x00008e4d) c.or    a2, a1
core   0: 3 0x80009204 (0x8e4d) x12 0x95e73103
core   0: 0x80009206 (0x34e11f03) lh      t5, 846(sp)
core   0: 3 0x80009206 (0x34e11f03) x30 0x00000000 mem 0x800115ea
core   0: 0x8000920a (0x41d6c917) auipc   s2, 0x41d6c
core   0: 3 0x8000920a (0x41d6c917) x18 0xc1d7520a
core   0: 0x8000920e (0x00008f16) c.mv    t5, t0
core   0: 3 0x8000920e (0x8f16) x30 0x00000000
core   0: 0x80009210 (0x12e8a193) slti    gp, a7, 302
core   0: 3 0x80009210 (0x12e8a193) x 3 0x00000001
core   0: 0x80009214 (0x58d8ad93) slti    s11, a7, 1421
core   0: 3 0x80009214 (0x58d8ad93) x27 0x00000001
core   0: 0x80009218 (0x18611283) lh      t0, 390(sp)
core   0: 3 0x80009218 (0x18611283) x 5 0x00000000 mem 0x80011422
core   0: 0x8000921c (0x11b103a3) sb      s11, 263(sp)
core   0: 3 0x8000921c (0x11b103a3) mem 0x800113a3 0x1
core   0: 0x80009220 (0x00008c49) c.or    s0, a0
core   0: 3 0x80009220 (0x8c49) x 8 0x00000000
core   0: 0x80009222 (0xe0814a03) lbu     s4, -504(sp)
core   0: 3 0x80009222 (0xe0814a03) x20 0x00000000 mem 0x800110a4
core   0: 0x80009226 (0x6ed14e03) lbu     t3, 1773(sp)
core   0: 3 0x80009226 (0x6ed14e03) x28 0x00000000 mem 0x80011989
core   0: 0x8000922a (0x030da4b3) mulhsu  s1, s11, a6
core   0: 3 0x8000922a (0x030da4b3) x 9 0x00000000
core   0: 0x8000922e (0x4043d933) sra     s2, t2, tp
core   0: 3 0x8000922e (0x4043d933) x18 0x80025e5c
core   0: 0x80009232 (0x00004792) c.lwsp  a5, 4(sp)
core   0: 3 0x80009232 (0x4792) x15 0x00000000 mem 0x800112a0
core   0: 0x80009234 (0x53214783) lbu     a5, 1330(sp)
core   0: 3 0x80009234 (0x53214783) x15 0x00000000 mem 0x800117ce
core   0: 0x80009238 (0x7a09ec97) auipc   s9, 0x7a09e
core   0: 3 0x80009238 (0x7a09ec97) x25 0xfa0a7238
core   0: 0x8000923c (0x0e5108a3) sb      t0, 241(sp)
core   0: 3 0x8000923c (0x0e5108a3) mem 0x8001138d 0x0
core   0: 0x80009240 (0xff110ba3) sb      a7, -9(sp)
core   0: 3 0x80009240 (0xff110ba3) mem 0x80011293 0x1
core   0: 0x80009244 (0x4b714b03) lbu     s6, 1207(sp)
core   0: 3 0x80009244 (0x4b714b03) x22 0x00000000 mem 0x80011753
core   0: 0x80009248 (0x21c10fa3) sb      t3, 543(sp)
core   0: 3 0x80009248 (0x21c10fa3) mem 0x800114bb 0x0
core   0: 0x8000924c (0x00007117) auipc   sp, 0x7
core   0: 3 0x8000924c (0x00007117) x 2 0x8001024c
core   0: 0x80009250 (0x59e10113) addi    sp, sp, 1438
core   0: 3 0x80009250 (0x59e10113) x 2 0x800107ea
core   0: 0x80009254 (0x27376693) ori     a3, a4, 627
core   0: 3 0x80009254 (0x27376693) x13 0x00000273
core   0: 0x80009258 (0xfec10e23) sb      a2, -4(sp)
core   0: 3 0x80009258 (0xfec10e23) mem 0x800107e6 0x3
core   0: 0x8000925c (0x31aa2f13) slti    t5, s4, 794
core   0: 3 0x8000925c (0x31aa2f13) x30 0x00000001
core   0: 0x80009260 (0x00000001) c.nop
core   0: 3 0x80009260 (0x0001)
core   0: 0x80009262 (0x01310023) sb      s3, 0(sp)
core   0: 3 0x80009262 (0x01310023) mem 0x800107ea 0x0
core   0: 0x80009266 (0xff110fa3) sb      a7, -1(sp)
core   0: 3 0x80009266 (0xff110fa3) mem 0x800107e9 0x1
core   0: 0x8000926a (0x00008f3d) c.xor   a4, a5
core   0: 3 0x8000926a (0x8f3d) x14 0x00000000
core   0: 0x8000926c (0x0ff0000f) fence   iorw,iorw
core   0: 3 0x8000926c (0x0ff0000f)
core   0: 0x80009270 (0x00001c7d) c.addi  s8, -1
core   0: 3 0x80009270 (0x1c7d) x24 0xffffffff
core   0: 0x80009272 (0x00008521) c.srai  a0, 8
core   0: 3 0x80009272 (0x8521) x10 0x00000000
core   0: 0x80009274 (0x00000001) c.nop
core   0: 3 0x80009274 (0x0001)
core   0: 0x80009276 (0x01832f33) slt     t5, t1, s8
core   0: 3 0x80009276 (0x01832f33) x30 0x00000000
core   0: 0x8000927a (0x0090ccb3) xor     s9, ra, s1
core   0: 3 0x8000927a (0x0090ccb3) x25 0xffffffff
core   0: 0x8000927e (0xfff108a3) sb      t6, -15(sp)
core   0: 3 0x8000927e (0xfff108a3) mem 0x800107db 0x0
core   0: 0x80009282 (0x01110323) sb      a7, 6(sp)
core   0: 3 0x80009282 (0x01110323) mem 0x800107f0 0x1
core   0: 0x80009286 (0xfef10d23) sb      a5, -6(sp)
core   0: 3 0x80009286 (0xfef10d23) mem 0x800107e4 0x0
core   0: 0x8000928a (0xfff10303) lb      t1, -1(sp)
core   0: 3 0x8000928a (0xfff10303) x 6 0x00000001 mem 0x800107e9
core   0: 0x8000928e (0x00b8aeb3) slt     t4, a7, a1
core   0: 3 0x8000928e (0x00b8aeb3) x29 0x00000001
core   0: 0x80009292 (0x01310223) sb      s3, 4(sp)
core   0: 3 0x80009292 (0x01310223) mem 0x800107ee 0x0
core   0: 0x80009296 (0x0ff0000f) fence   iorw,iorw
core   0: 3 0x80009296 (0x0ff0000f)
core   0: 0x8000929a (0x0ff0000f) fence   iorw,iorw
core   0: 3 0x8000929a (0x0ff0000f)
core   0: 0x8000929e (0xff714883) lbu     a7, -9(sp)
core   0: 3 0x8000929e (0xff714883) x17 0x00000000 mem 0x800107e1
core   0: 0x800092a2 (0x3a523337) lui     t1, 0x3a523
core   0: 3 0x800092a2 (0x3a523337) x 6 0x3a523000
core   0: 0x800092a6 (0xff811e23) sh      s8, -4(sp)
core   0: 3 0x800092a6 (0xff811e23) mem 0x800107e6 0xffff
core   0: 0x800092aa (0x01f29e33) sll     t3, t0, t6
core   0: 3 0x800092aa (0x01f29e33) x28 0x00000000
core   0: 0x800092ae (0xffc10f83) lb      t6, -4(sp)
core   0: 3 0x800092ae (0xffc10f83) x31 0xffffffff mem 0x800107e6
core   0: 0x800092b2 (0x00010c97) auipc   s9, 0x10
core   0: 3 0x800092b2 (0x00010c97) x25 0x800192b2
core   0: 0x800092b6 (0xcdec8c93) addi    s9, s9, -802
core   0: 3 0x800092b6 (0xcdec8c93) x25 0x80018f90
core   0: 0x800092ba (0x0050eeb3) or      t4, ra, t0
core   0: 3 0x800092ba (0x0050eeb3) x29 0xffffffff
core   0: 0x800092be (0xf68cc983) lbu     s3, -152(s9)
core   0: 3 0x800092be (0xf68cc983) x19 0x00000000 mem 0x80018ef8
core   0: 0x800092c2 (0xf68cab83) lw      s7, -152(s9)
core   0: 3 0x800092c2 (0xf68cab83) x23 0x00000000 mem 0x80018ef8
core   0: 0x800092c6 (0xf64ca423) sw      tp, -152(s9)
core   0: 3 0x800092c6 (0xf64ca423) mem 0x80018ef8 0x00000000
core   0: 0x800092ca (0xf16cc203) lbu     tp, -234(s9)
core   0: 3 0x800092ca (0xf16cc203) x 4 0x00000000 mem 0x80018ea6
core   0: 0x800092ce (0xfa5cc403) lbu     s0, -91(s9)
core   0: 3 0x800092ce (0xfa5cc403) x 8 0x00000000 mem 0x80018f35
core   0: 0x800092d2 (0xfa5cc683) lbu     a3, -91(s9)
core   0: 3 0x800092d2 (0xfa5cc683) x13 0x00000000 mem 0x80018f35
core   0: 0x800092d6 (0xfa5c8503) lb      a0, -91(s9)
core   0: 3 0x800092d6 (0xfa5c8503) x10 0x00000000 mem 0x80018f35
core   0: 0x800092da (0xf7cca023) sw      t3, -160(s9)
core   0: 3 0x800092da (0xf7cca023) mem 0x80018ef0 0x00000000
core   0: 0x800092de (0xf7ec8023) sb      t5, -160(s9)
core   0: 3 0x800092de (0xf7ec8023) mem 0x80018ef0 0x0
core   0: 0x800092e2 (0xf25cc983) lbu     s3, -219(s9)
core   0: 3 0x800092e2 (0xf25cc983) x19 0x00000000 mem 0x80018eb5
core   0: 0x800092e6 (0xf25cc403) lbu     s0, -219(s9)
core   0: 3 0x800092e6 (0xf25cc403) x 8 0x00000000 mem 0x80018eb5
core   0: 0x800092ea (0xf37c82a3) sb      s7, -219(s9)
core   0: 3 0x800092ea (0xf37c82a3) mem 0x80018eb5 0x0
core   0: 0x800092ee (0xf97c8683) lb      a3, -105(s9)
core   0: 3 0x800092ee (0xf97c8683) x13 0x00000000 mem 0x80018f27
core   0: 0x800092f2 (0x00008e39) c.xor   a2, a4
core   0: 3 0x800092f2 (0x8e39) x12 0x95e73103
core   0: 0x800092f4 (0xf97cc183) lbu     gp, -105(s9)
core   0: 3 0x800092f4 (0xf97cc183) x 3 0x00000000 mem 0x80018f27
core   0: 0x800092f8 (0xf97ccf03) lbu     t5, -105(s9)
core   0: 3 0x800092f8 (0xf97ccf03) x30 0x00000000 mem 0x80018f27
core   0: 0x800092fc (0x01f4e433) or      s0, s1, t6
core   0: 3 0x800092fc (0x01f4e433) x 8 0xffffffff
core   0: 0x80009300 (0x40e2dd13) srai    s10, t0, 14
core   0: 3 0x80009300 (0x40e2dd13) x26 0x00000000
core   0: 0x80009304 (0x009c6d37) lui     s10, 0x9c6
core   0: 3 0x80009304 (0x009c6d37) x26 0x009c6000
core   0: 0x80009308 (0x0dbc82a3) sb      s11, 197(s9)
core   0: 3 0x80009308 (0x0dbc82a3) mem 0x80019055 0x1
core   0: 0x8000930c (0x0ddc82a3) sb      t4, 197(s9)
core   0: 3 0x8000930c (0x0ddc82a3) mem 0x80019055 0xff
core   0: 0x80009310 (0x0c7c82a3) sb      t2, 197(s9)
core   0: 3 0x80009310 (0x0c7c82a3) mem 0x80019055 0x5c
core   0: 0x80009314 (0x0040026f) jal     tp, pc + 0x4
core   0: 3 0x80009314 (0x0040026f) x 4 0x80009318
core   0: 0x80009318 (0x00002011) c.jal   pc + 4
core   0: 3 0x80009318 (0x2011) x 1 0x8000931a
core   0: 0x8000931c (0x00002009) c.jal   pc + 2
core   0: 3 0x8000931c (0x2009) x 1 0x8000931e
core   0: 0x8000931e (0x0000a031) c.j     pc + 12
core   0: 3 0x8000931e (0xa031)
core   0: 0x8000932a (0x0000a011) c.j     pc + 4
core   0: 3 0x8000932a (0xa011)
core   0: 0x8000932e (0x0000bfcd) c.j     pc - 14
core   0: 3 0x8000932e (0xbfcd)
core   0: 0x80009320 (0x00002829) c.jal   pc + 26
core   0: 3 0x80009320 (0x2829) x 1 0x80009322
core   0: 0x8000933a (0x00003fe5) c.jal   pc - 8
core   0: 3 0x8000933a (0x3fe5) x 1 0x8000933c
core   0: 0x80009332 (0x0000a011) c.j     pc + 4
core   0: 3 0x80009332 (0xa011)
core   0: 0x80009336 (0xfedff0ef) jal     pc - 0x14
core   0: 3 0x80009336 (0xfedff0ef) x 1 0x8000933a
core   0: 0x80009322 (0x0000a809) c.j     pc + 18
core   0: 3 0x80009322 (0xa809)
core   0: 0x80009334 (0x0000bfd5) c.j     pc - 12
core   0: 3 0x80009334 (0xbfd5)
core   0: 0x80009328 (0x0000bfcd) c.j     pc - 14
core   0: 3 0x80009328 (0xbfcd)
core   0: 0x8000931a (0x0000a809) c.j     pc + 18
core   0: 3 0x8000931a (0xa809)
core   0: 0x8000932c (0x0000a011) c.j     pc + 4
core   0: 3 0x8000932c (0xa011)
core   0: 0x80009330 (0x0000bfd5) c.j     pc - 12
core   0: 3 0x80009330 (0xbfd5)
core   0: 0x80009324 (0x018000ef) jal     pc + 0x18
core   0: 3 0x80009324 (0x018000ef) x 1 0x80009328
core   0: 0x8000933c (0x00ed4333) xor     t1, s10, a4
core   0: 3 0x8000933c (0x00ed4333) x 6 0x009c6000
core   0: 0x80009340 (0x00018317) auipc   t1, 0x18
core   0: 3 0x80009340 (0x00018317) x 6 0x80021340
core   0: 0x80009344 (0xaba30313) addi    t1, t1, -1350
core   0: 3 0x80009344 (0xaba30313) x 6 0x80020dfa
core   0: 0x80009348 (0x00008881) c.andi  s1, 0
core   0: 3 0x80009348 (0x8881) x 9 0x00000000
core   0: 0x8000934a (0x014303a3) sb      s4, 7(t1)
core   0: 3 0x8000934a (0x014303a3) mem 0x80020e01 0x0
core   0: 0x8000934e (0x009044b3) xor     s1, zero, s1
core   0: 3 0x8000934e (0x009044b3) x 9 0x00000000
core   0: 0x80009352 (0xfe730283) lb      t0, -25(t1)
core   0: 3 0x80009352 (0xfe730283) x 5 0x00000000 mem 0x80020de1
core   0: 0x80009356 (0xff4304a3) sb      s4, -23(t1)
core   0: 3 0x80009356 (0xff4304a3) mem 0x80020de3 0x0
core   0: 0x8000935a (0xfe4305a3) sb      tp, -21(t1)
core   0: 3 0x8000935a (0xfe4305a3) mem 0x80020de5 0x18
core   0: 0x8000935e (0x014306a3) sb      s4, 13(t1)
core   0: 3 0x8000935e (0x014306a3) mem 0x80020e07 0x0
core   0: 0x80009362 (0x40d2d213) srai    tp, t0, 13
core   0: 3 0x80009362 (0x40d2d213) x 4 0x00000000
core   0: 0x80009366 (0xdc202293) slti    t0, zero, -574
core   0: 3 0x80009366 (0xdc202293) x 5 0x00000000
core   0: 0x8000936a (0x01630da3) sb      s6, 27(t1)
core   0: 3 0x8000936a (0x01630da3) mem 0x80020e15 0x0
core   0: 0x8000936e (0x0242e4b3) rem     s1, t0, tp
core   0: 3 0x8000936e (0x0242e4b3) x 9 0x00000000
core   0: 0x80009372 (0x02403233) mulhu   tp, zero, tp
core   0: 3 0x80009372 (0x02403233) x 4 0x00000000
core   0: 0x80009376 (0x01834b03) lbu     s6, 24(t1)
core   0: 3 0x80009376 (0x01834b03) x22 0x00000000 mem 0x80020e12
core   0: 0x8000937a (0x000004ca) c.slli  s1, 18
core   0: 3 0x8000937a (0x04ca) x 9 0x00000000
core   0: 0x8000937c (0xfc0306a3) sb      zero, -51(t1)
core   0: 3 0x8000937c (0xfc0306a3) mem 0x80020dc7 0x0
core   0: 0x80009380 (0x000044a5) c.li    s1, 9
core   0: 3 0x80009380 (0x44a5) x 9 0x00000009
core   0: 0x80009382 (0x00008cc5) c.or    s1, s1
core   0: 3 0x80009382 (0x8cc5) x 9 0x00000009
core   0: 0x80009384 (0x03434483) lbu     s1, 52(t1)
core   0: 3 0x80009384 (0x03434483) x 9 0x00000000 mem 0x80020e2e
core   0: 0x80009388 (0x405b5213) srai    tp, s6, 5
core   0: 3 0x80009388 (0x405b5213) x 4 0x00000000
core   0: 0x8000938c (0xfdf30483) lb      s1, -33(t1)
core   0: 3 0x8000938c (0xfdf30483) x 9 0x00000000 mem 0x80020dd9
core   0: 0x80009390 (0x01629493) slli    s1, t0, 22
core   0: 3 0x80009390 (0x01629493) x 9 0x00000000
core   0: 0x80009394 (0xfe5303a3) sb      t0, -25(t1)
core   0: 3 0x80009394 (0xfe5303a3) mem 0x80020de1 0x0
core   0: 0x80009398 (0x0144ca33) xor     s4, s1, s4
core   0: 3 0x80009398 (0x0144ca33) x20 0x00000000
core   0: 0x8000939c (0x036b74b3) remu    s1, s6, s6
core   0: 3 0x8000939c (0x036b74b3) x 9 0x00000000
core   0: 0x800093a0 (0x01734003) lbu     zero, 23(t1)
core   0: 3 0x800093a0 (0x01734003) mem 0x80020e11
core   0: 0x800093a4 (0x005012b3) sll     t0, zero, t0
core   0: 3 0x800093a4 (0x005012b3) x 5 0x00000000
core   0: 0x800093a8 (0x00008ce5) c.and   s1, s1
core   0: 3 0x800093a8 (0x8ce5) x 9 0x00000000
core   0: 0x800093aa (0x0292a2b3) mulhsu  t0, t0, s1
core   0: 3 0x800093aa (0x0292a2b3) x 5 0x00000000
core   0: 0x800093ae (0x00008cc5) c.or    s1, s1
core   0: 3 0x800093ae (0x8cc5) x 9 0x00000000
core   0: 0x800093b0 (0xfeb30003) lb      zero, -21(t1)
core   0: 3 0x800093b0 (0xfeb30003) mem 0x80020de5
core   0: 0x800093b4 (0x00000001) c.nop
core   0: 3 0x800093b4 (0x0001)
core   0: 0x800093b6 (0x42b4ab37) lui     s6, 0x42b4a
core   0: 3 0x800093b6 (0x42b4ab37) x22 0x42b4a000
core   0: 0x800093ba (0xff934b03) lbu     s6, -7(t1)
core   0: 3 0x800093ba (0xff934b03) x22 0x00000000 mem 0x80020df3
core   0: 0x800093be (0x01423a33) sltu    s4, tp, s4
core   0: 3 0x800093be (0x01423a33) x20 0x00000000
core   0: 0x800093c2 (0xfcd30003) lb      zero, -51(t1)
core   0: 3 0x800093c2 (0xfcd30003) mem 0x80020dc7
core   0: 0x800093c6 (0x00006a35) c.lui   s4, 0xd
core   0: 3 0x800093c6 (0x6a35) x20 0x0000d000
core   0: 0x800093c8 (0x00730283) lb      t0, 7(t1)
core   0: 3 0x800093c8 (0x00730283) x 5 0x00000000 mem 0x80020e01
core   0: 0x800093cc (0xfcc34283) lbu     t0, -52(t1)
core   0: 3 0x800093cc (0xfcc34283) x 5 0x00000000 mem 0x80020dc6
core   0: 0x800093d0 (0xfc5304a3) sb      t0, -55(t1)
core   0: 3 0x800093d0 (0xfc5304a3) mem 0x80020dc3 0x0
core   0: 0x800093d4 (0x00000001) c.nop
core   0: 3 0x800093d4 (0x0001)
core   0: 0x800093d6 (0x51528013) addi    zero, t0, 1301
core   0: 3 0x800093d6 (0x51528013)
core   0: 0x800093da (0x00834b03) lbu     s6, 8(t1)
core   0: 3 0x800093da (0x00834b03) x22 0x00000000 mem 0x80020e02
core   0: 0x800093de (0x0000ab97) auipc   s7, 0xa
core   0: 3 0x800093de (0x0000ab97) x23 0x800133de
core   0: 0x800093e2 (0xa38b8b93) addi    s7, s7, -1480
core   0: 3 0x800093e2 (0xa38b8b93) x23 0x80012e16
core   0: 0x800093e6 (0x00010997) auipc   s3, 0x10
core   0: 3 0x800093e6 (0x00010997) x19 0x800193e6
core   0: 0x800093ea (0x67298993) addi    s3, s3, 1650
core   0: 3 0x800093ea (0x67298993) x19 0x80019a58
core   0: 0x800093ee (0x00cbce83) lbu     t4, 12(s7)
core   0: 3 0x800093ee (0x00cbce83) x29 0x00000000 mem 0x80012e22
core   0: 0x800093f2 (0x00eb8223) sb      a4, 4(s7)
core   0: 3 0x800093f2 (0x00eb8223) mem 0x80012e1a 0x0
core   0: 0x800093f6 (0x004b9f03) lh      t5, 4(s7)
core   0: 3 0x800093f6 (0x004b9f03) x30 0x00000000 mem 0x80012e1a
core   0: 0x800093fa (0x00098683) lb      a3, 0(s3)
core   0: 3 0x800093fa (0x00098683) x13 0x00000000 mem 0x80019a58
core   0: 0x800093fe (0x01d984a3) sb      t4, 9(s3)
core   0: 3 0x800093fe (0x01d984a3) mem 0x80019a61 0x0
core   0: 0x80009402 (0x005b8603) lb      a2, 5(s7)
core   0: 3 0x80009402 (0x005b8603) x12 0x00000000 mem 0x80012e1b
core   0: 0x80009406 (0xffe99d23) sh      t5, -6(s3)
core   0: 3 0x80009406 (0xffe99d23) mem 0x80019a52 0x0000
core   0: 0x8000940a (0x017b83a3) sb      s7, 7(s7)
core   0: 3 0x8000940a (0x017b83a3) mem 0x80012e1d 0x16
core   0: 0x8000940e (0xffbbc903) lbu     s2, -5(s7)
core   0: 3 0x8000940e (0xffbbc903) x18 0x00000000 mem 0x80012e11
core   0: 0x80009412 (0x0079c283) lbu     t0, 7(s3)
core   0: 3 0x80009412 (0x0079c283) x 5 0x00000000 mem 0x80019a5f
core   0: 0x80009416 (0xff0b9c03) lh      s8, -16(s7)
core   0: 3 0x80009416 (0xff0b9c03) x24 0x00000000 mem 0x80012e06
core   0: 0x8000941a (0x0039a023) sw      gp, 0(s3)
core   0: 3 0x8000941a (0x0039a023) mem 0x80019a58 0x00000000
core   0: 0x8000941e (0xff9bc283) lbu     t0, -7(s7)
core   0: 3 0x8000941e (0xff9bc283) x 5 0x00000000 mem 0x80012e0f
core   0: 0x80009422 (0xffe99d23) sh      t5, -6(s3)
core   0: 3 0x80009422 (0xffe99d23) mem 0x80019a52 0x0000
core   0: 0x80009426 (0x010b9303) lh      t1, 16(s7)
core   0: 3 0x80009426 (0x010b9303) x 6 0x00000000 mem 0x80012e26
core   0: 0x8000942a (0xfe4b8c23) sb      tp, -8(s7)
core   0: 3 0x8000942a (0xfe4b8c23) mem 0x80012e0e 0x0
core   0: 0x8000942e (0xffe9cb03) lbu     s6, -2(s3)
core   0: 3 0x8000942e (0xffe9cb03) x22 0x00000000 mem 0x80019a56
core   0: 0x80009432 (0xffe00513) li      a0, -2
core   0: 3 0x80009432 (0xffe00513) x10 0xfffffffe
core   0: 0x80009436 (0xff600c93) li      s9, -10
core   0: 3 0x80009436 (0xff600c93) x25 0xfffffff6
core   0: 0x8000943a (0x01184133) xor     sp, a6, a7
core   0: 3 0x8000943a (0x01184133) x 2 0x00000000
core   0: 0x8000943e (0x00009316) c.add   t1, t0
core   0: 3 0x8000943e (0x9316) x 6 0x00000000
core   0: 0x80009440 (0x0270c6b3) div     a3, ra, t2
core   0: 3 0x80009440 (0x0270c6b3) x13 0x00000001
core   0: 0x80009444 (0x008f8733) add     a4, t6, s0
core   0: 3 0x80009444 (0x008f8733) x14 0xfffffffe
core   0: 0x80009448 (0x00001571) c.addi  a0, -4
core   0: 3 0x80009448 (0x1571) x10 0xfffffffa
core   0: 0x8000944a (0x4063dd93) srai    s11, t2, 6
core   0: 3 0x8000944a (0x4063dd93) x27 0xfe000979
core   0: 0x8000944e (0x00008f32) c.mv    t5, a2
core   0: 3 0x8000944e (0x8f32) x30 0x00000000
core   0: 0x80009450 (0x0000129c) c.addi4spn a5, sp, 352
core   0: 3 0x80009450 (0x129c) x15 0x00000160
core   0: 0x80009452 (0xff9516e3) bne     a0, s9, pc - 20
core   0: 3 0x80009452 (0xff9516e3)
core   0: 0x8000943e (0x00009316) c.add   t1, t0
core   0: 3 0x8000943e (0x9316) x 6 0x00000000
core   0: 0x80009440 (0x0270c6b3) div     a3, ra, t2
core   0: 3 0x80009440 (0x0270c6b3) x13 0x00000001
core   0: 0x80009444 (0x008f8733) add     a4, t6, s0
core   0: 3 0x80009444 (0x008f8733) x14 0xfffffffe
core   0: 0x80009448 (0x00001571) c.addi  a0, -4
core   0: 3 0x80009448 (0x1571) x10 0xfffffff6
core   0: 0x8000944a (0x4063dd93) srai    s11, t2, 6
core   0: 3 0x8000944a (0x4063dd93) x27 0xfe000979
core   0: 0x8000944e (0x00008f32) c.mv    t5, a2
core   0: 3 0x8000944e (0x8f32) x30 0x00000000
core   0: 0x80009450 (0x0000129c) c.addi4spn a5, sp, 352
core   0: 3 0x80009450 (0x129c) x15 0x00000160
core   0: 0x80009452 (0xff9516e3) bne     a0, s9, pc - 20
core   0: 3 0x80009452 (0xff9516e3)
core   0: 0x80009456 (0x00008f11) c.sub   a4, a2
core   0: 3 0x80009456 (0x8f11) x14 0xfffffffe
core   0: 0x80009458 (0xffb00693) li      a3, -5
core   0: 3 0x80009458 (0xffb00693) x13 0xfffffffb
core   0: 0x8000945c (0x0113da13) srli    s4, t2, 17
core   0: 3 0x8000945c (0x0113da13) x20 0x00004001
core   0: 0x80009460 (0x00000001) c.nop
core   0: 3 0x80009460 (0x0001)
core   0: 0x80009462 (0x0227b2b3) mulhu   t0, a5, sp
core   0: 3 0x80009462 (0x0227b2b3) x 5 0x00000000
core   0: 0x80009466 (0x00000001) c.nop
core   0: 3 0x80009466 (0x0001)
core   0: 0x80009468 (0x0000100f) fence.i
core   0: 3 0x80009468 (0x0000100f)
core   0: 0x8000946c (0xa5736b93) ori     s7, t1, -1449
core   0: 3 0x8000946c (0xa5736b93) x23 0xfffffa57
core   0: 0x80009470 (0xb397fe93) andi    t4, a5, -1223
core   0: 3 0x80009470 (0xb397fe93) x29 0x00000120
core   0: 0x80009474 (0x00000f1c) c.addi4spn a5, sp, 912
core   0: 3 0x80009474 (0x0f1c) x15 0x00000390
core   0: 0x80009476 (0x00000695) c.addi  a3, 5
core   0: 3 0x80009476 (0x0695) x13 0x00000000
core   0: 0x80009478 (0x52b02413) slti    s0, zero, 1323
core   0: 3 0x80009478 (0x52b02413) x 8 0x00000001
core   0: 0x8000947c (0x00600713) li      a4, 6
core   0: 3 0x8000947c (0x00600713) x14 0x00000006
core   0: 0x80009480 (0xff100313) li      t1, -15
core   0: 3 0x80009480 (0xff100313) x 6 0xfffffff1
core   0: 0x80009484 (0x00008ff9) c.and   a5, a4
core   0: 3 0x80009484 (0x8ff9) x15 0x00000000
core   0: 0x80009486 (0x00008f95) c.sub   a5, a3
core   0: 3 0x80009486 (0x8f95) x15 0x00000000
core   0: 0x80009488 (0x00008c62) c.mv    s8, s8
core   0: 3 0x80009488 (0x8c62) x24 0x00000000
core   0: 0x8000948a (0x00001765) c.addi  a4, -7
core   0: 3 0x8000948a (0x1765) x14 0xffffffff
core   0: 0x8000948c (0x51a3a237) lui     tp, 0x51a3a
core   0: 3 0x8000948c (0x51a3a237) x 4 0x51a3a000
core   0: 0x80009490 (0x00000001) c.nop
core   0: 3 0x80009490 (0x0001)
core   0: 0x80009492 (0xfe670ae3) beq     a4, t1, pc - 12
core   0: 3 0x80009492 (0xfe670ae3)
core   0: 0x80009496 (0x000088de) c.mv    a7, s7
core   0: 3 0x80009496 (0x88de) x17 0xfffffa57
core   0: 0x80009498 (0x00ed9113) slli    sp, s11, 14
core   0: 3 0x80009498 (0x00ed9113) x 2 0x025e4000
core   0: 0x8000949c (0x00000001) c.nop
core   0: 3 0x8000949c (0x0001)
core   0: 0x8000949e (0x000080e1) c.srli  s1, 24
core   0: 3 0x8000949e (0x80e1) x 9 0x00000000
core   0: 0x800094a0 (0xc280fd13) andi    s10, ra, -984
core   0: 3 0x800094a0 (0xc280fd13) x26 0x80009028
core   0: 0x800094a4 (0x0000f6f1) c.bnez  a3, pc - 52
core   0: 3 0x800094a4 (0xf6f1)
core   0: 0x800094a6 (0x00008d45) c.or    a0, s1
core   0: 3 0x800094a6 (0x8d45) x10 0xfffffff6
core   0: 0x800094a8 (0x00007717) auipc   a4, 0x7
core   0: 3 0x800094a8 (0x00007717) x14 0x800104a8
core   0: 0x800094ac (0xdec70713) addi    a4, a4, -532
core   0: 3 0x800094ac (0xdec70713) x14 0x80010294
core   0: 0x800094b0 (0x0000dd97) auipc   s11, 0xd
core   0: 3 0x800094b0 (0x0000dd97) x27 0x800164b0
core   0: 0x800094b4 (0xbf6d8d93) addi    s11, s11, -1034
core   0: 3 0x800094b4 (0xbf6d8d93) x27 0x800160a6
core   0: 0x800094b8 (0x00671403) lh      s0, 6(a4)
core   0: 3 0x800094b8 (0x00671403) x 8 0x00000000 mem 0x8001029a
core   0: 0x800094bc (0x00a702a3) sb      a0, 5(a4)
core   0: 3 0x800094bc (0x00a702a3) mem 0x80010299 0xf6
core   0: 0x800094c0 (0x029d8903) lb      s2, 41(s11)
core   0: 3 0x800094c0 (0x029d8903) x18 0x00000000 mem 0x800160cf
core   0: 0x800094c4 (0x03ed8603) lb      a2, 62(s11)
core   0: 3 0x800094c4 (0x03ed8603) x12 0x00000000 mem 0x800160e4
core   0: 0x800094c8 (0xff370403) lb      s0, -13(a4)
core   0: 3 0x800094c8 (0xff370403) x 8 0x00000000 mem 0x80010287
core   0: 0x800094cc (0xfe1d8783) lb      a5, -31(s11)
core   0: 3 0x800094cc (0xfe1d8783) x15 0x00000000 mem 0x80016087
core   0: 0x800094d0 (0xffd74603) lbu     a2, -3(a4)
core   0: 3 0x800094d0 (0xffd74603) x12 0x00000000 mem 0x80010291
core   0: 0x800094d4 (0x00a75b83) lhu     s7, 10(a4)
core   0: 3 0x800094d4 (0x00a75b83) x23 0x00000000 mem 0x8001029e
core   0: 0x800094d8 (0xfe570a23) sb      t0, -12(a4)
core   0: 3 0x800094d8 (0xfe570a23) mem 0x80010288 0x0
core   0: 0x800094dc (0x068ddb03) lhu     s6, 104(s11)
core   0: 3 0x800094dc (0x068ddb03) x22 0x00000000 mem 0x8001610e
core   0: 0x800094e0 (0xffb70ca3) sb      s11, -7(a4)
core   0: 3 0x800094e0 (0xffb70ca3) mem 0x8001028d 0xa6
core   0: 0x800094e4 (0x059d8e83) lb      t4, 89(s11)
core   0: 3 0x800094e4 (0x059d8e83) x29 0x00000000 mem 0x800160ff
core   0: 0x800094e8 (0xffd70a23) sb      t4, -12(a4)
core   0: 3 0x800094e8 (0xffd70a23) mem 0x80010288 0x0
core   0: 0x800094ec (0xfacd9303) lh      t1, -84(s11)
core   0: 3 0x800094ec (0xfacd9303) x 6 0x00000000 mem 0x80016052
core   0: 0x800094f0 (0x00007717) auipc   a4, 0x7
core   0: 3 0x800094f0 (0x00007717) x14 0x800104f0
core   0: 0x800094f4 (0xbc870713) addi    a4, a4, -1080
core   0: 3 0x800094f4 (0xbc870713) x14 0x800100b8
core   0: 0x800094f8 (0x05d70283) lb      t0, 93(a4)
core   0: 3 0x800094f8 (0x05d70283) x 5 0x00000000 mem 0x80010115
core   0: 0x800094fc (0x0e470903) lb      s2, 228(a4)
core   0: 3 0x800094fc (0x0e470903) x18 0x00000000 mem 0x8001019c
core   0: 0x80009500 (0x0e174c83) lbu     s9, 225(a4)
core   0: 3 0x80009500 (0x0e174c83) x25 0x00000000 mem 0x80010199
core   0: 0x80009504 (0x02445233) divu    tp, s0, tp
core   0: 3 0x80009504 (0x02445233) x 4 0x00000000
core   0: 0x80009508 (0x02c661b3) rem     gp, a2, a2
core   0: 3 0x80009508 (0x02c661b3) x 3 0x00000000
core   0: 0x8000950c (0x07271503) lh      a0, 114(a4)
core   0: 3 0x8000950c (0x07271503) x10 0x00000000 mem 0x8001012a
core   0: 0x80009510 (0x07b74c03) lbu     s8, 123(a4)
core   0: 3 0x80009510 (0x07b74c03) x24 0x00000000 mem 0x80010133
core   0: 0x80009514 (0x0000852d) c.srai  a0, 11
core   0: 3 0x80009514 (0x852d) x10 0x00000000
core   0: 0x80009516 (0x06c70b23) sb      a2, 118(a4)
core   0: 3 0x80009516 (0x06c70b23) mem 0x8001012e 0x0
core   0: 0x8000951a (0xff870ba3) sb      s8, -9(a4)
core   0: 3 0x8000951a (0xff870ba3) mem 0x800100af 0x0
core   0: 0x8000951e (0x0d974503) lbu     a0, 217(a4)
core   0: 3 0x8000951e (0x0d974503) x10 0x00000000 mem 0x80010191
core   0: 0x80009522 (0x020259b3) divu    s3, tp, zero
core   0: 3 0x80009522 (0x020259b3) x19 0xffffffff
core   0: 0x80009526 (0x06170ca3) sb      ra, 121(a4)
core   0: 3 0x80009526 (0x06170ca3) mem 0x80010131 0x28
core   0: 0x8000952a (0x01f13333) sltu    t1, sp, t6
core   0: 3 0x8000952a (0x01f13333) x 6 0x00000001
core   0: 0x8000952e (0xfdd70303) lb      t1, -35(a4)
core   0: 3 0x8000952e (0xfdd70303) x 6 0x00000000 mem 0x80010095
core   0: 0x80009532 (0x08774903) lbu     s2, 135(a4)
core   0: 3 0x80009532 (0x08774903) x18 0x00000000 mem 0x8001013f
core   0: 0x80009536 (0x07170ba3) sb      a7, 119(a4)
core   0: 3 0x80009536 (0x07170ba3) mem 0x8001012f 0x57
core   0: 0x8000953a (0xf9d74883) lbu     a7, -99(a4)
core   0: 3 0x8000953a (0xf9d74883) x17 0x00000000 mem 0x80010055
core   0: 0x8000953e (0xfe271523) sh      sp, -22(a4)
core   0: 3 0x8000953e (0xfe271523) mem 0x800100a2 0x4000
core   0: 0x80009542 (0xffc70603) lb      a2, -4(a4)
core   0: 3 0x80009542 (0xffc70603) x12 0x00000000 mem 0x800100b4
core   0: 0x80009546 (0x00000cee) c.slli  s9, 27
core   0: 3 0x80009546 (0x0cee) x25 0x00000000
core   0: 0x80009548 (0x000087ad) c.srai  a5, 11
core   0: 3 0x80009548 (0x87ad) x15 0x00000000
core   0: 0x8000954a (0x00008c2d) c.xor   s0, a1
core   0: 3 0x8000954a (0x8c2d) x 8 0x01a73103
core   0: 0x8000954c (0x0019b533) sltu    a0, s3, ra
core   0: 3 0x8000954c (0x0019b533) x10 0x00000000
core   0: 0x80009550 (0xdf73ea13) ori     s4, t2, -521
core   0: 3 0x80009550 (0xdf73ea13) x20 0xffffffff
core   0: 0x80009554 (0x1ce99bb7) lui     s7, 0x1ce99
core   0: 3 0x80009554 (0x1ce99bb7) x23 0x1ce99000
core   0: 0x80009558 (0xfcf70803) lb      a6, -49(a4)
core   0: 3 0x80009558 (0xfcf70803) x16 0x00000000 mem 0x80010087
core   0: 0x8000955c (0x03cc3d33) mulhu   s10, s8, t3
core   0: 3 0x8000955c (0x03cc3d33) x26 0x00000000
core   0: 0x80009560 (0x00a984b3) add     s1, s3, a0
core   0: 3 0x80009560 (0x00a984b3) x 9 0xffffffff
core   0: 0x80009564 (0x0ab70403) lb      s0, 171(a4)
core   0: 3 0x80009564 (0x0ab70403) x 8 0x00000000 mem 0x80010163
core   0: 0x80009568 (0x08074b83) lbu     s7, 128(a4)
core   0: 3 0x80009568 (0x08074b83) x23 0x00000000 mem 0x80010138
core   0: 0x8000956c (0x00000001) c.nop
core   0: 3 0x8000956c (0x0001)
core   0: 0x8000956e (0xfcc71283) lh      t0, -52(a4)
core   0: 3 0x8000956e (0xfcc71283) x 5 0x00000075 mem 0x80010084
core   0: 0x80009572 (0x02afb933) mulhu   s2, t6, a0
core   0: 3 0x80009572 (0x02afb933) x18 0x00000000
core   0: 0x80009576 (0x0009eb33) or      s6, s3, zero
core   0: 3 0x80009576 (0x0009eb33) x22 0xffffffff
core   0: 0x8000957a (0x05070723) sb      a6, 78(a4)
core   0: 3 0x8000957a (0x05070723) mem 0x80010106 0x0
core   0: 0x8000957e (0x0000100f) fence.i
core   0: 3 0x8000957e (0x0000100f)
core   0: 0x80009582 (0x0b871c03) lh      s8, 184(a4)
core   0: 3 0x80009582 (0x0b871c03) x24 0x00000000 mem 0x80010170
core   0: 0x80009586 (0x0c474083) lbu     ra, 196(a4)
core   0: 3 0x80009586 (0x0c474083) x 1 0x00000000 mem 0x8001017c
core   0: 0x8000958a (0xff075303) lhu     t1, -16(a4)
core   0: 3 0x8000958a (0xff075303) x 6 0x00000000 mem 0x800100a8
core   0: 0x8000958e (0x0e370283) lb      t0, 227(a4)
core   0: 3 0x8000958e (0x0e370283) x 5 0x00000000 mem 0x8001019b
core   0: 0x80009592 (0xffe71103) lh      sp, -2(a4)
core   0: 3 0x80009592 (0xffe71103) x 2 0x00000000 mem 0x800100b6
core   0: 0x80009596 (0x00008086) c.mv    ra, ra
core   0: 3 0x80009596 (0x8086) x 1 0x00000000
core   0: 0x80009598 (0x02e152b3) divu    t0, sp, a4
core   0: 3 0x80009598 (0x02e152b3) x 5 0x00000000
core   0: 0x8000959c (0x04171823) sh      ra, 80(a4)
core   0: 3 0x8000959c (0x04171823) mem 0x80010108 0x0000
core   0: 0x800095a0 (0x0f170fa3) sb      a7, 255(a4)
core   0: 3 0x800095a0 (0x0f170fa3) mem 0x800101b7 0x0
core   0: 0x800095a4 (0x00600693) li      a3, 6
core   0: 3 0x800095a4 (0x00600693) x13 0x00000006
core   0: 0x800095a8 (0x02c341b3) div     gp, t1, a2
core   0: 3 0x800095a8 (0x02c341b3) x 3 0xffffffff
core   0: 0x800095ac (0x00009a7d) c.andi  a2, -1
core   0: 3 0x800095ac (0x9a7d) x12 0x00000000
core   0: 0x800095ae (0x00a192b3) sll     t0, gp, a0
core   0: 3 0x800095ae (0x00a192b3) x 5 0xffffffff
core   0: 0x800095b2 (0x00008271) c.srli  a2, 28
core   0: 3 0x800095b2 (0x8271) x12 0x00000000
core   0: 0x800095b4 (0x007c0733) add     a4, s8, t2
core   0: 3 0x800095b4 (0x007c0733) x14 0x80025e5c
core   0: 0x800095b8 (0x00000001) c.nop
core   0: 3 0x800095b8 (0x0001)
core   0: 0x800095ba (0x00001c10) c.addi4spn a2, sp, 560
core   0: 3 0x800095ba (0x1c10) x12 0x00000230
core   0: 0x800095bc (0x00000001) c.nop
core   0: 3 0x800095bc (0x0001)
core   0: 0x800095be (0x6c613313) sltiu   t1, sp, 1734
core   0: 3 0x800095be (0x6c613313) x 6 0x00000001
core   0: 0x800095c2 (0x00000001) c.nop
core   0: 3 0x800095c2 (0x0001)
core   0: 0x800095c4 (0x00005b7d) c.li    s6, -1
core   0: 3 0x800095c4 (0x5b7d) x22 0xffffffff
core   0: 0x800095c6 (0x023acfb3) div     t6, s5, gp
core   0: 3 0x800095c6 (0x023acfb3) x31 0x7ffd631c
core   0: 0x800095ca (0x00008e2d) c.xor   a2, a1
core   0: 3 0x800095ca (0x8e2d) x12 0x01a73333
core   0: 0x800095cc (0x000016f5) c.addi  a3, -3
core   0: 3 0x800095cc (0x16f5) x13 0x00000003
core   0: 0x800095ce (0xe8b02093) slti    ra, zero, -373
core   0: 3 0x800095ce (0xe8b02093) x 1 0x00000000
core   0: 0x800095d2 (0x00009a7d) c.andi  a2, -1
core   0: 3 0x800095d2 (0x9a7d) x12 0x01a73333
core   0: 0x800095d4 (0x0000f6ed) c.bnez  a3, pc - 22
core   0: 3 0x800095d4 (0xf6ed)
core   0: 0x800095be (0x6c613313) sltiu   t1, sp, 1734
core   0: 3 0x800095be (0x6c613313) x 6 0x00000001
core   0: 0x800095c2 (0x00000001) c.nop
core   0: 3 0x800095c2 (0x0001)
core   0: 0x800095c4 (0x00005b7d) c.li    s6, -1
core   0: 3 0x800095c4 (0x5b7d) x22 0xffffffff
core   0: 0x800095c6 (0x023acfb3) div     t6, s5, gp
core   0: 3 0x800095c6 (0x023acfb3) x31 0x7ffd631c
core   0: 0x800095ca (0x00008e2d) c.xor   a2, a1
core   0: 3 0x800095ca (0x8e2d) x12 0x00000230
core   0: 0x800095cc (0x000016f5) c.addi  a3, -3
core   0: 3 0x800095cc (0x16f5) x13 0x00000000
core   0: 0x800095ce (0xe8b02093) slti    ra, zero, -373
core   0: 3 0x800095ce (0xe8b02093) x 1 0x00000000
core   0: 0x800095d2 (0x00009a7d) c.andi  a2, -1
core   0: 3 0x800095d2 (0x9a7d) x12 0x00000230
core   0: 0x800095d4 (0x0000f6ed) c.bnez  a3, pc - 22
core   0: 3 0x800095d4 (0xf6ed)
core   0: 0x800095d6 (0xa2b6b093) sltiu   ra, a3, -1493
core   0: 3 0x800095d6 (0xa2b6b093) x 1 0x00000001
core   0: 0x800095da (0x00500493) li      s1, 5
core   0: 3 0x800095da (0x00500493) x 9 0x00000005
core   0: 0x800095de (0x03e8f7b3) remu    a5, a7, t5
core   0: 3 0x800095de (0x03e8f7b3) x15 0x00000000
core   0: 0x800095e2 (0x00000001) c.nop
core   0: 3 0x800095e2 (0x0001)
core   0: 0x800095e4 (0x00975193) srli    gp, a4, 9
core   0: 3 0x800095e4 (0x00975193) x 3 0x0040012f
core   0: 0x800095e8 (0x00008289) c.srli  a3, 2
core   0: 3 0x800095e8 (0x8289) x13 0x00000000
core   0: 0x800095ea (0x00008e0d) c.sub   a2, a1
core   0: 3 0x800095ea (0x8e0d) x12 0xfe58d12d
core   0: 0x800095ec (0x000014fd) c.addi  s1, -1
core   0: 3 0x800095ec (0x14fd) x 9 0x00000004
core   0: 0x800095ee (0x00900513) li      a0, 9
core   0: 3 0x800095ee (0x00900513) x10 0x00000009
core   0: 0x800095f2 (0x0312efb3) rem     t6, t0, a7
core   0: 3 0x800095f2 (0x0312efb3) x31 0xffffffff
core   0: 0x800095f6 (0xfec00e93) li      t4, -20
core   0: 3 0x800095f6 (0xfec00e93) x29 0xffffffec
core   0: 0x800095fa (0x00008e39) c.xor   a2, a4
core   0: 3 0x800095fa (0x8e39) x12 0x7e5a8f71
core   0: 0x800095fc (0x021f42b3) div     t0, t5, ra
core   0: 3 0x800095fc (0x021f42b3) x 5 0x00000000
core   0: 0x80009600 (0xc86e3197) auipc   gp, 0xc86e3
core   0: 3 0x80009600 (0xc86e3197) x 3 0x486ec600
core   0: 0x80009604 (0x89b0f293) andi    t0, ra, -1893
core   0: 3 0x80009604 (0x89b0f293) x 5 0x00000001
core   0: 0x80009608 (0x00001559) c.addi  a0, -10
core   0: 3 0x80009608 (0x1559) x10 0xffffffff
core   0: 0x8000960a (0xffd558e3) bge     a0, t4, pc - 16
core   0: 3 0x8000960a (0xffd558e3)
core   0: 0x800095fa (0x00008e39) c.xor   a2, a4
core   0: 3 0x800095fa (0x8e39) x12 0xfe58d12d
core   0: 0x800095fc (0x021f42b3) div     t0, t5, ra
core   0: 3 0x800095fc (0x021f42b3) x 5 0x00000000
core   0: 0x80009600 (0xc86e3197) auipc   gp, 0xc86e3
core   0: 3 0x80009600 (0xc86e3197) x 3 0x486ec600
core   0: 0x80009604 (0x89b0f293) andi    t0, ra, -1893
core   0: 3 0x80009604 (0x89b0f293) x 5 0x00000001
core   0: 0x80009608 (0x00001559) c.addi  a0, -10
core   0: 3 0x80009608 (0x1559) x10 0xfffffff5
core   0: 0x8000960a (0xffd558e3) bge     a0, t4, pc - 16
core   0: 3 0x8000960a (0xffd558e3)
core   0: 0x800095fa (0x00008e39) c.xor   a2, a4
core   0: 3 0x800095fa (0x8e39) x12 0x7e5a8f71
core   0: 0x800095fc (0x021f42b3) div     t0, t5, ra
core   0: 3 0x800095fc (0x021f42b3) x 5 0x00000000
core   0: 0x80009600 (0xc86e3197) auipc   gp, 0xc86e3
core   0: 3 0x80009600 (0xc86e3197) x 3 0x486ec600
core   0: 0x80009604 (0x89b0f293) andi    t0, ra, -1893
core   0: 3 0x80009604 (0x89b0f293) x 5 0x00000001
core   0: 0x80009608 (0x00001559) c.addi  a0, -10
core   0: 3 0x80009608 (0x1559) x10 0xffffffeb
core   0: 0x8000960a (0xffd558e3) bge     a0, t4, pc - 16
core   0: 3 0x8000960a (0xffd558e3)
core   0: 0x8000960e (0x0000931e) c.add   t1, t2
core   0: 3 0x8000960e (0x931e) x 6 0x80025e5d
core   0: 0x80009610 (0x0000dce9) c.beqz  s1, pc - 38
core   0: 3 0x80009610 (0xdce9)
core   0: 0x80009612 (0x8227a793) slti    a5, a5, -2014
core   0: 3 0x80009612 (0x8227a793) x15 0x00000000
core   0: 0x80009616 (0x0000e297) auipc   t0, 0xe
core   0: 3 0x80009616 (0x0000e297) x 5 0x80017616
core   0: 0x8000961a (0x2d028293) addi    t0, t0, 720
core   0: 3 0x8000961a (0x2d028293) x 5 0x800178e6
core   0: 0x8000961e (0xfd22dd83) lhu     s11, -46(t0)
core   0: 3 0x8000961e (0xfd22dd83) x27 0x00000000 mem 0x800178b8
core   0: 0x80009622 (0x00f28d83) lb      s11, 15(t0)
core   0: 3 0x80009622 (0x00f28d83) x27 0x00000000 mem 0x800178f5
core   0: 0x80009626 (0x00a28d83) lb      s11, 10(t0)
core   0: 3 0x80009626 (0x00a28d83) x27 0x00000000 mem 0x800178f0
core   0: 0x8000962a (0xfce2de83) lhu     t4, -50(t0)
core   0: 3 0x8000962a (0xfce2de83) x29 0x00000000 mem 0x800178b4
core   0: 0x8000962e (0xfed2c083) lbu     ra, -19(t0)
core   0: 3 0x8000962e (0xfed2c083) x 1 0x00000000 mem 0x800178d3
core   0: 0x80009632 (0x0000626d) c.lui   tp, 0x1b
core   0: 3 0x80009632 (0x626d) x 4 0x0001b000
core   0: 0x80009634 (0x0216bdb3) mulhu   s11, a3, ra
core   0: 3 0x80009634 (0x0216bdb3) x27 0x00000000
core   0: 0x80009638 (0xfc02af23) sw      zero, -34(t0)
core   0: 3 0x80009638 (0xfc02af23) mem 0x800178c4 0x00000000
core   0: 0x8000963c (0x000082cd) c.srli  a3, 19
core   0: 3 0x8000963c (0x82cd) x13 0x00000000
core   0: 0x8000963e (0xfc028ba3) sb      zero, -41(t0)
core   0: 3 0x8000963e (0xfc028ba3) mem 0x800178bd 0x0
core   0: 0x80009642 (0xfcd28d83) lb      s11, -51(t0)
core   0: 3 0x80009642 (0xfcd28d83) x27 0x00000000 mem 0x800178b3
core   0: 0x80009646 (0xfd328083) lb      ra, -45(t0)
core   0: 3 0x80009646 (0xfd328083) x 1 0x00000000 mem 0x800178b9
core   0: 0x8000964a (0x02129123) sh      ra, 34(t0)
core   0: 3 0x8000964a (0x02129123) mem 0x80017908 0x0000
core   0: 0x8000964e (0xfd928003) lb      zero, -39(t0)
core   0: 3 0x8000964e (0xfd928003) mem 0x800178bf
core   0: 0x80009652 (0x41b0ddb3) sra     s11, ra, s11
core   0: 3 0x80009652 (0x41b0ddb3) x27 0x00000000
core   0: 0x80009656 (0x00008ed5) c.or    a3, a3
core   0: 3 0x80009656 (0x8ed5) x13 0x00000000
core   0: 0x80009658 (0x0032c003) lbu     zero, 3(t0)
core   0: 3 0x80009658 (0x0032c003) mem 0x800178e9
core   0: 0x8000965c (0x02dd96b3) mulh    a3, s11, a3
core   0: 3 0x8000965c (0x02dd96b3) x13 0x00000000
core   0: 0x80009660 (0x00000001) c.nop
core   0: 3 0x80009660 (0x0001)
core   0: 0x80009662 (0x01b282a3) sb      s11, 5(t0)
core   0: 3 0x80009662 (0x01b282a3) mem 0x800178eb 0x0
core   0: 0x80009666 (0x024283a3) sb      tp, 39(t0)
core   0: 3 0x80009666 (0x024283a3) mem 0x8001790d 0x0
core   0: 0x8000966a (0xfcd282a3) sb      a3, -59(t0)
core   0: 3 0x8000966a (0xfcd282a3) mem 0x800178ab 0x0
core   0: 0x8000966e (0x02d0a0b3) mulhsu  ra, ra, a3
core   0: 3 0x8000966e (0x02d0a0b3) x 1 0x00000000
core   0: 0x80009672 (0xfe028d23) sb      zero, -6(t0)
core   0: 3 0x80009672 (0xfe028d23) mem 0x800178e0 0x0
core   0: 0x80009676 (0x00004dd9) c.li    s11, 22
core   0: 3 0x80009676 (0x4dd9) x27 0x00000016
core   0: 0x80009678 (0x0ff0000f) fence   iorw,iorw
core   0: 3 0x80009678 (0x0ff0000f)
core   0: 0x8000967c (0x4a10e693) ori     a3, ra, 1185
core   0: 3 0x8000967c (0x4a10e693) x13 0x000004a1
core   0: 0x80009680 (0x01429203) lh      tp, 20(t0)
core   0: 3 0x80009680 (0x01429203) x 4 0x00000000 mem 0x800178fa
core   0: 0x80009684 (0x004ed033) srl     zero, t4, tp
core   0: 3 0x80009684 (0x004ed033)
core   0: 0x80009688 (0xfe12a523) sw      ra, -22(t0)
core   0: 3 0x80009688 (0xfe12a523) mem 0x800178d0 0x00000000
core   0: 0x8000968c (0x03b287a3) sb      s11, 47(t0)
core   0: 3 0x8000968c (0x03b287a3) mem 0x80017915 0x16
core   0: 0x80009690 (0x03f2c003) lbu     zero, 63(t0)
core   0: 3 0x80009690 (0x03f2c003) mem 0x80017925
core   0: 0x80009694 (0x47261017) auipc   zero, 0x47261
core   0: 3 0x80009694 (0x47261017)
core   0: 0x80009698 (0xfe12ce83) lbu     t4, -31(t0)
core   0: 3 0x80009698 (0xfe12ce83) x29 0x00000000 mem 0x800178c7
core   0: 0x8000969c (0x01f28e83) lb      t4, 31(t0)
core   0: 3 0x8000969c (0x01f28e83) x29 0x00000000 mem 0x80017905
core   0: 0x800096a0 (0xfce2d083) lhu     ra, -50(t0)
core   0: 3 0x800096a0 (0xfce2d083) x 1 0x00000000 mem 0x800178b4
core   0: 0x800096a4 (0x01b28fa3) sb      s11, 31(t0)
core   0: 3 0x800096a4 (0x01b28fa3) mem 0x80017905 0x16
core   0: 0x800096a8 (0xfe429d23) sh      tp, -6(t0)
core   0: 3 0x800096a8 (0xfe429d23) mem 0x800178e0 0x0000
core   0: 0x800096ac (0xfd928083) lb      ra, -39(t0)
core   0: 3 0x800096ac (0xfd928083) x 1 0x00000000 mem 0x800178bf
core   0: 0x800096b0 (0xffe28203) lb      tp, -2(t0)
core   0: 3 0x800096b0 (0xffe28203) x 4 0x00000000 mem 0x800178e4
core   0: 0x800096b4 (0x00010317) auipc   t1, 0x10
core   0: 3 0x800096b4 (0x00010317) x 6 0x800196b4
core   0: 0x800096b8 (0xfe230313) addi    t1, t1, -30
core   0: 3 0x800096b8 (0xfe230313) x 6 0x80019696
core   0: 0x800096bc (0xfac31703) lh      a4, -84(t1)
core   0: 3 0x800096bc (0xfac31703) x14 0x00000000 mem 0x80019642
core   0: 0x800096c0 (0x00007e17) auipc   t3, 0x7
core   0: 3 0x800096c0 (0x00007e17) x28 0x800106c0
core   0: 0x800096c4 (0xd9ee0e13) addi    t3, t3, -610
core   0: 3 0x800096c4 (0xd9ee0e13) x28 0x8001045e
core   0: 0x800096c8 (0x005e4483) lbu     s1, 5(t3)
core   0: 3 0x800096c8 (0x005e4483) x 9 0x00000000 mem 0x80010463
core   0: 0x800096cc (0x07835c03) lhu     s8, 120(t1)
core   0: 3 0x800096cc (0x07835c03) x24 0x00000000 mem 0x8001970e
core   0: 0x800096d0 (0xf8030403) lb      s0, -128(t1)
core   0: 3 0x800096d0 (0xf8030403) x 8 0x00000000 mem 0x80019616
core   0: 0x800096d4 (0x017e03a3) sb      s7, 7(t3)
core   0: 3 0x800096d4 (0x017e03a3) mem 0x80010465 0x0
core   0: 0x800096d8 (0xf0132f23) sw      ra, -226(t1)
core   0: 3 0x800096d8 (0xf0132f23) mem 0x800195b4 0x00000000
core   0: 0x800096dc (0x004e0503) lb      a0, 4(t3)
core   0: 3 0x800096dc (0x004e0503) x10 0x00000000 mem 0x80010462
core   0: 0x800096e0 (0xfc530083) lb      ra, -59(t1)
core   0: 3 0x800096e0 (0xfc530083) x 1 0x00000000 mem 0x8001965b
core   0: 0x800096e4 (0x017e03a3) sb      s7, 7(t3)
core   0: 3 0x800096e4 (0x017e03a3) mem 0x80010465 0x0
core   0: 0x800096e8 (0xff6e0da3) sb      s6, -5(t3)
core   0: 3 0x800096e8 (0xff6e0da3) mem 0x80010459 0xff
core   0: 0x800096ec (0xfd435903) lhu     s2, -44(t1)
core   0: 3 0x800096ec (0xfd435903) x18 0x00000000 mem 0x8001966a
core   0: 0x800096f0 (0x006e2703) lw      a4, 6(t3)
core   0: 3 0x800096f0 (0x006e2703) x14 0x00000000 mem 0x80010464
core   0: 0x800096f4 (0x00007717) auipc   a4, 0x7
core   0: 3 0x800096f4 (0x00007717) x14 0x800106f4
core   0: 0x800096f8 (0xe3770713) addi    a4, a4, -457
core   0: 3 0x800096f8 (0xe3770713) x14 0x8001052b
core   0: 0x800096fc (0x0000b517) auipc   a0, 0xb
core   0: 3 0x800096fc (0x0000b517) x10 0x800146fc
core   0: 0x80009700 (0x3ed50513) addi    a0, a0, 1005
core   0: 3 0x80009700 (0x3ed50513) x10 0x80014ae9
core   0: 0x80009704 (0xedb71b03) lh      s6, -293(a4)
core   0: 3 0x80009704 (0xedb71b03) x22 0x00000000 mem 0x80010406
core   0: 0x80009708 (0x1e371da3) sh      gp, 507(a4)
core   0: 3 0x80009708 (0x1e371da3) mem 0x80010726 0xc600
core   0: 0x8000970c (0xa5c50423) sb      t3, -1464(a0)
core   0: 3 0x8000970c (0xa5c50423) mem 0x80014531 0x5e
core   0: 0x80009710 (0xb7b55d03) lhu     s10, -1157(a0)
core   0: 3 0x80009710 (0xb7b55d03) x26 0x00000000 mem 0x80014664
core   0: 0x80009714 (0xc6750783) lb      a5, -921(a0)
core   0: 3 0x80009714 (0xc6750783) x15 0x00000000 mem 0x80014750
core   0: 0x80009718 (0x68f70303) lb      t1, 1679(a4)
core   0: 3 0x80009718 (0x68f70303) x 6 0x00000000 mem 0x80010bba
core   0: 0x8000971c (0x4e951a03) lh      s4, 1257(a0)
core   0: 3 0x8000971c (0x4e951a03) x20 0x00000000 mem 0x80014fd2
core   0: 0x80009720 (0xd6954783) lbu     a5, -663(a0)
core   0: 3 0x80009720 (0xd6954783) x15 0x00000000 mem 0x80014852
core   0: 0x80009724 (0x35650f83) lb      t6, 854(a0)
core   0: 3 0x80009724 (0x35650f83) x31 0x00000000 mem 0x80014e3f
core   0: 0x80009728 (0xf3570da3) sb      s5, -197(a4)
core   0: 3 0x80009728 (0xf3570da3) mem 0x80010466 0xe4
core   0: 0x8000972c (0x1a575b03) lhu     s6, 421(a4)
core   0: 3 0x8000972c (0x1a575b03) x22 0x00000000 mem 0x800106d0
core   0: 0x80009730 (0x3f270083) lb      ra, 1010(a4)
core   0: 3 0x80009730 (0x3f270083) x 1 0x00000000 mem 0x8001091d
core   0: 0x80009734 (0x1a955c03) lhu     s8, 425(a0)
core   0: 3 0x80009734 (0x1a955c03) x24 0x00000000 mem 0x80014c92
core   0: 0x80009738 (0xf0851ba3) sh      s0, -233(a0)
core   0: 3 0x80009738 (0xf0851ba3) mem 0x80014a00 0x0000
core   0: 0x8000973c (0xce1706a3) sb      ra, -787(a4)
core   0: 3 0x8000973c (0xce1706a3) mem 0x80010218 0x0
core   0: 0x80009740 (0x0000c117) auipc   sp, 0xc
core   0: 3 0x80009740 (0x0000c117) x 2 0x80015740
core   0: 0x80009744 (0xf7810113) addi    sp, sp, -136
core   0: 3 0x80009744 (0xf7810113) x 2 0x800156b8
core   0: 0x80009748 (0x78410aa3) sb      tp, 1941(sp)
core   0: 3 0x80009748 (0x78410aa3) mem 0x80015e4d 0x0
core   0: 0x8000974c (0x032df533) remu    a0, s11, s2
core   0: 3 0x8000974c (0x032df533) x10 0x00000016
core   0: 0x80009750 (0x000082d5) c.srli  a3, 21
core   0: 3 0x80009750 (0x82d5) x13 0x00000000
core   0: 0x80009752 (0x03a6ca33) div     s4, a3, s10
core   0: 3 0x80009752 (0x03a6ca33) x20 0xffffffff
core   0: 0x80009756 (0x03ee2d33) mulhsu  s10, t3, t5
core   0: 3 0x80009756 (0x03ee2d33) x26 0x00000000
core   0: 0x8000975a (0x00004c99) c.li    s9, 6
core   0: 3 0x8000975a (0x4c99) x25 0x00000006
core   0: 0x8000975c (0x40b18533) sub     a0, gp, a1
core   0: 3 0x8000975c (0x40b18533) x10 0x46c794fd
core   0: 0x80009760 (0x40e1dd33) sra     s10, gp, a4
core   0: 3 0x80009760 (0x40e1dd33) x26 0x00090dd8
core   0: 0x80009764 (0x40758b33) sub     s6, a1, t2
core   0: 3 0x80009764 (0x40758b33) x22 0x81a4d2a7
core   0: 0x80009768 (0x01d7fcb3) and     s9, a5, t4
core   0: 3 0x80009768 (0x01d7fcb3) x25 0x00000000
core   0: 0x8000976c (0x00a2b633) sltu    a2, t0, a0
core   0: 3 0x8000976c (0x00a2b633) x12 0x00000000
core   0: 0x80009770 (0x36c15f83) lhu     t6, 876(sp)
core   0: 3 0x80009770 (0x36c15f83) x31 0x00000000 mem 0x80015a24
core   0: 0x80009774 (0x01e9b533) sltu    a0, s3, t5
core   0: 3 0x80009774 (0x01e9b533) x10 0x00000000
core   0: 0x80009778 (0x0fa1a337) lui     t1, 0xfa1a
core   0: 3 0x80009778 (0x0fa1a337) x 6 0x0fa1a000
core   0: 0x8000977c (0x0ff0000f) fence   iorw,iorw
core   0: 3 0x8000977c (0x0ff0000f)
core   0: 0x80009780 (0x1c014683) lbu     a3, 448(sp)
core   0: 3 0x80009780 (0x1c014683) x13 0x00000000 mem 0x80015878
core   0: 0x80009784 (0x00000001) c.nop
core   0: 3 0x80009784 (0x0001)
core   0: 0x80009786 (0x00000001) c.nop
core   0: 3 0x80009786 (0x0001)
core   0: 0x80009788 (0x92810203) lb      tp, -1752(sp)
core   0: 3 0x80009788 (0x92810203) x 4 0x00000000 mem 0x80014fe0
core   0: 0x8000978c (0x01d16433) or      s0, sp, t4
core   0: 3 0x8000978c (0x01d16433) x 8 0x800156b8
core   0: 0x80009790 (0xad012623) sw      a6, -1332(sp)
core   0: 3 0x80009790 (0xad012623) mem 0x80015184 0x00000000
core   0: 0x80009794 (0x40558433) sub     s0, a1, t0
core   0: 3 0x80009794 (0x40558433) x 8 0x81a5b81d
core   0: 0x80009798 (0xcf3100a3) sb      s3, -799(sp)
core   0: 3 0x80009798 (0xcf3100a3) mem 0x80015399 0xff
core   0: 0x8000979c (0x01131fb3) sll     t6, t1, a7
core   0: 3 0x8000979c (0x01131fb3) x31 0x0fa1a000
core   0: 0x800097a0 (0xa0110ba3) sb      ra, -1513(sp)
core   0: 3 0x800097a0 (0xa0110ba3) mem 0x800150cf 0x0
core   0: 0x800097a4 (0x000001d1) c.addi  gp, 20
core   0: 3 0x800097a4 (0x01d1) x 3 0x486ec614
core   0: 0x800097a6 (0xb5510303) lb      t1, -1195(sp)
core   0: 3 0x800097a6 (0xb5510303) x 6 0x00000000 mem 0x8001520d
core   0: 0x800097aa (0x02bb9933) mulh    s2, s7, a1
core   0: 3 0x800097aa (0x02bb9933) x18 0x00000000
core   0: 0x800097ae (0x00008cf1) c.and   s1, a2
core   0: 3 0x800097ae (0x8cf1) x 9 0x00000000
core   0: 0x800097b0 (0x62211f83) lh      t6, 1570(sp)
core   0: 3 0x800097b0 (0x62211f83) x31 0x00000000 mem 0x80015cda
core   0: 0x800097b4 (0x00009212) c.add   tp, tp
core   0: 3 0x800097b4 (0x9212) x 4 0x00000000
core   0: 0x800097b6 (0xd127fb93) andi    s7, a5, -750
core   0: 3 0x800097b6 (0xd127fb93) x23 0x00000000
core   0: 0x800097ba (0x07e11f83) lh      t6, 126(sp)
core   0: 3 0x800097ba (0x07e11f83) x31 0x00000000 mem 0x80015736
core   0: 0x800097be (0x33c15e03) lhu     t3, 828(sp)
core   0: 3 0x800097be (0x33c15e03) x28 0x00000000 mem 0x800159f4
core   0: 0x800097c2 (0x00008771) c.srai  a4, 28
core   0: 3 0x800097c2 (0x8771) x14 0xfffffff8
core   0: 0x800097c4 (0x0166da13) srli    s4, a3, 22
core   0: 3 0x800097c4 (0x0166da13) x20 0x00000000
core   0: 0x800097c8 (0x00000001) c.nop
core   0: 3 0x800097c8 (0x0001)
core   0: 0x800097ca (0xe4a5e493) ori     s1, a1, -438
core   0: 3 0x800097ca (0xe4a5e493) x 9 0xffffff4b
core   0: 0x800097ce (0x20d101a3) sb      a3, 515(sp)
core   0: 3 0x800097ce (0x20d101a3) mem 0x800158bb 0x0
core   0: 0x800097d2 (0x0140026f) jal     tp, pc + 0x14
core   0: 3 0x800097d2 (0x0140026f) x 4 0x800097d6
core   0: 0x800097e6 (0x030000ef) jal     pc + 0x30
core   0: 3 0x800097e6 (0x030000ef) x 1 0x800097ea
core   0: 0x80009816 (0x0000a019) c.j     pc + 6
core   0: 3 0x80009816 (0xa019)
core   0: 0x8000981c (0x00003fd1) c.jal   pc - 44
core   0: 3 0x8000981c (0x3fd1) x 1 0x8000981e
core   0: 0x800097f0 (0x0000a00d) c.j     pc + 34
core   0: 3 0x800097f0 (0xa00d)
core   0: 0x80009812 (0xff9ff0ef) jal     pc - 0x8
core   0: 3 0x80009812 (0xff9ff0ef) x 1 0x80009816
core   0: 0x8000980a (0xff9ff36f) jal     t1, pc - 0x8
core   0: 3 0x8000980a (0xff9ff36f) x 6 0x8000980e
core   0: 0x80009802 (0xfe3ff1ef) jal     gp, pc - 0x1e
core   0: 3 0x80009802 (0xfe3ff1ef) x 3 0x80009806
core   0: 0x800097e4 (0x0000a089) c.j     pc + 66
core   0: 3 0x800097e4 (0xa089)
core   0: 0x80009826 (0x0000bfe1) c.j     pc - 40
core   0: 3 0x80009826 (0xbfe1)
core   0: 0x800097fe (0xfdfff0ef) jal     pc - 0x22
core   0: 3 0x800097fe (0xfdfff0ef) x 1 0x80009802
core   0: 0x800097dc (0x0040086f) jal     a6, pc + 0x4
core   0: 3 0x800097dc (0x0040086f) x16 0x800097e0
core   0: 0x800097e0 (0x0380076f) jal     a4, pc + 0x38
core   0: 3 0x800097e0 (0x0380076f) x14 0x800097e4
core   0: 0x80009818 (0xfd5ff0ef) jal     pc - 0x2c
core   0: 3 0x80009818 (0xfd5ff0ef) x 1 0x8000981c
core   0: 0x800097ec (0x0000b7f5) c.j     pc - 20
core   0: 3 0x800097ec (0xb7f5)
core   0: 0x800097d8 (0x00003ffd) c.jal   pc - 2
core   0: 3 0x800097d8 (0x3ffd) x 1 0x800097da
core   0: 0x800097d6 (0x0000a005) c.j     pc + 32
core   0: 3 0x800097d6 (0xa005)
core   0: 0x800097f6 (0x0000a821) c.j     pc + 24
core   0: 3 0x800097f6 (0xa821)
core   0: 0x8000980e (0x016001ef) jal     gp, pc + 0x16
core   0: 3 0x8000980e (0x016001ef) x 3 0x80009812
core   0: 0x80009824 (0x000037d5) c.jal   pc - 28
core   0: 3 0x80009824 (0x37d5) x 1 0x80009826
core   0: 0x80009808 (0x00003fc9) c.jal   pc - 46
core   0: 3 0x80009808 (0x3fc9) x 1 0x8000980a
core   0: 0x800097da (0x000020a1) c.jal   pc + 72
core   0: 3 0x800097da (0x20a1) x 1 0x800097dc
core   0: 0x80009822 (0x0000bff5) c.j     pc - 4
core   0: 3 0x80009822 (0xbff5)
core   0: 0x8000981e (0xfdfff26f) jal     tp, pc - 0x22
core   0: 3 0x8000981e (0xfdfff26f) x 4 0x80009822
core   0: 0x800097fc (0x000037fd) c.jal   pc - 18
core   0: 3 0x800097fc (0x37fd) x 1 0x800097fe
core   0: 0x800097ea (0x00002039) c.jal   pc + 14
core   0: 3 0x800097ea (0x2039) x 1 0x800097ec
core   0: 0x800097f8 (0x00e000ef) jal     pc + 0xe
core   0: 3 0x800097f8 (0x00e000ef) x 1 0x800097fc
core   0: 0x80009806 (0x000037e5) c.jal   pc - 24
core   0: 3 0x80009806 (0x37e5) x 1 0x80009808
core   0: 0x800097ee (0x00002011) c.jal   pc + 4
core   0: 3 0x800097ee (0x2011) x 1 0x800097f0
core   0: 0x800097f2 (0x036004ef) jal     s1, pc + 0x36
core   0: 3 0x800097f2 (0x036004ef) x 9 0x800097f6
core   0: 0x80009828 (0x03d71633) mulh    a2, a4, t4
core   0: 3 0x80009828 (0x03d71633) x12 0x00000000
core   0: 0x8000982c (0x00007c17) auipc   s8, 0x7
core   0: 3 0x8000982c (0x00007c17) x24 0x8001082c
core   0: 0x80009830 (0xe72c0c13) addi    s8, s8, -398
core   0: 3 0x80009830 (0xe72c0c13) x24 0x8001069e
core   0: 0x80009834 (0xffbc4683) lbu     a3, -5(s8)
core   0: 3 0x80009834 (0xffbc4683) x13 0x00000000 mem 0x80010699
core   0: 0x80009838 (0x00000f1c) c.addi4spn a5, sp, 912
core   0: 3 0x80009838 (0x0f1c) x15 0x80015a48
core   0: 0x8000983a (0x004f1333) sll     t1, t5, tp
core   0: 3 0x8000983a (0x004f1333) x 6 0x00000000
core   0: 0x8000983e (0xffbc0483) lb      s1, -5(s8)
core   0: 3 0x8000983e (0xffbc0483) x 9 0x00000000 mem 0x80010699
core   0: 0x80009842 (0xff7c0da3) sb      s7, -5(s8)
core   0: 3 0x80009842 (0xff7c0da3) mem 0x80010699 0x0
core   0: 0x80009846 (0x00ec1303) lh      t1, 14(s8)
core   0: 3 0x80009846 (0x00ec1303) x 6 0x00000000 mem 0x800106ac
core   0: 0x8000984a (0x005c4183) lbu     gp, 5(s8)
core   0: 3 0x8000984a (0x005c4183) x 3 0x00000000 mem 0x800106a3
core   0: 0x8000984e (0x6d15aa13) slti    s4, a1, 1745
core   0: 3 0x8000984e (0x6d15aa13) x20 0x00000000
core   0: 0x80009852 (0x004c0d03) lb      s10, 4(s8)
core   0: 3 0x80009852 (0x004c0d03) x26 0x00000000 mem 0x800106a2
core   0: 0x80009856 (0x2dc03017) auipc   zero, 0x2dc03
core   0: 3 0x80009856 (0x2dc03017)
core   0: 0x8000985a (0xffac4e83) lbu     t4, -6(s8)
core   0: 3 0x8000985a (0xffac4e83) x29 0x00000000 mem 0x80010698
core   0: 0x8000985e (0xff5c0e03) lb      t3, -11(s8)
core   0: 3 0x8000985e (0xff5c0e03) x28 0x00000060 mem 0x80010693
core   0: 0x80009862 (0x01904a33) xor     s4, zero, s9
core   0: 3 0x80009862 (0x01904a33) x20 0x00000000
core   0: 0x80009866 (0xffdc4503) lbu     a0, -3(s8)
core   0: 3 0x80009866 (0xffdc4503) x10 0x00000000 mem 0x8001069b
core   0: 0x8000986a (0xffdc4203) lbu     tp, -3(s8)
core   0: 3 0x8000986a (0xffdc4203) x 4 0x00000000 mem 0x8001069b
core   0: 0x8000986e (0x00008741) c.srai  a4, 16
core   0: 3 0x8000986e (0x8741) x14 0xffff8000
core   0: 0x80009870 (0x00cc0a03) lb      s4, 12(s8)
core   0: 3 0x80009870 (0x00cc0a03) x20 0x00000000 mem 0x800106aa
core   0: 0x80009874 (0xff0c5683) lhu     a3, -16(s8)
core   0: 3 0x80009874 (0xff0c5683) x13 0x00000000 mem 0x8001068e
core   0: 0x80009878 (0xffbc4e83) lbu     t4, -5(s8)
core   0: 3 0x80009878 (0xffbc4e83) x29 0x00000000 mem 0x80010699
core   0: 0x8000987c (0x0160026f) jal     tp, pc + 0x16
core   0: 3 0x8000987c (0x0160026f) x 4 0x80009880
core   0: 0x80009892 (0x0000201d) c.jal   pc + 38
core   0: 3 0x80009892 (0x201d) x 1 0x80009894
core   0: 0x800098b8 (0xfcdff2ef) jal     t0, pc - 0x34
core   0: 3 0x800098b8 (0xfcdff2ef) x 5 0x800098bc
core   0: 0x80009884 (0x00002015) c.jal   pc + 36
core   0: 3 0x80009884 (0x2015) x 1 0x80009886
core   0: 0x800098a8 (0x000037f5) c.jal   pc - 20
core   0: 3 0x800098a8 (0x37f5) x 1 0x800098aa
core   0: 0x80009894 (0x0000203d) c.jal   pc + 46
core   0: 3 0x80009894 (0x203d) x 1 0x80009896
core   0: 0x800098c2 (0x0000b7d1) c.j     pc - 60
core   0: 3 0x800098c2 (0xb7d1)
core   0: 0x80009886 (0x00002009) c.jal   pc + 2
core   0: 3 0x80009886 (0x2009) x 1 0x80009888
core   0: 0x80009888 (0x00002025) c.jal   pc + 40
core   0: 3 0x80009888 (0x2025) x 1 0x8000988a
core   0: 0x800098b0 (0x0000bfdd) c.j     pc - 10
core   0: 3 0x800098b0 (0xbfdd)
core   0: 0x800098a6 (0x0000a031) c.j     pc + 12
core   0: 3 0x800098a6 (0xa031)
core   0: 0x800098b2 (0x0000a009) c.j     pc + 2
core   0: 3 0x800098b2 (0xa009)
core   0: 0x800098b4 (0xfefff0ef) jal     pc - 0x12
core   0: 3 0x800098b4 (0xfefff0ef) x 1 0x800098b8
core   0: 0x800098a2 (0x028000ef) jal     pc + 0x28
core   0: 3 0x800098a2 (0x028000ef) x 1 0x800098a6
core   0: 0x800098ca (0x0000bf5d) c.j     pc - 74
core   0: 3 0x800098ca (0xbf5d)
core   0: 0x80009880 (0x00e000ef) jal     pc + 0xe
core   0: 3 0x80009880 (0x00e000ef) x 1 0x80009884
core   0: 0x8000988e (0x0000282d) c.jal   pc + 58
core   0: 3 0x8000988e (0x282d) x 1 0x80009890
core   0: 0x800098c8 (0x000037e1) c.jal   pc - 56
core   0: 3 0x800098c8 (0x37e1) x 1 0x800098ca
core   0: 0x80009890 (0x0000a815) c.j     pc + 52
core   0: 3 0x80009890 (0xa815)
core   0: 0x800098c4 (0xfd7ff36f) jal     t1, pc - 0x2a
core   0: 3 0x800098c4 (0xfd7ff36f) x 6 0x800098c8
core   0: 0x8000989a (0x0000280d) c.jal   pc + 50
core   0: 3 0x8000989a (0x280d) x 1 0x8000989c
core   0: 0x800098cc (0x00003fd5) c.jal   pc - 12
core   0: 3 0x800098cc (0x3fd5) x 1 0x800098ce
core   0: 0x800098c0 (0x0000b7e9) c.j     pc - 54
core   0: 3 0x800098c0 (0xb7e9)
core   0: 0x8000988a (0x0200066f) jal     a2, pc + 0x20
core   0: 3 0x8000988a (0x0200066f) x12 0x8000988e
core   0: 0x800098aa (0xfedff36f) jal     t1, pc - 0x14
core   0: 3 0x800098aa (0xfedff36f) x 6 0x800098ae
core   0: 0x80009896 (0x006000ef) jal     pc + 0x6
core   0: 3 0x80009896 (0x006000ef) x 1 0x8000989a
core   0: 0x8000989c (0x0000a005) c.j     pc + 32
core   0: 3 0x8000989c (0xa005)
core   0: 0x800098bc (0x00002009) c.jal   pc + 2
core   0: 3 0x800098bc (0x2009) x 1 0x800098be
core   0: 0x800098be (0x00003fc5) c.jal   pc - 16
core   0: 3 0x800098be (0x3fc5) x 1 0x800098c0
core   0: 0x800098ae (0x00003fc5) c.jal   pc - 16
core   0: 3 0x800098ae (0x3fc5) x 1 0x800098b0
core   0: 0x8000989e (0x030000ef) jal     pc + 0x30
core   0: 3 0x8000989e (0x030000ef) x 1 0x800098a2
core   0: 0x800098ce (0x00008b69) c.andi  a4, 26
core   0: 3 0x800098ce (0x8b69) x14 0x00000000
core   0: 0x800098d0 (0xffc00493) li      s1, -4
core   0: 3 0x800098d0 (0xffc00493) x 9 0xfffffffc
core   0: 0x800098d4 (0x00008d6d) c.and   a0, a1
core   0: 3 0x800098d4 (0x8d6d) x10 0x00000000
core   0: 0x800098d6 (0x00009bfd) c.andi  a5, -1
core   0: 3 0x800098d6 (0x9bfd) x15 0x80015a48
core   0: 0x800098d8 (0x00600993) li      s3, 6
core   0: 3 0x800098d8 (0x00600993) x19 0x00000006
core   0: 0x800098dc (0x001c1213) slli    tp, s8, 1
core   0: 3 0x800098dc (0x001c1213) x 4 0x00020d3c
core   0: 0x800098e0 (0x00000001) c.nop
core   0: 3 0x800098e0 (0x0001)
core   0: 0x800098e2 (0x0293cc33) div     s8, t2, s1
core   0: 3 0x800098e2 (0x0293cc33) x24 0x1fff6869
core   0: 0x800098e6 (0x00008d51) c.or    a0, a2
core   0: 3 0x800098e6 (0x8d51) x10 0x8000988e
core   0: 0x800098e8 (0x008762b3) or      t0, a4, s0
core   0: 3 0x800098e8 (0x008762b3) x 5 0x81a5b81d
core   0: 0x800098ec (0x0000049d) c.addi  s1, 7
core   0: 3 0x800098ec (0x049d) x 9 0x00000003
core   0: 0x800098ee (0x0162fdb3) and     s11, t0, s6
core   0: 3 0x800098ee (0x0162fdb3) x27 0x81a49005
core   0: 0x800098f2 (0x000000a9) c.addi  ra, 10
core   0: 3 0x800098f2 (0x00a9) x 1 0x800098ac
core   0: 0x800098f4 (0xdf9bdc97) auipc   s9, 0xdf9bd
core   0: 3 0x800098f4 (0xdf9bdc97) x25 0x5f9c68f4
core   0: 0x800098f8 (0xfff00713) li      a4, -1
core   0: 3 0x800098f8 (0xfff00713) x14 0xffffffff
core   0: 0x800098fc (0x00fc9db3) sll     s11, s9, a5
core   0: 3 0x800098fc (0x00fc9db3) x27 0x9c68f400
core   0: 0x80009900 (0x1a736693) ori     a3, t1, 423
core   0: 3 0x80009900 (0x1a736693) x13 0x800099af
core   0: 0x80009904 (0x00008e9d) c.sub   a3, a5
core   0: 3 0x80009904 (0x8e9d) x13 0xffff3f67
core   0: 0x80009906 (0x01b7ddb3) srl     s11, a5, s11
core   0: 3 0x80009906 (0x01b7ddb3) x27 0x80015a48
core   0: 0x8000990a (0x480d3813) sltiu   a6, s10, 1152
core   0: 3 0x8000990a (0x480d3813) x16 0x00000001
core   0: 0x8000990e (0x012f1fb3) sll     t6, t5, s2
core   0: 3 0x8000990e (0x012f1fb3) x31 0x00000000
core   0: 0x80009912 (0x0000100f) fence.i
core   0: 3 0x80009912 (0x0000100f)
core   0: 0x80009916 (0xdd207f97) auipc   t6, 0xdd207
core   0: 3 0x80009916 (0xdd207f97) x31 0x5d210916
core   0: 0x8000991a (0x0019d413) srli    s0, s3, 1
core   0: 3 0x8000991a (0x0019d413) x 8 0x00000003
core   0: 0x8000991e (0x00700d13) li      s10, 7
core   0: 3 0x8000991e (0x00700d13) x26 0x00000007
core   0: 0x80009922 (0xe3fc4893) xori    a7, s8, -449
core   0: 3 0x80009922 (0xe3fc4893) x17 0xe0009656
core   0: 0x80009926 (0x016fd793) srli    a5, t6, 22
core   0: 3 0x80009926 (0x016fd793) x15 0x00000174
core   0: 0x8000992a (0x02a62333) mulhsu  t1, a2, a0
core   0: 3 0x8000992a (0x02a62333) x 6 0xc0000000
core   0: 0x8000992e (0x00bf6333) or      t1, t5, a1
core   0: 3 0x8000992e (0x00bf6333) x 6 0x01a73103
core   0: 0x80009932 (0x00000705) c.addi  a4, 1
core   0: 3 0x80009932 (0x0705) x14 0x00000000
core   0: 0x80009934 (0xffa71be3) bne     a4, s10, pc - 10
core   0: 3 0x80009934 (0xffa71be3)
core   0: 0x8000992a (0x02a62333) mulhsu  t1, a2, a0
core   0: 3 0x8000992a (0x02a62333) x 6 0xc0000000
core   0: 0x8000992e (0x00bf6333) or      t1, t5, a1
core   0: 3 0x8000992e (0x00bf6333) x 6 0x01a73103
core   0: 0x80009932 (0x00000705) c.addi  a4, 1
core   0: 3 0x80009932 (0x0705) x14 0x00000001
core   0: 0x80009934 (0xffa71be3) bne     a4, s10, pc - 10
core   0: 3 0x80009934 (0xffa71be3)
core   0: 0x8000992a (0x02a62333) mulhsu  t1, a2, a0
core   0: 3 0x8000992a (0x02a62333) x 6 0xc0000000
core   0: 0x8000992e (0x00bf6333) or      t1, t5, a1
core   0: 3 0x8000992e (0x00bf6333) x 6 0x01a73103
core   0: 0x80009932 (0x00000705) c.addi  a4, 1
core   0: 3 0x80009932 (0x0705) x14 0x00000002
core   0: 0x80009934 (0xffa71be3) bne     a4, s10, pc - 10
core   0: 3 0x80009934 (0xffa71be3)
core   0: 0x8000992a (0x02a62333) mulhsu  t1, a2, a0
core   0: 3 0x8000992a (0x02a62333) x 6 0xc0000000
core   0: 0x8000992e (0x00bf6333) or      t1, t5, a1
core   0: 3 0x8000992e (0x00bf6333) x 6 0x01a73103
core   0: 0x80009932 (0x00000705) c.addi  a4, 1
core   0: 3 0x80009932 (0x0705) x14 0x00000003
core   0: 0x80009934 (0xffa71be3) bne     a4, s10, pc - 10
core   0: 3 0x80009934 (0xffa71be3)
core   0: 0x8000992a (0x02a62333) mulhsu  t1, a2, a0
core   0: 3 0x8000992a (0x02a62333) x 6 0xc0000000
core   0: 0x8000992e (0x00bf6333) or      t1, t5, a1
core   0: 3 0x8000992e (0x00bf6333) x 6 0x01a73103
core   0: 0x80009932 (0x00000705) c.addi  a4, 1
core   0: 3 0x80009932 (0x0705) x14 0x00000004
core   0: 0x80009934 (0xffa71be3) bne     a4, s10, pc - 10
core   0: 3 0x80009934 (0xffa71be3)
core   0: 0x8000992a (0x02a62333) mulhsu  t1, a2, a0
core   0: 3 0x8000992a (0x02a62333) x 6 0xc0000000
core   0: 0x8000992e (0x00bf6333) or      t1, t5, a1
core   0: 3 0x8000992e (0x00bf6333) x 6 0x01a73103
core   0: 0x80009932 (0x00000705) c.addi  a4, 1
core   0: 3 0x80009932 (0x0705) x14 0x00000005
core   0: 0x80009934 (0xffa71be3) bne     a4, s10, pc - 10
core   0: 3 0x80009934 (0xffa71be3)
core   0: 0x8000992a (0x02a62333) mulhsu  t1, a2, a0
core   0: 3 0x8000992a (0x02a62333) x 6 0xc0000000
core   0: 0x8000992e (0x00bf6333) or      t1, t5, a1
core   0: 3 0x8000992e (0x00bf6333) x 6 0x01a73103
core   0: 0x80009932 (0x00000705) c.addi  a4, 1
core   0: 3 0x80009932 (0x0705) x14 0x00000006
core   0: 0x80009934 (0xffa71be3) bne     a4, s10, pc - 10
core   0: 3 0x80009934 (0xffa71be3)
core   0: 0x8000992a (0x02a62333) mulhsu  t1, a2, a0
core   0: 3 0x8000992a (0x02a62333) x 6 0xc0000000
core   0: 0x8000992e (0x00bf6333) or      t1, t5, a1
core   0: 3 0x8000992e (0x00bf6333) x 6 0x01a73103
core   0: 0x80009932 (0x00000705) c.addi  a4, 1
core   0: 3 0x80009932 (0x0705) x14 0x00000007
core   0: 0x80009934 (0xffa71be3) bne     a4, s10, pc - 10
core   0: 3 0x80009934 (0xffa71be3)
core   0: 0x80009938 (0x0000100f) fence.i
core   0: 3 0x80009938 (0x0000100f)
core   0: 0x8000993c (0x036aabb3) mulhsu  s7, s5, s6
core   0: 3 0x8000993c (0x036aabb3) x23 0xbf2ee96a
core   0: 0x80009940 (0xfb34e0e3) bltu    s1, s3, pc - 96
core   0: 3 0x80009940 (0xfb34e0e3)
core   0: 0x800098e0 (0x00000001) c.nop
core   0: 3 0x800098e0 (0x0001)
core   0: 0x800098e2 (0x0293cc33) div     s8, t2, s1
core   0: 3 0x800098e2 (0x0293cc33) x24 0xd5561f74
core   0: 0x800098e6 (0x00008d51) c.or    a0, a2
core   0: 3 0x800098e6 (0x8d51) x10 0x8000988e
core   0: 0x800098e8 (0x008762b3) or      t0, a4, s0
core   0: 3 0x800098e8 (0x008762b3) x 5 0x00000007
core   0: 0x800098ec (0x0000049d) c.addi  s1, 7
core   0: 3 0x800098ec (0x049d) x 9 0x0000000a
core   0: 0x800098ee (0x0162fdb3) and     s11, t0, s6
core   0: 3 0x800098ee (0x0162fdb3) x27 0x00000007
core   0: 0x800098f2 (0x000000a9) c.addi  ra, 10
core   0: 3 0x800098f2 (0x00a9) x 1 0x800098b6
core   0: 0x800098f4 (0xdf9bdc97) auipc   s9, 0xdf9bd
core   0: 3 0x800098f4 (0xdf9bdc97) x25 0x5f9c68f4
core   0: 0x800098f8 (0xfff00713) li      a4, -1
core   0: 3 0x800098f8 (0xfff00713) x14 0xffffffff
core   0: 0x800098fc (0x00fc9db3) sll     s11, s9, a5
core   0: 3 0x800098fc (0x00fc9db3) x27 0x8f400000
core   0: 0x80009900 (0x1a736693) ori     a3, t1, 423
core   0: 3 0x80009900 (0x1a736693) x13 0x01a731a7
core   0: 0x80009904 (0x00008e9d) c.sub   a3, a5
core   0: 3 0x80009904 (0x8e9d) x13 0x01a73033
core   0: 0x80009906 (0x01b7ddb3) srl     s11, a5, s11
core   0: 3 0x80009906 (0x01b7ddb3) x27 0x00000174
core   0: 0x8000990a (0x480d3813) sltiu   a6, s10, 1152
core   0: 3 0x8000990a (0x480d3813) x16 0x00000001
core   0: 0x8000990e (0x012f1fb3) sll     t6, t5, s2
core   0: 3 0x8000990e (0x012f1fb3) x31 0x00000000
core   0: 0x80009912 (0x0000100f) fence.i
core   0: 3 0x80009912 (0x0000100f)
core   0: 0x80009916 (0xdd207f97) auipc   t6, 0xdd207
core   0: 3 0x80009916 (0xdd207f97) x31 0x5d210916
core   0: 0x8000991a (0x0019d413) srli    s0, s3, 1
core   0: 3 0x8000991a (0x0019d413) x 8 0x00000003
core   0: 0x8000991e (0x00700d13) li      s10, 7
core   0: 3 0x8000991e (0x00700d13) x26 0x00000007
core   0: 0x80009922 (0xe3fc4893) xori    a7, s8, -449
core   0: 3 0x80009922 (0xe3fc4893) x17 0x2aa9e14b
core   0: 0x80009926 (0x016fd793) srli    a5, t6, 22
core   0: 3 0x80009926 (0x016fd793) x15 0x00000174
core   0: 0x8000992a (0x02a62333) mulhsu  t1, a2, a0
core   0: 3 0x8000992a (0x02a62333) x 6 0xc0000000
core   0: 0x8000992e (0x00bf6333) or      t1, t5, a1
core   0: 3 0x8000992e (0x00bf6333) x 6 0x01a73103
core   0: 0x80009932 (0x00000705) c.addi  a4, 1
core   0: 3 0x80009932 (0x0705) x14 0x00000000
core   0: 0x80009934 (0xffa71be3) bne     a4, s10, pc - 10
core   0: 3 0x80009934 (0xffa71be3)
core   0: 0x8000992a (0x02a62333) mulhsu  t1, a2, a0
core   0: 3 0x8000992a (0x02a62333) x 6 0xc0000000
core   0: 0x8000992e (0x00bf6333) or      t1, t5, a1
core   0: 3 0x8000992e (0x00bf6333) x 6 0x01a73103
core   0: 0x80009932 (0x00000705) c.addi  a4, 1
core   0: 3 0x80009932 (0x0705) x14 0x00000001
core   0: 0x80009934 (0xffa71be3) bne     a4, s10, pc - 10
core   0: 3 0x80009934 (0xffa71be3)
core   0: 0x8000992a (0x02a62333) mulhsu  t1, a2, a0
core   0: 3 0x8000992a (0x02a62333) x 6 0xc0000000
core   0: 0x8000992e (0x00bf6333) or      t1, t5, a1
core   0: 3 0x8000992e (0x00bf6333) x 6 0x01a73103
core   0: 0x80009932 (0x00000705) c.addi  a4, 1
core   0: 3 0x80009932 (0x0705) x14 0x00000002
core   0: 0x80009934 (0xffa71be3) bne     a4, s10, pc - 10
core   0: 3 0x80009934 (0xffa71be3)
core   0: 0x8000992a (0x02a62333) mulhsu  t1, a2, a0
core   0: 3 0x8000992a (0x02a62333) x 6 0xc0000000
core   0: 0x8000992e (0x00bf6333) or      t1, t5, a1
core   0: 3 0x8000992e (0x00bf6333) x 6 0x01a73103
core   0: 0x80009932 (0x00000705) c.addi  a4, 1
core   0: 3 0x80009932 (0x0705) x14 0x00000003
core   0: 0x80009934 (0xffa71be3) bne     a4, s10, pc - 10
core   0: 3 0x80009934 (0xffa71be3)
core   0: 0x8000992a (0x02a62333) mulhsu  t1, a2, a0
core   0: 3 0x8000992a (0x02a62333) x 6 0xc0000000
core   0: 0x8000992e (0x00bf6333) or      t1, t5, a1
core   0: 3 0x8000992e (0x00bf6333) x 6 0x01a73103
core   0: 0x80009932 (0x00000705) c.addi  a4, 1
core   0: 3 0x80009932 (0x0705) x14 0x00000004
core   0: 0x80009934 (0xffa71be3) bne     a4, s10, pc - 10
core   0: 3 0x80009934 (0xffa71be3)
core   0: 0x8000992a (0x02a62333) mulhsu  t1, a2, a0
core   0: 3 0x8000992a (0x02a62333) x 6 0xc0000000
core   0: 0x8000992e (0x00bf6333) or      t1, t5, a1
core   0: 3 0x8000992e (0x00bf6333) x 6 0x01a73103
core   0: 0x80009932 (0x00000705) c.addi  a4, 1
core   0: 3 0x80009932 (0x0705) x14 0x00000005
core   0: 0x80009934 (0xffa71be3) bne     a4, s10, pc - 10
core   0: 3 0x80009934 (0xffa71be3)
core   0: 0x8000992a (0x02a62333) mulhsu  t1, a2, a0
core   0: 3 0x8000992a (0x02a62333) x 6 0xc0000000
core   0: 0x8000992e (0x00bf6333) or      t1, t5, a1
core   0: 3 0x8000992e (0x00bf6333) x 6 0x01a73103
core   0: 0x80009932 (0x00000705) c.addi  a4, 1
core   0: 3 0x80009932 (0x0705) x14 0x00000006
core   0: 0x80009934 (0xffa71be3) bne     a4, s10, pc - 10
core   0: 3 0x80009934 (0xffa71be3)
core   0: 0x8000992a (0x02a62333) mulhsu  t1, a2, a0
core   0: 3 0x8000992a (0x02a62333) x 6 0xc0000000
core   0: 0x8000992e (0x00bf6333) or      t1, t5, a1
core   0: 3 0x8000992e (0x00bf6333) x 6 0x01a73103
core   0: 0x80009932 (0x00000705) c.addi  a4, 1
core   0: 3 0x80009932 (0x0705) x14 0x00000007
core   0: 0x80009934 (0xffa71be3) bne     a4, s10, pc - 10
core   0: 3 0x80009934 (0xffa71be3)
core   0: 0x80009938 (0x0000100f) fence.i
core   0: 3 0x80009938 (0x0000100f)
core   0: 0x8000993c (0x036aabb3) mulhsu  s7, s5, s6
core   0: 3 0x8000993c (0x036aabb3) x23 0xbf2ee96a
core   0: 0x80009940 (0xfb34e0e3) bltu    s1, s3, pc - 96
core   0: 3 0x80009940 (0xfb34e0e3)
core   0: 0x80009944 (0x00000896) c.slli  a7, 5
core   0: 3 0x80009944 (0x0896) x17 0x553c2960
core   0: 0x80009946 (0x00007117) auipc   sp, 0x7
core   0: 3 0x80009946 (0x00007117) x 2 0x80010946
core   0: 0x8000994a (0xeeb10113) addi    sp, sp, -277
core   0: 3 0x8000994a (0xeeb10113) x 2 0x80010831
core   0: 0x8000994e (0xc6a10ba3) sb      a0, -905(sp)
core   0: 3 0x8000994e (0xc6a10ba3) mem 0x800104a8 0x8e
core   0: 0x80009952 (0xc7714183) lbu     gp, -905(sp)
core   0: 3 0x80009952 (0xc7714183) x 3 0x0000008e mem 0x800104a8
core   0: 0x80009956 (0x002a5d13) srli    s10, s4, 2
core   0: 3 0x80009956 (0x002a5d13) x26 0x00000000
core   0: 0x8000995a (0xc7710483) lb      s1, -905(sp)
core   0: 3 0x8000995a (0xc7710483) x 9 0xffffff8e mem 0x800104a8
core   0: 0x8000995e (0x40a14303) lbu     t1, 1034(sp)
core   0: 3 0x8000995e (0x40a14303) x 6 0x00000000 mem 0x80010c3b
core   0: 0x80009962 (0x65314003) lbu     zero, 1619(sp)
core   0: 3 0x80009962 (0x65314003) mem 0x80010e84
core   0: 0x80009966 (0x0000147d) c.addi  s0, -1
core   0: 3 0x80009966 (0x147d) x 8 0x00000002
core   0: 0x80009968 (0x65311d83) lh      s11, 1619(sp)
core   0: 3 0x80009968 (0x65311d83) x27 0x00000000 mem 0x80010e84
core   0: 0x8000996c (0xae114503) lbu     a0, -1311(sp)
core   0: 3 0x8000996c (0xae114503) x10 0x00000000 mem 0x80010312
core   0: 0x80009970 (0xae110d03) lb      s10, -1311(sp)
core   0: 3 0x80009970 (0xae110d03) x26 0x00000000 mem 0x80010312
core   0: 0x80009974 (0xae114883) lbu     a7, -1311(sp)
core   0: 3 0x80009974 (0xae114883) x17 0x00000000 mem 0x80010312
core   0: 0x80009978 (0xae110e03) lb      t3, -1311(sp)
core   0: 3 0x80009978 (0xae110e03) x28 0x00000000 mem 0x80010312
core   0: 0x8000997c (0xaff100a3) sb      t6, -1311(sp)
core   0: 3 0x8000997c (0xaff100a3) mem 0x80010312 0x16
core   0: 0x80009980 (0x0000127d) c.addi  tp, -1
core   0: 3 0x80009980 (0x127d) x 4 0x00020d3b
core   0: 0x80009982 (0x00000236) c.slli  tp, 13
core   0: 3 0x80009982 (0x0236) x 4 0x41a76000
core   0: 0x80009984 (0xae115f83) lhu     t6, -1311(sp)
core   0: 3 0x80009984 (0xae115f83) x31 0x00000016 mem 0x80010312
core   0: 0x80009988 (0xae114483) lbu     s1, -1311(sp)
core   0: 3 0x80009988 (0xae114483) x 9 0x00000016 mem 0x80010312
core   0: 0x8000998c (0x00000001) c.nop
core   0: 3 0x8000998c (0x0001)
core   0: 0x8000998e (0xc0715883) lhu     a7, -1017(sp)
core   0: 3 0x8000998e (0xc0715883) x17 0x00000000 mem 0x80010438
core   0: 0x80009992 (0xc0711783) lh      a5, -1017(sp)
core   0: 3 0x80009992 (0xc0711783) x15 0x00000000 mem 0x80010438
core   0: 0x80009996 (0xc14113a3) sh      s4, -1017(sp)
core   0: 3 0x80009996 (0xc14113a3) mem 0x80010438 0x0000
core   0: 0x8000999a (0x00007297) auipc   t0, 0x7
core   0: 3 0x8000999a (0x00007297) x 5 0x8001099a
core   0: 0x8000999e (0x82b28293) addi    t0, t0, -2005
core   0: 3 0x8000999e (0x82b28293) x 5 0x800101c5
core   0: 0x800099a2 (0xfdf284a3) sb      t6, -55(t0)
core   0: 3 0x800099a2 (0xfdf284a3) mem 0x8001018e 0x16
core   0: 0x800099a6 (0xfcf284a3) sb      a5, -55(t0)
core   0: 3 0x800099a6 (0xfcf284a3) mem 0x8001018e 0x0
core   0: 0x800099aa (0xfc929e03) lh      t3, -55(t0)
core   0: 3 0x800099aa (0xfc929e03) x28 0x00000000 mem 0x8001018e
core   0: 0x800099ae (0xfc929e83) lh      t4, -55(t0)
core   0: 3 0x800099ae (0xfc929e83) x29 0x00000000 mem 0x8001018e
core   0: 0x800099b2 (0x030c29b3) mulhsu  s3, s8, a6
core   0: 3 0x800099b2 (0x030c29b3) x19 0xffffffff
core   0: 0x800099b6 (0xfc928b03) lb      s6, -55(t0)
core   0: 3 0x800099b6 (0xfc928b03) x22 0x00000000 mem 0x8001018e
core   0: 0x800099ba (0xce1a4213) xori    tp, s4, -799
core   0: 3 0x800099ba (0xce1a4213) x 4 0xfffffce1
core   0: 0x800099be (0xfc928303) lb      t1, -55(t0)
core   0: 3 0x800099be (0xfc928303) x 6 0x00000000 mem 0x8001018e
core   0: 0x800099c2 (0xfcf284a3) sb      a5, -55(t0)
core   0: 3 0x800099c2 (0xfcf284a3) mem 0x8001018e 0x0
core   0: 0x800099c6 (0x03128483) lb      s1, 49(t0)
core   0: 3 0x800099c6 (0x03128483) x 9 0x00000000 mem 0x800101f6
core   0: 0x800099ca (0x402ed693) srai    a3, t4, 2
core   0: 3 0x800099ca (0x402ed693) x13 0x00000000
core   0: 0x800099ce (0x03128703) lb      a4, 49(t0)
core   0: 3 0x800099ce (0x03128703) x14 0x00000000 mem 0x800101f6
core   0: 0x800099d2 (0x010524b3) slt     s1, a0, a6
core   0: 3 0x800099d2 (0x010524b3) x 9 0x00000001
core   0: 0x800099d6 (0x03129103) lh      sp, 49(t0)
core   0: 3 0x800099d6 (0x03129103) x 2 0x00000000 mem 0x800101f6
core   0: 0x800099da (0x00e4f1b3) and     gp, s1, a4
core   0: 3 0x800099da (0x00e4f1b3) x 3 0x00000000
core   0: 0x800099de (0xfe52d403) lhu     s0, -27(t0)
core   0: 3 0x800099de (0xfe52d403) x 8 0x00000000 mem 0x800101aa
core   0: 0x800099e2 (0xff22c103) lbu     sp, -14(t0)
core   0: 3 0x800099e2 (0xff22c103) x 2 0x00000000 mem 0x800101b7
core   0: 0x800099e6 (0x007283a3) sb      t2, 7(t0)
core   0: 3 0x800099e6 (0x007283a3) mem 0x800101cc 0x5c
core   0: 0x800099ea (0x0072db03) lhu     s6, 7(t0)
core   0: 3 0x800099ea (0x0072db03) x22 0x0000005c mem 0x800101cc
core   0: 0x800099ee (0x00a2a3a3) sw      a0, 7(t0)
core   0: 3 0x800099ee (0x00a2a3a3) mem 0x800101cc 0x00000000
core   0: 0x800099f2 (0x00528223) sb      t0, 4(t0)
core   0: 3 0x800099f2 (0x00528223) mem 0x800101c9 0xc5
core   0: 0x800099f6 (0x0042cc83) lbu     s9, 4(t0)
core   0: 3 0x800099f6 (0x0042cc83) x25 0x000000c5 mem 0x800101c9
core   0: 0x800099fa (0xfc528d03) lb      s10, -59(t0)
core   0: 3 0x800099fa (0xfc528d03) x26 0x00000000 mem 0x8001018a
core   0: 0x800099fe (0x0000d117) auipc   sp, 0xd
core   0: 3 0x800099fe (0x0000d117) x 2 0x800169fe
core   0: 0x80009a02 (0xa3410113) addi    sp, sp, -1484
core   0: 3 0x80009a02 (0xa3410113) x 2 0x80016432
core   0: 0x80009a06 (0x000084ed) c.srai  s1, 27
core   0: 3 0x80009a06 (0x84ed) x 9 0x00000000
core   0: 0x80009a08 (0x00008286) c.mv    t0, ra
core   0: 3 0x80009a08 (0x8286) x 5 0x800098b6
core   0: 0x80009a0a (0xa3c52b93) slti    s7, a0, -1476
core   0: 3 0x80009a0a (0xa3c52b93) x23 0x00000000
core   0: 0x80009a0e (0x16d1b917) auipc   s2, 0x16d1b
core   0: 3 0x80009a0e (0x16d1b917) x18 0x96d24a0e
core   0: 0x80009a12 (0x0233c8b3) div     a7, t2, gp
core   0: 3 0x80009a12 (0x0233c8b3) x17 0xffffffff
core   0: 0x80009a16 (0x00810303) lb      t1, 8(sp)
core   0: 3 0x80009a16 (0x00810303) x 6 0x00000000 mem 0x8001643a
core   0: 0x80009a1a (0x0005cfb3) xor     t6, a1, zero
core   0: 3 0x80009a1a (0x0005cfb3) x31 0x01a73103
core   0: 0x80009a1e (0xfe9101a3) sb      s1, -29(sp)
core   0: 3 0x80009a1e (0xfe9101a3) mem 0x80016415 0x0
core   0: 0x80009a22 (0x005fa033) slt     zero, t6, t0
core   0: 3 0x80009a22 (0x005fa033)
core   0: 0x80009a26 (0x02210a23) sb      sp, 52(sp)
core   0: 3 0x80009a26 (0x02210a23) mem 0x80016466 0x32
core   0: 0x80009a2a (0xffb10d83) lb      s11, -5(sp)
core   0: 3 0x80009a2a (0xffb10d83) x27 0x00000000 mem 0x8001642d
core   0: 0x80009a2e (0xfd574817) auipc   a6, 0xfd574
core   0: 3 0x80009a2e (0xfd574817) x16 0x7d57da2e
core   0: 0x80009a32 (0x40230f33) sub     t5, t1, sp
core   0: 3 0x80009a32 (0x40230f33) x30 0x7ffe9bce
core   0: 0x80009a36 (0xfc014003) lbu     zero, -64(sp)
core   0: 3 0x80009a36 (0xfc014003) mem 0x800163f2
core   0: 0x80009a3a (0x014d1e93) slli    t4, s10, 20
core   0: 3 0x80009a3a (0x014d1e93) x29 0x00000000
core   0: 0x80009a3e (0x000087d9) c.srai  a5, 22
core   0: 3 0x80009a3e (0x87d9) x15 0x00000000
core   0: 0x80009a40 (0x0ff0000f) fence   iorw,iorw
core   0: 3 0x80009a40 (0x0ff0000f)
core   0: 0x80009a44 (0x03680333) mul     t1, a6, s6
core   0: 3 0x80009a44 (0x03680333) x 6 0x0b926888
core   0: 0x80009a48 (0x0000826e) c.mv    tp, s11
core   0: 3 0x80009a48 (0x826e) x 4 0x00000000
core   0: 0x80009a4a (0xfc314503) lbu     a0, -61(sp)
core   0: 3 0x80009a4a (0xfc314503) x10 0x00000000 mem 0x800163f5
core   0: 0x80009a4e (0x01a11d83) lh      s11, 26(sp)
core   0: 3 0x80009a4e (0x01a11d83) x27 0x00000000 mem 0x8001644c
core   0: 0x80009a52 (0xfca10f03) lb      t5, -54(sp)
core   0: 3 0x80009a52 (0xfca10f03) x30 0x00000000 mem 0x800163fc
core   0: 0x80009a56 (0x02131233) mulh    tp, t1, ra
core   0: 3 0x80009a56 (0x02131233) x 4 0xfa36d2a3
core   0: 0x80009a5a (0x00008ca5) c.xor   s1, s1
core   0: 3 0x80009a5a (0x8ca5) x 9 0x00000000
core   0: 0x80009a5c (0x00000001) c.nop
core   0: 3 0x80009a5c (0x0001)
core   0: 0x80009a5e (0x00569d93) slli    s11, a3, 5
core   0: 3 0x80009a5e (0x00569d93) x27 0x00000000
core   0: 0x80009a62 (0x025a3f33) mulhu   t5, s4, t0
core   0: 3 0x80009a62 (0x025a3f33) x30 0x00000000
core   0: 0x80009a66 (0xfe011f83) lh      t6, -32(sp)
core   0: 3 0x80009a66 (0xfe011f83) x31 0x00000000 mem 0x80016412
core   0: 0x80009a6a (0x01319213) slli    tp, gp, 19
core   0: 3 0x80009a6a (0x01319213) x 4 0x00000000
core   0: 0x80009a6e (0x41ad5213) srai    tp, s10, 26
core   0: 3 0x80009a6e (0x41ad5213) x 4 0x00000000
core   0: 0x80009a72 (0x03c20cb3) mul     s9, tp, t3
core   0: 3 0x80009a72 (0x03c20cb3) x25 0x00000000
core   0: 0x80009a76 (0xff710a03) lb      s4, -9(sp)
core   0: 3 0x80009a76 (0xff710a03) x20 0x00000000 mem 0x80016429
core   0: 0x80009a7a (0xfc811f23) sh      s0, -34(sp)
core   0: 3 0x80009a7a (0xfc811f23) mem 0x80016410 0x0000
core   0: 0x80009a7e (0x01612523) sw      s6, 10(sp)
core   0: 3 0x80009a7e (0x01612523) mem 0x8001643c 0x0000005c
core   0: 0x80009a82 (0x00012717) auipc   a4, 0x12
core   0: 3 0x80009a82 (0x00012717) x14 0x8001ba82
core   0: 0x80009a86 (0x75c70713) addi    a4, a4, 1884
core   0: 3 0x80009a86 (0x75c70713) x14 0x8001c1de
core   0: 0x80009a8a (0x00007417) auipc   s0, 0x7
core   0: 3 0x80009a8a (0x00007417) x 8 0x80010a8a
core   0: 0x80009a8e (0x53340413) addi    s0, s0, 1331
core   0: 3 0x80009a8e (0x53340413) x 8 0x80010fbd
core   0: 0x80009a92 (0xf5b70083) lb      ra, -165(a4)
core   0: 3 0x80009a92 (0xf5b70083) x 1 0x00000000 mem 0x8001c139
core   0: 0x80009a96 (0x00a72a03) lw      s4, 10(a4)
core   0: 3 0x80009a96 (0x00a72a03) x20 0x00000000 mem 0x8001c1e8
core   0: 0x80009a9a (0xfd440303) lb      t1, -44(s0)
core   0: 3 0x80009a9a (0xfd440303) x 6 0x00000000 mem 0x80010f91
core   0: 0x80009a9e (0x07872f23) sw      s8, 126(a4)
core   0: 3 0x80009a9e (0x07872f23) mem 0x8001c25c 0xd5561f74
core   0: 0x80009aa2 (0xfbe74183) lbu     gp, -66(a4)
core   0: 3 0x80009aa2 (0xfbe74183) x 3 0x00000000 mem 0x8001c19c
core   0: 0x80009aa6 (0xf5f70f03) lb      t5, -161(a4)
core   0: 3 0x80009aa6 (0xf5f70f03) x30 0x00000000 mem 0x8001c13d
core   0: 0x80009aaa (0xf1b74983) lbu     s3, -229(a4)
core   0: 3 0x80009aaa (0xf1b74983) x19 0x00000000 mem 0x8001c0f9
core   0: 0x80009aae (0x00a40883) lb      a7, 10(s0)
core   0: 3 0x80009aae (0x00a40883) x17 0x00000000 mem 0x80010fc7
core   0: 0x80009ab2 (0xfad74e03) lbu     t3, -83(a4)
core   0: 3 0x80009ab2 (0xfad74e03) x28 0x00000000 mem 0x8001c18b
core   0: 0x80009ab6 (0x03840803) lb      a6, 56(s0)
core   0: 3 0x80009ab6 (0x03840803) x16 0x00000000 mem 0x80010ff5
core   0: 0x80009aba (0x038425a3) sw      s8, 43(s0)
core   0: 3 0x80009aba (0x038425a3) mem 0x80010fe8 0xd5561f74
core   0: 0x80009abe (0x08f702a3) sb      a5, 133(a4)
core   0: 3 0x80009abe (0x08f702a3) mem 0x8001c263 0x0
core   0: 0x80009ac2 (0xfdd44d03) lbu     s10, -35(s0)
core   0: 3 0x80009ac2 (0xfdd44d03) x26 0x00000000 mem 0x80010f9a
core   0: 0x80009ac6 (0x0b074303) lbu     t1, 176(a4)
core   0: 3 0x80009ac6 (0x0b074303) x 6 0x00000000 mem 0x8001c28e
core   0: 0x80009aca (0xfde412a3) sh      t5, -59(s0)
core   0: 3 0x80009aca (0xfde412a3) mem 0x80010f82 0x0000
core   0: 0x80009ace (0x00f74b83) lbu     s7, 15(a4)
core   0: 3 0x80009ace (0x00f74b83) x23 0x00000000 mem 0x8001c1ed
core   0: 0x80009ad2 (0x0000d717) auipc   a4, 0xd
core   0: 3 0x80009ad2 (0x0000d717) x14 0x80016ad2
core   0: 0x80009ad6 (0xf4b70713) addi    a4, a4, -181
core   0: 3 0x80009ad6 (0xf4b70713) x14 0x80016a1d
core   0: 0x80009ada (0x00009afd) c.andi  a3, -1
core   0: 3 0x80009ada (0x9afd) x13 0x00000000
core   0: 0x80009adc (0x00d713a3) sh      a3, 7(a4)
core   0: 3 0x80009adc (0x00d713a3) mem 0x80016a24 0x0000
core   0: 0x80009ae0 (0x00274003) lbu     zero, 2(a4)
core   0: 3 0x80009ae0 (0x00274003) mem 0x80016a1f
core   0: 0x80009ae4 (0xff775603) lhu     a2, -9(a4)
core   0: 3 0x80009ae4 (0xff775603) x12 0x00000000 mem 0x80016a14
core   0: 0x80009ae8 (0x00008e55) c.or    a2, a3
core   0: 3 0x80009ae8 (0x8e55) x12 0x00000000
core   0: 0x80009aea (0x034b8a33) mul     s4, s7, s4
core   0: 3 0x80009aea (0x034b8a33) x20 0x00000000
core   0: 0x80009aee (0xffa74003) lbu     zero, -6(a4)
core   0: 3 0x80009aee (0xffa74003) mem 0x80016a17
core   0: 0x80009af2 (0xffc74e83) lbu     t4, -4(a4)
core   0: 3 0x80009af2 (0xffc74e83) x29 0x00000000 mem 0x80016a19
core   0: 0x80009af6 (0xff070683) lb      a3, -16(a4)
core   0: 3 0x80009af6 (0xff070683) x13 0x00000000 mem 0x80016a0d
core   0: 0x80009afa (0x00575683) lhu     a3, 5(a4)
core   0: 3 0x80009afa (0x00575683) x13 0x00000000 mem 0x80016a22
core   0: 0x80009afe (0x00a70003) lb      zero, 10(a4)
core   0: 3 0x80009afe (0x00a70003) mem 0x80016a27
core   0: 0x80009b02 (0xff575603) lhu     a2, -11(a4)
core   0: 3 0x80009b02 (0xff575603) x12 0x00000000 mem 0x80016a12
core   0: 0x80009b06 (0x00674683) lbu     a3, 6(a4)
core   0: 3 0x80009b06 (0x00674683) x13 0x00000000 mem 0x80016a23
core   0: 0x80009b0a (0x00f70683) lb      a3, 15(a4)
core   0: 3 0x80009b0a (0x00f70683) x13 0x00000000 mem 0x80016a2c
core   0: 0x80009b0e (0xdb766a13) ori     s4, a2, -585
core   0: 3 0x80009b0e (0xdb766a13) x20 0xfffffdb7
core   0: 0x80009b12 (0xdf606013) ori     zero, zero, -522
core   0: 3 0x80009b12 (0xdf606013)
core   0: 0x80009b16 (0x000096de) c.add   a3, s7
core   0: 3 0x80009b16 (0x96de) x13 0x00000000
core   0: 0x80009b18 (0x00d70423) sb      a3, 8(a4)
core   0: 3 0x80009b18 (0x00d70423) mem 0x80016a25 0x0
core   0: 0x80009b1c (0x00000001) c.nop
core   0: 3 0x80009b1c (0x0001)
core   0: 0x80009b1e (0xffd75b83) lhu     s7, -3(a4)
core   0: 3 0x80009b1e (0xffd75b83) x23 0x00000000 mem 0x80016a1a
core   0: 0x80009b22 (0xcbebaa13) slti    s4, s7, -834
core   0: 3 0x80009b22 (0xcbebaa13) x20 0x00000000
core   0: 0x80009b26 (0x00008eb5) c.xor   a3, a3
core   0: 3 0x80009b26 (0x8eb5) x13 0x00000000
core   0: 0x80009b28 (0x00d70723) sb      a3, 14(a4)
core   0: 3 0x80009b28 (0x00d70723) mem 0x80016a2b 0x0
core   0: 0x80009b2c (0xff870b83) lb      s7, -8(a4)
core   0: 3 0x80009b2c (0xff870b83) x23 0x00000000 mem 0x80016a15
core   0: 0x80009b30 (0xff470ca3) sb      s4, -7(a4)
core   0: 3 0x80009b30 (0xff470ca3) mem 0x80016a16 0x0
core   0: 0x80009b34 (0x01cbd013) srli    zero, s7, 28
core   0: 3 0x80009b34 (0x01cbd013)
core   0: 0x80009b38 (0x00d6feb3) and     t4, a3, a3
core   0: 3 0x80009b38 (0x00d6feb3) x29 0x00000000
core   0: 0x80009b3c (0xfed70b23) sb      a3, -10(a4)
core   0: 3 0x80009b3c (0xfed70b23) mem 0x80016a13 0x0
core   0: 0x80009b40 (0x01468633) add     a2, a3, s4
core   0: 3 0x80009b40 (0x01468633) x12 0x00000000
core   0: 0x80009b44 (0x00070623) sb      zero, 12(a4)
core   0: 3 0x80009b44 (0x00070623) mem 0x80016a29 0x0
core   0: 0x80009b48 (0x0000468d) c.li    a3, 3
core   0: 3 0x80009b48 (0x468d) x13 0x00000003
core   0: 0x80009b4a (0xfff70e83) lb      t4, -1(a4)
core   0: 3 0x80009b4a (0xfff70e83) x29 0x00000000 mem 0x80016a1c
core   0: 0x80009b4e (0x00008ef5) c.and   a3, a3
core   0: 3 0x80009b4e (0x8ef5) x13 0x00000003
core   0: 0x80009b50 (0x12feeb93) ori     s7, t4, 303
core   0: 3 0x80009b50 (0x12feeb93) x23 0x0000012f
core   0: 0x80009b54 (0x00fa1e93) slli    t4, s4, 15
core   0: 3 0x80009b54 (0x00fa1e93) x29 0x00000000
core   0: 0x80009b58 (0x0000100f) fence.i
core   0: 3 0x80009b58 (0x0000100f)
core   0: 0x80009b5c (0x01074603) lbu     a2, 16(a4)
core   0: 3 0x80009b5c (0x01074603) x12 0x00000000 mem 0x80016a2d
core   0: 0x80009b60 (0x00470603) lb      a2, 4(a4)
core   0: 3 0x80009b60 (0x00470603) x12 0x00000000 mem 0x80016a21
core   0: 0x80009b64 (0xff474003) lbu     zero, -12(a4)
core   0: 3 0x80009b64 (0xff474003) mem 0x80016a11
core   0: 0x80009b68 (0x017710a3) sh      s7, 1(a4)
core   0: 3 0x80009b68 (0x017710a3) mem 0x80016a1e 0x012f
core   0: 0x80009b6c (0xffb71003) lh      zero, -5(a4)
core   0: 3 0x80009b6c (0xffb71003) mem 0x80016a18
core   0: 0x80009b70 (0x269ba013) slti    zero, s7, 617
core   0: 3 0x80009b70 (0x269ba013)
core   0: 0x80009b74 (0x01770323) sb      s7, 6(a4)
core   0: 3 0x80009b74 (0x01770323) mem 0x80016a23 0x2f
core   0: 0x80009b78 (0x00007f97) auipc   t6, 0x7
core   0: 3 0x80009b78 (0x00007f97) x31 0x80010b78
core   0: 0x80009b7c (0x8d0f8f93) addi    t6, t6, -1840
core   0: 3 0x80009b7c (0x8d0f8f93) x31 0x80010448
core   0: 0x80009b80 (0x00006b17) auipc   s6, 0x6
core   0: 3 0x80009b80 (0x00006b17) x22 0x8000fb80
core   0: 0x80009b84 (0x7ecb0b13) addi    s6, s6, 2028
core   0: 3 0x80009b84 (0x7ecb0b13) x22 0x8001036c
core   0: 0x80009b88 (0x00006717) auipc   a4, 0x6
core   0: 3 0x80009b88 (0x00006717) x14 0x8000fb88
core   0: 0x80009b8c (0x52f70713) addi    a4, a4, 1327
core   0: 3 0x80009b8c (0x52f70713) x14 0x800100b7
core   0: 0x80009b90 (0x00007617) auipc   a2, 0x7
core   0: 3 0x80009b90 (0x00007617) x12 0x80010b90
core   0: 0x80009b94 (0xa1f60613) addi    a2, a2, -1505
core   0: 3 0x80009b94 (0xa1f60613) x12 0x800105af
core   0: 0x80009b98 (0xffa61ba3) sh      s10, -9(a2)
core   0: 3 0x80009b98 (0xffa61ba3) mem 0x800105a6 0x0000
core   0: 0x80009b9c (0xfff71e03) lh      t3, -1(a4)
core   0: 3 0x80009b9c (0xfff71e03) x28 0x00000000 mem 0x800100b6
core   0: 0x80009ba0 (0x039b4303) lbu     t1, 57(s6)
core   0: 3 0x80009ba0 (0x039b4303) x 6 0x00000001 mem 0x800103a5
core   0: 0x80009ba4 (0x00a60883) lb      a7, 10(a2)
core   0: 3 0x80009ba4 (0x00a60883) x17 0x00000000 mem 0x800105b9
core   0: 0x80009ba8 (0x035b0023) sb      s5, 32(s6)
core   0: 3 0x80009ba8 (0x035b0023) mem 0x8001038c 0xe4
core   0: 0x80009bac (0x00260183) lb      gp, 2(a2)
core   0: 3 0x80009bac (0x00260183) x 3 0x00000000 mem 0x800105b1
core   0: 0x80009bb0 (0xfd1f88a3) sb      a7, -47(t6)
core   0: 3 0x80009bb0 (0xfd1f88a3) mem 0x80010419 0x0
core   0: 0x80009bb4 (0xff070b83) lb      s7, -16(a4)
core   0: 3 0x80009bb4 (0xff070b83) x23 0x00000000 mem 0x800100a7
core   0: 0x80009bb8 (0xfe960823) sb      s1, -16(a2)
core   0: 3 0x80009bb8 (0xfe960823) mem 0x8001059f 0x0
core   0: 0x80009bbc (0xff760403) lb      s0, -9(a2)
core   0: 3 0x80009bbc (0xff760403) x 8 0x00000000 mem 0x800105a6
core   0: 0x80009bc0 (0xff174c03) lbu     s8, -15(a4)
core   0: 3 0x80009bc0 (0xff174c03) x24 0x00000000 mem 0x800100a8
core   0: 0x80009bc4 (0x025b4303) lbu     t1, 37(s6)
core   0: 3 0x80009bc4 (0x025b4303) x 6 0x00000000 mem 0x80010391
core   0: 0x80009bc8 (0xfe0f83a3) sb      zero, -25(t6)
core   0: 3 0x80009bc8 (0xfe0f83a3) mem 0x8001042f 0x0
core   0: 0x80009bcc (0x00270c83) lb      s9, 2(a4)
core   0: 3 0x80009bcc (0x00270c83) x25 0x00000000 mem 0x800100b9
core   0: 0x80009bd0 (0x030b0903) lb      s2, 48(s6)
core   0: 3 0x80009bd0 (0x030b0903) x18 0x00000000 mem 0x8001039c
core   0: 0x80009bd4 (0x036f8d23) sb      s6, 58(t6)
core   0: 3 0x80009bd4 (0x036f8d23) mem 0x80010482 0x6c
core   0: 0x80009bd8 (0xff161503) lh      a0, -15(a2)
core   0: 3 0x80009bd8 (0xff161503) x10 0x00000000 mem 0x800105a0
core   0: 0x80009bdc (0xffd70ea3) sb      t4, -3(a4)
core   0: 3 0x80009bdc (0xffd70ea3) mem 0x800100b4 0x0
core   0: 0x80009be0 (0xffbf8183) lb      gp, -5(t6)
core   0: 3 0x80009be0 (0xffbf8183) x 3 0x00000000 mem 0x80010443
core   0: 0x80009be4 (0xff660e03) lb      t3, -10(a2)
core   0: 3 0x80009be4 (0xff660e03) x28 0x00000000 mem 0x800105a5
core   0: 0x80009be8 (0x00a64303) lbu     t1, 10(a2)
core   0: 3 0x80009be8 (0x00a64303) x 6 0x00000000 mem 0x800105b9
core   0: 0x80009bec (0xff172aa3) sw      a7, -11(a4)
core   0: 3 0x80009bec (0xff172aa3) mem 0x800100ac 0x00000000
core   0: 0x80009bf0 (0x005fc083) lbu     ra, 5(t6)
core   0: 3 0x80009bf0 (0x005fc083) x 1 0x00000000 mem 0x8001044d
core   0: 0x80009bf4 (0xfd0fc783) lbu     a5, -48(t6)
core   0: 3 0x80009bf4 (0xfd0fc783) x15 0x00000000 mem 0x80010418
core   0: 0x80009bf8 (0x00670903) lb      s2, 6(a4)
core   0: 3 0x80009bf8 (0x00670903) x18 0x00000000 mem 0x800100bd
core   0: 0x80009bfc (0x001f8b83) lb      s7, 1(t6)
core   0: 3 0x80009bfc (0x001f8b83) x23 0x00000000 mem 0x80010449
core   0: 0x80009c00 (0x00db0da3) sb      a3, 27(s6)
core   0: 3 0x80009c00 (0x00db0da3) mem 0x80010387 0x3
core   0: 0x80009c04 (0x01064303) lbu     t1, 16(a2)
core   0: 3 0x80009c04 (0x01064303) x 6 0x00000000 mem 0x800105bf
core   0: 0x80009c08 (0xff270e03) lb      t3, -14(a4)
core   0: 3 0x80009c08 (0xff270e03) x28 0x00000000 mem 0x800100a9
core   0: 0x80009c0c (0x00361d83) lh      s11, 3(a2)
core   0: 3 0x80009c0c (0x00361d83) x27 0x00000000 mem 0x800105b2
core   0: 0x80009c10 (0x0000fb17) auipc   s6, 0xf
core   0: 3 0x80009c10 (0x0000fb17) x22 0x80018c10
core   0: 0x80009c14 (0x76ab0b13) addi    s6, s6, 1898
core   0: 3 0x80009c14 (0x76ab0b13) x22 0x8001937a
core   0: 0x80009c18 (0x0000c797) auipc   a5, 0xc
core   0: 3 0x80009c18 (0x0000c797) x15 0x80015c18
core   0: 0x80009c1c (0x2d678793) addi    a5, a5, 726
core   0: 3 0x80009c1c (0x2d678793) x15 0x80015eee
core   0: 0x80009c20 (0xfd4781a3) sb      s4, -61(a5)
core   0: 3 0x80009c20 (0xfd4781a3) mem 0x80015eb1 0x0
core   0: 0x80009c24 (0x01bb07a3) sb      s11, 15(s6)
core   0: 3 0x80009c24 (0x01bb07a3) mem 0x80019389 0x0
core   0: 0x80009c28 (0x02d7cd03) lbu     s10, 45(a5)
core   0: 3 0x80009c28 (0x02d7cd03) x26 0x00000000 mem 0x80015f1b
core   0: 0x80009c2c (0xffeb1483) lh      s1, -2(s6)
core   0: 3 0x80009c2c (0xffeb1483) x 9 0x00000000 mem 0x80019378
core   0: 0x80009c30 (0x00a786a3) sb      a0, 13(a5)
core   0: 3 0x80009c30 (0x00a786a3) mem 0x80015efb 0x0
core   0: 0x80009c34 (0x02ab2d23) sw      a0, 58(s6)
core   0: 3 0x80009c34 (0x02ab2d23) mem 0x800193b4 0x00000000
core   0: 0x80009c38 (0xfca7c083) lbu     ra, -54(a5)
core   0: 3 0x80009c38 (0xfca7c083) x 1 0x00000000 mem 0x80015eb8
core   0: 0x80009c3c (0x03db4c03) lbu     s8, 61(s6)
core   0: 3 0x80009c3c (0x03db4c03) x24 0x00000000 mem 0x800193b7
core   0: 0x80009c40 (0x0337cd03) lbu     s10, 51(a5)
core   0: 3 0x80009c40 (0x0337cd03) x26 0x00000000 mem 0x80015f21
core   0: 0x80009c44 (0xfcab04a3) sb      a0, -55(s6)
core   0: 3 0x80009c44 (0xfcab04a3) mem 0x80019343 0x0
core   0: 0x80009c48 (0xfc478203) lb      tp, -60(a5)
core   0: 3 0x80009c48 (0xfc478203) x 4 0x00000000 mem 0x80015eb2
core   0: 0x80009c4c (0xff378003) lb      zero, -13(a5)
core   0: 3 0x80009c4c (0xff378003) mem 0x80015ee1
core   0: 0x80009c50 (0x00fb0723) sb      a5, 14(s6)
core   0: 3 0x80009c50 (0x00fb0723) mem 0x80019388 0xee
core   0: 0x80009c54 (0x00db0083) lb      ra, 13(s6)
core   0: 3 0x80009c54 (0x00db0083) x 1 0x00000000 mem 0x80019387
core   0: 0x80009c58 (0x00007b17) auipc   s6, 0x7
core   0: 3 0x80009c58 (0x00007b17) x22 0x80010c58
core   0: 0x80009c5c (0x3e1b0b13) addi    s6, s6, 993
core   0: 3 0x80009c5c (0x3e1b0b13) x22 0x80011039
core   0: 0x80009c60 (0xf39b0d03) lb      s10, -199(s6)
core   0: 3 0x80009c60 (0xf39b0d03) x26 0x00000000 mem 0x80010f72
core   0: 0x80009c64 (0x00006097) auipc   ra, 0x6
core   0: 3 0x80009c64 (0x00006097) x 1 0x8000fc64
core   0: 0x80009c68 (0x6ed08093) addi    ra, ra, 1773
core   0: 3 0x80009c68 (0x6ed08093) x 1 0x80010351
core   0: 0x80009c6c (0x00508503) lb      a0, 5(ra)
core   0: 3 0x80009c6c (0x00508503) x10 0x00000000 mem 0x80010356
core   0: 0x80009c70 (0x00007c17) auipc   s8, 0x7
core   0: 3 0x80009c70 (0x00007c17) x24 0x80010c70
core   0: 0x80009c74 (0x2adc0c13) addi    s8, s8, 685
core   0: 3 0x80009c74 (0x2adc0c13) x24 0x80010f1d
core   0: 0x80009c78 (0x00007497) auipc   s1, 0x7
core   0: 3 0x80009c78 (0x00007497) x 9 0x80010c78
core   0: 0x80009c7c (0x21448493) addi    s1, s1, 532
core   0: 3 0x80009c7c (0x21448493) x 9 0x80010e8c
core   0: 0x80009c80 (0x0b3c4303) lbu     t1, 179(s8)
core   0: 3 0x80009c80 (0x0b3c4303) x 6 0x00000084 mem 0x80010fd0
core   0: 0x80009c84 (0x19648ca3) sb      s6, 409(s1)
core   0: 3 0x80009c84 (0x19648ca3) mem 0x80011025 0x39
core   0: 0x80009c88 (0x00608e83) lb      t4, 6(ra)
core   0: 3 0x80009c88 (0x00608e83) x29 0x00000000 mem 0x80010357
core   0: 0x80009c8c (0x05fc1983) lh      s3, 95(s8)
core   0: 3 0x80009c8c (0x05fc1983) x19 0x00000000 mem 0x80010f7c
core   0: 0x80009c90 (0xa2449683) lh      a3, -1500(s1)
core   0: 3 0x80009c90 (0xa2449683) x13 0x00000000 mem 0x800108b0
core   0: 0x80009c94 (0x0040c683) lbu     a3, 4(ra)
core   0: 3 0x80009c94 (0x0040c683) x13 0x00000000 mem 0x80010355
core   0: 0x80009c98 (0xfb4b0303) lb      t1, -76(s6)
core   0: 3 0x80009c98 (0xfb4b0303) x 6 0x00000000 mem 0x80010fed
core   0: 0x80009c9c (0xff408f83) lb      t6, -12(ra)
core   0: 3 0x80009c9c (0xff408f83) x31 0x00000000 mem 0x80010345
core   0: 0x80009ca0 (0x9504a283) lw      t0, -1712(s1)
core   0: 3 0x80009ca0 (0x9504a283) x 5 0x00000000 mem 0x800107dc
core   0: 0x80009ca4 (0xf6cb4803) lbu     a6, -148(s6)
core   0: 3 0x80009ca4 (0xf6cb4803) x16 0x00000000 mem 0x80010fa5
core   0: 0x80009ca8 (0xfe408aa3) sb      tp, -11(ra)
core   0: 3 0x80009ca8 (0xfe408aa3) mem 0x80010346 0x0
core   0: 0x80009cac (0x0d2c1ca3) sh      s2, 217(s8)
core   0: 3 0x80009cac (0x0d2c1ca3) mem 0x80010ff6 0x0000
core   0: 0x80009cb0 (0xe334ce03) lbu     t3, -461(s1)
core   0: 3 0x80009cb0 (0xe334ce03) x28 0x00000000 mem 0x80010cbf
core   0: 0x80009cb4 (0xfa6b0183) lb      gp, -90(s6)
core   0: 3 0x80009cb4 (0xfa6b0183) x 3 0x00000000 mem 0x80010fdf
core   0: 0x80009cb8 (0x01a0a7a3) sw      s10, 15(ra)
core   0: 3 0x80009cb8 (0x01a0a7a3) mem 0x80010360 0x00000000
core   0: 0x80009cbc (0xecc48fa3) sb      a2, -289(s1)
core   0: 3 0x80009cbc (0xecc48fa3) mem 0x80010d6b 0xaf
core   0: 0x80009cc0 (0xfcfc01a3) sb      a5, -61(s8)
core   0: 3 0x80009cc0 (0xfcfc01a3) mem 0x80010ee0 0xee
core   0: 0x80009cc4 (0xf3ac4c83) lbu     s9, -198(s8)
core   0: 3 0x80009cc4 (0xf3ac4c83) x25 0x00000000 mem 0x80010e57
core   0: 0x80009cc8 (0xf77b2803) lw      a6, -137(s6)
core   0: 3 0x80009cc8 (0xf77b2803) x16 0x00000000 mem 0x80010fb0
core   0: 0x80009ccc (0x1534c503) lbu     a0, 339(s1)
core   0: 3 0x80009ccc (0x1534c503) x10 0x00000000 mem 0x80010fdf
core   0: 0x80009cd0 (0x00c08323) sb      a2, 6(ra)
core   0: 3 0x80009cd0 (0x00c08323) mem 0x80010357 0xaf
core   0: 0x80009cd4 (0xf60b0723) sb      zero, -146(s6)
core   0: 3 0x80009cd4 (0xf60b0723) mem 0x80010fa7 0x0
core   0: 0x80009cd8 (0xf3ec4503) lbu     a0, -194(s8)
core   0: 3 0x80009cd8 (0xf3ec4503) x10 0x00000000 mem 0x80010e5b
core   0: 0x80009cdc (0xa06486a3) sb      t1, -1523(s1)
core   0: 3 0x80009cdc (0xa06486a3) mem 0x80010899 0x0
core   0: 0x80009ce0 (0x012c0283) lb      t0, 18(s8)
core   0: 3 0x80009ce0 (0x012c0283) x 5 0x00000000 mem 0x80010f2f
core   0: 0x80009ce4 (0x0d1c5603) lhu     a2, 209(s8)
core   0: 3 0x80009ce4 (0x0d1c5603) x12 0x00000000 mem 0x80010fee
core   0: 0x80009ce8 (0x98849e83) lh      t4, -1656(s1)
core   0: 3 0x80009ce8 (0x98849e83) x29 0x00000000 mem 0x80010814
core   0: 0x80009cec (0x0b5c5683) lhu     a3, 181(s8)
core   0: 3 0x80009cec (0x0b5c5683) x13 0x00000000 mem 0x80010fd2
core   0: 0x80009cf0 (0xff30a983) lw      s3, -13(ra)
core   0: 3 0x80009cf0 (0xff30a983) x19 0x00000000 mem 0x80010344
core   0: 0x80009cf4 (0xfe4b0f83) lb      t6, -28(s6)
core   0: 3 0x80009cf4 (0xfe4b0f83) x31 0x00000000 mem 0x8001101d
core   0: 0x80009cf8 (0xffa0cb83) lbu     s7, -6(ra)
core   0: 3 0x80009cf8 (0xffa0cb83) x23 0x00000000 mem 0x8001034b
core   0: 0x80009cfc (0xfe8b4903) lbu     s2, -24(s6)
core   0: 3 0x80009cfc (0xfe8b4903) x18 0x000000ae mem 0x80011021
core   0: 0x80009d00 (0x07a4cf83) lbu     t6, 122(s1)
core   0: 3 0x80009d00 (0x07a4cf83) x31 0x00000000 mem 0x80010f06
core   0: 0x80009d04 (0xeab4a023) sw      a1, -352(s1)
core   0: 3 0x80009d04 (0xeab4a023) mem 0x80010d2c 0x01a73103
core   0: 0x80009d08 (0xff40ce83) lbu     t4, -12(ra)
core   0: 3 0x80009d08 (0xff40ce83) x29 0x00000000 mem 0x80010345
core   0: 0x80009d0c (0x00006d97) auipc   s11, 0x6
core   0: 3 0x80009d0c (0x00006d97) x27 0x8000fd0c
core   0: 0x80009d10 (0x435d8d93) addi    s11, s11, 1077
core   0: 3 0x80009d10 (0x435d8d93) x27 0x80010141
core   0: 0x80009d14 (0x00ddd803) lhu     a6, 13(s11)
core   0: 3 0x80009d14 (0x00ddd803) x16 0x00000000 mem 0x8001014e
core   0: 0x80009d18 (0x027d8823) sb      t2, 48(s11)
core   0: 3 0x80009d18 (0x027d8823) mem 0x80010171 0x5c
core   0: 0x80009d1c (0x00014c97) auipc   s9, 0x14
core   0: 3 0x80009d1c (0x00014c97) x25 0x8001dd1c
core   0: 0x80009d20 (0xe61c8c93) addi    s9, s9, -415
core   0: 3 0x80009d20 (0xe61c8c93) x25 0x8001db7d
core   0: 0x80009d24 (0x011c8323) sb      a7, 6(s9)
core   0: 3 0x80009d24 (0x011c8323) mem 0x8001db83 0x0
core   0: 0x80009d28 (0xff4dc803) lbu     a6, -12(s11)
core   0: 3 0x80009d28 (0xff4dc803) x16 0x00000000 mem 0x80010135
core   0: 0x80009d2c (0x006d8623) sb      t1, 12(s11)
core   0: 3 0x80009d2c (0x006d8623) mem 0x8001014d 0x0
core   0: 0x80009d30 (0xff7cab83) lw      s7, -9(s9)
core   0: 3 0x80009d30 (0xff7cab83) x23 0x00000000 mem 0x8001db74
core   0: 0x80009d34 (0xfc8d8f23) sb      s0, -34(s11)
core   0: 3 0x80009d34 (0xfc8d8f23) mem 0x8001011f 0x0
core   0: 0x80009d38 (0x005c8183) lb      gp, 5(s9)
core   0: 3 0x80009d38 (0x005c8183) x 3 0x00000000 mem 0x8001db82
core   0: 0x80009d3c (0xff1c8e23) sb      a7, -4(s9)
core   0: 3 0x80009d3c (0xff1c8e23) mem 0x8001db79 0x0
core   0: 0x80009d40 (0xfdad9ea3) sh      s10, -35(s11)
core   0: 3 0x80009d40 (0xfdad9ea3) mem 0x8001011e 0x0000
core   0: 0x80009d44 (0xff2c8703) lb      a4, -14(s9)
core   0: 3 0x80009d44 (0xff2c8703) x14 0x00000000 mem 0x8001db6f
core   0: 0x80009d48 (0xff4cc883) lbu     a7, -12(s9)
core   0: 3 0x80009d48 (0xff4cc883) x17 0x00000000 mem 0x8001db71
core   0: 0x80009d4c (0xff3dd003) lhu     zero, -13(s11)
core   0: 3 0x80009d4c (0xff3dd003) mem 0x80010134
core   0: 0x80009d50 (0xfe7d8923) sb      t2, -14(s11)
core   0: 3 0x80009d50 (0xfe7d8923) mem 0x80010133 0x5c
core   0: 0x80009d54 (0x028d81a3) sb      s0, 35(s11)
core   0: 3 0x80009d54 (0x028d81a3) mem 0x80010164 0x0
core   0: 0x80009d58 (0x01ec8523) sb      t5, 10(s9)
core   0: 3 0x80009d58 (0x01ec8523) mem 0x8001db87 0x0
core   0: 0x80009d5c (0x024d9ea3) sh      tp, 61(s11)
core   0: 3 0x80009d5c (0x024d9ea3) mem 0x8001017e 0x0000
core   0: 0x80009d60 (0xff600793) li      a5, -10
core   0: 3 0x80009d60 (0xff600793) x15 0xfffffff6
core   0: 0x80009d64 (0x00000001) c.nop
core   0: 3 0x80009d64 (0x0001)
core   0: 0x80009d66 (0x03bdc1b3) div     gp, s11, s11
core   0: 3 0x80009d66 (0x03bdc1b3) x 3 0x00000001
core   0: 0x80009d6a (0x01b49113) slli    sp, s1, 27
core   0: 3 0x80009d6a (0x01b49113) x 2 0x60000000
core   0: 0x80009d6e (0x004280b3) add     ra, t0, tp
core   0: 3 0x80009d6e (0x004280b3) x 1 0x00000000
core   0: 0x80009d72 (0x023c3b33) mulhu   s6, s8, gp
core   0: 3 0x80009d72 (0x023c3b33) x22 0x00000000
core   0: 0x80009d76 (0x00000795) c.addi  a5, 5
core   0: 3 0x80009d76 (0x0795) x15 0xfffffffb
core   0: 0x80009d78 (0xb9fe0e93) addi    t4, t3, -1121
core   0: 3 0x80009d78 (0xb9fe0e93) x29 0xfffffb9f
core   0: 0x80009d7c (0x0000dbfd) c.beqz  a5, pc - 10
core   0: 3 0x80009d7c (0xdbfd)
core   0: 0x80009d7e (0x000050fd) c.li    ra, -1
core   0: 3 0x80009d7e (0x50fd) x 1 0xffffffff
core   0: 0x80009d80 (0x00007317) auipc   t1, 0x7
core   0: 3 0x80009d80 (0x00007317) x 6 0x80010d80
core   0: 0x80009d84 (0x2bb30313) addi    t1, t1, 699
core   0: 3 0x80009d84 (0x2bb30313) x 6 0x8001103b
core   0: 0x80009d88 (0x00abdbb3) srl     s7, s7, a0
core   0: 3 0x80009d88 (0x00abdbb3) x23 0x00000000
core   0: 0x80009d8c (0x00334503) lbu     a0, 3(t1)
core   0: 3 0x80009d8c (0x00334503) x10 0x00000000 mem 0x8001103e
core   0: 0x80009d90 (0xfc430503) lb      a0, -60(t1)
core   0: 3 0x80009d90 (0xfc430503) x10 0x00000000 mem 0x80010fff
core   0: 0x80009d94 (0xfd030603) lb      a2, -48(t1)
core   0: 3 0x80009d94 (0xfd030603) x12 0x00000000 mem 0x8001100b
core   0: 0x80009d98 (0xfc3324a3) sw      gp, -55(t1)
core   0: 3 0x80009d98 (0xfc3324a3) mem 0x80011004 0x00000001
core   0: 0x80009d9c (0xffb31603) lh      a2, -5(t1)
core   0: 3 0x80009d9c (0xffb31603) x12 0x00000000 mem 0x80011036
core   0: 0x80009da0 (0xfd4305a3) sb      s4, -53(t1)
core   0: 3 0x80009da0 (0xfd4305a3) mem 0x80011006 0x0
core   0: 0x80009da4 (0xfd830503) lb      a0, -40(t1)
core   0: 3 0x80009da4 (0xfd830503) x10 0x00000000 mem 0x80011013
core   0: 0x80009da8 (0x003a3633) sltu    a2, s4, gp
core   0: 3 0x80009da8 (0x003a3633) x12 0x00000001
core   0: 0x80009dac (0x08167637) lui     a2, 0x8167
core   0: 3 0x80009dac (0x08167637) x12 0x08167000
core   0: 0x80009db0 (0xfe134603) lbu     a2, -31(t1)
core   0: 3 0x80009db0 (0xfe134603) x12 0x00000000 mem 0x8001101c
core   0: 0x80009db4 (0xff931503) lh      a0, -7(t1)
core   0: 3 0x80009db4 (0xff931503) x10 0x00000000 mem 0x80011034
core   0: 0x80009db8 (0x0131b1b3) sltu    gp, gp, s3
core   0: 3 0x80009db8 (0x0131b1b3) x 3 0x00000000
core   0: 0x80009dbc (0xff330923) sb      s3, -14(t1)
core   0: 3 0x80009dbc (0xff330923) mem 0x8001102d 0x0
core   0: 0x80009dc0 (0xfec30823) sb      a2, -16(t1)
core   0: 3 0x80009dc0 (0xfec30823) mem 0x8001102b 0x0
core   0: 0x80009dc4 (0xfd430523) sb      s4, -54(t1)
core   0: 3 0x80009dc4 (0xfd430523) mem 0x80011005 0x0
core   0: 0x80009dc8 (0xfe330fa3) sb      gp, -1(t1)
core   0: 3 0x80009dc8 (0xfe330fa3) mem 0x8001103a 0x0
core   0: 0x80009dcc (0xa54a7a13) andi    s4, s4, -1452
core   0: 3 0x80009dcc (0xa54a7a13) x20 0x00000000
core   0: 0x80009dd0 (0x00a34503) lbu     a0, 10(t1)
core   0: 3 0x80009dd0 (0x00a34503) x10 0x00000000 mem 0x80011045
core   0: 0x80009dd4 (0x16fa2193) slti    gp, s4, 367
core   0: 3 0x80009dd4 (0x16fa2193) x 3 0x00000001
core   0: 0x80009dd8 (0xfc034503) lbu     a0, -64(t1)
core   0: 3 0x80009dd8 (0xfc034503) x10 0x00000000 mem 0x80010ffb
core   0: 0x80009ddc (0x00034a03) lbu     s4, 0(t1)
core   0: 3 0x80009ddc (0x00034a03) x20 0x00000000 mem 0x8001103b
core   0: 0x80009de0 (0x00008d31) c.xor   a0, a2
core   0: 3 0x80009de0 (0x8d31) x10 0x00000000
core   0: 0x80009de2 (0x0000066e) c.slli  a2, 27
core   0: 3 0x80009de2 (0x066e) x12 0x00000000
core   0: 0x80009de4 (0x01561513) slli    a0, a2, 21
core   0: 3 0x80009de4 (0x01561513) x10 0x00000000
core   0: 0x80009de8 (0xfd730623) sb      s7, -52(t1)
core   0: 3 0x80009de8 (0xfd730623) mem 0x80011007 0x0
core   0: 0x80009dec (0xfd7309a3) sb      s7, -45(t1)
core   0: 3 0x80009dec (0xfd7309a3) mem 0x8001100e 0x0
core   0: 0x80009df0 (0x57e9e993) ori     s3, s3, 1406
core   0: 3 0x80009df0 (0x57e9e993) x19 0x0000057e
core   0: 0x80009df4 (0x00551613) slli    a2, a0, 5
core   0: 3 0x80009df4 (0x00551613) x12 0x00000000
core   0: 0x80009df8 (0x00005bfd) c.li    s7, -1
core   0: 3 0x80009df8 (0x5bfd) x23 0xffffffff
core   0: 0x80009dfa (0xff830a03) lb      s4, -8(t1)
core   0: 3 0x80009dfa (0xff830a03) x20 0x00000000 mem 0x80011033
core   0: 0x80009dfe (0xfd034b83) lbu     s7, -48(t1)
core   0: 3 0x80009dfe (0xfd034b83) x23 0x00000000 mem 0x8001100b
core   0: 0x80009e02 (0xd3dbf513) andi    a0, s7, -707
core   0: 3 0x80009e02 (0xd3dbf513) x10 0x00000000
core   0: 0x80009e06 (0xfcc306a3) sb      a2, -51(t1)
core   0: 3 0x80009e06 (0xfcc306a3) mem 0x80011008 0x0
core   0: 0x80009e0a (0xff730523) sb      s7, -22(t1)
core   0: 3 0x80009e0a (0xff730523) mem 0x80011025 0x0
core   0: 0x80009e0e (0x00c50a33) add     s4, a0, a2
core   0: 3 0x80009e0e (0x00c50a33) x20 0x00000000
core   0: 0x80009e12 (0x00561193) slli    gp, a2, 5
core   0: 3 0x80009e12 (0x00561193) x 3 0x00000000
core   0: 0x80009e16 (0x00008169) c.srli  a0, 26
core   0: 3 0x80009e16 (0x8169) x10 0x00000000
core   0: 0x80009e18 (0x00008e49) c.or    a2, a0
core   0: 3 0x80009e18 (0x8e49) x12 0x00000000
core   0: 0x80009e1a (0xfcd32503) lw      a0, -51(t1)
core   0: 3 0x80009e1a (0xfcd32503) x10 0x00000000 mem 0x80011008
core   0: 0x80009e1e (0x00011117) auipc   sp, 0x11
core   0: 3 0x80009e1e (0x00011117) x 2 0x8001ae1e
core   0: 0x80009e22 (0x9fc10113) addi    sp, sp, -1540
core   0: 3 0x80009e22 (0x9fc10113) x 2 0x8001a81a
core   0: 0x80009e26 (0x4d910883) lb      a7, 1241(sp)
core   0: 3 0x80009e26 (0x4d910883) x17 0x00000000 mem 0x8001acf3
core   0: 0x80009e2a (0x42d10c83) lb      s9, 1069(sp)
core   0: 3 0x80009e2a (0x42d10c83) x25 0x00000000 mem 0x8001ac47
core   0: 0x80009e2e (0xd8815083) lhu     ra, -632(sp)
core   0: 3 0x80009e2e (0xd8815083) x 1 0x00000000 mem 0x8001a5a2
core   0: 0x80009e32 (0xd8814683) lbu     a3, -632(sp)
core   0: 3 0x80009e32 (0xd8814683) x13 0x00000000 mem 0x8001a5a2
core   0: 0x80009e36 (0xa8e11603) lh      a2, -1394(sp)
core   0: 3 0x80009e36 (0xa8e11603) x12 0x00000000 mem 0x8001a2a8
core   0: 0x80009e3a (0x6bf10503) lb      a0, 1727(sp)
core   0: 3 0x80009e3a (0x6bf10503) x10 0x00000000 mem 0x8001aed9
core   0: 0x80009e3e (0xd5110003) lb      zero, -687(sp)
core   0: 3 0x80009e3e (0xd5110003) mem 0x8001a56b
core   0: 0x80009e42 (0x82f10603) lb      a2, -2001(sp)
core   0: 3 0x80009e42 (0x82f10603) x12 0x00000000 mem 0x8001a049
core   0: 0x80009e46 (0x828107a3) sb      s0, -2001(sp)
core   0: 3 0x80009e46 (0x828107a3) mem 0x8001a049 0x0
core   0: 0x80009e4a (0x00008099) c.srli  s1, 6
core   0: 3 0x80009e4a (0x8099) x 9 0x0200043a
core   0: 0x80009e4c (0x9b615d83) lhu     s11, -1610(sp)
core   0: 3 0x80009e4c (0x9b615d83) x27 0x00000000 mem 0x8001a1d0
core   0: 0x80009e50 (0x74f10423) sb      a5, 1864(sp)
core   0: 3 0x80009e50 (0x74f10423) mem 0x8001af62 0xfb
core   0: 0x80009e54 (0x74811403) lh      s0, 1864(sp)
core   0: 3 0x80009e54 (0x74811403) x 8 0x000000fb mem 0x8001af62
core   0: 0x80009e58 (0x43f14883) lbu     a7, 1087(sp)
core   0: 3 0x80009e58 (0x43f14883) x17 0x00000000 mem 0x8001ac59
core   0: 0x80009e5c (0x0124f7b3) and     a5, s1, s2
core   0: 3 0x80009e5c (0x0124f7b3) x15 0x0000002a
core   0: 0x80009e60 (0x099103a3) sb      s9, 135(sp)
core   0: 3 0x80009e60 (0x099103a3) mem 0x8001a8a1 0x0
core   0: 0x80009e64 (0x0000056a) c.slli  a0, 26
core   0: 3 0x80009e64 (0x056a) x10 0x00000000
core   0: 0x80009e66 (0x08710903) lb      s2, 135(sp)
core   0: 3 0x80009e66 (0x08710903) x18 0x00000000 mem 0x8001a8a1
core   0: 0x80009e6a (0x9d710ea3) sb      s7, -1571(sp)
core   0: 3 0x80009e6a (0x9d710ea3) mem 0x8001a1f7 0x0
core   0: 0x80009e6e (0xa6e10603) lb      a2, -1426(sp)
core   0: 3 0x80009e6e (0xa6e10603) x12 0x00000000 mem 0x8001a288
core   0: 0x80009e72 (0x00016797) auipc   a5, 0x16
core   0: 3 0x80009e72 (0x00016797) x15 0x8001fe72
core   0: 0x80009e76 (0x36a78793) addi    a5, a5, 874
core   0: 3 0x80009e76 (0x36a78793) x15 0x800201dc
core   0: 0x80009e7a (0x0308afb3) mulhsu  t6, a7, a6
core   0: 3 0x80009e7a (0x0308afb3) x31 0x00000000
core   0: 0x80009e7e (0x223f4b13) xori    s6, t5, 547
core   0: 3 0x80009e7e (0x223f4b13) x22 0x00000223
core   0: 0x80009e82 (0x0000100f) fence.i
core   0: 3 0x80009e82 (0x0000100f)
core   0: 0x80009e86 (0xfd278723) sb      s2, -50(a5)
core   0: 3 0x80009e86 (0xfd278723) mem 0x800201aa 0x0
core   0: 0x80009e8a (0x00008e15) c.sub   a2, a3
core   0: 3 0x80009e8a (0x8e15) x12 0x00000000
core   0: 0x80009e8c (0x0187c803) lbu     a6, 24(a5)
core   0: 3 0x80009e8c (0x0187c803) x16 0x00000000 mem 0x800201f4
core   0: 0x80009e90 (0x0307d103) lhu     sp, 48(a5)
core   0: 3 0x80009e90 (0x0307d103) x 2 0x00000000 mem 0x8002020c
core   0: 0x80009e94 (0x03e78083) lb      ra, 62(a5)
core   0: 3 0x80009e94 (0x03e78083) x 1 0x00000000 mem 0x8002021a
core   0: 0x80009e98 (0x01c8fb33) and     s6, a7, t3
core   0: 3 0x80009e98 (0x01c8fb33) x22 0x00000000
core   0: 0x80009e9c (0x03195eb3) divu    t4, s2, a7
core   0: 3 0x80009e9c (0x03195eb3) x29 0xffffffff
core   0: 0x80009ea0 (0x00601613) slli    a2, zero, 6
core   0: 3 0x80009ea0 (0x00601613) x12 0x00000000
core   0: 0x80009ea4 (0x41785213) srai    tp, a6, 23
core   0: 3 0x80009ea4 (0x41785213) x 4 0x00000000
core   0: 0x80009ea8 (0x00009afd) c.andi  a3, -1
core   0: 3 0x80009ea8 (0x9afd) x13 0x00000000
core   0: 0x80009eaa (0x00e0c4b3) xor     s1, ra, a4
core   0: 3 0x80009eaa (0x00e0c4b3) x 9 0x00000000
core   0: 0x80009eae (0x9f02a993) slti    s3, t0, -1552
core   0: 3 0x80009eae (0x9f02a993) x19 0x00000000
core   0: 0x80009eb2 (0x03ef2733) mulhsu  a4, t5, t5
core   0: 3 0x80009eb2 (0x03ef2733) x14 0x00000000
core   0: 0x80009eb6 (0x00adab33) slt     s6, s11, a0
core   0: 3 0x80009eb6 (0x00adab33) x22 0x00000000
core   0: 0x80009eba (0x01b7a423) sw      s11, 8(a5)
core   0: 3 0x80009eba (0x01b7a423) mem 0x800201e4 0x00000000
core   0: 0x80009ebe (0x0000066a) c.slli  a2, 26
core   0: 3 0x80009ebe (0x066a) x12 0x00000000
core   0: 0x80009ec0 (0xfcf7c883) lbu     a7, -49(a5)
core   0: 3 0x80009ec0 (0xfcf7c883) x17 0x00000000 mem 0x800201ab
core   0: 0x80009ec4 (0x403e52b3) sra     t0, t3, gp
core   0: 3 0x80009ec4 (0x403e52b3) x 5 0x00000000
core   0: 0x80009ec8 (0x01053a33) sltu    s4, a0, a6
core   0: 3 0x80009ec8 (0x01053a33) x20 0x00000000
core   0: 0x80009ecc (0x0227db83) lhu     s7, 34(a5)
core   0: 3 0x80009ecc (0x0227db83) x23 0x00000000 mem 0x800201fe
core   0: 0x80009ed0 (0x03b78703) lb      a4, 59(a5)
core   0: 3 0x80009ed0 (0x03b78703) x14 0x00000000 mem 0x80020217
core   0: 0x80009ed4 (0x005ab4b3) sltu    s1, s5, t0
core   0: 3 0x80009ed4 (0x005ab4b3) x 9 0x00000000
core   0: 0x80009ed8 (0x000082a1) c.srli  a3, 8
core   0: 3 0x80009ed8 (0x82a1) x13 0x00000000
core   0: 0x80009eda (0x0227c883) lbu     a7, 34(a5)
core   0: 3 0x80009eda (0x0227c883) x17 0x00000000 mem 0x800201fe
core   0: 0x80009ede (0xfcb78823) sb      a1, -48(a5)
core   0: 3 0x80009ede (0xfcb78823) mem 0x800201ac 0x3
core   0: 0x80009ee2 (0x00cfe1b3) or      gp, t6, a2
core   0: 3 0x80009ee2 (0x00cfe1b3) x 3 0x00000000
core   0: 0x80009ee6 (0x0000717d) c.addi16sp sp, -16
core   0: 3 0x80009ee6 (0x717d) x 2 0xfffffff0
core   0: 0x80009ee8 (0x00000001) c.nop
core   0: 3 0x80009ee8 (0x0001)
core   0: 0x80009eea (0xfff782a3) sb      t6, -27(a5)
core   0: 3 0x80009eea (0xfff782a3) mem 0x800201c1 0x0
core   0: 0x80009eee (0xfd7787a3) sb      s7, -49(a5)
core   0: 3 0x80009eee (0xfd7787a3) mem 0x800201ab 0x0
core   0: 0x80009ef2 (0xfdd7c503) lbu     a0, -35(a5)
core   0: 3 0x80009ef2 (0xfdd7c503) x10 0x00000000 mem 0x800201b9
core   0: 0x80009ef6 (0x00006117) auipc   sp, 0x6
core   0: 3 0x80009ef6 (0x00006117) x 2 0x8000fef6
core   0: 0x80009efa (0x2ac10113) addi    sp, sp, 684
core   0: 3 0x80009efa (0x2ac10113) x 2 0x800101a2
core   0: 0x80009efe (0x03802db3) mulhsu  s11, zero, s8
core   0: 3 0x80009efe (0x03802db3) x27 0x00000000
core   0: 0x80009f02 (0xff810403) lb      s0, -8(sp)
core   0: 3 0x80009f02 (0xff810403) x 8 0x00000000 mem 0x8001019a
core   0: 0x80009f06 (0xd92b8b93) addi    s7, s7, -622
core   0: 3 0x80009f06 (0xd92b8b93) x23 0xfffffd92
core   0: 0x80009f0a (0x00f103a3) sb      a5, 7(sp)
core   0: 3 0x80009f0a (0x00f103a3) mem 0x800101a9 0xdc
core   0: 0x80009f0e (0x01b102a3) sb      s11, 5(sp)
core   0: 3 0x80009f0e (0x01b102a3) mem 0x800101a7 0x0
core   0: 0x80009f12 (0xffe10003) lb      zero, -2(sp)
core   0: 3 0x80009f12 (0xffe10003) mem 0x800101a0
core   0: 0x80009f16 (0x00a15783) lhu     a5, 10(sp)
core   0: 3 0x80009f16 (0x00a15783) x15 0x00000000 mem 0x800101ac
core   0: 0x80009f1a (0x68507bb7) lui     s7, 0x68507
core   0: 3 0x80009f1a (0x68507bb7) x23 0x68507000
core   0: 0x80009f1e (0x00008bbd) c.andi  a5, 15
core   0: 3 0x80009f1e (0x8bbd) x15 0x00000000
core   0: 0x80009f20 (0x00e11d83) lh      s11, 14(sp)
core   0: 3 0x80009f20 (0x00e11d83) x27 0x00000000 mem 0x800101b0
core   0: 0x80009f24 (0x00014783) lbu     a5, 0(sp)
core   0: 3 0x80009f24 (0x00014783) x15 0x00000000 mem 0x800101a2
core   0: 0x80009f28 (0xffc10003) lb      zero, -4(sp)
core   0: 3 0x80009f28 (0xffc10003) mem 0x8001019e
core   0: 0x80009f2c (0x00000001) c.nop
core   0: 3 0x80009f2c (0x0001)
core   0: 0x80009f2e (0x02046c33) rem     s8, s0, zero
core   0: 3 0x80009f2e (0x02046c33) x24 0x00000000
core   0: 0x80009f32 (0x000083ed) c.srli  a5, 27
core   0: 3 0x80009f32 (0x83ed) x15 0x00000000
core   0: 0x80009f34 (0x00008c1d) c.sub   s0, a5
core   0: 3 0x80009f34 (0x8c1d) x 8 0x00000000
core   0: 0x80009f36 (0xff8108a3) sb      s8, -15(sp)
core   0: 3 0x80009f36 (0xff8108a3) mem 0x80010193 0x0
core   0: 0x80009f3a (0x00009be2) c.add   s7, s8
core   0: 3 0x80009f3a (0x9be2) x23 0x68507000
core   0: 0x80009f3c (0x037c1bb3) mulh    s7, s8, s7
core   0: 3 0x80009f3c (0x037c1bb3) x23 0x00000000
core   0: 0x80009f40 (0x020b9c33) mulh    s8, s7, zero
core   0: 3 0x80009f40 (0x020b9c33) x24 0x00000000
core   0: 0x80009f44 (0x00002c33) slt     s8, zero, zero
core   0: 3 0x80009f44 (0x00002c33) x24 0x00000000
core   0: 0x80009f48 (0x01014d83) lbu     s11, 16(sp)
core   0: 3 0x80009f48 (0x01014d83) x27 0x00000000 mem 0x800101b2
core   0: 0x80009f4c (0x0000043a) c.slli  s0, 14
core   0: 3 0x80009f4c (0x043a) x 8 0x00000000
core   0: 0x80009f4e (0x00008fa1) c.xor   a5, s0
core   0: 3 0x80009f4e (0x8fa1) x15 0x00000000
core   0: 0x80009f50 (0xff514403) lbu     s0, -11(sp)
core   0: 3 0x80009f50 (0xff514403) x 8 0x00000000 mem 0x80010197
core   0: 0x80009f54 (0xff014b83) lbu     s7, -16(sp)
core   0: 3 0x80009f54 (0xff014b83) x23 0x00000000 mem 0x80010192
core   0: 0x80009f58 (0x01b10723) sb      s11, 14(sp)
core   0: 3 0x80009f58 (0x01b10723) mem 0x800101b0 0x0
core   0: 0x80009f5c (0x01bdfdb3) and     s11, s11, s11
core   0: 3 0x80009f5c (0x01bdfdb3) x27 0x00000000
core   0: 0x80009f60 (0xfe8108a3) sb      s0, -15(sp)
core   0: 3 0x80009f60 (0xfe8108a3) mem 0x80010193 0x0
core   0: 0x80009f64 (0x01712323) sw      s7, 6(sp)
core   0: 3 0x80009f64 (0x01712323) mem 0x800101a8 0x00000000
core   0: 0x80009f68 (0x00000dc6) c.slli  s11, 17
core   0: 3 0x80009f68 (0x0dc6) x27 0x00000000
core   0: 0x80009f6a (0x00810023) sb      s0, 0(sp)
core   0: 3 0x80009f6a (0x00810023) mem 0x800101a2 0x0
core   0: 0x80009f6e (0x037c3033) mulhu   zero, s8, s7
core   0: 3 0x80009f6e (0x037c3033)
core   0: 0x80009f72 (0x00510d83) lb      s11, 5(sp)
core   0: 3 0x80009f72 (0x00510d83) x27 0x00000000 mem 0x800101a7
core   0: 0x80009f76 (0x400b8c33) sub     s8, s7, zero
core   0: 3 0x80009f76 (0x400b8c33) x24 0x00000000
core   0: 0x80009f7a (0xff514c03) lbu     s8, -11(sp)
core   0: 3 0x80009f7a (0xff514c03) x24 0x00000000 mem 0x80010197
core   0: 0x80009f7e (0x00914003) lbu     zero, 9(sp)
core   0: 3 0x80009f7e (0x00914003) mem 0x800101ab
core   0: 0x80009f82 (0x00215783) lhu     a5, 2(sp)
core   0: 3 0x80009f82 (0x00215783) x15 0x00000000 mem 0x800101a4
core   0: 0x80009f86 (0x00214783) lbu     a5, 2(sp)
core   0: 3 0x80009f86 (0x00214783) x15 0x00000000 mem 0x800101a4
core   0: 0x80009f8a (0x00008c21) c.xor   s0, s0
core   0: 3 0x80009f8a (0x8c21) x 8 0x00000000
core   0: 0x80009f8c (0x0ff0000f) fence   iorw,iorw
core   0: 3 0x80009f8c (0x0ff0000f)
core   0: 0x80009f90 (0x03845c33) divu    s8, s0, s8
core   0: 3 0x80009f90 (0x03845c33) x24 0xffffffff
core   0: 0x80009f94 (0x00008c7d) c.and   s0, a5
core   0: 3 0x80009f94 (0x8c7d) x 8 0x00000000
core   0: 0x80009f96 (0x00015003) lhu     zero, 0(sp)
core   0: 3 0x80009f96 (0x00015003) mem 0x800101a2
core   0: 0x80009f9a (0x03bc37b3) mulhu   a5, s8, s11
core   0: 3 0x80009f9a (0x03bc37b3) x15 0x00000000
core   0: 0x80009f9e (0x00fd8433) add     s0, s11, a5
core   0: 3 0x80009f9e (0x00fd8433) x 8 0x00000000
core   0: 0x80009fa2 (0x01bb97b3) sll     a5, s7, s11
core   0: 3 0x80009fa2 (0x01bb97b3) x15 0x00000000
core   0: 0x80009fa6 (0x00510d83) lb      s11, 5(sp)
core   0: 3 0x80009fa6 (0x00510d83) x27 0x00000000 mem 0x800101a7
core   0: 0x80009faa (0x00006e17) auipc   t3, 0x6
core   0: 3 0x80009faa (0x00006e17) x28 0x8000ffaa
core   0: 0x80009fae (0x500e0e13) addi    t3, t3, 1280
core   0: 3 0x80009fae (0x500e0e13) x28 0x800104aa
core   0: 0x80009fb2 (0xffce4183) lbu     gp, -4(t3)
core   0: 3 0x80009fb2 (0xffce4183) x 3 0x00000000 mem 0x800104a6
core   0: 0x80009fb6 (0xfe3e0aa3) sb      gp, -11(t3)
core   0: 3 0x80009fb6 (0xfe3e0aa3) mem 0x8001049f 0x0
core   0: 0x80009fba (0x0052beb3) sltu    t4, t0, t0
core   0: 3 0x80009fba (0x0052beb3) x29 0x00000000
core   0: 0x80009fbe (0x01319233) sll     tp, gp, s3
core   0: 3 0x80009fbe (0x01319233) x 4 0x00000000
core   0: 0x80009fc2 (0xff0e0823) sb      a6, -16(t3)
core   0: 3 0x80009fc2 (0xff0e0823) mem 0x8001049a 0x0
core   0: 0x80009fc6 (0x00de0103) lb      sp, 13(t3)
core   0: 3 0x80009fc6 (0x00de0103) x 2 0x00000000 mem 0x800104b7
core   0: 0x80009fca (0xff2e0d03) lb      s10, -14(t3)
core   0: 3 0x80009fca (0xff2e0d03) x26 0x00000000 mem 0x8001049c
core   0: 0x80009fce (0xff3e0783) lb      a5, -13(t3)
core   0: 3 0x80009fce (0xff3e0783) x15 0x00000000 mem 0x8001049d
core   0: 0x80009fd2 (0x006e5c03) lhu     s8, 6(t3)
core   0: 3 0x80009fd2 (0x006e5c03) x24 0x00000000 mem 0x800104b0
core   0: 0x80009fd6 (0x4066dc33) sra     s8, a3, t1
core   0: 3 0x80009fd6 (0x4066dc33) x24 0x00000000
core   0: 0x80009fda (0x000e05a3) sb      zero, 11(t3)
core   0: 3 0x80009fda (0x000e05a3) mem 0x800104b5 0x0
core   0: 0x80009fde (0xff6e4b03) lbu     s6, -10(t3)
core   0: 3 0x80009fde (0xff6e4b03) x22 0x00000000 mem 0x800104a0
core   0: 0x80009fe2 (0x010e5983) lhu     s3, 16(t3)
core   0: 3 0x80009fe2 (0x010e5983) x19 0x00000000 mem 0x800104ba
core   0: 0x80009fe6 (0x027bfdb3) remu    s11, s7, t2
core   0: 3 0x80009fe6 (0x027bfdb3) x27 0x00000000
core   0: 0x80009fea (0xff2e0483) lb      s1, -14(t3)
core   0: 3 0x80009fea (0xff2e0483) x 9 0x00000000 mem 0x8001049c
core   0: 0x80009fee (0x010e4303) lbu     t1, 16(t3)
core   0: 3 0x80009fee (0x010e4303) x 6 0x00000000 mem 0x800104ba
core   0: 0x80009ff2 (0x00001a84) c.addi4spn s1, sp, 368
core   0: 3 0x80009ff2 (0x1a84) x 9 0x00000170
core   0: 0x80009ff4 (0x00008c35) c.xor   s0, a3
core   0: 3 0x80009ff4 (0x8c35) x 8 0x00000000
core   0: 0x80009ff6 (0xfffe0003) lb      zero, -1(t3)
core   0: 3 0x80009ff6 (0xfffe0003) mem 0x800104a9
core   0: 0x80009ffa (0x001e0303) lb      t1, 1(t3)
core   0: 3 0x80009ffa (0x001e0303) x 6 0x00000000 mem 0x800104ab
core   0: 0x80009ffe (0xff8e4683) lbu     a3, -8(t3)
core   0: 3 0x80009ffe (0xff8e4683) x13 0x00000000 mem 0x800104a2
core   0: 0x8000a002 (0x00000a22) c.slli  s4, 8
core   0: 3 0x8000a002 (0x0a22) x20 0x00000000
core   0: 0x8000a004 (0xffbe0c03) lb      s8, -5(t3)
core   0: 3 0x8000a004 (0xffbe0c03) x24 0x00000000 mem 0x800104a5
core   0: 0x8000a008 (0xffee0f23) sb      t5, -2(t3)
core   0: 3 0x8000a008 (0xffee0f23) mem 0x800104a8 0x0
core   0: 0x8000a00c (0xff0e4f03) lbu     t5, -16(t3)
core   0: 3 0x8000a00c (0xff0e4f03) x30 0x00000000 mem 0x8001049a
core   0: 0x8000a010 (0x0192da33) srl     s4, t0, s9
core   0: 3 0x8000a010 (0x0192da33) x20 0x00000000
core   0: 0x8000a014 (0x8ccf9f97) auipc   t6, 0x8ccf9
core   0: 3 0x8000a014 (0x8ccf9f97) x31 0x0cd03014
core   0: 0x8000a018 (0x005e4a03) lbu     s4, 5(t3)
core   0: 3 0x8000a018 (0x005e4a03) x20 0x00000000 mem 0x800104af
core   0: 0x8000a01c (0x000060c9) c.lui   ra, 0x12
core   0: 3 0x8000a01c (0x60c9) x 1 0x00012000
core   0: 0x8000a01e (0x03fb4f33) div     t5, s6, t6
core   0: 3 0x8000a01e (0x03fb4f33) x30 0x00000000
core   0: 0x8000a022 (0x035d0f33) mul     t5, s10, s5
core   0: 3 0x8000a022 (0x035d0f33) x30 0x00000000
core   0: 0x8000a026 (0xff5e4803) lbu     a6, -11(t3)
core   0: 3 0x8000a026 (0xff5e4803) x16 0x00000000 mem 0x8001049f
core   0: 0x8000a02a (0x03f40f33) mul     t5, s0, t6
core   0: 3 0x8000a02a (0x03f40f33) x30 0x00000000
core   0: 0x8000a02e (0x00ee5f83) lhu     t6, 14(t3)
core   0: 3 0x8000a02e (0x00ee5f83) x31 0x00000000 mem 0x800104b8
core   0: 0x8000a032 (0x40a45033) sra     zero, s0, a0
core   0: 3 0x8000a032 (0x40a45033)
core   0: 0x8000a036 (0x005e1823) sh      t0, 16(t3)
core   0: 3 0x8000a036 (0x005e1823) mem 0x800104ba 0x0000
core   0: 0x8000a03a (0x00000001) c.nop
core   0: 3 0x8000a03a (0x0001)
core   0: 0x8000a03c (0x00c99f93) slli    t6, s3, 12
core   0: 3 0x8000a03c (0x00c99f93) x31 0x00000000
core   0: 0x8000a040 (0x00435613) srli    a2, t1, 4
core   0: 3 0x8000a040 (0x00435613) x12 0x00000000
core   0: 0x8000a044 (0x00fe0603) lb      a2, 15(t3)
core   0: 3 0x8000a044 (0x00fe0603) x12 0x00000000 mem 0x800104b9
core   0: 0x8000a048 (0xfebe08a3) sb      a1, -15(t3)
core   0: 3 0x8000a048 (0xfebe08a3) mem 0x8001049b 0x3
core   0: 0x8000a04c (0x28223137) lui     sp, 0x28223
core   0: 3 0x8000a04c (0x28223137) x 2 0x28223000
core   0: 0x8000a050 (0xfe8e1a23) sh      s0, -12(t3)
core   0: 3 0x8000a050 (0xfe8e1a23) mem 0x8001049e 0x0000
core   0: 0x8000a054 (0xffee0303) lb      t1, -2(t3)
core   0: 3 0x8000a054 (0xffee0303) x 6 0x00000000 mem 0x800104a8
core   0: 0x8000a058 (0xc73c7cb7) lui     s9, 0xc73c7
core   0: 3 0x8000a058 (0xc73c7cb7) x25 0xc73c7000
core   0: 0x8000a05c (0x00fe0f83) lb      t6, 15(t3)
core   0: 3 0x8000a05c (0x00fe0f83) x31 0x00000000 mem 0x800104b9
core   0: 0x8000a060 (0x02265633) divu    a2, a2, sp
core   0: 3 0x8000a060 (0x02265633) x12 0x00000000
core   0: 0x8000a064 (0x01ae06a3) sb      s10, 13(t3)
core   0: 3 0x8000a064 (0x01ae06a3) mem 0x800104b7 0x0
core   0: 0x8000a068 (0x004e1483) lh      s1, 4(t3)
core   0: 3 0x8000a068 (0x004e1483) x 9 0x00000000 mem 0x800104ae
core   0: 0x8000a06c (0x00006517) auipc   a0, 0x6
core   0: 3 0x8000a06c (0x00006517) x10 0x8001006c
core   0: 0x8000a070 (0x0c250513) addi    a0, a0, 194
core   0: 3 0x8000a070 (0x0c250513) x10 0x8001012e
core   0: 0x8000a074 (0x00007f17) auipc   t5, 0x7
core   0: 3 0x8000a074 (0x00007f17) x30 0x80011074
core   0: 0x8000a078 (0xac8f0f13) addi    t5, t5, -1336
core   0: 3 0x8000a078 (0xac8f0f13) x30 0x80010b3c
core   0: 0x8000a07c (0x001f0783) lb      a5, 1(t5)
core   0: 3 0x8000a07c (0x001f0783) x15 0x00000000 mem 0x80010b3d
core   0: 0x8000a080 (0x00006097) auipc   ra, 0x6
core   0: 3 0x8000a080 (0x00006097) x 1 0x80010080
core   0: 0x8000a084 (0x78508093) addi    ra, ra, 1925
core   0: 3 0x8000a084 (0x78508093) x 1 0x80010805
core   0: 0x8000a088 (0xf2c51123) sh      a2, -222(a0)
core   0: 3 0x8000a088 (0xf2c51123) mem 0x80010050 0x0000
core   0: 0x8000a08c (0x03608883) lb      a7, 54(ra)
core   0: 3 0x8000a08c (0x03608883) x17 0x0000000f mem 0x8001083b
core   0: 0x8000a090 (0x03408a03) lb      s4, 52(ra)
core   0: 3 0x8000a090 (0x03408a03) x20 0x00000000 mem 0x80010839
core   0: 0x8000a094 (0xffcf2c03) lw      s8, -4(t5)
core   0: 3 0x8000a094 (0xffcf2c03) x24 0x00000000 mem 0x80010b38
core   0: 0x8000a098 (0x01708103) lb      sp, 23(ra)
core   0: 3 0x8000a098 (0x01708103) x 2 0xfffffff4 mem 0x8001081c
core   0: 0x8000a09c (0x01cf01a3) sb      t3, 3(t5)
core   0: 3 0x8000a09c (0x01cf01a3) mem 0x80010b3f 0xaa
core   0: 0x8000a0a0 (0x09154703) lbu     a4, 145(a0)
core   0: 3 0x8000a0a0 (0x09154703) x14 0x00000000 mem 0x800101bf
core   0: 0x8000a0a4 (0xff6f5703) lhu     a4, -10(t5)
core   0: 3 0x8000a0a4 (0xff6f5703) x14 0x00000000 mem 0x80010b32
core   0: 0x8000a0a8 (0xff5f4183) lbu     gp, -11(t5)
core   0: 3 0x8000a0a8 (0xff5f4183) x 3 0x00000000 mem 0x80010b31
core   0: 0x8000a0ac (0xfe2f0da3) sb      sp, -5(t5)
core   0: 3 0x8000a0ac (0xfe2f0da3) mem 0x80010b37 0xf4
core   0: 0x8000a0b0 (0x02509683) lh      a3, 37(ra)
core   0: 3 0x8000a0b0 (0x02509683) x13 0x00000000 mem 0x8001082a
core   0: 0x8000a0b4 (0xf7b51a23) sh      s11, -140(a0)
core   0: 3 0x8000a0b4 (0xf7b51a23) mem 0x800100a2 0x0000
core   0: 0x8000a0b8 (0x004f2703) lw      a4, 4(t5)
core   0: 3 0x8000a0b8 (0x004f2703) x14 0x00000000 mem 0x80010b40
core   0: 0x8000a0bc (0x07750183) lb      gp, 119(a0)
core   0: 3 0x8000a0bc (0x07750183) x 3 0x00000000 mem 0x800101a5
core   0: 0x8000a0c0 (0x000f02a3) sb      zero, 5(t5)
core   0: 3 0x8000a0c0 (0x000f02a3) mem 0x80010b41 0x0
core   0: 0x8000a0c4 (0x04652783) lw      a5, 70(a0)
core   0: 3 0x8000a0c4 (0x04652783) x15 0x00000000 mem 0x80010174
core   0: 0x8000a0c8 (0xff4f4a03) lbu     s4, -12(t5)
core   0: 3 0x8000a0c8 (0xff4f4a03) x20 0x00000000 mem 0x80010b30
core   0: 0x8000a0cc (0xfca08d03) lb      s10, -54(ra)
core   0: 3 0x8000a0cc (0xfca08d03) x26 0x00000000 mem 0x800107cf
core   0: 0x8000a0d0 (0x00007797) auipc   a5, 0x7
core   0: 3 0x8000a0d0 (0x00007797) x15 0x800110d0
core   0: 0x8000a0d4 (0x96278793) addi    a5, a5, -1694
core   0: 3 0x8000a0d4 (0x96278793) x15 0x80010a32
core   0: 0x8000a0d8 (0x5ad13493) sltiu   s1, sp, 1453
core   0: 3 0x8000a0d8 (0x5ad13493) x 9 0x00000000
core   0: 0x8000a0dc (0x0051b733) sltu    a4, gp, t0
core   0: 3 0x8000a0dc (0x0051b733) x14 0x00000000
core   0: 0x8000a0e0 (0x00000001) c.nop
core   0: 3 0x8000a0e0 (0x0001)
core   0: 0x8000a0e2 (0x41cf8233) sub     tp, t6, t3
core   0: 3 0x8000a0e2 (0x41cf8233) x 4 0x7ffefb56
core   0: 0x8000a0e6 (0x00008e39) c.xor   a2, a4
core   0: 3 0x8000a0e6 (0x8e39) x12 0x00000000
core   0: 0x8000a0e8 (0x48c7db83) lhu     s7, 1164(a5)
core   0: 3 0x8000a0e8 (0x48c7db83) x23 0x00000000 mem 0x80010ebe
core   0: 0x8000a0ec (0x009c9b93) slli    s7, s9, 9
core   0: 3 0x8000a0ec (0x009c9b93) x23 0x78e00000
core   0: 0x8000a0f0 (0x02e0dfb3) divu    t6, ra, a4
core   0: 3 0x8000a0f0 (0x02e0dfb3) x31 0xffffffff
core   0: 0x8000a0f4 (0x0253e433) rem     s0, t2, t0
core   0: 3 0x8000a0f4 (0x0253e433) x 8 0x80025e5c
core   0: 0x8000a0f8 (0x00001c7d) c.addi  s8, -1
core   0: 3 0x8000a0f8 (0x1c7d) x24 0xffffffff
core   0: 0x8000a0fa (0x00da2933) slt     s2, s4, a3
core   0: 3 0x8000a0fa (0x00da2933) x18 0x00000000
core   0: 0x8000a0fe (0x3947d883) lhu     a7, 916(a5)
core   0: 3 0x8000a0fe (0x3947d883) x17 0x00000000 mem 0x80010dc6
core   0: 0x8000a102 (0x0000014a) c.slli  sp, 18
core   0: 3 0x8000a102 (0x014a) x 2 0xffd00000
core   0: 0x8000a104 (0x00000001) c.nop
core   0: 3 0x8000a104 (0x0001)
core   0: 0x8000a106 (0xaac783a3) sb      a2, -1369(a5)
core   0: 3 0x8000a106 (0xaac783a3) mem 0x800104d9 0x0
core   0: 0x8000a10a (0x00008a11) c.andi  a2, 4
core   0: 3 0x8000a10a (0x8a11) x12 0x00000000
core   0: 0x8000a10c (0xb4f787a3) sb      a5, -1201(a5)
core   0: 3 0x8000a10c (0xb4f787a3) mem 0x80010581 0x32
core   0: 0x8000a110 (0x006539b3) sltu    s3, a0, t1
core   0: 3 0x8000a110 (0x006539b3) x19 0x00000000
core   0: 0x8000a114 (0x9c978e03) lb      t3, -1591(a5)
core   0: 3 0x8000a114 (0x9c978e03) x28 0x00000000 mem 0x800103fb
core   0: 0x8000a118 (0x03a4efb3) rem     t6, s1, s10
core   0: 3 0x8000a118 (0x03a4efb3) x31 0x00000000
core   0: 0x8000a11c (0x1e378aa3) sb      gp, 501(a5)
core   0: 3 0x8000a11c (0x1e378aa3) mem 0x80010c27 0x0
core   0: 0x8000a120 (0xbf178483) lb      s1, -1039(a5)
core   0: 3 0x8000a120 (0xbf178483) x 9 0x00000000 mem 0x80010623
core   0: 0x8000a124 (0x02ec51b3) divu    gp, s8, a4
core   0: 3 0x8000a124 (0x02ec51b3) x 3 0xffffffff
core   0: 0x8000a128 (0x0000100f) fence.i
core   0: 3 0x8000a128 (0x0000100f)
core   0: 0x8000a12c (0x56e79923) sh      a4, 1394(a5)
core   0: 3 0x8000a12c (0x56e79923) mem 0x80010fa4 0x0000
core   0: 0x8000a130 (0x31d78003) lb      zero, 797(a5)
core   0: 3 0x8000a130 (0x31d78003) mem 0x80010d4f
core   0: 0x8000a134 (0x00008e85) c.sub   a3, s1
core   0: 3 0x8000a134 (0x8e85) x13 0x00000000
core   0: 0x8000a136 (0x00000001) c.nop
core   0: 3 0x8000a136 (0x0001)
core   0: 0x8000a138 (0xae422013) slti    zero, tp, -1308
core   0: 3 0x8000a138 (0xae422013)
core   0: 0x8000a13c (0x416559b3) sra     s3, a0, s6
core   0: 3 0x8000a13c (0x416559b3) x19 0x8001012e
core   0: 0x8000a140 (0xff479683) lh      a3, -12(a5)
core   0: 3 0x8000a140 (0xff479683) x13 0x00000000 mem 0x80010a26
core   0: 0x8000a144 (0xc977c183) lbu     gp, -873(a5)
core   0: 3 0x8000a144 (0xc977c183) x 3 0x00000000 mem 0x800106c9
core   0: 0x8000a148 (0x0ff0000f) fence   iorw,iorw
core   0: 3 0x8000a148 (0x0ff0000f)
core   0: 0x8000a14c (0x1eb79823) sh      a1, 496(a5)
core   0: 3 0x8000a14c (0x1eb79823) mem 0x80010c22 0x3103
core   0: 0x8000a150 (0x014e9d33) sll     s10, t4, s4
core   0: 3 0x8000a150 (0x014e9d33) x26 0x00000000
core   0: 0x8000a154 (0x37c79d83) lh      s11, 892(a5)
core   0: 3 0x8000a154 (0x37c79d83) x27 0x00000000 mem 0x80010dae
core   0: 0x8000a158 (0xa4bcc093) xori    ra, s9, -1461
core   0: 3 0x8000a158 (0xa4bcc093) x 1 0x38c38a4b
core   0: 0x8000a15c (0xf4878aa3) sb      s0, -171(a5)
core   0: 3 0x8000a15c (0xf4878aa3) mem 0x80010987 0x5c
core   0: 0x8000a160 (0x88d78ca3) sb      a3, -1895(a5)
core   0: 3 0x8000a160 (0x88d78ca3) mem 0x800102cb 0x0
core   0: 0x8000a164 (0x0260026f) jal     tp, pc + 0x26
core   0: 3 0x8000a164 (0x0260026f) x 4 0x8000a168
core   0: 0x8000a18a (0x000037f5) c.jal   pc - 20
core   0: 3 0x8000a18a (0x37f5) x 1 0x8000a18c
core   0: 0x8000a176 (0x02a000ef) jal     pc + 0x2a
core   0: 3 0x8000a176 (0x02a000ef) x 1 0x8000a17a
core   0: 0x8000a1a0 (0x00003fc9) c.jal   pc - 46
core   0: 3 0x8000a1a0 (0x3fc9) x 1 0x8000a1a2
core   0: 0x8000a172 (0x02c0026f) jal     tp, pc + 0x2c
core   0: 3 0x8000a172 (0x02c0026f) x 4 0x8000a176
core   0: 0x8000a19e (0x0000bff9) c.j     pc - 34
core   0: 3 0x8000a19e (0xbff9)
core   0: 0x8000a17c (0x00002831) c.jal   pc + 28
core   0: 3 0x8000a17c (0x2831) x 1 0x8000a17e
core   0: 0x8000a198 (0xfedff0ef) jal     pc - 0x14
core   0: 3 0x8000a198 (0xfedff0ef) x 1 0x8000a19c
core   0: 0x8000a184 (0x0000a031) c.j     pc + 12
core   0: 3 0x8000a184 (0xa031)
core   0: 0x8000a190 (0x00003ff9) c.jal   pc - 34
core   0: 3 0x8000a190 (0x3ff9) x 1 0x8000a192
core   0: 0x8000a16e (0x01000f6f) jal     t5, pc + 0x10
core   0: 3 0x8000a16e (0x01000f6f) x30 0x8000a172
core   0: 0x8000a17e (0x00002839) c.jal   pc + 30
core   0: 3 0x8000a17e (0x2839) x 1 0x8000a180
core   0: 0x8000a19c (0x0000bfcd) c.j     pc - 14
core   0: 3 0x8000a19c (0xbfcd)
core   0: 0x8000a18e (0x00003fe9) c.jal   pc - 38
core   0: 3 0x8000a18e (0x3fe9) x 1 0x8000a190
core   0: 0x8000a168 (0x0000a015) c.j     pc + 36
core   0: 3 0x8000a168 (0xa015)
core   0: 0x8000a18c (0x0000a019) c.j     pc + 6
core   0: 3 0x8000a18c (0xa019)
core   0: 0x8000a192 (0xff5ff0ef) jal     pc - 0xc
core   0: 3 0x8000a192 (0xff5ff0ef) x 1 0x8000a196
core   0: 0x8000a186 (0x010000ef) jal     pc + 0x10
core   0: 3 0x8000a186 (0x010000ef) x 1 0x8000a18a
core   0: 0x8000a196 (0x0000b7ed) c.j     pc - 22
core   0: 3 0x8000a196 (0xb7ed)
core   0: 0x8000a180 (0xfedff0ef) jal     pc - 0x14
core   0: 3 0x8000a180 (0xfedff0ef) x 1 0x8000a184
core   0: 0x8000a16c (0x0000281d) c.jal   pc + 54
core   0: 3 0x8000a16c (0x281d) x 1 0x8000a16e
core   0: 0x8000a1a2 (0xfd9ff36f) jal     t1, pc - 0x28
core   0: 3 0x8000a1a2 (0xfd9ff36f) x 6 0x8000a1a6
core   0: 0x8000a17a (0x0000bfc5) c.j     pc - 16
core   0: 3 0x8000a17a (0xbfc5)
core   0: 0x8000a16a (0x0000a835) c.j     pc + 60
core   0: 3 0x8000a16a (0xa835)
core   0: 0x8000a1a6 (0x000001da) c.slli  gp, 22
core   0: 3 0x8000a1a6 (0x01da) x 3 0x00000000
core   0: 0x8000a1a8 (0x00a00793) li      a5, 10
core   0: 3 0x8000a1a8 (0x00a00793) x15 0x0000000a
core   0: 0x8000a1ac (0x0272d533) divu    a0, t0, t2
core   0: 3 0x8000a1ac (0x0272d533) x10 0x00000000
core   0: 0x8000a1b0 (0x000086d1) c.srai  a3, 20
core   0: 3 0x8000a1b0 (0x86d1) x13 0x00000000
core   0: 0x8000a1b2 (0x00c00613) li      a2, 12
core   0: 3 0x8000a1b2 (0x00c00613) x12 0x0000000c
core   0: 0x8000a1b6 (0x02d00133) mul     sp, zero, a3
core   0: 3 0x8000a1b6 (0x02d00133) x 2 0x00000000
core   0: 0x8000a1ba (0x00000b80) c.addi4spn s0, sp, 464
core   0: 3 0x8000a1ba (0x0b80) x 8 0x000001d0
core   0: 0x8000a1bc (0x00000808) c.addi4spn a0, sp, 16
core   0: 3 0x8000a1bc (0x0808) x10 0x00000010
core   0: 0x8000a1be (0x0082d193) srli    gp, t0, 8
core   0: 3 0x8000a1be (0x0082d193) x 3 0x00000000
core   0: 0x8000a1c2 (0x00000791) c.addi  a5, 4
core   0: 3 0x8000a1c2 (0x0791) x15 0x0000000e
core   0: 0x8000a1c4 (0x00008e91) c.sub   a3, a2
core   0: 3 0x8000a1c4 (0x8e91) x13 0xfffffff4
core   0: 0x8000a1c6 (0x00008f41) c.or    a4, s0
core   0: 3 0x8000a1c6 (0x8f41) x14 0x000001d0
core   0: 0x8000a1c8 (0x00008321) c.srli  a4, 8
core   0: 3 0x8000a1c8 (0x8321) x14 0x00000001
core   0: 0x8000a1ca (0xfec7c9e3) blt     a5, a2, pc - 14
core   0: 3 0x8000a1ca (0xfec7c9e3)
core   0: 0x8000a1ce (0x00008339) c.srli  a4, 14
core   0: 3 0x8000a1ce (0x8339) x14 0x00000000
core   0: 0x8000a1d0 (0x00016417) auipc   s0, 0x16
core   0: 3 0x8000a1d0 (0x00016417) x 8 0x800201d0
core   0: 0x8000a1d4 (0xe7640413) addi    s0, s0, -394
core   0: 3 0x8000a1d4 (0xe7640413) x 8 0x80020046
core   0: 0x8000a1d8 (0x00006bf5) c.lui   s7, 0x1d
core   0: 3 0x8000a1d8 (0x6bf5) x23 0x0001d000
core   0: 0x8000a1da (0xfa941823) sh      s1, -80(s0)
core   0: 3 0x8000a1da (0xfa941823) mem 0x8001fff6 0x0000
core   0: 0x8000a1de (0xfab44883) lbu     a7, -85(s0)
core   0: 3 0x8000a1de (0xfab44883) x17 0x00000000 mem 0x8001fff1
core   0: 0x8000a1e2 (0x00008541) c.srai  a0, 16
core   0: 3 0x8000a1e2 (0x8541) x10 0x00000000
core   0: 0x8000a1e4 (0x0000100f) fence.i
core   0: 3 0x8000a1e4 (0x0000100f)
core   0: 0x8000a1e8 (0x0c044083) lbu     ra, 192(s0)
core   0: 3 0x8000a1e8 (0x0c044083) x 1 0x00000000 mem 0x80020106
core   0: 0x8000a1ec (0x000060cd) c.lui   ra, 0x13
core   0: 3 0x8000a1ec (0x60cd) x 1 0x00013000
core   0: 0x8000a1ee (0xc5c8c513) xori    a0, a7, -932
core   0: 3 0x8000a1ee (0xc5c8c513) x10 0xfffffc5c
core   0: 0x8000a1f2 (0x00008935) c.andi  a0, 13
core   0: 3 0x8000a1f2 (0x8935) x10 0x0000000c
core   0: 0x8000a1f4 (0x0d540483) lb      s1, 213(s0)
core   0: 3 0x8000a1f4 (0x0d540483) x 9 0x00000000 mem 0x8002011b
core   0: 0x8000a1f8 (0x89753213) sltiu   tp, a0, -1897
core   0: 3 0x8000a1f8 (0x89753213) x 4 0x00000001
core   0: 0x8000a1fc (0xf7c45b83) lhu     s7, -132(s0)
core   0: 3 0x8000a1fc (0xf7c45b83) x23 0x00000000 mem 0x8001ffc2
core   0: 0x8000a200 (0xfe340503) lb      a0, -29(s0)
core   0: 3 0x8000a200 (0xfe340503) x10 0x00000000 mem 0x80020029
core   0: 0x8000a204 (0x00008cc5) c.or    s1, s1
core   0: 3 0x8000a204 (0x8cc5) x 9 0x00000000
core   0: 0x8000a206 (0x02245083) lhu     ra, 34(s0)
core   0: 3 0x8000a206 (0x02245083) x 1 0x00000000 mem 0x80020068
core   0: 0x8000a20a (0xf3140b83) lb      s7, -207(s0)
core   0: 3 0x8000a20a (0xf3140b83) x23 0x00000000 mem 0x8001ff77
core   0: 0x8000a20e (0x02abd533) divu    a0, s7, a0
core   0: 3 0x8000a20e (0x02abd533) x10 0xffffffff
core   0: 0x8000a212 (0x00008ca5) c.xor   s1, s1
core   0: 3 0x8000a212 (0x8ca5) x 9 0x00000000
core   0: 0x8000a214 (0xf1844203) lbu     tp, -232(s0)
core   0: 3 0x8000a214 (0xf1844203) x 4 0x00000000 mem 0x8001ff5e
core   0: 0x8000a218 (0x00000001) c.nop
core   0: 3 0x8000a218 (0x0001)
core   0: 0x8000a21a (0x09045203) lhu     tp, 144(s0)
core   0: 3 0x8000a21a (0x09045203) x 4 0x00000000 mem 0x800200d6
core   0: 0x8000a21e (0x07c41203) lh      tp, 124(s0)
core   0: 3 0x8000a21e (0x07c41203) x 4 0x00000000 mem 0x800200c2
core   0: 0x8000a222 (0xfae40b83) lb      s7, -82(s0)
core   0: 3 0x8000a222 (0xfae40b83) x23 0x00000000 mem 0x8001fff4
core   0: 0x8000a226 (0x0c644883) lbu     a7, 198(s0)
core   0: 3 0x8000a226 (0x0c644883) x17 0x00000000 mem 0x8002010c
core   0: 0x8000a22a (0x00008895) c.andi  s1, 5
core   0: 3 0x8000a22a (0x8895) x 9 0x00000000
core   0: 0x8000a22c (0x02124233) div     tp, tp, ra
core   0: 3 0x8000a22c (0x02124233) x 4 0xffffffff
core   0: 0x8000a230 (0x7cdb8213) addi    tp, s7, 1997
core   0: 3 0x8000a230 (0x7cdb8213) x 4 0x000007cd
core   0: 0x8000a234 (0xf9722213) slti    tp, tp, -105
core   0: 3 0x8000a234 (0xf9722213) x 4 0x00000000
core   0: 0x8000a238 (0x02a4e233) rem     tp, s1, a0
core   0: 3 0x8000a238 (0x02a4e233) x 4 0x00000000
core   0: 0x8000a23c (0x06445203) lhu     tp, 100(s0)
core   0: 3 0x8000a23c (0x06445203) x 4 0x00000000 mem 0x800200aa
core   0: 0x8000a240 (0x0240026f) jal     tp, pc + 0x24
core   0: 3 0x8000a240 (0x0240026f) x 4 0x8000a244
core   0: 0x8000a264 (0xfe1ff0ef) jal     pc - 0x20
core   0: 3 0x8000a264 (0xfe1ff0ef) x 1 0x8000a268
core   0: 0x8000a244 (0x008002ef) jal     t0, pc + 0x8
core   0: 3 0x8000a244 (0x008002ef) x 5 0x8000a248
core   0: 0x8000a24c (0x00002021) c.jal   pc + 8
core   0: 3 0x8000a24c (0x2021) x 1 0x8000a24e
core   0: 0x8000a254 (0xff5ff96f) jal     s2, pc - 0xc
core   0: 3 0x8000a254 (0xff5ff96f) x18 0x8000a258
core   0: 0x8000a248 (0x00002809) c.jal   pc + 18
core   0: 3 0x8000a248 (0x2809) x 1 0x8000a24a
core   0: 0x8000a25a (0x00003fc5) c.jal   pc - 16
core   0: 3 0x8000a25a (0x3fc5) x 1 0x8000a25c
core   0: 0x8000a24a (0x0000a015) c.j     pc + 36
core   0: 3 0x8000a24a (0xa015)
core   0: 0x8000a26e (0x00003ffd) c.jal   pc - 2
core   0: 3 0x8000a26e (0x3ffd) x 1 0x8000a270
core   0: 0x8000a26c (0x00003fdd) c.jal   pc - 10
core   0: 3 0x8000a26c (0x3fdd) x 1 0x8000a26e
core   0: 0x8000a262 (0x0000bfdd) c.j     pc - 10
core   0: 3 0x8000a262 (0xbfdd)
core   0: 0x8000a258 (0x00002821) c.jal   pc + 24
core   0: 3 0x8000a258 (0x2821) x 1 0x8000a25a
core   0: 0x8000a270 (0xffbff0ef) jal     pc - 0x6
core   0: 3 0x8000a270 (0xffbff0ef) x 1 0x8000a274
core   0: 0x8000a26a (0x00003fcd) c.jal   pc - 14
core   0: 3 0x8000a26a (0x3fcd) x 1 0x8000a26c
core   0: 0x8000a25c (0x0000bfdd) c.j     pc - 10
core   0: 3 0x8000a25c (0xbfdd)
core   0: 0x8000a252 (0x0000a819) c.j     pc + 22
core   0: 3 0x8000a252 (0xa819)
core   0: 0x8000a268 (0x0000b7dd) c.j     pc - 26
core   0: 3 0x8000a268 (0xb7dd)
core   0: 0x8000a24e (0x0100036f) jal     t1, pc + 0x10
core   0: 3 0x8000a24e (0x0100036f) x 6 0x8000a252
core   0: 0x8000a25e (0x0160036f) jal     t1, pc + 0x16
core   0: 3 0x8000a25e (0x0160036f) x 6 0x8000a262
core   0: 0x8000a274 (0x024a2233) mulhsu  tp, s4, tp
core   0: 3 0x8000a274 (0x024a2233) x 4 0x00000000
core   0: 0x8000a278 (0x0000ec17) auipc   s8, 0xe
core   0: 3 0x8000a278 (0x0000ec17) x24 0x80018278
core   0: 0x8000a27c (0xc5fc0c13) addi    s8, s8, -929
core   0: 3 0x8000a27c (0xc5fc0c13) x24 0x80017ed7
core   0: 0x8000a280 (0x00010217) auipc   tp, 0x10
core   0: 3 0x8000a280 (0x00010217) x 4 0x8001a280
core   0: 0x8000a284 (0xf9b20213) addi    tp, tp, -101
core   0: 3 0x8000a284 (0xf9b20213) x 4 0x8001a21b
core   0: 0x8000a288 (0xe73c0e03) lb      t3, -397(s8)
core   0: 3 0x8000a288 (0xe73c0e03) x28 0xfffffff8 mem 0x80017d4a
core   0: 0x8000a28c (0x0000ad97) auipc   s11, 0xa
core   0: 3 0x8000a28c (0x0000ad97) x27 0x8001428c
core   0: 0x8000a290 (0x1f1d8d93) addi    s11, s11, 497
core   0: 3 0x8000a290 (0x1f1d8d93) x27 0x8001447d
core   0: 0x8000a294 (0xfe325d03) lhu     s10, -29(tp)
core   0: 3 0x8000a294 (0xfe325d03) x26 0x00000000 mem 0x8001a1fe
core   0: 0x8000a298 (0xb50c0e23) sb      a6, -1188(s8)
core   0: 3 0x8000a298 (0xb50c0e23) mem 0x80017a33 0x0
core   0: 0x8000a29c (0x00009997) auipc   s3, 0x9
core   0: 3 0x8000a29c (0x00009997) x19 0x8001329c
core   0: 0x8000a2a0 (0x47c98993) addi    s3, s3, 1148
core   0: 3 0x8000a2a0 (0x47c98993) x19 0x80013718
core   0: 0x8000a2a4 (0xe3ec0b03) lb      s6, -450(s8)
core   0: 3 0x8000a2a4 (0xe3ec0b03) x22 0x00000000 mem 0x80017d15
core   0: 0x8000a2a8 (0xff69d403) lhu     s0, -10(s3)
core   0: 3 0x8000a2a8 (0xff69d403) x 8 0x00000000 mem 0x8001370e
core   0: 0x8000a2ac (0xfc7dd283) lhu     t0, -57(s11)
core   0: 3 0x8000a2ac (0xfc7dd283) x 5 0x00000000 mem 0x80014444
core   0: 0x8000a2b0 (0x02120823) sb      ra, 48(tp)
core   0: 3 0x8000a2b0 (0x02120823) mem 0x8001a24b 0x6c
core   0: 0x8000a2b4 (0x00420603) lb      a2, 4(tp)
core   0: 3 0x8000a2b4 (0x00420603) x12 0x00000000 mem 0x8001a21f
core   0: 0x8000a2b8 (0x00620903) lb      s2, 6(tp)
core   0: 3 0x8000a2b8 (0x00620903) x18 0x00000000 mem 0x8001a221
core   0: 0x8000a2bc (0xff19cf83) lbu     t6, -15(s3)
core   0: 3 0x8000a2bc (0xff19cf83) x31 0x00000000 mem 0x80013709
core   0: 0x8000a2c0 (0x81ac4d03) lbu     s10, -2022(s8)
core   0: 3 0x8000a2c0 (0x81ac4d03) x26 0x00000000 mem 0x800176f1
core   0: 0x8000a2c4 (0xfc39c483) lbu     s1, -61(s3)
core   0: 3 0x8000a2c4 (0xfc39c483) x 9 0x00000000 mem 0x800136db
core   0: 0x8000a2c8 (0xfe4dcb83) lbu     s7, -28(s11)
core   0: 3 0x8000a2c8 (0xfe4dcb83) x23 0x00000000 mem 0x80014461
core   0: 0x8000a2cc (0xfe320903) lb      s2, -29(tp)
core   0: 3 0x8000a2cc (0xfe320903) x18 0x00000000 mem 0x8001a1fe
core   0: 0x8000a2d0 (0x02e20283) lb      t0, 46(tp)
core   0: 3 0x8000a2d0 (0x02e20283) x 5 0x00000000 mem 0x8001a249
core   0: 0x8000a2d4 (0x029dcc83) lbu     s9, 41(s11)
core   0: 3 0x8000a2d4 (0x029dcc83) x25 0x00000000 mem 0x800144a6
core   0: 0x8000a2d8 (0x7e1c5003) lhu     zero, 2017(s8)
core   0: 3 0x8000a2d8 (0x7e1c5003) mem 0x800186b8
core   0: 0x8000a2dc (0x0359aa23) sw      s5, 52(s3)
core   0: 3 0x8000a2dc (0x0359aa23) mem 0x8001374c 0x80029ce4
core   0: 0x8000a2e0 (0x01a9cf03) lbu     t5, 26(s3)
core   0: 3 0x8000a2e0 (0x01a9cf03) x30 0x00000000 mem 0x80013732
core   0: 0x8000a2e4 (0x02dd8f23) sb      a3, 62(s11)
core   0: 3 0x8000a2e4 (0x02dd8f23) mem 0x800144bb 0xf4
core   0: 0x8000a2e8 (0x035212a3) sh      s5, 37(tp)
core   0: 3 0x8000a2e8 (0x035212a3) mem 0x8001a240 0x9ce4
core   0: 0x8000a2ec (0xfe3d9d03) lh      s10, -29(s11)
core   0: 3 0x8000a2ec (0xfe3d9d03) x26 0x00000000 mem 0x80014460
core   0: 0x8000a2f0 (0xd01c1603) lh      a2, -767(s8)
core   0: 3 0x8000a2f0 (0xd01c1603) x12 0x00000000 mem 0x80017bd8
core   0: 0x8000a2f4 (0xfe4d8883) lb      a7, -28(s11)
core   0: 3 0x8000a2f4 (0xfe4d8883) x17 0x00000000 mem 0x80014461
core   0: 0x8000a2f8 (0xfea24503) lbu     a0, -22(tp)
core   0: 3 0x8000a2f8 (0xfea24503) x10 0x00000000 mem 0x8001a205
core   0: 0x8000a2fc (0xfde988a3) sb      t5, -47(s3)
core   0: 3 0x8000a2fc (0xfde988a3) mem 0x800136e9 0x0
core   0: 0x8000a300 (0x00620183) lb      gp, 6(tp)
core   0: 3 0x8000a300 (0x00620183) x 3 0x00000000 mem 0x8001a221
core   0: 0x8000a304 (0xfc220a03) lb      s4, -62(tp)
core   0: 3 0x8000a304 (0xfc220a03) x20 0x00000000 mem 0x8001a1dd
core   0: 0x8000a308 (0xffc00693) li      a3, -4
core   0: 3 0x8000a308 (0xffc00693) x13 0xfffffffc
core   0: 0x8000a30c (0x00e00993) li      s3, 14
core   0: 3 0x8000a30c (0x00e00993) x19 0x0000000e
core   0: 0x8000a310 (0x06aebd93) sltiu   s11, t4, 106
core   0: 3 0x8000a310 (0x06aebd93) x27 0x00000001
core   0: 0x8000a314 (0x00000699) c.addi  a3, 6
core   0: 3 0x8000a314 (0x0699) x13 0x00000002
core   0: 0x8000a316 (0x00000001) c.nop
core   0: 3 0x8000a316 (0x0001)
core   0: 0x8000a318 (0xff368ce3) beq     a3, s3, pc - 8
core   0: 3 0x8000a318 (0xff368ce3)
core   0: 0x8000a31c (0xb08d6193) ori     gp, s10, -1272
core   0: 3 0x8000a31c (0xb08d6193) x 3 0xfffffb08
core   0: 0x8000a320 (0x00006997) auipc   s3, 0x6
core   0: 3 0x8000a320 (0x00006997) x19 0x80010320
core   0: 0x8000a324 (0x34698993) addi    s3, s3, 838
core   0: 3 0x8000a324 (0x34698993) x19 0x80010666
core   0: 0x8000a328 (0x0fb9c803) lbu     a6, 251(s3)
core   0: 3 0x8000a328 (0x0fb9c803) x16 0x00000000 mem 0x80010761
core   0: 0x8000a32c (0x0fb9cc83) lbu     s9, 251(s3)
core   0: 3 0x8000a32c (0x0fb9cc83) x25 0x00000000 mem 0x80010761
core   0: 0x8000a330 (0x08299103) lh      sp, 130(s3)
core   0: 3 0x8000a330 (0x08299103) x 2 0x00000000 mem 0x800106e8
core   0: 0x8000a334 (0x0799cc03) lbu     s8, 121(s3)
core   0: 3 0x8000a334 (0x0799cc03) x24 0x00000000 mem 0x800106df
core   0: 0x8000a338 (0x07998503) lb      a0, 121(s3)
core   0: 3 0x8000a338 (0x07998503) x10 0x00000000 mem 0x800106df
core   0: 0x8000a33c (0x07998603) lb      a2, 121(s3)
core   0: 3 0x8000a33c (0x07998603) x12 0x00000000 mem 0x800106df
core   0: 0x8000a340 (0x416f0433) sub     s0, t5, s6
core   0: 3 0x8000a340 (0x416f0433) x 8 0x00000000
core   0: 0x8000a344 (0x07998203) lb      tp, 121(s3)
core   0: 3 0x8000a344 (0x07998203) x 4 0x00000000 mem 0x800106df
core   0: 0x8000a348 (0x07998203) lb      tp, 121(s3)
core   0: 3 0x8000a348 (0x07998203) x 4 0x00000000 mem 0x800106df
core   0: 0x8000a34c (0xfe598c03) lb      s8, -27(s3)
core   0: 3 0x8000a34c (0xfe598c03) x24 0x00000000 mem 0x8001064b
core   0: 0x8000a350 (0x00000122) c.slli  sp, 8
core   0: 3 0x8000a350 (0x0122) x 2 0x00000000
core   0: 0x8000a352 (0xfef982a3) sb      a5, -27(s3)
core   0: 3 0x8000a352 (0xfef982a3) mem 0x8001064b 0xe
core   0: 0x8000a356 (0x01b7d093) srli    ra, a5, 27
core   0: 3 0x8000a356 (0x01b7d093) x 1 0x00000000
core   0: 0x8000a35a (0xffd982a3) sb      t4, -27(s3)
core   0: 3 0x8000a35a (0xffd982a3) mem 0x8001064b 0x0
core   0: 0x8000a35e (0xfee98b03) lb      s6, -18(s3)
core   0: 3 0x8000a35e (0xfee98b03) x22 0x00000000 mem 0x80010654
core   0: 0x8000a362 (0xfee99783) lh      a5, -18(s3)
core   0: 3 0x8000a362 (0xfee99783) x15 0x00000000 mem 0x80010654
core   0: 0x8000a366 (0xffb98723) sb      s11, -18(s3)
core   0: 3 0x8000a366 (0xffb98723) mem 0x80010654 0x1
core   0: 0x8000a36a (0x00006117) auipc   sp, 0x6
core   0: 3 0x8000a36a (0x00006117) x 2 0x8001036a
core   0: 0x8000a36e (0xe3810113) addi    sp, sp, -456
core   0: 3 0x8000a36e (0xe3810113) x 2 0x800101a2
core   0: 0x8000a372 (0x00008f35) c.xor   a4, a3
core   0: 3 0x8000a372 (0x8f35) x14 0x00000002
core   0: 0x8000a374 (0x00000cb6) c.slli  s9, 13
core   0: 3 0x8000a374 (0x0cb6) x25 0x00000000
core   0: 0x8000a376 (0x017102a3) sb      s7, 5(sp)
core   0: 3 0x8000a376 (0x017102a3) mem 0x800101a7 0x0
core   0: 0x8000a37a (0xfee11923) sh      a4, -14(sp)
core   0: 3 0x8000a37a (0xfee11923) mem 0x80010194 0x0002
core   0: 0x8000a37e (0x00312323) sw      gp, 6(sp)
core   0: 3 0x8000a37e (0x00312323) mem 0x800101a8 0xfffffb08
core   0: 0x8000a382 (0x00009ba6) c.add   s7, s1
core   0: 3 0x8000a382 (0x9ba6) x23 0x00000000
core   0: 0x8000a384 (0x00008aa1) c.andi  a3, 8
core   0: 3 0x8000a384 (0x8aa1) x13 0x00000000
core   0: 0x8000a386 (0x14f72193) slti    gp, a4, 335
core   0: 3 0x8000a386 (0x14f72193) x 3 0x00000001
core   0: 0x8000a38a (0x0ff0000f) fence   iorw,iorw
core   0: 3 0x8000a38a (0x0ff0000f)
core   0: 0x8000a38e (0xffa11703) lh      a4, -6(sp)
core   0: 3 0x8000a38e (0xffa11703) x14 0x00000000 mem 0x8001019c
core   0: 0x8000a392 (0xfed109a3) sb      a3, -13(sp)
core   0: 3 0x8000a392 (0xfed109a3) mem 0x80010195 0x0
core   0: 0x8000a396 (0x00004cc5) c.li    s9, 17
core   0: 3 0x8000a396 (0x4cc5) x25 0x00000011
core   0: 0x8000a398 (0x00e14683) lbu     a3, 14(sp)
core   0: 3 0x8000a398 (0x00e14683) x13 0x00000000 mem 0x800101b0
core   0: 0x8000a39c (0x0000477d) c.li    a4, 31
core   0: 3 0x8000a39c (0x477d) x14 0x0000001f
core   0: 0x8000a39e (0x00a12683) lw      a3, 10(sp)
core   0: 3 0x8000a39e (0x00a12683) x13 0x00000000 mem 0x800101ac
core   0: 0x8000a3a2 (0x039746b3) div     a3, a4, s9
core   0: 3 0x8000a3a2 (0x039746b3) x13 0x00000001
core   0: 0x8000a3a6 (0x00e11223) sh      a4, 4(sp)
core   0: 3 0x8000a3a6 (0x00e11223) mem 0x800101a6 0x001f
core   0: 0x8000a3aa (0xff215c83) lhu     s9, -14(sp)
core   0: 3 0x8000a3aa (0xff215c83) x25 0x00000002 mem 0x80010194
core   0: 0x8000a3ae (0x00eb9bb3) sll     s7, s7, a4
core   0: 3 0x8000a3ae (0x00eb9bb3) x23 0x00000000
core   0: 0x8000a3b2 (0xff010703) lb      a4, -16(sp)
core   0: 3 0x8000a3b2 (0xff010703) x14 0x00000000 mem 0x80010192
core   0: 0x8000a3b6 (0x0ff0000f) fence   iorw,iorw
core   0: 3 0x8000a3b6 (0x0ff0000f)
core   0: 0x8000a3ba (0x00615b83) lhu     s7, 6(sp)
core   0: 3 0x8000a3ba (0x00615b83) x23 0x0000fb08 mem 0x800101a8
core   0: 0x8000a3be (0xfe310aa3) sb      gp, -11(sp)
core   0: 3 0x8000a3be (0xfe310aa3) mem 0x80010197 0x1
core   0: 0x8000a3c2 (0x003101a3) sb      gp, 3(sp)
core   0: 3 0x8000a3c2 (0x003101a3) mem 0x800101a5 0x1
core   0: 0x8000a3c6 (0x0371a1b3) mulhsu  gp, gp, s7
core   0: 3 0x8000a3c6 (0x0371a1b3) x 3 0x00000000
core   0: 0x8000a3ca (0x00000001) c.nop
core   0: 3 0x8000a3ca (0x0001)
core   0: 0x8000a3cc (0xff015683) lhu     a3, -16(sp)
core   0: 3 0x8000a3cc (0xff015683) x13 0x00000000 mem 0x80010192
core   0: 0x8000a3d0 (0x000086de) c.mv    a3, s7
core   0: 3 0x8000a3d0 (0x86de) x13 0x0000fb08
core   0: 0x8000a3d2 (0x00311223) sh      gp, 4(sp)
core   0: 3 0x8000a3d2 (0x00311223) mem 0x800101a6 0x0000
core   0: 0x8000a3d6 (0x5b84ab93) slti    s7, s1, 1464
core   0: 3 0x8000a3d6 (0x5b84ab93) x23 0x00000001
core   0: 0x8000a3da (0x00000001) c.nop
core   0: 3 0x8000a3da (0x0001)
core   0: 0x8000a3dc (0x00875b93) srli    s7, a4, 8
core   0: 3 0x8000a3dc (0x00875b93) x23 0x00000000
core   0: 0x8000a3e0 (0x003bd6b3) srl     a3, s7, gp
core   0: 3 0x8000a3e0 (0x003bd6b3) x13 0x00000000
core   0: 0x8000a3e4 (0x00d10823) sb      a3, 16(sp)
core   0: 3 0x8000a3e4 (0x00d10823) mem 0x800101b2 0x0
core   0: 0x8000a3e8 (0xd6befc97) auipc   s9, 0xd6bef
core   0: 3 0x8000a3e8 (0xd6befc97) x25 0x56bf93e8
core   0: 0x8000a3ec (0x41a75193) srai    gp, a4, 26
core   0: 3 0x8000a3ec (0x41a75193) x 3 0x00000000
core   0: 0x8000a3f0 (0x00015683) lhu     a3, 0(sp)
core   0: 3 0x8000a3f0 (0x00015683) x13 0x00000000 mem 0x800101a2
core   0: 0x8000a3f4 (0x00910703) lb      a4, 9(sp)
core   0: 3 0x8000a3f4 (0x00910703) x14 0xffffffff mem 0x800101ab
core   0: 0x8000a3f8 (0x0140026f) jal     tp, pc + 0x14
core   0: 3 0x8000a3f8 (0x0140026f) x 4 0x8000a3fc
core   0: 0x8000a40c (0x00003fc5) c.jal   pc - 16
core   0: 3 0x8000a40c (0x3fc5) x 1 0x8000a40e
core   0: 0x8000a3fc (0x00002031) c.jal   pc + 12
core   0: 3 0x8000a3fc (0x2031) x 1 0x8000a3fe
core   0: 0x8000a408 (0x014000ef) jal     pc + 0x14
core   0: 3 0x8000a408 (0x014000ef) x 1 0x8000a40c
core   0: 0x8000a41c (0xfe7ffc6f) jal     s8, pc - 0x1a
core   0: 3 0x8000a41c (0xfe7ffc6f) x24 0x8000a420
core   0: 0x8000a402 (0x0120036f) jal     t1, pc + 0x12
core   0: 3 0x8000a402 (0x0120036f) x 6 0x8000a406
core   0: 0x8000a414 (0x00002019) c.jal   pc + 6
core   0: 3 0x8000a414 (0x2019) x 1 0x8000a416
core   0: 0x8000a41a (0x00003fdd) c.jal   pc - 10
core   0: 3 0x8000a41a (0x3fdd) x 1 0x8000a41c
core   0: 0x8000a410 (0x0000b7fd) c.j     pc - 18
core   0: 3 0x8000a410 (0xb7fd)
core   0: 0x8000a3fe (0x00002801) c.jal   pc + 16
core   0: 3 0x8000a3fe (0x2801) x 1 0x8000a400
core   0: 0x8000a40e (0x0000a809) c.j     pc + 18
core   0: 3 0x8000a40e (0xa809)
core   0: 0x8000a420 (0x004000ef) jal     pc + 0x4
core   0: 3 0x8000a420 (0x004000ef) x 1 0x8000a424
core   0: 0x8000a424 (0x00002009) c.jal   pc + 2
core   0: 3 0x8000a424 (0x2009) x 1 0x8000a426
core   0: 0x8000a426 (0x0000bfe9) c.j     pc - 38
core   0: 3 0x8000a426 (0xbfe9)
core   0: 0x8000a400 (0x0000a809) c.j     pc + 18
core   0: 3 0x8000a400 (0xa809)
core   0: 0x8000a412 (0x00002011) c.jal   pc + 4
core   0: 3 0x8000a412 (0x2011) x 1 0x8000a414
core   0: 0x8000a416 (0xff1ff0ef) jal     pc - 0x10
core   0: 3 0x8000a416 (0xff1ff0ef) x 1 0x8000a41a
core   0: 0x8000a406 (0x0000200d) c.jal   pc + 34
core   0: 3 0x8000a406 (0x200d) x 1 0x8000a408
core   0: 0x8000a428 (0x03c43e33) mulhu   t3, s0, t3
core   0: 3 0x8000a428 (0x03c43e33) x28 0x00000000
core   0: 0x8000a42c (0x00006b17) auipc   s6, 0x6
core   0: 3 0x8000a42c (0x00006b17) x22 0x8001042c
core   0: 0x8000a430 (0xd52b0b13) addi    s6, s6, -686
core   0: 3 0x8000a430 (0xd52b0b13) x22 0x8001017e
core   0: 0x8000a434 (0x001b4603) lbu     a2, 1(s6)
core   0: 3 0x8000a434 (0x001b4603) x12 0x00000000 mem 0x8001017f
core   0: 0x8000a438 (0x005b0c03) lb      s8, 5(s6)
core   0: 3 0x8000a438 (0x005b0c03) x24 0x00000000 mem 0x80010183
core   0: 0x8000a43c (0x24fe8313) addi    t1, t4, 591
core   0: 3 0x8000a43c (0x24fe8313) x 6 0x0000024f
core   0: 0x8000a440 (0x003b07a3) sb      gp, 15(s6)
core   0: 3 0x8000a440 (0x003b07a3) mem 0x8001018d 0x0
core   0: 0x8000a444 (0x4037d993) srai    s3, a5, 3
core   0: 3 0x8000a444 (0x4037d993) x19 0x00000000
core   0: 0x8000a448 (0x01bb02a3) sb      s11, 5(s6)
core   0: 3 0x8000a448 (0x01bb02a3) mem 0x80010183 0x1
core   0: 0x8000a44c (0x29b5a213) slti    tp, a1, 667
core   0: 3 0x8000a44c (0x29b5a213) x 4 0x00000000
core   0: 0x8000a450 (0x010b0823) sb      a6, 16(s6)
core   0: 3 0x8000a450 (0x010b0823) mem 0x8001018e 0x0
core   0: 0x8000a454 (0x00008ca9) c.xor   s1, a0
core   0: 3 0x8000a454 (0x8ca9) x 9 0x00000000
core   0: 0x8000a456 (0x001b4d83) lbu     s11, 1(s6)
core   0: 3 0x8000a456 (0x001b4d83) x27 0x00000000 mem 0x8001017f
core   0: 0x8000a45a (0x018b0423) sb      s8, 8(s6)
core   0: 3 0x8000a45a (0x018b0423) mem 0x80010186 0x0
core   0: 0x8000a45e (0x000004a1) c.addi  s1, 8
core   0: 3 0x8000a45e (0x04a1) x 9 0x00000008
core   0: 0x8000a460 (0x00000001) c.nop
core   0: 3 0x8000a460 (0x0001)
core   0: 0x8000a462 (0x001b0c83) lb      s9, 1(s6)
core   0: 3 0x8000a462 (0x001b0c83) x25 0x00000000 mem 0x8001017f
core   0: 0x8000a466 (0xff6b0b83) lb      s7, -10(s6)
core   0: 3 0x8000a466 (0xff6b0b83) x23 0x00000000 mem 0x80010174
core   0: 0x8000a46a (0x0ff0000f) fence   iorw,iorw
core   0: 3 0x8000a46a (0x0ff0000f)
core   0: 0x8000a46e (0x401350b3) sra     ra, t1, ra
core   0: 3 0x8000a46e (0x401350b3) x 1 0x00000002
core   0: 0x8000a472 (0xed7e6e97) auipc   t4, 0xed7e6
core   0: 3 0x8000a472 (0xed7e6e97) x29 0x6d7f0472
core   0: 0x8000a476 (0x0ff0000f) fence   iorw,iorw
core   0: 3 0x8000a476 (0x0ff0000f)
core   0: 0x8000a47a (0xfffb0803) lb      a6, -1(s6)
core   0: 3 0x8000a47a (0xfffb0803) x16 0x00000000 mem 0x8001017d
core   0: 0x8000a47e (0x41148a33) sub     s4, s1, a7
core   0: 3 0x8000a47e (0x41148a33) x20 0x00000008
core   0: 0x8000a482 (0x00008655) c.srai  a2, 21
core   0: 3 0x8000a482 (0x8655) x12 0x00000000
core   0: 0x8000a484 (0xff1b4a03) lbu     s4, -15(s6)
core   0: 3 0x8000a484 (0xff1b4a03) x20 0x00000000 mem 0x8001016f
core   0: 0x8000a488 (0x00000331) c.addi  t1, 12
core   0: 3 0x8000a488 (0x0331) x 6 0x0000025b
core   0: 0x8000a48a (0x004b00a3) sb      tp, 1(s6)
core   0: 3 0x8000a48a (0x004b00a3) mem 0x8001017f 0x0
core   0: 0x8000a48e (0x013b1123) sh      s3, 2(s6)
core   0: 3 0x8000a48e (0x013b1123) mem 0x80010180 0x0000
core   0: 0x8000a492 (0xffeb4103) lbu     sp, -2(s6)
core   0: 3 0x8000a492 (0xffeb4103) x 2 0x00000000 mem 0x8001017c
core   0: 0x8000a496 (0x01bb1823) sh      s11, 16(s6)
core   0: 3 0x8000a496 (0x01bb1823) mem 0x8001018e 0x0000
core   0: 0x8000a49a (0x00000001) c.nop
core   0: 3 0x8000a49a (0x0001)
core   0: 0x8000a49c (0x029994b3) mulh    s1, s3, s1
core   0: 3 0x8000a49c (0x029994b3) x 9 0x00000000
core   0: 0x8000a4a0 (0x00d354b3) srl     s1, t1, a3
core   0: 3 0x8000a4a0 (0x00d354b3) x 9 0x0000025b
core   0: 0x8000a4a4 (0x0137e933) or      s2, a5, s3
core   0: 3 0x8000a4a4 (0x0137e933) x18 0x00000000
core   0: 0x8000a4a8 (0x00cb1183) lh      gp, 12(s6)
core   0: 3 0x8000a4a8 (0x00cb1183) x 3 0x00000000 mem 0x8001018a
core   0: 0x8000a4ac (0xaa733913) sltiu   s2, t1, -1369
core   0: 3 0x8000a4ac (0xaa733913) x18 0x00000001
core   0: 0x8000a4b0 (0x00009a7d) c.andi  a2, -1
core   0: 3 0x8000a4b0 (0x9a7d) x12 0x00000000
core   0: 0x8000a4b2 (0x40a75813) srai    a6, a4, 10
core   0: 3 0x8000a4b2 (0x40a75813) x16 0xffffffff
core   0: 0x8000a4b6 (0x004b0403) lb      s0, 4(s6)
core   0: 3 0x8000a4b6 (0x004b0403) x 8 0x00000000 mem 0x80010182
core   0: 0x8000a4ba (0xff3b0603) lb      a2, -13(s6)
core   0: 3 0x8000a4ba (0xff3b0603) x12 0x0000005c mem 0x80010171
core   0: 0x8000a4be (0x00000186) c.slli  gp, 1
core   0: 3 0x8000a4be (0x0186) x 3 0x00000000
core   0: 0x8000a4c0 (0x009b0e83) lb      t4, 9(s6)
core   0: 3 0x8000a4c0 (0x009b0e83) x29 0x00000000 mem 0x80010187
core   0: 0x8000a4c4 (0x00000001) c.nop
core   0: 3 0x8000a4c4 (0x0001)
core   0: 0x8000a4c6 (0x00cb5883) lhu     a7, 12(s6)
core   0: 3 0x8000a4c6 (0x00cb5883) x17 0x00000000 mem 0x8001018a
core   0: 0x8000a4ca (0xff8b0903) lb      s2, -8(s6)
core   0: 3 0x8000a4ca (0xff8b0903) x18 0x00000000 mem 0x80010176
core   0: 0x8000a4ce (0x00731633) sll     a2, t1, t2
core   0: 3 0x8000a4ce (0x00731633) x12 0xb0000000
core   0: 0x8000a4d2 (0x016b2323) sw      s6, 6(s6)
core   0: 3 0x8000a4d2 (0x016b2323) mem 0x80010184 0x8001017e
core   0: 0x8000a4d6 (0x00015a17) auipc   s4, 0x15
core   0: 3 0x8000a4d6 (0x00015a17) x20 0x8001f4d6
core   0: 0x8000a4da (0x870a0a13) addi    s4, s4, -1936
core   0: 3 0x8000a4da (0x870a0a13) x20 0x8001ed46
core   0: 0x8000a4de (0x00008697) auipc   a3, 0x8
core   0: 3 0x8000a4de (0x00008697) x13 0x800124de
core   0: 0x8000a4e2 (0xaef68693) addi    a3, a3, -1297
core   0: 3 0x8000a4e2 (0xaef68693) x13 0x80011fcd
core   0: 0x8000a4e6 (0x0000f197) auipc   gp, 0xf
core   0: 3 0x8000a4e6 (0x0000f197) x 3 0x800194e6
core   0: 0x8000a4ea (0x88218193) addi    gp, gp, -1918
core   0: 3 0x8000a4ea (0x88218193) x 3 0x80018d68
core   0: 0x8000a4ee (0x00011d97) auipc   s11, 0x11
core   0: 3 0x8000a4ee (0x00011d97) x27 0x8001b4ee
core   0: 0x8000a4f2 (0x31dd8d93) addi    s11, s11, 797
core   0: 3 0x8000a4f2 (0x31dd8d93) x27 0x8001b80b
core   0: 0x8000a4f6 (0x8c9d8223) sb      s1, -1852(s11)
core   0: 3 0x8000a4f6 (0x8c9d8223) mem 0x8001b0cf 0x5b
core   0: 0x8000a4fa (0xcb3a0e83) lb      t4, -845(s4)
core   0: 3 0x8000a4fa (0xcb3a0e83) x29 0x00000000 mem 0x8001e9f9
core   0: 0x8000a4fe (0xfdfa4e83) lbu     t4, -33(s4)
core   0: 3 0x8000a4fe (0xfdfa4e83) x29 0x00000000 mem 0x8001ed25
core   0: 0x8000a502 (0xd2ad8c83) lb      s9, -726(s11)
core   0: 3 0x8000a502 (0xd2ad8c83) x25 0x00000000 mem 0x8001b535
core   0: 0x8000a506 (0x4f5d9c83) lh      s9, 1269(s11)
core   0: 3 0x8000a506 (0x4f5d9c83) x25 0x00000000 mem 0x8001bd00
core   0: 0x8000a50a (0x07e1d083) lhu     ra, 126(gp)
core   0: 3 0x8000a50a (0x07e1d083) x 1 0x00000000 mem 0x80018de6
core   0: 0x8000a50e (0x0000c517) auipc   a0, 0xc
core   0: 3 0x8000a50e (0x0000c517) x10 0x8001650e
core   0: 0x8000a512 (0x3e150513) addi    a0, a0, 993
core   0: 3 0x8000a512 (0x3e150513) x10 0x800168ef
core   0: 0x8000a516 (0x00668b03) lb      s6, 6(a3)
core   0: 3 0x8000a516 (0x00668b03) x22 0x00000000 mem 0x80011fd3
core   0: 0x8000a51a (0x51cd8423) sb      t3, 1288(s11)
core   0: 3 0x8000a51a (0x51cd8423) mem 0x8001bd13 0x0
core   0: 0x8000a51e (0x0da19c03) lh      s8, 218(gp)
core   0: 3 0x8000a51e (0x0da19c03) x24 0x00000000 mem 0x80018e42
core   0: 0x8000a522 (0x82fd8283) lb      t0, -2001(s11)
core   0: 3 0x8000a522 (0x82fd8283) x 5 0x00000000 mem 0x8001b03a
core   0: 0x8000a526 (0xd26a1723) sh      t1, -722(s4)
core   0: 3 0x8000a526 (0xd26a1723) mem 0x8001ea74 0x025b
core   0: 0x8000a52a (0x00152d03) lw      s10, 1(a0)
core   0: 3 0x8000a52a (0x00152d03) x26 0x00000000 mem 0x800168f0
core   0: 0x8000a52e (0x8c6a0e03) lb      t3, -1850(s4)
core   0: 3 0x8000a52e (0x8c6a0e03) x28 0x00000000 mem 0x8001e60c
core   0: 0x8000a532 (0x00054783) lbu     a5, 0(a0)
core   0: 3 0x8000a532 (0x00054783) x15 0x00000000 mem 0x800168ef
core   0: 0x8000a536 (0xb51dae83) lw      t4, -1199(s11)
core   0: 3 0x8000a536 (0xb51dae83) x29 0x00000000 mem 0x8001b35c
core   0: 0x8000a53a (0xff76c003) lbu     zero, -9(a3)
core   0: 3 0x8000a53a (0xff76c003) mem 0x80011fc4
core   0: 0x8000a53e (0xff854303) lbu     t1, -8(a0)
core   0: 3 0x8000a53e (0xff854303) x 6 0x00000000 mem 0x800168e7
core   0: 0x8000a542 (0xa90d9da3) sh      a6, -1381(s11)
core   0: 3 0x8000a542 (0xa90d9da3) mem 0x8001b2a6 0xffff
core   0: 0x8000a546 (0x0a618523) sb      t1, 170(gp)
core   0: 3 0x8000a546 (0x0a618523) mem 0x80018e12 0x0
core   0: 0x8000a54a (0x417dde03) lhu     t3, 1047(s11)
core   0: 3 0x8000a54a (0x417dde03) x28 0x00000000 mem 0x8001bc22
core   0: 0x8000a54e (0xd60d8103) lb      sp, -672(s11)
core   0: 3 0x8000a54e (0xd60d8103) x 2 0x00000000 mem 0x8001b56b
core   0: 0x8000a552 (0xff568903) lb      s2, -11(a3)
core   0: 3 0x8000a552 (0xff568903) x18 0x00000000 mem 0x80011fc2
core   0: 0x8000a556 (0xf7e19883) lh      a7, -130(gp)
core   0: 3 0x8000a556 (0xf7e19883) x17 0x00000000 mem 0x80018ce6
core   0: 0x8000a55a (0x010517a3) sh      a6, 15(a0)
core   0: 3 0x8000a55a (0x010517a3) mem 0x800168fe 0xffff
core   0: 0x8000a55e (0xc77d8483) lb      s1, -905(s11)
core   0: 3 0x8000a55e (0xc77d8483) x 9 0x00000000 mem 0x8001b482
core   0: 0x8000a562 (0x01068f83) lb      t6, 16(a3)
core   0: 3 0x8000a562 (0x01068f83) x31 0x00000000 mem 0x80011fdd
core   0: 0x8000a566 (0xff351da3) sh      s3, -5(a0)
core   0: 3 0x8000a566 (0xff351da3) mem 0x800168ea 0x0000
core   0: 0x8000a56a (0x08718403) lb      s0, 135(gp)
core   0: 3 0x8000a56a (0x08718403) x 8 0x00000000 mem 0x80018def
core   0: 0x8000a56e (0x0731c983) lbu     s3, 115(gp)
core   0: 3 0x8000a56e (0x0731c983) x19 0x00000000 mem 0x80018ddb
core   0: 0x8000a572 (0x924a0983) lb      s3, -1756(s4)
core   0: 3 0x8000a572 (0x924a0983) x19 0x00000000 mem 0x8001e66a
core   0: 0x8000a576 (0x00f6ab83) lw      s7, 15(a3)
core   0: 3 0x8000a576 (0x00f6ab83) x23 0x00000000 mem 0x80011fdc
core   0: 0x8000a57a (0x0000b117) auipc   sp, 0xb
core   0: 3 0x8000a57a (0x0000b117) x 2 0x8001557a
core   0: 0x8000a57e (0x04310113) addi    sp, sp, 67
core   0: 3 0x8000a57e (0x04310113) x 2 0x800155bd
core   0: 0x8000a582 (0xc2e10ba3) sb      a4, -969(sp)
core   0: 3 0x8000a582 (0xc2e10ba3) mem 0x800151f4 0xff
core   0: 0x8000a586 (0x02d8be33) mulhu   t3, a7, a3
core   0: 3 0x8000a586 (0x02d8be33) x28 0x00000000
core   0: 0x8000a58a (0x9c0dab13) slti    s6, s11, -1600
core   0: 3 0x8000a58a (0x9c0dab13) x22 0x00000001
core   0: 0x8000a58e (0x41914683) lbu     a3, 1049(sp)
core   0: 3 0x8000a58e (0x41914683) x13 0x00000000 mem 0x800159d6
core   0: 0x8000a592 (0x3d115b83) lhu     s7, 977(sp)
core   0: 3 0x8000a592 (0x3d115b83) x23 0x00000000 mem 0x8001598e
core   0: 0x8000a596 (0x0000815d) c.srli  a0, 23
core   0: 3 0x8000a596 (0x815d) x10 0x00000100
core   0: 0x8000a598 (0x00000001) c.nop
core   0: 3 0x8000a598 (0x0001)
core   0: 0x8000a59a (0x000090d6) c.add   ra, s5
core   0: 3 0x8000a59a (0x90d6) x 1 0x80029ce4
core   0: 0x8000a59c (0xd8f119a3) sh      a5, -621(sp)
core   0: 3 0x8000a59c (0xd8f119a3) mem 0x80015350 0x0000
core   0: 0x8000a5a0 (0xbf511ea3) sh      s5, -1027(sp)
core   0: 3 0x8000a5a0 (0xbf511ea3) mem 0x800151ba 0x9ce4
core   0: 0x8000a5a4 (0x35d14c03) lbu     s8, 861(sp)
core   0: 3 0x8000a5a4 (0x35d14c03) x24 0x00000000 mem 0x8001591a
core   0: 0x8000a5a8 (0xbd611aa3) sh      s6, -1067(sp)
core   0: 3 0x8000a5a8 (0xbd611aa3) mem 0x80015192 0x0001
core   0: 0x8000a5ac (0x90110a23) sb      ra, -1772(sp)
core   0: 3 0x8000a5ac (0x90110a23) mem 0x80014ed1 0xe4
core   0: 0x8000a5b0 (0xa9510523) sb      s5, -1398(sp)
core   0: 3 0x8000a5b0 (0xa9510523) mem 0x80015047 0xe4
core   0: 0x8000a5b4 (0x40618033) sub     zero, gp, t1
core   0: 3 0x8000a5b4 (0x40618033)
core   0: 0x8000a5b8 (0x00d276b3) and     a3, tp, a3
core   0: 3 0x8000a5b8 (0x00d276b3) x13 0x00000000
core   0: 0x8000a5bc (0x000004c2) c.slli  s1, 16
core   0: 3 0x8000a5bc (0x04c2) x 9 0x00000000
core   0: 0x8000a5be (0xf6de8613) addi    a2, t4, -147
core   0: 3 0x8000a5be (0xf6de8613) x12 0xffffff6d
core   0: 0x8000a5c2 (0x66314903) lbu     s2, 1635(sp)
core   0: 3 0x8000a5c2 (0x66314903) x18 0x00000000 mem 0x80015c20
core   0: 0x8000a5c6 (0xc3014203) lbu     tp, -976(sp)
core   0: 3 0x8000a5c6 (0xc3014203) x 4 0x00000000 mem 0x800151ed
core   0: 0x8000a5ca (0x29c14903) lbu     s2, 668(sp)
core   0: 3 0x8000a5ca (0x29c14903) x18 0x00000000 mem 0x80015859
core   0: 0x8000a5ce (0x00def333) and     t1, t4, a3
core   0: 3 0x8000a5ce (0x00def333) x 6 0x00000000
core   0: 0x8000a5d2 (0x6e710123) sb      t2, 1762(sp)
core   0: 3 0x8000a5d2 (0x6e710123) mem 0x80015c9f 0x5c
core   0: 0x8000a5d6 (0x16f15983) lhu     s3, 367(sp)
core   0: 3 0x8000a5d6 (0x16f15983) x19 0x00000000 mem 0x8001572c
core   0: 0x8000a5da (0x00008735) c.srai  a4, 13
core   0: 3 0x8000a5da (0x8735) x14 0xffffffff
core   0: 0x8000a5dc (0x8e110923) sb      ra, -1806(sp)
core   0: 3 0x8000a5dc (0x8e110923) mem 0x80014eaf 0xe4
core   0: 0x8000a5e0 (0xc2f11883) lh      a7, -977(sp)
core   0: 3 0x8000a5e0 (0xc2f11883) x17 0x00000000 mem 0x800151ec
core   0: 0x8000a5e4 (0x03bf60b3) rem     ra, t5, s11
core   0: 3 0x8000a5e4 (0x03bf60b3) x 1 0x00000000
core   0: 0x8000a5e8 (0x0ff0000f) fence   iorw,iorw
core   0: 3 0x8000a5e8 (0x0ff0000f)
core   0: 0x8000a5ec (0xf0a10f23) sb      a0, -226(sp)
core   0: 3 0x8000a5ec (0xf0a10f23) mem 0x800154db 0x0
core   0: 0x8000a5f0 (0x02cb67b3) rem     a5, s6, a2
core   0: 3 0x8000a5f0 (0x02cb67b3) x15 0x00000001
core   0: 0x8000a5f4 (0x58b11a03) lh      s4, 1419(sp)
core   0: 3 0x8000a5f4 (0x58b11a03) x20 0x00000000 mem 0x80015b48
core   0: 0x8000a5f8 (0x08511303) lh      t1, 133(sp)
core   0: 3 0x8000a5f8 (0x08511303) x 6 0x00000000 mem 0x80015642
core   0: 0x8000a5fc (0x8ec14003) lbu     zero, -1812(sp)
core   0: 3 0x8000a5fc (0x8ec14003) mem 0x80014ea9
core   0: 0x8000a600 (0x58a10d23) sb      a0, 1434(sp)
core   0: 3 0x8000a600 (0x58a10d23) mem 0x80015b57 0x0
core   0: 0x8000a604 (0x53210ea3) sb      s2, 1341(sp)
core   0: 3 0x8000a604 (0x53210ea3) mem 0x80015afa 0x0
core   0: 0x8000a608 (0x40708f33) sub     t5, ra, t2
core   0: 3 0x8000a608 (0x40708f33) x30 0x7ffda1a4
core   0: 0x8000a60c (0x031771b3) remu    gp, a4, a7
core   0: 3 0x8000a60c (0x031771b3) x 3 0xffffffff
core   0: 0x8000a610 (0x700e7cb7) lui     s9, 0x700e7
core   0: 3 0x8000a610 (0x700e7cb7) x25 0x700e7000
core   0: 0x8000a614 (0x00a836b3) sltu    a3, a6, a0
core   0: 3 0x8000a614 (0x00a836b3) x13 0x00000000
core   0: 0x8000a618 (0x0000853e) c.mv    a0, a5
core   0: 3 0x8000a618 (0x853e) x10 0x00000001
core   0: 0x8000a61a (0x18310983) lb      s3, 387(sp)
core   0: 3 0x8000a61a (0x18310983) x19 0x00000000 mem 0x80015740
core   0: 0x8000a61e (0xc3510da3) sb      s5, -965(sp)
core   0: 3 0x8000a61e (0xc3510da3) mem 0x800151f8 0xe4
core   0: 0x8000a622 (0x01a0026f) jal     tp, pc + 0x1a
core   0: 3 0x8000a622 (0x01a0026f) x 4 0x8000a626
core   0: 0x8000a63c (0xff1ff0ef) jal     pc - 0x10
core   0: 3 0x8000a63c (0xff1ff0ef) x 1 0x8000a640
core   0: 0x8000a62c (0x00003ff5) c.jal   pc - 4
core   0: 3 0x8000a62c (0x3ff5) x 1 0x8000a62e
core   0: 0x8000a628 (0x00002029) c.jal   pc + 10
core   0: 3 0x8000a628 (0x2029) x 1 0x8000a62a
core   0: 0x8000a632 (0x00003fd5) c.jal   pc - 12
core   0: 3 0x8000a632 (0x3fd5) x 1 0x8000a634
core   0: 0x8000a626 (0x00002831) c.jal   pc + 28
core   0: 3 0x8000a626 (0x2831) x 1 0x8000a628
core   0: 0x8000a642 (0x0000bfcd) c.j     pc - 14
core   0: 3 0x8000a642 (0xbfcd)
core   0: 0x8000a634 (0x006000ef) jal     pc + 0x6
core   0: 3 0x8000a634 (0x006000ef) x 1 0x8000a638
core   0: 0x8000a63a (0x0000bfdd) c.j     pc - 10
core   0: 3 0x8000a63a (0xbfdd)
core   0: 0x8000a630 (0x00002801) c.jal   pc + 16
core   0: 3 0x8000a630 (0x2801) x 1 0x8000a632
core   0: 0x8000a640 (0x000037fd) c.jal   pc - 18
core   0: 3 0x8000a640 (0x37fd) x 1 0x8000a642
core   0: 0x8000a62e (0x00003ff5) c.jal   pc - 4
core   0: 3 0x8000a62e (0x3ff5) x 1 0x8000a630
core   0: 0x8000a62a (0x00002039) c.jal   pc + 14
core   0: 3 0x8000a62a (0x2039) x 1 0x8000a62c
core   0: 0x8000a638 (0x0000a031) c.j     pc + 12
core   0: 3 0x8000a638 (0xa031)
core   0: 0x8000a644 (0x03af07b3) mul     a5, t5, s10
core   0: 3 0x8000a644 (0x03af07b3) x15 0x00000000
core   0: 0x8000a648 (0x00009b97) auipc   s7, 0x9
core   0: 3 0x8000a648 (0x00009b97) x23 0x80013648
core   0: 0x8000a64c (0xd73b8b93) addi    s7, s7, -653
core   0: 3 0x8000a64c (0xd73b8b93) x23 0x800133bb
core   0: 0x8000a650 (0xff0b8183) lb      gp, -16(s7)
core   0: 3 0x8000a650 (0xff0b8183) x 3 0x00000000 mem 0x800133ab
core   0: 0x8000a654 (0x00008e0d) c.sub   a2, a1
core   0: 3 0x8000a654 (0x8e0d) x12 0xfe58ce6a
core   0: 0x8000a656 (0x02dbd683) lhu     a3, 45(s7)
core   0: 3 0x8000a656 (0x02dbd683) x13 0x00000000 mem 0x800133e8
core   0: 0x8000a65a (0xf16b81a3) sb      s6, -253(s7)
core   0: 3 0x8000a65a (0xf16b81a3) mem 0x800132be 0x1
core   0: 0x8000a65e (0xf03b9f83) lh      t6, -253(s7)
core   0: 3 0x8000a65e (0xf03b9f83) x31 0x00000001 mem 0x800132be
core   0: 0x8000a662 (0xf03bd183) lhu     gp, -253(s7)
core   0: 3 0x8000a662 (0xf03bd183) x 3 0x00000001 mem 0x800132be
core   0: 0x8000a666 (0x0336d033) divu    zero, a3, s3
core   0: 3 0x8000a666 (0x0336d033)
core   0: 0x8000a66a (0xf4abc883) lbu     a7, -182(s7)
core   0: 3 0x8000a66a (0xf4abc883) x17 0x00000000 mem 0x80013305
core   0: 0x8000a66e (0xf52b8c23) sb      s2, -168(s7)
core   0: 3 0x8000a66e (0xf52b8c23) mem 0x80013313 0x0
core   0: 0x8000a672 (0xf58b8c83) lb      s9, -168(s7)
core   0: 3 0x8000a672 (0xf58b8c83) x25 0x00000000 mem 0x80013313
core   0: 0x8000a676 (0xf58bce03) lbu     t3, -168(s7)
core   0: 3 0x8000a676 (0xf58bce03) x28 0x00000000 mem 0x80013313
core   0: 0x8000a67a (0xf58b8283) lb      t0, -168(s7)
core   0: 3 0x8000a67a (0xf58b8283) x 5 0x00000000 mem 0x80013313
core   0: 0x8000a67e (0xf5dbd183) lhu     gp, -163(s7)
core   0: 3 0x8000a67e (0xf5dbd183) x 3 0x00000000 mem 0x80013318
core   0: 0x8000a682 (0xf5db8783) lb      a5, -163(s7)
core   0: 3 0x8000a682 (0xf5db8783) x15 0x00000000 mem 0x80013318
core   0: 0x8000a686 (0x00008f1d) c.sub   a4, a5
core   0: 3 0x8000a686 (0x8f1d) x14 0xffffffff
core   0: 0x8000a688 (0xf5dbd503) lhu     a0, -163(s7)
core   0: 3 0x8000a688 (0xf5dbd503) x10 0x00000000 mem 0x80013318
core   0: 0x8000a68c (0xf4db8c23) sb      a3, -168(s7)
core   0: 3 0x8000a68c (0xf4db8c23) mem 0x80013313 0x0
core   0: 0x8000a690 (0xf58b8183) lb      gp, -168(s7)
core   0: 3 0x8000a690 (0xf58b8183) x 3 0x00000000 mem 0x80013313
core   0: 0x8000a694 (0xf3fbaaa3) sw      t6, -203(s7)
core   0: 3 0x8000a694 (0xf3fbaaa3) mem 0x800132f0 0x00000001
core   0: 0x8000a698 (0xf40b8183) lb      gp, -192(s7)
core   0: 3 0x8000a698 (0xf40b8183) x 3 0x00000000 mem 0x800132fb
core   0: 0x8000a69c (0x02ab8603) lb      a2, 42(s7)
core   0: 3 0x8000a69c (0x02ab8603) x12 0x00000000 mem 0x800133e5
core   0: 0x8000a6a0 (0x00004c11) c.li    s8, 4
core   0: 3 0x8000a6a0 (0x4c11) x24 0x00000004
core   0: 0x8000a6a2 (0x02ab8283) lb      t0, 42(s7)
core   0: 3 0x8000a6a2 (0x02ab8283) x 5 0x00000000 mem 0x800133e5
core   0: 0x8000a6a6 (0x0260026f) jal     tp, pc + 0x26
core   0: 3 0x8000a6a6 (0x0260026f) x 4 0x8000a6aa
core   0: 0x8000a6cc (0x000037fd) c.jal   pc - 18
core   0: 3 0x8000a6cc (0x37fd) x 1 0x8000a6ce
core   0: 0x8000a6ba (0xfffff0ef) jal     pc - 0x2
core   0: 3 0x8000a6ba (0xfffff0ef) x 1 0x8000a6be
core   0: 0x8000a6b8 (0x00002821) c.jal   pc + 24
core   0: 3 0x8000a6b8 (0x2821) x 1 0x8000a6ba
core   0: 0x8000a6d0 (0xfdfff0ef) jal     pc - 0x22
core   0: 3 0x8000a6d0 (0xfdfff0ef) x 1 0x8000a6d4
core   0: 0x8000a6ae (0x0000a005) c.j     pc + 32
core   0: 3 0x8000a6ae (0xa005)
core   0: 0x8000a6ce (0x0000bff5) c.j     pc - 4
core   0: 3 0x8000a6ce (0xbff5)
core   0: 0x8000a6ca (0x0000bffd) c.j     pc - 2
core   0: 3 0x8000a6ca (0xbffd)
core   0: 0x8000a6c8 (0x000037f5) c.jal   pc - 20
core   0: 3 0x8000a6c8 (0x37f5) x 1 0x8000a6ca
core   0: 0x8000a6b4 (0x00002005) c.jal   pc + 32
core   0: 3 0x8000a6b4 (0x2005) x 1 0x8000a6b6
core   0: 0x8000a6d4 (0x0000bff1) c.j     pc - 36
core   0: 3 0x8000a6d4 (0xbff1)
core   0: 0x8000a6b0 (0x0160036f) jal     t1, pc + 0x16
core   0: 3 0x8000a6b0 (0x0160036f) x 6 0x8000a6b4
core   0: 0x8000a6c6 (0x0000bfc5) c.j     pc - 16
core   0: 3 0x8000a6c6 (0xbfc5)
core   0: 0x8000a6b6 (0x00002021) c.jal   pc + 8
core   0: 3 0x8000a6b6 (0x2021) x 1 0x8000a6b8
core   0: 0x8000a6be (0xfedff0ef) jal     pc - 0x14
core   0: 3 0x8000a6be (0xfedff0ef) x 1 0x8000a6c2
core   0: 0x8000a6aa (0x0180026f) jal     tp, pc + 0x18
core   0: 3 0x8000a6aa (0x0180026f) x 4 0x8000a6ae
core   0: 0x8000a6c2 (0x014007ef) jal     a5, pc + 0x14
core   0: 3 0x8000a6c2 (0x014007ef) x15 0x8000a6c6
core   0: 0x8000a6d6 (0x000091b6) c.add   gp, a3
core   0: 3 0x8000a6d6 (0x91b6) x 3 0x00000000
core   0: 0x8000a6d8 (0x0000b117) auipc   sp, 0xb
core   0: 3 0x8000a6d8 (0x0000b117) x 2 0x800156d8
core   0: 0x8000a6dc (0xfcc10113) addi    sp, sp, -52
core   0: 3 0x8000a6dc (0xfcc10113) x 2 0x800156a4
core   0: 0x8000a6e0 (0xbfb14303) lbu     t1, -1029(sp)
core   0: 3 0x8000a6e0 (0xbfb14303) x 6 0x00000000 mem 0x8001529f
core   0: 0x8000a6e4 (0x63112a23) sw      a7, 1588(sp)
core   0: 3 0x8000a6e4 (0x63112a23) mem 0x80015cd8 0x00000000
core   0: 0x8000a6e8 (0xa7f10923) sb      t6, -1422(sp)
core   0: 3 0x8000a6e8 (0xa7f10923) mem 0x80015116 0x1
core   0: 0x8000a6ec (0xa7215183) lhu     gp, -1422(sp)
core   0: 3 0x8000a6ec (0xa7215183) x 3 0x00000001 mem 0x80015116
core   0: 0x8000a6f0 (0x0ff0000f) fence   iorw,iorw
core   0: 3 0x8000a6f0 (0x0ff0000f)
core   0: 0x8000a6f4 (0x3ba11f03) lh      t5, 954(sp)
core   0: 3 0x8000a6f4 (0x3ba11f03) x30 0x00000000 mem 0x80015a5e
core   0: 0x8000a6f8 (0x46010483) lb      s1, 1120(sp)
core   0: 3 0x8000a6f8 (0x46010483) x 9 0x00000000 mem 0x80015b04
core   0: 0x8000a6fc (0x46410023) sb      tp, 1120(sp)
core   0: 3 0x8000a6fc (0x46410023) mem 0x80015b04 0xae
core   0: 0x8000a700 (0xa8a11723) sh      a0, -1394(sp)
core   0: 3 0x8000a700 (0xa8a11723) mem 0x80015132 0x0000
core   0: 0x8000a704 (0x0000100f) fence.i
core   0: 3 0x8000a704 (0x0000100f)
core   0: 0x8000a708 (0x00000001) c.nop
core   0: 3 0x8000a708 (0x0001)
core   0: 0x8000a70a (0xa8e10c03) lb      s8, -1394(sp)
core   0: 3 0x8000a70a (0xa8e10c03) x24 0x00000000 mem 0x80015132
core   0: 0x8000a70e (0xc64104a3) sb      tp, -919(sp)
core   0: 3 0x8000a70e (0xc64104a3) mem 0x8001530d 0xae
core   0: 0x8000a712 (0xc6914503) lbu     a0, -919(sp)
core   0: 3 0x8000a712 (0xc6914503) x10 0x000000ae mem 0x8001530d
core   0: 0x8000a716 (0x01c18cb3) add     s9, gp, t3
core   0: 3 0x8000a716 (0x01c18cb3) x25 0x00000001
core   0: 0x8000a71a (0xc61104a3) sb      ra, -919(sp)
core   0: 3 0x8000a71a (0xc61104a3) mem 0x8001530d 0xc2
core   0: 0x8000a71e (0xff600513) li      a0, -10
core   0: 3 0x8000a71e (0xff600513) x10 0xfffffff6
core   0: 0x8000a722 (0x3226e793) ori     a5, a3, 802
core   0: 3 0x8000a722 (0x3226e793) x15 0x00000322
core   0: 0x8000a726 (0x0031c1b3) xor     gp, gp, gp
core   0: 3 0x8000a726 (0x0031c1b3) x 3 0x00000000
core   0: 0x8000a72a (0x00008bb2) c.mv    s7, a2
core   0: 3 0x8000a72a (0x8bb2) x23 0x00000000
core   0: 0x8000a72c (0x01000313) li      t1, 16
core   0: 3 0x8000a72c (0x01000313) x 6 0x00000010
core   0: 0x8000a730 (0x00008cf1) c.and   s1, a2
core   0: 3 0x8000a730 (0x8cf1) x 9 0x00000000
core   0: 0x8000a732 (0x0399c0b3) div     ra, s3, s9
core   0: 3 0x8000a732 (0x0399c0b3) x 1 0x00000000
core   0: 0x8000a736 (0x9274bb97) auipc   s7, 0x9274b
core   0: 3 0x8000a736 (0x9274bb97) x23 0x12755736
core   0: 0x8000a73a (0xc390f013) andi    zero, ra, -967
core   0: 3 0x8000a73a (0xc390f013)
core   0: 0x8000a73e (0x012012b3) sll     t0, zero, s2
core   0: 3 0x8000a73e (0x012012b3) x 5 0x00000000
core   0: 0x8000a742 (0x03de3133) mulhu   sp, t3, t4
core   0: 3 0x8000a742 (0x03de3133) x 2 0x00000000
core   0: 0x8000a746 (0x00de92b3) sll     t0, t4, a3
core   0: 3 0x8000a746 (0x00de92b3) x 5 0x00000000
core   0: 0x8000a74a (0x00000001) c.nop
core   0: 3 0x8000a74a (0x0001)
core   0: 0x8000a74c (0x00009ec2) c.add   t4, a6
core   0: 3 0x8000a74c (0x9ec2) x29 0xffffffff
core   0: 0x8000a74e (0x00b38093) addi    ra, t2, 11
core   0: 3 0x8000a74e (0x00b38093) x 1 0x80025e67
core   0: 0x8000a752 (0x00000509) c.addi  a0, 2
core   0: 3 0x8000a752 (0x0509) x10 0xfffffff8
core   0: 0x8000a754 (0x00008f5d) c.or    a4, a5
core   0: 3 0x8000a754 (0x8f5d) x14 0xffffffff
core   0: 0x8000a756 (0x02184933) div     s2, a6, ra
core   0: 3 0x8000a756 (0x02184933) x18 0x00000000
core   0: 0x8000a75a (0x0000613d) c.addi16sp sp, 480
core   0: 3 0x8000a75a (0x613d) x 2 0x000001e0
core   0: 0x8000a75c (0xfe6548e3) blt     a0, t1, pc - 16
core   0: 3 0x8000a75c (0xfe6548e3)
core   0: 0x8000a74c (0x00009ec2) c.add   t4, a6
core   0: 3 0x8000a74c (0x9ec2) x29 0xfffffffe
core   0: 0x8000a74e (0x00b38093) addi    ra, t2, 11
core   0: 3 0x8000a74e (0x00b38093) x 1 0x80025e67
core   0: 0x8000a752 (0x00000509) c.addi  a0, 2
core   0: 3 0x8000a752 (0x0509) x10 0xfffffffa
core   0: 0x8000a754 (0x00008f5d) c.or    a4, a5
core   0: 3 0x8000a754 (0x8f5d) x14 0xffffffff
core   0: 0x8000a756 (0x02184933) div     s2, a6, ra
core   0: 3 0x8000a756 (0x02184933) x18 0x00000000
core   0: 0x8000a75a (0x0000613d) c.addi16sp sp, 480
core   0: 3 0x8000a75a (0x613d) x 2 0x000003c0
core   0: 0x8000a75c (0xfe6548e3) blt     a0, t1, pc - 16
core   0: 3 0x8000a75c (0xfe6548e3)
core   0: 0x8000a74c (0x00009ec2) c.add   t4, a6
core   0: 3 0x8000a74c (0x9ec2) x29 0xfffffffd
core   0: 0x8000a74e (0x00b38093) addi    ra, t2, 11
core   0: 3 0x8000a74e (0x00b38093) x 1 0x80025e67
core   0: 0x8000a752 (0x00000509) c.addi  a0, 2
core   0: 3 0x8000a752 (0x0509) x10 0xfffffffc
core   0: 0x8000a754 (0x00008f5d) c.or    a4, a5
core   0: 3 0x8000a754 (0x8f5d) x14 0xffffffff
core   0: 0x8000a756 (0x02184933) div     s2, a6, ra
core   0: 3 0x8000a756 (0x02184933) x18 0x00000000
core   0: 0x8000a75a (0x0000613d) c.addi16sp sp, 480
core   0: 3 0x8000a75a (0x613d) x 2 0x000005a0
core   0: 0x8000a75c (0xfe6548e3) blt     a0, t1, pc - 16
core   0: 3 0x8000a75c (0xfe6548e3)
core   0: 0x8000a74c (0x00009ec2) c.add   t4, a6
core   0: 3 0x8000a74c (0x9ec2) x29 0xfffffffc
core   0: 0x8000a74e (0x00b38093) addi    ra, t2, 11
core   0: 3 0x8000a74e (0x00b38093) x 1 0x80025e67
core   0: 0x8000a752 (0x00000509) c.addi  a0, 2
core   0: 3 0x8000a752 (0x0509) x10 0xfffffffe
core   0: 0x8000a754 (0x00008f5d) c.or    a4, a5
core   0: 3 0x8000a754 (0x8f5d) x14 0xffffffff
core   0: 0x8000a756 (0x02184933) div     s2, a6, ra
core   0: 3 0x8000a756 (0x02184933) x18 0x00000000
core   0: 0x8000a75a (0x0000613d) c.addi16sp sp, 480
core   0: 3 0x8000a75a (0x613d) x 2 0x00000780
core   0: 0x8000a75c (0xfe6548e3) blt     a0, t1, pc - 16
core   0: 3 0x8000a75c (0xfe6548e3)
core   0: 0x8000a74c (0x00009ec2) c.add   t4, a6
core   0: 3 0x8000a74c (0x9ec2) x29 0xfffffffb
core   0: 0x8000a74e (0x00b38093) addi    ra, t2, 11
core   0: 3 0x8000a74e (0x00b38093) x 1 0x80025e67
core   0: 0x8000a752 (0x00000509) c.addi  a0, 2
core   0: 3 0x8000a752 (0x0509) x10 0x00000000
core   0: 0x8000a754 (0x00008f5d) c.or    a4, a5
core   0: 3 0x8000a754 (0x8f5d) x14 0xffffffff
core   0: 0x8000a756 (0x02184933) div     s2, a6, ra
core   0: 3 0x8000a756 (0x02184933) x18 0x00000000
core   0: 0x8000a75a (0x0000613d) c.addi16sp sp, 480
core   0: 3 0x8000a75a (0x613d) x 2 0x00000960
core   0: 0x8000a75c (0xfe6548e3) blt     a0, t1, pc - 16
core   0: 3 0x8000a75c (0xfe6548e3)
core   0: 0x8000a74c (0x00009ec2) c.add   t4, a6
core   0: 3 0x8000a74c (0x9ec2) x29 0xfffffffa
core   0: 0x8000a74e (0x00b38093) addi    ra, t2, 11
core   0: 3 0x8000a74e (0x00b38093) x 1 0x80025e67
core   0: 0x8000a752 (0x00000509) c.addi  a0, 2
core   0: 3 0x8000a752 (0x0509) x10 0x00000002
core   0: 0x8000a754 (0x00008f5d) c.or    a4, a5
core   0: 3 0x8000a754 (0x8f5d) x14 0xffffffff
core   0: 0x8000a756 (0x02184933) div     s2, a6, ra
core   0: 3 0x8000a756 (0x02184933) x18 0x00000000
core   0: 0x8000a75a (0x0000613d) c.addi16sp sp, 480
core   0: 3 0x8000a75a (0x613d) x 2 0x00000b40
core   0: 0x8000a75c (0xfe6548e3) blt     a0, t1, pc - 16
core   0: 3 0x8000a75c (0xfe6548e3)
core   0: 0x8000a74c (0x00009ec2) c.add   t4, a6
core   0: 3 0x8000a74c (0x9ec2) x29 0xfffffff9
core   0: 0x8000a74e (0x00b38093) addi    ra, t2, 11
core   0: 3 0x8000a74e (0x00b38093) x 1 0x80025e67
core   0: 0x8000a752 (0x00000509) c.addi  a0, 2
core   0: 3 0x8000a752 (0x0509) x10 0x00000004
core   0: 0x8000a754 (0x00008f5d) c.or    a4, a5
core   0: 3 0x8000a754 (0x8f5d) x14 0xffffffff
core   0: 0x8000a756 (0x02184933) div     s2, a6, ra
core   0: 3 0x8000a756 (0x02184933) x18 0x00000000
core   0: 0x8000a75a (0x0000613d) c.addi16sp sp, 480
core   0: 3 0x8000a75a (0x613d) x 2 0x00000d20
core   0: 0x8000a75c (0xfe6548e3) blt     a0, t1, pc - 16
core   0: 3 0x8000a75c (0xfe6548e3)
core   0: 0x8000a74c (0x00009ec2) c.add   t4, a6
core   0: 3 0x8000a74c (0x9ec2) x29 0xfffffff8
core   0: 0x8000a74e (0x00b38093) addi    ra, t2, 11
core   0: 3 0x8000a74e (0x00b38093) x 1 0x80025e67
core   0: 0x8000a752 (0x00000509) c.addi  a0, 2
core   0: 3 0x8000a752 (0x0509) x10 0x00000006
core   0: 0x8000a754 (0x00008f5d) c.or    a4, a5
core   0: 3 0x8000a754 (0x8f5d) x14 0xffffffff
core   0: 0x8000a756 (0x02184933) div     s2, a6, ra
core   0: 3 0x8000a756 (0x02184933) x18 0x00000000
core   0: 0x8000a75a (0x0000613d) c.addi16sp sp, 480
core   0: 3 0x8000a75a (0x613d) x 2 0x00000f00
core   0: 0x8000a75c (0xfe6548e3) blt     a0, t1, pc - 16
core   0: 3 0x8000a75c (0xfe6548e3)
core   0: 0x8000a74c (0x00009ec2) c.add   t4, a6
core   0: 3 0x8000a74c (0x9ec2) x29 0xfffffff7
core   0: 0x8000a74e (0x00b38093) addi    ra, t2, 11
core   0: 3 0x8000a74e (0x00b38093) x 1 0x80025e67
core   0: 0x8000a752 (0x00000509) c.addi  a0, 2
core   0: 3 0x8000a752 (0x0509) x10 0x00000008
core   0: 0x8000a754 (0x00008f5d) c.or    a4, a5
core   0: 3 0x8000a754 (0x8f5d) x14 0xffffffff
core   0: 0x8000a756 (0x02184933) div     s2, a6, ra
core   0: 3 0x8000a756 (0x02184933) x18 0x00000000
core   0: 0x8000a75a (0x0000613d) c.addi16sp sp, 480
core   0: 3 0x8000a75a (0x613d) x 2 0x000010e0
core   0: 0x8000a75c (0xfe6548e3) blt     a0, t1, pc - 16
core   0: 3 0x8000a75c (0xfe6548e3)
core   0: 0x8000a74c (0x00009ec2) c.add   t4, a6
core   0: 3 0x8000a74c (0x9ec2) x29 0xfffffff6
core   0: 0x8000a74e (0x00b38093) addi    ra, t2, 11
core   0: 3 0x8000a74e (0x00b38093) x 1 0x80025e67
core   0: 0x8000a752 (0x00000509) c.addi  a0, 2
core   0: 3 0x8000a752 (0x0509) x10 0x0000000a
core   0: 0x8000a754 (0x00008f5d) c.or    a4, a5
core   0: 3 0x8000a754 (0x8f5d) x14 0xffffffff
core   0: 0x8000a756 (0x02184933) div     s2, a6, ra
core   0: 3 0x8000a756 (0x02184933) x18 0x00000000
core   0: 0x8000a75a (0x0000613d) c.addi16sp sp, 480
core   0: 3 0x8000a75a (0x613d) x 2 0x000012c0
core   0: 0x8000a75c (0xfe6548e3) blt     a0, t1, pc - 16
core   0: 3 0x8000a75c (0xfe6548e3)
core   0: 0x8000a74c (0x00009ec2) c.add   t4, a6
core   0: 3 0x8000a74c (0x9ec2) x29 0xfffffff5
core   0: 0x8000a74e (0x00b38093) addi    ra, t2, 11
core   0: 3 0x8000a74e (0x00b38093) x 1 0x80025e67
core   0: 0x8000a752 (0x00000509) c.addi  a0, 2
core   0: 3 0x8000a752 (0x0509) x10 0x0000000c
core   0: 0x8000a754 (0x00008f5d) c.or    a4, a5
core   0: 3 0x8000a754 (0x8f5d) x14 0xffffffff
core   0: 0x8000a756 (0x02184933) div     s2, a6, ra
core   0: 3 0x8000a756 (0x02184933) x18 0x00000000
core   0: 0x8000a75a (0x0000613d) c.addi16sp sp, 480
core   0: 3 0x8000a75a (0x613d) x 2 0x000014a0
core   0: 0x8000a75c (0xfe6548e3) blt     a0, t1, pc - 16
core   0: 3 0x8000a75c (0xfe6548e3)
core   0: 0x8000a74c (0x00009ec2) c.add   t4, a6
core   0: 3 0x8000a74c (0x9ec2) x29 0xfffffff4
core   0: 0x8000a74e (0x00b38093) addi    ra, t2, 11
core   0: 3 0x8000a74e (0x00b38093) x 1 0x80025e67
core   0: 0x8000a752 (0x00000509) c.addi  a0, 2
core   0: 3 0x8000a752 (0x0509) x10 0x0000000e
core   0: 0x8000a754 (0x00008f5d) c.or    a4, a5
core   0: 3 0x8000a754 (0x8f5d) x14 0xffffffff
core   0: 0x8000a756 (0x02184933) div     s2, a6, ra
core   0: 3 0x8000a756 (0x02184933) x18 0x00000000
core   0: 0x8000a75a (0x0000613d) c.addi16sp sp, 480
core   0: 3 0x8000a75a (0x613d) x 2 0x00001680
core   0: 0x8000a75c (0xfe6548e3) blt     a0, t1, pc - 16
core   0: 3 0x8000a75c (0xfe6548e3)
core   0: 0x8000a74c (0x00009ec2) c.add   t4, a6
core   0: 3 0x8000a74c (0x9ec2) x29 0xfffffff3
core   0: 0x8000a74e (0x00b38093) addi    ra, t2, 11
core   0: 3 0x8000a74e (0x00b38093) x 1 0x80025e67
core   0: 0x8000a752 (0x00000509) c.addi  a0, 2
core   0: 3 0x8000a752 (0x0509) x10 0x00000010
core   0: 0x8000a754 (0x00008f5d) c.or    a4, a5
core   0: 3 0x8000a754 (0x8f5d) x14 0xffffffff
core   0: 0x8000a756 (0x02184933) div     s2, a6, ra
core   0: 3 0x8000a756 (0x02184933) x18 0x00000000
core   0: 0x8000a75a (0x0000613d) c.addi16sp sp, 480
core   0: 3 0x8000a75a (0x613d) x 2 0x00001860
core   0: 0x8000a75c (0xfe6548e3) blt     a0, t1, pc - 16
core   0: 3 0x8000a75c (0xfe6548e3)
core   0: 0x8000a760 (0x004e2f33) slt     t5, t3, tp
core   0: 3 0x8000a760 (0x004e2f33) x30 0x00000000
core   0: 0x8000a764 (0x00006c97) auipc   s9, 0x6
core   0: 3 0x8000a764 (0x00006c97) x25 0x80010764
core   0: 0x8000a768 (0x517c8c93) addi    s9, s9, 1303
core   0: 3 0x8000a768 (0x517c8c93) x25 0x80010c7b
core   0: 0x8000a76c (0x00006697) auipc   a3, 0x6
core   0: 3 0x8000a76c (0x00006697) x13 0x8001076c
core   0: 0x8000a770 (0xaf168693) addi    a3, a3, -1295
core   0: 3 0x8000a770 (0xaf168693) x13 0x8001025d
core   0: 0x8000a774 (0x00006297) auipc   t0, 0x6
core   0: 3 0x8000a774 (0x00006297) x 5 0x80010774
core   0: 0x8000a778 (0xc9528293) addi    t0, t0, -875
core   0: 3 0x8000a778 (0xc9528293) x 5 0x80010409
core   0: 0x8000a77c (0x00006897) auipc   a7, 0x6
core   0: 3 0x8000a77c (0x00006897) x17 0x8001077c
core   0: 0x8000a780 (0x8fa88893) addi    a7, a7, -1798
core   0: 3 0x8000a780 (0x8fa88893) x17 0x80010076
core   0: 0x8000a784 (0x00006817) auipc   a6, 0x6
core   0: 3 0x8000a784 (0x00006817) x16 0x80010784
core   0: 0x8000a788 (0x0f180813) addi    a6, a6, 241
core   0: 3 0x8000a788 (0x0f180813) x16 0x80010875
core   0: 0x8000a78c (0x00f28103) lb      sp, 15(t0)
core   0: 3 0x8000a78c (0x00f28103) x 2 0x00000000 mem 0x80010418
core   0: 0x8000a790 (0x040cc483) lbu     s1, 64(s9)
core   0: 3 0x8000a790 (0x040cc483) x 9 0x00000000 mem 0x80010cbb
core   0: 0x8000a794 (0x01528623) sb      s5, 12(t0)
core   0: 3 0x8000a794 (0x01528623) mem 0x80010415 0xe4
core   0: 0x8000a798 (0x0ef819a3) sh      a5, 243(a6)
core   0: 3 0x8000a798 (0x0ef819a3) mem 0x80010968 0x0322
core   0: 0x8000a79c (0xf9acaaa3) sw      s10, -107(s9)
core   0: 3 0x8000a79c (0xf9acaaa3) mem 0x80010c10 0x00000000
core   0: 0x8000a7a0 (0xff828f23) sb      s8, -2(t0)
core   0: 3 0x8000a7a0 (0xff828f23) mem 0x80010407 0x0
core   0: 0x8000a7a4 (0xf6f6db83) lhu     s7, -145(a3)
core   0: 3 0x8000a7a4 (0xf6f6db83) x23 0x00000000 mem 0x800101cc
core   0: 0x8000a7a8 (0x0398c903) lbu     s2, 57(a7)
core   0: 3 0x8000a7a8 (0x0398c903) x18 0x00000000 mem 0x800100af
core   0: 0x8000a7ac (0x07c84903) lbu     s2, 124(a6)
core   0: 3 0x8000a7ac (0x07c84903) x18 0x00000000 mem 0x800108f1
core   0: 0x8000a7b0 (0x02268083) lb      ra, 34(a3)
core   0: 3 0x8000a7b0 (0x02268083) x 1 0x00000000 mem 0x8001027f
core   0: 0x8000a7b4 (0x0328d903) lhu     s2, 50(a7)
core   0: 3 0x8000a7b4 (0x0328d903) x18 0x00000000 mem 0x800100a8
core   0: 0x8000a7b8 (0xff32ab83) lw      s7, -13(t0)
core   0: 3 0x8000a7b8 (0xff32ab83) x23 0x00000000 mem 0x800103fc
core   0: 0x8000a7bc (0x03988203) lb      tp, 57(a7)
core   0: 3 0x8000a7bc (0x03988203) x 4 0x00000000 mem 0x800100af
core   0: 0x8000a7c0 (0x00e8d103) lhu     sp, 14(a7)
core   0: 3 0x8000a7c0 (0x00e8d103) x 2 0x00000075 mem 0x80010084
core   0: 0x8000a7c4 (0x0da68d23) sb      s10, 218(a3)
core   0: 3 0x8000a7c4 (0x0da68d23) mem 0x80010337 0x0
core   0: 0x8000a7c8 (0xb8fcd183) lhu     gp, -1137(s9)
core   0: 3 0x8000a7c8 (0xb8fcd183) x 3 0x00000000 mem 0x8001080a
core   0: 0x8000a7cc (0x03c88523) sb      t3, 42(a7)
core   0: 3 0x8000a7cc (0x03c88523) mem 0x800100a0 0x0
core   0: 0x8000a7d0 (0x118c8e03) lb      t3, 280(s9)
core   0: 3 0x8000a7d0 (0x118c8e03) x28 0x00000000 mem 0x80010d93
core   0: 0x8000a7d4 (0x02d805a3) sb      a3, 43(a6)
core   0: 3 0x8000a7d4 (0x02d805a3) mem 0x800108a0 0x5d
core   0: 0x8000a7d8 (0x00c28983) lb      s3, 12(t0)
core   0: 3 0x8000a7d8 (0x00c28983) x19 0xffffffe4 mem 0x80010415
core   0: 0x8000a7dc (0xff129303) lh      t1, -15(t0)
core   0: 3 0x8000a7dc (0xff129303) x 6 0x00000000 mem 0x800103fa
core   0: 0x8000a7e0 (0x00d80ba3) sb      a3, 23(a6)
core   0: 3 0x8000a7e0 (0x00d80ba3) mem 0x8001088c 0x5d
core   0: 0x8000a7e4 (0x0166cb03) lbu     s6, 22(a3)
core   0: 3 0x8000a7e4 (0x0166cb03) x22 0x000000c0 mem 0x80010273
core   0: 0x8000a7e8 (0x00a28d03) lb      s10, 10(t0)
core   0: 3 0x8000a7e8 (0x00a28d03) x26 0x00000000 mem 0x80010413
core   0: 0x8000a7ec (0xc4ac8503) lb      a0, -950(s9)
core   0: 3 0x8000a7ec (0xc4ac8503) x10 0x00000000 mem 0x800108c5
core   0: 0x8000a7f0 (0x0d068b23) sb      a6, 214(a3)
core   0: 3 0x8000a7f0 (0x0d068b23) mem 0x80010333 0x75
core   0: 0x8000a7f4 (0x03880323) sb      s8, 38(a6)
core   0: 3 0x8000a7f4 (0x03880323) mem 0x8001089b 0x0
core   0: 0x8000a7f8 (0xd92c8203) lb      tp, -622(s9)
core   0: 3 0x8000a7f8 (0xd92c8203) x 4 0x00000000 mem 0x80010a0d
core   0: 0x8000a7fc (0xfa6c8f83) lb      t6, -90(s9)
core   0: 3 0x8000a7fc (0xfa6c8f83) x31 0x00000000 mem 0x80010c21
core   0: 0x8000a800 (0xff128783) lb      a5, -15(t0)
core   0: 3 0x8000a800 (0xff128783) x15 0x00000000 mem 0x800103fa
core   0: 0x8000a804 (0xc2acce03) lbu     t3, -982(s9)
core   0: 3 0x8000a804 (0xc2acce03) x28 0x00000000 mem 0x800108a5
core   0: 0x8000a808 (0x09768523) sb      s7, 138(a3)
core   0: 3 0x8000a808 (0x09768523) mem 0x800102e7 0x0
core   0: 0x8000a80c (0xf6180e23) sb      ra, -132(a6)
core   0: 3 0x8000a80c (0xf6180e23) mem 0x800107f1 0x0
core   0: 0x8000a810 (0x00c2c003) lbu     zero, 12(t0)
core   0: 3 0x8000a810 (0x00c2c003) mem 0x80010415
core   0: 0x8000a814 (0xacfc8223) sb      a5, -1340(s9)
core   0: 3 0x8000a814 (0xacfc8223) mem 0x8001073f 0x0
core   0: 0x8000a818 (0x00b89a23) sh      a1, 20(a7)
core   0: 3 0x8000a818 (0x00b89a23) mem 0x8001008a 0x3103
core   0: 0x8000a81c (0xfe588f03) lb      t5, -27(a7)
core   0: 3 0x8000a81c (0xfe588f03) x30 0x00000000 mem 0x8001005b
core   0: 0x8000a820 (0xb4bc8523) sb      a1, -1206(s9)
core   0: 3 0x8000a820 (0xb4bc8523) mem 0x800107c5 0x3
core   0: 0x8000a824 (0x017887a3) sb      s7, 15(a7)
core   0: 3 0x8000a824 (0x017887a3) mem 0x80010085 0x0
core   0: 0x8000a828 (0x00008a17) auipc   s4, 0x8
core   0: 3 0x8000a828 (0x00008a17) x20 0x80012828
core   0: 0x8000a82c (0x002a0a13) addi    s4, s4, 2
core   0: 3 0x8000a82c (0x002a0a13) x20 0x8001282a
core   0: 0x8000a830 (0x00014197) auipc   gp, 0x14
core   0: 3 0x8000a830 (0x00014197) x 3 0x8001e830
core   0: 0x8000a834 (0xab818193) addi    gp, gp, -1352
core   0: 3 0x8000a834 (0xab818193) x 3 0x8001e2e8
core   0: 0x8000a838 (0xffca5303) lhu     t1, -4(s4)
core   0: 3 0x8000a838 (0xffca5303) x 6 0x00000000 mem 0x80012826
core   0: 0x8000a83c (0x0c918683) lb      a3, 201(gp)
core   0: 3 0x8000a83c (0x0c918683) x13 0x00000000 mem 0x8001e3b1
core   0: 0x8000a840 (0x00010897) auipc   a7, 0x10
core   0: 3 0x8000a840 (0x00010897) x17 0x8001a840
core   0: 0x8000a844 (0x55588893) addi    a7, a7, 1365
core   0: 3 0x8000a844 (0x55588893) x17 0x8001ad95
core   0: 0x8000a848 (0x33d89103) lh      sp, 829(a7)
core   0: 3 0x8000a848 (0x33d89103) x 2 0x00000000 mem 0x8001b0d2
core   0: 0x8000a84c (0xff3a0f83) lb      t6, -13(s4)
core   0: 3 0x8000a84c (0xff3a0f83) x31 0x00000000 mem 0x8001281d
core   0: 0x8000a850 (0xfc618d03) lb      s10, -58(gp)
core   0: 3 0x8000a850 (0xfc618d03) x26 0x00000000 mem 0x8001e2ae
core   0: 0x8000a854 (0x1f18db03) lhu     s6, 497(a7)
core   0: 3 0x8000a854 (0x1f18db03) x22 0x00000000 mem 0x8001af86
core   0: 0x8000a858 (0xf8e1c403) lbu     s0, -114(gp)
core   0: 3 0x8000a858 (0xf8e1c403) x 8 0x00000000 mem 0x8001e276
core   0: 0x8000a85c (0xf8c18783) lb      a5, -116(gp)
core   0: 3 0x8000a85c (0xf8c18783) x15 0x00000000 mem 0x8001e274
core   0: 0x8000a860 (0xd9988283) lb      t0, -615(a7)
core   0: 3 0x8000a860 (0xd9988283) x 5 0x00000000 mem 0x8001ab2e
core   0: 0x8000a864 (0x05718da3) sb      s7, 91(gp)
core   0: 3 0x8000a864 (0x05718da3) mem 0x8001e343 0x0
core   0: 0x8000a868 (0x0ba8c203) lbu     tp, 186(a7)
core   0: 3 0x8000a868 (0x0ba8c203) x 4 0x00000000 mem 0x8001ae4f
core   0: 0x8000a86c (0xfe4a1a23) sh      tp, -12(s4)
core   0: 3 0x8000a86c (0xfe4a1a23) mem 0x8001281e 0x0000
core   0: 0x8000a870 (0xc7989ea3) sh      s9, -899(a7)
core   0: 3 0x8000a870 (0xc7989ea3) mem 0x8001aa12 0x0c7b
core   0: 0x8000a874 (0x04e1a423) sw      a4, 72(gp)
core   0: 3 0x8000a874 (0x04e1a423) mem 0x8001e330 0xffffffff
core   0: 0x8000a878 (0xfeea0f23) sb      a4, -2(s4)
core   0: 3 0x8000a878 (0xfeea0f23) mem 0x80012828 0xff
core   0: 0x8000a87c (0xfab1cd03) lbu     s10, -85(gp)
core   0: 3 0x8000a87c (0xfab1cd03) x26 0x00000000 mem 0x8001e293
core   0: 0x8000a880 (0x84d8c983) lbu     s3, -1971(a7)
core   0: 3 0x8000a880 (0x84d8c983) x19 0x00000000 mem 0x8001a5e2
core   0: 0x8000a884 (0x012a0723) sb      s2, 14(s4)
core   0: 3 0x8000a884 (0x012a0723) mem 0x80012838 0x0
core   0: 0x8000a888 (0xf6418fa3) sb      tp, -129(gp)
core   0: 3 0x8000a888 (0xf6418fa3) mem 0x8001e267 0x0
core   0: 0x8000a88c (0x00015497) auipc   s1, 0x15
core   0: 3 0x8000a88c (0x00015497) x 9 0x8001f88c
core   0: 0x8000a890 (0x77e48493) addi    s1, s1, 1918
core   0: 3 0x8000a890 (0x77e48493) x 9 0x8002000a
core   0: 0x8000a894 (0x00009a3e) c.add   s4, a5
core   0: 3 0x8000a894 (0x9a3e) x20 0x8001282a
core   0: 0x8000a896 (0xfe848da3) sb      s0, -5(s1)
core   0: 3 0x8000a896 (0xfe848da3) mem 0x80020005 0x0
core   0: 0x8000a89a (0xffc4dd83) lhu     s11, -4(s1)
core   0: 3 0x8000a89a (0xffc4dd83) x27 0x00000000 mem 0x80020006
core   0: 0x8000a89e (0xff548303) lb      t1, -11(s1)
core   0: 3 0x8000a89e (0xff548303) x 6 0x00000000 mem 0x8001ffff
core   0: 0x8000a8a2 (0x010a1d93) slli    s11, s4, 16
core   0: 3 0x8000a8a2 (0x010a1d93) x27 0x282a0000
core   0: 0x8000a8a6 (0xb4d7f313) andi    t1, a5, -1203
core   0: 3 0x8000a8a6 (0xb4d7f313) x 6 0x00000000
core   0: 0x8000a8aa (0xff84c783) lbu     a5, -8(s1)
core   0: 3 0x8000a8aa (0xff84c783) x15 0x00000000 mem 0x80020002
core   0: 0x8000a8ae (0x0217ddb3) divu    s11, a5, ra
core   0: 3 0x8000a8ae (0x0217ddb3) x27 0xffffffff
core   0: 0x8000a8b2 (0x00848a03) lb      s4, 8(s1)
core   0: 3 0x8000a8b2 (0x00848a03) x20 0x00000000 mem 0x80020012
core   0: 0x8000a8b6 (0x0094c403) lbu     s0, 9(s1)
core   0: 3 0x8000a8b6 (0x0094c403) x 8 0x00000000 mem 0x80020013
core   0: 0x8000a8ba (0xff448a23) sb      s4, -12(s1)
core   0: 3 0x8000a8ba (0xff448a23) mem 0x8001fffe 0x0
core   0: 0x8000a8be (0xffb48a03) lb      s4, -5(s1)
core   0: 3 0x8000a8be (0xffb48a03) x20 0x00000000 mem 0x80020005
core   0: 0x8000a8c2 (0x000010fd) c.addi  ra, -1
core   0: 3 0x8000a8c2 (0x10fd) x 1 0xffffffff
core   0: 0x8000a8c4 (0x00008c01) c.sub   s0, s0
core   0: 3 0x8000a8c4 (0x8c01) x 8 0x00000000
core   0: 0x8000a8c6 (0x00648303) lb      t1, 6(s1)
core   0: 3 0x8000a8c6 (0x00648303) x 6 0x00000000 mem 0x80020010
core   0: 0x8000a8ca (0x08cb60b7) lui     ra, 0x8cb6
core   0: 3 0x8000a8ca (0x08cb60b7) x 1 0x08cb6000
core   0: 0x8000a8ce (0xff14c083) lbu     ra, -15(s1)
core   0: 3 0x8000a8ce (0xff14c083) x 1 0x00000000 mem 0x8001fffb
core   0: 0x8000a8d2 (0x0064a123) sw      t1, 2(s1)
core   0: 3 0x8000a8d2 (0x0064a123) mem 0x8002000c 0x00000000
core   0: 0x8000a8d6 (0xff348783) lb      a5, -13(s1)
core   0: 3 0x8000a8d6 (0xff348783) x15 0x00000000 mem 0x8001fffd
core   0: 0x8000a8da (0x00008c01) c.sub   s0, s0
core   0: 3 0x8000a8da (0x8c01) x 8 0x00000000
core   0: 0x8000a8dc (0x02f40333) mul     t1, s0, a5
core   0: 3 0x8000a8dc (0x02f40333) x 6 0x00000000
core   0: 0x8000a8e0 (0xfff4cd83) lbu     s11, -1(s1)
core   0: 3 0x8000a8e0 (0xfff4cd83) x27 0x00000000 mem 0x80020009
core   0: 0x8000a8e4 (0xfff48083) lb      ra, -1(s1)
core   0: 3 0x8000a8e4 (0xfff48083) x 1 0x00000000 mem 0x80020009
core   0: 0x8000a8e8 (0xb9b2ad97) auipc   s11, 0xb9b2a
core   0: 3 0x8000a8e8 (0xb9b2ad97) x27 0x39b348e8
core   0: 0x8000a8ec (0xff548403) lb      s0, -11(s1)
core   0: 3 0x8000a8ec (0xff548403) x 8 0x00000000 mem 0x8001ffff
core   0: 0x8000a8f0 (0x00006b97) auipc   s7, 0x6
core   0: 3 0x8000a8f0 (0x00006b97) x23 0x800108f0
core   0: 0x8000a8f4 (0x391b8b93) addi    s7, s7, 913
core   0: 3 0x8000a8f4 (0x391b8b93) x23 0x80010c81
core   0: 0x8000a8f8 (0x00015d17) auipc   s10, 0x15
core   0: 3 0x8000a8f8 (0x00015d17) x26 0x8001f8f8
core   0: 0x8000a8fc (0xe18d0d13) addi    s10, s10, -488
core   0: 3 0x8000a8fc (0xe18d0d13) x26 0x8001f710
core   0: 0x8000a900 (0x03cb8b23) sb      t3, 54(s7)
core   0: 3 0x8000a900 (0x03cb8b23) mem 0x80010cb7 0x0
core   0: 0x8000a904 (0x01cb84a3) sb      t3, 9(s7)
core   0: 3 0x8000a904 (0x01cb84a3) mem 0x80010c8a 0x0
core   0: 0x8000a908 (0x822d0203) lb      tp, -2014(s10)
core   0: 3 0x8000a908 (0x822d0203) x 4 0x00000000 mem 0x8001ef32
core   0: 0x8000a90c (0xac3d05a3) sb      gp, -1333(s10)
core   0: 3 0x8000a90c (0xac3d05a3) mem 0x8001f1db 0xe8
core   0: 0x8000a910 (0x01cb8623) sb      t3, 12(s7)
core   0: 3 0x8000a910 (0x01cb8623) mem 0x80010c8d 0x0
core   0: 0x8000a914 (0x58cd5783) lhu     a5, 1420(s10)
core   0: 3 0x8000a914 (0x58cd5783) x15 0x00000000 mem 0x8001fc9c
core   0: 0x8000a918 (0xaedd4b03) lbu     s6, -1299(s10)
core   0: 3 0x8000a918 (0xaedd4b03) x22 0x00000000 mem 0x8001f1fd
core   0: 0x8000a91c (0xfdabc403) lbu     s0, -38(s7)
core   0: 3 0x8000a91c (0xfdabc403) x 8 0x00000000 mem 0x80010c5b
core   0: 0x8000a920 (0xd43d0423) sb      gp, -696(s10)
core   0: 3 0x8000a920 (0xd43d0423) mem 0x8001f458 0xe8
core   0: 0x8000a924 (0x03dbde03) lhu     t3, 61(s7)
core   0: 3 0x8000a924 (0x03dbde03) x28 0x00000000 mem 0x80010cbe
core   0: 0x8000a928 (0x346d1f83) lh      t6, 838(s10)
core   0: 3 0x8000a928 (0x346d1f83) x31 0x00000000 mem 0x8001fa56
core   0: 0x8000a92c (0x008b8903) lb      s2, 8(s7)
core   0: 3 0x8000a92c (0x008b8903) x18 0x00000000 mem 0x80010c89
core   0: 0x8000a930 (0xe54d4c03) lbu     s8, -428(s10)
core   0: 3 0x8000a930 (0xe54d4c03) x24 0x00000000 mem 0x8001f564
core   0: 0x8000a934 (0xfeabc103) lbu     sp, -22(s7)
core   0: 3 0x8000a934 (0xfeabc103) x 2 0x00000000 mem 0x80010c6b
core   0: 0x8000a938 (0xa52d0ca3) sb      s2, -1447(s10)
core   0: 3 0x8000a938 (0xa52d0ca3) mem 0x8001f169 0x0
core   0: 0x8000a93c (0xe34d5283) lhu     t0, -460(s10)
core   0: 3 0x8000a93c (0xe34d5283) x 5 0x00000000 mem 0x8001f544
core   0: 0x8000a940 (0xfefb8603) lb      a2, -17(s7)
core   0: 3 0x8000a940 (0xfefb8603) x12 0x00000000 mem 0x80010c70
core   0: 0x8000a944 (0x00006117) auipc   sp, 0x6
core   0: 3 0x8000a944 (0x00006117) x 2 0x80010944
core   0: 0x8000a948 (0x6d510113) addi    sp, sp, 1749
core   0: 3 0x8000a948 (0x6d510113) x 2 0x80011019
core   0: 0x8000a94c (0xf0010283) lb      t0, -256(sp)
core   0: 3 0x8000a94c (0xf0010283) x 5 0x00000000 mem 0x80010f19
core   0: 0x8000a950 (0xf0014203) lbu     tp, -256(sp)
core   0: 3 0x8000a950 (0xf0014203) x 4 0x00000000 mem 0x80010f19
core   0: 0x8000a954 (0xf1b10023) sb      s11, -256(sp)
core   0: 3 0x8000a954 (0xf1b10023) mem 0x80010f19 0xe8
core   0: 0x8000a958 (0x00004375) c.li    t1, 29
core   0: 3 0x8000a958 (0x4375) x 6 0x0000001d
core   0: 0x8000a95a (0xf3810283) lb      t0, -200(sp)
core   0: 3 0x8000a95a (0xf3810283) x 5 0x00000000 mem 0x80010f51
core   0: 0x8000a95e (0xf5210183) lb      gp, -174(sp)
core   0: 3 0x8000a95e (0xf5210183) x 3 0x00000000 mem 0x80010f6b
core   0: 0x8000a962 (0xf5710923) sb      s7, -174(sp)
core   0: 3 0x8000a962 (0xf5710923) mem 0x80010f6b 0x81
core   0: 0x8000a966 (0x00814683) lbu     a3, 8(sp)
core   0: 3 0x8000a966 (0x00814683) x13 0x000000ae mem 0x80011021
core   0: 0x8000a96a (0xf7410703) lb      a4, -140(sp)
core   0: 3 0x8000a96a (0xf7410703) x14 0x00000000 mem 0x80010f8d
core   0: 0x8000a96e (0x0323b0b3) mulhu   ra, t2, s2
core   0: 3 0x8000a96e (0x0323b0b3) x 1 0x00000000
core   0: 0x8000a972 (0x003fd193) srli    gp, t6, 3
core   0: 3 0x8000a972 (0x003fd193) x 3 0x00000000
core   0: 0x8000a976 (0x00e10e83) lb      t4, 14(sp)
core   0: 3 0x8000a976 (0x00e10e83) x29 0x00000000 mem 0x80011027
core   0: 0x8000a97a (0x00e10723) sb      a4, 14(sp)
core   0: 3 0x8000a97a (0x00e10723) mem 0x80011027 0x0
core   0: 0x8000a97e (0x00e14883) lbu     a7, 14(sp)
core   0: 3 0x8000a97e (0x00e14883) x17 0x00000000 mem 0x80011027
core   0: 0x8000a982 (0xfbc10e03) lb      t3, -68(sp)
core   0: 3 0x8000a982 (0xfbc10e03) x28 0x00000000 mem 0x80010fd5
core   0: 0x8000a986 (0xfbc14683) lbu     a3, -68(sp)
core   0: 3 0x8000a986 (0xfbc14683) x13 0x00000000 mem 0x80010fd5
core   0: 0x8000a98a (0xfac10e23) sb      a2, -68(sp)
core   0: 3 0x8000a98a (0xfac10e23) mem 0x80010fd5 0x0
core   0: 0x8000a98e (0x0322c533) div     a0, t0, s2
core   0: 3 0x8000a98e (0x0322c533) x10 0xffffffff
core   0: 0x8000a992 (0xfbc10503) lb      a0, -68(sp)
core   0: 3 0x8000a992 (0xfbc10503) x10 0x00000000 mem 0x80010fd5
core   0: 0x8000a996 (0x00006697) auipc   a3, 0x6
core   0: 3 0x8000a996 (0x00006697) x13 0x80010996
core   0: 0x8000a99a (0xcfd68693) addi    a3, a3, -771
core   0: 3 0x8000a99a (0xcfd68693) x13 0x80010693
core   0: 0x8000a99e (0x01168623) sb      a7, 12(a3)
core   0: 3 0x8000a99e (0x01168623) mem 0x8001069f 0x0
core   0: 0x8000a9a2 (0x00c68203) lb      tp, 12(a3)
core   0: 3 0x8000a9a2 (0x00c68203) x 4 0x00000000 mem 0x8001069f
core   0: 0x8000a9a6 (0x01368623) sb      s3, 12(a3)
core   0: 3 0x8000a9a6 (0x01368623) mem 0x8001069f 0x0
core   0: 0x8000a9aa (0x00d68623) sb      a3, 12(a3)
core   0: 3 0x8000a9aa (0x00d68623) mem 0x8001069f 0x93
core   0: 0x8000a9ae (0x00668623) sb      t1, 12(a3)
core   0: 3 0x8000a9ae (0x00668623) mem 0x8001069f 0x1d
core   0: 0x8000a9b2 (0x41065013) srai    zero, a2, 16
core   0: 3 0x8000a9b2 (0x41065013)
core   0: 0x8000a9b6 (0x0416dd83) lhu     s11, 65(a3)
core   0: 3 0x8000a9b6 (0x0416dd83) x27 0x00000000 mem 0x800106d4
core   0: 0x8000a9ba (0x07268923) sb      s2, 114(a3)
core   0: 3 0x8000a9ba (0x07268923) mem 0x80010705 0x0
core   0: 0x8000a9be (0x000004e1) c.addi  s1, 24
core   0: 3 0x8000a9be (0x04e1) x 9 0x80020022
core   0: 0x8000a9c0 (0x0726c203) lbu     tp, 114(a3)
core   0: 3 0x8000a9c0 (0x0726c203) x 4 0x00000000 mem 0x80010705
core   0: 0x8000a9c4 (0x07268803) lb      a6, 114(a3)
core   0: 3 0x8000a9c4 (0x07268803) x16 0x00000000 mem 0x80010705
core   0: 0x8000a9c8 (0x01768923) sb      s7, 18(a3)
core   0: 3 0x8000a9c8 (0x01768923) mem 0x800106a5 0x81
core   0: 0x8000a9cc (0x09868623) sb      s8, 140(a3)
core   0: 3 0x8000a9cc (0x09868623) mem 0x8001071f 0x0
core   0: 0x8000a9d0 (0xf9969183) lh      gp, -103(a3)
core   0: 3 0x8000a9d0 (0xf9969183) x 3 0x00000000 mem 0x8001062c
core   0: 0x8000a9d4 (0xf996ac83) lw      s9, -103(a3)
core   0: 3 0x8000a9d4 (0xf996ac83) x25 0x00000000 mem 0x8001062c
core   0: 0x8000a9d8 (0x03dc3c33) mulhu   s8, s8, t4
core   0: 3 0x8000a9d8 (0x03dc3c33) x24 0x00000000
core   0: 0x8000a9dc (0x0096cc03) lbu     s8, 9(a3)
core   0: 3 0x8000a9dc (0x0096cc03) x24 0x00000000 mem 0x8001069c
core   0: 0x8000a9e0 (0xfd96a883) lw      a7, -39(a3)
core   0: 3 0x8000a9e0 (0xfd96a883) x17 0x00000000 mem 0x8001066c
core   0: 0x8000a9e4 (0x1ad60b93) addi    s7, a2, 429
core   0: 3 0x8000a9e4 (0x1ad60b93) x23 0x000001ad
core   0: 0x8000a9e8 (0xfc66aca3) sw      t1, -39(a3)
core   0: 3 0x8000a9e8 (0xfc66aca3) mem 0x8001066c 0x0000001d
core   0: 0x8000a9ec (0x00008fed) c.and   a5, a1
core   0: 3 0x8000a9ec (0x8fed) x15 0x00000000
core   0: 0x8000a9ee (0x0227e433) rem     s0, a5, sp
core   0: 3 0x8000a9ee (0x0227e433) x 8 0x00000000
core   0: 0x8000a9f2 (0x0019c317) auipc   t1, 0x19c
core   0: 3 0x8000a9f2 (0x0019c317) x 6 0x801a69f2
core   0: 0x8000a9f6 (0xf796aa03) lw      s4, -135(a3)
core   0: 3 0x8000a9f6 (0xf796aa03) x20 0x00000000 mem 0x8001060c
core   0: 0x8000a9fa (0x00011517) auipc   a0, 0x11
core   0: 3 0x8000a9fa (0x00011517) x10 0x8001b9fa
core   0: 0x8000a9fe (0x84550513) addi    a0, a0, -1979
core   0: 3 0x8000a9fe (0x84550513) x10 0x8001b23f
core   0: 0x8000aa02 (0x36454e83) lbu     t4, 868(a0)
core   0: 3 0x8000aa02 (0x36454e83) x29 0x00000000 mem 0x8001b5a3
core   0: 0x8000aa06 (0xaff51ea3) sh      t6, -1283(a0)
core   0: 3 0x8000aa06 (0xaff51ea3) mem 0x8001ad3c 0x0000
core   0: 0x8000aa0a (0x00006797) auipc   a5, 0x6
core   0: 3 0x8000aa0a (0x00006797) x15 0x80010a0a
core   0: 0x8000aa0e (0xa7278793) addi    a5, a5, -1422
core   0: 3 0x8000aa0e (0xa7278793) x15 0x8001047c
core   0: 0x8000aa12 (0xfe279303) lh      t1, -30(a5)
core   0: 3 0x8000aa12 (0xfe279303) x 6 0x00000000 mem 0x8001045e
core   0: 0x8000aa16 (0x03178003) lb      zero, 49(a5)
core   0: 3 0x8000aa16 (0x03178003) mem 0x800104ad
core   0: 0x8000aa1a (0x15350003) lb      zero, 339(a0)
core   0: 3 0x8000aa1a (0x15350003) mem 0x8001b392
core   0: 0x8000aa1e (0xff178e83) lb      t4, -15(a5)
core   0: 3 0x8000aa1e (0xff178e83) x29 0x00000000 mem 0x8001046d
core   0: 0x8000aa22 (0xb3652ca3) sw      s6, -1223(a0)
core   0: 3 0x8000aa22 (0xb3652ca3) mem 0x8001ad78 0x00000000
core   0: 0x8000aa26 (0xfda79923) sh      s10, -46(a5)
core   0: 3 0x8000aa26 (0xfda79923) mem 0x8001044e 0xf710
core   0: 0x8000aa2a (0x022784a3) sb      sp, 41(a5)
core   0: 3 0x8000aa2a (0x022784a3) mem 0x800104a5 0x19
core   0: 0x8000aa2e (0x17951b83) lh      s7, 377(a0)
core   0: 3 0x8000aa2e (0x17951b83) x23 0x00000000 mem 0x8001b3b8
core   0: 0x8000aa32 (0xfec79e83) lh      t4, -20(a5)
core   0: 3 0x8000aa32 (0xfec79e83) x29 0x00000000 mem 0x80010468
core   0: 0x8000aa36 (0xfce78ea3) sb      a4, -35(a5)
core   0: 3 0x8000aa36 (0xfce78ea3) mem 0x80010459 0x0
core   0: 0x8000aa3a (0xfc47dd03) lhu     s10, -60(a5)
core   0: 3 0x8000aa3a (0xfc47dd03) x26 0x00000000 mem 0x80010440
core   0: 0x8000aa3e (0x00006197) auipc   gp, 0x6
core   0: 3 0x8000aa3e (0x00006197) x 3 0x80010a3e
core   0: 0x8000aa42 (0xb5618193) addi    gp, gp, -1194
core   0: 3 0x8000aa42 (0xb5618193) x 3 0x80010594
core   0: 0x8000aa46 (0x0031cd83) lbu     s11, 3(gp)
core   0: 3 0x8000aa46 (0x0031cd83) x27 0x00000000 mem 0x80010597
core   0: 0x8000aa4a (0xffe18ea3) sb      t5, -3(gp)
core   0: 3 0x8000aa4a (0xffe18ea3) mem 0x80010591 0x0
core   0: 0x8000aa4e (0x0000653d) c.lui   a0, 0xf
core   0: 3 0x8000aa4e (0x653d) x10 0x0000f000
core   0: 0x8000aa50 (0x01231893) slli    a7, t1, 18
core   0: 3 0x8000aa50 (0x01231893) x17 0x00000000
core   0: 0x8000aa54 (0xff019d83) lh      s11, -16(gp)
core   0: 3 0x8000aa54 (0xff019d83) x27 0xffffb200 mem 0x80010584
core   0: 0x8000aa58 (0x00519823) sh      t0, 16(gp)
core   0: 3 0x8000aa58 (0x00519823) mem 0x800105a4 0x0000
core   0: 0x8000aa5c (0x00318483) lb      s1, 3(gp)
core   0: 3 0x8000aa5c (0x00318483) x 9 0x00000000 mem 0x80010597
core   0: 0x8000aa60 (0x00318603) lb      a2, 3(gp)
core   0: 3 0x8000aa60 (0x00318603) x12 0x00000000 mem 0x80010597
core   0: 0x8000aa64 (0xff019e23) sh      a6, -4(gp)
core   0: 3 0x8000aa64 (0xff019e23) mem 0x80010590 0x0000
core   0: 0x8000aa68 (0xfff19e23) sh      t6, -4(gp)
core   0: 3 0x8000aa68 (0xfff19e23) mem 0x80010590 0x0000
core   0: 0x8000aa6c (0x00000cea) c.slli  s9, 26
core   0: 3 0x8000aa6c (0x0cea) x25 0x00000000
core   0: 0x8000aa6e (0x00d1c683) lbu     a3, 13(gp)
core   0: 3 0x8000aa6e (0x00d1c683) x13 0x00000000 mem 0x800105a1
core   0: 0x8000aa72 (0xfe518da3) sb      t0, -5(gp)
core   0: 3 0x8000aa72 (0xfe518da3) mem 0x8001058f 0x0
core   0: 0x8000aa76 (0xfe518da3) sb      t0, -5(gp)
core   0: 3 0x8000aa76 (0xfe518da3) mem 0x8001058f 0x0
core   0: 0x8000aa7a (0xfeb18da3) sb      a1, -5(gp)
core   0: 3 0x8000aa7a (0xfeb18da3) mem 0x8001058f 0x3
core   0: 0x8000aa7e (0xffb18ea3) sb      s11, -3(gp)
core   0: 3 0x8000aa7e (0xffb18ea3) mem 0x80010591 0x0
core   0: 0x8000aa82 (0xffd1c703) lbu     a4, -3(gp)
core   0: 3 0x8000aa82 (0xffd1c703) x14 0x00000000 mem 0x80010591
core   0: 0x8000aa86 (0x02ef2933) mulhsu  s2, t5, a4
core   0: 3 0x8000aa86 (0x02ef2933) x18 0x00000000
core   0: 0x8000aa8a (0x00018b83) lb      s7, 0(gp)
core   0: 3 0x8000aa8a (0x00018b83) x23 0x00000000 mem 0x80010594
core   0: 0x8000aa8e (0x01a95b93) srli    s7, s2, 26
core   0: 3 0x8000aa8e (0x01a95b93) x23 0x00000000
core   0: 0x8000aa92 (0xfef1ac23) sw      a5, -8(gp)
core   0: 3 0x8000aa92 (0xfef1ac23) mem 0x8001058c 0x8001047c
core   0: 0x8000aa96 (0x0000dc97) auipc   s9, 0xd
core   0: 3 0x8000aa96 (0x0000dc97) x25 0x80017a96
core   0: 0x8000aa9a (0x1a1c8c93) addi    s9, s9, 417
core   0: 3 0x8000aa9a (0x1a1c8c93) x25 0x80017c37
core   0: 0x8000aa9e (0x0abc9883) lh      a7, 171(s9)
core   0: 3 0x8000aa9e (0x0abc9883) x17 0x00000000 mem 0x80017ce2
core   0: 0x8000aaa2 (0x00006b17) auipc   s6, 0x6
core   0: 3 0x8000aaa2 (0x00006b17) x22 0x80010aa2
core   0: 0x8000aaa6 (0x49fb0b13) addi    s6, s6, 1183
core   0: 3 0x8000aaa6 (0x49fb0b13) x22 0x80010f41
core   0: 0x8000aaaa (0xfb9b4303) lbu     t1, -71(s6)
core   0: 3 0x8000aaaa (0xfb9b4303) x 6 0x00000000 mem 0x80010efa
core   0: 0x8000aaae (0xf1cb0183) lb      gp, -228(s6)
core   0: 3 0x8000aaae (0xf1cb0183) x 3 0x00000000 mem 0x80010e5d
core   0: 0x8000aab2 (0xf50c8d83) lb      s11, -176(s9)
core   0: 3 0x8000aab2 (0xf50c8d83) x27 0x00000000 mem 0x80017b87
core   0: 0x8000aab6 (0xf13c8f23) sb      s3, -226(s9)
core   0: 3 0x8000aab6 (0xf13c8f23) mem 0x80017b55 0x0
core   0: 0x8000aaba (0xf50c8d23) sb      a6, -166(s9)
core   0: 3 0x8000aaba (0xf50c8d23) mem 0x80017b91 0x0
core   0: 0x8000aabe (0xf19b5183) lhu     gp, -231(s6)
core   0: 3 0x8000aabe (0xf19b5183) x 3 0x00000000 mem 0x80010e5a
core   0: 0x8000aac2 (0x03ac8023) sb      s10, 32(s9)
core   0: 3 0x8000aac2 (0x03ac8023) mem 0x80017c57 0x0
core   0: 0x8000aac6 (0xf70b0083) lb      ra, -144(s6)
core   0: 3 0x8000aac6 (0xf70b0083) x 1 0x00000000 mem 0x80010eb1
core   0: 0x8000aaca (0x03eb19a3) sh      t5, 51(s6)
core   0: 3 0x8000aaca (0x03eb19a3) mem 0x80010f74 0x0000
core   0: 0x8000aace (0xf86c8283) lb      t0, -122(s9)
core   0: 3 0x8000aace (0xf86c8283) x 5 0x00000000 mem 0x80017bbd
core   0: 0x8000aad2 (0x027b0b23) sb      t2, 54(s6)
core   0: 3 0x8000aad2 (0x027b0b23) mem 0x80010f77 0x5c
core   0: 0x8000aad6 (0x0c0c8f03) lb      t5, 192(s9)
core   0: 3 0x8000aad6 (0x0c0c8f03) x30 0x00000000 mem 0x80017cf7
core   0: 0x8000aada (0x0e5c8423) sb      t0, 232(s9)
core   0: 3 0x8000aada (0x0e5c8423) mem 0x80017d1f 0x0
core   0: 0x8000aade (0x0f5b0903) lb      s2, 245(s6)
core   0: 3 0x8000aade (0x0f5b0903) x18 0x00000000 mem 0x80011036
core   0: 0x8000aae2 (0xf21b13a3) sh      ra, -217(s6)
core   0: 3 0x8000aae2 (0xf21b13a3) mem 0x80010e68 0x0000
core   0: 0x8000aae6 (0xfa1c8503) lb      a0, -95(s9)
core   0: 3 0x8000aae6 (0xfa1c8503) x10 0x00000000 mem 0x80017bd8
core   0: 0x8000aaea (0xfbab1ea3) sh      s10, -67(s6)
core   0: 3 0x8000aaea (0xfbab1ea3) mem 0x80010efe 0x0000
core   0: 0x8000aaee (0x0f5c9e03) lh      t3, 245(s9)
core   0: 3 0x8000aaee (0x0f5c9e03) x28 0x00000000 mem 0x80017d2c
core   0: 0x8000aaf2 (0xff600413) li      s0, -10
core   0: 3 0x8000aaf2 (0xff600413) x 8 0xfffffff6
core   0: 0x8000aaf6 (0x00009a7d) c.andi  a2, -1
core   0: 3 0x8000aaf6 (0x9a7d) x12 0x00000000
core   0: 0x8000aaf8 (0x03983133) mulhu   sp, a6, s9
core   0: 3 0x8000aaf8 (0x03983133) x 2 0x00000000
core   0: 0x8000aafc (0x00e00793) li      a5, 14
core   0: 3 0x8000aafc (0x00e00793) x15 0x0000000e
core   0: 0x8000ab00 (0x00008edd) c.or    a3, a5
core   0: 3 0x8000ab00 (0x8edd) x13 0x0000000e
core   0: 0x8000ab02 (0x027dda33) divu    s4, s11, t2
core   0: 3 0x8000ab02 (0x027dda33) x20 0x00000000
core   0: 0x8000ab06 (0x00000405) c.addi  s0, 1
core   0: 3 0x8000ab06 (0x0405) x 8 0xfffffff7
core   0: 0x8000ab08 (0x00000001) c.nop
core   0: 3 0x8000ab08 (0x0001)
core   0: 0x8000ab0a (0x000c14b3) sll     s1, s8, zero
core   0: 3 0x8000ab0a (0x000c14b3) x 9 0x00000000
core   0: 0x8000ab0e (0x405ed513) srai    a0, t4, 5
core   0: 3 0x8000ab0e (0x405ed513) x10 0x00000000
core   0: 0x8000ab12 (0xfef408e3) beq     s0, a5, pc - 16
core   0: 3 0x8000ab12 (0xfef408e3)
core   0: 0x8000ab16 (0x0000100f) fence.i
core   0: 3 0x8000ab16 (0x0000100f)
core   0: 0x8000ab1a (0x00006517) auipc   a0, 0x6
core   0: 3 0x8000ab1a (0x00006517) x10 0x80010b1a
core   0: 0x8000ab1e (0xdd650513) addi    a0, a0, -554
core   0: 3 0x8000ab1e (0xdd650513) x10 0x800108f0
core   0: 0x8000ab22 (0x037eeeb3) rem     t4, t4, s7
core   0: 3 0x8000ab22 (0x037eeeb3) x29 0x00000000
core   0: 0x8000ab26 (0x01b136b3) sltu    a3, sp, s11
core   0: 3 0x8000ab26 (0x01b136b3) x13 0x00000000
core   0: 0x8000ab2a (0xfc950103) lb      sp, -55(a0)
core   0: 3 0x8000ab2a (0xfc950103) x 2 0x00000000 mem 0x800108b9
core   0: 0x8000ab2e (0xfd750f23) sb      s7, -34(a0)
core   0: 3 0x8000ab2e (0xfd750f23) mem 0x800108ce 0x0
core   0: 0x8000ab32 (0x02d50da3) sb      a3, 59(a0)
core   0: 3 0x8000ab32 (0x02d50da3) mem 0x8001092b 0x0
core   0: 0x8000ab36 (0x00009afd) c.andi  a3, -1
core   0: 3 0x8000ab36 (0x9afd) x13 0x00000000
core   0: 0x8000ab38 (0x02d6d6b3) divu    a3, a3, a3
core   0: 3 0x8000ab38 (0x02d6d6b3) x13 0xffffffff
core   0: 0x8000ab3c (0x41b7d6b3) sra     a3, a5, s11
core   0: 3 0x8000ab3c (0x41b7d6b3) x13 0x0000000e
core   0: 0x8000ab40 (0x00008fbd) c.xor   a5, a5
core   0: 3 0x8000ab40 (0x8fbd) x15 0x00000000
core   0: 0x8000ab42 (0x00008e95) c.sub   a3, a3
core   0: 3 0x8000ab42 (0x8e95) x13 0x00000000
core   0: 0x8000ab44 (0x00216eb3) or      t4, sp, sp
core   0: 3 0x8000ab44 (0x00216eb3) x29 0x00000000
core   0: 0x8000ab48 (0x00d7fbb3) and     s7, a5, a3
core   0: 3 0x8000ab48 (0x00d7fbb3) x23 0x00000000
core   0: 0x8000ab4c (0x00006be9) c.lui   s7, 0x1a
core   0: 3 0x8000ab4c (0x6be9) x23 0x0001a000
core   0: 0x8000ab4e (0x00008ede) c.mv    t4, s7
core   0: 3 0x8000ab4e (0x8ede) x29 0x0001a000
core   0: 0x8000ab50 (0x00000001) c.nop
core   0: 3 0x8000ab50 (0x0001)
core   0: 0x8000ab52 (0x002504a3) sb      sp, 9(a0)
core   0: 3 0x8000ab52 (0x002504a3) mem 0x800108f9 0x0
core   0: 0x8000ab56 (0x00008ed5) c.or    a3, a3
core   0: 3 0x8000ab56 (0x8ed5) x13 0x00000000
core   0: 0x8000ab58 (0x00000001) c.nop
core   0: 3 0x8000ab58 (0x0001)
core   0: 0x8000ab5a (0x000096be) c.add   a3, a5
core   0: 3 0x8000ab5a (0x96be) x13 0x00000000
core   0: 0x8000ab5c (0x02d50103) lb      sp, 45(a0)
core   0: 3 0x8000ab5c (0x02d50103) x 2 0x00000000 mem 0x8001091d
core   0: 0x8000ab60 (0xfd350683) lb      a3, -45(a0)
core   0: 3 0x8000ab60 (0xfd350683) x13 0x00000000 mem 0x800108c3
core   0: 0x8000ab64 (0x01350e83) lb      t4, 19(a0)
core   0: 3 0x8000ab64 (0x01350e83) x29 0x00000000 mem 0x80010903
core   0: 0x8000ab68 (0x3f117693) andi    a3, sp, 1009
core   0: 3 0x8000ab68 (0x3f117693) x13 0x00000000
core   0: 0x8000ab6c (0x828e8b93) addi    s7, t4, -2008
core   0: 3 0x8000ab6c (0x828e8b93) x23 0xfffff828
core   0: 0x8000ab70 (0xfed54b83) lbu     s7, -19(a0)
core   0: 3 0x8000ab70 (0xfed54b83) x23 0x00000000 mem 0x800108dd
core   0: 0x8000ab74 (0x00008bed) c.andi  a5, 27
core   0: 3 0x8000ab74 (0x8bed) x15 0x00000000
core   0: 0x8000ab76 (0x00a51103) lh      sp, 10(a0)
core   0: 3 0x8000ab76 (0x00a51103) x 2 0x00000000 mem 0x800108fa
core   0: 0x8000ab7a (0x00217bb3) and     s7, sp, sp
core   0: 3 0x8000ab7a (0x00217bb3) x23 0x00000000
core   0: 0x8000ab7e (0xc896e113) ori     sp, a3, -887
core   0: 3 0x8000ab7e (0xc896e113) x 2 0xfffffc89
core   0: 0x8000ab82 (0xfdd54b83) lbu     s7, -35(a0)
core   0: 3 0x8000ab82 (0xfdd54b83) x23 0x00000000 mem 0x800108cd
core   0: 0x8000ab86 (0x02d50e23) sb      a3, 60(a0)
core   0: 3 0x8000ab86 (0x02d50e23) mem 0x8001092c 0x0
core   0: 0x8000ab8a (0x02d7dbb3) divu    s7, a5, a3
core   0: 3 0x8000ab8a (0x02d7dbb3) x23 0xffffffff
core   0: 0x8000ab8e (0x00def6b3) and     a3, t4, a3
core   0: 3 0x8000ab8e (0x00def6b3) x13 0x00000000
core   0: 0x8000ab92 (0x00008d8a) c.mv    s11, sp
core   0: 3 0x8000ab92 (0x8d8a) x27 0xfffffc89
core   0: 0x8000ab94 (0xfdf50d83) lb      s11, -33(a0)
core   0: 3 0x8000ab94 (0xfdf50d83) x27 0x00000000 mem 0x800108cf
core   0: 0x8000ab98 (0x01d51d23) sh      t4, 26(a0)
core   0: 3 0x8000ab98 (0x01d51d23) mem 0x8001090a 0x0000
core   0: 0x8000ab9c (0x00007717) auipc   a4, 0x7
core   0: 3 0x8000ab9c (0x00007717) x14 0x80011b9c
core   0: 0x8000aba0 (0x05770713) addi    a4, a4, 87
core   0: 3 0x8000aba0 (0x05770713) x14 0x80011bf3
core   0: 0x8000aba4 (0x82b75803) lhu     a6, -2005(a4)
core   0: 3 0x8000aba4 (0x82b75803) x16 0x00000000 mem 0x8001141e
core   0: 0x8000aba8 (0x00006d97) auipc   s11, 0x6
core   0: 3 0x8000aba8 (0x00006d97) x27 0x80010ba8
core   0: 0x8000abac (0x06dd8d93) addi    s11, s11, 109
core   0: 3 0x8000abac (0x06dd8d93) x27 0x80010c15
core   0: 0x8000abb0 (0xfe7d8b23) sb      t2, -10(s11)
core   0: 3 0x8000abb0 (0xfe7d8b23) mem 0x80010c0b 0x5c
core   0: 0x8000abb4 (0xe8970983) lb      s3, -375(a4)
core   0: 3 0x8000abb4 (0xe8970983) x19 0x00000000 mem 0x80011a7c
core   0: 0x8000abb8 (0x828708a3) sb      s0, -1999(a4)
core   0: 3 0x8000abb8 (0x828708a3) mem 0x80011424 0xf7
core   0: 0x8000abbc (0xfe4d8d23) sb      tp, -6(s11)
core   0: 3 0x8000abbc (0xfe4d8d23) mem 0x80010c0f 0x0
core   0: 0x8000abc0 (0x95d70223) sb      t4, -1724(a4)
core   0: 3 0x8000abc0 (0x95d70223) mem 0x80011537 0x0
core   0: 0x8000abc4 (0xf6ed8e03) lb      t3, -146(s11)
core   0: 3 0x8000abc4 (0xf6ed8e03) x28 0x00000000 mem 0x80010b83
core   0: 0x8000abc8 (0xf34dc283) lbu     t0, -204(s11)
core   0: 3 0x8000abc8 (0xf34dc283) x 5 0x00000000 mem 0x80010b49
core   0: 0x8000abcc (0x14070783) lb      a5, 320(a4)
core   0: 3 0x8000abcc (0x14070783) x15 0x00000000 mem 0x80011d33
core   0: 0x8000abd0 (0xf4f70123) sb      a5, -190(a4)
core   0: 3 0x8000abd0 (0xf4f70123) mem 0x80011b35 0x0
core   0: 0x8000abd4 (0x06dd9b03) lh      s6, 109(s11)
core   0: 3 0x8000abd4 (0x06dd9b03) x22 0x00000000 mem 0x80010c82
core   0: 0x8000abd8 (0x0a6d8203) lb      tp, 166(s11)
core   0: 3 0x8000abd8 (0x0a6d8203) x 4 0x00000000 mem 0x80010cbb
core   0: 0x8000abdc (0x00006997) auipc   s3, 0x6
core   0: 3 0x8000abdc (0x00006997) x19 0x80010bdc
core   0: 0x8000abe0 (0x43a98993) addi    s3, s3, 1082
core   0: 3 0x8000abe0 (0x43a98993) x19 0x80011016
core   0: 0x8000abe4 (0x0189a123) sw      s8, 2(s3)
core   0: 3 0x8000abe4 (0x0189a123) mem 0x80011018 0x00000000
core   0: 0x8000abe8 (0x00006d97) auipc   s11, 0x6
core   0: 3 0x8000abe8 (0x00006d97) x27 0x80010be8
core   0: 0x8000abec (0xb79d8d93) addi    s11, s11, -1159
core   0: 3 0x8000abec (0xb79d8d93) x27 0x80010761
core   0: 0x8000abf0 (0x001dd903) lhu     s2, 1(s11)
core   0: 3 0x8000abf0 (0x001dd903) x18 0x00000000 mem 0x80010762
core   0: 0x8000abf4 (0x002d8f03) lb      t5, 2(s11)
core   0: 3 0x8000abf4 (0x002d8f03) x30 0x00000000 mem 0x80010763
core   0: 0x8000abf8 (0x00005b97) auipc   s7, 0x5
core   0: 3 0x8000abf8 (0x00005b97) x23 0x8000fbf8
core   0: 0x8000abfc (0x66ab8b93) addi    s7, s7, 1642
core   0: 3 0x8000abfc (0x66ab8b93) x23 0x80010262
core   0: 0x8000ac00 (0x01c99223) sh      t3, 4(s3)
core   0: 3 0x8000ac00 (0x01c99223) mem 0x8001101a 0x0000
core   0: 0x8000ac04 (0x0079cf83) lbu     t6, 7(s3)
core   0: 3 0x8000ac04 (0x0079cf83) x31 0x00000000 mem 0x8001101d
core   0: 0x8000ac08 (0xff89d283) lhu     t0, -8(s3)
core   0: 3 0x8000ac08 (0xff89d283) x 5 0x00000000 mem 0x8001100e
core   0: 0x8000ac0c (0xff5d9403) lh      s0, -11(s11)
core   0: 3 0x8000ac0c (0xff5d9403) x 8 0x00000000 mem 0x80010756
core   0: 0x8000ac10 (0x033b8723) sb      s3, 46(s7)
core   0: 3 0x8000ac10 (0x033b8723) mem 0x80010290 0x16
core   0: 0x8000ac14 (0xffbd8823) sb      s11, -16(s11)
core   0: 3 0x8000ac14 (0xffbd8823) mem 0x80010751 0x61
core   0: 0x8000ac18 (0xfebd8923) sb      a1, -14(s11)
core   0: 3 0x8000ac18 (0xfebd8923) mem 0x80010753 0x3
core   0: 0x8000ac1c (0x015b81a3) sb      s5, 3(s7)
core   0: 3 0x8000ac1c (0x015b81a3) mem 0x80010265 0xe4
core   0: 0x8000ac20 (0xfe0b84a3) sb      zero, -23(s7)
core   0: 3 0x8000ac20 (0xfe0b84a3) mem 0x8001024b 0x0
core   0: 0x8000ac24 (0xffcbc703) lbu     a4, -4(s7)
core   0: 3 0x8000ac24 (0xffcbc703) x14 0x00000000 mem 0x8001025e
core   0: 0x8000ac28 (0x006d87a3) sb      t1, 15(s11)
core   0: 3 0x8000ac28 (0x006d87a3) mem 0x80010770 0x0
core   0: 0x8000ac2c (0x02dbc183) lbu     gp, 45(s7)
core   0: 3 0x8000ac2c (0x02dbc183) x 3 0x00000000 mem 0x8001028f
core   0: 0x8000ac30 (0x00a9c883) lbu     a7, 10(s3)
core   0: 3 0x8000ac30 (0x00a9c883) x17 0x00000000 mem 0x80011020
core   0: 0x8000ac34 (0xfe0d8ba3) sb      zero, -9(s11)
core   0: 3 0x8000ac34 (0xfe0d8ba3) mem 0x80010758 0x0
core   0: 0x8000ac38 (0xfe999823) sh      s1, -16(s3)
core   0: 3 0x8000ac38 (0xfe999823) mem 0x80011006 0x0000
core   0: 0x8000ac3c (0xfcfb80a3) sb      a5, -63(s7)
core   0: 3 0x8000ac3c (0xfcfb80a3) mem 0x80010223 0x0
core   0: 0x8000ac40 (0xff69de83) lhu     t4, -10(s3)
core   0: 3 0x8000ac40 (0xff69de83) x29 0x00000000 mem 0x8001100c
core   0: 0x8000ac44 (0xff698ba3) sb      s6, -9(s3)
core   0: 3 0x8000ac44 (0xff698ba3) mem 0x8001100d 0x0
core   0: 0x8000ac48 (0xff5d9b03) lh      s6, -11(s11)
core   0: 3 0x8000ac48 (0xff5d9b03) x22 0x00000000 mem 0x80010756
core   0: 0x8000ac4c (0x00500493) li      s1, 5
core   0: 3 0x8000ac4c (0x00500493) x 9 0x00000005
core   0: 0x8000ac50 (0x00008fc5) c.or    a5, s1
core   0: 3 0x8000ac50 (0x8fc5) x15 0x00000005
core   0: 0x8000ac52 (0x01f47833) and     a6, s0, t6
core   0: 3 0x8000ac52 (0x01f47833) x16 0x00000000
core   0: 0x8000ac56 (0x00000001) c.nop
core   0: 3 0x8000ac56 (0x0001)
core   0: 0x8000ac58 (0x018cea33) or      s4, s9, s8
core   0: 3 0x8000ac58 (0x018cea33) x20 0x80017c37
core   0: 0x8000ac5c (0x86982b97) auipc   s7, 0x86982
core   0: 3 0x8000ac5c (0x86982b97) x23 0x0698cc5c
core   0: 0x8000ac60 (0x02bab533) mulhu   a0, s5, a1
core   0: 3 0x8000ac60 (0x02bab533) x10 0x00d39cd3
core   0: 0x8000ac64 (0x01fb9b13) slli    s6, s7, 31
core   0: 3 0x8000ac64 (0x01fb9b13) x22 0x00000000
core   0: 0x8000ac68 (0x0029b733) sltu    a4, s3, sp
core   0: 3 0x8000ac68 (0x0029b733) x14 0x00000001
core   0: 0x8000ac6c (0x000c9913) slli    s2, s9, 0
core   0: 3 0x8000ac6c (0x000c9913) x18 0x80017c37
core   0: 0x8000ac70 (0x01aaf733) and     a4, s5, s10
core   0: 3 0x8000ac70 (0x01aaf733) x14 0x00000000
core   0: 0x8000ac74 (0x00000001) c.nop
core   0: 3 0x8000ac74 (0x0001)
core   0: 0x8000ac76 (0x13700513) li      a0, 311
core   0: 3 0x8000ac76 (0x13700513) x10 0x00000137
core   0: 0x8000ac7a (0x01ba1693) slli    a3, s4, 27
core   0: 3 0x8000ac7a (0x01ba1693) x13 0xb8000000
core   0: 0x8000ac7e (0x000014ed) c.addi  s1, -5
core   0: 3 0x8000ac7e (0x14ed) x 9 0x00000000
core   0: 0x8000ac80 (0x000007bd) c.addi  a5, 15
core   0: 3 0x8000ac80 (0x07bd) x15 0x00000014
core   0: 0x8000ac82 (0x0000f8f5) c.bnez  s1, pc - 12
core   0: 3 0x8000ac82 (0xf8f5)
core   0: 0x8000ac84 (0x00008fe1) c.and   a5, s0
core   0: 3 0x8000ac84 (0x8fe1) x15 0x00000000
core   0: 0x8000ac86 (0x00006a17) auipc   s4, 0x6
core   0: 3 0x8000ac86 (0x00006a17) x20 0x80010c86
core   0: 0x8000ac8a (0x399a0a13) addi    s4, s4, 921
core   0: 3 0x8000ac8a (0x399a0a13) x20 0x8001101f
core   0: 0x8000ac8e (0x00011c97) auipc   s9, 0x11
core   0: 3 0x8000ac8e (0x00011c97) x25 0x8001bc8e
core   0: 0x8000ac92 (0xc80c8c93) addi    s9, s9, -896
core   0: 3 0x8000ac92 (0xc80c8c93) x25 0x8001b90e
core   0: 0x8000ac96 (0xd65a1083) lh      ra, -667(s4)
core   0: 3 0x8000ac96 (0xd65a1083) x 1 0x00000000 mem 0x80010d84
core   0: 0x8000ac9a (0xd4ea4483) lbu     s1, -690(s4)
core   0: 3 0x8000ac9a (0xd4ea4483) x 9 0x00000000 mem 0x80010d6d
core   0: 0x8000ac9e (0xfe3c8b83) lb      s7, -29(s9)
core   0: 3 0x8000ac9e (0xfe3c8b83) x23 0x00000000 mem 0x8001b8f1
core   0: 0x8000aca2 (0xf51a2883) lw      a7, -175(s4)
core   0: 3 0x8000aca2 (0xf51a2883) x17 0x00000000 mem 0x80010f70
core   0: 0x8000aca6 (0xfd9cc403) lbu     s0, -39(s9)
core   0: 3 0x8000aca6 (0xfd9cc403) x 8 0x00000000 mem 0x8001b8e7
core   0: 0x8000acaa (0x9a9a2f03) lw      t5, -1623(s4)
core   0: 3 0x8000acaa (0x9a9a2f03) x30 0x00000000 mem 0x800109c8
core   0: 0x8000acae (0xd81a0823) sb      ra, -624(s4)
core   0: 3 0x8000acae (0xd81a0823) mem 0x80010daf 0x0
core   0: 0x8000acb2 (0x027c81a3) sb      t2, 35(s9)
core   0: 3 0x8000acb2 (0x027c81a3) mem 0x8001b931 0x5c
core   0: 0x8000acb6 (0xf54a0283) lb      t0, -172(s4)
core   0: 3 0x8000acb6 (0xf54a0283) x 5 0x00000000 mem 0x80010f73
core   0: 0x8000acba (0x035c8d83) lb      s11, 53(s9)
core   0: 3 0x8000acba (0x035c8d83) x27 0x00000000 mem 0x8001b943
core   0: 0x8000acbe (0xd4aa0883) lb      a7, -694(s4)
core   0: 3 0x8000acbe (0xd4aa0883) x17 0x00000000 mem 0x80010d69
core   0: 0x8000acc2 (0xfeac9c03) lh      s8, -22(s9)
core   0: 3 0x8000acc2 (0xfeac9c03) x24 0x00000000 mem 0x8001b8f8
core   0: 0x8000acc6 (0x00006b97) auipc   s7, 0x6
core   0: 3 0x8000acc6 (0x00006b97) x23 0x80010cc6
core   0: 0x8000acca (0xc8db8b93) addi    s7, s7, -883
core   0: 3 0x8000acca (0xc8db8b93) x23 0x80010953
core   0: 0x8000acce (0x0fcbc983) lbu     s3, 252(s7)
core   0: 3 0x8000acce (0x0fcbc983) x19 0x00000000 mem 0x80010a4f
core   0: 0x8000acd2 (0xf4cb8ba3) sb      a2, -169(s7)
core   0: 3 0x8000acd2 (0xf4cb8ba3) mem 0x800108aa 0x0
core   0: 0x8000acd6 (0x0a5ba783) lw      a5, 165(s7)
core   0: 3 0x8000acd6 (0x0a5ba783) x15 0x00000000 mem 0x800109f8
core   0: 0x8000acda (0x008b81a3) sb      s0, 3(s7)
core   0: 3 0x8000acda (0x008b81a3) mem 0x80010956 0x0
core   0: 0x8000acde (0x00011817) auipc   a6, 0x11
core   0: 3 0x8000acde (0x00011817) x16 0x8001bcde
core   0: 0x8000ace2 (0x47580813) addi    a6, a6, 1141
core   0: 3 0x8000ace2 (0x47580813) x16 0x8001c153
core   0: 0x8000ace6 (0xb6a80c03) lb      s8, -1174(a6)
core   0: 3 0x8000ace6 (0xb6a80c03) x24 0x00000000 mem 0x8001bcbd
core   0: 0x8000acea (0xf06b8c23) sb      t1, -232(s7)
core   0: 3 0x8000acea (0xf06b8c23) mem 0x8001086b 0x0
core   0: 0x8000acee (0x083bc503) lbu     a0, 131(s7)
core   0: 3 0x8000acee (0x083bc503) x10 0x00000000 mem 0x800109d6
core   0: 0x8000acf2 (0x26980123) sb      s1, 610(a6)
core   0: 3 0x8000acf2 (0x26980123) mem 0x8001c3b5 0x0
core   0: 0x8000acf6 (0xfc6b9da3) sh      t1, -37(s7)
core   0: 3 0x8000acf6 (0xfc6b9da3) mem 0x8001092e 0x0000
core   0: 0x8000acfa (0x4e684003) lbu     zero, 1254(a6)
core   0: 3 0x8000acfa (0x4e684003) mem 0x8001c639
core   0: 0x8000acfe (0xfe7baca3) sw      t2, -7(s7)
core   0: 3 0x8000acfe (0xfe7baca3) mem 0x8001094c 0x80025e5c
core   0: 0x8000ad02 (0xe9c80e83) lb      t4, -356(a6)
core   0: 3 0x8000ad02 (0xe9c80e83) x29 0x00000000 mem 0x8001bfef
core   0: 0x8000ad06 (0x025ba003) lw      zero, 37(s7)
core   0: 3 0x8000ad06 (0x025ba003) mem 0x80010978
core   0: 0x8000ad0a (0xfa084783) lbu     a5, -96(a6)
core   0: 3 0x8000ad0a (0xfa084783) x15 0x00000000 mem 0x8001c0f3
core   0: 0x8000ad0e (0xf8cb8a23) sb      a2, -108(s7)
core   0: 3 0x8000ad0e (0xf8cb8a23) mem 0x800108e7 0x0
core   0: 0x8000ad12 (0x0000b897) auipc   a7, 0xb
core   0: 3 0x8000ad12 (0x0000b897) x17 0x80015d12
core   0: 0x8000ad16 (0x5e588893) addi    a7, a7, 1509
core   0: 3 0x8000ad16 (0x5e588893) x17 0x800162f7
core   0: 0x8000ad1a (0x016e01b3) add     gp, t3, s6
core   0: 3 0x8000ad1a (0x016e01b3) x 3 0x00000000
core   0: 0x8000ad1e (0xbee88183) lb      gp, -1042(a7)
core   0: 3 0x8000ad1e (0xbee88183) x 3 0x00000000 mem 0x80015ee5
core   0: 0x8000ad22 (0xfd9889a3) sb      s9, -45(a7)
core   0: 3 0x8000ad22 (0xfd9889a3) mem 0x800162ca 0xe
core   0: 0x8000ad26 (0xfd38d803) lhu     a6, -45(a7)
core   0: 3 0x8000ad26 (0xfd38d803) x16 0x0000000e mem 0x800162ca
core   0: 0x8000ad2a (0x03ac7433) remu    s0, s8, s10
core   0: 3 0x8000ad2a (0x03ac7433) x 8 0x00000000
core   0: 0x8000ad2e (0xfd38d203) lhu     tp, -45(a7)
core   0: 3 0x8000ad2e (0xfd38d203) x 4 0x0000000e mem 0x800162ca
core   0: 0x8000ad32 (0xfd9889a3) sb      s9, -45(a7)
core   0: 3 0x8000ad32 (0xfd9889a3) mem 0x800162ca 0xe
core   0: 0x8000ad36 (0x5c68c283) lbu     t0, 1478(a7)
core   0: 3 0x8000ad36 (0x5c68c283) x 5 0x00000000 mem 0x800168bd
core   0: 0x8000ad3a (0x5c688703) lb      a4, 1478(a7)
core   0: 3 0x8000ad3a (0x5c688703) x14 0x00000000 mem 0x800168bd
core   0: 0x8000ad3e (0x35c88403) lb      s0, 860(a7)
core   0: 3 0x8000ad3e (0x35c88403) x 8 0x00000000 mem 0x80016653
core   0: 0x8000ad42 (0x00000326) c.slli  t1, 9
core   0: 3 0x8000ad42 (0x0326) x 6 0x00000000
core   0: 0x8000ad44 (0x35c88783) lb      a5, 860(a7)
core   0: 3 0x8000ad44 (0x35c88783) x15 0x00000000 mem 0x80016653
core   0: 0x8000ad48 (0x35c8ce03) lbu     t3, 860(a7)
core   0: 3 0x8000ad48 (0x35c8ce03) x28 0x00000000 mem 0x80016653
core   0: 0x8000ad4c (0x34a88e23) sb      a0, 860(a7)
core   0: 3 0x8000ad4c (0x34a88e23) mem 0x80016653 0x0
core   0: 0x8000ad50 (0x00008fe1) c.and   a5, s0
core   0: 3 0x8000ad50 (0x8fe1) x15 0x00000000
core   0: 0x8000ad52 (0x35c8cc83) lbu     s9, 860(a7)
core   0: 3 0x8000ad52 (0x35c8cc83) x25 0x00000000 mem 0x80016653
core   0: 0x8000ad56 (0x0000614d) c.addi16sp sp, 176
core   0: 3 0x8000ad56 (0x614d) x 2 0xfffffd39
core   0: 0x8000ad58 (0x35c88183) lb      gp, 860(a7)
core   0: 3 0x8000ad58 (0x35c88183) x 3 0x00000000 mem 0x80016653
core   0: 0x8000ad5c (0x35c88103) lb      sp, 860(a7)
core   0: 3 0x8000ad5c (0x35c88103) x 2 0x00000000 mem 0x80016653
core   0: 0x8000ad60 (0x35c8cd83) lbu     s11, 860(a7)
core   0: 3 0x8000ad60 (0x35c8cd83) x27 0x00000000 mem 0x80016653
core   0: 0x8000ad64 (0x1d58a2a3) sw      s5, 453(a7)
core   0: 3 0x8000ad64 (0x1d58a2a3) mem 0x800164bc 0x80029ce4
core   0: 0x8000ad68 (0x0000c297) auipc   t0, 0xc
core   0: 3 0x8000ad68 (0x0000c297) x 5 0x80016d68
core   0: 0x8000ad6c (0x56428293) addi    t0, t0, 1380
core   0: 3 0x8000ad6c (0x56428293) x 5 0x800172cc
core   0: 0x8000ad70 (0x00006897) auipc   a7, 0x6
core   0: 3 0x8000ad70 (0x00006897) x17 0x80010d70
core   0: 0x8000ad74 (0x16d88893) addi    a7, a7, 365
core   0: 3 0x8000ad74 (0x16d88893) x17 0x80010edd
core   0: 0x8000ad78 (0x01488423) sb      s4, 8(a7)
core   0: 3 0x8000ad78 (0x01488423) mem 0x80010ee5 0x1f
core   0: 0x8000ad7c (0xfef2ae23) sw      a5, -4(t0)
core   0: 3 0x8000ad7c (0xfef2ae23) mem 0x800172c8 0x00000000
core   0: 0x8000ad80 (0x00429323) sh      tp, 6(t0)
core   0: 3 0x8000ad80 (0x00429323) mem 0x800172d2 0x000e
core   0: 0x8000ad84 (0xff08c183) lbu     gp, -16(a7)
core   0: 3 0x8000ad84 (0xff08c183) x 3 0x00000000 mem 0x80010ecd
core   0: 0x8000ad88 (0xffc29b23) sh      t3, -10(t0)
core   0: 3 0x8000ad88 (0xffc29b23) mem 0x800172c2 0x0000
core   0: 0x8000ad8c (0xfe788a23) sb      t2, -12(a7)
core   0: 3 0x8000ad8c (0xfe788a23) mem 0x80010ed1 0x5c
core   0: 0x8000ad90 (0xff429a23) sh      s4, -12(t0)
core   0: 3 0x8000ad90 (0xff429a23) mem 0x800172c0 0x101f
core   0: 0x8000ad94 (0x00588e03) lb      t3, 5(a7)
core   0: 3 0x8000ad94 (0x00588e03) x28 0x00000000 mem 0x80010ee2
core   0: 0x8000ad98 (0xfeb28f23) sb      a1, -2(t0)
core   0: 3 0x8000ad98 (0xfeb28f23) mem 0x800172ca 0x3
core   0: 0x8000ad9c (0xffb8c783) lbu     a5, -5(a7)
core   0: 3 0x8000ad9c (0xffb8c783) x15 0x00000000 mem 0x80010ed8
core   0: 0x8000ada0 (0xff088503) lb      a0, -16(a7)
core   0: 3 0x8000ada0 (0xff088503) x10 0x00000000 mem 0x80010ecd
core   0: 0x8000ada4 (0xff52c783) lbu     a5, -11(t0)
core   0: 3 0x8000ada4 (0xff52c783) x15 0x00000010 mem 0x800172c1
core   0: 0x8000ada8 (0xff28c003) lbu     zero, -14(a7)
core   0: 3 0x8000ada8 (0xff28c003) mem 0x80010ecf
core   0: 0x8000adac (0xfff28303) lb      t1, -1(t0)
core   0: 3 0x8000adac (0xfff28303) x 6 0x00000000 mem 0x800172cb
core   0: 0x8000adb0 (0x00a8c203) lbu     tp, 10(a7)
core   0: 3 0x8000adb0 (0x00a8c203) x 4 0x00000000 mem 0x80010ee7
core   0: 0x8000adb4 (0x00006117) auipc   sp, 0x6
core   0: 3 0x8000adb4 (0x00006117) x 2 0x80010db4
core   0: 0x8000adb8 (0xbff10113) addi    sp, sp, -1025
core   0: 3 0x8000adb8 (0xbff10113) x 2 0x800109b3
core   0: 0x8000adbc (0x0ca14d03) lbu     s10, 202(sp)
core   0: 3 0x8000adbc (0x0ca14d03) x26 0x00000000 mem 0x80010a7d
core   0: 0x8000adc0 (0xfb814783) lbu     a5, -72(sp)
core   0: 3 0x8000adc0 (0xfb814783) x15 0x00000000 mem 0x8001096b
core   0: 0x8000adc4 (0xf5e14083) lbu     ra, -162(sp)
core   0: 3 0x8000adc4 (0xf5e14083) x 1 0x00000000 mem 0x80010911
core   0: 0x8000adc8 (0x00008fc9) c.or    a5, a0
core   0: 3 0x8000adc8 (0x8fc9) x15 0x00000000
core   0: 0x8000adca (0x008a3033) sltu    zero, s4, s0
core   0: 3 0x8000adca (0x008a3033)
core   0: 0x8000adce (0xfc410123) sb      tp, -62(sp)
core   0: 3 0x8000adce (0xfc410123) mem 0x80010975 0x0
core   0: 0x8000add2 (0x09c10b03) lb      s6, 156(sp)
core   0: 3 0x8000add2 (0x09c10b03) x22 0x00000000 mem 0x80010a4f
core   0: 0x8000add6 (0x05810503) lb      a0, 88(sp)
core   0: 3 0x8000add6 (0x05810503) x10 0x00000000 mem 0x80010a0b
core   0: 0x8000adda (0xff210d83) lb      s11, -14(sp)
core   0: 3 0x8000adda (0xff210d83) x27 0x00000000 mem 0x800109a5
core   0: 0x8000adde (0x01a34633) xor     a2, t1, s10
core   0: 3 0x8000adde (0x01a34633) x12 0x00000000
core   0: 0x8000ade2 (0x00000001) c.nop
core   0: 3 0x8000ade2 (0x0001)
core   0: 0x8000ade4 (0x029a1233) mulh    tp, s4, s1
core   0: 3 0x8000ade4 (0x029a1233) x 4 0x00000000
core   0: 0x8000ade8 (0xf4214e03) lbu     t3, -190(sp)
core   0: 3 0x8000ade8 (0xf4214e03) x28 0x00000000 mem 0x800108f5
core   0: 0x8000adec (0xfb810983) lb      s3, -72(sp)
core   0: 3 0x8000adec (0xfb810983) x19 0x00000000 mem 0x8001096b
core   0: 0x8000adf0 (0x02515683) lhu     a3, 37(sp)
core   0: 3 0x8000adf0 (0x02515683) x13 0x00000000 mem 0x800109d8
core   0: 0x8000adf4 (0xf9510d83) lb      s11, -107(sp)
core   0: 3 0x8000adf4 (0xf9510d83) x27 0x00000000 mem 0x80010948
core   0: 0x8000adf8 (0x00e14303) lbu     t1, 14(sp)
core   0: 3 0x8000adf8 (0x00e14303) x 6 0x00000000 mem 0x800109c1
core   0: 0x8000adfc (0x00006491) c.lui   s1, 0x4
core   0: 3 0x8000adfc (0x6491) x 9 0x00004000
core   0: 0x8000adfe (0x4122d313) srai    t1, t0, 18
core   0: 3 0x8000adfe (0x4122d313) x 6 0xffffe000
core   0: 0x8000ae02 (0x03e48333) mul     t1, s1, t5
core   0: 3 0x8000ae02 (0x03e48333) x 6 0x00000000
core   0: 0x8000ae06 (0x0000864d) c.srai  a2, 19
core   0: 3 0x8000ae06 (0x864d) x12 0x00000000
core   0: 0x8000ae08 (0x2fa50d93) addi    s11, a0, 762
core   0: 3 0x8000ae08 (0x2fa50d93) x27 0x000002fa
core   0: 0x8000ae0c (0x0a614f03) lbu     t5, 166(sp)
core   0: 3 0x8000ae0c (0x0a614f03) x30 0x00000000 mem 0x80010a59
core   0: 0x8000ae10 (0x06d11303) lh      t1, 109(sp)
core   0: 3 0x8000ae10 (0x06d11303) x 6 0x00000000 mem 0x80010a20
core   0: 0x8000ae14 (0xf0410523) sb      tp, -246(sp)
core   0: 3 0x8000ae14 (0xf0410523) mem 0x800108bd 0x0
core   0: 0x8000ae18 (0x00008c15) c.sub   s0, a3
core   0: 3 0x8000ae18 (0x8c15) x 8 0x00000000
core   0: 0x8000ae1a (0x01710323) sb      s7, 6(sp)
core   0: 3 0x8000ae1a (0x01710323) mem 0x800109b9 0x53
core   0: 0x8000ae1e (0x4020d893) srai    a7, ra, 2
core   0: 3 0x8000ae1e (0x4020d893) x17 0x00000000
core   0: 0x8000ae22 (0x8b01ca37) lui     s4, 0x8b01c
core   0: 3 0x8000ae22 (0x8b01ca37) x20 0x8b01c000
core   0: 0x8000ae26 (0x0f715503) lhu     a0, 247(sp)
core   0: 3 0x8000ae26 (0x0f715503) x10 0x00000000 mem 0x80010aaa
core   0: 0x8000ae2a (0x00495eb3) srl     t4, s2, tp
core   0: 3 0x8000ae2a (0x00495eb3) x29 0x80017c37
core   0: 0x8000ae2e (0x00001bfd) c.addi  s7, -1
core   0: 3 0x8000ae2e (0x1bfd) x23 0x80010952
core   0: 0x8000ae30 (0x0a6105a3) sb      t1, 171(sp)
core   0: 3 0x8000ae30 (0x0a6105a3) mem 0x80010a5e 0x0
core   0: 0x8000ae34 (0x02084833) div     a6, a6, zero
core   0: 3 0x8000ae34 (0x02084833) x16 0xffffffff
core   0: 0x8000ae38 (0xab934293) xori    t0, t1, -1351
core   0: 3 0x8000ae38 (0xab934293) x 5 0xfffffab9
core   0: 0x8000ae3c (0x0e010323) sb      zero, 230(sp)
core   0: 3 0x8000ae3c (0x0e010323) mem 0x80010a99 0x0
core   0: 0x8000ae40 (0x00000001) c.nop
core   0: 3 0x8000ae40 (0x0001)
core   0: 0x8000ae42 (0x00000299) c.addi  t0, 6
core   0: 3 0x8000ae42 (0x0299) x 5 0xfffffabf
core   0: 0x8000ae44 (0x00008ee1) c.and   a3, s0
core   0: 3 0x8000ae44 (0x8ee1) x13 0x00000000
core   0: 0x8000ae46 (0x00008d39) c.xor   a0, a4
core   0: 3 0x8000ae46 (0x8d39) x10 0x00000000
core   0: 0x8000ae48 (0x09c14903) lbu     s2, 156(sp)
core   0: 3 0x8000ae48 (0x09c14903) x18 0x00000000 mem 0x80010a4f
core   0: 0x8000ae4c (0x013de333) or      t1, s11, s3
core   0: 3 0x8000ae4c (0x013de333) x 6 0x000002fa
core   0: 0x8000ae50 (0x003c9933) sll     s2, s9, gp
core   0: 3 0x8000ae50 (0x003c9933) x18 0x00000000
core   0: 0x8000ae54 (0x000097a6) c.add   a5, s1
core   0: 3 0x8000ae54 (0x97a6) x15 0x00004000
core   0: 0x8000ae56 (0x00ecc7b3) xor     a5, s9, a4
core   0: 3 0x8000ae56 (0x00ecc7b3) x15 0x00000000
core   0: 0x8000ae5a (0x00008ef5) c.and   a3, a3
core   0: 3 0x8000ae5a (0x8ef5) x13 0x00000000
core   0: 0x8000ae5c (0x08014183) lbu     gp, 128(sp)
core   0: 3 0x8000ae5c (0x08014183) x 3 0x00000000 mem 0x80010a33
core   0: 0x8000ae60 (0x0120026f) jal     tp, pc + 0x12
core   0: 3 0x8000ae60 (0x0120026f) x 4 0x8000ae64
core   0: 0x8000ae72 (0x00002839) c.jal   pc + 30
core   0: 3 0x8000ae72 (0x2839) x 1 0x8000ae74
core   0: 0x8000ae90 (0x0000b7e5) c.j     pc - 24
core   0: 3 0x8000ae90 (0xb7e5)
core   0: 0x8000ae78 (0x014000ef) jal     pc + 0x14
core   0: 3 0x8000ae78 (0x014000ef) x 1 0x8000ae7c
core   0: 0x8000ae8c (0x00a000ef) jal     pc + 0xa
core   0: 3 0x8000ae8c (0x00a000ef) x 1 0x8000ae90
core   0: 0x8000ae96 (0x000037dd) c.jal   pc - 26
core   0: 3 0x8000ae96 (0x37dd) x 1 0x8000ae98
core   0: 0x8000ae7c (0x018000ef) jal     pc + 0x18
core   0: 3 0x8000ae7c (0x018000ef) x 1 0x8000ae80
core   0: 0x8000ae94 (0x0000bff1) c.j     pc - 36
core   0: 3 0x8000ae94 (0xbff1)
core   0: 0x8000ae70 (0x0000a819) c.j     pc + 22
core   0: 3 0x8000ae70 (0xa819)
core   0: 0x8000ae86 (0x00002809) c.jal   pc + 18
core   0: 3 0x8000ae86 (0x2809) x 1 0x8000ae88
core   0: 0x8000ae98 (0xff1ff0ef) jal     pc - 0x10
core   0: 3 0x8000ae98 (0xff1ff0ef) x 1 0x8000ae9c
core   0: 0x8000ae88 (0xfe7ff0ef) jal     pc - 0x1a
core   0: 3 0x8000ae88 (0xfe7ff0ef) x 1 0x8000ae8c
core   0: 0x8000ae6e (0x0000a805) c.j     pc + 48
core   0: 3 0x8000ae6e (0xa805)
core   0: 0x8000ae9e (0x0000b7d5) c.j     pc - 28
core   0: 3 0x8000ae9e (0xb7d5)
core   0: 0x8000ae82 (0xfe3ff0ef) jal     pc - 0x1e
core   0: 3 0x8000ae82 (0xfe3ff0ef) x 1 0x8000ae86
core   0: 0x8000ae64 (0x0000a03d) c.j     pc + 46
core   0: 3 0x8000ae64 (0xa03d)
core   0: 0x8000ae92 (0x000037fd) c.jal   pc - 18
core   0: 3 0x8000ae92 (0x37fd) x 1 0x8000ae94
core   0: 0x8000ae80 (0x0000b7dd) c.j     pc - 26
core   0: 3 0x8000ae80 (0xb7dd)
core   0: 0x8000ae66 (0x036000ef) jal     pc + 0x36
core   0: 3 0x8000ae66 (0x036000ef) x 1 0x8000ae6a
core   0: 0x8000ae9c (0x000037f9) c.jal   pc - 50
core   0: 3 0x8000ae9c (0x37f9) x 1 0x8000ae9e
core   0: 0x8000ae6a (0x00a001ef) jal     gp, pc + 0xa
core   0: 3 0x8000ae6a (0x00a001ef) x 3 0x8000ae6e
core   0: 0x8000ae74 (0x02c0036f) jal     t1, pc + 0x2c
core   0: 3 0x8000ae74 (0x02c0036f) x 6 0x8000ae78
core   0: 0x8000aea0 (0x00000001) c.nop
core   0: 3 0x8000aea0 (0x0001)
core   0: 0x8000aea2 (0x0000d997) auipc   s3, 0xd
core   0: 3 0x8000aea2 (0x0000d997) x19 0x80017ea2
core   0: 0x8000aea6 (0x98598993) addi    s3, s3, -1659
core   0: 3 0x8000aea6 (0x98598993) x19 0x80017827
core   0: 0x8000aeaa (0x09498703) lb      a4, 148(s3)
core   0: 3 0x8000aeaa (0x09498703) x14 0x00000000 mem 0x800178bb
core   0: 0x8000aeae (0x40dbd1b3) sra     gp, s7, a3
core   0: 3 0x8000aeae (0x40dbd1b3) x 3 0x80010952
core   0: 0x8000aeb2 (0x06598183) lb      gp, 101(s3)
core   0: 3 0x8000aeb2 (0x06598183) x 3 0x00000000 mem 0x8001788c
core   0: 0x8000aeb6 (0x0cb9c183) lbu     gp, 203(s3)
core   0: 3 0x8000aeb6 (0x0cb9c183) x 3 0x00000000 mem 0x800178f2
core   0: 0x8000aeba (0x01dba733) slt     a4, s7, t4
core   0: 3 0x8000aeba (0x01dba733) x14 0x00000001
core   0: 0x8000aebe (0x04399683) lh      a3, 67(s3)
core   0: 3 0x8000aebe (0x04399683) x13 0x00000000 mem 0x8001786a
core   0: 0x8000aec2 (0xfed99283) lh      t0, -19(s3)
core   0: 3 0x8000aec2 (0xfed99283) x 5 0x00000000 mem 0x80017814
core   0: 0x8000aec6 (0x00004bfd) c.li    s7, 31
core   0: 3 0x8000aec6 (0x4bfd) x23 0x0000001f
core   0: 0x8000aec8 (0x02e19eb3) mulh    t4, gp, a4
core   0: 3 0x8000aec8 (0x02e19eb3) x29 0x00000000
core   0: 0x8000aecc (0xfa598d23) sb      t0, -70(s3)
core   0: 3 0x8000aecc (0xfa598d23) mem 0x800177e1 0x0
core   0: 0x8000aed0 (0xf5498e83) lb      t4, -172(s3)
core   0: 3 0x8000aed0 (0xf5498e83) x29 0x00000000 mem 0x8001777b
core   0: 0x8000aed4 (0x408e8193) addi    gp, t4, 1032
core   0: 3 0x8000aed4 (0x408e8193) x 3 0x00000408
core   0: 0x8000aed8 (0x0b29ce83) lbu     t4, 178(s3)
core   0: 3 0x8000aed8 (0x0b29ce83) x29 0x00000000 mem 0x800178d9
core   0: 0x8000aedc (0xffc9c183) lbu     gp, -4(s3)
core   0: 3 0x8000aedc (0xffc9c183) x 3 0x00000000 mem 0x80017823
core   0: 0x8000aee0 (0x01d1e733) or      a4, gp, t4
core   0: 3 0x8000aee0 (0x01d1e733) x14 0x00000000
core   0: 0x8000aee4 (0x0000837d) c.srli  a4, 31
core   0: 3 0x8000aee4 (0x837d) x14 0x00000000
core   0: 0x8000aee6 (0x06e98e23) sb      a4, 124(s3)
core   0: 3 0x8000aee6 (0x06e98e23) mem 0x800178a3 0x0
core   0: 0x8000aeea (0x06d98523) sb      a3, 106(s3)
core   0: 3 0x8000aeea (0x06d98523) mem 0x80017891 0x0
core   0: 0x8000aeee (0xfff9d683) lhu     a3, -1(s3)
core   0: 3 0x8000aeee (0xfff9d683) x13 0x00000000 mem 0x80017826
core   0: 0x8000aef2 (0xf7398183) lb      gp, -141(s3)
core   0: 3 0x8000aef2 (0xf7398183) x 3 0x00000000 mem 0x8001779a
core   0: 0x8000aef6 (0x02398ca3) sb      gp, 57(s3)
core   0: 3 0x8000aef6 (0x02398ca3) mem 0x80017860 0x0
core   0: 0x8000aefa (0x0dd99283) lh      t0, 221(s3)
core   0: 3 0x8000aefa (0x0dd99283) x 5 0x00001600 mem 0x80017904
core   0: 0x8000aefe (0xfea98e83) lb      t4, -22(s3)
core   0: 3 0x8000aefe (0xfea98e83) x29 0x00000000 mem 0x80017811
core   0: 0x8000af02 (0x0171a2b3) slt     t0, gp, s7
core   0: 3 0x8000af02 (0x0171a2b3) x 5 0x00000001
core   0: 0x8000af06 (0xfa399da3) sh      gp, -69(s3)
core   0: 3 0x8000af06 (0xfa399da3) mem 0x800177e2 0x0000
core   0: 0x8000af0a (0xffb98683) lb      a3, -5(s3)
core   0: 3 0x8000af0a (0xffb98683) x13 0x00000000 mem 0x80017822
core   0: 0x8000af0e (0x1d2bb193) sltiu   gp, s7, 466
core   0: 3 0x8000af0e (0x1d2bb193) x 3 0x00000001
core   0: 0x8000af12 (0x0c59cb83) lbu     s7, 197(s3)
core   0: 3 0x8000af12 (0x0c59cb83) x23 0x00000000 mem 0x800178ec
core   0: 0x8000af16 (0x01398283) lb      t0, 19(s3)
core   0: 3 0x8000af16 (0x01398283) x 5 0x00000000 mem 0x8001783a
core   0: 0x8000af1a (0xf2d980a3) sb      a3, -223(s3)
core   0: 3 0x8000af1a (0xf2d980a3) mem 0x80017748 0x0
core   0: 0x8000af1e (0x06e992a3) sh      a4, 101(s3)
core   0: 3 0x8000af1e (0x06e992a3) mem 0x8001788c 0x0000
core   0: 0x8000af22 (0xf2f98703) lb      a4, -209(s3)
core   0: 3 0x8000af22 (0xf2f98703) x14 0x00000000 mem 0x80017756
core   0: 0x8000af26 (0x00d2ebb3) or      s7, t0, a3
core   0: 3 0x8000af26 (0x00d2ebb3) x23 0x00000000
core   0: 0x8000af2a (0x025722b3) mulhsu  t0, a4, t0
core   0: 3 0x8000af2a (0x025722b3) x 5 0x00000000
core   0: 0x8000af2e (0x00b1d193) srli    gp, gp, 11
core   0: 3 0x8000af2e (0x00b1d193) x 3 0x00000000
core   0: 0x8000af32 (0x0fe98703) lb      a4, 254(s3)
core   0: 3 0x8000af32 (0x0fe98703) x14 0x00000000 mem 0x80017925
core   0: 0x8000af36 (0xfae98823) sb      a4, -80(s3)
core   0: 3 0x8000af36 (0xfae98823) mem 0x800177d7 0x0
core   0: 0x8000af3a (0xf8b9de83) lhu     t4, -117(s3)
core   0: 3 0x8000af3a (0xf8b9de83) x29 0x00000000 mem 0x800177b2
core   0: 0x8000af3e (0x417281b3) sub     gp, t0, s7
core   0: 3 0x8000af3e (0x417281b3) x 3 0x00000000
core   0: 0x8000af42 (0x02d9d683) lhu     a3, 45(s3)
core   0: 3 0x8000af42 (0x02d9d683) x13 0x00000000 mem 0x80017854
core   0: 0x8000af46 (0x0439a6a3) sw      gp, 77(s3)
core   0: 3 0x8000af46 (0x0439a6a3) mem 0x80017874 0x00000000
core   0: 0x8000af4a (0x00005217) auipc   tp, 0x5
core   0: 3 0x8000af4a (0x00005217) x 4 0x8000ff4a
core   0: 0x8000af4e (0x4f020213) addi    tp, tp, 1264
core   0: 3 0x8000af4e (0x4f020213) x 4 0x8001043a
core   0: 0x8000af52 (0xfce22e83) lw      t4, -50(tp)
core   0: 3 0x8000af52 (0xfce22e83) x29 0xf2000000 mem 0x80010408
core   0: 0x8000af56 (0x000080a1) c.srli  s1, 8
core   0: 3 0x8000af56 (0x80a1) x 9 0x00000040
core   0: 0x8000af58 (0x03820b23) sb      s8, 54(tp)
core   0: 3 0x8000af58 (0x03820b23) mem 0x80010470 0x0
core   0: 0x8000af5c (0x03621883) lh      a7, 54(tp)
core   0: 3 0x8000af5c (0x03621883) x17 0x00000000 mem 0x80010470
core   0: 0x8000af60 (0x027ebd33) mulhu   s10, t4, t2
core   0: 3 0x8000af60 (0x027ebd33) x26 0x79023d32
core   0: 0x8000af64 (0x01720903) lb      s2, 23(tp)
core   0: 3 0x8000af64 (0x01720903) x18 0x00000000 mem 0x80010451
core   0: 0x8000af68 (0x00008d39) c.xor   a0, a4
core   0: 3 0x8000af68 (0x8d39) x10 0x00000000
core   0: 0x8000af6a (0xff724303) lbu     t1, -9(tp)
core   0: 3 0x8000af6a (0xff724303) x 6 0x00000000 mem 0x80010431
core   0: 0x8000af6e (0x0ff0000f) fence   iorw,iorw
core   0: 3 0x8000af6e (0x0ff0000f)
core   0: 0x8000af72 (0xfce22f83) lw      t6, -50(tp)
core   0: 3 0x8000af72 (0xfce22f83) x31 0xf2000000 mem 0x80010408
core   0: 0x8000af76 (0x03720083) lb      ra, 55(tp)
core   0: 3 0x8000af76 (0x03720083) x 1 0x00000000 mem 0x80010471
core   0: 0x8000af7a (0x04021003) lh      zero, 64(tp)
core   0: 3 0x8000af7a (0x04021003) mem 0x8001047a
core   0: 0x8000af7e (0x54196913) ori     s2, s2, 1345
core   0: 3 0x8000af7e (0x54196913) x18 0x00000541
core   0: 0x8000af82 (0x00008f29) c.xor   a4, a0
core   0: 3 0x8000af82 (0x8f29) x14 0x00000000
core   0: 0x8000af84 (0x05521023) sh      s5, 64(tp)
core   0: 3 0x8000af84 (0x05521023) mem 0x8001047a 0x9ce4
core   0: 0x8000af88 (0xff520423) sb      s5, -24(tp)
core   0: 3 0x8000af88 (0xff520423) mem 0x80010422 0xe4
core   0: 0x8000af8c (0xff320423) sb      s3, -24(tp)
core   0: 3 0x8000af8c (0xff320423) mem 0x80010422 0x27
core   0: 0x8000af90 (0xffd00493) li      s1, -3
core   0: 3 0x8000af90 (0xffd00493) x 9 0xfffffffd
core   0: 0x8000af94 (0x000082a1) c.srli  a3, 8
core   0: 3 0x8000af94 (0x82a1) x13 0x00000000
core   0: 0x8000af96 (0x00000001) c.nop
core   0: 3 0x8000af96 (0x0001)
core   0: 0x8000af98 (0x0008f233) and     tp, a7, zero
core   0: 3 0x8000af98 (0x0008f233) x 4 0x00000000
core   0: 0x8000af9c (0x3a69e213) ori     tp, s3, 934
core   0: 3 0x8000af9c (0x3a69e213) x 4 0x80017ba7
core   0: 0x8000afa0 (0x00aaedb3) or      s11, s5, a0
core   0: 3 0x8000afa0 (0x00aaedb3) x27 0x80029ce4
core   0: 0x8000afa4 (0x00cae033) or      zero, s5, a2
core   0: 3 0x8000afa4 (0x00cae033)
core   0: 0x8000afa8 (0x600d7093) andi    ra, s10, 1536
core   0: 3 0x8000afa8 (0x600d7093) x 1 0x00000400
core   0: 0x8000afac (0x02d39eb3) mulh    t4, t2, a3
core   0: 3 0x8000afac (0x02d39eb3) x29 0x00000000
core   0: 0x8000afb0 (0x0039fb33) and     s6, s3, gp
core   0: 3 0x8000afb0 (0x0039fb33) x22 0x00000000
core   0: 0x8000afb4 (0x00008c19) c.sub   s0, a4
core   0: 3 0x8000afb4 (0x8c19) x 8 0x00000000
core   0: 0x8000afb6 (0x3a134db7) lui     s11, 0x3a134
core   0: 3 0x8000afb6 (0x3a134db7) x27 0x3a134000
core   0: 0x8000afba (0xff600613) li      a2, -10
core   0: 3 0x8000afba (0xff600613) x12 0xfffffff6
core   0: 0x8000afbe (0x0067ffb3) and     t6, a5, t1
core   0: 3 0x8000afbe (0x0067ffb3) x31 0x00000000
core   0: 0x8000afc2 (0x000010fd) c.addi  ra, -1
core   0: 3 0x8000afc2 (0x10fd) x 1 0x000003ff
core   0: 0x8000afc4 (0x019fff33) and     t5, t6, s9
core   0: 3 0x8000afc4 (0x019fff33) x30 0x00000000
core   0: 0x8000afc8 (0x008d1513) slli    a0, s10, 8
core   0: 3 0x8000afc8 (0x008d1513) x10 0x023d3200
core   0: 0x8000afcc (0x00001714) c.addi4spn a3, sp, 928
core   0: 3 0x8000afcc (0x1714) x13 0x80010d53
core   0: 0x8000afce (0x41575213) srai    tp, a4, 21
core   0: 3 0x8000afce (0x41575213) x 4 0x00000000
core   0: 0x8000afd2 (0x0000806d) c.srli  s0, 27
core   0: 3 0x8000afd2 (0x806d) x 8 0x00000000
core   0: 0x8000afd4 (0x0000100f) fence.i
core   0: 3 0x8000afd4 (0x0000100f)
core   0: 0x8000afd8 (0x002e2bb3) slt     s7, t3, sp
core   0: 3 0x8000afd8 (0x002e2bb3) x23 0x00000000
core   0: 0x8000afdc (0x0144a2b3) slt     t0, s1, s4
core   0: 3 0x8000afdc (0x0144a2b3) x 5 0x00000000
core   0: 0x8000afe0 (0x000014e5) c.addi  s1, -7
core   0: 3 0x8000afe0 (0x14e5) x 9 0xfffffff6
core   0: 0x8000afe2 (0xde01c8b7) lui     a7, 0xde01c
core   0: 3 0x8000afe2 (0xde01c8b7) x17 0xde01c000
core   0: 0x8000afe6 (0x00008e2e) c.mv    t3, a1
core   0: 3 0x8000afe6 (0x8e2e) x28 0x01a73103
core   0: 0x8000afe8 (0x03d8fc33) remu    s8, a7, t4
core   0: 3 0x8000afe8 (0x03d8fc33) x24 0xde01c000
core   0: 0x8000afec (0xfcc49ce3) bne     s1, a2, pc - 40
core   0: 3 0x8000afec (0xfcc49ce3)
core   0: 0x8000aff0 (0x00008cda) c.mv    s9, s6
core   0: 3 0x8000aff0 (0x8cda) x25 0x00000000
core   0: 0x8000aff2 (0x00006c97) auipc   s9, 0x6
core   0: 3 0x8000aff2 (0x00006c97) x25 0x80010ff2
core   0: 0x8000aff6 (0x87cc8c93) addi    s9, s9, -1924
core   0: 3 0x8000aff6 (0x87cc8c93) x25 0x8001086e
core   0: 0x8000affa (0x016cae83) lw      t4, 22(s9)
core   0: 3 0x8000affa (0x016cae83) x29 0x00000000 mem 0x80010884
core   0: 0x8000affe (0x0000854d) c.srai  a0, 19
core   0: 3 0x8000affe (0x854d) x10 0x00000047
core   0: 0x8000b000 (0xe3778817) auipc   a6, 0xe3778
core   0: 3 0x8000b000 (0xe3778817) x16 0x63783000
core   0: 0x8000b004 (0xffdccf03) lbu     t5, -3(s9)
core   0: 3 0x8000b004 (0xffdccf03) x30 0x00000000 mem 0x8001086b
core   0: 0x8000b008 (0x63ad0bb7) lui     s7, 0x63ad0
core   0: 3 0x8000b008 (0x63ad0bb7) x23 0x63ad0000
core   0: 0x8000b00c (0x0bc13b93) sltiu   s7, sp, 188
core   0: 3 0x8000b00c (0x0bc13b93) x23 0x00000000
core   0: 0x8000b010 (0x016ca003) lw      zero, 22(s9)
core   0: 3 0x8000b010 (0x016ca003) mem 0x80010884
core   0: 0x8000b014 (0xfc720e13) addi    t3, tp, -57
core   0: 3 0x8000b014 (0xfc720e13) x28 0xffffffc7
core   0: 0x8000b018 (0x034c8983) lb      s3, 52(s9)
core   0: 3 0x8000b018 (0x034c8983) x19 0x00000000 mem 0x800108a2
core   0: 0x8000b01c (0x022ca403) lw      s0, 34(s9)
core   0: 3 0x8000b01c (0x022ca403) x 8 0x04bb0000 mem 0x80010890
core   0: 0x8000b020 (0x5b66ac13) slti    s8, a3, 1462
core   0: 3 0x8000b020 (0x5b66ac13) x24 0x00000001
core   0: 0x8000b024 (0x0000717d) c.addi16sp sp, -16
core   0: 3 0x8000b024 (0x717d) x 2 0x800109a3
core   0: 0x8000b026 (0xd5e23313) sltiu   t1, tp, -674
core   0: 3 0x8000b026 (0xd5e23313) x 6 0x00000001
core   0: 0x8000b02a (0x023a48b3) div     a7, s4, gp
core   0: 3 0x8000b02a (0x023a48b3) x17 0xffffffff
core   0: 0x8000b02e (0x00008cf9) c.and   s1, a4
core   0: 3 0x8000b02e (0x8cf9) x 9 0x00000000
core   0: 0x8000b030 (0x3962a813) slti    a6, t0, 918
core   0: 3 0x8000b030 (0x3962a813) x16 0x00000001
core   0: 0x8000b034 (0x02f278b3) remu    a7, tp, a5
core   0: 3 0x8000b034 (0x02f278b3) x17 0x00000000
core   0: 0x8000b038 (0x41a5ddb3) sra     s11, a1, s10
core   0: 3 0x8000b038 (0x41a5ddb3) x27 0x00000069
core   0: 0x8000b03c (0x03ff40b3) div     ra, t5, t6
core   0: 3 0x8000b03c (0x03ff40b3) x 1 0xffffffff
core   0: 0x8000b040 (0x027cc283) lbu     t0, 39(s9)
core   0: 3 0x8000b040 (0x027cc283) x 5 0x00000000 mem 0x80010895
core   0: 0x8000b044 (0x00008d01) c.sub   a0, s0
core   0: 3 0x8000b044 (0x8d01) x10 0xfb450047
core   0: 0x8000b046 (0x00001ffd) c.addi  t6, -1
core   0: 3 0x8000b046 (0x1ffd) x31 0xffffffff
core   0: 0x8000b048 (0x00cc9023) sh      a2, 0(s9)
core   0: 3 0x8000b048 (0x00cc9023) mem 0x8001086e 0xfff6
core   0: 0x8000b04c (0x00008255) c.srli  a2, 21
core   0: 3 0x8000b04c (0x8255) x12 0x000007ff
core   0: 0x8000b04e (0x00009c4a) c.add   s8, s2
core   0: 3 0x8000b04e (0x9c4a) x24 0x00000542
core   0: 0x8000b050 (0xfd6c8d03) lb      s10, -42(s9)
core   0: 3 0x8000b050 (0xfd6c8d03) x26 0x00000000 mem 0x80010844
core   0: 0x8000b054 (0x00008f01) c.sub   a4, s0
core   0: 3 0x8000b054 (0x8f01) x14 0xfb450000
core   0: 0x8000b056 (0xfd8c84a3) sb      s8, -55(s9)
core   0: 3 0x8000b056 (0xfd8c84a3) mem 0x80010837 0x42
core   0: 0x8000b05a (0x026c8083) lb      ra, 38(s9)
core   0: 3 0x8000b05a (0x026c8083) x 1 0x00000000 mem 0x80010894
core   0: 0x8000b05e (0xfc8cd803) lhu     a6, -56(s9)
core   0: 3 0x8000b05e (0xfc8cd803) x16 0x00004200 mem 0x80010836
core   0: 0x8000b062 (0x00fccc03) lbu     s8, 15(s9)
core   0: 3 0x8000b062 (0x00fccc03) x24 0x00000000 mem 0x8001087d
core   0: 0x8000b066 (0x00008bc5) c.andi  a5, 17
core   0: 3 0x8000b066 (0x8bc5) x15 0x00000000
core   0: 0x8000b068 (0x02cae1b3) rem     gp, s5, a2
core   0: 3 0x8000b068 (0x02cae1b3) x 3 0xfffffb38
core   0: 0x8000b06c (0x5f39b993) sltiu   s3, s3, 1523
core   0: 3 0x8000b06c (0x5f39b993) x19 0x00000001
core   0: 0x8000b070 (0xfe0c9f23) sh      zero, -2(s9)
core   0: 3 0x8000b070 (0xfe0c9f23) mem 0x8001086c 0x0000
core   0: 0x8000b074 (0x0ff0000f) fence   iorw,iorw
core   0: 3 0x8000b074 (0x0ff0000f)
core   0: 0x8000b078 (0x01f83d33) sltu    s10, a6, t6
core   0: 3 0x8000b078 (0x01f83d33) x26 0x00000001
core   0: 0x8000b07c (0x0356f233) remu    tp, a3, s5
core   0: 3 0x8000b07c (0x0356f233) x 4 0x80010d53
core   0: 0x8000b080 (0x028ec0b3) div     ra, t4, s0
core   0: 3 0x8000b080 (0x028ec0b3) x 1 0x00000000
core   0: 0x8000b084 (0x00009926) c.add   s2, s1
core   0: 3 0x8000b084 (0x9926) x18 0x00000541
core   0: 0x8000b086 (0x028874b3) remu    s1, a6, s0
core   0: 3 0x8000b086 (0x028874b3) x 9 0x00004200
core   0: 0x8000b08a (0x0000147d) c.addi  s0, -1
core   0: 3 0x8000b08a (0x147d) x 8 0x04baffff
core   0: 0x8000b08c (0x03c5fd33) remu    s10, a1, t3
core   0: 3 0x8000b08c (0x03c5fd33) x26 0x01a73103
core   0: 0x8000b090 (0x00ac9693) slli    a3, s9, 10
core   0: 3 0x8000b090 (0x00ac9693) x13 0x0421b800
core   0: 0x8000b094 (0x014d9233) sll     tp, s11, s4
core   0: 3 0x8000b094 (0x014d9233) x 4 0x00000069
core   0: 0x8000b098 (0x62690893) addi    a7, s2, 1574
core   0: 3 0x8000b098 (0x62690893) x17 0x00000b67
core   0: 0x8000b09c (0xbffa6893) ori     a7, s4, -1025
core   0: 3 0x8000b09c (0xbffa6893) x17 0xfffffbff
core   0: 0x8000b0a0 (0x02050133) mul     sp, a0, zero
core   0: 3 0x8000b0a0 (0x02050133) x 2 0x00000000
core   0: 0x8000b0a4 (0x035c5033) divu    zero, s8, s5
core   0: 3 0x8000b0a4 (0x035c5033)
core   0: 0x8000b0a8 (0x029e8bb3) mul     s7, t4, s1
core   0: 3 0x8000b0a8 (0x029e8bb3) x23 0x00000000
core   0: 0x8000b0ac (0x00000132) c.slli  sp, 12
core   0: 3 0x8000b0ac (0x0132) x 2 0x00000000
core   0: 0x8000b0ae (0x00b9d733) srl     a4, s3, a1
core   0: 3 0x8000b0ae (0x00b9d733) x14 0x00000000
core   0: 0x8000b0b2 (0x00006a71) c.lui   s4, 0x1c
core   0: 3 0x8000b0b2 (0x6a71) x20 0x0001c000
core   0: 0x8000b0b4 (0x036d8b33) mul     s6, s11, s6
core   0: 3 0x8000b0b4 (0x036d8b33) x22 0x00000000
core   0: 0x8000b0b8 (0x03b01333) mulh    t1, zero, s11
core   0: 3 0x8000b0b8 (0x03b01333) x 6 0x00000000
core   0: 0x8000b0bc (0x031f3b33) mulhu   s6, t5, a7
core   0: 3 0x8000b0bc (0x031f3b33) x22 0x00000000
core   0: 0x8000b0c0 (0x01ee38b3) sltu    a7, t3, t5
core   0: 3 0x8000b0c0 (0x01ee38b3) x17 0x00000000
core   0: 0x8000b0c4 (0x00ba9a63) bne     s5, a1, pc + 20
core   0: 3 0x8000b0c4 (0x00ba9a63)
core   0: 0x8000b0d8 (0x00000001) c.nop
core   0: 3 0x8000b0d8 (0x0001)
core   0: 0x8000b0da (0x0119f533) and     a0, s3, a7
core   0: 3 0x8000b0da (0x0119f533) x10 0x00000000
core   0: 0x8000b0de (0x000032b3) snez    t0, zero
core   0: 3 0x8000b0de (0x000032b3) x 5 0x00000000
core   0: 0x8000b0e2 (0xe41d2e17) auipc   t3, 0xe41d2
core   0: 3 0x8000b0e2 (0xe41d2e17) x28 0x641dd0e2
core   0: 0x8000b0e6 (0x02544fb3) div     t6, s0, t0
core   0: 3 0x8000b0e6 (0x02544fb3) x31 0xffffffff
core   0: 0x8000b0ea (0x65be0993) addi    s3, t3, 1627
core   0: 3 0x8000b0ea (0x65be0993) x19 0x641dd73d
core   0: 0x8000b0ee (0x27116893) ori     a7, sp, 625
core   0: 3 0x8000b0ee (0x27116893) x17 0x00000271
core   0: 0x8000b0f2 (0x5df6c193) xori    gp, a3, 1503
core   0: 3 0x8000b0f2 (0x5df6c193) x 3 0x0421bddf
core   0: 0x8000b0f6 (0x013eeb33) or      s6, t4, s3
core   0: 3 0x8000b0f6 (0x013eeb33) x22 0x641dd73d
core   0: 0x8000b0fa (0x0000100f) fence.i
core   0: 3 0x8000b0fa (0x0000100f)
core   0: 0x8000b0fe (0x000082ed) c.srli  a3, 27
core   0: 3 0x8000b0fe (0x82ed) x13 0x00000000
core   0: 0x8000b100 (0x00009b7d) c.andi  a4, -1
core   0: 3 0x8000b100 (0x9b7d) x14 0x00000000
core   0: 0x8000b102 (0x02dbd133) divu    sp, s7, a3
core   0: 3 0x8000b102 (0x02dbd133) x 2 0xffffffff
core   0: 0x8000b106 (0x027808b3) mul     a7, a6, t2
core   0: 3 0x8000b106 (0x027808b3) x17 0x9c53b800
core   0: 0x8000b10a (0x003d4463) blt     s10, gp, pc + 8
core   0: 3 0x8000b10a (0x003d4463)
core   0: 0x8000b112 (0x012e0bb3) add     s7, t3, s2
core   0: 3 0x8000b112 (0x012e0bb3) x23 0x641dd623
core   0: 0x8000b116 (0x4fa68693) addi    a3, a3, 1274
core   0: 3 0x8000b116 (0x4fa68693) x13 0x000004fa
core   0: 0x8000b11a (0x00034b33) xor     s6, t1, zero
core   0: 3 0x8000b11a (0x00034b33) x22 0x00000000
core   0: 0x8000b11e (0x0000997d) c.andi  a0, -1
core   0: 3 0x8000b11e (0x997d) x10 0x00000000
core   0: 0x8000b120 (0xac9b5e17) auipc   t3, 0xac9b5
core   0: 3 0x8000b120 (0xac9b5e17) x28 0x2c9c0120
core   0: 0x8000b124 (0x00004d95) c.li    s11, 5
core   0: 3 0x8000b124 (0x4d95) x27 0x00000005
core   0: 0x8000b126 (0x02356833) rem     a6, a0, gp
core   0: 3 0x8000b126 (0x02356833) x16 0x00000000
core   0: 0x8000b12a (0x0000ec9d) c.bnez  s1, pc + 62
core   0: 3 0x8000b12a (0xec9d)
core   0: 0x8000b168 (0x0000685d) c.lui   a6, 0x17
core   0: 3 0x8000b168 (0x685d) x16 0x00017000
core   0: 0x8000b16a (0x000087a1) c.srai  a5, 8
core   0: 3 0x8000b16a (0x87a1) x15 0x00000000
core   0: 0x8000b16c (0x02b4fe33) remu    t3, s1, a1
core   0: 3 0x8000b16c (0x02b4fe33) x28 0x00004200
core   0: 0x8000b170 (0x022f1d63) bne     t5, sp, pc + 58
core   0: 3 0x8000b170 (0x022f1d63)
core   0: 0x8000b1aa (0x00000001) c.nop
core   0: 3 0x8000b1aa (0x0001)
core   0: 0x8000b1ac (0x40c5d613) srai    a2, a1, 12
core   0: 3 0x8000b1ac (0x40c5d613) x12 0x00001a73
core   0: 0x8000b1b0 (0x000062f1) c.lui   t0, 0x1c
core   0: 3 0x8000b1b0 (0x62f1) x 5 0x0001c000
core   0: 0x8000b1b2 (0x00000001) c.nop
core   0: 3 0x8000b1b2 (0x0001)
core   0: 0x8000b1b4 (0x029154b3) divu    s1, sp, s1
core   0: 3 0x8000b1b4 (0x029154b3) x 9 0x0003e0f8
core   0: 0x8000b1b8 (0x0000931a) c.add   t1, t1
core   0: 3 0x8000b1b8 (0x931a) x 6 0x00000000
core   0: 0x8000b1ba (0xad4bec13) ori     s8, s7, -1324
core   0: 3 0x8000b1ba (0xad4bec13) x24 0xfffffef7
core   0: 0x8000b1be (0x411adb93) srai    s7, s5, 17
core   0: 3 0x8000b1be (0x411adb93) x23 0xffffc001
core   0: 0x8000b1c2 (0x00001600) c.addi4spn s0, sp, 800
core   0: 3 0x8000b1c2 (0x1600) x 8 0x0000031f
core   0: 0x8000b1c4 (0x0000848e) c.mv    s1, gp
core   0: 3 0x8000b1c4 (0x848e) x 9 0x0421bddf
core   0: 0x8000b1c6 (0x00000fc6) c.slli  t6, 17
core   0: 3 0x8000b1c6 (0x0fc6) x31 0xfffe0000
core   0: 0x8000b1c8 (0x000084b9) c.srai  s1, 14
core   0: 3 0x8000b1c8 (0x84b9) x 9 0x00001086
core   0: 0x8000b1ca (0x036bdb33) divu    s6, s7, s6
core   0: 3 0x8000b1ca (0x036bdb33) x22 0xffffffff
core   0: 0x8000b1ce (0x01f5ce33) xor     t3, a1, t6
core   0: 3 0x8000b1ce (0x01f5ce33) x28 0xfe593103
core   0: 0x8000b1d2 (0x00e09a13) slli    s4, ra, 14
core   0: 3 0x8000b1d2 (0x00e09a13) x20 0x00000000
core   0: 0x8000b1d6 (0x00008741) c.srai  a4, 16
core   0: 3 0x8000b1d6 (0x8741) x14 0x00000000
core   0: 0x8000b1d8 (0x00008d65) c.and   a0, s1
core   0: 3 0x8000b1d8 (0x8d65) x10 0x00000000
core   0: 0x8000b1da (0x413608b3) sub     a7, a2, s3
core   0: 3 0x8000b1da (0x413608b3) x17 0x9be24336
core   0: 0x8000b1de (0x66122713) slti    a4, tp, 1633
core   0: 3 0x8000b1de (0x66122713) x14 0x00000001
core   0: 0x8000b1e2 (0xf802abb7) lui     s7, 0xf802a
core   0: 3 0x8000b1e2 (0xf802abb7) x23 0xf802a000
core   0: 0x8000b1e6 (0x00008171) c.srli  a0, 28
core   0: 3 0x8000b1e6 (0x8171) x10 0x00000000
core   0: 0x8000b1e8 (0x02521fb3) mulh    t6, tp, t0
core   0: 3 0x8000b1e8 (0x02521fb3) x31 0x00000000
core   0: 0x8000b1ec (0xed45e513) ori     a0, a1, -300
core   0: 3 0x8000b1ec (0xed45e513) x10 0xffffffd7
core   0: 0x8000b1f0 (0x8467a313) slti    t1, a5, -1978
core   0: 3 0x8000b1f0 (0x8467a313) x 6 0x00000000
core   0: 0x8000b1f4 (0x4c353813) sltiu   a6, a0, 1219
core   0: 3 0x8000b1f4 (0x4c353813) x16 0x00000000
core   0: 0x8000b1f8 (0x000080c2) c.mv    ra, a6
core   0: 3 0x8000b1f8 (0x80c2) x 1 0x00000000
core   0: 0x8000b1fa (0x02fbf463) bgeu    s7, a5, pc + 40
core   0: 3 0x8000b1fa (0x02fbf463)
core   0: 0x8000b222 (0x41b95e93) srai    t4, s2, 27
core   0: 3 0x8000b222 (0x41b95e93) x29 0x00000000
core   0: 0x8000b226 (0x00008d6d) c.and   a0, a1
core   0: 3 0x8000b226 (0x8d6d) x10 0x01a73103
core   0: 0x8000b228 (0xb5502713) slti    a4, zero, -1195
core   0: 3 0x8000b228 (0xb5502713) x14 0x00000000
core   0: 0x8000b22c (0x41d151b3) sra     gp, sp, t4
core   0: 3 0x8000b22c (0x41d151b3) x 3 0xffffffff
core   0: 0x8000b230 (0x03b566b3) rem     a3, a0, s11
core   0: 3 0x8000b230 (0x03b566b3) x13 0x00000000
core   0: 0x8000b234 (0x0493c063) blt     t2, s1, pc + 64
core   0: 3 0x8000b234 (0x0493c063)
core   0: 0x8000b274 (0x038eabb3) mulhsu  s7, t4, s8
core   0: 3 0x8000b274 (0x038eabb3) x23 0x00000000
core   0: 0x8000b278 (0x0001c6b3) xor     a3, gp, zero
core   0: 3 0x8000b278 (0x0001c6b3) x13 0xffffffff
core   0: 0x8000b27c (0x0fda6f13) ori     t5, s4, 253
core   0: 3 0x8000b27c (0x0fda6f13) x30 0x000000fd
core   0: 0x8000b280 (0x01e66433) or      s0, a2, t5
core   0: 3 0x8000b280 (0x01e66433) x 8 0x00001aff
core   0: 0x8000b284 (0x00008fdd) c.or    a5, a5
core   0: 3 0x8000b284 (0x8fdd) x15 0x00000000
core   0: 0x8000b286 (0x000087f5) c.srai  a5, 29
core   0: 3 0x8000b286 (0x87f5) x15 0x00000000
core   0: 0x8000b288 (0x00008e09) c.sub   a2, a0
core   0: 3 0x8000b288 (0x8e09) x12 0xfe58e970
core   0: 0x8000b28a (0x0021dcb3) srl     s9, gp, sp
core   0: 3 0x8000b28a (0x0021dcb3) x25 0x00000001
core   0: 0x8000b28e (0x00008e05) c.sub   a2, s1
core   0: 3 0x8000b28e (0x8e05) x12 0xfe58d8ea
core   0: 0x8000b290 (0xd0efc093) xori    ra, t6, -754
core   0: 3 0x8000b290 (0xd0efc093) x 1 0xfffffd0e
core   0: 0x8000b294 (0x256571b7) lui     gp, 0x25657
core   0: 3 0x8000b294 (0x256571b7) x 3 0x25657000
core   0: 0x8000b298 (0x03274533) div     a0, a4, s2
core   0: 3 0x8000b298 (0x03274533) x10 0x00000000
core   0: 0x8000b29c (0x00008cdd) c.or    s1, a5
core   0: 3 0x8000b29c (0x8cdd) x 9 0x00001086
core   0: 0x8000b29e (0x499bab37) lui     s6, 0x499ba
core   0: 3 0x8000b29e (0x499bab37) x22 0x499ba000
core   0: 0x8000b2a2 (0x001f86b3) add     a3, t6, ra
core   0: 3 0x8000b2a2 (0x001f86b3) x13 0xfffffd0e
core   0: 0x8000b2a6 (0x031971b3) remu    gp, s2, a7
core   0: 3 0x8000b2a6 (0x031971b3) x 3 0x00000541
core   0: 0x8000b2aa (0x0000127d) c.addi  tp, -1
core   0: 3 0x8000b2aa (0x127d) x 4 0x00000068
core   0: 0x8000b2ac (0x037ebe33) mulhu   t3, t4, s7
core   0: 3 0x8000b2ac (0x037ebe33) x28 0x00000000
core   0: 0x8000b2b0 (0xeae6c993) xori    s3, a3, -338
core   0: 3 0x8000b2b0 (0xeae6c993) x19 0x000003a0
core   0: 0x8000b2b4 (0x000056fd) c.li    a3, -1
core   0: 3 0x8000b2b4 (0x56fd) x13 0xffffffff
core   0: 0x8000b2b6 (0x6d077013) andi    zero, a4, 1744
core   0: 3 0x8000b2b6 (0x6d077013)
core   0: 0x8000b2ba (0x00279533) sll     a0, a5, sp
core   0: 3 0x8000b2ba (0x00279533) x10 0x00000000
core   0: 0x8000b2be (0x37d94d37) lui     s10, 0x37d94
core   0: 3 0x8000b2be (0x37d94d37) x26 0x37d94000
core   0: 0x8000b2c2 (0x0000987d) c.andi  s0, -1
core   0: 3 0x8000b2c2 (0x987d) x 8 0x00001aff
core   0: 0x8000b2c4 (0xa19a3d93) sltiu   s11, s4, -1511
core   0: 3 0x8000b2c4 (0xa19a3d93) x27 0x00000001
core   0: 0x8000b2c8 (0x00008c3d) c.xor   s0, a5
core   0: 3 0x8000b2c8 (0x8c3d) x 8 0x00001aff
core   0: 0x8000b2ca (0x00000bd1) c.addi  s7, 20
core   0: 3 0x8000b2ca (0x0bd1) x23 0x00000014
core   0: 0x8000b2cc (0x00008e31) c.xor   a2, a2
core   0: 3 0x8000b2cc (0x8e31) x12 0x00000000
core   0: 0x8000b2ce (0x03cc4b33) div     s6, s8, t3
core   0: 3 0x8000b2ce (0x03cc4b33) x22 0xffffffff
core   0: 0x8000b2d2 (0x00624533) xor     a0, tp, t1
core   0: 3 0x8000b2d2 (0x00624533) x10 0x00000068
core   0: 0x8000b2d6 (0xdc563313) sltiu   t1, a2, -571
core   0: 3 0x8000b2d6 (0xdc563313) x 6 0x00000001
core   0: 0x8000b2da (0x018f5113) srli    sp, t5, 24
core   0: 3 0x8000b2da (0x018f5113) x 2 0x00000000
core   0: 0x8000b2de (0x00008021) c.srli  s0, 8
core   0: 3 0x8000b2de (0x8021) x 8 0x0000001a
core   0: 0x8000b2e0 (0x004da233) slt     tp, s11, tp
core   0: 3 0x8000b2e0 (0x004da233) x 4 0x00000001
core   0: 0x8000b2e4 (0x0000100f) fence.i
core   0: 3 0x8000b2e4 (0x0000100f)
core   0: 0x8000b2e8 (0x00008f35) c.xor   a4, a3
core   0: 3 0x8000b2e8 (0x8f35) x14 0xffffffff
core   0: 0x8000b2ea (0x00000001) c.nop
core   0: 3 0x8000b2ea (0x0001)
core   0: 0x8000b2ec (0x40148333) sub     t1, s1, ra
core   0: 3 0x8000b2ec (0x40148333) x 6 0x00001378
core   0: 0x8000b2f0 (0x0000517d) c.li    sp, -1
core   0: 3 0x8000b2f0 (0x517d) x 2 0xffffffff
core   0: 0x8000b2f2 (0x05b21c63) bne     tp, s11, pc + 88
core   0: 3 0x8000b2f2 (0x05b21c63)
core   0: 0x8000b2f6 (0x00005417) auipc   s0, 0x5
core   0: 3 0x8000b2f6 (0x00005417) x 8 0x800102f6
core   0: 0x8000b2fa (0x10740413) addi    s0, s0, 263
core   0: 3 0x8000b2fa (0x10740413) x 8 0x800103fd
core   0: 0x8000b2fe (0x00006097) auipc   ra, 0x6
core   0: 3 0x8000b2fe (0x00006097) x 1 0x800112fe
core   0: 0x8000b302 (0xb4708093) addi    ra, ra, -1209
core   0: 3 0x8000b302 (0xb4708093) x 1 0x80010e45
core   0: 0x8000b306 (0xff740b03) lb      s6, -9(s0)
core   0: 3 0x8000b306 (0xff740b03) x22 0x00000000 mem 0x800103f4
core   0: 0x8000b30a (0xea5090a3) sh      t0, -351(ra)
core   0: 3 0x8000b30a (0xea5090a3) mem 0x80010ce6 0xc000
core   0: 0x8000b30e (0x00e404a3) sb      a4, 9(s0)
core   0: 3 0x8000b30e (0x00e404a3) mem 0x80010406 0xff
core   0: 0x8000b312 (0xe690dd83) lhu     s11, -407(ra)
core   0: 3 0x8000b312 (0xe690dd83) x27 0x00000000 mem 0x80010cae
core   0: 0x8000b316 (0xff640483) lb      s1, -10(s0)
core   0: 3 0x8000b316 (0xff640483) x 9 0x00000000 mem 0x800103f3
core   0: 0x8000b31a (0x00741883) lh      a7, 7(s0)
core   0: 3 0x8000b31a (0x00741883) x17 0x00000000 mem 0x80010404
core   0: 0x8000b31e (0xc0808c23) sb      s0, -1000(ra)
core   0: 3 0x8000b31e (0xc0808c23) mem 0x80010a5d 0xfd
core   0: 0x8000b322 (0x008427a3) sw      s0, 15(s0)
core   0: 3 0x8000b322 (0x008427a3) mem 0x8001040c 0x800103fd
core   0: 0x8000b326 (0xc780c183) lbu     gp, -904(ra)
core   0: 3 0x8000b326 (0xc780c183) x 3 0x00000000 mem 0x80010abd
core   0: 0x8000b32a (0xf6308b83) lb      s7, -157(ra)
core   0: 3 0x8000b32a (0xf6308b83) x23 0x00000000 mem 0x80010da8
core   0: 0x8000b32e (0x00c415a3) sh      a2, 11(s0)
core   0: 3 0x8000b32e (0x00c415a3) mem 0x80010408 0x0000
core   0: 0x8000b332 (0x98908503) lb      a0, -1655(ra)
core   0: 3 0x8000b332 (0x98908503) x10 0x00000000 mem 0x800107ce
core   0: 0x8000b336 (0x006414a3) sh      t1, 9(s0)
core   0: 3 0x8000b336 (0x006414a3) mem 0x80010406 0x1378
core   0: 0x8000b33a (0x81e08183) lb      gp, -2018(ra)
core   0: 3 0x8000b33a (0x81e08183) x 3 0x00000000 mem 0x80010663
core   0: 0x8000b33e (0xcf208723) sb      s2, -786(ra)
core   0: 3 0x8000b33e (0xcf208723) mem 0x80010b33 0x41
core   0: 0x8000b342 (0xc1708923) sb      s7, -1006(ra)
core   0: 3 0x8000b342 (0xc1708923) mem 0x80010a57 0x0
core   0: 0x8000b346 (0xffc40ba3) sb      t3, -9(s0)
core   0: 3 0x8000b346 (0xffc40ba3) mem 0x800103f4 0x0
core   0: 0x8000b34a (0x01e44f63) blt     s0, t5, pc + 30
core   0: 3 0x8000b34a (0x01e44f63)
core   0: 0x8000b368 (0x359c7f93) andi    t6, s8, 857
core   0: 3 0x8000b368 (0x359c7f93) x31 0x00000251
core   0: 0x8000b36c (0x0000e609) c.bnez  a2, pc + 10
core   0: 3 0x8000b36c (0xe609)
core   0: 0x8000b36e (0x3e2e0513) addi    a0, t3, 994
core   0: 3 0x8000b36e (0x3e2e0513) x10 0x000003e2
core   0: 0x8000b372 (0x5b9ca893) slti    a7, s9, 1465
core   0: 3 0x8000b372 (0x5b9ca893) x17 0x00000001
core   0: 0x8000b376 (0x807e0317) auipc   t1, 0x807e0
core   0: 3 0x8000b376 (0x807e0317) x 6 0x007eb376
core   0: 0x8000b37a (0x0000b117) auipc   sp, 0xb
core   0: 3 0x8000b37a (0x0000b117) x 2 0x8001637a
core   0: 0x8000b37e (0xe6e10113) addi    sp, sp, -402
core   0: 3 0x8000b37e (0xe6e10113) x 2 0x800161e8
core   0: 0x8000b382 (0xfee10e23) sb      a4, -4(sp)
core   0: 3 0x8000b382 (0xfee10e23) mem 0x800161e4 0xff
core   0: 0x8000b386 (0xffc14a03) lbu     s4, -4(sp)
core   0: 3 0x8000b386 (0xffc14a03) x20 0x000000ff mem 0x800161e4
core   0: 0x8000b38a (0xfed11e23) sh      a3, -4(sp)
core   0: 3 0x8000b38a (0xfed11e23) mem 0x800161e4 0xffff
core   0: 0x8000b38e (0xfef11e23) sh      a5, -4(sp)
core   0: 3 0x8000b38e (0xfef11e23) mem 0x800161e4 0x0000
core   0: 0x8000b392 (0xffc11003) lh      zero, -4(sp)
core   0: 3 0x8000b392 (0xffc11003) mem 0x800161e4
core   0: 0x8000b396 (0x0024e233) or      tp, s1, sp
core   0: 3 0x8000b396 (0x0024e233) x 4 0x800161e8
core   0: 0x8000b39a (0xffc11d83) lh      s11, -4(sp)
core   0: 3 0x8000b39a (0xffc11d83) x27 0x00000000 mem 0x800161e4
core   0: 0x8000b39e (0xff612e23) sw      s6, -4(sp)
core   0: 3 0x8000b39e (0xff612e23) mem 0x800161e4 0x00000000
core   0: 0x8000b3a2 (0xffc10703) lb      a4, -4(sp)
core   0: 3 0x8000b3a2 (0xffc10703) x14 0x00000000 mem 0x800161e4
core   0: 0x8000b3a6 (0xffc10b03) lb      s6, -4(sp)
core   0: 3 0x8000b3a6 (0xffc10b03) x22 0x00000000 mem 0x800161e4
core   0: 0x8000b3aa (0xffc14683) lbu     a3, -4(sp)
core   0: 3 0x8000b3aa (0xffc14683) x13 0x00000000 mem 0x800161e4
core   0: 0x8000b3ae (0xffc10283) lb      t0, -4(sp)
core   0: 3 0x8000b3ae (0xffc10283) x 5 0x00000000 mem 0x800161e4
core   0: 0x8000b3b2 (0xffc15c83) lhu     s9, -4(sp)
core   0: 3 0x8000b3b2 (0xffc15c83) x25 0x00000000 mem 0x800161e4
core   0: 0x8000b3b6 (0x0000e699) c.bnez  a3, pc + 14
core   0: 3 0x8000b3b6 (0xe699)
core   0: 0x8000b3b8 (0x00279c93) slli    s9, a5, 2
core   0: 3 0x8000b3b8 (0x00279c93) x25 0x00000000
core   0: 0x8000b3bc (0x02056433) rem     s0, a0, zero
core   0: 3 0x8000b3bc (0x02056433) x 8 0x000003e2
core   0: 0x8000b3c0 (0x02a23a33) mulhu   s4, tp, a0
core   0: 3 0x8000b3c0 (0x02a23a33) x20 0x000001f1
core   0: 0x8000b3c4 (0x00000800) c.addi4spn s0, sp, 16
core   0: 3 0x8000b3c4 (0x0800) x 8 0x800161f8
core   0: 0x8000b3c6 (0x00008055) c.srli  s0, 21
core   0: 3 0x8000b3c6 (0x8055) x 8 0x00000400
core   0: 0x8000b3c8 (0xb2a5c793) xori    a5, a1, -1238
core   0: 3 0x8000b3c8 (0xb2a5c793) x15 0xfe58ca29
core   0: 0x8000b3cc (0x00209d33) sll     s10, ra, sp
core   0: 3 0x8000b3cc (0x00209d33) x26 0x010e4500
core   0: 0x8000b3d0 (0x0396e263) bltu    a3, s9, pc + 36
core   0: 3 0x8000b3d0 (0x0396e263)
core   0: 0x8000b3d4 (0x0134f963) bgeu    s1, s3, pc + 18
core   0: 3 0x8000b3d4 (0x0134f963)
core   0: 0x8000b3d8 (0x02aad533) divu    a0, s5, a0
core   0: 3 0x8000b3d8 (0x02aad533) x10 0x0020f7ea
core   0: 0x8000b3dc (0x59c53f13) sltiu   t5, a0, 1436
core   0: 3 0x8000b3dc (0x59c53f13) x30 0x00000000
core   0: 0x8000b3e0 (0x0000c701) c.beqz  a4, pc + 8
core   0: 3 0x8000b3e0 (0xc701)
core   0: 0x8000b3e8 (0x000084b5) c.srai  s1, 13
core   0: 3 0x8000b3e8 (0x84b5) x 9 0x00000000
core   0: 0x8000b3ea (0x00006131) c.addi16sp sp, 320
core   0: 3 0x8000b3ea (0x6131) x 2 0x80016328
core   0: 0x8000b3ec (0x01e0a933) slt     s2, ra, t5
core   0: 3 0x8000b3ec (0x01e0a933) x18 0x00000001
core   0: 0x8000b3f0 (0x0225c9b3) div     s3, a1, sp
core   0: 3 0x8000b3f0 (0x0225c9b3) x19 0x00000000
core   0: 0x8000b3f4 (0x008e46b3) xor     a3, t3, s0
core   0: 3 0x8000b3f4 (0x008e46b3) x13 0x00000400
core   0: 0x8000b3f8 (0x01168e33) add     t3, a3, a7
core   0: 3 0x8000b3f8 (0x01168e33) x28 0x00000401
core   0: 0x8000b3fc (0x02d808b3) mul     a7, a6, a3
core   0: 3 0x8000b3fc (0x02d808b3) x17 0x00000000
core   0: 0x8000b400 (0x2d996e13) ori     t3, s2, 729
core   0: 3 0x8000b400 (0x2d996e13) x28 0x000002d9
core   0: 0x8000b404 (0x41cfdc93) srai    s9, t6, 28
core   0: 3 0x8000b404 (0x41cfdc93) x25 0x00000000
core   0: 0x8000b408 (0x0000100f) fence.i
core   0: 3 0x8000b408 (0x0000100f)
core   0: 0x8000b40c (0x00008d11) c.sub   a0, a2
core   0: 3 0x8000b40c (0x8d11) x10 0x0020f7ea
core   0: 0x8000b40e (0x413d5db3) sra     s11, s10, s3
core   0: 3 0x8000b40e (0x413d5db3) x27 0x010e4500
core   0: 0x8000b412 (0xfbaa6a13) ori     s4, s4, -70
core   0: 3 0x8000b412 (0xfbaa6a13) x20 0xfffffffb
core   0: 0x8000b416 (0x01b4c6b3) xor     a3, s1, s11
core   0: 3 0x8000b416 (0x01b4c6b3) x13 0x010e4500
core   0: 0x8000b41a (0x0000611d) c.addi16sp sp, 416
core   0: 3 0x8000b41a (0x611d) x 2 0x800164c8
core   0: 0x8000b41c (0x0000577d) c.li    a4, -1
core   0: 3 0x8000b41c (0x577d) x14 0xffffffff
core   0: 0x8000b41e (0x008531b3) sltu    gp, a0, s0
core   0: 3 0x8000b41e (0x008531b3) x 3 0x00000000
core   0: 0x8000b422 (0x03c08e63) beq     ra, t3, pc + 60
core   0: 3 0x8000b422 (0x03c08e63)
core   0: 0x8000b426 (0x00008c31) c.xor   s0, a2
core   0: 3 0x8000b426 (0x8c31) x 8 0x00000400
core   0: 0x8000b428 (0x00000c26) c.slli  s8, 9
core   0: 3 0x8000b428 (0x0c26) x24 0xfffdee00
core   0: 0x8000b42a (0x0000861d) c.srai  a2, 7
core   0: 3 0x8000b42a (0x861d) x12 0x00000000
core   0: 0x8000b42c (0x221cec97) auipc   s9, 0x221ce
core   0: 3 0x8000b42c (0x221cec97) x25 0xa21d942c
core   0: 0x8000b430 (0x02fd4363) blt     s10, a5, pc + 38
core   0: 3 0x8000b430 (0x02fd4363)
core   0: 0x8000b434 (0x0036fe33) and     t3, a3, gp
core   0: 3 0x8000b434 (0x0036fe33) x28 0x00000000
core   0: 0x8000b438 (0x0000c421) c.beqz  s0, pc + 72
core   0: 3 0x8000b438 (0xc421)
core   0: 0x8000b43a (0x03474f33) div     t5, a4, s4
core   0: 3 0x8000b43a (0x03474f33) x30 0x00000000
core   0: 0x8000b43e (0x0002d713) srli    a4, t0, 0
core   0: 3 0x8000b43e (0x0002d713) x14 0x00000000
core   0: 0x8000b442 (0x0355e263) bltu    a1, s5, pc + 36
core   0: 3 0x8000b442 (0x0355e263)
core   0: 0x8000b466 (0x00005bfd) c.li    s7, -1
core   0: 3 0x8000b466 (0x5bfd) x23 0xffffffff
core   0: 0x8000b468 (0x033c9c63) bne     s9, s3, pc + 56
core   0: 3 0x8000b468 (0x033c9c63)
core   0: 0x8000b4a0 (0x00559e13) slli    t3, a1, 5
core   0: 3 0x8000b4a0 (0x00559e13) x28 0x34e62060
core   0: 0x8000b4a4 (0x40275f93) srai    t6, a4, 2
core   0: 3 0x8000b4a4 (0x40275f93) x31 0x00000000
core   0: 0x8000b4a8 (0x0ff0000f) fence   iorw,iorw
core   0: 3 0x8000b4a8 (0x0ff0000f)
core   0: 0x8000b4ac (0x01290533) add     a0, s2, s2
core   0: 3 0x8000b4ac (0x01290533) x10 0x00000002
core   0: 0x8000b4b0 (0x030af7b3) remu    a5, s5, a6
core   0: 3 0x8000b4b0 (0x030af7b3) x15 0x80029ce4
core   0: 0x8000b4b4 (0x4014d4b3) sra     s1, s1, ra
core   0: 3 0x8000b4b4 (0x4014d4b3) x 9 0x00000000
core   0: 0x8000b4b8 (0x00008ced) c.and   s1, a1
core   0: 3 0x8000b4b8 (0x8ced) x 9 0x00000000
core   0: 0x8000b4ba (0x0000100f) fence.i
core   0: 3 0x8000b4ba (0x0000100f)
core   0: 0x8000b4be (0x00009f4a) c.add   t5, s2
core   0: 3 0x8000b4be (0x9f4a) x30 0x00000001
core   0: 0x8000b4c0 (0x01a520b3) slt     ra, a0, s10
core   0: 3 0x8000b4c0 (0x01a520b3) x 1 0x00000001
core   0: 0x8000b4c4 (0x8ae4ab17) auipc   s6, 0x8ae4a
core   0: 3 0x8000b4c4 (0x8ae4ab17) x22 0x0ae554c4
core   0: 0x8000b4c8 (0x0000e09d) c.bnez  s1, pc + 38
core   0: 3 0x8000b4c8 (0xe09d)
core   0: 0x8000b4ca (0x000001a5) c.addi  gp, 9
core   0: 3 0x8000b4ca (0x01a5) x 3 0x00000009
core   0: 0x8000b4cc (0x00576b33) or      s6, a4, t0
core   0: 3 0x8000b4cc (0x00576b33) x22 0x00000000
core   0: 0x8000b4d0 (0x6bd84713) xori    a4, a6, 1725
core   0: 3 0x8000b4d0 (0x6bd84713) x14 0x000006bd
core   0: 0x8000b4d4 (0x01d3d113) srli    sp, t2, 29
core   0: 3 0x8000b4d4 (0x01d3d113) x 2 0x00000004
core   0: 0x8000b4d8 (0x03a124b3) mulhsu  s1, sp, s10
core   0: 3 0x8000b4d8 (0x03a124b3) x 9 0x00000000
core   0: 0x8000b4dc (0x03099433) mulh    s0, s3, a6
core   0: 3 0x8000b4dc (0x03099433) x 8 0x00000000
core   0: 0x8000b4e0 (0x0000100f) fence.i
core   0: 3 0x8000b4e0 (0x0000100f)
core   0: 0x8000b4e4 (0x02d55b63) bge     a0, a3, pc + 54
core   0: 3 0x8000b4e4 (0x02d55b63)
core   0: 0x8000b4e8 (0x41a6d4b3) sra     s1, a3, s10
core   0: 3 0x8000b4e8 (0x41a6d4b3) x 9 0x010e4500
core   0: 0x8000b4ec (0x00000001) c.nop
core   0: 3 0x8000b4ec (0x0001)
core   0: 0x8000b4ee (0x00001590) c.addi4spn a2, sp, 736
core   0: 3 0x8000b4ee (0x1590) x12 0x000002e4
core   0: 0x8000b4f0 (0x00000d10) c.addi4spn a2, sp, 656
core   0: 3 0x8000b4f0 (0x0d10) x12 0x00000294
core   0: 0x8000b4f2 (0x01445e93) srli    t4, s0, 20
core   0: 3 0x8000b4f2 (0x01445e93) x29 0x00000000
core   0: 0x8000b4f6 (0x01849b13) slli    s6, s1, 24
core   0: 3 0x8000b4f6 (0x01849b13) x22 0x00000000
core   0: 0x8000b4fa (0x0386c463) blt     a3, s8, pc + 40
core   0: 3 0x8000b4fa (0x0386c463)
core   0: 0x8000b4fe (0x014f1a13) slli    s4, t5, 20
core   0: 3 0x8000b4fe (0x014f1a13) x20 0x00100000
core   0: 0x8000b502 (0x00000001) c.nop
core   0: 3 0x8000b502 (0x0001)
core   0: 0x8000b504 (0x40f10733) sub     a4, sp, a5
core   0: 3 0x8000b504 (0x40f10733) x14 0x7ffd6320
core   0: 0x8000b508 (0x19db0797) auipc   a5, 0x19db0
core   0: 3 0x8000b508 (0x19db0797) x15 0x99dbb508
core   0: 0x8000b50c (0x02e9b333) mulhu   t1, s3, a4
core   0: 3 0x8000b50c (0x02e9b333) x 6 0x00000000
core   0: 0x8000b510 (0x037cc333) div     t1, s9, s7
core   0: 3 0x8000b510 (0x037cc333) x 6 0x5de26bd4
core   0: 0x8000b514 (0x21717213) andi    tp, sp, 535
core   0: 3 0x8000b514 (0x21717213) x 4 0x00000004
core   0: 0x8000b518 (0x00009bfd) c.andi  a5, -1
core   0: 3 0x8000b518 (0x9bfd) x15 0x99dbb508
core   0: 0x8000b51a (0x0000c0a1) c.beqz  s1, pc + 64
core   0: 3 0x8000b51a (0xc0a1)
core   0: 0x8000b51c (0x40dd5913) srai    s2, s10, 13
core   0: 3 0x8000b51c (0x40dd5913) x18 0x00000872
core   0: 0x8000b520 (0x000097de) c.add   a5, s7
core   0: 3 0x8000b520 (0x97de) x15 0x99dbb507
core   0: 0x8000b522 (0x41050eb3) sub     t4, a0, a6
core   0: 3 0x8000b522 (0x41050eb3) x29 0x00000002
core   0: 0x8000b526 (0x0000e085) c.bnez  s1, pc + 32
core   0: 3 0x8000b526 (0xe085)
core   0: 0x8000b546 (0x000098ee) c.add   a7, s11
core   0: 3 0x8000b546 (0x98ee) x17 0x010e4500
core   0: 0x8000b548 (0x039878b3) remu    a7, a6, s9
core   0: 3 0x8000b548 (0x039878b3) x17 0x00000000
core   0: 0x8000b54c (0x11fbc613) xori    a2, s7, 287
core   0: 3 0x8000b54c (0x11fbc613) x12 0xfffffee0
core   0: 0x8000b550 (0x0072dbb3) srl     s7, t0, t2
core   0: 3 0x8000b550 (0x0072dbb3) x23 0x00000000
core   0: 0x8000b554 (0x0072fa33) and     s4, t0, t2
core   0: 3 0x8000b554 (0x0072fa33) x20 0x00000000
core   0: 0x8000b558 (0x0000997d) c.andi  a0, -1
core   0: 3 0x8000b558 (0x997d) x10 0x00000002
core   0: 0x8000b55a (0xed1f0d93) addi    s11, t5, -303
core   0: 3 0x8000b55a (0xed1f0d93) x27 0xfffffed2
core   0: 0x8000b55e (0x010c0933) add     s2, s8, a6
core   0: 3 0x8000b55e (0x010c0933) x18 0xfffdee00
core   0: 0x8000b562 (0x01df9d33) sll     s10, t6, t4
core   0: 3 0x8000b562 (0x01df9d33) x26 0x00000000
core   0: 0x8000b566 (0x3a492913) slti    s2, s2, 932
core   0: 3 0x8000b566 (0x3a492913) x18 0x00000001
core   0: 0x8000b56a (0x00008d1d) c.sub   a0, a5
core   0: 3 0x8000b56a (0x8d1d) x10 0x66244afb
core   0: 0x8000b56c (0x000016fd) c.addi  a3, -1
core   0: 3 0x8000b56c (0x16fd) x13 0x010e44ff
core   0: 0x8000b56e (0x0000875d) c.srai  a4, 23
core   0: 3 0x8000b56e (0x875d) x14 0x000000ff
core   0: 0x8000b570 (0x01a99913) slli    s2, s3, 26
core   0: 3 0x8000b570 (0x01a99913) x18 0x00000000
core   0: 0x8000b574 (0x00008e1d) c.sub   a2, a5
core   0: 3 0x8000b574 (0x8e1d) x12 0x662449d9
core   0: 0x8000b576 (0x0282d033) divu    zero, t0, s0
core   0: 3 0x8000b576 (0x0282d033)
core   0: 0x8000b57a (0x000051fd) c.li    gp, -1
core   0: 3 0x8000b57a (0x51fd) x 3 0xffffffff
core   0: 0x8000b57c (0x01345433) srl     s0, s0, s3
core   0: 3 0x8000b57c (0x01345433) x 8 0x00000000
core   0: 0x8000b580 (0x03c64bb3) div     s7, a2, t3
core   0: 3 0x8000b580 (0x03c64bb3) x23 0x00000001
core   0: 0x8000b584 (0x00005b7d) c.li    s6, -1
core   0: 3 0x8000b584 (0x5b7d) x22 0xffffffff
core   0: 0x8000b586 (0x00008ce1) c.and   s1, s0
core   0: 3 0x8000b586 (0x8ce1) x 9 0x00000000
core   0: 0x8000b588 (0x02f5e063) bltu    a1, a5, pc + 32
core   0: 3 0x8000b588 (0x02f5e063)
core   0: 0x8000b5a8 (0x00008c71) c.and   s0, a2
core   0: 3 0x8000b5a8 (0x8c71) x 8 0x00000000
core   0: 0x8000b5aa (0x000087f9) c.srai  a5, 30
core   0: 3 0x8000b5aa (0x87f9) x15 0xfffffffe
core   0: 0x8000b5ac (0x3dec6a13) ori     s4, s8, 990
core   0: 3 0x8000b5ac (0x3dec6a13) x20 0xfffdefde
core   0: 0x8000b5b0 (0x00000c56) c.slli  s8, 21
core   0: 3 0x8000b5b0 (0x0c56) x24 0xc0000000
core   0: 0x8000b5b2 (0x02984f63) blt     a6, s1, pc + 62
core   0: 3 0x8000b5b2 (0x02984f63)
core   0: 0x8000b5b6 (0x71c42c13) slti    s8, s0, 1820
core   0: 3 0x8000b5b6 (0x71c42c13) x24 0x00000001
core   0: 0x8000b5ba (0x010c5093) srli    ra, s8, 16
core   0: 3 0x8000b5ba (0x010c5093) x 1 0x00000000
core   0: 0x8000b5be (0x055e9263) bne     t4, s5, pc + 68
core   0: 3 0x8000b5be (0x055e9263)
core   0: 0x8000b602 (0x00008f49) c.or    a4, a0
core   0: 3 0x8000b602 (0x8f49) x14 0x66244aff
core   0: 0x8000b604 (0x00000ded) c.addi  s11, 27
core   0: 3 0x8000b604 (0x0ded) x27 0xfffffeed
core   0: 0x8000b606 (0x40255533) sra     a0, a0, sp
core   0: 3 0x8000b606 (0x40255533) x10 0x066244af
core   0: 0x8000b60a (0x00005b17) auipc   s6, 0x5
core   0: 3 0x8000b60a (0x00005b17) x22 0x8001060a
core   0: 0x8000b60e (0xe9db0b13) addi    s6, s6, -355
core   0: 3 0x8000b60e (0xe9db0b13) x22 0x800104a7
core   0: 0x8000b612 (0xc87bf193) andi    gp, s7, -889
core   0: 3 0x8000b612 (0xc87bf193) x 3 0x00000001
core   0: 0x8000b616 (0x029b24a3) sw      s1, 41(s6)
core   0: 3 0x8000b616 (0x029b24a3) mem 0x800104d0 0x00000000
core   0: 0x8000b61a (0x00008cc1) c.or    s1, s0
core   0: 3 0x8000b61a (0x8cc1) x 9 0x00000000
core   0: 0x8000b61c (0xf17b22a3) sw      s7, -251(s6)
core   0: 3 0x8000b61c (0xf17b22a3) mem 0x800103ac 0x00000001
core   0: 0x8000b620 (0x0000100f) fence.i
core   0: 3 0x8000b620 (0x0000100f)
core   0: 0x8000b624 (0x0a3b0c23) sb      gp, 184(s6)
core   0: 3 0x8000b624 (0x0a3b0c23) mem 0x8001055f 0x1
core   0: 0x8000b628 (0x0dbb0d83) lb      s11, 219(s6)
core   0: 3 0x8000b628 (0x0dbb0d83) x27 0x00000000 mem 0x80010582
core   0: 0x8000b62c (0x029bcbb3) div     s7, s7, s1
core   0: 3 0x8000b62c (0x029bcbb3) x23 0xffffffff
core   0: 0x8000b630 (0xf5eb0183) lb      gp, -162(s6)
core   0: 3 0x8000b630 (0xf5eb0183) x 3 0x00000000 mem 0x80010405
core   0: 0x8000b634 (0x049b0c23) sb      s1, 88(s6)
core   0: 3 0x8000b634 (0x049b0c23) mem 0x800104ff 0x0
core   0: 0x8000b638 (0xf1ab0183) lb      gp, -230(s6)
core   0: 3 0x8000b638 (0xf1ab0183) x 3 0x00000000 mem 0x800103c1
core   0: 0x8000b63c (0x00009436) c.add   s0, a3
core   0: 3 0x8000b63c (0x9436) x 8 0x010e44ff
core   0: 0x8000b63e (0x0c3b0223) sb      gp, 196(s6)
core   0: 3 0x8000b63e (0x0c3b0223) mem 0x8001056b 0x0
core   0: 0x8000b642 (0x0376adb3) mulhsu  s11, a3, s7
core   0: 3 0x8000b642 (0x0376adb3) x27 0x010e44fe
core   0: 0x8000b646 (0x023b9433) mulh    s0, s7, gp
core   0: 3 0x8000b646 (0x023b9433) x 8 0x00000000
core   0: 0x8000b64a (0xf48b0423) sb      s0, -184(s6)
core   0: 3 0x8000b64a (0xf48b0423) mem 0x800103ef 0x0
core   0: 0x8000b64e (0x023b0823) sb      gp, 48(s6)
core   0: 3 0x8000b64e (0x023b0823) mem 0x800104d7 0x0
core   0: 0x8000b652 (0x065b1483) lh      s1, 101(s6)
core   0: 3 0x8000b652 (0x065b1483) x 9 0x00000000 mem 0x8001050c
core   0: 0x8000b656 (0xf66b4403) lbu     s0, -154(s6)
core   0: 3 0x8000b656 (0xf66b4403) x 8 0x00000003 mem 0x8001040d
core   0: 0x8000b65a (0x000080ad) c.srli  s1, 11
core   0: 3 0x8000b65a (0x80ad) x 9 0x00000000
core   0: 0x8000b65c (0x0a946d93) ori     s11, s0, 169
core   0: 3 0x8000b65c (0x0a946d93) x27 0x000000ab
core   0: 0x8000b660 (0x00000001) c.nop
core   0: 3 0x8000b660 (0x0001)
core   0: 0x8000b662 (0x00000001) c.nop
core   0: 3 0x8000b662 (0x0001)
core   0: 0x8000b664 (0x003dadb3) slt     s11, s11, gp
core   0: 3 0x8000b664 (0x003dadb3) x27 0x00000000
core   0: 0x8000b668 (0xf04b4683) lbu     a3, -252(s6)
core   0: 3 0x8000b668 (0xf04b4683) x13 0x00000000 mem 0x800103ab
core   0: 0x8000b66c (0x4096d6b3) sra     a3, a3, s1
core   0: 3 0x8000b66c (0x4096d6b3) x13 0x00000000
core   0: 0x8000b670 (0x01bda433) slt     s0, s11, s11
core   0: 3 0x8000b670 (0x01bda433) x 8 0x00000000
core   0: 0x8000b674 (0x0dbb2ca3) sw      s11, 217(s6)
core   0: 3 0x8000b674 (0x0dbb2ca3) mem 0x80010580 0x00000000
core   0: 0x8000b678 (0xf29b17a3) sh      s1, -209(s6)
core   0: 3 0x8000b678 (0xf29b17a3) mem 0x800103d6 0x0000
core   0: 0x8000b67c (0x005b4d83) lbu     s11, 5(s6)
core   0: 3 0x8000b67c (0x005b4d83) x27 0x00000000 mem 0x800104ac
core   0: 0x8000b680 (0xf32b0483) lb      s1, -206(s6)
core   0: 3 0x8000b680 (0xf32b0483) x 9 0x00000000 mem 0x800103d9
core   0: 0x8000b684 (0xf25b1b83) lh      s7, -219(s6)
core   0: 3 0x8000b684 (0xf25b1b83) x23 0x00000000 mem 0x800103cc
core   0: 0x8000b688 (0x0bbb1683) lh      a3, 187(s6)
core   0: 3 0x8000b688 (0x0bbb1683) x13 0x00000000 mem 0x80010562
core   0: 0x8000b68c (0x008bb433) sltu    s0, s7, s0
core   0: 3 0x8000b68c (0x008bb433) x 8 0x00000000
core   0: 0x8000b690 (0x05cb4683) lbu     a3, 92(s6)
core   0: 3 0x8000b690 (0x05cb4683) x13 0x00000000 mem 0x80010503
core   0: 0x8000b694 (0x0296dbb3) divu    s7, a3, s1
core   0: 3 0x8000b694 (0x0296dbb3) x23 0xffffffff
core   0: 0x8000b698 (0xfe3b0423) sb      gp, -24(s6)
core   0: 3 0x8000b698 (0xfe3b0423) mem 0x8001048f 0x0
core   0: 0x8000b69c (0x00d491b3) sll     gp, s1, a3
core   0: 3 0x8000b69c (0x00d491b3) x 3 0x00000000
core   0: 0x8000b6a0 (0xf9db2d83) lw      s11, -99(s6)
core   0: 3 0x8000b6a0 (0xf9db2d83) x27 0x00000000 mem 0x80010444
core   0: 0x8000b6a4 (0x0a0b4683) lbu     a3, 160(s6)
core   0: 3 0x8000b6a4 (0x0a0b4683) x13 0x00000000 mem 0x80010547
core   0: 0x8000b6a8 (0x0a9b4d83) lbu     s11, 169(s6)
core   0: 3 0x8000b6a8 (0x0a9b4d83) x27 0x00000000 mem 0x80010550
core   0: 0x8000b6ac (0x0000100f) fence.i
core   0: 3 0x8000b6ac (0x0000100f)
core   0: 0x8000b6b0 (0x0edb0223) sb      a3, 228(s6)
core   0: 3 0x8000b6b0 (0x0edb0223) mem 0x8001058b 0x0
core   0: 0x8000b6b4 (0xd9af0313) addi    t1, t5, -614
core   0: 3 0x8000b6b4 (0xd9af0313) x 6 0xfffffd9b
core   0: 0x8000b6b8 (0x00401c63) bne     zero, tp, pc + 24
core   0: 3 0x8000b6b8 (0x00401c63)
core   0: 0x8000b6d0 (0x000080c9) c.srli  s1, 18
core   0: 3 0x8000b6d0 (0x80c9) x 9 0x00000000
core   0: 0x8000b6d2 (0x0280e9b3) rem     s3, ra, s0
core   0: 3 0x8000b6d2 (0x0280e9b3) x19 0x00000000
core   0: 0x8000b6d6 (0x401d5613) srai    a2, s10, 1
core   0: 3 0x8000b6d6 (0x401d5613) x12 0x00000000
core   0: 0x8000b6da (0x036bc533) div     a0, s7, s6
core   0: 3 0x8000b6da (0x036bc533) x10 0x00000000
core   0: 0x8000b6de (0x000089ca) c.mv    s3, s2
core   0: 3 0x8000b6de (0x89ca) x19 0x00000000
core   0: 0x8000b6e0 (0x032be033) rem     zero, s7, s2
core   0: 3 0x8000b6e0 (0x032be033)
core   0: 0x8000b6e4 (0x00d032b3) snez    t0, a3
core   0: 3 0x8000b6e4 (0x00d032b3) x 5 0x00000000
core   0: 0x8000b6e8 (0x005b5263) bge     s6, t0, pc + 4
core   0: 3 0x8000b6e8 (0x005b5263)
core   0: 0x8000b6ec (0x0216a633) mulhsu  a2, a3, ra
core   0: 3 0x8000b6ec (0x0216a633) x12 0x00000000
core   0: 0x8000b6f0 (0x000086f1) c.srai  a3, 28
core   0: 3 0x8000b6f0 (0x86f1) x13 0x00000000
core   0: 0x8000b6f2 (0x02a7ec33) rem     s8, a5, a0
core   0: 3 0x8000b6f2 (0x02a7ec33) x24 0xfffffffe
core   0: 0x8000b6f6 (0x4020d693) srai    a3, ra, 2
core   0: 3 0x8000b6f6 (0x4020d693) x13 0x00000000
core   0: 0x8000b6fa (0x00bd4333) xor     t1, s10, a1
core   0: 3 0x8000b6fa (0x00bd4333) x 6 0x01a73103
core   0: 0x8000b6fe (0x00a87d63) bgeu    a6, a0, pc + 26
core   0: 3 0x8000b6fe (0x00a87d63)
core   0: 0x8000b718 (0x03618263) beq     gp, s6, pc + 36
core   0: 3 0x8000b718 (0x03618263)
core   0: 0x8000b71c (0x0ff0000f) fence   iorw,iorw
core   0: 3 0x8000b71c (0x0ff0000f)
core   0: 0x8000b720 (0x03ace233) rem     tp, s9, s10
core   0: 3 0x8000b720 (0x03ace233) x 4 0xa21d942c
core   0: 0x8000b724 (0x00000001) c.nop
core   0: 3 0x8000b724 (0x0001)
core   0: 0x8000b726 (0x41fedb33) sra     s6, t4, t6
core   0: 3 0x8000b726 (0x41fedb33) x22 0x00000002
core   0: 0x8000b72a (0x0148a233) slt     tp, a7, s4
core   0: 3 0x8000b72a (0x0148a233) x 4 0x00000000
core   0: 0x8000b72e (0x01b84733) xor     a4, a6, s11
core   0: 3 0x8000b72e (0x01b84733) x14 0x00000000
core   0: 0x8000b732 (0x01ad8c33) add     s8, s11, s10
core   0: 3 0x8000b732 (0x01ad8c33) x24 0x00000000
core   0: 0x8000b736 (0x0083b633) sltu    a2, t2, s0
core   0: 3 0x8000b736 (0x0083b633) x12 0x00000000
core   0: 0x8000b73a (0x00008ce1) c.and   s1, s0
core   0: 3 0x8000b73a (0x8ce1) x 9 0x00000000
core   0: 0x8000b73c (0x00008a3a) c.mv    s4, a4
core   0: 3 0x8000b73c (0x8a3a) x20 0x00000000
core   0: 0x8000b73e (0x008dcb33) xor     s6, s11, s0
core   0: 3 0x8000b73e (0x008dcb33) x22 0x00000000
core   0: 0x8000b742 (0x6e403313) sltiu   t1, zero, 1764
core   0: 3 0x8000b742 (0x6e403313) x 6 0x00000001
core   0: 0x8000b746 (0x0000e31d) c.bnez  a4, pc + 38
core   0: 3 0x8000b746 (0xe31d)
core   0: 0x8000b748 (0x646d8613) addi    a2, s11, 1606
core   0: 3 0x8000b748 (0x646d8613) x12 0x00000646
core   0: 0x8000b74c (0xd7b598b7) lui     a7, 0xd7b59
core   0: 3 0x8000b74c (0xd7b598b7) x17 0xd7b59000
core   0: 0x8000b750 (0x000052fd) c.li    t0, -1
core   0: 3 0x8000b750 (0x52fd) x 5 0xffffffff
core   0: 0x8000b752 (0x00008d31) c.xor   a0, a2
core   0: 3 0x8000b752 (0x8d31) x10 0x00000646
core   0: 0x8000b754 (0x1dedc113) xori    sp, s11, 478
core   0: 3 0x8000b754 (0x1dedc113) x 2 0x000001de
core   0: 0x8000b758 (0x00001f80) c.addi4spn s0, sp, 1008
core   0: 3 0x8000b758 (0x1f80) x 8 0x000005ce
core   0: 0x8000b75a (0x415d5113) srai    sp, s10, 21
core   0: 3 0x8000b75a (0x415d5113) x 2 0x00000000
core   0: 0x8000b75e (0x0176cf33) xor     t5, a3, s7
core   0: 3 0x8000b75e (0x0176cf33) x30 0xffffffff
core   0: 0x8000b762 (0x00008491) c.srai  s1, 4
core   0: 3 0x8000b762 (0x8491) x 9 0x00000000
core   0: 0x8000b764 (0xe283c837) lui     a6, 0xe283c
core   0: 3 0x8000b764 (0xe283c837) x16 0xe283c000
core   0: 0x8000b768 (0x00a1a0b3) slt     ra, gp, a0
core   0: 3 0x8000b768 (0x00a1a0b3) x 1 0x00000001
core   0: 0x8000b76c (0x0165d933) srl     s2, a1, s6
core   0: 3 0x8000b76c (0x0165d933) x18 0x01a73103
core   0: 0x8000b770 (0x5a8ea613) slti    a2, t4, 1448
core   0: 3 0x8000b770 (0x5a8ea613) x12 0x00000001
core   0: 0x8000b774 (0x00008c65) c.and   s0, s1
core   0: 3 0x8000b774 (0x8c65) x 8 0x00000000
core   0: 0x8000b776 (0x41700fb3) sub     t6, zero, s7
core   0: 3 0x8000b776 (0x41700fb3) x31 0x00000001
core   0: 0x8000b77a (0x403307b3) sub     a5, t1, gp
core   0: 3 0x8000b77a (0x403307b3) x15 0x00000001
core   0: 0x8000b77e (0x00000e5d) c.addi  t3, 23
core   0: 3 0x8000b77e (0x0e5d) x28 0x34e62077
core   0: 0x8000b780 (0x0065b2b3) sltu    t0, a1, t1
core   0: 3 0x8000b780 (0x0065b2b3) x 5 0x00000000
core   0: 0x8000b784 (0x03ecd4b3) divu    s1, s9, t5
core   0: 3 0x8000b784 (0x03ecd4b3) x 9 0x00000000
core   0: 0x8000b788 (0x037d44b3) div     s1, s10, s7
core   0: 3 0x8000b788 (0x037d44b3) x 9 0x00000000
core   0: 0x8000b78c (0x03ba7533) remu    a0, s4, s11
core   0: 3 0x8000b78c (0x03ba7533) x10 0x00000000
core   0: 0x8000b790 (0x00bd88b3) add     a7, s11, a1
core   0: 3 0x8000b790 (0x00bd88b3) x17 0x01a73103
core   0: 0x8000b794 (0x00008625) c.srai  a2, 9
core   0: 3 0x8000b794 (0x8625) x12 0x00000000
core   0: 0x8000b796 (0x01731db3) sll     s11, t1, s7
core   0: 3 0x8000b796 (0x01731db3) x27 0x80000000
core   0: 0x8000b79a (0xd2228a17) auipc   s4, 0xd2228
core   0: 3 0x8000b79a (0xd2228a17) x20 0x5223379a
core   0: 0x8000b79e (0xf6c5cf97) auipc   t6, 0xf6c5c
core   0: 3 0x8000b79e (0xf6c5cf97) x31 0x76c6779e
core   0: 0x8000b7a2 (0x4524eb93) ori     s7, s1, 1106
core   0: 3 0x8000b7a2 (0x4524eb93) x23 0x00000452
core   0: 0x8000b7a6 (0x07764d63) blt     a2, s7, pc + 122
core   0: 3 0x8000b7a6 (0x07764d63)
core   0: 0x8000b820 (0x026edb33) divu    s6, t4, t1
core   0: 3 0x8000b820 (0x026edb33) x22 0x00000002
core   0: 0x8000b824 (0x00079793) slli    a5, a5, 0
core   0: 3 0x8000b824 (0x00079793) x15 0x00000001
core   0: 0x8000b828 (0x00000001) c.nop
core   0: 3 0x8000b828 (0x0001)
core   0: 0x8000b82a (0x00009b86) c.add   s7, ra
core   0: 3 0x8000b82a (0x9b86) x23 0x00000453
core   0: 0x8000b82c (0x41925633) sra     a2, tp, s9
core   0: 3 0x8000b82c (0x41925633) x12 0x00000000
core   0: 0x8000b830 (0x03cae233) rem     tp, s5, t3
core   0: 3 0x8000b830 (0x03cae233) x 4 0xe9ceddd2
core   0: 0x8000b834 (0x000014fd) c.addi  s1, -1
core   0: 3 0x8000b834 (0x14fd) x 9 0xffffffff
core   0: 0x8000b836 (0x00000521) c.addi  a0, 8
core   0: 3 0x8000b836 (0x0521) x10 0x00000008
core   0: 0x8000b838 (0x00d29e93) slli    t4, t0, 13
core   0: 3 0x8000b838 (0x00d29e93) x29 0x00000000
core   0: 0x8000b83c (0x3f147193) andi    gp, s0, 1009
core   0: 3 0x8000b83c (0x3f147193) x 3 0x00000000
core   0: 0x8000b840 (0x01ced533) srl     a0, t4, t3
core   0: 3 0x8000b840 (0x01ced533) x10 0x00000000
core   0: 0x8000b844 (0x00000001) c.nop
core   0: 3 0x8000b844 (0x0001)
core   0: 0x8000b846 (0x00bf5a13) srli    s4, t5, 11
core   0: 3 0x8000b846 (0x00bf5a13) x20 0x001fffff
core   0: 0x8000b84a (0x0000587d) c.li    a6, -1
core   0: 3 0x8000b84a (0x587d) x16 0xffffffff
core   0: 0x8000b84c (0x40cdd0b3) sra     ra, s11, a2
core   0: 3 0x8000b84c (0x40cdd0b3) x 1 0x80000000
core   0: 0x8000b850 (0x0ff0000f) fence   iorw,iorw
core   0: 3 0x8000b850 (0x0ff0000f)
core   0: 0x8000b854 (0x00571193) slli    gp, a4, 5
core   0: 3 0x8000b854 (0x00571193) x 3 0x00000000
core   0: 0x8000b858 (0x03af2d33) mulhsu  s10, t5, s10
core   0: 3 0x8000b858 (0x03af2d33) x26 0x00000000
core   0: 0x8000b85c (0x01e5f2b3) and     t0, a1, t5
core   0: 3 0x8000b85c (0x01e5f2b3) x 5 0x01a73103
core   0: 0x8000b860 (0x0000e005) c.bnez  s0, pc + 32
core   0: 3 0x8000b860 (0xe005)
core   0: 0x8000b862 (0x00009d22) c.add   s10, s0
core   0: 3 0x8000b862 (0x9d22) x26 0x00000000
core   0: 0x8000b864 (0x02329e33) mulh    t3, t0, gp
core   0: 3 0x8000b864 (0x02329e33) x28 0x00000000
core   0: 0x8000b868 (0xaf05a513) slti    a0, a1, -1296
core   0: 3 0x8000b868 (0xaf05a513) x10 0x00000000
core   0: 0x8000b86c (0x0ff0000f) fence   iorw,iorw
core   0: 3 0x8000b86c (0x0ff0000f)
core   0: 0x8000b870 (0x00008b6a) c.mv    s6, s10
core   0: 3 0x8000b870 (0x8b6a) x22 0x00000000
core   0: 0x8000b872 (0x00000001) c.nop
core   0: 3 0x8000b872 (0x0001)
core   0: 0x8000b874 (0xf4b23d97) auipc   s11, 0xf4b23
core   0: 3 0x8000b874 (0xf4b23d97) x27 0x74b2e874
core   0: 0x8000b878 (0x015318b3) sll     a7, t1, s5
core   0: 3 0x8000b878 (0x015318b3) x17 0x00000010
core   0: 0x8000b87c (0x01f954b3) srl     s1, s2, t6
core   0: 3 0x8000b87c (0x01f954b3) x 9 0x00000000
core   0: 0x8000b880 (0x67cd8993) addi    s3, s11, 1660
core   0: 3 0x8000b880 (0x67cd8993) x19 0x74b2eef0
core   0: 0x8000b884 (0x02460733) mul     a4, a2, tp
core   0: 3 0x8000b884 (0x02460733) x14 0x00000000
core   0: 0x8000b888 (0x00000001) c.nop
core   0: 3 0x8000b888 (0x0001)
core   0: 0x8000b88a (0x00008c8d) c.sub   s1, a1
core   0: 3 0x8000b88a (0x8c8d) x 9 0xfe58cefd
core   0: 0x8000b88c (0x01231193) slli    gp, t1, 18
core   0: 3 0x8000b88c (0x01231193) x 3 0x00040000
core   0: 0x8000b890 (0x0000e09d) c.bnez  s1, pc + 38
core   0: 3 0x8000b890 (0xe09d)
core   0: 0x8000b8b6 (0x00008755) c.srai  a4, 21
core   0: 3 0x8000b8b6 (0x8755) x14 0x00000000
core   0: 0x8000b8b8 (0x4041deb3) sra     t4, gp, tp
core   0: 3 0x8000b8b8 (0x4041deb3) x29 0x00000001
core   0: 0x8000b8bc (0x01dc5963) bge     s8, t4, pc + 18
core   0: 3 0x8000b8bc (0x01dc5963)
core   0: 0x8000b8c0 (0x037e0263) beq     t3, s7, pc + 36
core   0: 3 0x8000b8c0 (0x037e0263)
core   0: 0x8000b8c4 (0x887fb293) sltiu   t0, t6, -1913
core   0: 3 0x8000b8c4 (0x887fb293) x 5 0x00000001
core   0: 0x8000b8c8 (0x000089da) c.mv    s3, s6
core   0: 3 0x8000b8c8 (0x89da) x19 0x00000000
core   0: 0x8000b8ca (0x4195dc13) srai    s8, a1, 25
core   0: 3 0x8000b8ca (0x4195dc13) x24 0x00000000
core   0: 0x8000b8ce (0x00008ca5) c.xor   s1, s1
core   0: 3 0x8000b8ce (0x8ca5) x 9 0x00000000
core   0: 0x8000b8d0 (0x252fb093) sltiu   ra, t6, 594
core   0: 3 0x8000b8d0 (0x252fb093) x 1 0x00000000
core   0: 0x8000b8d4 (0x04658063) beq     a1, t1, pc + 64
core   0: 3 0x8000b8d4 (0x04658063)
core   0: 0x8000b8d8 (0x41da0e33) sub     t3, s4, t4
core   0: 3 0x8000b8d8 (0x41da0e33) x28 0x001ffffe
core   0: 0x8000b8dc (0x00008c19) c.sub   s0, a4
core   0: 3 0x8000b8dc (0x8c19) x 8 0x00000000
core   0: 0x8000b8de (0x02be4263) blt     t3, a1, pc + 36
core   0: 3 0x8000b8de (0x02be4263)
core   0: 0x8000b902 (0x03d31f33) mulh    t5, t1, t4
core   0: 3 0x8000b902 (0x03d31f33) x30 0x00000000
core   0: 0x8000b906 (0x0000014a) c.slli  sp, 18
core   0: 3 0x8000b906 (0x014a) x 2 0x00000000
core   0: 0x8000b908 (0x03161db3) mulh    s11, a2, a7
core   0: 3 0x8000b908 (0x03161db3) x27 0x00000000
core   0: 0x8000b90c (0x030849b3) div     s3, a6, a6
core   0: 3 0x8000b90c (0x030849b3) x19 0x00000001
core   0: 0x8000b910 (0x000081e6) c.mv    gp, s9
core   0: 3 0x8000b910 (0x81e6) x 3 0xa21d942c
core   0: 0x8000b912 (0x000099be) c.add   s3, a5
core   0: 3 0x8000b912 (0x99be) x19 0x00000002
core   0: 0x8000b914 (0x00e91a33) sll     s4, s2, a4
core   0: 3 0x8000b914 (0x00e91a33) x20 0x01a73103
core   0: 0x8000b918 (0x02c0c0b3) div     ra, ra, a2
core   0: 3 0x8000b918 (0x02c0c0b3) x 1 0xffffffff
core   0: 0x8000b91c (0x03565233) divu    tp, a2, s5
core   0: 3 0x8000b91c (0x03565233) x 4 0x00000000
core   0: 0x8000b920 (0xf1ab7093) andi    ra, s6, -230
core   0: 3 0x8000b920 (0xf1ab7093) x 1 0x00000000
core   0: 0x8000b924 (0x00004995) c.li    s3, 5
core   0: 3 0x8000b924 (0x4995) x19 0x00000005
core   0: 0x8000b926 (0x00000c86) c.slli  s9, 1
core   0: 3 0x8000b926 (0x0c86) x25 0x443b2858
core   0: 0x8000b928 (0x00000001) c.nop
core   0: 3 0x8000b928 (0x0001)
core   0: 0x8000b92a (0xec8e6993) ori     s3, t3, -312
core   0: 3 0x8000b92a (0xec8e6993) x19 0xfffffffe
core   0: 0x8000b92e (0x00000001) c.nop
core   0: 3 0x8000b92e (0x0001)
core   0: 0x8000b930 (0xf155b213) sltiu   tp, a1, -235
core   0: 3 0x8000b930 (0xf155b213) x 4 0x00000001
core   0: 0x8000b934 (0x000087fd) c.srai  a5, 31
core   0: 3 0x8000b934 (0x87fd) x15 0x00000000
core   0: 0x8000b936 (0xe84a0b13) addi    s6, s4, -380
core   0: 3 0x8000b936 (0xe84a0b13) x22 0x01a72f87
core   0: 0x8000b93a (0x00008cf5) c.and   s1, a3
core   0: 3 0x8000b93a (0x8cf5) x 9 0x00000000
core   0: 0x8000b93c (0x01113f33) sltu    t5, sp, a7
core   0: 3 0x8000b93c (0x01113f33) x30 0x00000001
core   0: 0x8000b940 (0x0298b8b3) mulhu   a7, a7, s1
core   0: 3 0x8000b940 (0x0298b8b3) x17 0x00000000
core   0: 0x8000b944 (0x015fdbb3) srl     s7, t6, s5
core   0: 3 0x8000b944 (0x015fdbb3) x23 0x076c6779
core   0: 0x8000b948 (0x01db4613) xori    a2, s6, 29
core   0: 3 0x8000b948 (0x01db4613) x12 0x01a72f9a
core   0: 0x8000b94c (0x5eb2ac93) slti    s9, t0, 1515
core   0: 3 0x8000b94c (0x5eb2ac93) x25 0x00000001
core   0: 0x8000b950 (0x03642f33) mulhsu  t5, s0, s6
core   0: 3 0x8000b950 (0x03642f33) x30 0x00000000
core   0: 0x8000b954 (0x03b77963) bgeu    a4, s11, pc + 50
core   0: 3 0x8000b954 (0x03b77963)
core   0: 0x8000b986 (0x4016d013) srai    zero, a3, 1
core   0: 3 0x8000b986 (0x4016d013)
core   0: 0x8000b98a (0x00008cc9) c.or    s1, a0
core   0: 3 0x8000b98a (0x8cc9) x 9 0x00000000
core   0: 0x8000b98c (0x00008242) c.mv    tp, a6
core   0: 3 0x8000b98c (0x8242) x 4 0xffffffff
core   0: 0x8000b98e (0x00179333) sll     t1, a5, ra
core   0: 3 0x8000b98e (0x00179333) x 6 0x00000000
core   0: 0x8000b992 (0x000050fd) c.li    ra, -1
core   0: 3 0x8000b992 (0x50fd) x 1 0xffffffff
core   0: 0x8000b994 (0x000006ee) c.slli  a3, 27
core   0: 3 0x8000b994 (0x06ee) x13 0x00000000
core   0: 0x8000b996 (0x02748a33) mul     s4, s1, t2
core   0: 3 0x8000b996 (0x02748a33) x20 0x00000000
core   0: 0x8000b99a (0x0000c819) c.beqz  s0, pc + 22
core   0: 3 0x8000b99a (0xc819)
core   0: 0x8000b9b0 (0x00008d39) c.xor   a0, a4
core   0: 3 0x8000b9b0 (0x8d39) x10 0x00000000
core   0: 0x8000b9b2 (0x40c650b3) sra     ra, a2, a2
core   0: 3 0x8000b9b2 (0x40c650b3) x 1 0x00000000
core   0: 0x8000b9b6 (0x408ad293) srai    t0, s5, 8
core   0: 3 0x8000b9b6 (0x408ad293) x 5 0xff80029c
core   0: 0x8000b9ba (0x000047d1) c.li    a5, 20
core   0: 3 0x8000b9ba (0x47d1) x15 0x00000014
core   0: 0x8000b9bc (0x01be94b3) sll     s1, t4, s11
core   0: 3 0x8000b9bc (0x01be94b3) x 9 0x00000001
core   0: 0x8000b9c0 (0x010be963) bltu    s7, a6, pc + 18
core   0: 3 0x8000b9c0 (0x010be963)
core   0: 0x8000b9d2 (0x03249cb3) mulh    s9, s1, s2
core   0: 3 0x8000b9d2 (0x03249cb3) x25 0x00000000
core   0: 0x8000b9d6 (0x0133c4b3) xor     s1, t2, s3
core   0: 3 0x8000b9d6 (0x0133c4b3) x 9 0x7ffda1a2
core   0: 0x8000b9da (0x01f3ce33) xor     t3, t2, t6
core   0: 3 0x8000b9da (0x01f3ce33) x28 0xf6c429c2
core   0: 0x8000b9de (0x012ebbb3) sltu    s7, t4, s2
core   0: 3 0x8000b9de (0x012ebbb3) x23 0x00000001
core   0: 0x8000b9e2 (0x00004105) c.li    sp, 1
core   0: 3 0x8000b9e2 (0x4105) x 2 0x00000001
core   0: 0x8000b9e4 (0x0000117d) c.addi  sp, -1
core   0: 3 0x8000b9e4 (0x117d) x 2 0x00000000
core   0: 0x8000b9e6 (0x00008bc9) c.andi  a5, 18
core   0: 3 0x8000b9e6 (0x8bc9) x15 0x00000010
core   0: 0x8000b9e8 (0x0000100f) fence.i
core   0: 3 0x8000b9e8 (0x0000100f)
core   0: 0x8000b9ec (0x004727b3) slt     a5, a4, tp
core   0: 3 0x8000b9ec (0x004727b3) x15 0x00000000
core   0: 0x8000b9f0 (0x00008f4d) c.or    a4, a1
core   0: 3 0x8000b9f0 (0x8f4d) x14 0x01a73103
core   0: 0x8000b9f2 (0x0266cd63) blt     a3, t1, pc + 58
core   0: 3 0x8000b9f2 (0x0266cd63)
core   0: 0x8000b9f6 (0x00006fb9) c.lui   t6, 0xe
core   0: 3 0x8000b9f6 (0x6fb9) x31 0x0000e000
core   0: 0x8000b9f8 (0x04cbb493) sltiu   s1, s7, 76
core   0: 3 0x8000b9f8 (0x04cbb493) x 9 0x00000001
core   0: 0x8000b9fc (0x00006141) c.addi16sp sp, 16
core   0: 3 0x8000b9fc (0x6141) x 2 0x00000010
core   0: 0x8000b9fe (0x02684cb3) div     s9, a6, t1
core   0: 3 0x8000b9fe (0x02684cb3) x25 0xffffffff
core   0: 0x8000ba02 (0x2dc96113) ori     sp, s2, 732
core   0: 3 0x8000ba02 (0x2dc96113) x 2 0x01a733df
core   0: 0x8000ba06 (0x017fa033) slt     zero, t6, s7
core   0: 3 0x8000ba06 (0x017fa033)
core   0: 0x8000ba0a (0x3bb5a537) lui     a0, 0x3bb5a
core   0: 3 0x8000ba0a (0x3bb5a537) x10 0x3bb5a000
core   0: 0x8000ba0e (0xde5df413) andi    s0, s11, -539
core   0: 3 0x8000ba0e (0xde5df413) x 8 0x00000000
core   0: 0x8000ba12 (0x0000c389) c.beqz  a5, pc + 2
core   0: 3 0x8000ba12 (0xc389)
core   0: 0x8000ba14 (0x00725213) srli    tp, tp, 7
core   0: 3 0x8000ba14 (0x00725213) x 4 0x01ffffff
core   0: 0x8000ba18 (0x40fc04b3) sub     s1, s8, a5
core   0: 3 0x8000ba18 (0x40fc04b3) x 9 0x00000000
core   0: 0x8000ba1c (0x000098fd) c.andi  s1, -1
core   0: 3 0x8000ba1c (0x98fd) x 9 0x00000000
core   0: 0x8000ba1e (0x40f256b3) sra     a3, tp, a5
core   0: 3 0x8000ba1e (0x40f256b3) x13 0x01ffffff
core   0: 0x8000ba22 (0x00c65db3) srl     s11, a2, a2
core   0: 3 0x8000ba22 (0x00c65db3) x27 0x00000000
core   0: 0x8000ba26 (0x00000f5a) c.slli  t5, 22
core   0: 3 0x8000ba26 (0x0f5a) x30 0x00000000
core   0: 0x8000ba28 (0x02959333) mulh    t1, a1, s1
core   0: 3 0x8000ba28 (0x02959333) x 6 0x00000000
core   0: 0x8000ba2c (0x00008cb9) c.xor   s1, a4
core   0: 3 0x8000ba2c (0x8cb9) x 9 0x01a73103
core   0: 0x8000ba2e (0x00000f7e) c.slli  t5, 31
core   0: 3 0x8000ba2e (0x0f7e) x30 0x00000000
core   0: 0x8000ba30 (0x02805db3) divu    s11, zero, s0
core   0: 3 0x8000ba30 (0x02805db3) x27 0xffffffff
core   0: 0x8000ba34 (0xee003693) sltiu   a3, zero, -288
core   0: 3 0x8000ba34 (0xee003693) x13 0x00000001
core   0: 0x8000ba38 (0x00107563) bgeu    zero, ra, pc + 10
core   0: 3 0x8000ba38 (0x00107563)
core   0: 0x8000ba42 (0x00009bfd) c.andi  a5, -1
core   0: 3 0x8000ba42 (0x9bfd) x15 0x00000000
core   0: 0x8000ba44 (0x01156933) or      s2, a0, a7
core   0: 3 0x8000ba44 (0x01156933) x18 0x3bb5a000
core   0: 0x8000ba48 (0x0000100f) fence.i
core   0: 3 0x8000ba48 (0x0000100f)
core   0: 0x8000ba4c (0x0db90717) auipc   a4, 0xdb90
core   0: 3 0x8000ba4c (0x0db90717) x14 0x8db9ba4c
core   0: 0x8000ba50 (0x03708833) mul     a6, ra, s7
core   0: 3 0x8000ba50 (0x03708833) x16 0x00000000
core   0: 0x8000ba54 (0x0000c38d) c.beqz  a5, pc + 34
core   0: 3 0x8000ba54 (0xc38d)
core   0: 0x8000ba76 (0x01274733) xor     a4, a4, s2
core   0: 3 0x8000ba76 (0x01274733) x14 0xb60c1a4c
core   0: 0x8000ba7a (0x03f2cc63) blt     t0, t6, pc + 56
core   0: 3 0x8000ba7a (0x03f2cc63)
core   0: 0x8000bab2 (0x0000984e) c.add   a6, s3
core   0: 3 0x8000bab2 (0x984e) x16 0xfffffffe
core   0: 0x8000bab4 (0x01c79963) bne     a5, t3, pc + 18
core   0: 3 0x8000bab4 (0x01c79963)
core   0: 0x8000bac6 (0x013fcbb3) xor     s7, t6, s3
core   0: 3 0x8000bac6 (0x013fcbb3) x23 0xffff1ffe
core   0: 0x8000baca (0x03938b63) beq     t2, s9, pc + 54
core   0: 3 0x8000baca (0x03938b63)
core   0: 0x8000bace (0x00000001) c.nop
core   0: 3 0x8000bace (0x0001)
core   0: 0x8000bad0 (0x04f57263) bgeu    a0, a5, pc + 68
core   0: 3 0x8000bad0 (0x04f57263)
core   0: 0x8000bb14 (0x00000001) c.nop
core   0: 3 0x8000bb14 (0x0001)
core   0: 0x8000bb16 (0x0231ae33) mulhsu  t3, gp, gp
core   0: 3 0x8000bb16 (0x0231ae33) x28 0xc48bdec6
core   0: 0x8000bb1a (0x40fd00b3) sub     ra, s10, a5
core   0: 3 0x8000bb1a (0x40fd00b3) x 1 0x00000000
core   0: 0x8000bb1e (0x006e6b33) or      s6, t3, t1
core   0: 3 0x8000bb1e (0x006e6b33) x22 0xc48bdec6
core   0: 0x8000bb22 (0x0000100f) fence.i
core   0: 3 0x8000bb22 (0x0000100f)
core   0: 0x8000bb26 (0x0000717d) c.addi16sp sp, -16
core   0: 3 0x8000bb26 (0x717d) x 2 0x01a733cf
core   0: 0x8000bb28 (0x01e170b3) and     ra, sp, t5
core   0: 3 0x8000bb28 (0x01e170b3) x 1 0x00000000
core   0: 0x8000bb2c (0x40325533) sra     a0, tp, gp
core   0: 3 0x8000bb2c (0x40325533) x10 0x00001fff
core   0: 0x8000bb30 (0x02af26b3) mulhsu  a3, t5, a0
core   0: 3 0x8000bb30 (0x02af26b3) x13 0x00000000
core   0: 0x8000bb34 (0x0000717d) c.addi16sp sp, -16
core   0: 3 0x8000bb34 (0x717d) x 2 0x01a733bf
core   0: 0x8000bb36 (0x00f49fb3) sll     t6, s1, a5
core   0: 3 0x8000bb36 (0x00f49fb3) x31 0x01a73103
core   0: 0x8000bb3a (0xfff00793) li      a5, -1
core   0: 3 0x8000bb3a (0xfff00793) x15 0xffffffff
core   0: 0x8000bb3e (0x00008e99) c.sub   a3, a4
core   0: 3 0x8000bb3e (0x8e99) x13 0x49f3e5b4
core   0: 0x8000bb40 (0x00000001) c.nop
core   0: 3 0x8000bb40 (0x0001)
core   0: 0x8000bb42 (0x6a693413) sltiu   s0, s2, 1702
core   0: 3 0x8000bb42 (0x6a693413) x 8 0x00000000
core   0: 0x8000bb46 (0x00000785) c.addi  a5, 1
core   0: 3 0x8000bb46 (0x0785) x15 0x00000000
core   0: 0x8000bb48 (0x000010fd) c.addi  ra, -1
core   0: 3 0x8000bb48 (0x10fd) x 1 0xffffffff
core   0: 0x8000bb4a (0x0000dfe5) c.beqz  a5, pc - 8
core   0: 3 0x8000bb4a (0xdfe5)
core   0: 0x8000bb42 (0x6a693413) sltiu   s0, s2, 1702
core   0: 3 0x8000bb42 (0x6a693413) x 8 0x00000000
core   0: 0x8000bb46 (0x00000785) c.addi  a5, 1
core   0: 3 0x8000bb46 (0x0785) x15 0x00000001
core   0: 0x8000bb48 (0x000010fd) c.addi  ra, -1
core   0: 3 0x8000bb48 (0x10fd) x 1 0xfffffffe
core   0: 0x8000bb4a (0x0000dfe5) c.beqz  a5, pc - 8
core   0: 3 0x8000bb4a (0xdfe5)
core   0: 0x8000bb4c (0x4045e313) ori     t1, a1, 1028
core   0: 3 0x8000bb4c (0x4045e313) x 6 0x01a73507
core   0: 0x8000bb50 (0x0187db93) srli    s7, a5, 24
core   0: 3 0x8000bb50 (0x0187db93) x23 0x00000000
core   0: 0x8000bb54 (0xf4320413) addi    s0, tp, -189
core   0: 3 0x8000bb54 (0xf4320413) x 8 0x01ffff42
core   0: 0x8000bb58 (0x0000100f) fence.i
core   0: 3 0x8000bb58 (0x0000100f)
core   0: 0x8000bb5c (0x026f1db3) mulh    s11, t5, t1
core   0: 3 0x8000bb5c (0x026f1db3) x27 0x00000000
core   0: 0x8000bb60 (0x41aa0b33) sub     s6, s4, s10
core   0: 3 0x8000bb60 (0x41aa0b33) x22 0x00000000
core   0: 0x8000bb64 (0x035bd7b3) divu    a5, s7, s5
core   0: 3 0x8000bb64 (0x035bd7b3) x15 0x00000000
core   0: 0x8000bb68 (0x00008025) c.srli  s0, 9
core   0: 3 0x8000bb68 (0x8025) x 8 0x0000ffff
core   0: 0x8000bb6a (0x00000b08) c.addi4spn a0, sp, 400
core   0: 3 0x8000bb6a (0x0b08) x10 0x01a7354f
core   0: 0x8000bb6c (0x00000001) c.nop
core   0: 3 0x8000bb6c (0x0001)
core   0: 0x8000bb6e (0x000087a9) c.srai  a5, 10
core   0: 3 0x8000bb6e (0x87a9) x15 0x00000000
core   0: 0x8000bb70 (0x00008f61) c.and   a4, s0
core   0: 3 0x8000bb70 (0x8f61) x14 0x00001a4c
core   0: 0x8000bb72 (0x02760163) beq     a2, t2, pc + 34
core   0: 3 0x8000bb72 (0x02760163)
core   0: 0x8000bb76 (0x00709f63) bne     ra, t2, pc + 30
core   0: 3 0x8000bb76 (0x00709f63)
core   0: 0x8000bb94 (0x011bb7b3) sltu    a5, s7, a7
core   0: 3 0x8000bb94 (0x011bb7b3) x15 0x00000000
core   0: 0x8000bb98 (0x40428eb3) sub     t4, t0, tp
core   0: 3 0x8000bb98 (0x40428eb3) x29 0xfd80029d
core   0: 0x8000bb9c (0x00000198) c.addi4spn a4, sp, 192
core   0: 3 0x8000bb9c (0x0198) x14 0x01a7347f
core   0: 0x8000bb9e (0x00000001) c.nop
core   0: 3 0x8000bb9e (0x0001)
core   0: 0x8000bba0 (0x0d85f113) andi    sp, a1, 216
core   0: 3 0x8000bba0 (0x0d85f113) x 2 0x00000000
core   0: 0x8000bba4 (0x001218b3) sll     a7, tp, ra
core   0: 3 0x8000bba4 (0x001218b3) x17 0xc0000000
core   0: 0x8000bba8 (0x00000c9e) c.slli  s9, 7
core   0: 3 0x8000bba8 (0x0c9e) x25 0xffffff80
core   0: 0x8000bbaa (0x02f267b3) rem     a5, tp, a5
core   0: 3 0x8000bbaa (0x02f267b3) x15 0x01ffffff
core   0: 0x8000bbae (0x01cfd313) srli    t1, t6, 28
core   0: 3 0x8000bbae (0x01cfd313) x 6 0x00000000
core   0: 0x8000bbb2 (0x0000c215) c.beqz  a2, pc + 36
core   0: 3 0x8000bbb2 (0xc215)
core   0: 0x8000bbb4 (0x00000789) c.addi  a5, 2
core   0: 3 0x8000bbb4 (0x0789) x15 0x02000001
core   0: 0x8000bbb6 (0x01d6b933) sltu    s2, a3, t4
core   0: 3 0x8000bbb6 (0x01d6b933) x18 0x00000001
core   0: 0x8000bbba (0x0193ecb3) or      s9, t2, s9
core   0: 3 0x8000bbba (0x0193ecb3) x25 0xffffffdc
core   0: 0x8000bbbe (0x00000001) c.nop
core   0: 3 0x8000bbbe (0x0001)
core   0: 0x8000bbc0 (0x000009a2) c.slli  s3, 8
core   0: 3 0x8000bbc0 (0x09a2) x19 0xfffffe00
core   0: 0x8000bbc2 (0x00008fd5) c.or    a5, a3
core   0: 3 0x8000bbc2 (0x8fd5) x15 0x4bf3e5b5
core   0: 0x8000bbc4 (0x00000c42) c.slli  s8, 16
core   0: 3 0x8000bbc4 (0x0c42) x24 0x00000000
core   0: 0x8000bbc6 (0x0000100f) fence.i
core   0: 3 0x8000bbc6 (0x0000100f)
core   0: 0x8000bbca (0x01499663) bne     s3, s4, pc + 12
core   0: 3 0x8000bbca (0x01499663)
core   0: 0x8000bbd6 (0x03ee5063) bge     t3, t5, pc + 32
core   0: 3 0x8000bbd6 (0x03ee5063)
core   0: 0x8000bbda (0x00008cdd) c.or    s1, a5
core   0: 3 0x8000bbda (0x8cdd) x 9 0x4bf7f5b7
core   0: 0x8000bbdc (0x026cfa33) remu    s4, s9, t1
core   0: 3 0x8000bbdc (0x026cfa33) x20 0xffffffdc
core   0: 0x8000bbe0 (0x031e3bb3) mulhu   s7, t3, a7
core   0: 3 0x8000bbe0 (0x031e3bb3) x23 0x9368e714
core   0: 0x8000bbe4 (0x8c56fe93) andi    t4, a3, -1851
core   0: 3 0x8000bbe4 (0x8c56fe93) x29 0x49f3e084
core   0: 0x8000bbe8 (0x0fac8913) addi    s2, s9, 250
core   0: 3 0x8000bbe8 (0x0fac8913) x18 0x000000d6
core   0: 0x8000bbec (0x02c48f63) beq     s1, a2, pc + 62
core   0: 3 0x8000bbec (0x02c48f63)
core   0: 0x8000bbf0 (0x0000c015) c.beqz  s0, pc + 36
core   0: 3 0x8000bbf0 (0xc015)
core   0: 0x8000bbf2 (0x011f9b13) slli    s6, t6, 17
core   0: 3 0x8000bbf2 (0x011f9b13) x22 0x62060000
core   0: 0x8000bbf6 (0x00ea5c13) srli    s8, s4, 14
core   0: 3 0x8000bbf6 (0x00ea5c13) x24 0x0003ffff
core   0: 0x8000bbfa (0x01669733) sll     a4, a3, s6
core   0: 3 0x8000bbfa (0x01669733) x14 0x49f3e5b4
core   0: 0x8000bbfe (0x00008fb1) c.xor   a5, a2
core   0: 3 0x8000bbfe (0x8fb1) x15 0x4a54ca2f
core   0: 0x8000bc00 (0x004b2f33) slt     t5, s6, tp
core   0: 3 0x8000bc00 (0x004b2f33) x30 0x00000000
core   0: 0x8000bc04 (0x0000863d) c.srai  a2, 15
core   0: 3 0x8000bc04 (0x863d) x12 0x0000034e
core   0: 0x8000bc06 (0x000081b6) c.mv    gp, a3
core   0: 3 0x8000bc06 (0x81b6) x 3 0x49f3e5b4
core   0: 0x8000bc08 (0x00008bd9) c.andi  a5, 22
core   0: 3 0x8000bc08 (0x8bd9) x15 0x00000006
core   0: 0x8000bc0a (0x0000e509) c.bnez  a0, pc + 10
core   0: 3 0x8000bc0a (0xe509)
core   0: 0x8000bc14 (0x00008fd5) c.or    a5, a3
core   0: 3 0x8000bc14 (0x8fd5) x15 0x49f3e5b6
core   0: 0x8000bc16 (0x4d220f97) auipc   t6, 0x4d220
core   0: 3 0x8000bc16 (0x4d220f97) x31 0xcd22bc16
core   0: 0x8000bc1a (0x00008c7d) c.and   s0, a5
core   0: 3 0x8000bc1a (0x8c7d) x 8 0x0000e5b6
core   0: 0x8000bc1c (0x00006bad) c.lui   s7, 0xb
core   0: 3 0x8000bc1c (0x6bad) x23 0x0000b000
core   0: 0x8000bc1e (0x02a08cb3) mul     s9, ra, a0
core   0: 3 0x8000bc1e (0x02a08cb3) x25 0xfcb19562
core   0: 0x8000bc22 (0x01ef28b3) slt     a7, t5, t5
core   0: 3 0x8000bc22 (0x01ef28b3) x17 0x00000000
core   0: 0x8000bc26 (0x00585493) srli    s1, a6, 5
core   0: 3 0x8000bc26 (0x00585493) x 9 0x07ffffff
core   0: 0x8000bc2a (0x000061d1) c.lui   gp, 0x14
core   0: 3 0x8000bc2a (0x61d1) x 3 0x00014000
core   0: 0x8000bc2c (0x03cc2b33) mulhsu  s6, s8, t3
core   0: 3 0x8000bc2c (0x03cc2b33) x22 0x0003122e
core   0: 0x8000bc30 (0x40b5d033) sra     zero, a1, a1
core   0: 3 0x8000bc30 (0x40b5d033)
core   0: 0x8000bc34 (0x0000c389) c.beqz  a5, pc + 2
core   0: 3 0x8000bc34 (0xc389)
core   0: 0x8000bc36 (0x0000e509) c.bnez  a0, pc + 10
core   0: 3 0x8000bc36 (0xe509)
core   0: 0x8000bc40 (0xf9ef6693) ori     a3, t5, -98
core   0: 3 0x8000bc40 (0xf9ef6693) x13 0xffffff9e
core   0: 0x8000bc44 (0x00008561) c.srai  a0, 24
core   0: 3 0x8000bc44 (0x8561) x10 0x00000001
core   0: 0x8000bc46 (0x41add7b3) sra     a5, s11, s10
core   0: 3 0x8000bc46 (0x41add7b3) x15 0x00000000
core   0: 0x8000bc4a (0x00009a62) c.add   s4, s8
core   0: 3 0x8000bc4a (0x9a62) x20 0x0003ffdb
core   0: 0x8000bc4c (0x411ad213) srai    tp, s5, 17
core   0: 3 0x8000bc4c (0x411ad213) x 4 0xffffc001
core   0: 0x8000bc50 (0x00000001) c.nop
core   0: 3 0x8000bc50 (0x0001)
core   0: 0x8000bc52 (0x00008fd9) c.or    a5, a4
core   0: 3 0x8000bc52 (0x8fd9) x15 0x49f3e5b4
core   0: 0x8000bc54 (0x03cdad33) mulhsu  s10, s11, t3
core   0: 3 0x8000bc54 (0x03cdad33) x26 0x00000000
core   0: 0x8000bc58 (0x4011d7b3) sra     a5, gp, ra
core   0: 3 0x8000bc58 (0x4011d7b3) x15 0x00000000
core   0: 0x8000bc5c (0x57c44713) xori    a4, s0, 1404
core   0: 3 0x8000bc5c (0x57c44713) x14 0x0000e0ca
core   0: 0x8000bc60 (0x002cee33) or      t3, s9, sp
core   0: 3 0x8000bc60 (0x002cee33) x28 0xfcb19562
core   0: 0x8000bc64 (0x000051fd) c.li    gp, -1
core   0: 3 0x8000bc64 (0x51fd) x 3 0xffffffff
core   0: 0x8000bc66 (0x00000ff2) c.slli  t6, 28
core   0: 3 0x8000bc66 (0x0ff2) x31 0x60000000
core   0: 0x8000bc68 (0x6cfad117) auipc   sp, 0x6cfad
core   0: 3 0x8000bc68 (0x6cfad117) x 2 0xecfb8c68
core   0: 0x8000bc6c (0xe3ae3d93) sltiu   s11, t3, -454
core   0: 3 0x8000bc6c (0xe3ae3d93) x27 0x00000001
core   0: 0x8000bc70 (0x01699bb3) sll     s7, s3, s6
core   0: 3 0x8000bc70 (0x01699bb3) x23 0xff800000
core   0: 0x8000bc74 (0x345bb093) sltiu   ra, s7, 837
core   0: 3 0x8000bc74 (0x345bb093) x 1 0x00000000
core   0: 0x8000bc78 (0x02354063) blt     a0, gp, pc + 32
core   0: 3 0x8000bc78 (0x02354063)
core   0: 0x8000bc7c (0x03d31233) mulh    tp, t1, t4
core   0: 3 0x8000bc7c (0x03d31233) x 4 0x00000000
core   0: 0x8000bc80 (0x00008ec5) c.or    a3, s1
core   0: 3 0x8000bc80 (0x8ec5) x13 0xffffffff
core   0: 0x8000bc82 (0x020ec1b3) div     gp, t4, zero
core   0: 3 0x8000bc82 (0x020ec1b3) x 3 0xffffffff
core   0: 0x8000bc86 (0x0000010e) c.slli  sp, 3
core   0: 3 0x8000bc86 (0x010e) x 2 0x67dc6340
core   0: 0x8000bc88 (0x00006b89) c.lui   s7, 0x2
core   0: 3 0x8000bc88 (0x6b89) x23 0x00002000
core   0: 0x8000bc8a (0x015dd433) srl     s0, s11, s5
core   0: 3 0x8000bc8a (0x015dd433) x 8 0x00000000
core   0: 0x8000bc8e (0x025d6d33) rem     s10, s10, t0
core   0: 3 0x8000bc8e (0x025d6d33) x26 0x00000000
core   0: 0x8000bc92 (0x0000086a) c.slli  a6, 26
core   0: 3 0x8000bc92 (0x086a) x16 0xf8000000
core   0: 0x8000bc94 (0xf9ece293) ori     t0, s9, -98
core   0: 3 0x8000bc94 (0xf9ece293) x 5 0xfffffffe
core   0: 0x8000bc98 (0x00008d6d) c.and   a0, a1
core   0: 3 0x8000bc98 (0x8d6d) x10 0x00000001
core   0: 0x8000bc9a (0x02c02c33) mulhsu  s8, zero, a2
core   0: 3 0x8000bc9a (0x02c02c33) x24 0x00000000
core   0: 0x8000bc9e (0xbc463813) sltiu   a6, a2, -1084
core   0: 3 0x8000bc9e (0xbc463813) x16 0x00000001
core   0: 0x8000bca2 (0xeb0f3113) sltiu   sp, t5, -336
core   0: 3 0x8000bca2 (0xeb0f3113) x 2 0x00000001
core   0: 0x8000bca6 (0x00006151) c.addi16sp sp, 272
core   0: 3 0x8000bca6 (0x6151) x 2 0x00000111
core   0: 0x8000bca8 (0x0166cdb3) xor     s11, a3, s6
core   0: 3 0x8000bca8 (0x0166cdb3) x27 0xfffcedd1
core   0: 0x8000bcac (0x0000816d) c.srli  a0, 27
core   0: 3 0x8000bcac (0x816d) x10 0x00000000
core   0: 0x8000bcae (0x0078bf33) sltu    t5, a7, t2
core   0: 3 0x8000bcae (0x0078bf33) x30 0x00000001
core   0: 0x8000bcb2 (0x01cc5263) bge     s8, t3, pc + 4
core   0: 3 0x8000bcb2 (0x01cc5263)
core   0: 0x8000bcb6 (0xf9153613) sltiu   a2, a0, -111
core   0: 3 0x8000bcb6 (0xf9153613) x12 0x00000001
core   0: 0x8000bcba (0x41d5d533) sra     a0, a1, t4
core   0: 3 0x8000bcba (0x41d5d533) x10 0x001a7310
core   0: 0x8000bcbe (0x0000c00d) c.beqz  s0, pc + 34
core   0: 3 0x8000bcbe (0xc00d)
core   0: 0x8000bce0 (0x00008cb5) c.xor   s1, a3
core   0: 3 0x8000bce0 (0x8cb5) x 9 0xf8000000
core   0: 0x8000bce2 (0x02c8ec63) bltu    a7, a2, pc + 56
core   0: 3 0x8000bce2 (0x02c8ec63)
core   0: 0x8000bd1a (0xf1476737) lui     a4, 0xf1476
core   0: 3 0x8000bd1a (0xf1476737) x14 0xf1476000
core   0: 0x8000bd1e (0x03bfafb3) mulhsu  t6, t6, s11
core   0: 3 0x8000bd1e (0x03bfafb3) x31 0x5ffed92e
core   0: 0x8000bd22 (0xe8af4713) xori    a4, t5, -374
core   0: 3 0x8000bd22 (0xe8af4713) x14 0xfffffe8b
core   0: 0x8000bd26 (0x000097b6) c.add   a5, a3
core   0: 3 0x8000bd26 (0x97b6) x15 0xffffffff
core   0: 0x8000bd28 (0x0000717d) c.addi16sp sp, -16
core   0: 3 0x8000bd28 (0x717d) x 2 0x00000101
core   0: 0x8000bd2a (0x00005a7d) c.li    s4, -1
core   0: 3 0x8000bd2a (0x5a7d) x20 0xffffffff
core   0: 0x8000bd2c (0xfd9ce697) auipc   a3, 0xfd9ce
core   0: 3 0x8000bd2c (0xfd9ce697) x13 0x7d9d9d2c
core   0: 0x8000bd30 (0x0000610d) c.addi16sp sp, 160
core   0: 3 0x8000bd30 (0x610d) x 2 0x000001a1
core   0: 0x8000bd32 (0x002d2eb3) slt     t4, s10, sp
core   0: 3 0x8000bd32 (0x002d2eb3) x29 0x00000001
core   0: 0x8000bd36 (0x00008b9e) c.mv    s7, t2
core   0: 3 0x8000bd36 (0x8b9e) x23 0x80025e5c
core   0: 0x8000bd38 (0x0372c863) blt     t0, s7, pc + 48
core   0: 3 0x8000bd38 (0x0372c863)
core   0: 0x8000bd3c (0x005ac263) blt     s5, t0, pc + 4
core   0: 3 0x8000bd3c (0x005ac263)
core   0: 0x8000bd40 (0x0000ed09) c.bnez  a0, pc + 26
core   0: 3 0x8000bd40 (0xed09)
core   0: 0x8000bd5a (0xaae12093) slti    ra, sp, -1362
core   0: 3 0x8000bd5a (0xaae12093) x 1 0x00000000
core   0: 0x8000bd5e (0x00008d61) c.and   a0, s0
core   0: 3 0x8000bd5e (0x8d61) x10 0x00000000
core   0: 0x8000bd60 (0x014820b3) slt     ra, a6, s4
core   0: 3 0x8000bd60 (0x014820b3) x 1 0x00000000
core   0: 0x8000bd64 (0x00c40e63) beq     s0, a2, pc + 28
core   0: 3 0x8000bd64 (0x00c40e63)
core   0: 0x8000bd68 (0x030a7f63) bgeu    s4, a6, pc + 62
core   0: 3 0x8000bd68 (0x030a7f63)
core   0: 0x8000bda6 (0x03aeedb3) rem     s11, t4, s10
core   0: 3 0x8000bda6 (0x03aeedb3) x27 0x00000001
core   0: 0x8000bdaa (0x0000157d) c.addi  a0, -1
core   0: 3 0x8000bdaa (0x157d) x10 0xffffffff
core   0: 0x8000bdac (0xcf434e37) lui     t3, 0xcf434
core   0: 3 0x8000bdac (0xcf434e37) x28 0xcf434000
core   0: 0x8000bdb0 (0xf591b193) sltiu   gp, gp, -167
core   0: 3 0x8000bdb0 (0xf591b193) x 3 0x00000000
core   0: 0x8000bdb4 (0x0295c333) div     t1, a1, s1
core   0: 3 0x8000bdb4 (0x0295c333) x 6 0x00000000
core   0: 0x8000bdb8 (0x0ff0000f) fence   iorw,iorw
core   0: 3 0x8000bdb8 (0x0ff0000f)
core   0: 0x8000bdbc (0x0000100f) fence.i
core   0: 3 0x8000bdbc (0x0000100f)
core   0: 0x8000bdc0 (0x01a67733) and     a4, a2, s10
core   0: 3 0x8000bdc0 (0x01a67733) x14 0x00000000
core   0: 0x8000bdc4 (0x00000001) c.nop
core   0: 3 0x8000bdc4 (0x0001)
core   0: 0x8000bdc6 (0x0221b933) mulhu   s2, gp, sp
core   0: 3 0x8000bdc6 (0x0221b933) x18 0x00000000
core   0: 0x8000bdca (0x0346d363) bge     a3, s4, pc + 38
core   0: 3 0x8000bdca (0x0346d363)
core   0: 0x8000bdf0 (0x0198d663) bge     a7, s9, pc + 12
core   0: 3 0x8000bdf0 (0x0198d663)
core   0: 0x8000bdfc (0x3f8e2093) slti    ra, t3, 1016
core   0: 3 0x8000bdfc (0x3f8e2093) x 1 0x00000001
core   0: 0x8000be00 (0x0000997d) c.andi  a0, -1
core   0: 3 0x8000be00 (0x997d) x10 0xffffffff
core   0: 0x8000be02 (0x000001b2) c.slli  gp, 12
core   0: 3 0x8000be02 (0x01b2) x 3 0x00000000
core   0: 0x8000be04 (0x7a1b6e93) ori     t4, s6, 1953
core   0: 3 0x8000be04 (0x7a1b6e93) x29 0x000317af
core   0: 0x8000be08 (0x8a89eb13) ori     s6, s3, -1880
core   0: 3 0x8000be08 (0x8a89eb13) x22 0xfffffea8
core   0: 0x8000be0c (0x0000822d) c.srli  a2, 11
core   0: 3 0x8000be0c (0x822d) x12 0x00000000
core   0: 0x8000be0e (0x019b27b3) slt     a5, s6, s9
core   0: 3 0x8000be0e (0x019b27b3) x15 0x00000000
core   0: 0x8000be12 (0x00000001) c.nop
core   0: 3 0x8000be12 (0x0001)
core   0: 0x8000be14 (0x00bb3b33) sltu    s6, s6, a1
core   0: 3 0x8000be14 (0x00bb3b33) x22 0x00000000
core   0: 0x8000be18 (0x0119a433) slt     s0, s3, a7
core   0: 3 0x8000be18 (0x0119a433) x 8 0x00000001
core   0: 0x8000be1c (0x00008e59) c.or    a2, a4
core   0: 3 0x8000be1c (0x8e59) x12 0x00000000
core   0: 0x8000be1e (0x024002b3) mul     t0, zero, tp
core   0: 3 0x8000be1e (0x024002b3) x 5 0x00000000
core   0: 0x8000be22 (0xc4ccb013) sltiu   zero, s9, -948
core   0: 3 0x8000be22 (0xc4ccb013)
core   0: 0x8000be26 (0x00008961) c.andi  a0, 24
core   0: 3 0x8000be26 (0x8961) x10 0x00000018
core   0: 0x8000be28 (0x206cfd13) andi    s10, s9, 518
core   0: 3 0x8000be28 (0x206cfd13) x26 0x00000002
core   0: 0x8000be2c (0x026331b3) mulhu   gp, t1, t1
core   0: 3 0x8000be2c (0x026331b3) x 3 0x00000000
core   0: 0x8000be30 (0x036591b3) mulh    gp, a1, s6
core   0: 3 0x8000be30 (0x036591b3) x 3 0x00000000
core   0: 0x8000be34 (0x0183e863) bltu    t2, s8, pc + 16
core   0: 3 0x8000be34 (0x0183e863)
core   0: 0x8000be38 (0x038bee33) rem     t3, s7, s8
core   0: 3 0x8000be38 (0x038bee33) x28 0x80025e5c
core   0: 0x8000be3c (0x00008771) c.srai  a4, 28
core   0: 3 0x8000be3c (0x8771) x14 0x00000000
core   0: 0x8000be3e (0x00000001) c.nop
core   0: 3 0x8000be3e (0x0001)
core   0: 0x8000be40 (0x039c9533) mulh    a0, s9, s9
core   0: 3 0x8000be40 (0x039c9533) x10 0x000aee84
core   0: 0x8000be44 (0xf17a6c13) ori     s8, s4, -233
core   0: 3 0x8000be44 (0xf17a6c13) x24 0xffffffff
core   0: 0x8000be48 (0x02e55263) bge     a0, a4, pc + 36
core   0: 3 0x8000be48 (0x02e55263)
core   0: 0x8000be6c (0x0279b1b3) mulhu   gp, s3, t2
core   0: 3 0x8000be6c (0x0279b1b3) x 3 0x80025d5b
core   0: 0x8000be70 (0x00008c89) c.sub   s1, a0
core   0: 3 0x8000be70 (0x8c89) x 9 0xf7f5117c
core   0: 0x8000be72 (0x00008d69) c.and   a0, a0
core   0: 3 0x8000be72 (0x8d69) x10 0x000aee84
core   0: 0x8000be74 (0x02da3733) mulhu   a4, s4, a3
core   0: 3 0x8000be74 (0x02da3733) x14 0x7d9d9d2b
core   0: 0x8000be78 (0x0000e481) c.bnez  s1, pc + 8
core   0: 3 0x8000be78 (0xe481)
core   0: 0x8000be80 (0x03b42e33) mulhsu  t3, s0, s11
core   0: 3 0x8000be80 (0x03b42e33) x28 0x00000000
core   0: 0x8000be84 (0xd03ec113) xori    sp, t4, -765
core   0: 3 0x8000be84 (0xd03ec113) x 2 0xfffceaac
core   0: 0x8000be88 (0x008c94b3) sll     s1, s9, s0
core   0: 3 0x8000be88 (0x008c94b3) x 9 0xf9632ac4
core   0: 0x8000be8c (0x00b0fb33) and     s6, ra, a1
core   0: 3 0x8000be8c (0x00b0fb33) x22 0x00000001
core   0: 0x8000be90 (0x00008661) c.srai  a2, 24
core   0: 3 0x8000be90 (0x8661) x12 0x00000000
core   0: 0x8000be92 (0x014332b3) sltu    t0, t1, s4
core   0: 3 0x8000be92 (0x014332b3) x 5 0x00000001
core   0: 0x8000be96 (0x00008e99) c.sub   a3, a4
core   0: 3 0x8000be96 (0x8e99) x13 0x00000001
core   0: 0x8000be98 (0x00000001) c.nop
core   0: 3 0x8000be98 (0x0001)
core   0: 0x8000be9a (0x02fc0fb3) mul     t6, s8, a5
core   0: 3 0x8000be9a (0x02fc0fb3) x31 0x00000000
core   0: 0x8000be9e (0x02833833) mulhu   a6, t1, s0
core   0: 3 0x8000be9e (0x02833833) x16 0x00000000
core   0: 0x8000bea2 (0x00008e2e) c.mv    t3, a1
core   0: 3 0x8000bea2 (0x8e2e) x28 0x01a73103
core   0: 0x8000bea4 (0x00039db3) sll     s11, t2, zero
core   0: 3 0x8000bea4 (0x00039db3) x27 0x80025e5c
core   0: 0x8000bea8 (0x007467b3) or      a5, s0, t2
core   0: 3 0x8000bea8 (0x007467b3) x15 0x80025e5d
core   0: 0x8000beac (0x33a6be13) sltiu   t3, a3, 826
core   0: 3 0x8000beac (0x33a6be13) x28 0x00000001
core   0: 0x8000beb0 (0x00006119) c.addi16sp sp, 384
core   0: 3 0x8000beb0 (0x6119) x 2 0xfffcec2c
core   0: 0x8000beb2 (0x03dd4263) blt     s10, t4, pc + 36
core   0: 3 0x8000beb2 (0x03dd4263)
core   0: 0x8000bed6 (0x3c7c3493) sltiu   s1, s8, 967
core   0: 3 0x8000bed6 (0x3c7c3493) x 9 0x00000000
core   0: 0x8000beda (0x00008ff9) c.and   a5, a4
core   0: 3 0x8000beda (0x8ff9) x15 0x00001c09
core   0: 0x8000bedc (0x00e1a1b3) slt     gp, gp, a4
core   0: 3 0x8000bedc (0x00e1a1b3) x 3 0x00000001
core   0: 0x8000bee0 (0x00008615) c.srai  a2, 5
core   0: 3 0x8000bee0 (0x8615) x12 0x00000000
core   0: 0x8000bee2 (0x00008eb1) c.xor   a3, a2
core   0: 3 0x8000bee2 (0x8eb1) x13 0x00000001
core   0: 0x8000bee4 (0x000088a1) c.andi  s1, 8
core   0: 3 0x8000bee4 (0x88a1) x 9 0x00000000
core   0: 0x8000bee6 (0x40dd5533) sra     a0, s10, a3
core   0: 3 0x8000bee6 (0x40dd5533) x10 0x00000001
core   0: 0x8000beea (0x00008ce1) c.and   s1, s0
core   0: 3 0x8000beea (0x8ce1) x 9 0x00000000
core   0: 0x8000beec (0xdb011d17) auipc   s10, 0xdb011
core   0: 3 0x8000beec (0xdb011d17) x26 0x5b01ceec
core   0: 0x8000bef0 (0x00b9dbb3) srl     s7, s3, a1
core   0: 3 0x8000bef0 (0x00b9dbb3) x23 0x1fffffc0
core   0: 0x8000bef4 (0x4898e413) ori     s0, a7, 1161
core   0: 3 0x8000bef4 (0x4898e413) x 8 0x00000489
core   0: 0x8000bef8 (0x33f00993) li      s3, 831
core   0: 3 0x8000bef8 (0x33f00993) x19 0x0000033f
core   0: 0x8000befc (0x00008d3d) c.xor   a0, a5
core   0: 3 0x8000befc (0x8d3d) x10 0x00001c08
core   0: 0x8000befe (0x006b84b3) add     s1, s7, t1
core   0: 3 0x8000befe (0x006b84b3) x 9 0x1fffffc0
core   0: 0x8000bf02 (0x03dd1533) mulh    a0, s10, t4
core   0: 3 0x8000bf02 (0x03dd1533) x10 0x00011970
core   0: 0x8000bf06 (0x0071fe63) bgeu    gp, t2, pc + 28
core   0: 3 0x8000bf06 (0x0071fe63)
core   0: 0x8000bf0a (0x00008ca5) c.xor   s1, s1
core   0: 3 0x8000bf0a (0x8ca5) x 9 0x00000000
core   0: 0x8000bf0c (0x00008cb1) c.xor   s1, a2
core   0: 3 0x8000bf0c (0x8cb1) x 9 0x00000000
core   0: 0x8000bf0e (0x00000001) c.nop
core   0: 3 0x8000bf0e (0x0001)
core   0: 0x8000bf10 (0x00008f05) c.sub   a4, s1
core   0: 3 0x8000bf10 (0x8f05) x14 0x7d9d9d2b
core   0: 0x8000bf12 (0x00dc8633) add     a2, s9, a3
core   0: 3 0x8000bf12 (0x00dc8633) x12 0xfcb19563
core   0: 0x8000bf16 (0x0000089c) c.addi4spn a5, sp, 80
core   0: 3 0x8000bf16 (0x089c) x15 0xfffcec7c
core   0: 0x8000bf18 (0x0294a833) mulhsu  a6, s1, s1
core   0: 3 0x8000bf18 (0x0294a833) x16 0x00000000
core   0: 0x8000bf1c (0x01e50e33) add     t3, a0, t5
core   0: 3 0x8000bf1c (0x01e50e33) x28 0x00011971
core   0: 0x8000bf20 (0x000091ce) c.add   gp, s3
core   0: 3 0x8000bf20 (0x91ce) x 3 0x00000340
core   0: 0x8000bf22 (0x00351e13) slli    t3, a0, 3
core   0: 3 0x8000bf22 (0x00351e13) x28 0x0008cb80
core   0: 0x8000bf26 (0x00008525) c.srai  a0, 9
core   0: 3 0x8000bf26 (0x8525) x10 0x0000008c
core   0: 0x8000bf28 (0x01e79bb3) sll     s7, a5, t5
core   0: 3 0x8000bf28 (0x01e79bb3) x23 0xfff9d8f8
core   0: 0x8000bf2c (0x0263beb3) mulhu   t4, t2, t1
core   0: 3 0x8000bf2c (0x0263beb3) x29 0x00000000
core   0: 0x8000bf30 (0x0000c90d) c.beqz  a0, pc + 50
core   0: 3 0x8000bf30 (0xc90d)
core   0: 0x8000bf32 (0x02559633) mulh    a2, a1, t0
core   0: 3 0x8000bf32 (0x02559633) x12 0x00000000
core   0: 0x8000bf36 (0x03feff33) remu    t5, t4, t6
core   0: 3 0x8000bf36 (0x03feff33) x30 0x00000000
core   0: 0x8000bf3a (0x0ff0000f) fence   iorw,iorw
core   0: 3 0x8000bf3a (0x0ff0000f)
core   0: 0x8000bf3e (0x00008ccd) c.or    s1, a1
core   0: 3 0x8000bf3e (0x8ccd) x 9 0x01a73103
core   0: 0x8000bf40 (0x008ed493) srli    s1, t4, 8
core   0: 3 0x8000bf40 (0x008ed493) x 9 0x00000000
core   0: 0x8000bf44 (0x01405763) bge     zero, s4, pc + 14
core   0: 3 0x8000bf44 (0x01405763)
core   0: 0x8000bf52 (0x00000e46) c.slli  t3, 17
core   0: 3 0x8000bf52 (0x0e46) x28 0x97000000
core   0: 0x8000bf54 (0x0000834a) c.mv    t1, s2
core   0: 3 0x8000bf54 (0x834a) x 6 0x00000000
core   0: 0x8000bf56 (0xf434b237) lui     tp, 0xf434b
core   0: 3 0x8000bf56 (0xf434b237) x 4 0xf434b000
core   0: 0x8000bf5a (0x00008ee6) c.mv    t4, s9
core   0: 3 0x8000bf5a (0x8ee6) x29 0xfcb19562
core   0: 0x8000bf5c (0x020ea133) mulhsu  sp, t4, zero
core   0: 3 0x8000bf5c (0x020ea133) x 2 0x00000000
core   0: 0x8000bf60 (0x00008f39) c.xor   a4, a4
core   0: 3 0x8000bf60 (0x8f39) x14 0x00000000
core   0: 0x8000bf62 (0x0000c021) c.beqz  s0, pc + 64
core   0: 3 0x8000bf62 (0xc021)
core   0: 0x8000bf64 (0x0000e90d) c.bnez  a0, pc + 50
core   0: 3 0x8000bf64 (0xe90d)
core   0: 0x8000bf96 (0x037c2fb3) mulhsu  t6, s8, s7
core   0: 3 0x8000bf96 (0x037c2fb3) x31 0xffffffff
core   0: 0x8000bf9a (0x4010dbb3) sra     s7, ra, ra
core   0: 3 0x8000bf9a (0x4010dbb3) x23 0x00000000
core   0: 0x8000bf9e (0x0243e363) bltu    t2, tp, pc + 38
core   0: 3 0x8000bf9e (0x0243e363)
core   0: 0x8000bfc4 (0x37f20693) addi    a3, tp, 895
core   0: 3 0x8000bfc4 (0x37f20693) x13 0xf434b37f
core   0: 0x8000bfc8 (0x00006ee1) c.lui   t4, 0x18
core   0: 3 0x8000bfc8 (0x6ee1) x29 0x00018000
core   0: 0x8000bfca (0x76e23913) sltiu   s2, tp, 1902
core   0: 3 0x8000bfca (0x76e23913) x18 0x00000000
core   0: 0x8000bfce (0x70d41cb7) lui     s9, 0x70d41
core   0: 3 0x8000bfce (0x70d41cb7) x25 0x70d41000
core   0: 0x8000bfd2 (0x02a3d133) divu    sp, t2, a0
core   0: 3 0x8000bfd2 (0x02a3d133) x 2 0x00ea12f5
core   0: 0x8000bfd6 (0x40fd8193) addi    gp, s11, 1039
core   0: 3 0x8000bfd6 (0x40fd8193) x 3 0x8002626b
core   0: 0x8000bfda (0x0000100f) fence.i
core   0: 3 0x8000bfda (0x0000100f)
core   0: 0x8000bfde (0x02c002b3) mul     t0, zero, a2
core   0: 3 0x8000bfde (0x02c002b3) x 5 0x00000000
core   0: 0x8000bfe2 (0x02dc0163) beq     s8, a3, pc + 34
core   0: 3 0x8000bfe2 (0x02dc0163)
core   0: 0x8000bfe6 (0x03d901b3) mul     gp, s2, t4
core   0: 3 0x8000bfe6 (0x03d901b3) x 3 0x00000000
core   0: 0x8000bfea (0x038b9933) mulh    s2, s7, s8
core   0: 3 0x8000bfea (0x038b9933) x18 0x00000000
core   0: 0x8000bfee (0x41e3d1b3) sra     gp, t2, t5
core   0: 3 0x8000bfee (0x41e3d1b3) x 3 0x80025e5c
core   0: 0x8000bff2 (0x00008d66) c.mv    s10, s9
core   0: 3 0x8000bff2 (0x8d66) x26 0x70d41000
core   0: 0x8000bff4 (0x02795633) divu    a2, s2, t2
core   0: 3 0x8000bff4 (0x02795633) x12 0x00000000
core   0: 0x8000bff8 (0x0348ffb3) remu    t6, a7, s4
core   0: 3 0x8000bff8 (0x0348ffb3) x31 0x00000000
core   0: 0x8000bffc (0x40d8d833) sra     a6, a7, a3
core   0: 3 0x8000bffc (0x40d8d833) x16 0x00000000
core   0: 0x8000c000 (0x00d01963) bne     zero, a3, pc + 18
core   0: 3 0x8000c000 (0x00d01963)
core   0: 0x8000c012 (0x016040b3) xor     ra, zero, s6
core   0: 3 0x8000c012 (0x016040b3) x 1 0x00000001
core   0: 0x8000c016 (0x0088ca33) xor     s4, a7, s0
core   0: 3 0x8000c016 (0x0088ca33) x20 0x00000489
core   0: 0x8000c01a (0x03eefa33) remu    s4, t4, t5
core   0: 3 0x8000c01a (0x03eefa33) x20 0x00018000
core   0: 0x8000c01e (0x02993fb3) mulhu   t6, s2, s1
core   0: 3 0x8000c01e (0x02993fb3) x31 0x00000000
core   0: 0x8000c022 (0x00009b7d) c.andi  a4, -1
core   0: 3 0x8000c022 (0x9b7d) x14 0x00000000
core   0: 0x8000c024 (0x028b5463) bge     s6, s0, pc + 40
core   0: 3 0x8000c024 (0x028b5463)
core   0: 0x8000c028 (0x01c096b3) sll     a3, ra, t3
core   0: 3 0x8000c028 (0x01c096b3) x13 0x00000001
core   0: 0x8000c02c (0x03048bb3) mul     s7, s1, a6
core   0: 3 0x8000c02c (0x03048bb3) x23 0x00000000
core   0: 0x8000c030 (0x0000870d) c.srai  a4, 3
core   0: 3 0x8000c030 (0x870d) x14 0x00000000
core   0: 0x8000c032 (0x01459563) bne     a1, s4, pc + 10
core   0: 3 0x8000c032 (0x01459563)
core   0: 0x8000c03c (0x019137b3) sltu    a5, sp, s9
core   0: 3 0x8000c03c (0x019137b3) x15 0x00000001
core   0: 0x8000c040 (0x02067cb3) remu    s9, a2, zero
core   0: 3 0x8000c040 (0x02067cb3) x25 0x00000000
core   0: 0x8000c044 (0x02b84533) div     a0, a6, a1
core   0: 3 0x8000c044 (0x02b84533) x10 0x00000000
core   0: 0x8000c048 (0xacc9be13) sltiu   t3, s3, -1332
core   0: 3 0x8000c048 (0xacc9be13) x28 0x00000001
core   0: 0x8000c04c (0x03635333) divu    t1, t1, s6
core   0: 3 0x8000c04c (0x03635333) x 6 0x00000000
core   0: 0x8000c050 (0x00008f3d) c.xor   a4, a5
core   0: 3 0x8000c050 (0x8f3d) x14 0x00000001
core   0: 0x8000c052 (0x00004b97) auipc   s7, 0x4
core   0: 3 0x8000c052 (0x00004b97) x23 0x80010052
core   0: 0x8000c056 (0x08eb8b93) addi    s7, s7, 142
core   0: 3 0x8000c056 (0x08eb8b93) x23 0x800100e0
core   0: 0x8000c05a (0x01a7ad33) slt     s10, a5, s10
core   0: 3 0x8000c05a (0x01a7ad33) x26 0x00000001
core   0: 0x8000c05e (0x031eee33) rem     t3, t4, a7
core   0: 3 0x8000c05e (0x031eee33) x28 0x00018000
core   0: 0x8000c062 (0x00cbc083) lbu     ra, 12(s7)
core   0: 3 0x8000c062 (0x00cbc083) x 1 0x00000000 mem 0x800100ec
core   0: 0x8000c066 (0x00cba103) lw      sp, 12(s7)
core   0: 3 0x8000c066 (0x00cba103) x 2 0x00000000 mem 0x800100ec
core   0: 0x8000c06a (0x00bbcd83) lbu     s11, 11(s7)
core   0: 3 0x8000c06a (0x00bbcd83) x27 0x00000000 mem 0x800100eb
core   0: 0x8000c06e (0x0000100f) fence.i
core   0: 3 0x8000c06e (0x0000100f)
core   0: 0x8000c072 (0x992ba793) slti    a5, s7, -1646
core   0: 3 0x8000c072 (0x992ba793) x15 0x00000001
core   0: 0x8000c076 (0x00bb8b03) lb      s6, 11(s7)
core   0: 3 0x8000c076 (0x00bb8b03) x22 0x00000000 mem 0x800100eb
core   0: 0x8000c07a (0x00bbc883) lbu     a7, 11(s7)
core   0: 3 0x8000c07a (0x00bbc883) x17 0x00000000 mem 0x800100eb
core   0: 0x8000c07e (0x01b17433) and     s0, sp, s11
core   0: 3 0x8000c07e (0x01b17433) x 8 0x00000000
core   0: 0x8000c082 (0x00db80a3) sb      a3, 1(s7)
core   0: 3 0x8000c082 (0x00db80a3) mem 0x800100e1 0x1
core   0: 0x8000c086 (0x401989b3) sub     s3, s3, ra
core   0: 3 0x8000c086 (0x401989b3) x19 0x0000033f
core   0: 0x8000c08a (0x005b8503) lb      a0, 5(s7)
core   0: 3 0x8000c08a (0x005b8503) x10 0x00000000 mem 0x800100e5
core   0: 0x8000c08e (0xff3b8103) lb      sp, -13(s7)
core   0: 3 0x8000c08e (0xff3b8103) x 2 0x00000000 mem 0x800100d3
core   0: 0x8000c092 (0xff7b89a3) sb      s7, -13(s7)
core   0: 3 0x8000c092 (0xff7b89a3) mem 0x800100d3 0xe0
core   0: 0x8000c096 (0x011ba623) sw      a7, 12(s7)
core   0: 3 0x8000c096 (0x011ba623) mem 0x800100ec 0x00000000
core   0: 0x8000c09a (0x004bcd03) lbu     s10, 4(s7)
core   0: 3 0x8000c09a (0x004bcd03) x26 0x00000000 mem 0x800100e4
core   0: 0x8000c09e (0x03e5b433) mulhu   s0, a1, t5
core   0: 3 0x8000c09e (0x03e5b433) x 8 0x00000000
core   0: 0x8000c0a2 (0x410fddb3) sra     s11, t6, a6
core   0: 3 0x8000c0a2 (0x410fddb3) x27 0x00000000
core   0: 0x8000c0a6 (0x40e98d33) sub     s10, s3, a4
core   0: 3 0x8000c0a6 (0x40e98d33) x26 0x0000033e
core   0: 0x8000c0aa (0x00054833) xor     a6, a0, zero
core   0: 3 0x8000c0aa (0x00054833) x16 0x00000000
core   0: 0x8000c0ae (0x00008e45) c.or    a2, s1
core   0: 3 0x8000c0ae (0x8e45) x12 0x00000000
core   0: 0x8000c0b0 (0x00a36863) bltu    t1, a0, pc + 16
core   0: 3 0x8000c0b0 (0x00a36863)
core   0: 0x8000c0b4 (0x030a6863) bltu    s4, a6, pc + 48
core   0: 3 0x8000c0b4 (0x030a6863)
core   0: 0x8000c0b8 (0x000087b9) c.srai  a5, 14
core   0: 3 0x8000c0b8 (0x87b9) x15 0x00000000
core   0: 0x8000c0ba (0x0000717d) c.addi16sp sp, -16
core   0: 3 0x8000c0ba (0x717d) x 2 0xfffffff0
core   0: 0x8000c0bc (0x00a06663) bltu    zero, a0, pc + 12
core   0: 3 0x8000c0bc (0x00a06663)
core   0: 0x8000c0c0 (0x000080ed) c.srli  s1, 27
core   0: 3 0x8000c0c0 (0x80ed) x 9 0x00000000
core   0: 0x8000c0c2 (0x00008d15) c.sub   a0, a3
core   0: 3 0x8000c0c2 (0x8d15) x10 0xffffffff
core   0: 0x8000c0c4 (0x00c871b3) and     gp, a6, a2
core   0: 3 0x8000c0c4 (0x00c871b3) x 3 0x00000000
core   0: 0x8000c0c8 (0x0000ee91) c.bnez  a3, pc + 28
core   0: 3 0x8000c0c8 (0xee91)
core   0: 0x8000c0e4 (0x02a9c033) div     zero, s3, a0
core   0: 3 0x8000c0e4 (0x02a9c033)
core   0: 0x8000c0e8 (0x00006769) c.lui   a4, 0x1a
core   0: 3 0x8000c0e8 (0x6769) x14 0x0001a000
core   0: 0x8000c0ea (0x40f90f33) sub     t5, s2, a5
core   0: 3 0x8000c0ea (0x40f90f33) x30 0x00000000
core   0: 0x8000c0ee (0x01ce61b3) or      gp, t3, t3
core   0: 3 0x8000c0ee (0x01ce61b3) x 3 0x00018000
core   0: 0x8000c0f2 (0x41e4dc33) sra     s8, s1, t5
core   0: 3 0x8000c0f2 (0x41e4dc33) x24 0x00000000
core   0: 0x8000c0f6 (0x0ff0000f) fence   iorw,iorw
core   0: 3 0x8000c0f6 (0x0ff0000f)
core   0: 0x8000c0fa (0x00008fee) c.mv    t6, s11
core   0: 3 0x8000c0fa (0x8fee) x31 0x00000000
core   0: 0x8000c0fc (0x00008d49) c.or    a0, a0
core   0: 3 0x8000c0fc (0x8d49) x10 0xffffffff
core   0: 0x8000c0fe (0x0000100f) fence.i
core   0: 3 0x8000c0fe (0x0000100f)
core   0: 0x8000c102 (0x0000e48d) c.bnez  s1, pc + 42
core   0: 3 0x8000c102 (0xe48d)
core   0: 0x8000c104 (0x016f06b3) add     a3, t5, s6
core   0: 3 0x8000c104 (0x016f06b3) x13 0x00000000
core   0: 0x8000c108 (0x00006931) c.lui   s2, 0xc
core   0: 3 0x8000c108 (0x6931) x18 0x0000c000
core   0: 0x8000c10a (0x0030d013) srli    zero, ra, 3
core   0: 3 0x8000c10a (0x0030d013)
core   0: 0x8000c10e (0x00232fb3) slt     t6, t1, sp
core   0: 3 0x8000c10e (0x00232fb3) x31 0x00000000
core   0: 0x8000c112 (0x4cfe2493) slti    s1, t3, 1231
core   0: 3 0x8000c112 (0x4cfe2493) x 9 0x00000000
core   0: 0x8000c116 (0x00cb9093) slli    ra, s7, 12
core   0: 3 0x8000c116 (0x00cb9093) x 1 0x100e0000
core   0: 0x8000c11a (0x05a49063) bne     s1, s10, pc + 64
core   0: 3 0x8000c11a (0x05a49063)
core   0: 0x8000c15a (0x00000001) c.nop
core   0: 3 0x8000c15a (0x0001)
core   0: 0x8000c15c (0x41625093) srai    ra, tp, 22
core   0: 3 0x8000c15c (0x41625093) x 1 0xffffffd0
core   0: 0x8000c160 (0x00000001) c.nop
core   0: 3 0x8000c160 (0x0001)
core   0: 0x8000c162 (0x0168e0b3) or      ra, a7, s6
core   0: 3 0x8000c162 (0x0168e0b3) x 1 0x00000000
core   0: 0x8000c166 (0x03ede733) rem     a4, s11, t5
core   0: 3 0x8000c166 (0x03ede733) x14 0x00000000
core   0: 0x8000c16a (0x00006171) c.addi16sp sp, 336
core   0: 3 0x8000c16a (0x6171) x 2 0x00000140
core   0: 0x8000c16c (0x366c0913) addi    s2, s8, 870
core   0: 3 0x8000c16c (0x366c0913) x18 0x00000366
core   0: 0x8000c170 (0x034d9063) bne     s11, s4, pc + 32
core   0: 3 0x8000c170 (0x034d9063)
core   0: 0x8000c190 (0x00615413) srli    s0, sp, 6
core   0: 3 0x8000c190 (0x00615413) x 8 0x00000005
core   0: 0x8000c194 (0x0000167d) c.addi  a2, -1
core   0: 3 0x8000c194 (0x167d) x12 0xffffffff
core   0: 0x8000c196 (0x03b672b3) remu    t0, a2, s11
core   0: 3 0x8000c196 (0x03b672b3) x 5 0xffffffff
core   0: 0x8000c19a (0x00008c75) c.and   s0, a3
core   0: 3 0x8000c19a (0x8c75) x 8 0x00000000
core   0: 0x8000c19c (0x00001210) c.addi4spn a2, sp, 288
core   0: 3 0x8000c19c (0x1210) x12 0x00000260
core   0: 0x8000c19e (0x010bfc33) and     s8, s7, a6
core   0: 3 0x8000c19e (0x010bfc33) x24 0x00000000
core   0: 0x8000c1a2 (0x00008a0d) c.andi  a2, 3
core   0: 3 0x8000c1a2 (0x8a0d) x12 0x00000000
core   0: 0x8000c1a4 (0x0000068e) c.slli  a3, 3
core   0: 3 0x8000c1a4 (0x068e) x13 0x00000000
core   0: 0x8000c1a6 (0x01af8263) beq     t6, s10, pc + 4
core   0: 3 0x8000c1a6 (0x01af8263)
core   0: 0x8000c1aa (0x5f41bb93) sltiu   s7, gp, 1524
core   0: 3 0x8000c1aa (0x5f41bb93) x23 0x00000000
core   0: 0x8000c1ae (0x0303d4b3) divu    s1, t2, a6
core   0: 3 0x8000c1ae (0x0303d4b3) x 9 0xffffffff
core   0: 0x8000c1b2 (0x01064133) xor     sp, a2, a6
core   0: 3 0x8000c1b2 (0x01064133) x 2 0x00000000
core   0: 0x8000c1b6 (0x03758b63) beq     a1, s7, pc + 54
core   0: 3 0x8000c1b6 (0x03758b63)
core   0: 0x8000c1ba (0x00001c7d) c.addi  s8, -1
core   0: 3 0x8000c1ba (0x1c7d) x24 0xffffffff
core   0: 0x8000c1bc (0x000083b9) c.srli  a5, 14
core   0: 3 0x8000c1bc (0x83b9) x15 0x00000000
core   0: 0x8000c1be (0xc437b893) sltiu   a7, a5, -957
core   0: 3 0x8000c1be (0xc437b893) x17 0x00000001
core   0: 0x8000c1c2 (0x4567c7b7) lui     a5, 0x4567c
core   0: 3 0x8000c1c2 (0x4567c7b7) x15 0x4567c000
core   0: 0x8000c1c6 (0x00f5f833) and     a6, a1, a5
core   0: 3 0x8000c1c6 (0x00f5f833) x16 0x01270000
core   0: 0x8000c1ca (0x0ff0000f) fence   iorw,iorw
core   0: 3 0x8000c1ca (0x0ff0000f)
core   0: 0x8000c1ce (0x01c96f33) or      t5, s2, t3
core   0: 3 0x8000c1ce (0x01c96f33) x30 0x00018366
core   0: 0x8000c1d2 (0x00fb0f33) add     t5, s6, a5
core   0: 3 0x8000c1d2 (0x00fb0f33) x30 0x4567c000
core   0: 0x8000c1d6 (0xa1eb2bb7) lui     s7, 0xa1eb2
core   0: 3 0x8000c1d6 (0xa1eb2bb7) x23 0xa1eb2000
core   0: 0x8000c1da (0x40a4d233) sra     tp, s1, a0
core   0: 3 0x8000c1da (0x40a4d233) x 4 0xffffffff
core   0: 0x8000c1de (0x03860d33) mul     s10, a2, s8
core   0: 3 0x8000c1de (0x03860d33) x26 0x00000000
core   0: 0x8000c1e2 (0x000007f9) c.addi  a5, 30
core   0: 3 0x8000c1e2 (0x07f9) x15 0x4567c01e
core   0: 0x8000c1e4 (0x8c2c4f13) xori    t5, s8, -1854
core   0: 3 0x8000c1e4 (0x8c2c4f13) x30 0x0000073d
core   0: 0x8000c1e8 (0x02c2ff97) auipc   t6, 0x2c2f
core   0: 3 0x8000c1e8 (0x02c2ff97) x31 0x82c3b1e8
core   0: 0x8000c1ec (0x000082a5) c.srli  a3, 9
core   0: 3 0x8000c1ec (0x82a5) x13 0x00000000
core   0: 0x8000c1ee (0x023dddb3) divu    s11, s11, gp
core   0: 3 0x8000c1ee (0x023dddb3) x27 0x00000000
core   0: 0x8000c1f2 (0x00008d7d) c.and   a0, a5
core   0: 3 0x8000c1f2 (0x8d7d) x10 0x4567c01e
core   0: 0x8000c1f4 (0x02d138b3) mulhu   a7, sp, a3
core   0: 3 0x8000c1f4 (0x02d138b3) x17 0x00000000
core   0: 0x8000c1f8 (0x031a4733) div     a4, s4, a7
core   0: 3 0x8000c1f8 (0x031a4733) x14 0xffffffff
core   0: 0x8000c1fc (0x0000100f) fence.i
core   0: 3 0x8000c1fc (0x0000100f)
core   0: 0x8000c200 (0x0240026f) jal     tp, pc + 0x24
core   0: 3 0x8000c200 (0x0240026f) x 4 0x8000c204
core   0: 0x8000c224 (0x000037e5) c.jal   pc - 24
core   0: 3 0x8000c224 (0x37e5) x 1 0x8000c226
core   0: 0x8000c20c (0x0000a819) c.j     pc + 22
core   0: 3 0x8000c20c (0xa819)
core   0: 0x8000c222 (0x0000a021) c.j     pc + 8
core   0: 3 0x8000c222 (0xa021)
core   0: 0x8000c22a (0x00a00f6f) jal     t5, pc + 0xa
core   0: 3 0x8000c22a (0x00a00f6f) x30 0x8000c22e
core   0: 0x8000c234 (0x0000bfd9) c.j     pc - 42
core   0: 3 0x8000c234 (0xbfd9)
core   0: 0x8000c20a (0x0000a035) c.j     pc + 44
core   0: 3 0x8000c20a (0xa035)
core   0: 0x8000c236 (0xff1ff16f) jal     sp, pc - 0x10
core   0: 3 0x8000c236 (0xff1ff16f) x 2 0x8000c23a
core   0: 0x8000c226 (0x0000bfe5) c.j     pc - 8
core   0: 3 0x8000c226 (0xbfe5)
core   0: 0x8000c21e (0xff7ff0ef) jal     pc - 0xa
core   0: 3 0x8000c21e (0xff7ff0ef) x 1 0x8000c222
core   0: 0x8000c214 (0x00003fc5) c.jal   pc - 16
core   0: 3 0x8000c214 (0x3fc5) x 1 0x8000c216
core   0: 0x8000c204 (0x0000203d) c.jal   pc + 46
core   0: 3 0x8000c204 (0x203d) x 1 0x8000c206
core   0: 0x8000c232 (0x00003ff9) c.jal   pc - 34
core   0: 3 0x8000c232 (0x3ff9) x 1 0x8000c234
core   0: 0x8000c210 (0x00c000ef) jal     pc + 0xc
core   0: 3 0x8000c210 (0x00c000ef) x 1 0x8000c214
core   0: 0x8000c21c (0x0000200d) c.jal   pc + 34
core   0: 3 0x8000c21c (0x200d) x 1 0x8000c21e
core   0: 0x8000c23e (0x00002009) c.jal   pc + 2
core   0: 3 0x8000c23e (0x2009) x 1 0x8000c240
core   0: 0x8000c240 (0xfcfffb6f) jal     s6, pc - 0x32
core   0: 3 0x8000c240 (0xfcfffb6f) x22 0x8000c244
core   0: 0x8000c20e (0x00003fe5) c.jal   pc - 8
core   0: 3 0x8000c20e (0x3fe5) x 1 0x8000c210
core   0: 0x8000c206 (0x028001ef) jal     gp, pc + 0x28
core   0: 3 0x8000c206 (0x028001ef) x 3 0x8000c20a
core   0: 0x8000c22e (0x00c0036f) jal     t1, pc + 0xc
core   0: 3 0x8000c22e (0x00c0036f) x 6 0x8000c232
core   0: 0x8000c23a (0x0000bff1) c.j     pc - 36
core   0: 3 0x8000c23a (0xbff1)
core   0: 0x8000c216 (0x0000a009) c.j     pc + 2
core   0: 3 0x8000c216 (0xa009)
core   0: 0x8000c218 (0x0100036f) jal     t1, pc + 0x10
core   0: 3 0x8000c218 (0x0100036f) x 6 0x8000c21c
core   0: 0x8000c228 (0x00002811) c.jal   pc + 20
core   0: 3 0x8000c228 (0x2811) x 1 0x8000c22a
core   0: 0x8000c23c (0x00002021) c.jal   pc + 8
core   0: 3 0x8000c23c (0x2021) x 1 0x8000c23e
core   0: 0x8000c244 (0x0080c233) xor     tp, ra, s0
core   0: 3 0x8000c244 (0x0080c233) x 4 0x8000c23e
core   0: 0x8000c248 (0x00f59fb3) sll     t6, a1, a5
core   0: 3 0x8000c248 (0x00f59fb3) x31 0xc0000000
core   0: 0x8000c24c (0x000014fd) c.addi  s1, -1
core   0: 3 0x8000c24c (0x14fd) x 9 0xfffffffe
core   0: 0x8000c24e (0x54da2737) lui     a4, 0x54da2
core   0: 3 0x8000c24e (0x54da2737) x14 0x54da2000
core   0: 0x8000c252 (0x000066bd) c.lui   a3, 0xf
core   0: 3 0x8000c252 (0x66bd) x13 0x0000f000
core   0: 0x8000c254 (0x00008ffd) c.and   a5, a5
core   0: 3 0x8000c254 (0x8ffd) x15 0x4567c01e
core   0: 0x8000c256 (0x00006499) c.lui   s1, 0x6
core   0: 3 0x8000c256 (0x6499) x 9 0x00006000
core   0: 0x8000c258 (0x00006129) c.addi16sp sp, 192
core   0: 3 0x8000c258 (0x6129) x 2 0x8000c2fa
core   0: 0x8000c25a (0x00009d1a) c.add   s10, t1
core   0: 3 0x8000c25a (0x9d1a) x26 0x8000c21c
core   0: 0x8000c25c (0x034ea833) mulhsu  a6, t4, s4
core   0: 3 0x8000c25c (0x034ea833) x16 0x00000002
core   0: 0x8000c260 (0x021e8a33) mul     s4, t4, ra
core   0: 3 0x8000c260 (0x021e8a33) x20 0x235d0000
core   0: 0x8000c264 (0x20bdea13) ori     s4, s11, 523
core   0: 3 0x8000c264 (0x20bdea13) x20 0x0000020b
core   0: 0x8000c268 (0x00009bfd) c.andi  a5, -1
core   0: 3 0x8000c268 (0x9bfd) x15 0x4567c01e
core   0: 0x8000c26a (0x02a68863) beq     a3, a0, pc + 48
core   0: 3 0x8000c26a (0x02a68863)
core   0: 0x8000c26e (0x00000d5e) c.slli  s10, 23
core   0: 3 0x8000c26e (0x0d5e) x26 0x0e000000
core   0: 0x8000c270 (0x003d5a63) bge     s10, gp, pc + 20
core   0: 3 0x8000c270 (0x003d5a63)
core   0: 0x8000c284 (0x000017fd) c.addi  a5, -1
core   0: 3 0x8000c284 (0x17fd) x15 0x4567c01d
core   0: 0x8000c286 (0x02946733) rem     a4, s0, s1
core   0: 3 0x8000c286 (0x02946733) x14 0x00000000
core   0: 0x8000c28a (0x0000c601) c.beqz  a2, pc + 8
core   0: 3 0x8000c28a (0xc601)
core   0: 0x8000c292 (0x0000910e) c.add   sp, gp
core   0: 3 0x8000c292 (0x910e) x 2 0x00018504
core   0: 0x8000c294 (0x00c36263) bltu    t1, a2, pc + 4
core   0: 3 0x8000c294 (0x00c36263)
core   0: 0x8000c298 (0x00000001) c.nop
core   0: 3 0x8000c298 (0x0001)
core   0: 0x8000c29a (0x01f1feb3) and     t4, gp, t6
core   0: 3 0x8000c29a (0x01f1feb3) x29 0x80000000
core   0: 0x8000c29e (0x029e4533) div     a0, t3, s1
core   0: 3 0x8000c29e (0x029e4533) x10 0x00000004
core   0: 0x8000c2a2 (0x41e5d693) srai    a3, a1, 30
core   0: 3 0x8000c2a2 (0x41e5d693) x13 0x00000000
core   0: 0x8000c2a6 (0x000062a9) c.lui   t0, 0xa
core   0: 3 0x8000c2a6 (0x62a9) x 5 0x0000a000
core   0: 0x8000c2a8 (0x61d7a313) slti    t1, a5, 1565
core   0: 3 0x8000c2a8 (0x61d7a313) x 6 0x00000000
core   0: 0x8000c2ac (0x74efa193) slti    gp, t6, 1870
core   0: 3 0x8000c2ac (0x74efa193) x 3 0x00000001
core   0: 0x8000c2b0 (0x00000694) c.addi4spn a3, sp, 832
core   0: 3 0x8000c2b0 (0x0694) x13 0x00018844
core   0: 0x8000c2b2 (0x02677a33) remu    s4, a4, t1
core   0: 3 0x8000c2b2 (0x02677a33) x20 0x00000000
core   0: 0x8000c2b6 (0x003e5b13) srli    s6, t3, 3
core   0: 3 0x8000c2b6 (0x003e5b13) x22 0x00003000
core   0: 0x8000c2ba (0x0cb74c37) lui     s8, 0xcb74
core   0: 3 0x8000c2ba (0x0cb74c37) x24 0x0cb74000
core   0: 0x8000c2be (0x00006a15) c.lui   s4, 0x5
core   0: 3 0x8000c2be (0x6a15) x20 0x00005000
core   0: 0x8000c2c0 (0x00008c81) c.sub   s1, s0
core   0: 3 0x8000c2c0 (0x8c81) x 9 0x00006000
core   0: 0x8000c2c2 (0x4012d7b3) sra     a5, t0, ra
core   0: 3 0x8000c2c2 (0x4012d7b3) x15 0x00000000
core   0: 0x8000c2c6 (0x0364fbb3) remu    s7, s1, s6
core   0: 3 0x8000c2c6 (0x0364fbb3) x23 0x00000000
core   0: 0x8000c2ca (0x00008175) c.srli  a0, 29
core   0: 3 0x8000c2ca (0x8175) x10 0x00000000
core   0: 0x8000c2cc (0x00006119) c.addi16sp sp, 384
core   0: 3 0x8000c2cc (0x6119) x 2 0x00018684
core   0: 0x8000c2ce (0x016bd633) srl     a2, s7, s6
core   0: 3 0x8000c2ce (0x016bd633) x12 0x00000000
core   0: 0x8000c2d2 (0x9abbb993) sltiu   s3, s7, -1621
core   0: 3 0x8000c2d2 (0x9abbb993) x19 0x00000001
core   0: 0x8000c2d6 (0xee637793) andi    a5, t1, -282
core   0: 3 0x8000c2d6 (0xee637793) x15 0x00000000
core   0: 0x8000c2da (0x0000916e) c.add   sp, s11
core   0: 3 0x8000c2da (0x916e) x 2 0x00018684
core   0: 0x8000c2dc (0x57dc5817) auipc   a6, 0x57dc5
core   0: 3 0x8000c2dc (0x57dc5817) x16 0xd7dd12dc
core   0: 0x8000c2e0 (0x7ba48b93) addi    s7, s1, 1978
core   0: 3 0x8000c2e0 (0x7ba48b93) x23 0x000067ba
core   0: 0x8000c2e4 (0x00000001) c.nop
core   0: 3 0x8000c2e4 (0x0001)
core   0: 0x8000c2e6 (0x0ff0000f) fence   iorw,iorw
core   0: 3 0x8000c2e6 (0x0ff0000f)
core   0: 0x8000c2ea (0x01538133) add     sp, t2, s5
core   0: 3 0x8000c2ea (0x01538133) x 2 0x0004fb40
core   0: 0x8000c2ee (0x41afd2b3) sra     t0, t6, s10
core   0: 3 0x8000c2ee (0x41afd2b3) x 5 0xc0000000
core   0: 0x8000c2f2 (0x00008ce5) c.and   s1, s1
core   0: 3 0x8000c2f2 (0x8ce5) x 9 0x00006000
core   0: 0x8000c2f4 (0x02e30bb3) mul     s7, t1, a4
core   0: 3 0x8000c2f4 (0x02e30bb3) x23 0x00000000
core   0: 0x8000c2f8 (0x0000c28d) c.beqz  a3, pc + 34
core   0: 3 0x8000c2f8 (0xc28d)
core   0: 0x8000c2fa (0x026ca9b3) mulhsu  s3, s9, t1
core   0: 3 0x8000c2fa (0x026ca9b3) x19 0x00000000
core   0: 0x8000c2fe (0x041d1263) bne     s10, ra, pc + 68
core   0: 3 0x8000c2fe (0x041d1263)
core   0: 0x8000c342 (0x046ee163) bltu    t4, t1, pc + 66
core   0: 3 0x8000c342 (0x046ee163)
core   0: 0x8000c346 (0x006110b3) sll     ra, sp, t1
core   0: 3 0x8000c346 (0x006110b3) x 1 0x0004fb40
core   0: 0x8000c34a (0x00008819) c.andi  s0, 6
core   0: 3 0x8000c34a (0x8819) x 8 0x00000000
core   0: 0x8000c34c (0x00000252) c.slli  tp, 20
core   0: 3 0x8000c34c (0x0252) x 4 0x23e00000
core   0: 0x8000c34e (0x00008c5d) c.or    s0, a5
core   0: 3 0x8000c34e (0x8c5d) x 8 0x00000000
core   0: 0x8000c350 (0x00309293) slli    t0, ra, 3
core   0: 3 0x8000c350 (0x00309293) x 5 0x0027da00
core   0: 0x8000c354 (0x000087a1) c.srai  a5, 8
core   0: 3 0x8000c354 (0x87a1) x15 0x00000000
core   0: 0x8000c356 (0x02754cb3) div     s9, a0, t2
core   0: 3 0x8000c356 (0x02754cb3) x25 0x00000000
core   0: 0x8000c35a (0x00299eb3) sll     t4, s3, sp
core   0: 3 0x8000c35a (0x00299eb3) x29 0x00000000
core   0: 0x8000c35e (0x02024f33) div     t5, tp, zero
core   0: 3 0x8000c35e (0x02024f33) x30 0xffffffff
core   0: 0x8000c362 (0x46af4993) xori    s3, t5, 1130
core   0: 3 0x8000c362 (0x46af4993) x19 0xfffffb95
core   0: 0x8000c366 (0x40dbde93) srai    t4, s7, 13
core   0: 3 0x8000c366 (0x40dbde93) x29 0x00000000
core   0: 0x8000c36a (0x40ec5d13) srai    s10, s8, 14
core   0: 3 0x8000c36a (0x40ec5d13) x26 0x000032dd
core   0: 0x8000c36e (0x03487463) bgeu    a6, s4, pc + 40
core   0: 3 0x8000c36e (0x03487463)
core   0: 0x8000c396 (0x00b2dcb3) srl     s9, t0, a1
core   0: 3 0x8000c396 (0x00b2dcb3) x25 0x0004fb40
core   0: 0x8000c39a (0x0107d493) srli    s1, a5, 16
core   0: 3 0x8000c39a (0x0107d493) x 9 0x00000000
core   0: 0x8000c39e (0x4b518893) addi    a7, gp, 1205
core   0: 3 0x8000c39e (0x4b518893) x17 0x000004b6
core   0: 0x8000c3a2 (0x00001480) c.addi4spn s0, sp, 608
core   0: 3 0x8000c3a2 (0x1480) x 8 0x0004fda0
core   0: 0x8000c3a4 (0x00008d79) c.and   a0, a4
core   0: 3 0x8000c3a4 (0x8d79) x10 0x00000000
core   0: 0x8000c3a6 (0x41d6d413) srai    s0, a3, 29
core   0: 3 0x8000c3a6 (0x41d6d413) x 8 0x00000000
core   0: 0x8000c3aa (0x0000e88d) c.bnez  s1, pc + 50
core   0: 3 0x8000c3aa (0xe88d)
core   0: 0x8000c3ac (0x00af7933) and     s2, t5, a0
core   0: 3 0x8000c3ac (0x00af7933) x18 0x00000000
core   0: 0x8000c3b0 (0x03c2f6b3) remu    a3, t0, t3
core   0: 3 0x8000c3b0 (0x03c2f6b3) x13 0x0000da00
core   0: 0x8000c3b4 (0x0000095d) c.addi  s2, 23
core   0: 3 0x8000c3b4 (0x095d) x18 0x00000017
core   0: 0x8000c3b6 (0x77c59037) lui     zero, 0x77c59
core   0: 3 0x8000c3b6 (0x77c59037)
core   0: 0x8000c3ba (0x034db2b3) mulhu   t0, s11, s4
core   0: 3 0x8000c3ba (0x034db2b3) x 5 0x00000000
core   0: 0x8000c3be (0x207fed93) ori     s11, t6, 519
core   0: 3 0x8000c3be (0x207fed93) x27 0xc0000207
core   0: 0x8000c3c2 (0x4e668a13) addi    s4, a3, 1254
core   0: 3 0x8000c3c2 (0x4e668a13) x20 0x0000dee6
core   0: 0x8000c3c6 (0x9f22cf13) xori    t5, t0, -1550
core   0: 3 0x8000c3c6 (0x9f22cf13) x30 0xfffff9f2
core   0: 0x8000c3ca (0x00008e51) c.or    a2, a2
core   0: 3 0x8000c3ca (0x8e51) x12 0x00000000
core   0: 0x8000c3cc (0x00008f91) c.sub   a5, a2
core   0: 3 0x8000c3cc (0x8f91) x15 0x00000000
core   0: 0x8000c3ce (0x03fe5e33) divu    t3, t3, t6
core   0: 3 0x8000c3ce (0x03fe5e33) x28 0x00000000
core   0: 0x8000c3d2 (0x6667f037) lui     zero, 0x6667f
core   0: 3 0x8000c3d2 (0x6667f037)
core   0: 0x8000c3d6 (0x0000e109) c.bnez  a0, pc + 2
core   0: 3 0x8000c3d6 (0xe109)
core   0: 0x8000c3d8 (0x0000956e) c.add   a0, s11
core   0: 3 0x8000c3d8 (0x956e) x10 0xc0000207
core   0: 0x8000c3da (0x00006bfd) c.lui   s7, 0x1f
core   0: 3 0x8000c3da (0x6bfd) x23 0x0001f000
core   0: 0x8000c3dc (0x013f1033) sll     zero, t5, s3
core   0: 3 0x8000c3dc (0x013f1033)
core   0: 0x8000c3e0 (0x294bc293) xori    t0, s7, 660
core   0: 3 0x8000c3e0 (0x294bc293) x 5 0x0001f294
core   0: 0x8000c3e4 (0x00000001) c.nop
core   0: 3 0x8000c3e4 (0x0001)
core   0: 0x8000c3e6 (0x00008575) c.srai  a0, 29
core   0: 3 0x8000c3e6 (0x8575) x10 0xfffffffe
core   0: 0x8000c3e8 (0x005f9e63) bne     t6, t0, pc + 28
core   0: 3 0x8000c3e8 (0x005f9e63)
core   0: 0x8000c404 (0x00008e75) c.and   a2, a3
core   0: 3 0x8000c404 (0x8e75) x12 0x00000000
core   0: 0x8000c406 (0x0000557d) c.li    a0, -1
core   0: 3 0x8000c406 (0x557d) x10 0xffffffff
core   0: 0x8000c408 (0x29b39b37) lui     s6, 0x29b39
core   0: 3 0x8000c408 (0x29b39b37) x22 0x29b39000
core   0: 0x8000c40c (0x029184b3) mul     s1, gp, s1
core   0: 3 0x8000c40c (0x029184b3) x 9 0x00000000
core   0: 0x8000c410 (0x02f01f33) mulh    t5, zero, a5
core   0: 3 0x8000c410 (0x02f01f33) x30 0x00000000
core   0: 0x8000c414 (0x02a5ee33) rem     t3, a1, a0
core   0: 3 0x8000c414 (0x02a5ee33) x28 0x00000000
core   0: 0x8000c418 (0x02d744b3) div     s1, a4, a3
core   0: 3 0x8000c418 (0x02d744b3) x 9 0x00000000
core   0: 0x8000c41c (0x03628fb3) mul     t6, t0, s6
core   0: 3 0x8000c41c (0x03628fb3) x31 0x69ef4000
core   0: 0x8000c420 (0x00000a1e) c.slli  s4, 7
core   0: 3 0x8000c420 (0x0a1e) x20 0x006f7300
core   0: 0x8000c422 (0x0ff0000f) fence   iorw,iorw
core   0: 3 0x8000c422 (0x0ff0000f)
core   0: 0x8000c426 (0x01033a33) sltu    s4, t1, a6
core   0: 3 0x8000c426 (0x01033a33) x20 0x00000001
core   0: 0x8000c42a (0x00a15293) srli    t0, sp, 10
core   0: 3 0x8000c42a (0x00a15293) x 5 0x0000013e
core   0: 0x8000c42e (0x00008bf5) c.andi  a5, 29
core   0: 3 0x8000c42e (0x8bf5) x15 0x00000000
core   0: 0x8000c430 (0x03ea24b3) mulhsu  s1, s4, t5
core   0: 3 0x8000c430 (0x03ea24b3) x 9 0x00000000
core   0: 0x8000c434 (0x02531063) bne     t1, t0, pc + 32
core   0: 3 0x8000c434 (0x02531063)
core   0: 0x8000c454 (0x00000001) c.nop
core   0: 3 0x8000c454 (0x0001)
core   0: 0x8000c456 (0x01f49b93) slli    s7, s1, 31
core   0: 3 0x8000c456 (0x01f49b93) x23 0x00000000
core   0: 0x8000c45a (0x00000001) c.nop
core   0: 3 0x8000c45a (0x0001)
core   0: 0x8000c45c (0x00000001) c.nop
core   0: 3 0x8000c45c (0x0001)
core   0: 0x8000c45e (0x00000659) c.addi  a2, 22
core   0: 3 0x8000c45e (0x0659) x12 0x00000016
core   0: 0x8000c460 (0x0000187d) c.addi  a6, -1
core   0: 3 0x8000c460 (0x187d) x16 0xd7dd12db
core   0: 0x8000c462 (0x03916eb3) rem     t4, sp, s9
core   0: 3 0x8000c462 (0x03916eb3) x29 0x00000000
core   0: 0x8000c466 (0x02362933) mulhsu  s2, a2, gp
core   0: 3 0x8000c466 (0x02362933) x18 0x00000000
core   0: 0x8000c46a (0x00000001) c.nop
core   0: 3 0x8000c46a (0x0001)
core   0: 0x8000c46c (0x00008c81) c.sub   s1, s0
core   0: 3 0x8000c46c (0x8c81) x 9 0x00000000
core   0: 0x8000c46e (0x00008c21) c.xor   s0, s0
core   0: 3 0x8000c46e (0x8c21) x 8 0x00000000
core   0: 0x8000c470 (0x01f80eb3) add     t4, a6, t6
core   0: 3 0x8000c470 (0x01f80eb3) x29 0x41cc52db
core   0: 0x8000c474 (0x01509133) sll     sp, ra, s5
core   0: 3 0x8000c474 (0x01509133) x 2 0x004fb400
core   0: 0x8000c478 (0xc424cd93) xori    s11, s1, -958
core   0: 3 0x8000c478 (0xc424cd93) x27 0xfffffc42
core   0: 0x8000c47c (0x410dd993) srai    s3, s11, 16
core   0: 3 0x8000c47c (0x410dd993) x19 0xffffffff
core   0: 0x8000c480 (0x006a6863) bltu    s4, t1, pc + 16
core   0: 3 0x8000c480 (0x006a6863)
core   0: 0x8000c484 (0x000083a5) c.srli  a5, 9
core   0: 3 0x8000c484 (0x83a5) x15 0x00000000
core   0: 0x8000c486 (0x794cbb93) sltiu   s7, s9, 1940
core   0: 3 0x8000c486 (0x794cbb93) x23 0x00000000
core   0: 0x8000c48a (0xc4f34193) xori    gp, t1, -945
core   0: 3 0x8000c48a (0xc4f34193) x 3 0xfffffc4f
core   0: 0x8000c48e (0x00008f7d) c.and   a4, a5
core   0: 3 0x8000c48e (0x8f7d) x14 0x00000000
core   0: 0x8000c490 (0x0000ef81) c.bnez  a5, pc + 24
core   0: 3 0x8000c490 (0xef81)
core   0: 0x8000c492 (0x00995cb3) srl     s9, s2, s1
core   0: 3 0x8000c492 (0x00995cb3) x25 0x00000000
core   0: 0x8000c496 (0x400f89b3) sub     s3, t6, zero
core   0: 3 0x8000c496 (0x400f89b3) x19 0x69ef4000
core   0: 0x8000c49a (0x00008799) c.srai  a5, 6
core   0: 3 0x8000c49a (0x8799) x15 0x00000000
core   0: 0x8000c49c (0x0000100f) fence.i
core   0: 3 0x8000c49c (0x0000100f)
core   0: 0x8000c4a0 (0x03227f33) remu    t5, tp, s2
core   0: 3 0x8000c4a0 (0x03227f33) x30 0x23e00000
core   0: 0x8000c4a4 (0x03d2c333) div     t1, t0, t4
core   0: 3 0x8000c4a4 (0x03d2c333) x 6 0x00000000
core   0: 0x8000c4a8 (0x00000632) c.slli  a2, 12
core   0: 3 0x8000c4a8 (0x0632) x12 0x00016000
core   0: 0x8000c4aa (0x03aac433) div     s0, s5, s10
core   0: 3 0x8000c4aa (0x03aac433) x 8 0xfffd7bd1
core   0: 0x8000c4ae (0x00864863) blt     a2, s0, pc + 16
core   0: 3 0x8000c4ae (0x00864863)
core   0: 0x8000c4b2 (0xf2f542b7) lui     t0, 0xf2f54
core   0: 3 0x8000c4b2 (0xf2f542b7) x 5 0xf2f54000
core   0: 0x8000c4b6 (0x01db1793) slli    a5, s6, 29
core   0: 3 0x8000c4b6 (0x01db1793) x15 0x00000000
core   0: 0x8000c4ba (0x03e6e663) bltu    a3, t5, pc + 44
core   0: 3 0x8000c4ba (0x03e6e663)
core   0: 0x8000c4e6 (0x98c23a13) sltiu   s4, tp, -1652
core   0: 3 0x8000c4e6 (0x98c23a13) x20 0x00000001
core   0: 0x8000c4ea (0xf9c832b7) lui     t0, 0xf9c83
core   0: 3 0x8000c4ea (0xf9c832b7) x 5 0xf9c83000
core   0: 0x8000c4ee (0x034ae163) bltu    s5, s4, pc + 34
core   0: 3 0x8000c4ee (0x034ae163)
core   0: 0x8000c4f2 (0x0000e409) c.bnez  s0, pc + 10
core   0: 3 0x8000c4f2 (0xe409)
core   0: 0x8000c4fc (0x015c5093) srli    ra, s8, 21
core   0: 3 0x8000c4fc (0x015c5093) x 1 0x00000065
core   0: 0x8000c500 (0x402d5633) sra     a2, s10, sp
core   0: 3 0x8000c500 (0x402d5633) x12 0x000032dd
core   0: 0x8000c504 (0x0107eeb3) or      t4, a5, a6
core   0: 3 0x8000c504 (0x0107eeb3) x29 0xd7dd12db
core   0: 0x8000c508 (0x0365ca63) blt     a1, s6, pc + 52
core   0: 3 0x8000c508 (0x0365ca63)
core   0: 0x8000c53c (0x02d96033) rem     zero, s2, a3
core   0: 3 0x8000c53c (0x02d96033)
core   0: 0x8000c540 (0x407d5413) srai    s0, s10, 7
core   0: 3 0x8000c540 (0x407d5413) x 8 0x00000065
core   0: 0x8000c544 (0x01cb5993) srli    s3, s6, 28
core   0: 3 0x8000c544 (0x01cb5993) x19 0x00000002
core   0: 0x8000c548 (0x0000c085) c.beqz  s1, pc + 32
core   0: 3 0x8000c548 (0xc085)
core   0: 0x8000c568 (0xb2092493) slti    s1, s2, -1248
core   0: 3 0x8000c568 (0xb2092493) x 9 0x00000000
core   0: 0x8000c56c (0x0ff0000f) fence   iorw,iorw
core   0: 3 0x8000c56c (0x0ff0000f)
core   0: 0x8000c570 (0x0000810d) c.srli  a0, 3
core   0: 3 0x8000c570 (0x810d) x10 0x1fffffff
core   0: 0x8000c572 (0x00b5cbb3) xor     s7, a1, a1
core   0: 3 0x8000c572 (0x00b5cbb3) x23 0x00000000
core   0: 0x8000c576 (0x01ebb333) sltu    t1, s7, t5
core   0: 3 0x8000c576 (0x01ebb333) x 6 0x00000001
core   0: 0x8000c57a (0x00006a0d) c.lui   s4, 0x3
core   0: 3 0x8000c57a (0x6a0d) x20 0x00003000
core   0: 0x8000c57c (0x5fce3013) sltiu   zero, t3, 1532
core   0: 3 0x8000c57c (0x5fce3013)
core   0: 0x8000c580 (0xe17b4613) xori    a2, s6, -489
core   0: 3 0x8000c580 (0xe17b4613) x12 0xd64c6e17
core   0: 0x8000c584 (0x03dd2b33) mulhsu  s6, s10, t4
core   0: 3 0x8000c584 (0x03dd2b33) x22 0x00002ae3
core   0: 0x8000c588 (0x00008cb9) c.xor   s1, a4
core   0: 3 0x8000c588 (0x8cb9) x 9 0x00000000
core   0: 0x8000c58a (0xe17d7b93) andi    s7, s10, -489
core   0: 3 0x8000c58a (0xe17d7b93) x23 0x00003215
core   0: 0x8000c58e (0x02129fb3) mulh    t6, t0, ra
core   0: 3 0x8000c58e (0x02129fb3) x31 0xfffffffd
core   0: 0x8000c592 (0x02023c33) mulhu   s8, tp, zero
core   0: 3 0x8000c592 (0x02023c33) x24 0x00000000
core   0: 0x8000c596 (0x0000e08d) c.bnez  s1, pc + 34
core   0: 3 0x8000c596 (0xe08d)
core   0: 0x8000c598 (0x00009afd) c.andi  a3, -1
core   0: 3 0x8000c598 (0x9afd) x13 0x0000da00
core   0: 0x8000c59a (0x0000100f) fence.i
core   0: 3 0x8000c59a (0x0000100f)
core   0: 0x8000c59e (0x0000100f) fence.i
core   0: 3 0x8000c59e (0x0000100f)
core   0: 0x8000c5a2 (0x00006115) c.addi16sp sp, 288
core   0: 3 0x8000c5a2 (0x6115) x 2 0x004fb520
core   0: 0x8000c5a4 (0x504c6a13) ori     s4, s8, 1284
core   0: 3 0x8000c5a4 (0x504c6a13) x20 0x00000504
core   0: 0x8000c5a8 (0x00000001) c.nop
core   0: 3 0x8000c5a8 (0x0001)
core   0: 0x8000c5aa (0xf86f4b93) xori    s7, t5, -122
core   0: 3 0x8000c5aa (0xf86f4b93) x23 0xdc1fff86
core   0: 0x8000c5ae (0x0000100f) fence.i
core   0: 3 0x8000c5ae (0x0000100f)
core   0: 0x8000c5b2 (0x00000001) c.nop
core   0: 3 0x8000c5b2 (0x0001)
core   0: 0x8000c5b4 (0x01e804b3) add     s1, a6, t5
core   0: 3 0x8000c5b4 (0x01e804b3) x 9 0xfbbd12db
core   0: 0x8000c5b8 (0x03629e63) bne     t0, s6, pc + 60
core   0: 3 0x8000c5b8 (0x03629e63)
core   0: 0x8000c5f4 (0x03624433) div     s0, tp, s6
core   0: 3 0x8000c5f4 (0x03624433) x 8 0x0000d625
core   0: 0x8000c5f8 (0x00008c39) c.xor   s0, a4
core   0: 3 0x8000c5f8 (0x8c39) x 8 0x0000d625
core   0: 0x8000c5fa (0x4039d093) srai    ra, s3, 3
core   0: 3 0x8000c5fa (0x4039d093) x 1 0x00000000
core   0: 0x8000c5fe (0x00006535) c.lui   a0, 0xd
core   0: 3 0x8000c5fe (0x6535) x10 0x0000d000
core   0: 0x8000c600 (0x00001088) c.addi4spn a0, sp, 96
core   0: 3 0x8000c600 (0x1088) x10 0x004fb580
core   0: 0x8000c602 (0x0019a833) slt     a6, s3, ra
core   0: 3 0x8000c602 (0x0019a833) x16 0x00000000
core   0: 0x8000c606 (0x038f02b3) mul     t0, t5, s8
core   0: 3 0x8000c606 (0x038f02b3) x 5 0x00000000
core   0: 0x8000c60a (0x008bf733) and     a4, s7, s0
core   0: 3 0x8000c60a (0x008bf733) x14 0x0000d604
core   0: 0x8000c60e (0x007591b3) sll     gp, a1, t2
core   0: 3 0x8000c60e (0x007591b3) x 3 0x30000000
core   0: 0x8000c612 (0x00000001) c.nop
core   0: 3 0x8000c612 (0x0001)
core   0: 0x8000c614 (0xbc27a613) slti    a2, a5, -1086
core   0: 3 0x8000c614 (0xbc27a613) x12 0x00000000
core   0: 0x8000c618 (0x0000100f) fence.i
core   0: 3 0x8000c618 (0x0000100f)
core   0: 0x8000c61c (0x00009296) c.add   t0, t0
core   0: 3 0x8000c61c (0x9296) x 5 0x00000000
core   0: 0x8000c61e (0x0000c009) c.beqz  s0, pc + 2
core   0: 3 0x8000c61e (0xc009)
core   0: 0x8000c620 (0x055cd163) bge     s9, s5, pc + 66
core   0: 3 0x8000c620 (0x055cd163)
core   0: 0x8000c662 (0x00000001) c.nop
core   0: 3 0x8000c662 (0x0001)
core   0: 0x8000c664 (0x00000001) c.nop
core   0: 3 0x8000c664 (0x0001)
core   0: 0x8000c666 (0x01825233) srl     tp, tp, s8
core   0: 3 0x8000c666 (0x01825233) x 4 0x23e00000
core   0: 0x8000c66a (0x00008cb9) c.xor   s1, a4
core   0: 3 0x8000c66a (0x8cb9) x 9 0xfbbdc4df
core   0: 0x8000c66c (0x0000c029) c.beqz  s0, pc + 66
core   0: 3 0x8000c66c (0xc029)
core   0: 0x8000c66e (0x0000100f) fence.i
core   0: 3 0x8000c66e (0x0000100f)
core   0: 0x8000c672 (0x03c73233) mulhu   tp, a4, t3
core   0: 3 0x8000c672 (0x03c73233) x 4 0x00000000
core   0: 0x8000c676 (0x418e84b3) sub     s1, t4, s8
core   0: 3 0x8000c676 (0x418e84b3) x 9 0xd7dd12db
core   0: 0x8000c67a (0x027c0a63) beq     s8, t2, pc + 52
core   0: 3 0x8000c67a (0x027c0a63)
core   0: 0x8000c67e (0x03a0ce63) blt     ra, s10, pc + 60
core   0: 3 0x8000c67e (0x03a0ce63)
core   0: 0x8000c6ba (0x039f2fb3) mulhsu  t6, t5, s9
core   0: 3 0x8000c6ba (0x039f2fb3) x31 0x00000000
core   0: 0x8000c6be (0x0000856d) c.srai  a0, 27
core   0: 3 0x8000c6be (0x856d) x10 0x00000000
core   0: 0x8000c6c0 (0x01179033) sll     zero, a5, a7
core   0: 3 0x8000c6c0 (0x01179033)
core   0: 0x8000c6c4 (0x0000e30d) c.bnez  a4, pc + 34
core   0: 3 0x8000c6c4 (0xe30d)
core   0: 0x8000c6e6 (0x00008fad) c.xor   a5, a1
core   0: 3 0x8000c6e6 (0x8fad) x15 0x01a73103
core   0: 0x8000c6e8 (0x000011fd) c.addi  gp, -1
core   0: 3 0x8000c6e8 (0x11fd) x 3 0x2fffffff
core   0: 0x8000c6ea (0x00008c15) c.sub   s0, a3
core   0: 3 0x8000c6ea (0x8c15) x 8 0xfffffc25
core   0: 0x8000c6ec (0x0000c109) c.beqz  a0, pc + 2
core   0: 3 0x8000c6ec (0xc109)
core   0: 0x8000c6ee (0x008c7bb3) and     s7, s8, s0
core   0: 3 0x8000c6ee (0x008c7bb3) x23 0x00000000
core   0: 0x8000c6f2 (0x00008c0d) c.sub   s0, a1
core   0: 3 0x8000c6f2 (0x8c0d) x 8 0xfe58cb22
core   0: 0x8000c6f4 (0x01fab6b3) sltu    a3, s5, t6
core   0: 3 0x8000c6f4 (0x01fab6b3) x13 0x00000000
core   0: 0x8000c6f8 (0xf2272113) slti    sp, a4, -222
core   0: 3 0x8000c6f8 (0xf2272113) x 2 0x00000000
core   0: 0x8000c6fc (0x00e61663) bne     a2, a4, pc + 12
core   0: 3 0x8000c6fc (0x00e61663)
core   0: 0x8000c708 (0x0ff0000f) fence   iorw,iorw
core   0: 3 0x8000c708 (0x0ff0000f)
core   0: 0x8000c70c (0x00001608) c.addi4spn a0, sp, 800
core   0: 3 0x8000c70c (0x1608) x10 0x00000320
core   0: 0x8000c70e (0x0ff0000f) fence   iorw,iorw
core   0: 3 0x8000c70e (0x0ff0000f)
core   0: 0x8000c712 (0x00d88263) beq     a7, a3, pc + 4
core   0: 3 0x8000c712 (0x00d88263)
core   0: 0x8000c716 (0x00006121) c.addi16sp sp, 64
core   0: 3 0x8000c716 (0x6121) x 2 0x00000040
core   0: 0x8000c718 (0x00000b84) c.addi4spn s1, sp, 464
core   0: 3 0x8000c718 (0x0b84) x 9 0x00000210
core   0: 0x8000c71a (0x00000001) c.nop
core   0: 3 0x8000c71a (0x0001)
core   0: 0x8000c71c (0x034420b3) mulhsu  ra, s0, s4
core   0: 3 0x8000c71c (0x034420b3) x 1 0xfffffff7
core   0: 0x8000c720 (0x0000100f) fence.i
core   0: 3 0x8000c720 (0x0000100f)
core   0: 0x8000c724 (0x0089fe33) and     t3, s3, s0
core   0: 3 0x8000c724 (0x0089fe33) x28 0x00000002
core   0: 0x8000c728 (0x035ee833) rem     a6, t4, s5
core   0: 3 0x8000c728 (0x035ee833) x16 0xd7dd12db
core   0: 0x8000c72c (0x00008e89) c.sub   a3, a0
core   0: 3 0x8000c72c (0x8e89) x13 0xfffffce0
core   0: 0x8000c72e (0x11f8f493) andi    s1, a7, 287
core   0: 3 0x8000c72e (0x11f8f493) x 9 0x00000016
core   0: 0x8000c732 (0x00000f3e) c.slli  t5, 15
core   0: 3 0x8000c732 (0x0f3e) x30 0x00000000
core   0: 0x8000c734 (0x01835633) srl     a2, t1, s8
core   0: 3 0x8000c734 (0x01835633) x12 0x00000001
core   0: 0x8000c738 (0x02e284b3) mul     s1, t0, a4
core   0: 3 0x8000c738 (0x02e284b3) x 9 0x00000000
core   0: 0x8000c73c (0x031c54b3) divu    s1, s8, a7
core   0: 3 0x8000c73c (0x031c54b3) x 9 0x00000000
core   0: 0x8000c740 (0x998bc493) xori    s1, s7, -1640
core   0: 3 0x8000c740 (0x998bc493) x 9 0xfffff998
core   0: 0x8000c744 (0x0003adb3) slt     s11, t2, zero
core   0: 3 0x8000c744 (0x0003adb3) x27 0x00000001
core   0: 0x8000c748 (0x03626f63) bltu    tp, s6, pc + 62
core   0: 3 0x8000c748 (0x03626f63)
core   0: 0x8000c786 (0x03fb9a33) mulh    s4, s7, t6
core   0: 3 0x8000c786 (0x03fb9a33) x20 0x00000000
core   0: 0x8000c78a (0x016cd7b3) srl     a5, s9, s6
core   0: 3 0x8000c78a (0x016cd7b3) x15 0x00000000
core   0: 0x8000c78e (0x00008d75) c.and   a0, a3
core   0: 3 0x8000c78e (0x8d75) x10 0x00000020
core   0: 0x8000c790 (0x0000ec05) c.bnez  s0, pc + 56
core   0: 3 0x8000c790 (0xec05)
core   0: 0x8000c7c8 (0x00008ca5) c.xor   s1, s1
core   0: 3 0x8000c7c8 (0x8ca5) x 9 0x00000000
core   0: 0x8000c7ca (0x03a5bcb3) mulhu   s9, a1, s10
core   0: 3 0x8000c7ca (0x03a5bcb3) x25 0x00000054
core   0: 0x8000c7ce (0x0000717d) c.addi16sp sp, -16
core   0: 3 0x8000c7ce (0x717d) x 2 0x00000030
core   0: 0x8000c7d0 (0x0259fa33) remu    s4, s3, t0
core   0: 3 0x8000c7d0 (0x0259fa33) x20 0x00000002
core   0: 0x8000c7d4 (0x00004217) auipc   tp, 0x4
core   0: 3 0x8000c7d4 (0x00004217) x 4 0x800107d4
core   0: 0x8000c7d8 (0x76320213) addi    tp, tp, 1891
core   0: 3 0x8000c7d8 (0x76320213) x 4 0x80010f37
core   0: 0x8000c7dc (0x00004f17) auipc   t5, 0x4
core   0: 3 0x8000c7dc (0x00004f17) x30 0x800107dc
core   0: 0x8000c7e0 (0xbb0f0f13) addi    t5, t5, -1104
core   0: 3 0x8000c7e0 (0xbb0f0f13) x30 0x8001038c
core   0: 0x8000c7e4 (0x01bf1123) sh      s11, 2(t5)
core   0: 3 0x8000c7e4 (0x01bf1123) mem 0x8001038e 0x0001
core   0: 0x8000c7e8 (0xfe020923) sb      zero, -14(tp)
core   0: 3 0x8000c7e8 (0xfe020923) mem 0x80010f29 0x0
core   0: 0x8000c7ec (0x00af07a3) sb      a0, 15(t5)
core   0: 3 0x8000c7ec (0x00af07a3) mem 0x8001039b 0x20
core   0: 0x8000c7f0 (0x0dd21883) lh      a7, 221(tp)
core   0: 3 0x8000c7f0 (0x0dd21883) x17 0x00000000 mem 0x80011014
core   0: 0x8000c7f4 (0xff7f4403) lbu     s0, -9(t5)
core   0: 3 0x8000c7f4 (0xff7f4403) x 8 0x00000000 mem 0x80010383
core   0: 0x8000c7f8 (0x05f20b83) lb      s7, 95(tp)
core   0: 3 0x8000c7f8 (0x05f20b83) x23 0x00000000 mem 0x80010f96
core   0: 0x8000c7fc (0xff2f1703) lh      a4, -14(t5)
core   0: 3 0x8000c7fc (0xff2f1703) x14 0x00000000 mem 0x8001037e
core   0: 0x8000c800 (0x02b20a03) lb      s4, 43(tp)
core   0: 3 0x8000c800 (0x02b20a03) x20 0x00000000 mem 0x80010f62
core   0: 0x8000c804 (0x00921b03) lh      s6, 9(tp)
core   0: 3 0x8000c804 (0x00921b03) x22 0x00000000 mem 0x80010f40
core   0: 0x8000c808 (0xffff09a3) sb      t6, -13(t5)
core   0: 3 0x8000c808 (0xffff09a3) mem 0x8001037f 0x0
core   0: 0x8000c80c (0xfe720683) lb      a3, -25(tp)
core   0: 3 0x8000c80c (0xfe720683) x13 0x00000000 mem 0x80010f1e
core   0: 0x8000c810 (0x04c20703) lb      a4, 76(tp)
core   0: 3 0x8000c810 (0x04c20703) x14 0x00000000 mem 0x80010f83
core   0: 0x8000c814 (0x04320783) lb      a5, 67(tp)
core   0: 3 0x8000c814 (0x04320783) x15 0x00000000 mem 0x80010f7a
core   0: 0x8000c818 (0x00008e5d) c.or    a2, a5
core   0: 3 0x8000c818 (0x8e5d) x12 0x00000001
core   0: 0x8000c81a (0x0172bb33) sltu    s6, t0, s7
core   0: 3 0x8000c81a (0x0172bb33) x22 0x00000000
core   0: 0x8000c81e (0x412ad813) srai    a6, s5, 18
core   0: 3 0x8000c81e (0x412ad813) x16 0xffffe000
core   0: 0x8000c822 (0x00012497) auipc   s1, 0x12
core   0: 3 0x8000c822 (0x00012497) x 9 0x8001e822
core   0: 0x8000c826 (0x8d848493) addi    s1, s1, -1832
core   0: 3 0x8000c826 (0x8d848493) x 9 0x8001e0fa
core   0: 0x8000c82a (0x00013717) auipc   a4, 0x13
core   0: 3 0x8000c82a (0x00013717) x14 0x8001f82a
core   0: 0x8000c82e (0x0eb70713) addi    a4, a4, 235
core   0: 3 0x8000c82e (0x0eb70713) x14 0x8001f915
core   0: 0x8000c832 (0x00010417) auipc   s0, 0x10
core   0: 3 0x8000c832 (0x00010417) x 8 0x8001c832
core   0: 0x8000c836 (0x2cc40413) addi    s0, s0, 716
core   0: 3 0x8000c836 (0x2cc40413) x 8 0x8001cafe
core   0: 0x8000c83a (0x01d4ce03) lbu     t3, 29(s1)
core   0: 3 0x8000c83a (0x01d4ce03) x28 0x00000000 mem 0x8001e117
core   0: 0x8000c83e (0x0f240503) lb      a0, 242(s0)
core   0: 3 0x8000c83e (0x0f240503) x10 0x00000000 mem 0x8001cbf0
core   0: 0x8000c842 (0x00e44c83) lbu     s9, 14(s0)
core   0: 3 0x8000c842 (0x00e44c83) x25 0x00000000 mem 0x8001cb0c
core   0: 0x8000c846 (0x0000c617) auipc   a2, 0xc
core   0: 3 0x8000c846 (0x0000c617) x12 0x80018846
core   0: 0x8000c84a (0xe4860613) addi    a2, a2, -440
core   0: 3 0x8000c84a (0xe4860613) x12 0x8001868e
core   0: 0x8000c84e (0x03360003) lb      zero, 51(a2)
core   0: 3 0x8000c84e (0x03360003) mem 0x800186c1
core   0: 0x8000c852 (0x0000ef97) auipc   t6, 0xe
core   0: 3 0x8000c852 (0x0000ef97) x31 0x8001a852
core   0: 0x8000c856 (0x967f8f93) addi    t6, t6, -1689
core   0: 3 0x8000c856 (0x967f8f93) x31 0x8001a1b9
core   0: 0x8000c85a (0x03560d83) lb      s11, 53(a2)
core   0: 3 0x8000c85a (0x03560d83) x27 0x00000000 mem 0x800186c3
core   0: 0x8000c85e (0x017fcd03) lbu     s10, 23(t6)
core   0: 3 0x8000c85e (0x017fcd03) x26 0x00000000 mem 0x8001a1d0
core   0: 0x8000c862 (0x01d487a3) sb      t4, 15(s1)
core   0: 3 0x8000c862 (0x01d487a3) mem 0x8001e109 0xdb
core   0: 0x8000c866 (0x037404a3) sb      s7, 41(s0)
core   0: 3 0x8000c866 (0x037404a3) mem 0x8001cb27 0x0
core   0: 0x8000c86a (0xf6140da3) sb      ra, -133(s0)
core   0: 3 0x8000c86a (0xf6140da3) mem 0x8001ca79 0xf7
core   0: 0x8000c86e (0xff171503) lh      a0, -15(a4)
core   0: 3 0x8000c86e (0xff171503) x10 0x00000000 mem 0x8001f906
core   0: 0x8000c872 (0xff460923) sb      s4, -14(a2)
core   0: 3 0x8000c872 (0xff460923) mem 0x80018680 0x0
core   0: 0x8000c876 (0xff870883) lb      a7, -8(a4)
core   0: 3 0x8000c876 (0xff870883) x17 0x00000000 mem 0x8001f90d
core   0: 0x8000c87a (0xfc1f99a3) sh      ra, -45(t6)
core   0: 3 0x8000c87a (0xfc1f99a3) mem 0x8001a18c 0xfff7
core   0: 0x8000c87e (0x0be41823) sh      t5, 176(s0)
core   0: 3 0x8000c87e (0x0be41823) mem 0x8001cbae 0x038c
core   0: 0x8000c882 (0x0af40283) lb      t0, 175(s0)
core   0: 3 0x8000c882 (0x0af40283) x 5 0x00000000 mem 0x8001cbad
core   0: 0x8000c886 (0x01248aa3) sb      s2, 21(s1)
core   0: 3 0x8000c886 (0x01248aa3) mem 0x8001e10f 0x0
core   0: 0x8000c88a (0xfef70b23) sb      a5, -10(a4)
core   0: 3 0x8000c88a (0xfef70b23) mem 0x8001f90b 0x0
core   0: 0x8000c88e (0x02e62683) lw      a3, 46(a2)
core   0: 3 0x8000c88e (0x02e62683) x13 0x00000000 mem 0x800186bc
core   0: 0x8000c892 (0xfd344a03) lbu     s4, -45(s0)
core   0: 3 0x8000c892 (0xfd344a03) x20 0x00000000 mem 0x8001cad1
core   0: 0x8000c896 (0x0214c503) lbu     a0, 33(s1)
core   0: 3 0x8000c896 (0x0214c503) x10 0x00000000 mem 0x8001e11b
core   0: 0x8000c89a (0xfe560683) lb      a3, -27(a2)
core   0: 3 0x8000c89a (0xfe560683) x13 0x00000000 mem 0x80018673
core   0: 0x8000c89e (0x0404ce83) lbu     t4, 64(s1)
core   0: 3 0x8000c89e (0x0404ce83) x29 0x00000000 mem 0x8001e13a
core   0: 0x8000c8a2 (0x037404a3) sb      s7, 41(s0)
core   0: 3 0x8000c8a2 (0x037404a3) mem 0x8001cb27 0x0
core   0: 0x8000c8a6 (0xff5fcd83) lbu     s11, -11(t6)
core   0: 3 0x8000c8a6 (0xff5fcd83) x27 0x00000000 mem 0x8001a1ae
core   0: 0x8000c8aa (0xfaf44f03) lbu     t5, -81(s0)
core   0: 3 0x8000c8aa (0xfaf44f03) x30 0x00000000 mem 0x8001caad
core   0: 0x8000c8ae (0x035f94a3) sh      s5, 41(t6)
core   0: 3 0x8000c8ae (0x035f94a3) mem 0x8001a1e2 0x9ce4
core   0: 0x8000c8b2 (0xfe94c783) lbu     a5, -23(s1)
core   0: 3 0x8000c8b2 (0xfe94c783) x15 0x00000000 mem 0x8001e0e3
core   0: 0x8000c8b6 (0x00860fa3) sb      s0, 31(a2)
core   0: 3 0x8000c8b6 (0x00860fa3) mem 0x800186ad 0xfe
core   0: 0x8000c8ba (0xfd2603a3) sb      s2, -57(a2)
core   0: 3 0x8000c8ba (0xfd2603a3) mem 0x80018655 0x0
core   0: 0x8000c8be (0xffc74783) lbu     a5, -4(a4)
core   0: 3 0x8000c8be (0xffc74783) x15 0x00000000 mem 0x8001f911
core   0: 0x8000c8c2 (0xfd7fc883) lbu     a7, -41(t6)
core   0: 3 0x8000c8c2 (0xfd7fc883) x17 0x00000000 mem 0x8001a190
core   0: 0x8000c8c6 (0x00870503) lb      a0, 8(a4)
core   0: 3 0x8000c8c6 (0x00870503) x10 0x00000000 mem 0x8001f91d
core   0: 0x8000c8ca (0x07541a23) sh      s5, 116(s0)
core   0: 3 0x8000c8ca (0x07541a23) mem 0x8001cb72 0x9ce4
core   0: 0x8000c8ce (0x00c60103) lb      sp, 12(a2)
core   0: 3 0x8000c8ce (0x00c60103) x 2 0x00000000 mem 0x8001869a
core   0: 0x8000c8d2 (0xfcef86a3) sb      a4, -51(t6)
core   0: 3 0x8000c8d2 (0xfcef86a3) mem 0x8001a186 0x15
core   0: 0x8000c8d6 (0xfe6484a3) sb      t1, -23(s1)
core   0: 3 0x8000c8d6 (0xfe6484a3) mem 0x8001e0e3 0x1
core   0: 0x8000c8da (0x00e716a3) sh      a4, 13(a4)
core   0: 3 0x8000c8da (0x00e716a3) mem 0x8001f922 0xf915
core   0: 0x8000c8de (0x00474283) lbu     t0, 4(a4)
core   0: 3 0x8000c8de (0x00474283) x 5 0x00000000 mem 0x8001f919
core   0: 0x8000c8e2 (0x00000001) c.nop
core   0: 3 0x8000c8e2 (0x0001)
core   0: 0x8000c8e4 (0x018c0d63) beq     s8, s8, pc + 26
core   0: 3 0x8000c8e4 (0x018c0d63)
core   0: 0x8000c8fe (0x000068b5) c.lui   a7, 0xd
core   0: 3 0x8000c8fe (0x68b5) x17 0x0000d000
core   0: 0x8000c900 (0x027804b3) mul     s1, a6, t2
core   0: 3 0x8000c900 (0x027804b3) x 9 0xb4348000
core   0: 0x8000c904 (0x00008489) c.srai  s1, 2
core   0: 3 0x8000c904 (0x8489) x 9 0xed0d2000
core   0: 0x8000c906 (0x5635ed93) ori     s11, a1, 1379
core   0: 3 0x8000c906 (0x5635ed93) x27 0x01a73563
core   0: 0x8000c90a (0x31cdb197) auipc   gp, 0x31cdb
core   0: 3 0x8000c90a (0x31cdb197) x 3 0xb1ce790a
core   0: 0x8000c90e (0x0084aa33) slt     s4, s1, s0
core   0: 3 0x8000c90e (0x0084aa33) x20 0x00000000
core   0: 0x8000c912 (0x034932b3) mulhu   t0, s2, s4
core   0: 3 0x8000c912 (0x034932b3) x 5 0x00000000
core   0: 0x8000c916 (0x020df233) remu    tp, s11, zero
core   0: 3 0x8000c916 (0x020df233) x 4 0x01a73563
core   0: 0x8000c91a (0x0000e031) c.bnez  s0, pc + 68
core   0: 3 0x8000c91a (0xe031)
core   0: 0x8000c95e (0x017e3133) sltu    sp, t3, s7
core   0: 3 0x8000c95e (0x017e3133) x 2 0x00000000
core   0: 0x8000c962 (0x002cd2b3) srl     t0, s9, sp
core   0: 3 0x8000c962 (0x002cd2b3) x 5 0x00000000
core   0: 0x8000c966 (0x00008b42) c.mv    s6, a6
core   0: 3 0x8000c966 (0x8b42) x22 0xffffe000
core   0: 0x8000c968 (0x957c80b7) lui     ra, 0x957c8
core   0: 3 0x8000c968 (0x957c80b7) x 1 0x957c8000
core   0: 0x8000c96c (0x7ef53893) sltiu   a7, a0, 2031
core   0: 3 0x8000c96c (0x7ef53893) x17 0x00000001
core   0: 0x8000c970 (0x00911193) slli    gp, sp, 9
core   0: 3 0x8000c970 (0x00911193) x 3 0x00000000
core   0: 0x8000c974 (0x000062b5) c.lui   t0, 0xd
core   0: 3 0x8000c974 (0x62b5) x 5 0x0000d000
core   0: 0x8000c976 (0x00ab9893) slli    a7, s7, 10
core   0: 3 0x8000c976 (0x00ab9893) x17 0x00000000
core   0: 0x8000c97a (0x0000151c) c.addi4spn a5, sp, 672
core   0: 3 0x8000c97a (0x151c) x15 0x000002a0
core   0: 0x8000c97c (0x4091d313) srai    t1, gp, 9
core   0: 3 0x8000c97c (0x4091d313) x 6 0x00000000
core   0: 0x8000c980 (0x03b434b3) mulhu   s1, s0, s11
core   0: 3 0x8000c980 (0x03b434b3) x 9 0x00d39da8
core   0: 0x8000c984 (0x00adc263) blt     s11, a0, pc + 4
core   0: 3 0x8000c984 (0x00adc263)
core   0: 0x8000c988 (0xb9a937b7) lui     a5, 0xb9a93
core   0: 3 0x8000c988 (0xb9a937b7) x15 0xb9a93000
core   0: 0x8000c98c (0x00008e05) c.sub   a2, s1
core   0: 3 0x8000c98c (0x8e05) x12 0x7f2de8e6
core   0: 0x8000c98e (0x008df2b3) and     t0, s11, s0
core   0: 3 0x8000c98e (0x008df2b3) x 5 0x00010062
core   0: 0x8000c992 (0x403dd933) sra     s2, s11, gp
core   0: 3 0x8000c992 (0x403dd933) x18 0x01a73563
core   0: 0x8000c996 (0x00006791) c.lui   a5, 0x4
core   0: 3 0x8000c996 (0x6791) x15 0x00004000
core   0: 0x8000c998 (0x00005ffd) c.li    t6, -1
core   0: 3 0x8000c998 (0x5ffd) x31 0xffffffff
core   0: 0x8000c99a (0x00008d0e) c.mv    s10, gp
core   0: 3 0x8000c99a (0x8d0e) x26 0x00000000
core   0: 0x8000c99c (0x03639bb3) mulh    s7, t2, s6
core   0: 3 0x8000c99c (0x03639bb3) x23 0x00000fff
core   0: 0x8000c9a0 (0x00e39d13) slli    s10, t2, 14
core   0: 3 0x8000c9a0 (0x00e39d13) x26 0x97970000
core   0: 0x8000c9a4 (0x039f8633) mul     a2, t6, s9
core   0: 3 0x8000c9a4 (0x039f8633) x12 0x00000000
core   0: 0x8000c9a8 (0x6b8b3713) sltiu   a4, s6, 1720
core   0: 3 0x8000c9a8 (0x6b8b3713) x14 0x00000000
core   0: 0x8000c9ac (0x00041633) sll     a2, s0, zero
core   0: 3 0x8000c9ac (0x00041633) x12 0x8001cafe
core   0: 0x8000c9b0 (0x05cdd063) bge     s11, t3, pc + 64
core   0: 3 0x8000c9b0 (0x05cdd063)
core   0: 0x8000c9f0 (0x0000e085) c.bnez  s1, pc + 32
core   0: 3 0x8000c9f0 (0xe085)
core   0: 0x8000ca10 (0x00000001) c.nop
core   0: 3 0x8000ca10 (0x0001)
core   0: 0x8000ca12 (0x02af21b3) mulhsu  gp, t5, a0
core   0: 3 0x8000ca12 (0x02af21b3) x 3 0x00000000
core   0: 0x8000ca16 (0x008d2233) slt     tp, s10, s0
core   0: 3 0x8000ca16 (0x008d2233) x 4 0x00000000
core   0: 0x8000ca1a (0x0000872d) c.srai  a4, 11
core   0: 3 0x8000ca1a (0x872d) x14 0x00000000
core   0: 0x8000ca1c (0x00008d7d) c.and   a0, a5
core   0: 3 0x8000ca1c (0x8d7d) x10 0x00000000
core   0: 0x8000ca1e (0x013bf833) and     a6, s7, s3
core   0: 3 0x8000ca1e (0x013bf833) x16 0x00000002
core   0: 0x8000ca22 (0x0000717d) c.addi16sp sp, -16
core   0: 3 0x8000ca22 (0x717d) x 2 0xfffffff0
core   0: 0x8000ca24 (0x03a21163) bne     tp, s10, pc + 34
core   0: 3 0x8000ca24 (0x03a21163)
core   0: 0x8000ca46 (0x0000c609) c.beqz  a2, pc + 10
core   0: 3 0x8000ca46 (0xc609)
core   0: 0x8000ca48 (0xf766c613) xori    a2, a3, -138
core   0: 3 0x8000ca48 (0xf766c613) x12 0xffffff76
core   0: 0x8000ca4c (0x029791b3) mulh    gp, a5, s1
core   0: 3 0x8000ca4c (0x029791b3) x 3 0x00000034
core   0: 0x8000ca50 (0x03125063) bge     tp, a7, pc + 32
core   0: 3 0x8000ca50 (0x03125063)
core   0: 0x8000ca70 (0x4440f713) andi    a4, ra, 1092
core   0: 3 0x8000ca70 (0x4440f713) x14 0x00000000
core   0: 0x8000ca74 (0x031aca33) div     s4, s5, a7
core   0: 3 0x8000ca74 (0x031aca33) x20 0xffffffff
core   0: 0x8000ca78 (0xc0b26f13) ori     t5, tp, -1013
core   0: 3 0x8000ca78 (0xc0b26f13) x30 0xfffffc0b
core   0: 0x8000ca7c (0xcb043c93) sltiu   s9, s0, -848
core   0: 3 0x8000ca7c (0xcb043c93) x25 0x00000001
core   0: 0x8000ca80 (0x83a37a13) andi    s4, t1, -1990
core   0: 3 0x8000ca80 (0x83a37a13) x20 0x00000000
core   0: 0x8000ca84 (0x00008f35) c.xor   a4, a3
core   0: 3 0x8000ca84 (0x8f35) x14 0x00000000
core   0: 0x8000ca86 (0x00000b88) c.addi4spn a0, sp, 464
core   0: 3 0x8000ca86 (0x0b88) x10 0x000001c0
core   0: 0x8000ca88 (0x0241fbb3) remu    s7, gp, tp
core   0: 3 0x8000ca88 (0x0241fbb3) x23 0x00000034
core   0: 0x8000ca8c (0x009f82b3) add     t0, t6, s1
core   0: 3 0x8000ca8c (0x009f82b3) x 5 0x00d39da7
core   0: 0x8000ca90 (0x00000001) c.nop
core   0: 3 0x8000ca90 (0x0001)
core   0: 0x8000ca92 (0x01179f13) slli    t5, a5, 17
core   0: 3 0x8000ca92 (0x01179f13) x30 0x80000000
core   0: 0x8000ca96 (0x02a3cf33) div     t5, t2, a0
core   0: 3 0x8000ca96 (0x02a3cf33) x30 0xffb6dcc9
core   0: 0x8000ca9a (0x0000ce99) c.beqz  a3, pc + 30
core   0: 3 0x8000ca9a (0xce99)
core   0: 0x8000cab8 (0x0140c933) xor     s2, ra, s4
core   0: 3 0x8000cab8 (0x0140c933) x18 0x957c8000
core   0: 0x8000cabc (0x00bc1513) slli    a0, s8, 11
core   0: 3 0x8000cabc (0x00bc1513) x10 0x00000000
core   0: 0x8000cac0 (0x0000e701) c.bnez  a4, pc + 8
core   0: 3 0x8000cac0 (0xe701)
core   0: 0x8000cac2 (0x03abbcb3) mulhu   s9, s7, s10
core   0: 3 0x8000cac2 (0x03abbcb3) x25 0x0000001e
core   0: 0x8000cac6 (0x00000001) c.nop
core   0: 3 0x8000cac6 (0x0001)
core   0: 0x8000cac8 (0x00005a7d) c.li    s4, -1
core   0: 3 0x8000cac8 (0x5a7d) x20 0xffffffff
core   0: 0x8000caca (0x00097863) bgeu    s2, zero, pc + 16
core   0: 3 0x8000caca (0x00097863)
core   0: 0x8000cada (0x13de4a13) xori    s4, t3, 317
core   0: 3 0x8000cada (0x13de4a13) x20 0x0000013d
core   0: 0x8000cade (0x0196c0b3) xor     ra, a3, s9
core   0: 3 0x8000cade (0x0196c0b3) x 1 0x0000001e
core   0: 0x8000cae2 (0x0000717d) c.addi16sp sp, -16
core   0: 3 0x8000cae2 (0x717d) x 2 0xffffffe0
core   0: 0x8000cae4 (0x03604eb3) div     t4, zero, s6
core   0: 3 0x8000cae4 (0x03604eb3) x29 0x00000000
core   0: 0x8000cae8 (0x00008a8d) c.andi  a3, 3
core   0: 3 0x8000cae8 (0x8a8d) x13 0x00000000
core   0: 0x8000caea (0x0ff0000f) fence   iorw,iorw
core   0: 3 0x8000caea (0x0ff0000f)
core   0: 0x8000caee (0xf00f4113) xori    sp, t5, -256
core   0: 3 0x8000caee (0xf00f4113) x 2 0x004923c9
core   0: 0x8000caf2 (0x0000ca59) c.beqz  a2, pc + 150
core   0: 3 0x8000caf2 (0xca59)
core   0: 0x8000caf4 (0x0017ff33) and     t5, a5, ra
core   0: 3 0x8000caf4 (0x0017ff33) x30 0x00000000
core   0: 0x8000caf8 (0x00001e88) c.addi4spn a0, sp, 880
core   0: 3 0x8000caf8 (0x1e88) x10 0x00492739
core   0: 0x8000cafa (0xcd8a6693) ori     a3, s4, -808
core   0: 3 0x8000cafa (0xcd8a6693) x13 0xfffffdfd
core   0: 0x8000cafe (0x0000e0c9) c.bnez  s1, pc + 130
core   0: 3 0x8000cafe (0xe0c9)
core   0: 0x8000cb80 (0x03b53bb3) mulhu   s7, a0, s11
core   0: 3 0x8000cb80 (0x03b53bb3) x23 0x000078ef
core   0: 0x8000cb84 (0x00001dfd) c.addi  s11, -1
core   0: 3 0x8000cb84 (0x1dfd) x27 0x01a73562
core   0: 0x8000cb86 (0x00006d39) c.lui   s10, 0xe
core   0: 3 0x8000cb86 (0x6d39) x26 0x0000e000
core   0: 0x8000cb88 (0x03ee22b3) mulhsu  t0, t3, t5
core   0: 3 0x8000cb88 (0x03ee22b3) x 5 0x00000000
core   0: 0x8000cb8c (0x03601033) mulh    zero, zero, s6
core   0: 3 0x8000cb8c (0x03601033)
core   0: 0x8000cb90 (0x013e57b3) srl     a5, t3, s3
core   0: 3 0x8000cb90 (0x013e57b3) x15 0x00000000
core   0: 0x8000cb94 (0x00001e7d) c.addi  t3, -1
core   0: 3 0x8000cb94 (0x1e7d) x28 0xffffffff
core   0: 0x8000cb96 (0x03c1c833) div     a6, gp, t3
core   0: 3 0x8000cb96 (0x03c1c833) x16 0xffffffcc
core   0: 0x8000cb9a (0x00505b93) srli    s7, zero, 5
core   0: 3 0x8000cb9a (0x00505b93) x23 0x00000000
core   0: 0x8000cb9e (0x53035337) lui     t1, 0x53035
core   0: 3 0x8000cb9e (0x53035337) x 6 0x53035000
core   0: 0x8000cba2 (0x54df3213) sltiu   tp, t5, 1357
core   0: 3 0x8000cba2 (0x54df3213) x 4 0x00000001
core   0: 0x8000cba6 (0x41fed9b3) sra     s3, t4, t6
core   0: 3 0x8000cba6 (0x41fed9b3) x19 0x00000000
core   0: 0x8000cbaa (0x031afdb3) remu    s11, s5, a7
core   0: 3 0x8000cbaa (0x031afdb3) x27 0x80029ce4
core   0: 0x8000cbae (0x00000001) c.nop
core   0: 3 0x8000cbae (0x0001)
core   0: 0x8000cbb0 (0x00000ebe) c.slli  t4, 15
core   0: 3 0x8000cbb0 (0x0ebe) x29 0x00000000
core   0: 0x8000cbb2 (0x00008635) c.srai  a2, 13
core   0: 3 0x8000cbb2 (0x8635) x12 0xffffffff
core   0: 0x8000cbb4 (0x5d586d17) auipc   s10, 0x5d586
core   0: 3 0x8000cbb4 (0x5d586d17) x26 0xdd592bb4
core   0: 0x8000cbb8 (0x017cf433) and     s0, s9, s7
core   0: 3 0x8000cbb8 (0x017cf433) x 8 0x00000000
core   0: 0x8000cbbc (0x00976833) or      a6, a4, s1
core   0: 3 0x8000cbbc (0x00976833) x16 0x00d39da8
core   0: 0x8000cbc0 (0x00004717) auipc   a4, 0x4
core   0: 3 0x8000cbc0 (0x00004717) x14 0x80010bc0
core   0: 0x8000cbc4 (0x86470713) addi    a4, a4, -1948
core   0: 3 0x8000cbc4 (0x86470713) x14 0x80010424
core   0: 0x8000cbc8 (0x0e1ed637) lui     a2, 0xe1ed
core   0: 3 0x8000cbc8 (0x0e1ed637) x12 0x0e1ed000
core   0: 0x8000cbcc (0x29770123) sb      s7, 642(a4)
core   0: 3 0x8000cbcc (0x29770123) mem 0x800106a6 0x0
core   0: 0x8000cbd0 (0x03aaeeb3) rem     t4, s5, s10
core   0: 3 0x8000cbd0 (0x03aaeeb3) x29 0xe7f719c8
core   0: 0x8000cbd4 (0x0285e633) rem     a2, a1, s0
core   0: 3 0x8000cbd4 (0x0285e633) x12 0x01a73103
core   0: 0x8000cbd8 (0x00008a5d) c.andi  a2, 23
core   0: 3 0x8000cbd8 (0x8a5d) x12 0x00000003
core   0: 0x8000cbda (0x1b872d83) lw      s11, 440(a4)
core   0: 3 0x8000cbda (0x1b872d83) x27 0x00000000 mem 0x800105dc
core   0: 0x8000cbde (0x002d7533) and     a0, s10, sp
core   0: 3 0x8000cbde (0x002d7533) x10 0x00492380
core   0: 0x8000cbe2 (0x0ff0000f) fence   iorw,iorw
core   0: 3 0x8000cbe2 (0x0ff0000f)
core   0: 0x8000cbe6 (0xdfa702a3) sb      s10, -539(a4)
core   0: 3 0x8000cbe6 (0xdfa702a3) mem 0x80010209 0xb4
core   0: 0x8000cbea (0x70270e83) lb      t4, 1794(a4)
core   0: 3 0x8000cbea (0x70270e83) x29 0x00000000 mem 0x80010b26
core   0: 0x8000cbee (0x22c70623) sb      a2, 556(a4)
core   0: 3 0x8000cbee (0x22c70623) mem 0x80010650 0x3
core   0: 0x8000cbf2 (0x0ff0000f) fence   iorw,iorw
core   0: 3 0x8000cbf2 (0x0ff0000f)
core   0: 0x8000cbf6 (0x02b23433) mulhu   s0, tp, a1
core   0: 3 0x8000cbf6 (0x02b23433) x 8 0x00000000
core   0: 0x8000cbfa (0x41665913) srai    s2, a2, 22
core   0: 3 0x8000cbfa (0x41665913) x18 0x00000000
core   0: 0x8000cbfe (0x47570503) lb      a0, 1141(a4)
core   0: 3 0x8000cbfe (0x47570503) x10 0x00000000 mem 0x80010899
core   0: 0x8000cc02 (0x56770503) lb      a0, 1383(a4)
core   0: 3 0x8000cc02 (0x56770503) x10 0x00000000 mem 0x8001098b
core   0: 0x8000cc06 (0xff9708a3) sb      s9, -15(a4)
core   0: 3 0x8000cc06 (0xff9708a3) mem 0x80010415 0x1e
core   0: 0x8000cc0a (0x91119c37) lui     s8, 0x91119
core   0: 3 0x8000cc0a (0x91119c37) x24 0x91119000
core   0: 0x8000cc0e (0x61f74e03) lbu     t3, 1567(a4)
core   0: 3 0x8000cc0e (0x61f74e03) x28 0x00000000 mem 0x80010a43
core   0: 0x8000cc12 (0x7f624db7) lui     s11, 0x7f624
core   0: 3 0x8000cc12 (0x7f624db7) x27 0x7f624000
core   0: 0x8000cc16 (0x07a70fa3) sb      s10, 127(a4)
core   0: 3 0x8000cc16 (0x07a70fa3) mem 0x800104a3 0xb4
core   0: 0x8000cc1a (0xdd143793) sltiu   a5, s0, -559
core   0: 3 0x8000cc1a (0xdd143793) x15 0x00000001
core   0: 0x8000cc1e (0xeeb74a03) lbu     s4, -277(a4)
core   0: 3 0x8000cc1e (0xeeb74a03) x20 0x00000000 mem 0x8001030f
core   0: 0x8000cc22 (0x44472a03) lw      s4, 1092(a4)
core   0: 3 0x8000cc22 (0x44472a03) x20 0x00000000 mem 0x80010868
core   0: 0x8000cc26 (0x01ab32b3) sltu    t0, s6, s10
core   0: 3 0x8000cc26 (0x01ab32b3) x 5 0x00000000
core   0: 0x8000cc2a (0x53f3fa13) andi    s4, t2, 1343
core   0: 3 0x8000cc2a (0x53f3fa13) x20 0x0000041c
core   0: 0x8000cc2e (0x036b2b13) slti    s6, s6, 54
core   0: 3 0x8000cc2e (0x036b2b13) x22 0x00000001
core   0: 0x8000cc32 (0xd1674083) lbu     ra, -746(a4)
core   0: 3 0x8000cc32 (0xd1674083) x 1 0x00000000 mem 0x8001013a
core   0: 0x8000cc36 (0x03cb8bb3) mul     s7, s7, t3
core   0: 3 0x8000cc36 (0x03cb8bb3) x23 0x00000000
core   0: 0x8000cc3a (0x0ff0000f) fence   iorw,iorw
core   0: 3 0x8000cc3a (0x0ff0000f)
core   0: 0x8000cc3e (0x17374f83) lbu     t6, 371(a4)
core   0: 3 0x8000cc3e (0x17374f83) x31 0x00000000 mem 0x80010597
core   0: 0x8000cc42 (0x41eb06b3) sub     a3, s6, t5
core   0: 3 0x8000cc42 (0x41eb06b3) x13 0x00000001
core   0: 0x8000cc46 (0x6f974a03) lbu     s4, 1785(a4)
core   0: 3 0x8000cc46 (0x6f974a03) x20 0x00000000 mem 0x80010b1d
core   0: 0x8000cc4a (0x01c29233) sll     tp, t0, t3
core   0: 3 0x8000cc4a (0x01c29233) x 4 0x00000000
core   0: 0x8000cc4e (0x2f170e83) lb      t4, 753(a4)
core   0: 3 0x8000cc4e (0x2f170e83) x29 0x00000000 mem 0x80010715
core   0: 0x8000cc52 (0x015dfdb3) and     s11, s11, s5
core   0: 3 0x8000cc52 (0x015dfdb3) x27 0x00020000
core   0: 0x8000cc56 (0xeb570ea3) sb      s5, -323(a4)
core   0: 3 0x8000cc56 (0xeb570ea3) mem 0x800102e1 0xe4
core   0: 0x8000cc5a (0x03e157b3) divu    a5, sp, t5
core   0: 3 0x8000cc5a (0x03e157b3) x15 0xffffffff
core   0: 0x8000cc5e (0x00008e62) c.mv    t3, s8
core   0: 3 0x8000cc5e (0x8e62) x28 0x91119000
core   0: 0x8000cc60 (0x18e71603) lh      a2, 398(a4)
core   0: 3 0x8000cc60 (0x18e71603) x12 0x00000000 mem 0x800105b2
core   0: 0x8000cc64 (0x21770aa3) sb      s7, 533(a4)
core   0: 3 0x8000cc64 (0x21770aa3) mem 0x80010639 0x0
core   0: 0x8000cc68 (0xfb570e83) lb      t4, -75(a4)
core   0: 3 0x8000cc68 (0xfb570e83) x29 0x00000000 mem 0x800103d9
core   0: 0x8000cc6c (0x028917b3) mulh    a5, s2, s0
core   0: 3 0x8000cc6c (0x028917b3) x15 0x00000000
core   0: 0x8000cc70 (0xc95707a3) sb      s5, -881(a4)
core   0: 3 0x8000cc70 (0xc95707a3) mem 0x800100b3 0xe4
core   0: 0x8000cc74 (0xcf2709a3) sb      s2, -781(a4)
core   0: 3 0x8000cc74 (0xcf2709a3) mem 0x80010117 0x0
core   0: 0x8000cc78 (0x31e74083) lbu     ra, 798(a4)
core   0: 3 0x8000cc78 (0x31e74083) x 1 0x00000000 mem 0x80010742
core   0: 0x8000cc7c (0x0000587d) c.li    a6, -1
core   0: 3 0x8000cc7c (0x587d) x16 0xffffffff
core   0: 0x8000cc7e (0xf86706a3) sb      t1, -115(a4)
core   0: 3 0x8000cc7e (0xf86706a3) mem 0x800103b1 0x0
core   0: 0x8000cc82 (0x0256f1b3) remu    gp, a3, t0
core   0: 3 0x8000cc82 (0x0256f1b3) x 3 0x00000001
core   0: 0x8000cc86 (0xf940ec13) ori     s8, ra, -108
core   0: 3 0x8000cc86 (0xf940ec13) x24 0xffffff94
core   0: 0x8000cc8a (0x00000001) c.nop
core   0: 3 0x8000cc8a (0x0001)
core   0: 0x8000cc8c (0x00008d75) c.and   a0, a3
core   0: 3 0x8000cc8c (0x8d75) x10 0x00000000
core   0: 0x8000cc8e (0x01648cb3) add     s9, s1, s6
core   0: 3 0x8000cc8e (0x01648cb3) x25 0x00d39da9
core   0: 0x8000cc92 (0x0036ee33) or      t3, a3, gp
core   0: 3 0x8000cc92 (0x0036ee33) x28 0x00000001
core   0: 0x8000cc96 (0x01453fb3) sltu    t6, a0, s4
core   0: 3 0x8000cc96 (0x01453fb3) x31 0x00000000
core   0: 0x8000cc9a (0x00009a7d) c.andi  a2, -1
core   0: 3 0x8000cc9a (0x9a7d) x12 0x00000000
core   0: 0x8000cc9c (0x03c51e63) bne     a0, t3, pc + 60
core   0: 3 0x8000cc9c (0x03c51e63)
core   0: 0x8000ccd8 (0x00257333) and     t1, a0, sp
core   0: 3 0x8000ccd8 (0x00257333) x 6 0x00000000
core   0: 0x8000ccdc (0xc5188613) addi    a2, a7, -943
core   0: 3 0x8000ccdc (0xc5188613) x12 0xfffffc51
core   0: 0x8000cce0 (0x25ececb7) lui     s9, 0x25ece
core   0: 3 0x8000cce0 (0x25ececb7) x25 0x25ece000
core   0: 0x8000cce4 (0x026c5c63) bge     s8, t1, pc + 56
core   0: 3 0x8000cce4 (0x026c5c63)
core   0: 0x8000cce8 (0x03aa3533) mulhu   a0, s4, s10
core   0: 3 0x8000cce8 (0x03aa3533) x10 0x00000000
core   0: 0x8000ccec (0xf1f0c713) xori    a4, ra, -225
core   0: 3 0x8000ccec (0xf1f0c713) x14 0xffffff1f
core   0: 0x8000ccf0 (0x02a77bb3) remu    s7, a4, a0
core   0: 3 0x8000ccf0 (0x02a77bb3) x23 0xffffff1f
core   0: 0x8000ccf4 (0x01d4f933) and     s2, s1, t4
core   0: 3 0x8000ccf4 (0x01d4f933) x18 0x00000000
core   0: 0x8000ccf8 (0x0000717d) c.addi16sp sp, -16
core   0: 3 0x8000ccf8 (0x717d) x 2 0x004923b9
core   0: 0x8000ccfa (0x831eb6b7) lui     a3, 0x831eb
core   0: 3 0x8000ccfa (0x831eb6b7) x13 0x831eb000
core   0: 0x8000ccfe (0x18828b97) auipc   s7, 0x18828
core   0: 3 0x8000ccfe (0x18828b97) x23 0x98834cfe
core   0: 0x8000cd02 (0x000062e5) c.lui   t0, 0x19
core   0: 3 0x8000cd02 (0x62e5) x 5 0x00019000
core   0: 0x8000cd04 (0x01933bb3) sltu    s7, t1, s9
core   0: 3 0x8000cd04 (0x01933bb3) x23 0x00000001
core   0: 0x8000cd08 (0x0ff0000f) fence   iorw,iorw
core   0: 3 0x8000cd08 (0x0ff0000f)
core   0: 0x8000cd0c (0x00006679) c.lui   a2, 0x1e
core   0: 3 0x8000cd0c (0x6679) x12 0x0001e000
core   0: 0x8000cd0e (0x02d14bb3) div     s7, sp, a3
core   0: 3 0x8000cd0e (0x02d14bb3) x23 0x00000000
core   0: 0x8000cd12 (0x619da717) auipc   a4, 0x619da
core   0: 3 0x8000cd12 (0x619da717) x14 0xe19e6d12
core   0: 0x8000cd16 (0x0ff0000f) fence   iorw,iorw
core   0: 3 0x8000cd16 (0x0ff0000f)
core   0: 0x8000cd1a (0x0000c09d) c.beqz  s1, pc + 38
core   0: 3 0x8000cd1a (0xc09d)
core   0: 0x8000cd1c (0x01789913) slli    s2, a7, 23
core   0: 3 0x8000cd1c (0x01789913) x18 0x00000000
core   0: 0x8000cd20 (0x0ff0000f) fence   iorw,iorw
core   0: 3 0x8000cd20 (0x0ff0000f)
core   0: 0x8000cd24 (0x010b81b3) add     gp, s7, a6
core   0: 3 0x8000cd24 (0x010b81b3) x 3 0xffffffff
core   0: 0x8000cd28 (0x023c0233) mul     tp, s8, gp
core   0: 3 0x8000cd28 (0x023c0233) x 4 0x0000006c
core   0: 0x8000cd2c (0x01b1db33) srl     s6, gp, s11
core   0: 3 0x8000cd2c (0x01b1db33) x22 0xffffffff
core   0: 0x8000cd30 (0x0380e363) bltu    ra, s8, pc + 38
core   0: 3 0x8000cd30 (0x0380e363)
core   0: 0x8000cd56 (0x0000717d) c.addi16sp sp, -16
core   0: 3 0x8000cd56 (0x717d) x 2 0x004923a9
core   0: 0x8000cd58 (0xfdfdac13) slti    s8, s11, -33
core   0: 3 0x8000cd58 (0xfdfdac13) x24 0x00000000
core   0: 0x8000cd5c (0x01b002b3) add     t0, zero, s11
core   0: 3 0x8000cd5c (0x01b002b3) x 5 0x00020000
core   0: 0x8000cd60 (0x03ff5bb3) divu    s7, t5, t6
core   0: 3 0x8000cd60 (0x03ff5bb3) x23 0xffffffff
core   0: 0x8000cd64 (0xb71faf93) slti    t6, t6, -1167
core   0: 3 0x8000cd64 (0xb71faf93) x31 0x00000000
core   0: 0x8000cd68 (0x009752b3) srl     t0, a4, s1
core   0: 3 0x8000cd68 (0x009752b3) x 5 0x00e19e6d
core   0: 0x8000cd6c (0x01181233) sll     tp, a6, a7
core   0: 3 0x8000cd6c (0x01181233) x 4 0xffffffff
core   0: 0x8000cd70 (0x00009bfd) c.andi  a5, -1
core   0: 3 0x8000cd70 (0x9bfd) x15 0x00000000
core   0: 0x8000cd72 (0x4836cf93) xori    t6, a3, 1155
core   0: 3 0x8000cd72 (0x4836cf93) x31 0x831eb483
core   0: 0x8000cd76 (0x00005b7d) c.li    s6, -1
core   0: 3 0x8000cd76 (0x5b7d) x22 0xffffffff
core   0: 0x8000cd78 (0x000080ed) c.srli  s1, 27
core   0: 3 0x8000cd78 (0x80ed) x 9 0x00000000
core   0: 0x8000cd7a (0x03d76263) bltu    a4, t4, pc + 36
core   0: 3 0x8000cd7a (0x03d76263)
core   0: 0x8000cd7e (0xfd13cc93) xori    s9, t2, -47
core   0: 3 0x8000cd7e (0xfd13cc93) x25 0x7ffda18d
core   0: 0x8000cd82 (0x0ff0000f) fence   iorw,iorw
core   0: 3 0x8000cd82 (0x0ff0000f)
core   0: 0x8000cd86 (0xee878093) addi    ra, a5, -280
core   0: 3 0x8000cd86 (0xee878093) x 1 0xfffffee8
core   0: 0x8000cd8a (0x00009bd6) c.add   s7, s5
core   0: 3 0x8000cd8a (0x9bd6) x23 0x80029ce3
core   0: 0x8000cd8c (0x9f7b8893) addi    a7, s7, -1545
core   0: 3 0x8000cd8c (0x9f7b8893) x17 0x800296da
core   0: 0x8000cd90 (0x03de4163) blt     t3, t4, pc + 34
core   0: 3 0x8000cd90 (0x03de4163)
core   0: 0x8000cd94 (0x00008c05) c.sub   s0, s1
core   0: 3 0x8000cd94 (0x8c05) x 8 0x00000000
core   0: 0x8000cd96 (0x64ab4d13) xori    s10, s6, 1610
core   0: 3 0x8000cd96 (0x64ab4d13) x26 0xfffff9b5
core   0: 0x8000cd9a (0x03e16233) rem     tp, sp, t5
core   0: 3 0x8000cd9a (0x03e16233) x 4 0x004923a9
core   0: 0x8000cd9e (0x033b6a33) rem     s4, s6, s3
core   0: 3 0x8000cd9e (0x033b6a33) x20 0xffffffff
core   0: 0x8000cda2 (0x00000001) c.nop
core   0: 3 0x8000cda2 (0x0001)
core   0: 0x8000cda4 (0x022e9cb3) mulh    s9, t4, sp
core   0: 3 0x8000cda4 (0x022e9cb3) x25 0x00000000
core   0: 0x8000cda8 (0x007c7563) bgeu    s8, t2, pc + 10
core   0: 3 0x8000cda8 (0x007c7563)
core   0: 0x8000cdac (0x00008489) c.srai  s1, 2
core   0: 3 0x8000cdac (0x8489) x 9 0x00000000
core   0: 0x8000cdae (0x0000100f) fence.i
core   0: 3 0x8000cdae (0x0000100f)
core   0: 0x8000cdb2 (0x0074f7b3) and     a5, s1, t2
core   0: 3 0x8000cdb2 (0x0074f7b3) x15 0x00000000
core   0: 0x8000cdb6 (0x0ff0000f) fence   iorw,iorw
core   0: 3 0x8000cdb6 (0x0ff0000f)
core   0: 0x8000cdba (0x4063d0b3) sra     ra, t2, t1
core   0: 3 0x8000cdba (0x4063d0b3) x 1 0x80025e5c
core   0: 0x8000cdbe (0x03cf76b3) remu    a3, t5, t3
core   0: 3 0x8000cdbe (0x03cf76b3) x13 0x00000000
core   0: 0x8000cdc2 (0x4092dd93) srai    s11, t0, 9
core   0: 3 0x8000cdc2 (0x4092dd93) x27 0x000070cf
core   0: 0x8000cdc6 (0x00000721) c.addi  a4, 8
core   0: 3 0x8000cdc6 (0x0721) x14 0xe19e6d1a
core   0: 0x8000cdc8 (0x9a1baa37) lui     s4, 0x9a1ba
core   0: 3 0x8000cdc8 (0x9a1baa37) x20 0x9a1ba000
core   0: 0x8000cdcc (0x406a51b3) sra     gp, s4, t1
core   0: 3 0x8000cdcc (0x406a51b3) x 3 0x9a1ba000
core   0: 0x8000cdd0 (0x037ec963) blt     t4, s7, pc + 50
core   0: 3 0x8000cdd0 (0x037ec963)
core   0: 0x8000cdd4 (0x00d24863) blt     tp, a3, pc + 16
core   0: 3 0x8000cdd4 (0x00d24863)
core   0: 0x8000cdd8 (0x00008c89) c.sub   s1, a0
core   0: 3 0x8000cdd8 (0x8c89) x 9 0x00000000
core   0: 0x8000cdda (0x05fcc363) blt     s9, t6, pc + 70
core   0: 3 0x8000cdda (0x05fcc363)
core   0: 0x8000cdde (0x0000e085) c.bnez  s1, pc + 32
core   0: 3 0x8000cdde (0xe085)
core   0: 0x8000cde0 (0x0126d8b3) srl     a7, a3, s2
core   0: 3 0x8000cde0 (0x0126d8b3) x17 0x00000000
core   0: 0x8000cde4 (0x015f1413) slli    s0, t5, 21
core   0: 3 0x8000cde4 (0x015f1413) x 8 0x00000000
core   0: 0x8000cde8 (0xf493df37) lui     t5, 0xf493d
core   0: 3 0x8000cde8 (0xf493df37) x30 0xf493d000
core   0: 0x8000cdec (0xf749cc13) xori    s8, s3, -140
core   0: 3 0x8000cdec (0xf749cc13) x24 0xffffff74
core   0: 0x8000cdf0 (0x0329c633) div     a2, s3, s2
core   0: 3 0x8000cdf0 (0x0329c633) x12 0xffffffff
core   0: 0x8000cdf4 (0x015c2533) slt     a0, s8, s5
core   0: 3 0x8000cdf4 (0x015c2533) x10 0x00000000
core   0: 0x8000cdf8 (0x00006179) c.addi16sp sp, 464
core   0: 3 0x8000cdf8 (0x6179) x 2 0x00492579
core   0: 0x8000cdfa (0x00008d1d) c.sub   a0, a5
core   0: 3 0x8000cdfa (0x8d1d) x10 0x00000000
core   0: 0x8000cdfc (0x00008e41) c.or    a2, s0
core   0: 3 0x8000cdfc (0x8e41) x12 0xffffffff
core   0: 0x8000cdfe (0x41a45193) srai    gp, s0, 26
core   0: 3 0x8000cdfe (0x41a45193) x 3 0x00000000
core   0: 0x8000ce02 (0x0000100f) fence.i
core   0: 3 0x8000ce02 (0x0000100f)
core   0: 0x8000ce06 (0x41dade93) srai    t4, s5, 29
core   0: 3 0x8000ce06 (0x41dade93) x29 0xfffffffc
core   0: 0x8000ce0a (0x0000100f) fence.i
core   0: 3 0x8000ce0a (0x0000100f)
core   0: 0x8000ce0e (0x4d646c93) ori     s9, s0, 1238
core   0: 3 0x8000ce0e (0x4d646c93) x25 0x000004d6
core   0: 0x8000ce12 (0x00000575) c.addi  a0, 29
core   0: 3 0x8000ce12 (0x0575) x10 0x0000001d
core   0: 0x8000ce14 (0x00b28cb3) add     s9, t0, a1
core   0: 3 0x8000ce14 (0x00b28cb3) x25 0x0288cf70
core   0: 0x8000ce18 (0x0ff0000f) fence   iorw,iorw
core   0: 3 0x8000ce18 (0x0ff0000f)
core   0: 0x8000ce1c (0x02f61563) bne     a2, a5, pc + 42
core   0: 3 0x8000ce1c (0x02f61563)
core   0: 0x8000ce46 (0xd8c03c97) auipc   s9, 0xd8c03
core   0: 3 0x8000ce46 (0xd8c03c97) x25 0x58c0fe46
core   0: 0x8000ce4a (0x02e0ddb3) divu    s11, ra, a4
core   0: 3 0x8000ce4a (0x02e0ddb3) x27 0x00000000
core   0: 0x8000ce4e (0x00008cad) c.xor   s1, a1
core   0: 3 0x8000ce4e (0x8cad) x 9 0x01a73103
core   0: 0x8000ce50 (0x12e4bf13) sltiu   t5, s1, 302
core   0: 3 0x8000ce50 (0x12e4bf13) x30 0x00000000
core   0: 0x8000ce54 (0x205cc313) xori    t1, s9, 517
core   0: 3 0x8000ce54 (0x205cc313) x 6 0x58c0fc43
core   0: 0x8000ce58 (0x00d11f13) slli    t5, sp, 13
core   0: 3 0x8000ce58 (0x00d11f13) x30 0x24af2000
core   0: 0x8000ce5c (0x00000001) c.nop
core   0: 3 0x8000ce5c (0x0001)
core   0: 0x8000ce5e (0x0210c163) blt     ra, ra, pc + 34
core   0: 3 0x8000ce5e (0x0210c163)
core   0: 0x8000ce62 (0x00008cd5) c.or    s1, a3
core   0: 3 0x8000ce62 (0x8cd5) x 9 0x01a73103
core   0: 0x8000ce64 (0x00008e7d) c.and   a2, a5
core   0: 3 0x8000ce64 (0x8e7d) x12 0x00000000
core   0: 0x8000ce66 (0x02b4d633) divu    a2, s1, a1
core   0: 3 0x8000ce66 (0x02b4d633) x12 0x00000001
core   0: 0x8000ce6a (0x00000179) c.addi  sp, 30
core   0: 3 0x8000ce6a (0x0179) x 2 0x00492597
core   0: 0x8000ce6c (0x00001008) c.addi4spn a0, sp, 32
core   0: 3 0x8000ce6c (0x1008) x10 0x004925b7
core   0: 0x8000ce6e (0x036fce63) blt     t6, s6, pc + 60
core   0: 3 0x8000ce6e (0x036fce63)
core   0: 0x8000ceaa (0x07449717) auipc   a4, 0x7449
core   0: 3 0x8000ceaa (0x07449717) x14 0x87455eaa
core   0: 0x8000ceae (0x03b220b3) mulhsu  ra, tp, s11
core   0: 3 0x8000ceae (0x03b220b3) x 1 0x00000000
core   0: 0x8000ceb2 (0x01f829b3) slt     s3, a6, t6
core   0: 3 0x8000ceb2 (0x01f829b3) x19 0x00000000
core   0: 0x8000ceb6 (0x2875e493) ori     s1, a1, 647
core   0: 3 0x8000ceb6 (0x2875e493) x 9 0x01a73387
core   0: 0x8000ceba (0x02a95a33) divu    s4, s2, a0
core   0: 3 0x8000ceba (0x02a95a33) x20 0x00000000
core   0: 0x8000cebe (0x0ff0000f) fence   iorw,iorw
core   0: 3 0x8000cebe (0x0ff0000f)
core   0: 0x8000cec2 (0x00008b81) c.andi  a5, 0
core   0: 3 0x8000cec2 (0x8b81) x15 0x00000000
core   0: 0x8000cec4 (0x029be633) rem     a2, s7, s1
core   0: 3 0x8000cec4 (0x029be633) x12 0xff4d1c7e
core   0: 0x8000cec8 (0x000098fd) c.andi  s1, -1
core   0: 3 0x8000cec8 (0x98fd) x 9 0x01a73387
core   0: 0x8000ceca (0xc056ae37) lui     t3, 0xc056a
core   0: 3 0x8000ceca (0xc056ae37) x28 0xc056a000
core   0: 0x8000cece (0x0000100f) fence.i
core   0: 3 0x8000cece (0x0000100f)
core   0: 0x8000ced2 (0x00006f21) c.lui   t5, 0x8
core   0: 3 0x8000ced2 (0x6f21) x30 0x00008000
core   0: 0x8000ced4 (0x0000100f) fence.i
core   0: 3 0x8000ced4 (0x0000100f)
core   0: 0x8000ced8 (0x00009366) c.add   t1, s9
core   0: 3 0x8000ced8 (0x9366) x 6 0xb181fa89
core   0: 0x8000ceda (0x0159f333) and     t1, s3, s5
core   0: 3 0x8000ceda (0x0159f333) x 6 0x00000000
core   0: 0x8000cede (0x0000c109) c.beqz  a0, pc + 2
core   0: 3 0x8000cede (0xc109)
core   0: 0x8000cee0 (0xae767493) andi    s1, a2, -1305
core   0: 3 0x8000cee0 (0xae767493) x 9 0xff4d1866
core   0: 0x8000cee4 (0x039c1c63) bne     s8, s9, pc + 56
core   0: 3 0x8000cee4 (0x039c1c63)
core   0: 0x8000cf1c (0x03a04a33) div     s4, zero, s10
core   0: 3 0x8000cf1c (0x03a04a33) x20 0x00000000
core   0: 0x8000cf20 (0x03d4fa33) remu    s4, s1, t4
core   0: 3 0x8000cf20 (0x03d4fa33) x20 0xff4d1866
core   0: 0x8000cf24 (0x27c66293) ori     t0, a2, 636
core   0: 3 0x8000cf24 (0x27c66293) x 5 0xff4d1e7e
core   0: 0x8000cf28 (0x03c8e4b3) rem     s1, a7, t3
core   0: 3 0x8000cf28 (0x03c8e4b3) x 9 0x00000000
core   0: 0x8000cf2c (0x0234e533) rem     a0, s1, gp
core   0: 3 0x8000cf2c (0x0234e533) x10 0x00000000
core   0: 0x8000cf30 (0x00008d51) c.or    a0, a2
core   0: 3 0x8000cf30 (0x8d51) x10 0xff4d1c7e
core   0: 0x8000cf32 (0x016ed863) bge     t4, s6, pc + 16
core   0: 3 0x8000cf32 (0x016ed863)
core   0: 0x8000cf36 (0x40a58533) sub     a0, a1, a0
core   0: 3 0x8000cf36 (0x40a58533) x10 0x025a1485
core   0: 0x8000cf3a (0x017c6863) bltu    s8, s7, pc + 16
core   0: 3 0x8000cf3a (0x017c6863)
core   0: 0x8000cf3e (0x6c140613) addi    a2, s0, 1729
core   0: 3 0x8000cf3e (0x6c140613) x12 0x000006c1
core   0: 0x8000cf42 (0x01ed16b3) sll     a3, s10, t5
core   0: 3 0x8000cf42 (0x01ed16b3) x13 0xfffff9b5
core   0: 0x8000cf46 (0x00008f25) c.xor   a4, s1
core   0: 3 0x8000cf46 (0x8f25) x14 0x87455eaa
core   0: 0x8000cf48 (0x00000a08) c.addi4spn a0, sp, 272
core   0: 3 0x8000cf48 (0x0a08) x10 0x004926a7
core   0: 0x8000cf4a (0x006e5533) srl     a0, t3, t1
core   0: 3 0x8000cf4a (0x006e5533) x10 0xc056a000
core   0: 0x8000cf4e (0x01933d33) sltu    s10, t1, s9
core   0: 3 0x8000cf4e (0x01933d33) x26 0x00000001
core   0: 0x8000cf52 (0x01f0be33) sltu    t3, ra, t6
core   0: 3 0x8000cf52 (0x01f0be33) x28 0x00000001
core   0: 0x8000cf56 (0x0000717d) c.addi16sp sp, -16
core   0: 3 0x8000cf56 (0x717d) x 2 0x00492587
core   0: 0x8000cf58 (0x032222b3) mulhsu  t0, tp, s2
core   0: 3 0x8000cf58 (0x032222b3) x 5 0x00000000
core   0: 0x8000cf5c (0x00b4e2b3) or      t0, s1, a1
core   0: 3 0x8000cf5c (0x00b4e2b3) x 5 0x01a73103
core   0: 0x8000cf60 (0x02cde463) bltu    s11, a2, pc + 40
core   0: 3 0x8000cf60 (0x02cde463)
core   0: 0x8000cf88 (0x79ba0213) addi    tp, s4, 1947
core   0: 3 0x8000cf88 (0x79ba0213) x 4 0xff4d2001
core   0: 0x8000cf8c (0x0000621d) c.lui   tp, 0x7
core   0: 3 0x8000cf8c (0x621d) x 4 0x00007000
core   0: 0x8000cf8e (0x01c4f633) and     a2, s1, t3
core   0: 3 0x8000cf8e (0x01c4f633) x12 0x00000000
core   0: 0x8000cf92 (0x028c7f33) remu    t5, s8, s0
core   0: 3 0x8000cf92 (0x028c7f33) x30 0xffffff74
core   0: 0x8000cf96 (0xca923293) sltiu   t0, tp, -855
core   0: 3 0x8000cf96 (0xca923293) x 5 0x00000001
core   0: 0x8000cf9a (0x032350b3) divu    ra, t1, s2
core   0: 3 0x8000cf9a (0x032350b3) x 1 0xffffffff
core   0: 0x8000cf9e (0x01e5d693) srli    a3, a1, 30
core   0: 3 0x8000cf9e (0x01e5d693) x13 0x00000000
core   0: 0x8000cfa2 (0x00fee563) bltu    t4, a5, pc + 10
core   0: 3 0x8000cfa2 (0x00fee563)
core   0: 0x8000cfa6 (0x0000ea1d) c.bnez  a2, pc + 54
core   0: 3 0x8000cfa6 (0xea1d)
core   0: 0x8000cfa8 (0x02f4ca33) div     s4, s1, a5
core   0: 3 0x8000cfa8 (0x02f4ca33) x20 0xffffffff
core   0: 0x8000cfac (0x02680133) mul     sp, a6, t1
core   0: 3 0x8000cfac (0x02680133) x 2 0x00000000
core   0: 0x8000cfb0 (0x0000ee8d) c.bnez  a3, pc + 58
core   0: 3 0x8000cfb0 (0xee8d)
core   0: 0x8000cfb2 (0x00d258b3) srl     a7, tp, a3
core   0: 3 0x8000cfb2 (0x00d258b3) x17 0x00007000
core   0: 0x8000cfb6 (0x00000001) c.nop
core   0: 3 0x8000cfb6 (0x0001)
core   0: 0x8000cfb8 (0x03ba3db3) mulhu   s11, s4, s11
core   0: 3 0x8000cfb8 (0x03ba3db3) x27 0x00000000
core   0: 0x8000cfbc (0x0000c485) c.beqz  s1, pc + 40
core   0: 3 0x8000cfbc (0xc485)
core   0: 0x8000cfe4 (0x00008ef5) c.and   a3, a3
core   0: 3 0x8000cfe4 (0x8ef5) x13 0x00000000
core   0: 0x8000cfe6 (0x8393bb13) sltiu   s6, t2, -1991
core   0: 3 0x8000cfe6 (0x8393bb13) x22 0x00000001
core   0: 0x8000cfea (0x021d5333) divu    t1, s10, ra
core   0: 3 0x8000cfea (0x021d5333) x 6 0x00000000
core   0: 0x8000cfee (0x520f6193) ori     gp, t5, 1312
core   0: 3 0x8000cfee (0x520f6193) x 3 0xffffff74
core   0: 0x8000cff2 (0x00ef00b3) add     ra, t5, a4
core   0: 3 0x8000cff2 (0x00ef00b3) x 1 0x87455e1e
core   0: 0x8000cff6 (0x01de9813) slli    a6, t4, 29
core   0: 3 0x8000cff6 (0x01de9813) x16 0x80000000
core   0: 0x8000cffa (0x02a4a233) mulhsu  tp, s1, a0
core   0: 3 0x8000cffa (0x02a4a233) x 4 0x00000000
core   0: 0x8000cffe (0x41825513) srai    a0, tp, 24
core   0: 3 0x8000cffe (0x41825513) x10 0x00000000
core   0: 0x8000d002 (0x01ce7263) bgeu    t3, t3, pc + 4
core   0: 3 0x8000d002 (0x01ce7263)
core   0: 0x8000d006 (0x011ae0b3) or      ra, s5, a7
core   0: 3 0x8000d006 (0x011ae0b3) x 1 0x8002fce4
core   0: 0x8000d00a (0x01809b33) sll     s6, ra, s8
core   0: 3 0x8000d00a (0x01809b33) x22 0xce400000
core   0: 0x8000d00e (0x035dd563) bge     s11, s5, pc + 42
core   0: 3 0x8000d00e (0x035dd563)
core   0: 0x8000d038 (0x00008a62) c.mv    s4, s8
core   0: 3 0x8000d038 (0x8a62) x20 0xffffff74
core   0: 0x8000d03a (0x0ff0000f) fence   iorw,iorw
core   0: 3 0x8000d03a (0x0ff0000f)
core   0: 0x8000d03e (0x00000085) c.addi  ra, 1
core   0: 3 0x8000d03e (0x0085) x 1 0x8002fce5
core   0: 0x8000d040 (0x00008c85) c.sub   s1, s1
core   0: 3 0x8000d040 (0x8c85) x 9 0x00000000
core   0: 0x8000d042 (0x03c32e33) mulhsu  t3, t1, t3
core   0: 3 0x8000d042 (0x03c32e33) x28 0x00000000
core   0: 0x8000d046 (0x02e4f433) remu    s0, s1, a4
core   0: 3 0x8000d046 (0x02e4f433) x 8 0x00000000
core   0: 0x8000d04a (0x02285363) bge     a6, sp, pc + 38
core   0: 3 0x8000d04a (0x02285363)
core   0: 0x8000d04e (0x00008c79) c.and   s0, a4
core   0: 3 0x8000d04e (0x8c79) x 8 0x00000000
core   0: 0x8000d050 (0x00000001) c.nop
core   0: 3 0x8000d050 (0x0001)
core   0: 0x8000d052 (0x00008ef9) c.and   a3, a4
core   0: 3 0x8000d052 (0x8ef9) x13 0x00000000
core   0: 0x8000d054 (0x00006155) c.addi16sp sp, 304
core   0: 3 0x8000d054 (0x6155) x 2 0x00000130
core   0: 0x8000d056 (0x03ea7533) remu    a0, s4, t5
core   0: 3 0x8000d056 (0x03ea7533) x10 0x00000000
core   0: 0x8000d05a (0x1d8fb213) sltiu   tp, t6, 472
core   0: 3 0x8000d05a (0x1d8fb213) x 4 0x00000000
core   0: 0x8000d05e (0x00b17233) and     tp, sp, a1
core   0: 3 0x8000d05e (0x00b17233) x 4 0x00000100
core   0: 0x8000d062 (0x00008e15) c.sub   a2, a3
core   0: 3 0x8000d062 (0x8e15) x12 0x00000000
core   0: 0x8000d064 (0xacdf4293) xori    t0, t5, -1331
core   0: 3 0x8000d064 (0xacdf4293) x 5 0x000005b9
core   0: 0x8000d068 (0x017dadb3) slt     s11, s11, s7
core   0: 3 0x8000d068 (0x017dadb3) x27 0x00000000
core   0: 0x8000d06c (0x0282feb3) remu    t4, t0, s0
core   0: 3 0x8000d06c (0x0282feb3) x29 0x000005b9
core   0: 0x8000d070 (0xc9ee6b13) ori     s6, t3, -866
core   0: 3 0x8000d070 (0xc9ee6b13) x22 0xfffffc9e
core   0: 0x8000d074 (0x002bbb33) sltu    s6, s7, sp
core   0: 3 0x8000d074 (0x002bbb33) x22 0x00000000
core   0: 0x8000d078 (0x01fd6f33) or      t5, s10, t6
core   0: 3 0x8000d078 (0x01fd6f33) x30 0x831eb483
core   0: 0x8000d07c (0x0000cf09) c.beqz  a4, pc + 26
core   0: 3 0x8000d07c (0xcf09)
core   0: 0x8000d07e (0x031fde33) divu    t3, t6, a7
core   0: 3 0x8000d07e (0x031fde33) x28 0x00012bb3
core   0: 0x8000d082 (0x036c62b3) rem     t0, s8, s6
core   0: 3 0x8000d082 (0x036c62b3) x 5 0xffffff74
core   0: 0x8000d086 (0x00008d41) c.or    a0, s0
core   0: 3 0x8000d086 (0x8d41) x10 0x00000000
core   0: 0x8000d088 (0x02c5ec63) bltu    a1, a2, pc + 56
core   0: 3 0x8000d088 (0x02c5ec63)
core   0: 0x8000d08c (0x00008b36) c.mv    s6, a3
core   0: 3 0x8000d08c (0x8b36) x22 0x00000000
core   0: 0x8000d08e (0x00008d09) c.sub   a0, a0
core   0: 3 0x8000d08e (0x8d09) x10 0x00000000
core   0: 0x8000d090 (0x76528a13) addi    s4, t0, 1893
core   0: 3 0x8000d090 (0x76528a13) x20 0x000006d9
core   0: 0x8000d094 (0x0000811d) c.srli  a0, 7
core   0: 3 0x8000d094 (0x811d) x10 0x00000000
core   0: 0x8000d096 (0x0000c28d) c.beqz  a3, pc + 34
core   0: 3 0x8000d096 (0xc28d)
core   0: 0x8000d0b8 (0x01ae4663) blt     t3, s10, pc + 12
core   0: 3 0x8000d0b8 (0x01ae4663)
core   0: 0x8000d0bc (0x06094563) bltz    s2, pc + 106
core   0: 3 0x8000d0bc (0x06094563)
core   0: 0x8000d0c0 (0x41e1d433) sra     s0, gp, t5
core   0: 3 0x8000d0c0 (0x41e1d433) x 8 0xffffffee
core   0: 0x8000d0c4 (0x43eb8093) addi    ra, s7, 1086
core   0: 3 0x8000d0c4 (0x43eb8093) x 1 0x8002a121
core   0: 0x8000d0c8 (0x0000c789) c.beqz  a5, pc + 10
core   0: 3 0x8000d0c8 (0xc789)
core   0: 0x8000d0d2 (0x01cdd333) srl     t1, s11, t3
core   0: 3 0x8000d0d2 (0x01cdd333) x 6 0x00000000
core   0: 0x8000d0d6 (0x03ee2133) mulhsu  sp, t3, t5
core   0: 3 0x8000d0d6 (0x03ee2133) x 2 0x00009980
core   0: 0x8000d0da (0x40915c93) srai    s9, sp, 9
core   0: 3 0x8000d0da (0x40915c93) x25 0x0000004c
core   0: 0x8000d0de (0x00008865) c.andi  s0, 25
core   0: 3 0x8000d0de (0x8865) x 8 0x00000008
core   0: 0x8000d0e0 (0x01905bb3) srl     s7, zero, s9
core   0: 3 0x8000d0e0 (0x01905bb3) x23 0x00000000
core   0: 0x8000d0e4 (0x00000f7a) c.slli  t5, 30
core   0: 3 0x8000d0e4 (0x0f7a) x30 0xc0000000
core   0: 0x8000d0e6 (0x030decb3) rem     s9, s11, a6
core   0: 3 0x8000d0e6 (0x030decb3) x25 0x00000000
core   0: 0x8000d0ea (0x0256b533) mulhu   a0, a3, t0
core   0: 3 0x8000d0ea (0x0256b533) x10 0x00000000
core   0: 0x8000d0ee (0x00a0026f) jal     tp, pc + 0xa
core   0: 3 0x8000d0ee (0x00a0026f) x 4 0x8000d0f2
core   0: 0x8000d0f8 (0x00c000ef) jal     pc + 0xc
core   0: 3 0x8000d0f8 (0x00c000ef) x 1 0x8000d0fc
core   0: 0x8000d104 (0x0000a019) c.j     pc + 6
core   0: 3 0x8000d104 (0xa019)
core   0: 0x8000d10a (0x0000bff5) c.j     pc - 4
core   0: 3 0x8000d10a (0xbff5)
core   0: 0x8000d106 (0x00003fed) c.jal   pc - 6
core   0: 3 0x8000d106 (0x3fed) x 1 0x8000d108
core   0: 0x8000d100 (0xff3ff96f) jal     s2, pc - 0xe
core   0: 3 0x8000d100 (0xff3ff96f) x18 0x8000d104
core   0: 0x8000d0f2 (0x00002029) c.jal   pc + 10
core   0: 3 0x8000d0f2 (0x2029) x 1 0x8000d0f4
core   0: 0x8000d0fc (0x0000a031) c.j     pc + 12
core   0: 3 0x8000d0fc (0xa031)
core   0: 0x8000d108 (0x000037fd) c.jal   pc - 18
core   0: 3 0x8000d108 (0x37fd) x 1 0x8000d10a
core   0: 0x8000d0f6 (0x00002021) c.jal   pc + 8
core   0: 3 0x8000d0f6 (0x2021) x 1 0x8000d0f8
core   0: 0x8000d0fe (0x0000bfdd) c.j     pc - 10
core   0: 3 0x8000d0fe (0xbfdd)
core   0: 0x8000d0f4 (0x0000a821) c.j     pc + 24
core   0: 3 0x8000d0f4 (0xa821)
core   0: 0x8000d10c (0x00006165) c.addi16sp sp, 112
core   0: 3 0x8000d10c (0x6165) x 2 0x000099f0
core   0: 0x8000d10e (0xeae8c813) xori    a6, a7, -338
core   0: 3 0x8000d10e (0xeae8c813) x16 0xffff8eae
core   0: 0x8000d112 (0x00f4feb3) and     t4, s1, a5
core   0: 3 0x8000d112 (0x00f4feb3) x29 0x00000000
core   0: 0x8000d116 (0x02e96133) rem     sp, s2, a4
core   0: 3 0x8000d116 (0x02e96133) x 2 0xf8bb725a
core   0: 0x8000d11a (0x03929d63) bne     t0, s9, pc + 58
core   0: 3 0x8000d11a (0x03929d63)
core   0: 0x8000d154 (0x0000e80d) c.bnez  s0, pc + 50
core   0: 3 0x8000d154 (0xe80d)
core   0: 0x8000d186 (0x032d2eb3) mulhsu  t4, s10, s2
core   0: 3 0x8000d186 (0x032d2eb3) x29 0x00000000
core   0: 0x8000d18a (0x02e2e1b3) rem     gp, t0, a4
core   0: 3 0x8000d18a (0x02e2e1b3) x 3 0xffffff74
core   0: 0x8000d18e (0x01f74a33) xor     s4, a4, t6
core   0: 3 0x8000d18e (0x01f74a33) x20 0x045bea29
core   0: 0x8000d192 (0x0000717d) c.addi16sp sp, -16
core   0: 3 0x8000d192 (0x717d) x 2 0xf8bb724a
core   0: 0x8000d194 (0x00f5e1b3) or      gp, a1, a5
core   0: 3 0x8000d194 (0x00f5e1b3) x 3 0x01a73103
core   0: 0x8000d198 (0x009be433) or      s0, s7, s1
core   0: 3 0x8000d198 (0x009be433) x 8 0x00000000
core   0: 0x8000d19c (0x0000100f) fence.i
core   0: 3 0x8000d19c (0x0000100f)
core   0: 0x8000d1a0 (0x007c9463) bne     s9, t2, pc + 8
core   0: 3 0x8000d1a0 (0x007c9463)
core   0: 0x8000d1a8 (0x41765713) srai    a4, a2, 23
core   0: 3 0x8000d1a8 (0x41765713) x14 0x00000000
core   0: 0x8000d1ac (0x00001510) c.addi4spn a2, sp, 672
core   0: 3 0x8000d1ac (0x1510) x12 0xf8bb74ea
core   0: 0x8000d1ae (0x00008f31) c.xor   a4, a2
core   0: 3 0x8000d1ae (0x8f31) x14 0xf8bb74ea
core   0: 0x8000d1b0 (0x00312a33) slt     s4, sp, gp
core   0: 3 0x8000d1b0 (0x00312a33) x20 0x00000001
core   0: 0x8000d1b4 (0x01a06d33) or      s10, zero, s10
core   0: 3 0x8000d1b4 (0x01a06d33) x26 0x00000001
core   0: 0x8000d1b8 (0x00008e7d) c.and   a2, a5
core   0: 3 0x8000d1b8 (0x8e7d) x12 0x00000000
core   0: 0x8000d1ba (0x00008575) c.srai  a0, 29
core   0: 3 0x8000d1ba (0x8575) x10 0x00000000
core   0: 0x8000d1bc (0x018b6a63) bltu    s6, s8, pc + 20
core   0: 3 0x8000d1bc (0x018b6a63)
core   0: 0x8000d1d0 (0x00008d33) add     s10, ra, zero
core   0: 3 0x8000d1d0 (0x00008d33) x26 0x8000d0f8
core   0: 0x8000d1d4 (0x0000e505) c.bnez  a0, pc + 40
core   0: 3 0x8000d1d4 (0xe505)
core   0: 0x8000d1d6 (0x36acf713) andi    a4, s9, 874
core   0: 3 0x8000d1d6 (0x36acf713) x14 0x00000000
core   0: 0x8000d1da (0x00004f2d) c.li    t5, 11
core   0: 3 0x8000d1da (0x4f2d) x30 0x0000000b
core   0: 0x8000d1dc (0x0e4f7813) andi    a6, t5, 228
core   0: 3 0x8000d1dc (0x0e4f7813) x16 0x00000000
core   0: 0x8000d1e0 (0x03b3ea63) bltu    t2, s11, pc + 52
core   0: 3 0x8000d1e0 (0x03b3ea63)
core   0: 0x8000d1e4 (0x88110d17) auipc   s10, 0x88110
core   0: 3 0x8000d1e4 (0x88110d17) x26 0x0811d1e4
core   0: 0x8000d1e8 (0x00edbf33) sltu    t5, s11, a4
core   0: 3 0x8000d1e8 (0x00edbf33) x30 0x00000000
core   0: 0x8000d1ec (0x005b9533) sll     a0, s7, t0
core   0: 3 0x8000d1ec (0x005b9533) x10 0x00000000
core   0: 0x8000d1f0 (0x41915c93) srai    s9, sp, 25
core   0: 3 0x8000d1f0 (0x41915c93) x25 0xfffffffc
core   0: 0x8000d1f4 (0x03d949b3) div     s3, s2, t4
core   0: 3 0x8000d1f4 (0x03d949b3) x19 0xffffffff
core   0: 0x8000d1f8 (0x0015d263) bge     a1, ra, pc + 4
core   0: 3 0x8000d1f8 (0x0015d263)
core   0: 0x8000d1fc (0xb784b993) sltiu   s3, s1, -1160
core   0: 3 0x8000d1fc (0xb784b993) x19 0x00000001
core   0: 0x8000d200 (0x01bf86b3) add     a3, t6, s11
core   0: 3 0x8000d200 (0x01bf86b3) x13 0x831eb483
core   0: 0x8000d204 (0x00008f41) c.or    a4, s0
core   0: 3 0x8000d204 (0x8f41) x14 0x00000000
core   0: 0x8000d206 (0x0000717d) c.addi16sp sp, -16
core   0: 3 0x8000d206 (0x717d) x 2 0xf8bb723a
core   0: 0x8000d208 (0x00005e7d) c.li    t3, -1
core   0: 3 0x8000d208 (0x5e7d) x28 0xffffffff
core   0: 0x8000d20a (0x03984d63) blt     a6, s9, pc + 58
core   0: 3 0x8000d20a (0x03984d63)
core   0: 0x8000d20e (0x01ce5f63) bge     t3, t3, pc + 30
core   0: 3 0x8000d20e (0x01ce5f63)
core   0: 0x8000d22c (0x0000c395) c.beqz  a5, pc + 36
core   0: 3 0x8000d22c (0xc395)
core   0: 0x8000d250 (0x00008691) c.srai  a3, 4
core   0: 3 0x8000d250 (0x8691) x13 0xf831eb48
core   0: 0x8000d252 (0x00008c05) c.sub   s0, s1
core   0: 3 0x8000d252 (0x8c05) x 8 0x00000000
core   0: 0x8000d254 (0x00af2033) slt     zero, t5, a0
core   0: 3 0x8000d254 (0x00af2033)
core   0: 0x8000d258 (0x0000717d) c.addi16sp sp, -16
core   0: 3 0x8000d258 (0x717d) x 2 0xf8bb722a
core   0: 0x8000d25a (0x00008d7d) c.and   a0, a5
core   0: 3 0x8000d25a (0x8d7d) x10 0x00000000
core   0: 0x8000d25c (0x00000001) c.nop
core   0: 3 0x8000d25c (0x0001)
core   0: 0x8000d25e (0x039bb233) mulhu   tp, s7, s9
core   0: 3 0x8000d25e (0x039bb233) x 4 0x00000000
core   0: 0x8000d262 (0xd2d7be13) sltiu   t3, a5, -723
core   0: 3 0x8000d262 (0xd2d7be13) x28 0x00000001
core   0: 0x8000d266 (0x000080a5) c.srli  s1, 9
core   0: 3 0x8000d266 (0x80a5) x 9 0x00000000
core   0: 0x8000d268 (0x018bf263) bgeu    s7, s8, pc + 4
core   0: 3 0x8000d268 (0x018bf263)
core   0: 0x8000d26c (0x00008e45) c.or    a2, s1
core   0: 3 0x8000d26c (0x8e45) x12 0x00000000
core   0: 0x8000d26e (0x02eb5133) divu    sp, s6, a4
core   0: 3 0x8000d26e (0x02eb5133) x 2 0xffffffff
core   0: 0x8000d272 (0x00006ecd) c.lui   t4, 0x13
core   0: 3 0x8000d272 (0x6ecd) x29 0x00013000
core   0: 0x8000d274 (0x00008ed5) c.or    a3, a3
core   0: 3 0x8000d274 (0x8ed5) x13 0xf831eb48
core   0: 0x8000d276 (0x0ff0000f) fence   iorw,iorw
core   0: 3 0x8000d276 (0x0ff0000f)
core   0: 0x8000d27a (0x00000001) c.nop
core   0: 3 0x8000d27a (0x0001)
core   0: 0x8000d27c (0x41028633) sub     a2, t0, a6
core   0: 3 0x8000d27c (0x41028633) x12 0xffffff74
core   0: 0x8000d280 (0x00b13533) sltu    a0, sp, a1
core   0: 3 0x8000d280 (0x00b13533) x10 0x00000000
core   0: 0x8000d284 (0x03c54163) blt     a0, t3, pc + 34
core   0: 3 0x8000d284 (0x03c54163)
core   0: 0x8000d2a6 (0x0000c395) c.beqz  a5, pc + 36
core   0: 3 0x8000d2a6 (0xc395)
core   0: 0x8000d2ca (0x03ed1833) mulh    a6, s10, t5
core   0: 3 0x8000d2ca (0x03ed1833) x16 0x00000000
core   0: 0x8000d2ce (0x00008fe1) c.and   a5, s0
core   0: 3 0x8000d2ce (0x8fe1) x15 0x00000000
core   0: 0x8000d2d0 (0x038ae163) bltu    s5, s8, pc + 34
core   0: 3 0x8000d2d0 (0x038ae163)
core   0: 0x8000d2f2 (0x03ec9333) mulh    t1, s9, t5
core   0: 3 0x8000d2f2 (0x03ec9333) x 6 0x00000000
core   0: 0x8000d2f6 (0x0000040e) c.slli  s0, 3
core   0: 3 0x8000d2f6 (0x040e) x 8 0x00000000
core   0: 0x8000d2f8 (0xc0a12c93) slti    s9, sp, -1014
core   0: 3 0x8000d2f8 (0xc0a12c93) x25 0x00000000
core   0: 0x8000d2fc (0x47abc313) xori    t1, s7, 1146
core   0: 3 0x8000d2fc (0x47abc313) x 6 0x0000047a
core   0: 0x8000d300 (0x016942b3) xor     t0, s2, s6
core   0: 3 0x8000d300 (0x016942b3) x 5 0x8000d104
core   0: 0x8000d304 (0x012cc133) xor     sp, s9, s2
core   0: 3 0x8000d304 (0x012cc133) x 2 0x8000d104
core   0: 0x8000d308 (0x01b69663) bne     a3, s11, pc + 12
core   0: 3 0x8000d308 (0x01b69663)
core   0: 0x8000d314 (0x00000384) c.addi4spn s1, sp, 448
core   0: 3 0x8000d314 (0x0384) x 9 0x8000d2c4
core   0: 0x8000d316 (0x000082fd) c.srli  a3, 31
core   0: 3 0x8000d316 (0x82fd) x13 0x00000001
core   0: 0x8000d318 (0x00b5e333) or      t1, a1, a1
core   0: 3 0x8000d318 (0x00b5e333) x 6 0x01a73103
core   0: 0x8000d31c (0x00006bbd) c.lui   s7, 0xf
core   0: 3 0x8000d31c (0x6bbd) x23 0x0000f000
core   0: 0x8000d31e (0x003b6263) bltu    s6, gp, pc + 4
core   0: 3 0x8000d31e (0x003b6263)
core   0: 0x8000d322 (0x00de89b3) add     s3, t4, a3
core   0: 3 0x8000d322 (0x00de89b3) x19 0x00013001
core   0: 0x8000d326 (0x00008bbd) c.andi  a5, 15
core   0: 3 0x8000d326 (0x8bbd) x15 0x00000000
core   0: 0x8000d328 (0x0390c7b3) div     a5, ra, s9
core   0: 3 0x8000d328 (0x0390c7b3) x15 0xffffffff
core   0: 0x8000d32c (0x00008bfa) c.mv    s7, t5
core   0: 3 0x8000d32c (0x8bfa) x23 0x00000000
core   0: 0x8000d32e (0x02369963) bne     a3, gp, pc + 50
core   0: 3 0x8000d32e (0x02369963)
core   0: 0x8000d360 (0x0000c0a1) c.beqz  s1, pc + 64
core   0: 3 0x8000d360 (0xc0a1)
core   0: 0x8000d362 (0x00000001) c.nop
core   0: 3 0x8000d362 (0x0001)
core   0: 0x8000d364 (0x013c0733) add     a4, s8, s3
core   0: 3 0x8000d364 (0x013c0733) x14 0x00012f75
core   0: 0x8000d368 (0x46b8b297) auipc   t0, 0x46b8b
core   0: 3 0x8000d368 (0x46b8b297) x 5 0xc6b98368
core   0: 0x8000d36c (0x000083c5) c.srli  a5, 17
core   0: 3 0x8000d36c (0x83c5) x15 0x00007fff
core   0: 0x8000d36e (0x00000001) c.nop
core   0: 3 0x8000d36e (0x0001)
core   0: 0x8000d370 (0x09c03893) sltiu   a7, zero, 156
core   0: 3 0x8000d370 (0x09c03893) x17 0x00000001
core   0: 0x8000d374 (0x01700733) add     a4, zero, s7
core   0: 3 0x8000d374 (0x01700733) x14 0x00000000
core   0: 0x8000d378 (0x0000100f) fence.i
core   0: 3 0x8000d378 (0x0000100f)
core   0: 0x8000d37c (0x001bca33) xor     s4, s7, ra
core   0: 3 0x8000d37c (0x001bca33) x20 0x8000d0f8
core   0: 0x8000d380 (0x00000149) c.addi  sp, 18
core   0: 3 0x8000d380 (0x0149) x 2 0x8000d116
core   0: 0x8000d382 (0x41bdddb3) sra     s11, s11, s11
core   0: 3 0x8000d382 (0x41bdddb3) x27 0x00000000
core   0: 0x8000d386 (0x01a84533) xor     a0, a6, s10
core   0: 3 0x8000d386 (0x01a84533) x10 0x0811d1e4
core   0: 0x8000d38a (0x0301f333) remu    t1, gp, a6
core   0: 3 0x8000d38a (0x0301f333) x 6 0x01a73103
core   0: 0x8000d38e (0x00008f99) c.sub   a5, a4
core   0: 3 0x8000d38e (0x8f99) x15 0x00007fff
core   0: 0x8000d390 (0x8c667037) lui     zero, 0x8c667
core   0: 3 0x8000d390 (0x8c667037)
core   0: 0x8000d394 (0x0125ad33) slt     s10, a1, s2
core   0: 3 0x8000d394 (0x0125ad33) x26 0x00000000
core   0: 0x8000d398 (0x00000001) c.nop
core   0: 3 0x8000d398 (0x0001)
core   0: 0x8000d39a (0x0000867a) c.mv    a2, t5
core   0: 3 0x8000d39a (0x867a) x12 0x00000000
core   0: 0x8000d39c (0x4100d513) srai    a0, ra, 16
core   0: 3 0x8000d39c (0x4100d513) x10 0xffff8000
core   0: 0x8000d3a0 (0x41fa06b3) sub     a3, s4, t6
core   0: 3 0x8000d3a0 (0x41fa06b3) x13 0xfce21c75
core   0: 0x8000d3a4 (0x00009bfd) c.andi  a5, -1
core   0: 3 0x8000d3a4 (0x9bfd) x15 0x00007fff
core   0: 0x8000d3a6 (0x00009f9e) c.add   t6, t2
core   0: 3 0x8000d3a6 (0x9f9e) x31 0x032112df
core   0: 0x8000d3a8 (0x0000e809) c.bnez  s0, pc + 18
core   0: 3 0x8000d3a8 (0xe809)
core   0: 0x8000d3aa (0x40695213) srai    tp, s2, 6
core   0: 3 0x8000d3aa (0x40695213) x 4 0xfe000344
core   0: 0x8000d3ae (0x02219663) bne     gp, sp, pc + 44
core   0: 3 0x8000d3ae (0x02219663)
core   0: 0x8000d3da (0x0000cf91) c.beqz  a5, pc + 28
core   0: 3 0x8000d3da (0xcf91)
core   0: 0x8000d3dc (0x15373693) sltiu   a3, a4, 339
core   0: 3 0x8000d3dc (0x15373693) x13 0x00000001
core   0: 0x8000d3e0 (0x03789b63) bne     a7, s7, pc + 54
core   0: 3 0x8000d3e0 (0x03789b63)
core   0: 0x8000d416 (0x0ff0000f) fence   iorw,iorw
core   0: 3 0x8000d416 (0x0ff0000f)
core   0: 0x8000d41a (0x02cdfb63) bgeu    s11, a2, pc + 54
core   0: 3 0x8000d41a (0x02cdfb63)
core   0: 0x8000d450 (0x000083cd) c.srli  a5, 19
core   0: 3 0x8000d450 (0x83cd) x15 0x00000000
core   0: 0x8000d452 (0x0000819a) c.mv    gp, t1
core   0: 3 0x8000d452 (0x819a) x 3 0x01a73103
core   0: 0x8000d454 (0x00008131) c.srli  a0, 12
core   0: 3 0x8000d454 (0x8131) x10 0x000ffff8
core   0: 0x8000d456 (0x00000001) c.nop
core   0: 3 0x8000d456 (0x0001)
core   0: 0x8000d458 (0x011c94b3) sll     s1, s9, a7
core   0: 3 0x8000d458 (0x011c94b3) x 9 0x00000000
core   0: 0x8000d45c (0x000080d9) c.srli  s1, 22
core   0: 3 0x8000d45c (0x80d9) x 9 0x00000000
core   0: 0x8000d45e (0x00cef133) and     sp, t4, a2
core   0: 3 0x8000d45e (0x00cef133) x 2 0x00000000
core   0: 0x8000d462 (0x038e5e63) bge     t3, s8, pc + 60
core   0: 3 0x8000d462 (0x038e5e63)
core   0: 0x8000d49e (0x0000047d) c.addi  s0, 31
core   0: 3 0x8000d49e (0x047d) x 8 0x0000001f
core   0: 0x8000d4a0 (0x00008c61) c.and   s0, s0
core   0: 3 0x8000d4a0 (0x8c61) x 8 0x0000001f
core   0: 0x8000d4a2 (0x40ba5d93) srai    s11, s4, 11
core   0: 3 0x8000d4a2 (0x40ba5d93) x27 0xfff0001a
core   0: 0x8000d4a6 (0x00008ccd) c.or    s1, a1
core   0: 3 0x8000d4a6 (0x8ccd) x 9 0x01a73103
core   0: 0x8000d4a8 (0x404e5bb3) sra     s7, t3, tp
core   0: 3 0x8000d4a8 (0x404e5bb3) x23 0x00000000
core   0: 0x8000d4ac (0x04164263) blt     a2, ra, pc + 68
core   0: 3 0x8000d4ac (0x04164263)
core   0: 0x8000d4b0 (0xff50af13) slti    t5, ra, -11
core   0: 3 0x8000d4b0 (0xff50af13) x30 0x00000001
core   0: 0x8000d4b4 (0x73c63f93) sltiu   t6, a2, 1852
core   0: 3 0x8000d4b4 (0x73c63f93) x31 0x00000001
core   0: 0x8000d4b8 (0x87d5f993) andi    s3, a1, -1923
core   0: 3 0x8000d4b8 (0x87d5f993) x19 0x01a73001
core   0: 0x8000d4bc (0x01a3cbb3) xor     s7, t2, s10
core   0: 3 0x8000d4bc (0x01a3cbb3) x23 0x80025e5c
core   0: 0x8000d4c0 (0x9d68f913) andi    s2, a7, -1578
core   0: 3 0x8000d4c0 (0x9d68f913) x18 0x00000000
core   0: 0x8000d4c4 (0x606bbc93) sltiu   s9, s7, 1542
core   0: 3 0x8000d4c4 (0x606bbc93) x25 0x00000000
core   0: 0x8000d4c8 (0x033614b3) mulh    s1, a2, s3
core   0: 3 0x8000d4c8 (0x033614b3) x 9 0x00000000
core   0: 0x8000d4cc (0x02708833) mul     a6, ra, t2
core   0: 3 0x8000d4cc (0x02708833) x16 0xeef62920
core   0: 0x8000d4d0 (0x00008c6d) c.and   s0, a1
core   0: 3 0x8000d4d0 (0x8c6d) x 8 0x00000003
core   0: 0x8000d4d2 (0x0291e163) bltu    gp, s1, pc + 34
core   0: 3 0x8000d4d2 (0x0291e163)
core   0: 0x8000d4d6 (0x00008789) c.srai  a5, 2
core   0: 3 0x8000d4d6 (0x8789) x15 0x00000000
core   0: 0x8000d4d8 (0x0175ec33) or      s8, a1, s7
core   0: 3 0x8000d4d8 (0x0175ec33) x24 0x81a77f5f
core   0: 0x8000d4dc (0x00bc34b3) sltu    s1, s8, a1
core   0: 3 0x8000d4dc (0x00bc34b3) x 9 0x00000000
core   0: 0x8000d4e0 (0x91799bb7) lui     s7, 0x91799
core   0: 3 0x8000d4e0 (0x91799bb7) x23 0x91799000
core   0: 0x8000d4e4 (0x0000717d) c.addi16sp sp, -16
core   0: 3 0x8000d4e4 (0x717d) x 2 0xfffffff0
core   0: 0x8000d4e6 (0x0000e21d) c.bnez  a2, pc + 38
core   0: 3 0x8000d4e6 (0xe21d)
core   0: 0x8000d4e8 (0x403d5a33) sra     s4, s10, gp
core   0: 3 0x8000d4e8 (0x403d5a33) x20 0x00000000
core   0: 0x8000d4ec (0xb88a9e97) auipc   t4, 0xb88a9
core   0: 3 0x8000d4ec (0xb88a9e97) x29 0x388b64ec
core   0: 0x8000d4f0 (0x01e1bbb3) sltu    s7, gp, t5
core   0: 3 0x8000d4f0 (0x01e1bbb3) x23 0x00000000
core   0: 0x8000d4f4 (0x0000877e) c.mv    a4, t6
core   0: 3 0x8000d4f4 (0x877e) x14 0x00000001
core   0: 0x8000d4f6 (0x01451563) bne     a0, s4, pc + 10
core   0: 3 0x8000d4f6 (0x01451563)
core   0: 0x8000d500 (0x0000100f) fence.i
core   0: 3 0x8000d500 (0x0000100f)
core   0: 0x8000d504 (0x41458233) sub     tp, a1, s4
core   0: 3 0x8000d504 (0x41458233) x 4 0x01a73103
core   0: 0x8000d508 (0x025636b3) mulhu   a3, a2, t0
core   0: 3 0x8000d508 (0x025636b3) x13 0x00000000
core   0: 0x8000d50c (0x84f2a793) slti    a5, t0, -1969
core   0: 3 0x8000d50c (0x84f2a793) x15 0x00000001
core   0: 0x8000d510 (0x022fc633) div     a2, t6, sp
core   0: 3 0x8000d510 (0x022fc633) x12 0x00000000
core   0: 0x8000d514 (0x000e1833) sll     a6, t3, zero
core   0: 3 0x8000d514 (0x000e1833) x16 0x00000001
core   0: 0x8000d518 (0x00000001) c.nop
core   0: 3 0x8000d518 (0x0001)
core   0: 0x8000d51a (0x023ecfb3) div     t6, t4, gp
core   0: 3 0x8000d51a (0x023ecfb3) x31 0x00000022
core   0: 0x8000d51e (0x31a24993) xori    s3, tp, 794
core   0: 3 0x8000d51e (0x31a24993) x19 0x01a73219
core   0: 0x8000d522 (0x41e38fb3) sub     t6, t2, t5
core   0: 3 0x8000d522 (0x41e38fb3) x31 0x80025e5b
core   0: 0x8000d526 (0x02745033) divu    zero, s0, t2
core   0: 3 0x8000d526 (0x02745033)
core   0: 0x8000d52a (0x0000010d) c.addi  sp, 3
core   0: 3 0x8000d52a (0x010d) x 2 0xfffffff3
core   0: 0x8000d52c (0x036f98b3) mulh    a7, t6, s6
core   0: 3 0x8000d52c (0x036f98b3) x17 0x00000000
core   0: 0x8000d530 (0x00000001) c.nop
core   0: 3 0x8000d530 (0x0001)
core   0: 0x8000d532 (0x003dd563) bge     s11, gp, pc + 10
core   0: 3 0x8000d532 (0x003dd563)
core   0: 0x8000d536 (0x0000ce81) c.beqz  a3, pc + 24
core   0: 3 0x8000d536 (0xce81)
core   0: 0x8000d54e (0x00000e90) c.addi4spn a2, sp, 848
core   0: 3 0x8000d54e (0x0e90) x12 0x00000343
core   0: 0x8000d550 (0x0364f2b3) remu    t0, s1, s6
core   0: 3 0x8000d550 (0x0364f2b3) x 5 0x00000000
core   0: 0x8000d554 (0x00001d1c) c.addi4spn a5, sp, 688
core   0: 3 0x8000d554 (0x1d1c) x15 0x000002a3
core   0: 0x8000d556 (0x29ab8093) addi    ra, s7, 666
core   0: 3 0x8000d556 (0x29ab8093) x 1 0x0000029a
core   0: 0x8000d55a (0x00008fd1) c.or    a5, a2
core   0: 3 0x8000d55a (0x8fd1) x15 0x000003e3
core   0: 0x8000d55c (0x224e2e13) slti    t3, t3, 548
core   0: 3 0x8000d55c (0x224e2e13) x28 0x00000001
core   0: 0x8000d560 (0x0000863a) c.mv    a2, a4
core   0: 3 0x8000d560 (0x863a) x12 0x00000001
core   0: 0x8000d562 (0x00869b13) slli    s6, a3, 8
core   0: 3 0x8000d562 (0x00869b13) x22 0x00000000
core   0: 0x8000d566 (0x404602b3) sub     t0, a2, tp
core   0: 3 0x8000d566 (0x404602b3) x 5 0xfe58cefe
core   0: 0x8000d56a (0x02f00433) mul     s0, zero, a5
core   0: 3 0x8000d56a (0x02f00433) x 8 0x00000000
core   0: 0x8000d56e (0x03002f33) mulhsu  t5, zero, a6
core   0: 3 0x8000d56e (0x03002f33) x30 0x00000000
core   0: 0x8000d572 (0x032a4e33) div     t3, s4, s2
core   0: 3 0x8000d572 (0x032a4e33) x28 0xffffffff
core   0: 0x8000d576 (0x0053fd33) and     s10, t2, t0
core   0: 3 0x8000d576 (0x0053fd33) x26 0x80004e5c
core   0: 0x8000d57a (0x8dbe0837) lui     a6, 0x8dbe0
core   0: 3 0x8000d57a (0x8dbe0837) x16 0x8dbe0000
core   0: 0x8000d57e (0x0312b133) mulhu   sp, t0, a7
core   0: 3 0x8000d57e (0x0312b133) x 2 0x00000000
core   0: 0x8000d582 (0x00008c49) c.or    s0, a0
core   0: 3 0x8000d582 (0x8c49) x 8 0x000ffff8
core   0: 0x8000d584 (0x001361b3) or      gp, t1, ra
core   0: 3 0x8000d584 (0x001361b3) x 3 0x01a7339b
core   0: 0x8000d588 (0x01111813) slli    a6, sp, 17
core   0: 3 0x8000d588 (0x01111813) x16 0x00000000
core   0: 0x8000d58c (0x7d1b5917) auipc   s2, 0x7d1b5
core   0: 3 0x8000d58c (0x7d1b5917) x18 0xfd1c258c
core   0: 0x8000d590 (0x00000001) c.nop
core   0: 3 0x8000d590 (0x0001)
core   0: 0x8000d592 (0x00009e2a) c.add   t3, a0
core   0: 3 0x8000d592 (0x9e2a) x28 0x000ffff7
core   0: 0x8000d594 (0x00008d45) c.or    a0, s1
core   0: 3 0x8000d594 (0x8d45) x10 0x000ffff8
core   0: 0x8000d596 (0x010b5263) bge     s6, a6, pc + 4
core   0: 3 0x8000d596 (0x010b5263)
core   0: 0x8000d59a (0x00cfae33) slt     t3, t6, a2
core   0: 3 0x8000d59a (0x00cfae33) x28 0x00000001
core   0: 0x8000d59e (0x020ffdb3) remu    s11, t6, zero
core   0: 3 0x8000d59e (0x020ffdb3) x27 0x80025e5b
core   0: 0x8000d5a2 (0x0000717d) c.addi16sp sp, -16
core   0: 3 0x8000d5a2 (0x717d) x 2 0xfffffff0
core   0: 0x8000d5a4 (0x03d51833) mulh    a6, a0, t4
core   0: 3 0x8000d5a4 (0x03d51833) x16 0x000388b4
core   0: 0x8000d5a8 (0x00008d2d) c.xor   a0, a1
core   0: 3 0x8000d5a8 (0x8d2d) x10 0x01a8cefb
core   0: 0x8000d5aa (0x008be263) bltu    s7, s0, pc + 4
core   0: 3 0x8000d5aa (0x008be263)
core   0: 0x8000d5ae (0x00000001) c.nop
core   0: 3 0x8000d5ae (0x0001)
core   0: 0x8000d5b0 (0x9a2ab513) sltiu   a0, s5, -1630
core   0: 3 0x8000d5b0 (0x9a2ab513) x10 0x00000001
core   0: 0x8000d5b4 (0x00008866) c.mv    a6, s9
core   0: 3 0x8000d5b4 (0x8866) x16 0x00000000
core   0: 0x8000d5b6 (0x00000001) c.nop
core   0: 3 0x8000d5b6 (0x0001)
core   0: 0x8000d5b8 (0x009c8333) add     t1, s9, s1
core   0: 3 0x8000d5b8 (0x009c8333) x 6 0x00000000
core   0: 0x8000d5bc (0x0040d313) srli    t1, ra, 4
core   0: 3 0x8000d5bc (0x0040d313) x 6 0x00000029
core   0: 0x8000d5c0 (0x0089bbb3) sltu    s7, s3, s0
core   0: 3 0x8000d5c0 (0x0089bbb3) x23 0x00000000
core   0: 0x8000d5c4 (0x02119bb3) mulh    s7, gp, ra
core   0: 3 0x8000d5c4 (0x02119bb3) x23 0x00000004
core   0: 0x8000d5c8 (0x00008a19) c.andi  a2, 6
core   0: 3 0x8000d5c8 (0x8a19) x12 0x00000000
core   0: 0x8000d5ca (0x00006375) c.lui   t1, 0x1d
core   0: 3 0x8000d5ca (0x6375) x 6 0x0001d000
core   0: 0x8000d5cc (0x005ec833) xor     a6, t4, t0
core   0: 3 0x8000d5cc (0x005ec833) x16 0xc6d3aa12
core   0: 0x8000d5d0 (0x00005a7d) c.li    s4, -1
core   0: 3 0x8000d5d0 (0x5a7d) x20 0xffffffff
core   0: 0x8000d5d2 (0x00de7433) and     s0, t3, a3
core   0: 3 0x8000d5d2 (0x00de7433) x 8 0x00000000
core   0: 0x8000d5d6 (0x032f29b3) mulhsu  s3, t5, s2
core   0: 3 0x8000d5d6 (0x032f29b3) x19 0x00000000
core   0: 0x8000d5da (0xfa9af793) andi    a5, s5, -87
core   0: 3 0x8000d5da (0xfa9af793) x15 0x80029ca0
core   0: 0x8000d5de (0x0000cb11) c.beqz  a4, pc + 20
core   0: 3 0x8000d5de (0xcb11)
core   0: 0x8000d5e0 (0x31172117) auipc   sp, 0x31172
core   0: 3 0x8000d5e0 (0x31172117) x 2 0xb117f5e0
core   0: 0x8000d5e4 (0x0000950a) c.add   a0, sp
core   0: 3 0x8000d5e4 (0x950a) x10 0xb117f5e1
core   0: 0x8000d5e6 (0x00363133) sltu    sp, a2, gp
core   0: 3 0x8000d5e6 (0x00363133) x 2 0x00000001
core   0: 0x8000d5ea (0x00000088) c.addi4spn a0, sp, 64
core   0: 3 0x8000d5ea (0x0088) x10 0x00000041
core   0: 0x8000d5ec (0x1c7d2213) slti    tp, s10, 455
core   0: 3 0x8000d5ec (0x1c7d2213) x 4 0x00000001
core   0: 0x8000d5f0 (0x00001d7d) c.addi  s10, -1
core   0: 3 0x8000d5f0 (0x1d7d) x26 0x80004e5b
core   0: 0x8000d5f2 (0x00000001) c.nop
core   0: 3 0x8000d5f2 (0x0001)
core   0: 0x8000d5f4 (0x403b5db3) sra     s11, s6, gp
core   0: 3 0x8000d5f4 (0x403b5db3) x27 0x00000000
core   0: 0x8000d5f8 (0x03ab1363) bne     s6, s10, pc + 38
core   0: 3 0x8000d5f8 (0x03ab1363)
core   0: 0x8000d61e (0x00008fa1) c.xor   a5, s0
core   0: 3 0x8000d61e (0x8fa1) x15 0x80029ca0
core   0: 0x8000d620 (0x00bc1563) bne     s8, a1, pc + 10
core   0: 3 0x8000d620 (0x00bc1563)
core   0: 0x8000d62a (0x0000169c) c.addi4spn a5, sp, 864
core   0: 3 0x8000d62a (0x169c) x15 0x00000361
core   0: 0x8000d62c (0x033c62b3) rem     t0, s8, s3
core   0: 3 0x8000d62c (0x033c62b3) x 5 0x81a77f5f
core   0: 0x8000d630 (0x00c9f263) bgeu    s3, a2, pc + 4
core   0: 3 0x8000d630 (0x00c9f263)
core   0: 0x8000d634 (0x0055b2b3) sltu    t0, a1, t0
core   0: 3 0x8000d634 (0x0055b2b3) x 5 0x00000001
core   0: 0x8000d638 (0x09dcb313) sltiu   t1, s9, 157
core   0: 3 0x8000d638 (0x09dcb313) x 6 0x00000001
core   0: 0x8000d63c (0x009d9b93) slli    s7, s11, 9
core   0: 3 0x8000d63c (0x009d9b93) x23 0x00000000
core   0: 0x8000d640 (0x0f4b6f13) ori     t5, s6, 244
core   0: 3 0x8000d640 (0x0f4b6f13) x30 0x000000f4
core   0: 0x8000d644 (0x00008d31) c.xor   a0, a2
core   0: 3 0x8000d644 (0x8d31) x10 0x00000041
core   0: 0x8000d646 (0x00008f89) c.sub   a5, a0
core   0: 3 0x8000d646 (0x8f89) x15 0x00000320
core   0: 0x8000d648 (0x001f82b3) add     t0, t6, ra
core   0: 3 0x8000d648 (0x001f82b3) x 5 0x800260f5
core   0: 0x8000d64c (0x00000001) c.nop
core   0: 3 0x8000d64c (0x0001)
core   0: 0x8000d64e (0x00761c13) slli    s8, a2, 7
core   0: 3 0x8000d64e (0x00761c13) x24 0x00000000
core   0: 0x8000d652 (0x00006171) c.addi16sp sp, 336
core   0: 3 0x8000d652 (0x6171) x 2 0x00000151
core   0: 0x8000d654 (0x003477b3) and     a5, s0, gp
core   0: 3 0x8000d654 (0x003477b3) x15 0x00000000
core   0: 0x8000d658 (0x0000717d) c.addi16sp sp, -16
core   0: 3 0x8000d658 (0x717d) x 2 0x00000141
core   0: 0x8000d65a (0x00000a9c) c.addi4spn a5, sp, 336
core   0: 3 0x8000d65a (0x0a9c) x15 0x00000291
core   0: 0x8000d65c (0x02cfc663) blt     t6, a2, pc + 44
core   0: 3 0x8000d65c (0x02cfc663)
core   0: 0x8000d688 (0x00008d2d) c.xor   a0, a1
core   0: 3 0x8000d688 (0x8d2d) x10 0x01a73142
core   0: 0x8000d68a (0x41b95e13) srai    t3, s2, 27
core   0: 3 0x8000d68a (0x41b95e13) x28 0xffffffff
core   0: 0x8000d68e (0x02f988b3) mul     a7, s3, a5
core   0: 3 0x8000d68e (0x02f988b3) x17 0x00000000
core   0: 0x8000d692 (0x00006771) c.lui   a4, 0x1c
core   0: 3 0x8000d692 (0x6771) x14 0x0001c000
core   0: 0x8000d694 (0x00001114) c.addi4spn a3, sp, 160
core   0: 3 0x8000d694 (0x1114) x13 0x000001e1
core   0: 0x8000d696 (0x038356b3) divu    a3, t1, s8
core   0: 3 0x8000d696 (0x038356b3) x13 0xffffffff
core   0: 0x8000d69a (0x00008f65) c.and   a4, s1
core   0: 3 0x8000d69a (0x8f65) x14 0x00000000
core   0: 0x8000d69c (0x000008fa) c.slli  a7, 30
core   0: 3 0x8000d69c (0x08fa) x17 0x00000000
core   0: 0x8000d69e (0x00000001) c.nop
core   0: 3 0x8000d69e (0x0001)
core   0: 0x8000d6a0 (0xf4468513) addi    a0, a3, -188
core   0: 3 0x8000d6a0 (0xf4468513) x10 0xffffff43
core   0: 0x8000d6a4 (0x01e79993) slli    s3, a5, 30
core   0: 3 0x8000d6a4 (0x01e79993) x19 0x40000000
core   0: 0x8000d6a8 (0x02540233) mul     tp, s0, t0
core   0: 3 0x8000d6a8 (0x02540233) x 4 0x00000000
core   0: 0x8000d6ac (0x023a8a63) beq     s5, gp, pc + 52
core   0: 3 0x8000d6ac (0x023a8a63)
core   0: 0x8000d6b0 (0x0000717d) c.addi16sp sp, -16
core   0: 3 0x8000d6b0 (0x717d) x 2 0x00000131
core   0: 0x8000d6b2 (0x0000613d) c.addi16sp sp, 480
core   0: 3 0x8000d6b2 (0x613d) x 2 0x00000311
core   0: 0x8000d6b4 (0xada34e17) auipc   t3, 0xada34
core   0: 3 0x8000d6b4 (0xada34e17) x28 0x2da416b4
core   0: 0x8000d6b8 (0x00008e61) c.and   a2, s0
core   0: 3 0x8000d6b8 (0x8e61) x12 0x00000000
core   0: 0x8000d6ba (0x0000017d) c.addi  sp, 31
core   0: 3 0x8000d6ba (0x017d) x 2 0x00000330
core   0: 0x8000d6bc (0x0281a833) mulhsu  a6, gp, s0
core   0: 3 0x8000d6bc (0x0281a833) x16 0x00000000
core   0: 0x8000d6c0 (0x02c7b033) mulhu   zero, a5, a2
core   0: 3 0x8000d6c0 (0x02c7b033)
core   0: 0x8000d6c4 (0x4001dc93) srai    s9, gp, 0
core   0: 3 0x8000d6c4 (0x4001dc93) x25 0x01a7339b
core   0: 0x8000d6c8 (0x0000e499) c.bnez  s1, pc + 14
core   0: 3 0x8000d6c8 (0xe499)
core   0: 0x8000d6ca (0x000040b5) c.li    ra, 13
core   0: 3 0x8000d6ca (0x40b5) x 1 0x0000000d
core   0: 0x8000d6cc (0x40f10e33) sub     t3, sp, a5
core   0: 3 0x8000d6cc (0x40f10e33) x28 0x0000009f
core   0: 0x8000d6d0 (0x00000001) c.nop
core   0: 3 0x8000d6d0 (0x0001)
core   0: 0x8000d6d2 (0x02498db3) mul     s11, s3, tp
core   0: 3 0x8000d6d2 (0x02498db3) x27 0x00000000
core   0: 0x8000d6d6 (0x0139d913) srli    s2, s3, 19
core   0: 3 0x8000d6d6 (0x0139d913) x18 0x00000800
core   0: 0x8000d6da (0x0000895e) c.mv    s2, s7
core   0: 3 0x8000d6da (0x895e) x18 0x00000000
core   0: 0x8000d6dc (0x02165533) divu    a0, a2, ra
core   0: 3 0x8000d6dc (0x02165533) x10 0x00000000
core   0: 0x8000d6e0 (0x0000e601) c.bnez  a2, pc + 8
core   0: 3 0x8000d6e0 (0xe601)
core   0: 0x8000d6e2 (0x00008f3d) c.xor   a4, a5
core   0: 3 0x8000d6e2 (0x8f3d) x14 0x00000291
core   0: 0x8000d6e4 (0x035e1363) bne     t3, s5, pc + 38
core   0: 3 0x8000d6e4 (0x035e1363)
core   0: 0x8000d70a (0xff52e993) ori     s3, t0, -11
core   0: 3 0x8000d70a (0xff52e993) x19 0xfffffff5
core   0: 0x8000d70e (0x404007b3) sub     a5, zero, tp
core   0: 3 0x8000d70e (0x404007b3) x15 0x00000000
core   0: 0x8000d712 (0x02053eb3) mulhu   t4, a0, zero
core   0: 3 0x8000d712 (0x02053eb3) x29 0x00000000
core   0: 0x8000d716 (0x0022aeb3) slt     t4, t0, sp
core   0: 3 0x8000d716 (0x0022aeb3) x29 0x00000001
core   0: 0x8000d71a (0x02e85163) bge     a6, a4, pc + 34
core   0: 3 0x8000d71a (0x02e85163)
core   0: 0x8000d71e (0x41410bb3) sub     s7, sp, s4
core   0: 3 0x8000d71e (0x41410bb3) x23 0x00000331
core   0: 0x8000d722 (0x00008c39) c.xor   s0, a4
core   0: 3 0x8000d722 (0x8c39) x 8 0x00000291
core   0: 0x8000d724 (0x40b051b3) sra     gp, zero, a1
core   0: 3 0x8000d724 (0x40b051b3) x 3 0x00000000
core   0: 0x8000d728 (0x00008d45) c.or    a0, s1
core   0: 3 0x8000d728 (0x8d45) x10 0x00000000
core   0: 0x8000d72a (0x03668933) mul     s2, a3, s6
core   0: 3 0x8000d72a (0x03668933) x18 0x00000000
core   0: 0x8000d72e (0x03e08363) beq     ra, t5, pc + 38
core   0: 3 0x8000d72e (0x03e08363)
core   0: 0x8000d732 (0x0ff44d93) xori    s11, s0, 255
core   0: 3 0x8000d732 (0x0ff44d93) x27 0x0000026e
core   0: 0x8000d736 (0x000098fd) c.andi  s1, -1
core   0: 3 0x8000d736 (0x98fd) x 9 0x00000000
core   0: 0x8000d738 (0x00ccfbb3) and     s7, s9, a2
core   0: 3 0x8000d738 (0x00ccfbb3) x23 0x00000000
core   0: 0x8000d73c (0x00c88d63) beq     a7, a2, pc + 26
core   0: 3 0x8000d73c (0x00c88d63)
core   0: 0x8000d756 (0x0000e305) c.bnez  a4, pc + 32
core   0: 3 0x8000d756 (0xe305)
core   0: 0x8000d776 (0x01bb8433) add     s0, s7, s11
core   0: 3 0x8000d776 (0x01bb8433) x 8 0x0000026e
core   0: 0x8000d77a (0x0000717d) c.addi16sp sp, -16
core   0: 3 0x8000d77a (0x717d) x 2 0x00000320
core   0: 0x8000d77c (0x02612933) mulhsu  s2, sp, t1
core   0: 3 0x8000d77c (0x02612933) x18 0x00000000
core   0: 0x8000d780 (0x00008ca9) c.xor   s1, a0
core   0: 3 0x8000d780 (0x8ca9) x 9 0x00000000
core   0: 0x8000d782 (0x000c1193) slli    gp, s8, 0
core   0: 3 0x8000d782 (0x000c1193) x 3 0x00000000
core   0: 0x8000d786 (0x6ea3e313) ori     t1, t2, 1770
core   0: 3 0x8000d786 (0x6ea3e313) x 6 0x80025efe
core   0: 0x8000d78a (0x033b1bb3) mulh    s7, s6, s3
core   0: 3 0x8000d78a (0x033b1bb3) x23 0x00000000
core   0: 0x8000d78e (0x0315bdb3) mulhu   s11, a1, a7
core   0: 3 0x8000d78e (0x0315bdb3) x27 0x00000000
core   0: 0x8000d792 (0x025c44b3) div     s1, s8, t0
core   0: 3 0x8000d792 (0x025c44b3) x 9 0x00000000
core   0: 0x8000d796 (0x010bf963) bgeu    s7, a6, pc + 18
core   0: 3 0x8000d796 (0x010bf963)
core   0: 0x8000d7a8 (0x00000b18) c.addi4spn a4, sp, 400
core   0: 3 0x8000d7a8 (0x0b18) x14 0x000004b0
core   0: 0x8000d7aa (0x378a0213) addi    tp, s4, 888
core   0: 3 0x8000d7aa (0x378a0213) x 4 0x00000377
core   0: 0x8000d7ae (0x00008e41) c.or    a2, s0
core   0: 3 0x8000d7ae (0x8e41) x12 0x0000026e
core   0: 0x8000d7b0 (0x0244b233) mulhu   tp, s1, tp
core   0: 3 0x8000d7b0 (0x0244b233) x 4 0x00000000
core   0: 0x8000d7b4 (0x40165e13) srai    t3, a2, 1
core   0: 3 0x8000d7b4 (0x40165e13) x28 0x00000137
core   0: 0x8000d7b8 (0x404bdcb3) sra     s9, s7, tp
core   0: 3 0x8000d7b8 (0x404bdcb3) x25 0x00000000
core   0: 0x8000d7bc (0x00211693) slli    a3, sp, 2
core   0: 3 0x8000d7bc (0x00211693) x13 0x00000c80
core   0: 0x8000d7c0 (0x028c22b3) mulhsu  t0, s8, s0
core   0: 3 0x8000d7c0 (0x028c22b3) x 5 0x00000000
core   0: 0x8000d7c4 (0xbf46c813) xori    a6, a3, -1036
core   0: 3 0x8000d7c4 (0xbf46c813) x16 0xfffff774
core   0: 0x8000d7c8 (0x00c0f133) and     sp, ra, a2
core   0: 3 0x8000d7c8 (0x00c0f133) x 2 0x0000000c
core   0: 0x8000d7cc (0xcd2fe893) ori     a7, t6, -814
core   0: 3 0x8000d7cc (0xcd2fe893) x17 0xfffffedb
core   0: 0x8000d7d0 (0x02723333) mulhu   t1, tp, t2
core   0: 3 0x8000d7d0 (0x02723333) x 6 0x00000000
core   0: 0x8000d7d4 (0x404d5b93) srai    s7, s10, 4
core   0: 3 0x8000d7d4 (0x404d5b93) x23 0xf80004e5
core   0: 0x8000d7d8 (0xd6650297) auipc   t0, 0xd6650
core   0: 3 0x8000d7d8 (0xd6650297) x 5 0x5665d7d8
core   0: 0x8000d7dc (0x03f9ed63) bltu    s3, t6, pc + 58
core   0: 3 0x8000d7dc (0x03f9ed63)
core   0: 0x8000d7e0 (0x91ee6993) ori     s3, t3, -1762
core   0: 3 0x8000d7e0 (0x91ee6993) x19 0xfffff93f
core   0: 0x8000d7e4 (0x038a7c33) remu    s8, s4, s8
core   0: 3 0x8000d7e4 (0x038a7c33) x24 0xffffffff
core   0: 0x8000d7e8 (0xc1057213) andi    tp, a0, -1008
core   0: 3 0x8000d7e8 (0xc1057213) x 4 0x00000000
core   0: 0x8000d7ec (0x022c04b3) mul     s1, s8, sp
core   0: 3 0x8000d7ec (0x022c04b3) x 9 0xfffffff4
core   0: 0x8000d7f0 (0x0105f233) and     tp, a1, a6
core   0: 3 0x8000d7f0 (0x0105f233) x 4 0x01a73100
core   0: 0x8000d7f4 (0x73758e93) addi    t4, a1, 1847
core   0: 3 0x8000d7f4 (0x73758e93) x29 0x01a7383a
core   0: 0x8000d7f8 (0x0000100f) fence.i
core   0: 3 0x8000d7f8 (0x0000100f)
core   0: 0x8000d7fc (0x0000cf05) c.beqz  a4, pc + 56
core   0: 3 0x8000d7fc (0xcf05)
core   0: 0x8000d7fe (0x00008ee5) c.and   a3, s1
core   0: 3 0x8000d7fe (0x8ee5) x13 0x00000c80
core   0: 0x8000d800 (0x05d77363) bgeu    a4, t4, pc + 70
core   0: 3 0x8000d800 (0x05d77363)
core   0: 0x8000d804 (0x0016de13) srli    t3, a3, 1
core   0: 3 0x8000d804 (0x0016de13) x28 0x00000640
core   0: 0x8000d808 (0x0000717d) c.addi16sp sp, -16
core   0: 3 0x8000d808 (0x717d) x 2 0xfffffffc
core   0: 0x8000d80a (0x31118f93) addi    t6, gp, 785
core   0: 3 0x8000d80a (0x31118f93) x31 0x00000311
core   0: 0x8000d80e (0x00da24b3) slt     s1, s4, a3
core   0: 3 0x8000d80e (0x00da24b3) x 9 0x00000001
core   0: 0x8000d812 (0x41118f33) sub     t5, gp, a7
core   0: 3 0x8000d812 (0x41118f33) x30 0x00000125
core   0: 0x8000d816 (0x000088c6) c.mv    a7, a7
core   0: 3 0x8000d816 (0x88c6) x17 0xfffffedb
core   0: 0x8000d818 (0xa5942f93) slti    t6, s0, -1447
core   0: 3 0x8000d818 (0xa5942f93) x31 0x00000000
core   0: 0x8000d81c (0x0000e10d) c.bnez  a0, pc + 34
core   0: 3 0x8000d81c (0xe10d)
core   0: 0x8000d81e (0x003ab933) sltu    s2, s5, gp
core   0: 3 0x8000d81e (0x003ab933) x18 0x00000000
core   0: 0x8000d822 (0x0000e085) c.bnez  s1, pc + 32
core   0: 3 0x8000d822 (0xe085)
core   0: 0x8000d842 (0x414184b3) sub     s1, gp, s4
core   0: 3 0x8000d842 (0x414184b3) x 9 0x00000001
core   0: 0x8000d846 (0x0175a433) slt     s0, a1, s7
core   0: 3 0x8000d846 (0x0175a433) x 8 0x00000000
core   0: 0x8000d84a (0x0000547d) c.li    s0, -1
core   0: 3 0x8000d84a (0x547d) x 8 0xffffffff
core   0: 0x8000d84c (0x03ad6063) bltu    s10, s10, pc + 32
core   0: 3 0x8000d84c (0x03ad6063)
core   0: 0x8000d850 (0x03a7fbb3) remu    s7, a5, s10
core   0: 3 0x8000d850 (0x03a7fbb3) x23 0x00000000
core   0: 0x8000d854 (0x0000c01d) c.beqz  s0, pc + 38
core   0: 3 0x8000d854 (0xc01d)
core   0: 0x8000d856 (0x016f98b3) sll     a7, t6, s6
core   0: 3 0x8000d856 (0x016f98b3) x17 0x00000000
core   0: 0x8000d85a (0x00250563) beq     a0, sp, pc + 10
core   0: 3 0x8000d85a (0x00250563)
core   0: 0x8000d85e (0x0000078a) c.slli  a5, 2
core   0: 3 0x8000d85e (0x078a) x15 0x00000000
core   0: 0x8000d860 (0x00008e29) c.xor   a2, a0
core   0: 3 0x8000d860 (0x8e29) x12 0x0000026e
core   0: 0x8000d862 (0x00001e04) c.addi4spn s1, sp, 816
core   0: 3 0x8000d862 (0x1e04) x 9 0x0000032c
core   0: 0x8000d864 (0x03af1fb3) mulh    t6, t5, s10
core   0: 3 0x8000d864 (0x03af1fb3) x31 0xffffff6d
core   0: 0x8000d868 (0x4d39e093) ori     ra, s3, 1235
core   0: 3 0x8000d868 (0x4d39e093) x 1 0xfffffdff
core   0: 0x8000d86c (0x032a5933) divu    s2, s4, s2
core   0: 3 0x8000d86c (0x032a5933) x18 0xffffffff
core   0: 0x8000d870 (0x03157063) bgeu    a0, a7, pc + 32
core   0: 3 0x8000d870 (0x03157063)
core   0: 0x8000d890 (0x00004609) c.li    a2, 2
core   0: 3 0x8000d890 (0x4609) x12 0x00000002
core   0: 0x8000d892 (0x9ae24513) xori    a0, tp, -1618
core   0: 3 0x8000d892 (0x9ae24513) x10 0xfe58c8ae
core   0: 0x8000d896 (0xb66ef213) andi    tp, t4, -1178
core   0: 3 0x8000d896 (0xb66ef213) x 4 0x01a73822
core   0: 0x8000d89a (0x013ad633) srl     a2, s5, s3
core   0: 3 0x8000d89a (0x013ad633) x12 0x00000001
core   0: 0x8000d89e (0x00008f79) c.and   a4, a4
core   0: 3 0x8000d89e (0x8f79) x14 0x000004b0
core   0: 0x8000d8a0 (0x00f708b3) add     a7, a4, a5
core   0: 3 0x8000d8a0 (0x00f708b3) x17 0x000004b0
core   0: 0x8000d8a4 (0x00008bdd) c.andi  a5, 23
core   0: 3 0x8000d8a4 (0x8bdd) x15 0x00000000
core   0: 0x8000d8a6 (0x028af363) bgeu    s5, s0, pc + 38
core   0: 3 0x8000d8a6 (0x028af363)
core   0: 0x8000d8aa (0x0193df13) srli    t5, t2, 25
core   0: 3 0x8000d8aa (0x0193df13) x30 0x00000040
core   0: 0x8000d8ae (0x02268a33) mul     s4, a3, sp
core   0: 3 0x8000d8ae (0x02268a33) x20 0xffffce00
core   0: 0x8000d8b2 (0x03ee66b3) rem     a3, t3, t5
core   0: 3 0x8000d8b2 (0x03ee66b3) x13 0x00000000
core   0: 0x8000d8b6 (0x00744db3) xor     s11, s0, t2
core   0: 3 0x8000d8b6 (0x00744db3) x27 0x7ffda1a3
core   0: 0x8000d8ba (0xee056993) ori     s3, a0, -288
core   0: 3 0x8000d8ba (0xee056993) x19 0xfffffeee
core   0: 0x8000d8be (0x13756513) ori     a0, a0, 311
core   0: 3 0x8000d8be (0x13756513) x10 0xfe58c9bf
core   0: 0x8000d8c2 (0x00008ea1) c.xor   a3, s0
core   0: 3 0x8000d8c2 (0x8ea1) x13 0xffffffff
core   0: 0x8000d8c4 (0x01594663) blt     s2, s5, pc + 12
core   0: 3 0x8000d8c4 (0x01594663)
core   0: 0x8000d8c8 (0x01c15d33) srl     s10, sp, t3
core   0: 3 0x8000d8c8 (0x01c15d33) x26 0xfffffffc
core   0: 0x8000d8cc (0x00245433) srl     s0, s0, sp
core   0: 3 0x8000d8cc (0x00245433) x 8 0x0000000f
core   0: 0x8000d8d0 (0x000046a5) c.li    a3, 9
core   0: 3 0x8000d8d0 (0x46a5) x13 0x00000009
core   0: 0x8000d8d2 (0x0ff0000f) fence   iorw,iorw
core   0: 3 0x8000d8d2 (0x0ff0000f)
core   0: 0x8000d8d6 (0x00009bfd) c.andi  a5, -1
core   0: 3 0x8000d8d6 (0x9bfd) x15 0x00000000
core   0: 0x8000d8d8 (0x019c1313) slli    t1, s8, 25
core   0: 3 0x8000d8d8 (0x019c1313) x 6 0xfe000000
core   0: 0x8000d8dc (0x000001f1) c.addi  gp, 28
core   0: 3 0x8000d8dc (0x01f1) x 3 0x0000001c
core   0: 0x8000d8de (0x0000039c) c.addi4spn a5, sp, 448
core   0: 3 0x8000d8de (0x039c) x15 0x000001bc
core   0: 0x8000d8e0 (0x11beac93) slti    s9, t4, 283
core   0: 3 0x8000d8e0 (0x11beac93) x25 0x00000000
core   0: 0x8000d8e4 (0x00000fd2) c.slli  t6, 20
core   0: 3 0x8000d8e4 (0x0fd2) x31 0xf6d00000
core   0: 0x8000d8e6 (0x00004ed1) c.li    t4, 20
core   0: 3 0x8000d8e6 (0x4ed1) x29 0x00000014
core   0: 0x8000d8e8 (0x0178a8b3) slt     a7, a7, s7
core   0: 3 0x8000d8e8 (0x0178a8b3) x17 0x00000000
core   0: 0x8000d8ec (0x02a7cdb3) div     s11, a5, a0
core   0: 3 0x8000d8ec (0x02a7cdb3) x27 0x00000000
core   0: 0x8000d8f0 (0x00008d45) c.or    a0, s1
core   0: 3 0x8000d8f0 (0x8d45) x10 0xfe58cbbf
core   0: 0x8000d8f2 (0x400d5113) srai    sp, s10, 0
core   0: 3 0x8000d8f2 (0x400d5113) x 2 0xfffffffc
core   0: 0x8000d8f6 (0x412657b3) sra     a5, a2, s2
core   0: 3 0x8000d8f6 (0x412657b3) x15 0x00000000
core   0: 0x8000d8fa (0x00000b6d) c.addi  s6, 27
core   0: 3 0x8000d8fa (0x0b6d) x22 0x0000001b
core   0: 0x8000d8fc (0x01defb33) and     s6, t4, t4
core   0: 3 0x8000d8fc (0x01defb33) x22 0x00000014
core   0: 0x8000d900 (0x00008395) c.srli  a5, 5
core   0: 3 0x8000d900 (0x8395) x15 0x00000000
core   0: 0x8000d902 (0x629f5837) lui     a6, 0x629f5
core   0: 3 0x8000d902 (0x629f5837) x16 0x629f5000
core   0: 0x8000d906 (0x0000e39d) c.bnez  a5, pc + 38
core   0: 3 0x8000d906 (0xe39d)
core   0: 0x8000d908 (0x004c8f63) beq     s9, tp, pc + 30
core   0: 3 0x8000d908 (0x004c8f63)
core   0: 0x8000d90c (0x40955233) sra     tp, a0, s1
core   0: 3 0x8000d90c (0x40955233) x 4 0xffffe58c
core   0: 0x8000d910 (0x00008fb1) c.xor   a5, a2
core   0: 3 0x8000d910 (0x8fb1) x15 0x00000001
core   0: 0x8000d912 (0x00009e5a) c.add   t3, s6
core   0: 3 0x8000d912 (0x9e5a) x28 0x00000654
core   0: 0x8000d914 (0x00000da2) c.slli  s11, 8
core   0: 3 0x8000d914 (0x0da2) x27 0x00000000
core   0: 0x8000d916 (0x4064dd13) srai    s10, s1, 6
core   0: 3 0x8000d916 (0x4064dd13) x26 0x0000000c
core   0: 0x8000d91a (0x00e1fcb3) and     s9, gp, a4
core   0: 3 0x8000d91a (0x00e1fcb3) x25 0x00000010
core   0: 0x8000d91e (0x00c64533) xor     a0, a2, a2
core   0: 3 0x8000d91e (0x00c64533) x10 0x00000000
core   0: 0x8000d922 (0x02e2d7b3) divu    a5, t0, a4
core   0: 3 0x8000d922 (0x02e2d7b3) x15 0x00126e79
core   0: 0x8000d926 (0x0476c363) blt     a3, t2, pc + 70
core   0: 3 0x8000d926 (0x0476c363)
core   0: 0x8000d92a (0x00008a6d) c.andi  a2, 27
core   0: 3 0x8000d92a (0x8a6d) x12 0x00000001
core   0: 0x8000d92c (0x031c6eb3) rem     t4, s8, a7
core   0: 3 0x8000d92c (0x031c6eb3) x29 0xffffffff
core   0: 0x8000d930 (0x0155c333) xor     t1, a1, s5
core   0: 3 0x8000d930 (0x0155c333) x 6 0x81a5ade7
core   0: 0x8000d934 (0x029e7463) bgeu    t3, s1, pc + 40
core   0: 3 0x8000d934 (0x029e7463)
core   0: 0x8000d95c (0x00000001) c.nop
core   0: 3 0x8000d95c (0x0001)
core   0: 0x8000d95e (0x0ff0000f) fence   iorw,iorw
core   0: 3 0x8000d95e (0x0ff0000f)
core   0: 0x8000d962 (0x00729fb3) sll     t6, t0, t2
core   0: 3 0x8000d962 (0x00729fb3) x31 0x80000000
core   0: 0x8000d966 (0xe86afc13) andi    s8, s5, -378
core   0: 3 0x8000d966 (0xe86afc13) x24 0x80029c84
core   0: 0x8000d96a (0x00008d75) c.and   a0, a3
core   0: 3 0x8000d96a (0x8d75) x10 0x00000000
core   0: 0x8000d96c (0x0000517d) c.li    sp, -1
core   0: 3 0x8000d96c (0x517d) x 2 0xffffffff
core   0: 0x8000d96e (0x0ff0000f) fence   iorw,iorw
core   0: 3 0x8000d96e (0x0ff0000f)
core   0: 0x8000d972 (0x00008d0d) c.sub   a0, a1
core   0: 3 0x8000d972 (0x8d0d) x10 0xfe58cefd
core   0: 0x8000d974 (0x00000001) c.nop
core   0: 3 0x8000d974 (0x0001)
core   0: 0x8000d976 (0x022c9f33) mulh    t5, s9, sp
core   0: 3 0x8000d976 (0x022c9f33) x30 0xffffffff
core   0: 0x8000d97a (0x0ff0000f) fence   iorw,iorw
core   0: 3 0x8000d97a (0x0ff0000f)
core   0: 0x8000d97e (0x0189a1b3) slt     gp, s3, s8
core   0: 3 0x8000d97e (0x0189a1b3) x 3 0x00000000
core   0: 0x8000d982 (0x000094c6) c.add   s1, a7
core   0: 3 0x8000d982 (0x94c6) x 9 0x0000032c
core   0: 0x8000d984 (0x0000e08d) c.bnez  s1, pc + 34
core   0: 3 0x8000d984 (0xe08d)
core   0: 0x8000d9a6 (0xb4d33413) sltiu   s0, t1, -1203
core   0: 3 0x8000d9a6 (0xb4d33413) x 8 0x00000001
core   0: 0x8000d9aa (0x00008d65) c.and   a0, s1
core   0: 3 0x8000d9aa (0x8d65) x10 0x0000022c
core   0: 0x8000d9ac (0x028336b3) mulhu   a3, t1, s0
core   0: 3 0x8000d9ac (0x028336b3) x13 0x00000000
core   0: 0x8000d9b0 (0x41585e93) srai    t4, a6, 21
core   0: 3 0x8000d9b0 (0x41585e93) x29 0x00000314
core   0: 0x8000d9b4 (0xee23e313) ori     t1, t2, -286
core   0: 3 0x8000d9b4 (0xee23e313) x 6 0xfffffefe
core   0: 0x8000d9b8 (0x00ba7f63) bgeu    s4, a1, pc + 30
core   0: 3 0x8000d9b8 (0x00ba7f63)
core   0: 0x8000d9d6 (0x02665e33) divu    t3, a2, t1
core   0: 3 0x8000d9d6 (0x02665e33) x28 0x00000000
core   0: 0x8000d9da (0x0000064d) c.addi  a2, 19
core   0: 3 0x8000d9da (0x064d) x12 0x00000014
core   0: 0x8000d9dc (0x00006415) c.lui   s0, 0x5
core   0: 3 0x8000d9dc (0x6415) x 8 0x00005000
core   0: 0x8000d9de (0x00000612) c.slli  a2, 4
core   0: 3 0x8000d9de (0x0612) x12 0x00000140
core   0: 0x8000d9e0 (0x0000e409) c.bnez  s0, pc + 10
core   0: 3 0x8000d9e0 (0xe409)
core   0: 0x8000d9ea (0x024891b3) mulh    gp, a7, tp
core   0: 3 0x8000d9ea (0x024891b3) x 3 0x00000000
core   0: 0x8000d9ee (0x007b1d93) slli    s11, s6, 7
core   0: 3 0x8000d9ee (0x007b1d93) x27 0x00000a00
core   0: 0x8000d9f2 (0xb728cf93) xori    t6, a7, -1166
core   0: 3 0x8000d9f2 (0xb728cf93) x31 0xfffffb72
core   0: 0x8000d9f6 (0x0190ed63) bltu    ra, s9, pc + 26
core   0: 3 0x8000d9f6 (0x0190ed63)
core   0: 0x8000d9fa (0x0329cb63) blt     s3, s2, pc + 54
core   0: 3 0x8000d9fa (0x0329cb63)
core   0: 0x8000da30 (0x02879fb3) mulh    t6, a5, s0
core   0: 3 0x8000da30 (0x02879fb3) x31 0x00000005
core   0: 0x8000da34 (0x00008d05) c.sub   a0, s1
core   0: 3 0x8000da34 (0x8d05) x10 0xffffff00
core   0: 0x8000da36 (0x0000610d) c.addi16sp sp, 160
core   0: 3 0x8000da36 (0x610d) x 2 0x0000009f
core   0: 0x8000da38 (0x4a8e7893) andi    a7, t3, 1192
core   0: 3 0x8000da38 (0x4a8e7893) x17 0x00000000
core   0: 0x8000da3c (0x00008f25) c.xor   a4, s1
core   0: 3 0x8000da3c (0x8f25) x14 0x0000079c
core   0: 0x8000da3e (0x00008d79) c.and   a0, a4
core   0: 3 0x8000da3e (0x8d79) x10 0x00000700
core   0: 0x8000da40 (0x00008ce9) c.and   s1, a0
core   0: 3 0x8000da40 (0x8ce9) x 9 0x00000300
core   0: 0x8000da42 (0x00a252b3) srl     t0, tp, a0
core   0: 3 0x8000da42 (0x00a252b3) x 5 0xffffe58c
core   0: 0x8000da46 (0x00006d09) c.lui   s10, 0x2
core   0: 3 0x8000da46 (0x6d09) x26 0x00002000
core   0: 0x8000da48 (0x00008c8d) c.sub   s1, a1
core   0: 3 0x8000da48 (0x8c8d) x 9 0xfe58d1fd
core   0: 0x8000da4a (0x0248b333) mulhu   t1, a7, tp
core   0: 3 0x8000da4a (0x0248b333) x 6 0x00000000
core   0: 0x8000da4e (0x00006171) c.addi16sp sp, 336
core   0: 3 0x8000da4e (0x6171) x 2 0x000001ef
core   0: 0x8000da50 (0x01055993) srli    s3, a0, 16
core   0: 3 0x8000da50 (0x01055993) x19 0x00000000
core   0: 0x8000da54 (0x027eafb3) mulhsu  t6, t4, t2
core   0: 3 0x8000da54 (0x027eafb3) x31 0x0000018a
core   0: 0x8000da58 (0x000002ee) c.slli  t0, 27
core   0: 3 0x8000da58 (0x02ee) x 5 0x60000000
core   0: 0x8000da5a (0x0000c517) auipc   a0, 0xc
core   0: 3 0x8000da5a (0x0000c517) x10 0x80019a5a
core   0: 0x8000da5e (0xc9750513) addi    a0, a0, -873
core   0: 3 0x8000da5e (0xc9750513) x10 0x800196f1
core   0: 0x8000da62 (0xff951ba3) sh      s9, -9(a0)
core   0: 3 0x8000da62 (0xff951ba3) mem 0x800196e8 0x0010
core   0: 0x8000da66 (0x02d6ebb3) rem     s7, a3, a3
core   0: 3 0x8000da66 (0x02d6ebb3) x23 0x00000000
core   0: 0x8000da6a (0x039c8bb3) mul     s7, s9, s9
core   0: 3 0x8000da6a (0x039c8bb3) x23 0x00000100
core   0: 0x8000da6e (0x2debfb93) andi    s7, s7, 734
core   0: 3 0x8000da6e (0x2debfb93) x23 0x00000000
core   0: 0x8000da72 (0x01e50e23) sb      t5, 28(a0)
core   0: 3 0x8000da72 (0x01e50e23) mem 0x8001970d 0xff
core   0: 0x8000da76 (0xff555b83) lhu     s7, -11(a0)
core   0: 3 0x8000da76 (0xff555b83) x23 0x00000000 mem 0x800196e6
core   0: 0x8000da7a (0x01950a23) sb      s9, 20(a0)
core   0: 3 0x8000da7a (0x01950a23) mem 0x80019705 0x10
core   0: 0x8000da7e (0x000006fd) c.addi  a3, 31
core   0: 3 0x8000da7e (0x06fd) x13 0x0000001f
core   0: 0x8000da80 (0xa2abcf13) xori    t5, s7, -1494
core   0: 3 0x8000da80 (0xa2abcf13) x30 0xfffffa2a
core   0: 0x8000da84 (0x400d5c93) srai    s9, s10, 0
core   0: 3 0x8000da84 (0x400d5c93) x25 0x00002000
core   0: 0x8000da88 (0xfd9514a3) sh      s9, -55(a0)
core   0: 3 0x8000da88 (0xfd9514a3) mem 0x800196ba 0x2000
core   0: 0x8000da8c (0x037bff33) remu    t5, s7, s7
core   0: 3 0x8000da8c (0x037bff33) x30 0x00000000
core   0: 0x8000da90 (0x03ac8d33) mul     s10, s9, s10
core   0: 3 0x8000da90 (0x03ac8d33) x26 0x04000000
core   0: 0x8000da94 (0x000082e1) c.srli  a3, 24
core   0: 3 0x8000da94 (0x82e1) x13 0x00000000
core   0: 0x8000da96 (0x41e6dcb3) sra     s9, a3, t5
core   0: 3 0x8000da96 (0x41e6dcb3) x25 0x00000000
core   0: 0x8000da9a (0x00000f56) c.slli  t5, 21
core   0: 3 0x8000da9a (0x0f56) x30 0x00000000
core   0: 0x8000da9c (0x03e50723) sb      t5, 46(a0)
core   0: 3 0x8000da9c (0x03e50723) mem 0x8001971f 0x0
core   0: 0x8000daa0 (0x40df06b3) sub     a3, t5, a3
core   0: 3 0x8000daa0 (0x40df06b3) x13 0x00000000
core   0: 0x8000daa4 (0x6b5f2d13) slti    s10, t5, 1717
core   0: 3 0x8000daa4 (0x6b5f2d13) x26 0x00000001
core   0: 0x8000daa8 (0x039bbbb3) mulhu   s7, s7, s9
core   0: 3 0x8000daa8 (0x039bbbb3) x23 0x00000000
core   0: 0x8000daac (0x0000100f) fence.i
core   0: 3 0x8000daac (0x0000100f)
core   0: 0x8000dab0 (0x02254e03) lbu     t3, 34(a0)
core   0: 3 0x8000dab0 (0x02254e03) x28 0x00000000 mem 0x80019713
core   0: 0x8000dab4 (0x00b50683) lb      a3, 11(a0)
core   0: 3 0x8000dab4 (0x00b50683) x13 0x00000000 mem 0x800196fc
core   0: 0x8000dab8 (0xfca50b83) lb      s7, -54(a0)
core   0: 3 0x8000dab8 (0xfca50b83) x23 0x00000020 mem 0x800196bb
core   0: 0x8000dabc (0xfd250e03) lb      t3, -46(a0)
core   0: 3 0x8000dabc (0xfd250e03) x28 0x00000000 mem 0x800196c3
core   0: 0x8000dac0 (0x00006cfd) c.lui   s9, 0x1f
core   0: 3 0x8000dac0 (0x6cfd) x25 0x0001f000
core   0: 0x8000dac2 (0xde320d37) lui     s10, 0xde320
core   0: 3 0x8000dac2 (0xde320d37) x26 0xde320000
core   0: 0x8000dac6 (0x01550683) lb      a3, 21(a0)
core   0: 3 0x8000dac6 (0x01550683) x13 0x00000000 mem 0x80019706
core   0: 0x8000daca (0x00000001) c.nop
core   0: 3 0x8000daca (0x0001)
core   0: 0x8000dacc (0x41ed06b3) sub     a3, s10, t5
core   0: 3 0x8000dacc (0x41ed06b3) x13 0xde320000
core   0: 0x8000dad0 (0x03ef56b3) divu    a3, t5, t5
core   0: 3 0x8000dad0 (0x03ef56b3) x13 0xffffffff
core   0: 0x8000dad4 (0x00008e95) c.sub   a3, a3
core   0: 3 0x8000dad4 (0x8e95) x13 0x00000000
core   0: 0x8000dad6 (0x03af26b3) mulhsu  a3, t5, s10
core   0: 3 0x8000dad6 (0x03af26b3) x13 0x00000000
core   0: 0x8000dada (0x01150d03) lb      s10, 17(a0)
core   0: 3 0x8000dada (0x01150d03) x26 0x00000000 mem 0x80019702
core   0: 0x8000dade (0x00151f03) lh      t5, 1(a0)
core   0: 3 0x8000dade (0x00151f03) x30 0x00000000 mem 0x800196f2
core   0: 0x8000dae2 (0xfc151d03) lh      s10, -63(a0)
core   0: 3 0x8000dae2 (0xfc151d03) x26 0x00000000 mem 0x800196b2
core   0: 0x8000dae6 (0x00000e66) c.slli  t3, 25
core   0: 3 0x8000dae6 (0x0e66) x28 0x00000000
core   0: 0x8000dae8 (0x013f16b3) sll     a3, t5, s3
core   0: 3 0x8000dae8 (0x013f16b3) x13 0x00000000
core   0: 0x8000daec (0x03961e33) mulh    t3, a2, s9
core   0: 3 0x8000daec (0x03961e33) x28 0x00000000
core   0: 0x8000daf0 (0x02a29bb3) mulh    s7, t0, a0
core   0: 3 0x8000daf0 (0x02a29bb3) x23 0xd000989a
core   0: 0x8000daf4 (0xfaa231b7) lui     gp, 0xfaa23
core   0: 3 0x8000daf4 (0xfaa231b7) x 3 0xfaa23000
core   0: 0x8000daf8 (0x00000001) c.nop
core   0: 3 0x8000daf8 (0x0001)
core   0: 0x8000dafa (0x00000001) c.nop
core   0: 3 0x8000dafa (0x0001)
core   0: 0x8000dafc (0x00008f81) c.sub   a5, s0
core   0: 3 0x8000dafc (0x8f81) x15 0x00121e79
core   0: 0x8000dafe (0x00005efd) c.li    t4, -1
core   0: 3 0x8000dafe (0x5efd) x29 0xffffffff
core   0: 0x8000db00 (0x000001ea) c.slli  gp, 26
core   0: 3 0x8000db00 (0x01ea) x 3 0x00000000
core   0: 0x8000db02 (0x039779b3) remu    s3, a4, s9
core   0: 3 0x8000db02 (0x039779b3) x19 0x0000079c
core   0: 0x8000db06 (0x01be3933) sltu    s2, t3, s11
core   0: 3 0x8000db06 (0x01be3933) x18 0x00000001
core   0: 0x8000db0a (0xb279fbb7) lui     s7, 0xb279f
core   0: 3 0x8000db0a (0xb279fbb7) x23 0xb279f000
core   0: 0x8000db0e (0x00000001) c.nop
core   0: 3 0x8000db0e (0x0001)
core   0: 0x8000db10 (0xe30aec93) ori     s9, s5, -464
core   0: 3 0x8000db10 (0xe30aec93) x25 0xfffffef4
core   0: 0x8000db14 (0x5fd9eb13) ori     s6, s3, 1533
core   0: 3 0x8000db14 (0x5fd9eb13) x22 0x000007fd
core   0: 0x8000db18 (0x00008eb6) c.mv    t4, a3
core   0: 3 0x8000db18 (0x8eb6) x29 0x00000000
core   0: 0x8000db1a (0x404f8a33) sub     s4, t6, tp
core   0: 3 0x8000db1a (0x404f8a33) x20 0x00001bfe
core   0: 0x8000db1e (0x00862db3) slt     s11, a2, s0
core   0: 3 0x8000db1e (0x00862db3) x27 0x00000001
core   0: 0x8000db22 (0x000089ba) c.mv    s3, a4
core   0: 3 0x8000db22 (0x89ba) x19 0x0000079c
core   0: 0x8000db24 (0x05a29163) bne     t0, s10, pc + 66
core   0: 3 0x8000db24 (0x05a29163)
core   0: 0x8000db66 (0x022ac6b3) div     a3, s5, sp
core   0: 3 0x8000db66 (0x022ac6b3) x13 0xffbdceac
core   0: 0x8000db6a (0x03a5c4b3) div     s1, a1, s10
core   0: 3 0x8000db6a (0x03a5c4b3) x 9 0xffffffff
core   0: 0x8000db6e (0x0314c063) blt     s1, a7, pc + 32
core   0: 3 0x8000db6e (0x0314c063)
core   0: 0x8000db8e (0x025c0e63) beq     s8, t0, pc + 60
core   0: 3 0x8000db8e (0x025c0e63)
core   0: 0x8000db92 (0x03b25463) bge     tp, s11, pc + 40
core   0: 3 0x8000db92 (0x03b25463)
core   0: 0x8000db96 (0x03095133) divu    sp, s2, a6
core   0: 3 0x8000db96 (0x03095133) x 2 0x00000000
core   0: 0x8000db9a (0x00008a12) c.mv    s4, tp
core   0: 3 0x8000db9a (0x8a12) x20 0xffffe58c
core   0: 0x8000db9c (0x00001410) c.addi4spn a2, sp, 544
core   0: 3 0x8000db9c (0x1410) x12 0x00000220
core   0: 0x8000db9e (0x02f87e63) bgeu    a6, a5, pc + 60
core   0: 3 0x8000db9e (0x02f87e63)
core   0: 0x8000dbda (0x4baace93) xori    t4, s5, 1210
core   0: 3 0x8000dbda (0x4baace93) x29 0x8002985e
core   0: 0x8000dbde (0x01e79563) bne     a5, t5, pc + 10
core   0: 3 0x8000dbde (0x01e79563)
core   0: 0x8000dbe8 (0x83effa17) auipc   s4, 0x83eff
core   0: 3 0x8000dbe8 (0x83effa17) x20 0x03f0cbe8
core   0: 0x8000dbec (0x3f4a4713) xori    a4, s4, 1012
core   0: 3 0x8000dbec (0x3f4a4713) x14 0x03f0c81c
core   0: 0x8000dbf0 (0xdab61b17) auipc   s6, 0xdab61
core   0: 3 0x8000dbf0 (0xdab61b17) x22 0x5ab6ebf0
core   0: 0x8000dbf4 (0xc82e4113) xori    sp, t3, -894
core   0: 3 0x8000dbf4 (0xc82e4113) x 2 0xfffffc82
core   0: 0x8000dbf8 (0x96e76b13) ori     s6, a4, -1682
core   0: 3 0x8000dbf8 (0x96e76b13) x22 0xfffff97e
core   0: 0x8000dbfc (0x00009eaa) c.add   t4, a0
core   0: 3 0x8000dbfc (0x9eaa) x29 0x00042f4f
core   0: 0x8000dbfe (0x03407eb3) remu    t4, zero, s4
core   0: 3 0x8000dbfe (0x03407eb3) x29 0x00000000
core   0: 0x8000dc02 (0x00200633) add     a2, zero, sp
core   0: 3 0x8000dc02 (0x00200633) x12 0xfffffc82
core   0: 0x8000dc06 (0x419a5693) srai    a3, s4, 25
core   0: 3 0x8000dc06 (0x419a5693) x13 0x00000001
core   0: 0x8000dc0a (0x00006795) c.lui   a5, 0x5
core   0: 3 0x8000dc0a (0x6795) x15 0x00005000
core   0: 0x8000dc0c (0x000009c2) c.slli  s3, 16
core   0: 3 0x8000dc0c (0x09c2) x19 0x079c0000
core   0: 0x8000dc0e (0xcc8317b7) lui     a5, 0xcc831
core   0: 3 0x8000dc0e (0xcc8317b7) x15 0xcc831000
core   0: 0x8000dc12 (0x028d8833) mul     a6, s11, s0
core   0: 3 0x8000dc12 (0x028d8833) x16 0x00005000
core   0: 0x8000dc16 (0x001aecb3) or      s9, s5, ra
core   0: 3 0x8000dc16 (0x001aecb3) x25 0xfffffdff
core   0: 0x8000dc1a (0x00000001) c.nop
core   0: 3 0x8000dc1a (0x0001)
core   0: 0x8000dc1c (0x02fc1263) bne     s8, a5, pc + 36
core   0: 3 0x8000dc1c (0x02fc1263)
core   0: 0x8000dc40 (0x0000855d) c.srai  a0, 23
core   0: 3 0x8000dc40 (0x855d) x10 0xffffff00
core   0: 0x8000dc42 (0x0000100f) fence.i
core   0: 3 0x8000dc42 (0x0000100f)
core   0: 0x8000dc46 (0x00405993) srli    s3, zero, 4
core   0: 3 0x8000dc46 (0x00405993) x19 0x00000000
core   0: 0x8000dc4a (0x01275bb3) srl     s7, a4, s2
core   0: 3 0x8000dc4a (0x01275bb3) x23 0x01f8640e
core   0: 0x8000dc4e (0x00008f99) c.sub   a5, a4
core   0: 3 0x8000dc4e (0x8f99) x15 0xc89247e4
core   0: 0x8000dc50 (0x05394163) blt     s2, s3, pc + 66
core   0: 3 0x8000dc50 (0x05394163)
core   0: 0x8000dc54 (0x0000617d) c.addi16sp sp, 496
core   0: 3 0x8000dc54 (0x617d) x 2 0xfffffe72
core   0: 0x8000dc56 (0x00000086) c.slli  ra, 1
core   0: 3 0x8000dc56 (0x0086) x 1 0xfffffbfe
core   0: 0x8000dc58 (0x00000c2a) c.slli  s8, 10
core   0: 3 0x8000dc58 (0x0c2a) x24 0x0a721000
core   0: 0x8000dc5a (0x5488fbb7) lui     s7, 0x5488f
core   0: 3 0x8000dc5a (0x5488fbb7) x23 0x5488f000
core   0: 0x8000dc5e (0x00560a63) beq     a2, t0, pc + 20
core   0: 3 0x8000dc5e (0x00560a63)
core   0: 0x8000dc62 (0x012082b3) add     t0, ra, s2
core   0: 3 0x8000dc62 (0x012082b3) x 5 0xfffffbff
core   0: 0x8000dc66 (0xfffe2693) slti    a3, t3, -1
core   0: 3 0x8000dc66 (0xfffe2693) x13 0x00000000
core   0: 0x8000dc6a (0x0078d663) bge     a7, t2, pc + 12
core   0: 3 0x8000dc6a (0x0078d663)
core   0: 0x8000dc76 (0xd278b1b7) lui     gp, 0xd278b
core   0: 3 0x8000dc76 (0xd278b1b7) x 3 0xd278b000
core   0: 0x8000dc7a (0x0258e833) rem     a6, a7, t0
core   0: 3 0x8000dc7a (0x0258e833) x16 0x00000000
core   0: 0x8000dc7e (0x0000c889) c.beqz  s1, pc + 18
core   0: 3 0x8000dc7e (0xc889)
core   0: 0x8000dc80 (0x01c59413) slli    s0, a1, 28
core   0: 3 0x8000dc80 (0x01c59413) x 8 0x30000000
core   0: 0x8000dc84 (0x008f0d33) add     s10, t5, s0
core   0: 3 0x8000dc84 (0x008f0d33) x26 0x30000000
core   0: 0x8000dc88 (0x6d3f7a13) andi    s4, t5, 1747
core   0: 3 0x8000dc88 (0x6d3f7a13) x20 0x00000000
core   0: 0x8000dc8c (0x0fbf6e63) bltu    t5, s11, pc + 252
core   0: 3 0x8000dc8c (0x0fbf6e63)
core   0: 0x8000dd88 (0x00000001) c.nop
core   0: 3 0x8000dd88 (0x0001)
core   0: 0x8000dd8a (0x03f89f33) mulh    t5, a7, t6
core   0: 3 0x8000dd8a (0x03f89f33) x30 0x00000000
core   0: 0x8000dd8e (0x0116a2b3) slt     t0, a3, a7
core   0: 3 0x8000dd8e (0x0116a2b3) x 5 0x00000000
core   0: 0x8000dd92 (0x03fc6cb3) rem     s9, s8, t6
core   0: 3 0x8000dd92 (0x03fc6cb3) x25 0x00000064
core   0: 0x8000dd96 (0xdc1bba13) sltiu   s4, s7, -575
core   0: 3 0x8000dd96 (0xdc1bba13) x20 0x00000001
core   0: 0x8000dd9a (0x00001d7d) c.addi  s10, -1
core   0: 3 0x8000dd9a (0x1d7d) x26 0x2fffffff
core   0: 0x8000dd9c (0x000089e6) c.mv    s3, s9
core   0: 3 0x8000dd9c (0x89e6) x19 0x00000064
core   0: 0x8000dd9e (0x00000831) c.addi  a6, 12
core   0: 3 0x8000dd9e (0x0831) x16 0x0000000c
core   0: 0x8000dda0 (0x010d69b3) or      s3, s10, a6
core   0: 3 0x8000dda0 (0x010d69b3) x19 0x2fffffff
core   0: 0x8000dda4 (0x00006141) c.addi16sp sp, 16
core   0: 3 0x8000dda4 (0x6141) x 2 0xfffffe82
core   0: 0x8000dda6 (0x03689b33) mulh    s6, a7, s6
core   0: 3 0x8000dda6 (0x03689b33) x22 0x00000000
core   0: 0x8000ddaa (0x03704a63) blt     zero, s7, pc + 52
core   0: 3 0x8000ddaa (0x03704a63)
core   0: 0x8000ddde (0x4034d6b3) sra     a3, s1, gp
core   0: 3 0x8000ddde (0x4034d6b3) x13 0xffffffff
core   0: 0x8000dde2 (0x00000001) c.nop
core   0: 3 0x8000dde2 (0x0001)
core   0: 0x8000dde4 (0x00000001) c.nop
core   0: 3 0x8000dde4 (0x0001)
core   0: 0x8000dde6 (0x03ef2fb3) mulhsu  t6, t5, t5
core   0: 3 0x8000dde6 (0x03ef2fb3) x31 0x00000000
core   0: 0x8000ddea (0x01bad0b3) srl     ra, s5, s11
core   0: 3 0x8000ddea (0x01bad0b3) x 1 0x40014e72
core   0: 0x8000ddee (0x0000041e) c.slli  s0, 7
core   0: 3 0x8000ddee (0x041e) x 8 0x00000000
core   0: 0x8000ddf0 (0x00006ead) c.lui   t4, 0xb
core   0: 3 0x8000ddf0 (0x6ead) x29 0x0000b000
core   0: 0x8000ddf2 (0xa4e25297) auipc   t0, 0xa4e25
core   0: 3 0x8000ddf2 (0xa4e25297) x 5 0x24e32df2
core   0: 0x8000ddf6 (0x011100b3) add     ra, sp, a7
core   0: 3 0x8000ddf6 (0x011100b3) x 1 0xfffffe82
core   0: 0x8000ddfa (0x40580233) sub     tp, a6, t0
core   0: 3 0x8000ddfa (0x40580233) x 4 0xdb1cd21a
core   0: 0x8000ddfe (0x0000ef01) c.bnez  a4, pc + 24
core   0: 3 0x8000ddfe (0xef01)
core   0: 0x8000de16 (0x02bdfc63) bgeu    s11, a1, pc + 56
core   0: 3 0x8000de16 (0x02bdfc63)
core   0: 0x8000de1a (0x00229733) sll     a4, t0, sp
core   0: 3 0x8000de1a (0x00229733) x14 0x938cb7c8
core   0: 0x8000de1e (0x40f30eb3) sub     t4, t1, a5
core   0: 3 0x8000de1e (0x40f30eb3) x29 0x376db81c
core   0: 0x8000de22 (0x394ebbb7) lui     s7, 0x394eb
core   0: 3 0x8000de22 (0x394ebbb7) x23 0x394eb000
core   0: 0x8000de26 (0x1df88793) addi    a5, a7, 479
core   0: 3 0x8000de26 (0x1df88793) x15 0x000001df
core   0: 0x8000de2a (0x029bf063) bgeu    s7, s1, pc + 32
core   0: 3 0x8000de2a (0x029bf063)
core   0: 0x8000de2e (0x000098fd) c.andi  s1, -1
core   0: 3 0x8000de2e (0x98fd) x 9 0xffffffff
core   0: 0x8000de30 (0x00008e01) c.sub   a2, s0
core   0: 3 0x8000de30 (0x8e01) x12 0xfffffc82
core   0: 0x8000de32 (0xd6edbbb7) lui     s7, 0xd6edb
core   0: 3 0x8000de32 (0xd6edbbb7) x23 0xd6edb000
core   0: 0x8000de36 (0xade28d13) addi    s10, t0, -1314
core   0: 3 0x8000de36 (0xade28d13) x26 0x24e328d0
core   0: 0x8000de3a (0x000820b3) slt     ra, a6, zero
core   0: 3 0x8000de3a (0x000820b3) x 1 0x00000000
core   0: 0x8000de3e (0x00006b19) c.lui   s6, 0x6
core   0: 3 0x8000de3e (0x6b19) x22 0x00006000
core   0: 0x8000de40 (0x00008c7d) c.and   s0, a5
core   0: 3 0x8000de40 (0x8c7d) x 8 0x00000000
core   0: 0x8000de42 (0x6c51b413) sltiu   s0, gp, 1733
core   0: 3 0x8000de42 (0x6c51b413) x 8 0x00000000
core   0: 0x8000de46 (0xc75c7317) auipc   t1, 0xc75c7
core   0: 3 0x8000de46 (0xc75c7317) x 6 0x475d4e46
core   0: 0x8000de4a (0x1d6d02b7) lui     t0, 0x1d6d0
core   0: 3 0x8000de4a (0x1d6d02b7) x 5 0x1d6d0000
core   0: 0x8000de4e (0xe03962b7) lui     t0, 0xe0396
core   0: 3 0x8000de4e (0xe03962b7) x 5 0xe0396000
core   0: 0x8000de52 (0x02ed4263) blt     s10, a4, pc + 36
core   0: 3 0x8000de52 (0x02ed4263)
core   0: 0x8000de56 (0x41d60f33) sub     t5, a2, t4
core   0: 3 0x8000de56 (0x41d60f33) x30 0xc8924466
core   0: 0x8000de5a (0x0000c389) c.beqz  a5, pc + 2
core   0: 3 0x8000de5a (0xc389)
core   0: 0x8000de5c (0x00000001) c.nop
core   0: 3 0x8000de5c (0x0001)
core   0: 0x8000de5e (0x05790263) beq     s2, s7, pc + 68
core   0: 3 0x8000de5e (0x05790263)
core   0: 0x8000de62 (0x02413433) mulhu   s0, sp, tp
core   0: 3 0x8000de62 (0x02413433) x 8 0xdb1cd0d3
core   0: 0x8000de66 (0x0000c115) c.beqz  a0, pc + 36
core   0: 3 0x8000de66 (0xc115)
core   0: 0x8000de68 (0x00626233) or      tp, tp, t1
core   0: 3 0x8000de68 (0x00626233) x 4 0xdf5dde5e
core   0: 0x8000de6c (0x00008e61) c.and   a2, s0
core   0: 3 0x8000de6c (0x8e61) x12 0xdb1cd082
core   0: 0x8000de6e (0x025122b3) mulhsu  t0, sp, t0
core   0: 3 0x8000de6e (0x025122b3) x 5 0xfffffeb1
core   0: 0x8000de72 (0x03dc51b3) divu    gp, s8, t4
core   0: 3 0x8000de72 (0x03dc51b3) x 3 0x00000000
core   0: 0x8000de76 (0x039cf563) bgeu    s9, s9, pc + 42
core   0: 3 0x8000de76 (0x039cf563)
core   0: 0x8000dea0 (0x00008c25) c.xor   s0, s1
core   0: 3 0x8000dea0 (0x8c25) x 8 0x24e32f2c
core   0: 0x8000dea2 (0x00006979) c.lui   s2, 0x1e
core   0: 3 0x8000dea2 (0x6979) x18 0x0001e000
core   0: 0x8000dea4 (0x4139d713) srai    a4, s3, 19
core   0: 3 0x8000dea4 (0x4139d713) x14 0x000005ff
core   0: 0x8000dea8 (0x0000987d) c.andi  s0, -1
core   0: 3 0x8000dea8 (0x987d) x 8 0x24e32f2c
core   0: 0x8000deaa (0x01eb9db3) sll     s11, s7, t5
core   0: 3 0x8000deaa (0x01eb9db3) x27 0xbb6c0000
core   0: 0x8000deae (0x00008d11) c.sub   a0, a2
core   0: 3 0x8000deae (0x8d11) x10 0x24e32e7e
core   0: 0x8000deb0 (0x000086a5) c.srai  a3, 9
core   0: 3 0x8000deb0 (0x86a5) x13 0xffffffff
core   0: 0x8000deb2 (0x03378063) beq     a5, s3, pc + 32
core   0: 3 0x8000deb2 (0x03378063)
core   0: 0x8000deb6 (0x9dfc9937) lui     s2, 0x9dfc9
core   0: 3 0x8000deb6 (0x9dfc9937) x18 0x9dfc9000
core   0: 0x8000deba (0x40d88f33) sub     t5, a7, a3
core   0: 3 0x8000deba (0x40d88f33) x30 0x00000001
core   0: 0x8000debe (0x03102e33) mulhsu  t3, zero, a7
core   0: 3 0x8000debe (0x03102e33) x28 0x00000000
core   0: 0x8000dec2 (0x3ab3cd37) lui     s10, 0x3ab3c
core   0: 3 0x8000dec2 (0x3ab3cd37) x26 0x3ab3c000
core   0: 0x8000dec6 (0x000087f1) c.srai  a5, 28
core   0: 3 0x8000dec6 (0x87f1) x15 0x00000000
core   0: 0x8000dec8 (0x02fc5263) bge     s8, a5, pc + 36
core   0: 3 0x8000dec8 (0x02fc5263)
core   0: 0x8000deec (0x018da7b3) slt     a5, s11, s8
core   0: 3 0x8000deec (0x018da7b3) x15 0x00000001
core   0: 0x8000def0 (0x0062a633) slt     a2, t0, t1
core   0: 3 0x8000def0 (0x0062a633) x12 0x00000001
core   0: 0x8000def4 (0x03ea4463) blt     s4, t5, pc + 40
core   0: 3 0x8000def4 (0x03ea4463)
core   0: 0x8000def8 (0x2a898eb7) lui     t4, 0x2a898
core   0: 3 0x8000def8 (0x2a898eb7) x29 0x2a898000
core   0: 0x8000defc (0x03918633) mul     a2, gp, s9
core   0: 3 0x8000defc (0x03918633) x12 0x00000000
core   0: 0x8000df00 (0x41f05993) srai    s3, zero, 31
core   0: 3 0x8000df00 (0x41f05993) x19 0x00000000
core   0: 0x8000df04 (0x00000001) c.nop
core   0: 3 0x8000df04 (0x0001)
core   0: 0x8000df06 (0x0ff0000f) fence   iorw,iorw
core   0: 3 0x8000df06 (0x0ff0000f)
core   0: 0x8000df0a (0x000056fd) c.li    a3, -1
core   0: 3 0x8000df0a (0x56fd) x13 0xffffffff
core   0: 0x8000df0c (0x0131ca33) xor     s4, gp, s3
core   0: 3 0x8000df0c (0x0131ca33) x20 0x00000000
core   0: 0x8000df10 (0x017c27b3) slt     a5, s8, s7
core   0: 3 0x8000df10 (0x017c27b3) x15 0x00000000
core   0: 0x8000df14 (0x00008e99) c.sub   a3, a4
core   0: 3 0x8000df14 (0x8e99) x13 0xfffffa00
core   0: 0x8000df16 (0x00008ca1) c.xor   s1, s0
core   0: 3 0x8000df16 (0x8ca1) x 9 0xdb1cd0d3
core   0: 0x8000df18 (0x01be1963) bne     t3, s11, pc + 18
core   0: 3 0x8000df18 (0x01be1963)
core   0: 0x8000df2a (0x0000057e) c.slli  a0, 31
core   0: 3 0x8000df2a (0x057e) x10 0x00000000
core   0: 0x8000df2c (0x00000b36) c.slli  s6, 13
core   0: 3 0x8000df2c (0x0b36) x22 0x0c000000
core   0: 0x8000df2e (0xb18bcf13) xori    t5, s7, -1256
core   0: 3 0x8000df2e (0xb18bcf13) x30 0x29124b18
core   0: 0x8000df32 (0x00c272b3) and     t0, tp, a2
core   0: 3 0x8000df32 (0x00c272b3) x 5 0x00000000
core   0: 0x8000df36 (0x00006d41) c.lui   s10, 0x10
core   0: 3 0x8000df36 (0x6d41) x26 0x00010000
core   0: 0x8000df38 (0x00008fc5) c.or    a5, s1
core   0: 3 0x8000df38 (0x8fc5) x15 0xdb1cd0d3
core   0: 0x8000df3a (0xa5563c13) sltiu   s8, a2, -1451
core   0: 3 0x8000df3a (0xa5563c13) x24 0x00000001
core   0: 0x8000df3e (0x0ff0000f) fence   iorw,iorw
core   0: 3 0x8000df3e (0x0ff0000f)
core   0: 0x8000df42 (0x00001584) c.addi4spn s1, sp, 736
core   0: 3 0x8000df42 (0x1584) x 9 0x00000162
core   0: 0x8000df44 (0x00009886) c.add   a7, ra
core   0: 3 0x8000df44 (0x9886) x17 0x00000000
core   0: 0x8000df46 (0x00009a1a) c.add   s4, t1
core   0: 3 0x8000df46 (0x9a1a) x20 0x475d4e46
core   0: 0x8000df48 (0x000084f1) c.srai  s1, 28
core   0: 3 0x8000df48 (0x84f1) x 9 0x00000000
core   0: 0x8000df4a (0x00006ded) c.lui   s11, 0x1b
core   0: 3 0x8000df4a (0x6ded) x27 0x0001b000
core   0: 0x8000df4c (0x0000964a) c.add   a2, s2
core   0: 3 0x8000df4c (0x964a) x12 0x9dfc9000
core   0: 0x8000df4e (0x00008fc1) c.or    a5, s0
core   0: 3 0x8000df4e (0x8fc1) x15 0xffffffff
core   0: 0x8000df50 (0x005584b3) add     s1, a1, t0
core   0: 3 0x8000df50 (0x005584b3) x 9 0x01a73103
core   0: 0x8000df54 (0x41c78e33) sub     t3, a5, t3
core   0: 3 0x8000df54 (0x41c78e33) x28 0xffffffff
core   0: 0x8000df58 (0x00b01113) slli    sp, zero, 11
core   0: 3 0x8000df58 (0x00b01113) x 2 0x00000000
core   0: 0x8000df5c (0x00004bd1) c.li    s7, 20
core   0: 3 0x8000df5c (0x4bd1) x23 0x00000014
core   0: 0x8000df5e (0x00008ecd) c.or    a3, a1
core   0: 3 0x8000df5e (0x8ecd) x13 0xfffffb03
core   0: 0x8000df60 (0x000082fd) c.srli  a3, 31
core   0: 3 0x8000df60 (0x82fd) x13 0x00000001
core   0: 0x8000df62 (0x0239eb33) rem     s6, s3, gp
core   0: 3 0x8000df62 (0x0239eb33) x22 0x00000000
core   0: 0x8000df66 (0x01b0f033) and     zero, ra, s11
core   0: 3 0x8000df66 (0x01b0f033)
core   0: 0x8000df6a (0x00000001) c.nop
core   0: 3 0x8000df6a (0x0001)
core   0: 0x8000df6c (0x00eb8033) add     zero, s7, a4
core   0: 3 0x8000df6c (0x00eb8033)
core   0: 0x8000df70 (0x000062d1) c.lui   t0, 0x14
core   0: 3 0x8000df70 (0x62d1) x 5 0x00014000
core   0: 0x8000df72 (0x000083b9) c.srli  a5, 14
core   0: 3 0x8000df72 (0x83b9) x15 0x0003ffff
core   0: 0x8000df74 (0x66ddbf93) sltiu   t6, s11, 1645
core   0: 3 0x8000df74 (0x66ddbf93) x31 0x00000000
core   0: 0x8000df78 (0x03f78633) mul     a2, a5, t6
core   0: 3 0x8000df78 (0x03f78633) x12 0x00000000
core   0: 0x8000df7c (0x000004c5) c.addi  s1, 17
core   0: 3 0x8000df7c (0x04c5) x 9 0x01a73114
core   0: 0x8000df7e (0x00000001) c.nop
core   0: 3 0x8000df7e (0x0001)
core   0: 0x8000df80 (0x03dd47b3) div     a5, s10, t4
core   0: 3 0x8000df80 (0x03dd47b3) x15 0x00000000
core   0: 0x8000df84 (0x5e480813) addi    a6, a6, 1508
core   0: 3 0x8000df84 (0x5e480813) x16 0x000005f0
core   0: 0x8000df88 (0xe632f793) andi    a5, t0, -413
core   0: 3 0x8000df88 (0xe632f793) x15 0x00014000
core   0: 0x8000df8c (0x609f8e93) addi    t4, t6, 1545
core   0: 3 0x8000df8c (0x609f8e93) x29 0x00000609
core   0: 0x8000df90 (0x028d6963) bltu    s10, s0, pc + 50
core   0: 3 0x8000df90 (0x028d6963)
core   0: 0x8000dfc2 (0x0094c833) xor     a6, s1, s1
core   0: 3 0x8000dfc2 (0x0094c833) x16 0x00000000
core   0: 0x8000dfc6 (0x416b02b3) sub     t0, s6, s6
core   0: 3 0x8000dfc6 (0x416b02b3) x 5 0x00000000
core   0: 0x8000dfca (0x0e1557b7) lui     a5, 0xe155
core   0: 3 0x8000dfca (0x0e1557b7) x15 0x0e155000
core   0: 0x8000dfce (0x023460b3) rem     ra, s0, gp
core   0: 3 0x8000dfce (0x023460b3) x 1 0x24e32f2c
core   0: 0x8000dfd2 (0x02f09263) bne     ra, a5, pc + 36
core   0: 3 0x8000dfd2 (0x02f09263)
core   0: 0x8000dff6 (0x010c5933) srl     s2, s8, a6
core   0: 3 0x8000dff6 (0x010c5933) x18 0x00000001
core   0: 0x8000dffa (0x0161ff63) bgeu    gp, s6, pc + 30
core   0: 3 0x8000dffa (0x0161ff63)
core   0: 0x8000e018 (0x0050d2b3) srl     t0, ra, t0
core   0: 3 0x8000e018 (0x0050d2b3) x 5 0x24e32f2c
core   0: 0x8000e01c (0x09860693) addi    a3, a2, 152
core   0: 3 0x8000e01c (0x09860693) x13 0x00000098
core   0: 0x8000e020 (0xd2fb1297) auipc   t0, 0xd2fb1
core   0: 3 0x8000e020 (0xd2fb1297) x 5 0x52fbf020
core   0: 0x8000e024 (0xff600613) li      a2, -10
core   0: 3 0x8000e024 (0xff600613) x12 0xfffffff6
core   0: 0x8000e028 (0x015c22b3) slt     t0, s8, s5
core   0: 3 0x8000e028 (0x015c22b3) x 5 0x00000000
core   0: 0x8000e02c (0x019ca6b3) slt     a3, s9, s9
core   0: 3 0x8000e02c (0x019ca6b3) x13 0x00000000
core   0: 0x8000e030 (0x00009526) c.add   a0, s1
core   0: 3 0x8000e030 (0x9526) x10 0x01a73114
core   0: 0x8000e032 (0x40aedb13) srai    s6, t4, 10
core   0: 3 0x8000e032 (0x40aedb13) x22 0x00000001
core   0: 0x8000e036 (0x9d3d8e13) addi    t3, s11, -1581
core   0: 3 0x8000e036 (0x9d3d8e13) x28 0x0001a9d3
core   0: 0x8000e03a (0x01447f33) and     t5, s0, s4
core   0: 3 0x8000e03a (0x01447f33) x30 0x04410e04
core   0: 0x8000e03e (0x01daa6b3) slt     a3, s5, t4
core   0: 3 0x8000e03e (0x01daa6b3) x13 0x00000001
core   0: 0x8000e042 (0x0000881d) c.andi  s0, 7
core   0: 3 0x8000e042 (0x881d) x 8 0x00000004
core   0: 0x8000e044 (0x00000f0d) c.addi  t5, 3
core   0: 3 0x8000e044 (0x0f0d) x30 0x04410e07
core   0: 0x8000e046 (0x0000717d) c.addi16sp sp, -16
core   0: 3 0x8000e046 (0x717d) x 2 0xfffffff0
core   0: 0x8000e048 (0xff000093) li      ra, -16
core   0: 3 0x8000e048 (0xff000093) x 1 0xfffffff0
core   0: 0x8000e04c (0x03622533) mulhsu  a0, tp, s6
core   0: 3 0x8000e04c (0x03622533) x10 0xffffffff
core   0: 0x8000e050 (0x00008cad) c.xor   s1, a1
core   0: 3 0x8000e050 (0x8cad) x 9 0x00000017
core   0: 0x8000e052 (0x46ce7693) andi    a3, t3, 1132
core   0: 3 0x8000e052 (0x46ce7693) x13 0x00000040
core   0: 0x8000e056 (0x011551b3) srl     gp, a0, a7
core   0: 3 0x8000e056 (0x011551b3) x 3 0xffffffff
core   0: 0x8000e05a (0x6b374437) lui     s0, 0x6b374
core   0: 3 0x8000e05a (0x6b374437) x 8 0x6b374000
core   0: 0x8000e05e (0x038e3933) mulhu   s2, t3, s8
core   0: 3 0x8000e05e (0x038e3933) x18 0x00000000
core   0: 0x8000e062 (0x00001669) c.addi  a2, -6
core   0: 3 0x8000e062 (0x1669) x12 0xfffffff0
core   0: 0x8000e064 (0x40dd04b3) sub     s1, s10, a3
core   0: 3 0x8000e064 (0x40dd04b3) x 9 0x0000ffc0
core   0: 0x8000e068 (0x0165c033) xor     zero, a1, s6
core   0: 3 0x8000e068 (0x0165c033)
core   0: 0x8000e06c (0x00cfdb33) srl     s6, t6, a2
core   0: 3 0x8000e06c (0x00cfdb33) x22 0x00000000
core   0: 0x8000e070 (0xdb2c8713) addi    a4, s9, -590
core   0: 3 0x8000e070 (0xdb2c8713) x14 0xfffffe16
core   0: 0x8000e074 (0x01994733) xor     a4, s2, s9
core   0: 3 0x8000e074 (0x01994733) x14 0x00000064
core   0: 0x8000e078 (0x40cfde33) sra     t3, t6, a2
core   0: 3 0x8000e078 (0x40cfde33) x28 0x00000000
core   0: 0x8000e07c (0xfc165ae3) bge     a2, ra, pc - 44
core   0: 3 0x8000e07c (0xfc165ae3)
core   0: 0x8000e050 (0x00008cad) c.xor   s1, a1
core   0: 3 0x8000e050 (0x8cad) x 9 0x01a7cec3
core   0: 0x8000e052 (0x46ce7693) andi    a3, t3, 1132
core   0: 3 0x8000e052 (0x46ce7693) x13 0x00000000
core   0: 0x8000e056 (0x011551b3) srl     gp, a0, a7
core   0: 3 0x8000e056 (0x011551b3) x 3 0xffffffff
core   0: 0x8000e05a (0x6b374437) lui     s0, 0x6b374
core   0: 3 0x8000e05a (0x6b374437) x 8 0x6b374000
core   0: 0x8000e05e (0x038e3933) mulhu   s2, t3, s8
core   0: 3 0x8000e05e (0x038e3933) x18 0x00000000
core   0: 0x8000e062 (0x00001669) c.addi  a2, -6
core   0: 3 0x8000e062 (0x1669) x12 0xffffffea
core   0: 0x8000e064 (0x40dd04b3) sub     s1, s10, a3
core   0: 3 0x8000e064 (0x40dd04b3) x 9 0x00010000
core   0: 0x8000e068 (0x0165c033) xor     zero, a1, s6
core   0: 3 0x8000e068 (0x0165c033)
core   0: 0x8000e06c (0x00cfdb33) srl     s6, t6, a2
core   0: 3 0x8000e06c (0x00cfdb33) x22 0x00000000
core   0: 0x8000e070 (0xdb2c8713) addi    a4, s9, -590
core   0: 3 0x8000e070 (0xdb2c8713) x14 0xfffffe16
core   0: 0x8000e074 (0x01994733) xor     a4, s2, s9
core   0: 3 0x8000e074 (0x01994733) x14 0x00000064
core   0: 0x8000e078 (0x40cfde33) sra     t3, t6, a2
core   0: 3 0x8000e078 (0x40cfde33) x28 0x00000000
core   0: 0x8000e07c (0xfc165ae3) bge     a2, ra, pc - 44
core   0: 3 0x8000e07c (0xfc165ae3)
core   0: 0x8000e080 (0x01c3d4b3) srl     s1, t2, t3
core   0: 3 0x8000e080 (0x01c3d4b3) x 9 0x80025e5c
core   0: 0x8000e084 (0x405d5733) sra     a4, s10, t0
core   0: 3 0x8000e084 (0x405d5733) x14 0x00010000
core   0: 0x8000e088 (0x0000100f) fence.i
core   0: 3 0x8000e088 (0x0000100f)
core   0: 0x8000e08c (0x01a10663) beq     sp, s10, pc + 12
core   0: 3 0x8000e08c (0x01a10663)
core   0: 0x8000e090 (0x08173b93) sltiu   s7, a4, 129
core   0: 3 0x8000e090 (0x08173b93) x23 0x00000000
core   0: 0x8000e094 (0x021dca63) blt     s11, ra, pc + 52
core   0: 3 0x8000e094 (0x021dca63)
core   0: 0x8000e098 (0x0000c409) c.beqz  s0, pc + 10
core   0: 3 0x8000e098 (0xc409)
core   0: 0x8000e09a (0x0000653d) c.lui   a0, 0xf
core   0: 3 0x8000e09a (0x653d) x10 0x0000f000
core   0: 0x8000e09c (0x005fb6b3) sltu    a3, t6, t0
core   0: 3 0x8000e09c (0x005fb6b3) x13 0x00000000
core   0: 0x8000e0a0 (0x0000811d) c.srli  a0, 7
core   0: 3 0x8000e0a0 (0x811d) x10 0x000001e0
core   0: 0x8000e0a2 (0x010fb6b3) sltu    a3, t6, a6
core   0: 3 0x8000e0a2 (0x010fb6b3) x13 0x00000000
core   0: 0x8000e0a6 (0x00006d5d) c.lui   s10, 0x17
core   0: 3 0x8000e0a6 (0x6d5d) x26 0x00017000
core   0: 0x8000e0a8 (0x01897463) bgeu    s2, s8, pc + 8
core   0: 3 0x8000e0a8 (0x01897463)
core   0: 0x8000e0ac (0x00000e46) c.slli  t3, 17
core   0: 3 0x8000e0ac (0x0e46) x28 0x00000000
core   0: 0x8000e0ae (0x000086b5) c.srai  a3, 13
core   0: 3 0x8000e0ae (0x86b5) x13 0x00000000
core   0: 0x8000e0b0 (0x01b446b3) xor     a3, s0, s11
core   0: 3 0x8000e0b0 (0x01b446b3) x13 0x6b36f000
core   0: 0x8000e0b4 (0x02d83db3) mulhu   s11, a6, a3
core   0: 3 0x8000e0b4 (0x02d83db3) x27 0x00000000
core   0: 0x8000e0b8 (0x0061e2b3) or      t0, gp, t1
core   0: 3 0x8000e0b8 (0x0061e2b3) x 5 0xffffffff
core   0: 0x8000e0bc (0x7b70fe93) andi    t4, ra, 1975
core   0: 3 0x8000e0bc (0x7b70fe93) x29 0x000007b0
core   0: 0x8000e0c0 (0x00008d4d) c.or    a0, a1
core   0: 3 0x8000e0c0 (0x8d4d) x10 0x01a731e3
core   0: 0x8000e0c2 (0x00c1a4b3) slt     s1, gp, a2
core   0: 3 0x8000e0c2 (0x00c1a4b3) x 9 0x00000000
core   0: 0x8000e0c6 (0x00000001) c.nop
core   0: 3 0x8000e0c6 (0x0001)
core   0: 0x8000e0c8 (0x00000684) c.addi4spn s1, sp, 832
core   0: 3 0x8000e0c8 (0x0684) x 9 0x00000330
core   0: 0x8000e0ca (0x00699933) sll     s2, s3, t1
core   0: 3 0x8000e0ca (0x00699933) x18 0x00000000
core   0: 0x8000e0ce (0x00008f19) c.sub   a4, a4
core   0: 3 0x8000e0ce (0x8f19) x14 0x00000000
core   0: 0x8000e0d0 (0x02934db3) div     s11, t1, s1
core   0: 3 0x8000e0d0 (0x02934db3) x27 0x0016638c
core   0: 0x8000e0d4 (0xcba3b893) sltiu   a7, t2, -838
core   0: 3 0x8000e0d4 (0xcba3b893) x17 0x00000001
core   0: 0x8000e0d8 (0x013817b3) sll     a5, a6, s3
core   0: 3 0x8000e0d8 (0x013817b3) x15 0x00000000
core   0: 0x8000e0dc (0x0000e389) c.bnez  a5, pc + 2
core   0: 3 0x8000e0dc (0xe389)
core   0: 0x8000e0de (0xf798f913) andi    s2, a7, -135
core   0: 3 0x8000e0de (0xf798f913) x18 0x00000001
core   0: 0x8000e0e2 (0xf4d4b813) sltiu   a6, s1, -179
core   0: 3 0x8000e0e2 (0xf4d4b813) x16 0x00000001
core   0: 0x8000e0e6 (0x011e5e93) srli    t4, t3, 17
core   0: 3 0x8000e0e6 (0x011e5e93) x29 0x00000000
core   0: 0x8000e0ea (0x02c39333) mulh    t1, t2, a2
core   0: 3 0x8000e0ea (0x02c39333) x 6 0x0000000a
core   0: 0x8000e0ee (0x029e0e63) beq     t3, s1, pc + 60
core   0: 3 0x8000e0ee (0x029e0e63)
core   0: 0x8000e0f2 (0x0ff0000f) fence   iorw,iorw
core   0: 3 0x8000e0f2 (0x0ff0000f)
core   0: 0x8000e0f6 (0x03d8f463) bgeu    a7, t4, pc + 40
core   0: 3 0x8000e0f6 (0x03d8f463)
core   0: 0x8000e11e (0x414bd793) srai    a5, s7, 20
core   0: 3 0x8000e11e (0x414bd793) x15 0x00000000
core   0: 0x8000e122 (0x0254e733) rem     a4, s1, t0
core   0: 3 0x8000e122 (0x0254e733) x14 0x00000000
core   0: 0x8000e126 (0x9ca66813) ori     a6, a2, -1590
core   0: 3 0x8000e126 (0x9ca66813) x16 0xffffffea
core   0: 0x8000e12a (0x03b65b33) divu    s6, a2, s11
core   0: 3 0x8000e12a (0x03b65b33) x22 0x00000b6f
core   0: 0x8000e12e (0x00001a7d) c.addi  s4, -1
core   0: 3 0x8000e12e (0x1a7d) x20 0x475d4e45
core   0: 0x8000e130 (0xf1ac7893) andi    a7, s8, -230
core   0: 3 0x8000e130 (0xf1ac7893) x17 0x00000000
core   0: 0x8000e134 (0x000087f9) c.srai  a5, 30
core   0: 3 0x8000e134 (0x87f9) x15 0x00000000
core   0: 0x8000e136 (0x9deee913) ori     s2, t4, -1570
core   0: 3 0x8000e136 (0x9deee913) x18 0xfffff9de
core   0: 0x8000e13a (0xceb55f37) lui     t5, 0xceb55
core   0: 3 0x8000e13a (0xceb55f37) x30 0xceb55000
core   0: 0x8000e13e (0x0000c31d) c.beqz  a4, pc + 38
core   0: 3 0x8000e13e (0xc31d)
core   0: 0x8000e164 (0x00000001) c.nop
core   0: 3 0x8000e164 (0x0001)
core   0: 0x8000e166 (0x000080c9) c.srli  s1, 18
core   0: 3 0x8000e166 (0x80c9) x 9 0x00000000
core   0: 0x8000e168 (0x0000c309) c.beqz  a4, pc + 2
core   0: 3 0x8000e168 (0xc309)
core   0: 0x8000e16a (0x01872633) slt     a2, a4, s8
core   0: 3 0x8000e16a (0x01872633) x12 0x00000001
core   0: 0x8000e16e (0x01241013) slli    zero, s0, 18
core   0: 3 0x8000e16e (0x01241013)
core   0: 0x8000e172 (0xdabf2f93) slti    t6, t5, -597
core   0: 3 0x8000e172 (0xdabf2f93) x31 0x00000001
core   0: 0x8000e176 (0x00006135) c.addi16sp sp, 352
core   0: 3 0x8000e176 (0x6135) x 2 0x00000150
core   0: 0x8000e178 (0x0894f963) bgeu    s1, s1, pc + 146
core   0: 3 0x8000e178 (0x0894f963)
core   0: 0x8000e20a (0x033ce163) bltu    s9, s3, pc + 34
core   0: 3 0x8000e20a (0x033ce163)
core   0: 0x8000e20e (0x00008e01) c.sub   a2, s0
core   0: 3 0x8000e20e (0x8e01) x12 0x94c8c001
core   0: 0x8000e210 (0x077c6993) ori     s3, s8, 119
core   0: 3 0x8000e210 (0x077c6993) x19 0x00000077
core   0: 0x8000e214 (0x0156a1b3) slt     gp, a3, s5
core   0: 3 0x8000e214 (0x0156a1b3) x 3 0x00000000
core   0: 0x8000e218 (0x0000c941) c.beqz  a0, pc + 144
core   0: 3 0x8000e218 (0xc941)
core   0: 0x8000e21a (0x037191b3) mulh    gp, gp, s7
core   0: 3 0x8000e21a (0x037191b3) x 3 0x00000000
core   0: 0x8000e21e (0x01b56833) or      a6, a0, s11
core   0: 3 0x8000e21e (0x01b56833) x16 0x01b773ef
core   0: 0x8000e222 (0x00008d11) c.sub   a0, a2
core   0: 3 0x8000e222 (0x8d11) x10 0x6cde71e2
core   0: 0x8000e224 (0x8b942a13) slti    s4, s0, -1863
core   0: 3 0x8000e224 (0x8b942a13) x20 0x00000000
core   0: 0x8000e228 (0x40f65933) sra     s2, a2, a5
core   0: 3 0x8000e228 (0x40f65933) x18 0x94c8c001
core   0: 0x8000e22c (0x475b6497) auipc   s1, 0x475b6
core   0: 3 0x8000e22c (0x475b6497) x 9 0xc75c422c
core   0: 0x8000e230 (0x0322c263) blt     t0, s2, pc + 36
core   0: 3 0x8000e230 (0x0322c263)
core   0: 0x8000e234 (0x00008bb5) c.andi  a5, 13
core   0: 3 0x8000e234 (0x8bb5) x15 0x00000000
core   0: 0x8000e236 (0x3b4af797) auipc   a5, 0x3b4af
core   0: 3 0x8000e236 (0x3b4af797) x15 0xbb4bd236
core   0: 0x8000e23a (0x02d67133) remu    sp, a2, a3
core   0: 3 0x8000e23a (0x02d67133) x 2 0x2991d001
core   0: 0x8000e23e (0x00000001) c.nop
core   0: 3 0x8000e23e (0x0001)
core   0: 0x8000e240 (0x640b6793) ori     a5, s6, 1600
core   0: 3 0x8000e240 (0x640b6793) x15 0x00000f6f
core   0: 0x8000e244 (0x00000001) c.nop
core   0: 3 0x8000e244 (0x0001)
core   0: 0x8000e246 (0x022b1db3) mulh    s11, s6, sp
core   0: 3 0x8000e246 (0x022b1db3) x27 0x000001db
core   0: 0x8000e24a (0xcc104c93) xori    s9, zero, -831
core   0: 3 0x8000e24a (0xcc104c93) x25 0xfffffcc1
core   0: 0x8000e24e (0x00008e35) c.xor   a2, a3
core   0: 3 0x8000e24e (0x8e35) x12 0xfffe3001
core   0: 0x8000e250 (0x06309763) bne     ra, gp, pc + 110
core   0: 3 0x8000e250 (0x06309763)
core   0: 0x8000e2be (0x0000141c) c.addi4spn a5, sp, 544
core   0: 3 0x8000e2be (0x141c) x15 0x2991d221
core   0: 0x8000e2c0 (0x0274c763) blt     s1, t2, pc + 46
core   0: 3 0x8000e2c0 (0x0274c763)
core   0: 0x8000e2c4 (0x009f5793) srli    a5, t5, 9
core   0: 3 0x8000e2c4 (0x009f5793) x15 0x00675aa8
core   0: 0x8000e2c8 (0x00000001) c.nop
core   0: 3 0x8000e2c8 (0x0001)
core   0: 0x8000e2ca (0x04214763) blt     sp, sp, pc + 78
core   0: 3 0x8000e2ca (0x04214763)
core   0: 0x8000e2ce (0x03cc7263) bgeu    s8, t3, pc + 36
core   0: 3 0x8000e2ce (0x03cc7263)
core   0: 0x8000e2f2 (0x50e68c13) addi    s8, a3, 1294
core   0: 3 0x8000e2f2 (0x50e68c13) x24 0x6b36f50e
core   0: 0x8000e2f6 (0x00f8a0b3) slt     ra, a7, a5
core   0: 3 0x8000e2f6 (0x00f8a0b3) x 1 0x00000001
core   0: 0x8000e2fa (0x02ace0b3) rem     ra, s9, a0
core   0: 3 0x8000e2fa (0x02ace0b3) x 1 0xfffffcc1
core   0: 0x8000e2fe (0x03e11b63) bne     sp, t5, pc + 54
core   0: 3 0x8000e2fe (0x03e11b63)
core   0: 0x8000e334 (0x0034df93) srli    t6, s1, 3
core   0: 3 0x8000e334 (0x0034df93) x31 0x18eb8845
core   0: 0x8000e338 (0x00000001) c.nop
core   0: 3 0x8000e338 (0x0001)
core   0: 0x8000e33a (0x0000e315) c.bnez  a4, pc + 36
core   0: 3 0x8000e33a (0xe315)
core   0: 0x8000e33c (0x0362b0b3) mulhu   ra, t0, s6
core   0: 3 0x8000e33c (0x0362b0b3) x 1 0x00000b6e
core   0: 0x8000e340 (0x0186d513) srli    a0, a3, 24
core   0: 3 0x8000e340 (0x0186d513) x10 0x0000006b
core   0: 0x8000e344 (0x03de3833) mulhu   a6, t3, t4
core   0: 3 0x8000e344 (0x03de3833) x16 0x00000000
core   0: 0x8000e348 (0x0000717d) c.addi16sp sp, -16
core   0: 3 0x8000e348 (0x717d) x 2 0x2991cff1
core   0: 0x8000e34a (0x00383233) sltu    tp, a6, gp
core   0: 3 0x8000e34a (0x00383233) x 4 0x00000000
core   0: 0x8000e34e (0x00001f7d) c.addi  t5, -1
core   0: 3 0x8000e34e (0x1f7d) x30 0xceb54fff
core   0: 0x8000e350 (0x00008549) c.srai  a0, 18
core   0: 3 0x8000e350 (0x8549) x10 0x00000000
core   0: 0x8000e352 (0x00008329) c.srli  a4, 10
core   0: 3 0x8000e352 (0x8329) x14 0x00000000
core   0: 0x8000e354 (0x0000835d) c.srli  a4, 23
core   0: 3 0x8000e354 (0x835d) x14 0x00000000
core   0: 0x8000e356 (0xab792813) slti    a6, s2, -1353
core   0: 3 0x8000e356 (0xab792813) x16 0x00000001
core   0: 0x8000e35a (0x03486133) rem     sp, a6, s4
core   0: 3 0x8000e35a (0x03486133) x 2 0x00000001
core   0: 0x8000e35e (0x0000c10d) c.beqz  a0, pc + 34
core   0: 3 0x8000e35e (0xc10d)
core   0: 0x8000e380 (0x5f9f0a13) addi    s4, t5, 1529
core   0: 3 0x8000e380 (0x5f9f0a13) x20 0xceb555f8
core   0: 0x8000e384 (0x03968763) beq     a3, s9, pc + 46
core   0: 3 0x8000e384 (0x03968763)
core   0: 0x8000e388 (0x028208b3) mul     a7, tp, s0
core   0: 3 0x8000e388 (0x028208b3) x17 0x00000000
core   0: 0x8000e38c (0xa2225837) lui     a6, 0xa2225
core   0: 3 0x8000e38c (0xa2225837) x16 0xa2225000
core   0: 0x8000e390 (0x00eb9893) slli    a7, s7, 14
core   0: 3 0x8000e390 (0x00eb9893) x17 0x00000000
core   0: 0x8000e394 (0x94f18e93) addi    t4, gp, -1713
core   0: 3 0x8000e394 (0x94f18e93) x29 0xfffff94f
core   0: 0x8000e398 (0x51832837) lui     a6, 0x51832
core   0: 3 0x8000e398 (0x51832837) x16 0x51832000
core   0: 0x8000e39c (0x01679c63) bne     a5, s6, pc + 24
core   0: 3 0x8000e39c (0x01679c63)
core   0: 0x8000e3b4 (0x000044b1) c.li    s1, 12
core   0: 3 0x8000e3b4 (0x44b1) x 9 0x0000000c
core   0: 0x8000e3b6 (0x02a4bdb3) mulhu   s11, s1, a0
core   0: 3 0x8000e3b6 (0x02a4bdb3) x27 0x00000000
core   0: 0x8000e3ba (0xf5a8f317) auipc   t1, 0xf5a8f
core   0: 3 0x8000e3ba (0xf5a8f317) x 6 0x75a9d3ba
core   0: 0x8000e3be (0x02c29633) mulh    a2, t0, a2
core   0: 3 0x8000e3be (0x02c29633) x12 0x00000000
core   0: 0x8000e3c2 (0x00006795) c.lui   a5, 0x5
core   0: 3 0x8000e3c2 (0x6795) x15 0x00005000
core   0: 0x8000e3c4 (0x0220f263) bgeu    ra, sp, pc + 36
core   0: 3 0x8000e3c4 (0x0220f263)
core   0: 0x8000e3e8 (0x41505213) srai    tp, zero, 21
core   0: 3 0x8000e3e8 (0x41505213) x 4 0x00000000
core   0: 0x8000e3ec (0x90508913) addi    s2, ra, -1787
core   0: 3 0x8000e3ec (0x90508913) x18 0x00000473
core   0: 0x8000e3f0 (0x029f6db3) rem     s11, t5, s1
core   0: 3 0x8000e3f0 (0x029f6db3) x27 0xfffffff7
core   0: 0x8000e3f4 (0x02025463) bgez    tp, pc + 40
core   0: 3 0x8000e3f4 (0x02025463)
core   0: 0x8000e41c (0x02e4a9b3) mulhsu  s3, s1, a4
core   0: 3 0x8000e41c (0x02e4a9b3) x19 0x00000000
core   0: 0x8000e420 (0x006aca33) xor     s4, s5, t1
core   0: 3 0x8000e420 (0x006aca33) x20 0xf5ab4f5e
core   0: 0x8000e424 (0x0000e385) c.bnez  a5, pc + 32
core   0: 3 0x8000e424 (0xe385)
core   0: 0x8000e444 (0x02892433) mulhsu  s0, s2, s0
core   0: 3 0x8000e444 (0x02892433) x 8 0x000001dd
core   0: 0x8000e448 (0x01808533) add     a0, ra, s8
core   0: 3 0x8000e448 (0x01808533) x10 0x6b37007c
core   0: 0x8000e44c (0x0000e089) c.bnez  s1, pc + 2
core   0: 3 0x8000e44c (0xe089)
core   0: 0x8000e44e (0x0113db93) srli    s7, t2, 17
core   0: 3 0x8000e44e (0x0113db93) x23 0x00004001
core   0: 0x8000e452 (0x00f13833) sltu    a6, sp, a5
core   0: 3 0x8000e452 (0x00f13833) x16 0x00000001
core   0: 0x8000e456 (0x029881b3) mul     gp, a7, s1
core   0: 3 0x8000e456 (0x029881b3) x 3 0x00000000
core   0: 0x8000e45a (0x0877e113) ori     sp, a5, 135
core   0: 3 0x8000e45a (0x0877e113) x 2 0x00005087
core   0: 0x8000e45e (0x0ff0000f) fence   iorw,iorw
core   0: 3 0x8000e45e (0x0ff0000f)
core   0: 0x8000e462 (0x00008ee9) c.and   a3, a0
core   0: 3 0x8000e462 (0x8ee9) x13 0x6b360000
core   0: 0x8000e464 (0x4111db13) srai    s6, gp, 17
core   0: 3 0x8000e464 (0x4111db13) x22 0x00000000
core   0: 0x8000e468 (0x03b9c763) blt     s3, s11, pc + 46
core   0: 3 0x8000e468 (0x03b9c763)
core   0: 0x8000e46c (0x01301313) slli    t1, zero, 19
core   0: 3 0x8000e46c (0x01301313) x 6 0x00000000
core   0: 0x8000e470 (0x000059fd) c.li    s3, -1
core   0: 3 0x8000e470 (0x59fd) x19 0xffffffff
core   0: 0x8000e472 (0x00008c35) c.xor   s0, a3
core   0: 3 0x8000e472 (0x8c35) x 8 0x6b3601dd
core   0: 0x8000e474 (0x0000ea0d) c.bnez  a2, pc + 50
core   0: 3 0x8000e474 (0xea0d)
core   0: 0x8000e476 (0x0308ad33) mulhsu  s10, a7, a6
core   0: 3 0x8000e476 (0x0308ad33) x26 0x00000000
core   0: 0x8000e47a (0x00000e00) c.addi4spn s0, sp, 784
core   0: 3 0x8000e47a (0x0e00) x 8 0x00005397
core   0: 0x8000e47c (0x0065da33) srl     s4, a1, t1
core   0: 3 0x8000e47c (0x0065da33) x20 0x01a73103
core   0: 0x8000e480 (0x000097ce) c.add   a5, s3
core   0: 3 0x8000e480 (0x97ce) x15 0x00004fff
core   0: 0x8000e482 (0x03358f63) beq     a1, s3, pc + 62
core   0: 3 0x8000e482 (0x03358f63)
core   0: 0x8000e486 (0x0081a033) slt     zero, gp, s0
core   0: 3 0x8000e486 (0x0081a033)
core   0: 0x8000e48a (0x00008d01) c.sub   a0, s0
core   0: 3 0x8000e48a (0x8d01) x10 0x6b36ace5
core   0: 0x8000e48c (0x0000100f) fence.i
core   0: 3 0x8000e48c (0x0000100f)
core   0: 0x8000e490 (0x00008a31) c.andi  a2, 12
core   0: 3 0x8000e490 (0x8a31) x12 0x00000000
core   0: 0x8000e492 (0x00fc0563) beq     s8, a5, pc + 10
core   0: 3 0x8000e492 (0x00fc0563)
core   0: 0x8000e496 (0x0000cc85) c.beqz  s1, pc + 56
core   0: 3 0x8000e496 (0xcc85)
core   0: 0x8000e498 (0x0331c733) div     a4, gp, s3
core   0: 3 0x8000e498 (0x0331c733) x14 0x00000000
core   0: 0x8000e49c (0x00000b42) c.slli  s6, 16
core   0: 3 0x8000e49c (0x0b42) x22 0x00000000
core   0: 0x8000e49e (0x0231e163) bltu    gp, gp, pc + 34
core   0: 3 0x8000e49e (0x0231e163)
core   0: 0x8000e4a2 (0x007b8833) add     a6, s7, t2
core   0: 3 0x8000e4a2 (0x007b8833) x16 0x80029e5d
core   0: 0x8000e4a6 (0x0000137d) c.addi  t1, -1
core   0: 3 0x8000e4a6 (0x137d) x 6 0xffffffff
core   0: 0x8000e4a8 (0x00000349) c.addi  t1, 18
core   0: 3 0x8000e4a8 (0x0349) x 6 0x00000011
core   0: 0x8000e4aa (0x00ad4e33) xor     t3, s10, a0
core   0: 3 0x8000e4aa (0x00ad4e33) x28 0x6b36ace5
core   0: 0x8000e4ae (0x01fa0263) beq     s4, t6, pc + 4
core   0: 3 0x8000e4ae (0x01fa0263)
core   0: 0x8000e4b2 (0x00b92eb3) slt     t4, s2, a1
core   0: 3 0x8000e4b2 (0x00b92eb3) x29 0x00000001
core   0: 0x8000e4b6 (0x40155b33) sra     s6, a0, ra
core   0: 3 0x8000e4b6 (0x40155b33) x22 0x0001acda
core   0: 0x8000e4ba (0x00001bfd) c.addi  s7, -1
core   0: 3 0x8000e4ba (0x1bfd) x23 0x00004000
core   0: 0x8000e4bc (0x1d800d93) li      s11, 472
core   0: 3 0x8000e4bc (0x1d800d93) x27 0x000001d8
core   0: 0x8000e4c0 (0x7d78e513) ori     a0, a7, 2007
core   0: 3 0x8000e4c0 (0x7d78e513) x10 0x000007d7
core   0: 0x8000e4c4 (0x02c3eb33) rem     s6, t2, a2
core   0: 3 0x8000e4c4 (0x02c3eb33) x22 0x80025e5c
core   0: 0x8000e4c8 (0x00008021) c.srli  s0, 8
core   0: 3 0x8000e4c8 (0x8021) x 8 0x00000053
core   0: 0x8000e4ca (0x0992bd93) sltiu   s11, t0, 153
core   0: 3 0x8000e4ca (0x0992bd93) x27 0x00000000
core   0: 0x8000e4ce (0x54dccd93) xori    s11, s9, 1357
core   0: 3 0x8000e4ce (0x54dccd93) x27 0xfffff98c
core   0: 0x8000e4d2 (0x4123d4b3) sra     s1, t2, s2
core   0: 3 0x8000e4d2 (0x4123d4b3) x 9 0xfffff000
core   0: 0x8000e4d6 (0x03b22b33) mulhsu  s6, tp, s11
core   0: 3 0x8000e4d6 (0x03b22b33) x22 0x00000000
core   0: 0x8000e4da (0x85774d93) xori    s11, a4, -1961
core   0: 3 0x8000e4da (0x85774d93) x27 0xfffff857
core   0: 0x8000e4de (0x0333feb3) remu    t4, t2, s3
core   0: 3 0x8000e4de (0x0333feb3) x29 0x80025e5c
core   0: 0x8000e4e2 (0x0023e863) bltu    t2, sp, pc + 16
core   0: 3 0x8000e4e2 (0x0023e863)
core   0: 0x8000e4e6 (0x02f6c133) div     sp, a3, a5
core   0: 3 0x8000e4e6 (0x02f6c133) x 2 0x00015717
core   0: 0x8000e4ea (0x000092d2) c.add   t0, s4
core   0: 3 0x8000e4ea (0x92d2) x 5 0x01a73102
core   0: 0x8000e4ec (0x412d0a33) sub     s4, s10, s2
core   0: 3 0x8000e4ec (0x412d0a33) x20 0xfffffb8d
core   0: 0x8000e4f0 (0x00008f89) c.sub   a5, a0
core   0: 3 0x8000e4f0 (0x8f89) x15 0x00004828
core   0: 0x8000e4f2 (0x65795db7) lui     s11, 0x65795
core   0: 3 0x8000e4f2 (0x65795db7) x27 0x65795000
core   0: 0x8000e4f6 (0x5543be13) sltiu   t3, t2, 1364
core   0: 3 0x8000e4f6 (0x5543be13) x28 0x00000000
core   0: 0x8000e4fa (0xe8588693) addi    a3, a7, -379
core   0: 3 0x8000e4fa (0xe8588693) x13 0xfffffe85
core   0: 0x8000e4fe (0xe9cb3893) sltiu   a7, s6, -356
core   0: 3 0x8000e4fe (0xe9cb3893) x17 0x00000001
core   0: 0x8000e502 (0x0109adb3) slt     s11, s3, a6
core   0: 3 0x8000e502 (0x0109adb3) x27 0x00000000
core   0: 0x8000e506 (0x00008f15) c.sub   a4, a3
core   0: 3 0x8000e506 (0x8f15) x14 0x0000017b
core   0: 0x8000e508 (0xc4eada17) auipc   s4, 0xc4ead
core   0: 3 0x8000e508 (0xc4eada17) x20 0x44ebb508
core   0: 0x8000e50c (0x0000717d) c.addi16sp sp, -16
core   0: 3 0x8000e50c (0x717d) x 2 0x00015707
core   0: 0x8000e50e (0x00a8dc93) srli    s9, a7, 10
core   0: 3 0x8000e50e (0x00a8dc93) x25 0x00000000
core   0: 0x8000e512 (0x020b0d63) beqz    s6, pc + 58
core   0: 3 0x8000e512 (0x020b0d63)
core   0: 0x8000e54c (0x40e459b3) sra     s3, s0, a4
core   0: 3 0x8000e54c (0x40e459b3) x19 0x00000000
core   0: 0x8000e550 (0x00009b7d) c.andi  a4, -1
core   0: 3 0x8000e550 (0x9b7d) x14 0x0000017b
core   0: 0x8000e552 (0x0000e619) c.bnez  a2, pc + 14
core   0: 3 0x8000e552 (0xe619)
core   0: 0x8000e554 (0x02248163) beq     s1, sp, pc + 34
core   0: 3 0x8000e554 (0x02248163)
core   0: 0x8000e558 (0x03db5e63) bge     s6, t4, pc + 60
core   0: 3 0x8000e558 (0x03db5e63)
core   0: 0x8000e594 (0x02f7d163) bge     a5, a5, pc + 34
core   0: 3 0x8000e594 (0x02f7d163)
core   0: 0x8000e5b6 (0x00a67e33) and     t3, a2, a0
core   0: 3 0x8000e5b6 (0x00a67e33) x28 0x00000000
core   0: 0x8000e5ba (0x011deeb3) or      t4, s11, a7
core   0: 3 0x8000e5ba (0x011deeb3) x29 0x00000001
core   0: 0x8000e5be (0x01c7b733) sltu    a4, a5, t3
core   0: 3 0x8000e5be (0x01c7b733) x14 0x00000000
core   0: 0x8000e5c2 (0x00c224b3) slt     s1, tp, a2
core   0: 3 0x8000e5c2 (0x00c224b3) x 9 0x00000000
core   0: 0x8000e5c6 (0x02dd9133) mulh    sp, s11, a3
core   0: 3 0x8000e5c6 (0x02dd9133) x 2 0x00000000
core   0: 0x8000e5ca (0x405a5233) sra     tp, s4, t0
core   0: 3 0x8000e5ca (0x405a5233) x 4 0x113aed42
core   0: 0x8000e5ce (0x01bc1733) sll     a4, s8, s11
core   0: 3 0x8000e5ce (0x01bc1733) x14 0x6b36f50e
core   0: 0x8000e5d2 (0x00008cb1) c.xor   s1, a2
core   0: 3 0x8000e5d2 (0x8cb1) x 9 0x00000000
core   0: 0x8000e5d4 (0x0000cc89) c.beqz  s1, pc + 26
core   0: 3 0x8000e5d4 (0xcc89)
core   0: 0x8000e5ee (0x0029c133) xor     sp, s3, sp
core   0: 3 0x8000e5ee (0x0029c133) x 2 0x00000000
core   0: 0x8000e5f2 (0x01c0c663) blt     ra, t3, pc + 12
core   0: 3 0x8000e5f2 (0x01c0c663)
core   0: 0x8000e5f6 (0x0000100f) fence.i
core   0: 3 0x8000e5f6 (0x0000100f)
core   0: 0x8000e5fa (0x01bf9913) slli    s2, t6, 27
core   0: 3 0x8000e5fa (0x01bf9913) x18 0x28000000
core   0: 0x8000e5fe (0x00000001) c.nop
core   0: 3 0x8000e5fe (0x0001)
core   0: 0x8000e600 (0x00000001) c.nop
core   0: 3 0x8000e600 (0x0001)
core   0: 0x8000e602 (0x00008f55) c.or    a4, a3
core   0: 3 0x8000e602 (0x8f55) x14 0xffffff8f
core   0: 0x8000e604 (0x03f3ec33) rem     s8, t2, t6
core   0: 3 0x8000e604 (0x03f3ec33) x24 0xfc9c07b5
core   0: 0x8000e608 (0x03d412b3) mulh    t0, s0, t4
core   0: 3 0x8000e608 (0x03d412b3) x 5 0x00000000
core   0: 0x8000e60c (0xd9c8c637) lui     a2, 0xd9c8c
core   0: 3 0x8000e60c (0xd9c8c637) x12 0xd9c8c000
core   0: 0x8000e610 (0x05a8be13) sltiu   t3, a7, 90
core   0: 3 0x8000e610 (0x05a8be13) x28 0x00000001
core   0: 0x8000e614 (0x035ac933) div     s2, s5, s5
core   0: 3 0x8000e614 (0x035ac933) x18 0x00000001
core   0: 0x8000e618 (0x41f60db3) sub     s11, a2, t6
core   0: 3 0x8000e618 (0x41f60db3) x27 0xc0dd37bb
core   0: 0x8000e61c (0x0042d333) srl     t1, t0, tp
core   0: 3 0x8000e61c (0x0042d333) x 6 0x00000000
core   0: 0x8000e620 (0x000049d5) c.li    s3, 21
core   0: 3 0x8000e620 (0x49d5) x19 0x00000015
core   0: 0x8000e622 (0xa24f3613) sltiu   a2, t5, -1500
core   0: 3 0x8000e622 (0xa24f3613) x12 0x00000001
core   0: 0x8000e626 (0x000014fd) c.addi  s1, -1
core   0: 3 0x8000e626 (0x14fd) x 9 0xffffffff
core   0: 0x8000e628 (0x00000001) c.nop
core   0: 3 0x8000e628 (0x0001)
core   0: 0x8000e62a (0x027d3533) mulhu   a0, s10, t2
core   0: 3 0x8000e62a (0x027d3533) x10 0x00000000
core   0: 0x8000e62e (0x000007ae) c.slli  a5, 11
core   0: 3 0x8000e62e (0x07ae) x15 0x02414000
core   0: 0x8000e630 (0x03c3e463) bltu    t2, t3, pc + 40
core   0: 3 0x8000e630 (0x03c3e463)
core   0: 0x8000e634 (0xe5c27b13) andi    s6, tp, -420
core   0: 3 0x8000e634 (0xe5c27b13) x22 0x113aec40
core   0: 0x8000e638 (0x00009afd) c.andi  a3, -1
core   0: 3 0x8000e638 (0x9afd) x13 0xfffffe85
core   0: 0x8000e63a (0x02afbc33) mulhu   s8, t6, a0
core   0: 3 0x8000e63a (0x02afbc33) x24 0x00000000
core   0: 0x8000e63e (0x0020a333) slt     t1, ra, sp
core   0: 3 0x8000e63e (0x0020a333) x 6 0x00000000
core   0: 0x8000e642 (0x00000001) c.nop
core   0: 3 0x8000e642 (0x0001)
core   0: 0x8000e644 (0x00000001) c.nop
core   0: 3 0x8000e644 (0x0001)
core   0: 0x8000e646 (0x873c2f13) slti    t5, s8, -1933
core   0: 3 0x8000e646 (0x873c2f13) x30 0x00000000
core   0: 0x8000e64a (0x0000898a) c.mv    s3, sp
core   0: 3 0x8000e64a (0x898a) x19 0x00000000
core   0: 0x8000e64c (0x03af5c33) divu    s8, t5, s10
core   0: 3 0x8000e64c (0x03af5c33) x24 0xffffffff
core   0: 0x8000e650 (0x3e2b6193) ori     gp, s6, 994
core   0: 3 0x8000e650 (0x3e2b6193) x 3 0x113aefe2
core   0: 0x8000e654 (0x010152b3) srl     t0, sp, a6
core   0: 3 0x8000e654 (0x010152b3) x 5 0x00000000
core   0: 0x8000e658 (0x00000e32) c.slli  t3, 12
core   0: 3 0x8000e658 (0x0e32) x28 0x00001000
core   0: 0x8000e65a (0x01a09e33) sll     t3, ra, s10
core   0: 3 0x8000e65a (0x01a09e33) x28 0x00000b6e
core   0: 0x8000e65e (0x00006119) c.addi16sp sp, 384
core   0: 3 0x8000e65e (0x6119) x 2 0x00000180
core   0: 0x8000e660 (0x00000176) c.slli  sp, 29
core   0: 3 0x8000e660 (0x0176) x 2 0x00000000
core   0: 0x8000e662 (0x69d60013) addi    zero, a2, 1693
core   0: 3 0x8000e662 (0x69d60013)
core   0: 0x8000e666 (0x0000059c) c.addi4spn a5, sp, 704
core   0: 3 0x8000e666 (0x059c) x15 0x000002c0
core   0: 0x8000e668 (0x0290e233) rem     tp, ra, s1
core   0: 3 0x8000e668 (0x0290e233) x 4 0x00000000
core   0: 0x8000e66c (0x000083e5) c.srli  a5, 25
core   0: 3 0x8000e66c (0x83e5) x15 0x00000000
core   0: 0x8000e66e (0x031f62b3) rem     t0, t5, a7
core   0: 3 0x8000e66e (0x031f62b3) x 5 0x00000000
core   0: 0x8000e672 (0x00c79bb3) sll     s7, a5, a2
core   0: 3 0x8000e672 (0x00c79bb3) x23 0x00000000
core   0: 0x8000e676 (0x0000eb19) c.bnez  a4, pc + 22
core   0: 3 0x8000e676 (0xeb19)
core   0: 0x8000e68c (0x03a206b3) mul     a3, tp, s10
core   0: 3 0x8000e68c (0x03a206b3) x13 0x00000000
core   0: 0x8000e690 (0x414f5b93) srai    s7, t5, 20
core   0: 3 0x8000e690 (0x414f5b93) x23 0x00000000
core   0: 0x8000e694 (0x023520b3) mulhsu  ra, a0, gp
core   0: 3 0x8000e694 (0x023520b3) x 1 0x00000000
core   0: 0x8000e698 (0x0186a8b3) slt     a7, a3, s8
core   0: 3 0x8000e698 (0x0186a8b3) x17 0x00000000
core   0: 0x8000e69c (0x41505b93) srai    s7, zero, 21
core   0: 3 0x8000e69c (0x41505b93) x23 0x00000000
core   0: 0x8000e6a0 (0x01411bb3) sll     s7, sp, s4
core   0: 3 0x8000e6a0 (0x01411bb3) x23 0x00000000
core   0: 0x8000e6a4 (0x0178a9b3) slt     s3, a7, s7
core   0: 3 0x8000e6a4 (0x0178a9b3) x19 0x00000000
core   0: 0x8000e6a8 (0x000fc4b3) xor     s1, t6, zero
core   0: 3 0x8000e6a8 (0x000fc4b3) x 9 0x18eb8845
core   0: 0x8000e6ac (0x0000977e) c.add   a4, t6
core   0: 3 0x8000e6ac (0x977e) x14 0x18eb87d4
core   0: 0x8000e6ae (0x02007d63) bgeu    zero, zero, pc + 58
core   0: 3 0x8000e6ae (0x02007d63)
core   0: 0x8000e6e8 (0x00000001) c.nop
core   0: 3 0x8000e6e8 (0x0001)
core   0: 0x8000e6ea (0x015c9413) slli    s0, s9, 21
core   0: 3 0x8000e6ea (0x015c9413) x 8 0x00000000
core   0: 0x8000e6ee (0x00009bc2) c.add   s7, a6
core   0: 3 0x8000e6ee (0x9bc2) x23 0x80029e5d
core   0: 0x8000e6f0 (0x00000001) c.nop
core   0: 3 0x8000e6f0 (0x0001)
core   0: 0x8000e6f2 (0x00008ccd) c.or    s1, a1
core   0: 3 0x8000e6f2 (0x8ccd) x 9 0x19efb947
core   0: 0x8000e6f4 (0x40325cb3) sra     s9, tp, gp
core   0: 3 0x8000e6f4 (0x40325cb3) x25 0x00000000
core   0: 0x8000e6f8 (0x00816433) or      s0, sp, s0
core   0: 3 0x8000e6f8 (0x00816433) x 8 0x00000000
core   0: 0x8000e6fc (0x0254d833) divu    a6, s1, t0
core   0: 3 0x8000e6fc (0x0254d833) x16 0xffffffff
core   0: 0x8000e700 (0x029dc6b3) div     a3, s11, s1
core   0: 3 0x8000e700 (0x029dc6b3) x13 0xfffffffe
core   0: 0x8000e704 (0x00b58263) beq     a1, a1, pc + 4
core   0: 3 0x8000e704 (0x00b58263)
core   0: 0x8000e708 (0x0000100f) fence.i
core   0: 3 0x8000e708 (0x0000100f)
core   0: 0x8000e70c (0x00008fdd) c.or    a5, a5
core   0: 3 0x8000e70c (0x8fdd) x15 0x00000000
core   0: 0x8000e70e (0x0396e863) bltu    a3, s9, pc + 48
core   0: 3 0x8000e70e (0x0396e863)
core   0: 0x8000e712 (0x000080a9) c.srli  s1, 10
core   0: 3 0x8000e712 (0x80a9) x 9 0x00067bee
core   0: 0x8000e714 (0x02f4a4b3) mulhsu  s1, s1, a5
core   0: 3 0x8000e714 (0x02f4a4b3) x 9 0x00000000
core   0: 0x8000e718 (0x024127b3) mulhsu  a5, sp, tp
core   0: 3 0x8000e718 (0x024127b3) x15 0x00000000
core   0: 0x8000e71c (0x00001090) c.addi4spn a2, sp, 96
core   0: 3 0x8000e71c (0x1090) x12 0x00000060
core   0: 0x8000e71e (0x00000001) c.nop
core   0: 3 0x8000e71e (0x0001)
core   0: 0x8000e720 (0xe43da613) slti    a2, s11, -445
core   0: 3 0x8000e720 (0xe43da613) x12 0x00000001
core   0: 0x8000e724 (0x03ec30b3) mulhu   ra, s8, t5
core   0: 3 0x8000e724 (0x03ec30b3) x 1 0x00000000
core   0: 0x8000e728 (0x414f89b3) sub     s3, t6, s4
core   0: 3 0x8000e728 (0x414f89b3) x19 0xd3ffd33d
core   0: 0x8000e72c (0xcce56d93) ori     s11, a0, -818
core   0: 3 0x8000e72c (0xcce56d93) x27 0xfffffcce
core   0: 0x8000e730 (0x00000dae) c.slli  s11, 11
core   0: 3 0x8000e730 (0x0dae) x27 0xffe67000
core   0: 0x8000e732 (0x00006159) c.addi16sp sp, 400
core   0: 3 0x8000e732 (0x6159) x 2 0x00000190
core   0: 0x8000e734 (0x0000197d) c.addi  s2, -1
core   0: 3 0x8000e734 (0x197d) x18 0x00000000
core   0: 0x8000e736 (0x02f9c533) div     a0, s3, a5
core   0: 3 0x8000e736 (0x02f9c533) x10 0xffffffff
core   0: 0x8000e73a (0x51646217) auipc   tp, 0x51646
core   0: 3 0x8000e73a (0x51646217) x 4 0xd165473a
core   0: 0x8000e73e (0x00000001) c.nop
core   0: 3 0x8000e73e (0x0001)
core   0: 0x8000e740 (0x0000e619) c.bnez  a2, pc + 14
core   0: 3 0x8000e740 (0xe619)
core   0: 0x8000e74e (0x02f7c263) blt     a5, a5, pc + 36
core   0: 3 0x8000e74e (0x02f7c263)
core   0: 0x8000e752 (0x029c4563) blt     s8, s1, pc + 42
core   0: 3 0x8000e752 (0x029c4563)
core   0: 0x8000e77c (0x01d68733) add     a4, a3, t4
core   0: 3 0x8000e77c (0x01d68733) x14 0xffffffff
core   0: 0x8000e780 (0x00000308) c.addi4spn a0, sp, 384
core   0: 3 0x8000e780 (0x0308) x10 0x00000310
core   0: 0x8000e782 (0x00008449) c.srai  s0, 18
core   0: 3 0x8000e782 (0x8449) x 8 0x00000000
core   0: 0x8000e784 (0x012c0733) add     a4, s8, s2
core   0: 3 0x8000e784 (0x012c0733) x14 0xffffffff
core   0: 0x8000e788 (0x01064263) blt     a2, a6, pc + 4
core   0: 3 0x8000e788 (0x01064263)
core   0: 0x8000e78c (0x003e8663) beq     t4, gp, pc + 12
core   0: 3 0x8000e78c (0x003e8663)
core   0: 0x8000e790 (0x240dfe93) andi    t4, s11, 576
core   0: 3 0x8000e790 (0x240dfe93) x29 0x00000000
core   0: 0x8000e794 (0x01017d33) and     s10, sp, a6
core   0: 3 0x8000e794 (0x01017d33) x26 0x00000190
core   0: 0x8000e798 (0x03e7ffb3) remu    t6, a5, t5
core   0: 3 0x8000e798 (0x03e7ffb3) x31 0x00000000
core   0: 0x8000e79c (0x032be133) rem     sp, s7, s2
core   0: 3 0x8000e79c (0x032be133) x 2 0x80029e5d
core   0: 0x8000e7a0 (0x2cb61e37) lui     t3, 0x2cb61
core   0: 3 0x8000e7a0 (0x2cb61e37) x28 0x2cb61000
core   0: 0x8000e7a4 (0x41285c33) sra     s8, a6, s2
core   0: 3 0x8000e7a4 (0x41285c33) x24 0xffffffff
core   0: 0x8000e7a8 (0x40035033) sra     zero, t1, zero
core   0: 3 0x8000e7a8 (0x40035033)
core   0: 0x8000e7ac (0x00000001) c.nop
core   0: 3 0x8000e7ac (0x0001)
core   0: 0x8000e7ae (0xa150c013) xori    zero, ra, -1515
core   0: 3 0x8000e7ae (0xa150c013)
core   0: 0x8000e7b2 (0x00078c33) add     s8, a5, zero
core   0: 3 0x8000e7b2 (0x00078c33) x24 0x00000000
core   0: 0x8000e7b6 (0x026318b3) mulh    a7, t1, t1
core   0: 3 0x8000e7b6 (0x026318b3) x17 0x00000000
core   0: 0x8000e7ba (0x0000860d) c.srai  a2, 3
core   0: 3 0x8000e7ba (0x860d) x12 0x00000000
core   0: 0x8000e7bc (0x00000fde) c.slli  t6, 23
core   0: 3 0x8000e7bc (0x0fde) x31 0x00000000
core   0: 0x8000e7be (0x00000001) c.nop
core   0: 3 0x8000e7be (0x0001)
core   0: 0x8000e7c0 (0x00009872) c.add   a6, t3
core   0: 3 0x8000e7c0 (0x9872) x16 0x2cb60fff
core   0: 0x8000e7c2 (0x034e5bb3) divu    s7, t3, s4
core   0: 3 0x8000e7c2 (0x034e5bb3) x23 0x00000000
core   0: 0x8000e7c6 (0x03669063) bne     a3, s6, pc + 32
core   0: 3 0x8000e7c6 (0x03669063)
core   0: 0x8000e7e6 (0x407b5693) srai    a3, s6, 7
core   0: 3 0x8000e7e6 (0x407b5693) x13 0x002275d8
core   0: 0x8000e7ea (0x01ab1313) slli    t1, s6, 26
core   0: 3 0x8000e7ea (0x01ab1313) x 6 0x00000000
core   0: 0x8000e7ee (0x01c13f33) sltu    t5, sp, t3
core   0: 3 0x8000e7ee (0x01c13f33) x30 0x00000000
core   0: 0x8000e7f2 (0x00ce8333) add     t1, t4, a2
core   0: 3 0x8000e7f2 (0x00ce8333) x 6 0x00000000
core   0: 0x8000e7f6 (0x00006bc5) c.lui   s7, 0x11
core   0: 3 0x8000e7f6 (0x6bc5) x23 0x00011000
core   0: 0x8000e7f8 (0xa294c613) xori    a2, s1, -1495
core   0: 3 0x8000e7f8 (0xa294c613) x12 0xfffffa29
core   0: 0x8000e7fc (0x0000717d) c.addi16sp sp, -16
core   0: 3 0x8000e7fc (0x717d) x 2 0x80029e4d
core   0: 0x8000e7fe (0x02c06333) rem     t1, zero, a2
core   0: 3 0x8000e7fe (0x02c06333) x 6 0x00000000
core   0: 0x8000e802 (0x40835533) sra     a0, t1, s0
core   0: 3 0x8000e802 (0x40835533) x10 0x00000000
core   0: 0x8000e806 (0x00162b33) slt     s6, a2, ra
core   0: 3 0x8000e806 (0x00162b33) x22 0x00000001
core   0: 0x8000e80a (0x4af40f93) addi    t6, s0, 1199
core   0: 3 0x8000e80a (0x4af40f93) x31 0x000004af
core   0: 0x8000e80e (0x00009bfd) c.andi  a5, -1
core   0: 3 0x8000e80e (0x9bfd) x15 0x00000000
core   0: 0x8000e810 (0x022607b3) mul     a5, a2, sp
core   0: 3 0x8000e810 (0x022607b3) x15 0x70b58c55
core   0: 0x8000e814 (0x4a372293) slti    t0, a4, 1187
core   0: 3 0x8000e814 (0x4a372293) x 5 0x00000001
core   0: 0x8000e818 (0x0ff0000f) fence   iorw,iorw
core   0: 3 0x8000e818 (0x0ff0000f)
core   0: 0x8000e81c (0x000082a5) c.srli  a3, 9
core   0: 3 0x8000e81c (0x82a5) x13 0x0000113a
core   0: 0x8000e81e (0x00008095) c.srli  s1, 5
core   0: 3 0x8000e81e (0x8095) x 9 0x00000000
core   0: 0x8000e820 (0x00c45f63) bge     s0, a2, pc + 30
core   0: 3 0x8000e820 (0x00c45f63)
core   0: 0x8000e83e (0x0000cc29) c.beqz  s0, pc + 90
core   0: 3 0x8000e83e (0xcc29)
core   0: 0x8000e898 (0x01f38833) add     a6, t2, t6
core   0: 3 0x8000e898 (0x01f38833) x16 0x8002630b
core   0: 0x8000e89c (0x00008ca5) c.xor   s1, s1
core   0: 3 0x8000e89c (0x8ca5) x 9 0x00000000
core   0: 0x8000e89e (0x02596d63) bltu    s2, t0, pc + 58
core   0: 3 0x8000e89e (0x02596d63)
core   0: 0x8000e8d8 (0x0000100f) fence.i
core   0: 3 0x8000e8d8 (0x0000100f)
core   0: 0x8000e8dc (0x00183933) sltu    s2, a6, ra
core   0: 3 0x8000e8dc (0x00183933) x18 0x00000000
core   0: 0x8000e8e0 (0x00bc9293) slli    t0, s9, 11
core   0: 3 0x8000e8e0 (0x00bc9293) x 5 0x00000000
core   0: 0x8000e8e4 (0x01c3d263) bge     t2, t3, pc + 4
core   0: 3 0x8000e8e4 (0x01c3d263)
core   0: 0x8000e8e8 (0x417780b3) sub     ra, a5, s7
core   0: 3 0x8000e8e8 (0x417780b3) x 1 0x70b47c55
core   0: 0x8000e8ec (0x0ff0000f) fence   iorw,iorw
core   0: 3 0x8000e8ec (0x0ff0000f)
core   0: 0x8000e8f0 (0x00006741) c.lui   a4, 0x10
core   0: 3 0x8000e8f0 (0x6741) x14 0x00010000
core   0: 0x8000e8f2 (0x8d50e293) ori     t0, ra, -1835
core   0: 3 0x8000e8f2 (0x8d50e293) x 5 0xfffffcd5
core   0: 0x8000e8f6 (0x0fed2b13) slti    s6, s10, 254
core   0: 3 0x8000e8f6 (0x0fed2b13) x22 0x00000000
core   0: 0x8000e8fa (0x00000001) c.nop
core   0: 3 0x8000e8fa (0x0001)
core   0: 0x8000e8fc (0x40ca5c33) sra     s8, s4, a2
core   0: 3 0x8000e8fc (0x40ca5c33) x24 0x002275da
core   0: 0x8000e900 (0x0328b633) mulhu   a2, a7, s2
core   0: 3 0x8000e900 (0x0328b633) x12 0x00000000
core   0: 0x8000e904 (0xf0ef7f93) andi    t6, t5, -242
core   0: 3 0x8000e904 (0xf0ef7f93) x31 0x00000000
core   0: 0x8000e908 (0x2153e693) ori     a3, t2, 533
core   0: 3 0x8000e908 (0x2153e693) x13 0x80025e5d
core   0: 0x8000e90c (0x0000c791) c.beqz  a5, pc + 12
core   0: 3 0x8000e90c (0xc791)
core   0: 0x8000e90e (0x00008c91) c.sub   s1, a2
core   0: 3 0x8000e90e (0x8c91) x 9 0x00000000
core   0: 0x8000e910 (0x40015513) srai    a0, sp, 0
core   0: 3 0x8000e910 (0x40015513) x10 0x80029e4d
core   0: 0x8000e914 (0x0ff0000f) fence   iorw,iorw
core   0: 3 0x8000e914 (0x0ff0000f)
core   0: 0x8000e918 (0x00008ee1) c.and   a3, s0
core   0: 3 0x8000e918 (0x8ee1) x13 0x00000000
core   0: 0x8000e91a (0x8e83bf13) sltiu   t5, t2, -1816
core   0: 3 0x8000e91a (0x8e83bf13) x30 0x00000001
core   0: 0x8000e91e (0x02f84463) blt     a6, a5, pc + 40
core   0: 3 0x8000e91e (0x02f84463)
core   0: 0x8000e946 (0x01a1ccb3) xor     s9, gp, s10
core   0: 3 0x8000e946 (0x01a1ccb3) x25 0x113aee72
core   0: 0x8000e94a (0xee7fd997) auipc   s3, 0xee7fd
core   0: 3 0x8000e94a (0xee7fd997) x19 0x6e80b94a
core   0: 0x8000e94e (0x00008fb9) c.xor   a5, a4
core   0: 3 0x8000e94e (0x8fb9) x15 0x70b48c55
core   0: 0x8000e950 (0x000094de) c.add   s1, s7
core   0: 3 0x8000e950 (0x94de) x 9 0x00011000
core   0: 0x8000e952 (0x1a7c6b93) ori     s7, s8, 423
core   0: 3 0x8000e952 (0x1a7c6b93) x23 0x002275ff
core   0: 0x8000e956 (0x00008f45) c.or    a4, s1
core   0: 3 0x8000e956 (0x8f45) x14 0x00011000
core   0: 0x8000e958 (0x00008f09) c.sub   a4, a0
core   0: 3 0x8000e958 (0x8f09) x14 0x7ffe71b3
core   0: 0x8000e95a (0x022570b3) remu    ra, a0, sp
core   0: 3 0x8000e95a (0x022570b3) x 1 0x00000000
core   0: 0x8000e95e (0x416808b3) sub     a7, a6, s6
core   0: 3 0x8000e95e (0x416808b3) x17 0x8002630b
core   0: 0x8000e962 (0x78392993) slti    s3, s2, 1923
core   0: 3 0x8000e962 (0x78392993) x19 0x00000001
core   0: 0x8000e966 (0x00008e69) c.and   a2, a0
core   0: 3 0x8000e966 (0x8e69) x12 0x00000000
core   0: 0x8000e968 (0x0143e0b3) or      ra, t2, s4
core   0: 3 0x8000e968 (0x0143e0b3) x 1 0xc4ebff5c
core   0: 0x8000e96c (0x0000100f) fence.i
core   0: 3 0x8000e96c (0x0000100f)
core   0: 0x8000e970 (0x00e85733) srl     a4, a6, a4
core   0: 3 0x8000e970 (0x00e85733) x14 0x00001000
core   0: 0x8000e974 (0x00000e18) c.addi4spn a4, sp, 784
core   0: 3 0x8000e974 (0x0e18) x14 0x8002a15d
core   0: 0x8000e976 (0xda1ea197) auipc   gp, 0xda1ea
core   0: 3 0x8000e976 (0xda1ea197) x 3 0x5a1f8976
core   0: 0x8000e97a (0x411e5693) srai    a3, t3, 17
core   0: 3 0x8000e97a (0x411e5693) x13 0x0000165b
core   0: 0x8000e97e (0xdbe042b7) lui     t0, 0xdbe04
core   0: 3 0x8000e97e (0xdbe042b7) x 5 0xdbe04000
core   0: 0x8000e982 (0x0000100f) fence.i
core   0: 3 0x8000e982 (0x0000100f)
core   0: 0x8000e986 (0x00006e91) c.lui   t4, 0x4
core   0: 3 0x8000e986 (0x6e91) x29 0x00004000
core   0: 0x8000e988 (0x00008fbd) c.xor   a5, a5
core   0: 3 0x8000e988 (0x8fbd) x15 0x00000000
core   0: 0x8000e98a (0x40145193) srai    gp, s0, 1
core   0: 3 0x8000e98a (0x40145193) x 3 0x00000000
core   0: 0x8000e98e (0x002b5663) bge     s6, sp, pc + 12
core   0: 3 0x8000e98e (0x002b5663)
core   0: 0x8000e99a (0x00008ff9) c.and   a5, a4
core   0: 3 0x8000e99a (0x8ff9) x15 0x00000000
core   0: 0x8000e99c (0x00000526) c.slli  a0, 9
core   0: 3 0x8000e99c (0x0526) x10 0x053c9a00
core   0: 0x8000e99e (0x0ff0000f) fence   iorw,iorw
core   0: 3 0x8000e99e (0x0ff0000f)
core   0: 0x8000e9a2 (0x0236c0b3) div     ra, a3, gp
core   0: 3 0x8000e9a2 (0x0236c0b3) x 1 0xffffffff
core   0: 0x8000e9a6 (0x02694b63) blt     s2, t1, pc + 54
core   0: 3 0x8000e9a6 (0x02694b63)
core   0: 0x8000e9aa (0x00f99313) slli    t1, s3, 15
core   0: 3 0x8000e9aa (0x00f99313) x 6 0x00008000
core   0: 0x8000e9ae (0x01a99933) sll     s2, s3, s10
core   0: 3 0x8000e9ae (0x01a99933) x18 0x00010000
core   0: 0x8000e9b2 (0x0000e519) c.bnez  a0, pc + 14
core   0: 3 0x8000e9b2 (0xe519)
core   0: 0x8000e9c0 (0x00c25693) srli    a3, tp, 12
core   0: 3 0x8000e9c0 (0x00c25693) x13 0x000d1654
core   0: 0x8000e9c4 (0x00008015) c.srli  s0, 5
core   0: 3 0x8000e9c4 (0x8015) x 8 0x00000000
core   0: 0x8000e9c6 (0x4159d8b3) sra     a7, s3, s5
core   0: 3 0x8000e9c6 (0x4159d8b3) x17 0x00000000
core   0: 0x8000e9ca (0x0000615d) c.addi16sp sp, 432
core   0: 3 0x8000e9ca (0x615d) x 2 0x80029ffd
core   0: 0x8000e9cc (0x00b3e213) ori     tp, t2, 11
core   0: 3 0x8000e9cc (0x00b3e213) x 4 0x80025e5f
core   0: 0x8000e9d0 (0x000001f6) c.slli  gp, 29
core   0: 3 0x8000e9d0 (0x01f6) x 3 0x00000000
core   0: 0x8000e9d2 (0x016ae833) or      a6, s5, s6
core   0: 3 0x8000e9d2 (0x016ae833) x16 0x80029ce4
core   0: 0x8000e9d6 (0x0000c38d) c.beqz  a5, pc + 34
core   0: 3 0x8000e9d6 (0xc38d)
core   0: 0x8000e9f8 (0x00006bc1) c.lui   s7, 0x10
core   0: 3 0x8000e9f8 (0x6bc1) x23 0x00010000
core   0: 0x8000e9fa (0x02193633) mulhu   a2, s2, ra
core   0: 3 0x8000e9fa (0x02193633) x12 0x0000ffff
core   0: 0x8000e9fe (0x00009c0a) c.add   s8, sp
core   0: 3 0x8000e9fe (0x9c0a) x24 0x802515d7
core   0: 0x8000ea00 (0x00008d49) c.or    a0, a0
core   0: 3 0x8000ea00 (0x8d49) x10 0x053c9a00
core   0: 0x8000ea02 (0x00000b88) c.addi4spn a0, sp, 464
core   0: 3 0x8000ea02 (0x0b88) x10 0x8002a1cd
core   0: 0x8000ea04 (0x0240f063) bgeu    ra, tp, pc + 32
core   0: 3 0x8000ea04 (0x0240f063)
core   0: 0x8000ea24 (0x030eef33) rem     t5, t4, a6
core   0: 3 0x8000ea24 (0x030eef33) x30 0x00004000
core   0: 0x8000ea28 (0xe9e43cb7) lui     s9, 0xe9e43
core   0: 3 0x8000ea28 (0xe9e43cb7) x25 0xe9e43000
core   0: 0x8000ea2c (0x62414b13) xori    s6, sp, 1572
core   0: 3 0x8000ea2c (0x62414b13) x22 0x800299d9
core   0: 0x8000ea30 (0x00008e71) c.and   a2, a2
core   0: 3 0x8000ea30 (0x8e71) x12 0x0000ffff
core   0: 0x8000ea32 (0x1ab50893) addi    a7, a0, 427
core   0: 3 0x8000ea32 (0x1ab50893) x17 0x8002a378
core   0: 0x8000ea36 (0x010a12b3) sll     t0, s4, a6
core   0: 3 0x8000ea36 (0x010a12b3) x 5 0x4ebb5080
core   0: 0x8000ea3a (0x027c5533) divu    a0, s8, t2
core   0: 3 0x8000ea3a (0x027c5533) x10 0x00000001
core   0: 0x8000ea3e (0x01d3f033) and     zero, t2, t4
core   0: 3 0x8000ea3e (0x01d3f033)
core   0: 0x8000ea42 (0x00000001) c.nop
core   0: 3 0x8000ea42 (0x0001)
core   0: 0x8000ea44 (0x00650263) beq     a0, t1, pc + 4
core   0: 3 0x8000ea44 (0x00650263)
core   0: 0x8000ea48 (0x7df93c17) auipc   s8, 0x7df93
core   0: 3 0x8000ea48 (0x7df93c17) x24 0xfdfa1a48
core   0: 0x8000ea4c (0x0000100f) fence.i
core   0: 3 0x8000ea4c (0x0000100f)
core   0: 0x8000ea50 (0x01320533) add     a0, tp, s3
core   0: 3 0x8000ea50 (0x01320533) x10 0x80025e60
core   0: 0x8000ea54 (0x000087aa) c.mv    a5, a0
core   0: 3 0x8000ea54 (0x87aa) x15 0x80025e60
core   0: 0x8000ea56 (0x03ad59b3) divu    s3, s10, s10
core   0: 3 0x8000ea56 (0x03ad59b3) x19 0x00000001
core   0: 0x8000ea5a (0x00634563) blt     t1, t1, pc + 10
core   0: 3 0x8000ea5a (0x00634563)
core   0: 0x8000ea5e (0x0ff0000f) fence   iorw,iorw
core   0: 3 0x8000ea5e (0x0ff0000f)
core   0: 0x8000ea62 (0x00008d1e) c.mv    s10, t2
core   0: 3 0x8000ea62 (0x8d1e) x26 0x80025e5c
core   0: 0x8000ea64 (0x4b3b3813) sltiu   a6, s6, 1203
core   0: 3 0x8000ea64 (0x4b3b3813) x16 0x00000000
core   0: 0x8000ea68 (0x00dc5f33) srl     t5, s8, a3
core   0: 3 0x8000ea68 (0x00dc5f33) x30 0x00000fdf
core   0: 0x8000ea6c (0xa9232217) auipc   tp, 0xa9232
core   0: 3 0x8000ea6c (0xa9232217) x 4 0x29240a6c
core   0: 0x8000ea70 (0x00000001) c.nop
core   0: 3 0x8000ea70 (0x0001)
core   0: 0x8000ea72 (0x0000eb15) c.bnez  a4, pc + 52
core   0: 3 0x8000ea72 (0xeb15)
core   0: 0x8000eaa6 (0x90bebd13) sltiu   s10, t4, -1781
core   0: 3 0x8000eaa6 (0x90bebd13) x26 0x00000001
core   0: 0x8000eaaa (0x03cf91b3) mulh    gp, t6, t3
core   0: 3 0x8000eaaa (0x03cf91b3) x 3 0x00000000
core   0: 0x8000eaae (0x1e6bb693) sltiu   a3, s7, 486
core   0: 3 0x8000eaae (0x1e6bb693) x13 0x00000000
core   0: 0x8000eab2 (0x41af5c33) sra     s8, t5, s10
core   0: 3 0x8000eab2 (0x41af5c33) x24 0x000007ef
core   0: 0x8000eab6 (0x02936133) rem     sp, t1, s1
core   0: 3 0x8000eab6 (0x02936133) x 2 0x00008000
core   0: 0x8000eaba (0x000086b5) c.srai  a3, 13
core   0: 3 0x8000eaba (0x86b5) x13 0x00000000
core   0: 0x8000eabc (0x00a3b0b3) sltu    ra, t2, a0
core   0: 3 0x8000eabc (0x00a3b0b3) x 1 0x00000001
core   0: 0x8000eac0 (0x6e02c313) xori    t1, t0, 1760
core   0: 3 0x8000eac0 (0x6e02c313) x 6 0x4ebb5660
core   0: 0x8000eac4 (0x0043a203) lw      tp, 4(t2)
core   0: 3 0x8000eac4 (0x0043a203) x 4 0x80002874 mem 0x80025e60
core   0: 0x8000eac8 (0x0000717d) c.addi16sp sp, -16
core   0: 3 0x8000eac8 (0x717d) x 2 0x00007ff0
core   0: 0x8000eaca (0x000003a1) c.addi  t2, 8
core   0: 3 0x8000eaca (0x03a1) x 7 0x80025e64
core   0: 0x8000eacc (0x00435093) srli    ra, t1, 4
core   0: 3 0x8000eacc (0x00435093) x 1 0x04ebb566
core   0: 0x8000ead0 (0x000060b1) c.lui   ra, 0xc
core   0: 3 0x8000ead0 (0x60b1) x 1 0x0000c000
core   0: 0x8000ead2 (0x0000928a) c.add   t0, sp
core   0: 3 0x8000ead2 (0x928a) x 5 0x4ebbd070
core   0: 0x8000ead4 (0x00120093) addi    ra, tp, 1
core   0: 3 0x8000ead4 (0x00120093) x 1 0x80002875
core   0: 0x8000ead8 (0x000080e7) jalr    ra
core   0: 3 0x8000ead8 (0x000080e7) x 1 0x8000eadc
core   0: 0x80002874 (0x04950163) beq     a0, s1, pc + 66
core   0: 3 0x80002874 (0x04950163)
core   0: 0x80002878 (0x0000100f) fence.i
core   0: 3 0x80002878 (0x0000100f)
core   0: 0x8000287c (0x02c98d33) mul     s10, s3, a2
core   0: 3 0x8000287c (0x02c98d33) x26 0x0000ffff
core   0: 0x80002880 (0xf0f3b213) sltiu   tp, t2, -241
core   0: 3 0x80002880 (0xf0f3b213) x 4 0x00000001
core   0: 0x80002884 (0x026832b3) mulhu   t0, a6, t1
core   0: 3 0x80002884 (0x026832b3) x 5 0x00000000
core   0: 0x80002888 (0x0000100f) fence.i
core   0: 3 0x80002888 (0x0000100f)
core   0: 0x8000288c (0x01d00133) add     sp, zero, t4
core   0: 3 0x8000288c (0x01d00133) x 2 0x00004000
core   0: 0x80002890 (0x000040e1) c.li    ra, 24
core   0: 3 0x80002890 (0x40e1) x 1 0x00000018
core   0: 0x80002892 (0x0000ee8d) c.bnez  a3, pc + 58
core   0: 3 0x80002892 (0xee8d)
core   0: 0x80002894 (0x3904a893) slti    a7, s1, 912
core   0: 3 0x80002894 (0x3904a893) x17 0x00000000
core   0: 0x80002898 (0xf2753493) sltiu   s1, a0, -217
core   0: 3 0x80002898 (0xf2753493) x 9 0x00000001
core   0: 0x8000289c (0x0ff0000f) fence   iorw,iorw
core   0: 3 0x8000289c (0x0ff0000f)
core   0: 0x800028a0 (0x00c51d33) sll     s10, a0, a2
core   0: 3 0x800028a0 (0x00c51d33) x26 0x00000000
core   0: 0x800028a4 (0x36f23113) sltiu   sp, tp, 879
core   0: 3 0x800028a4 (0x36f23113) x 2 0x00000001
core   0: 0x800028a8 (0x00001200) c.addi4spn s0, sp, 288
core   0: 3 0x800028a8 (0x1200) x 8 0x00000121
core   0: 0x800028aa (0x02c3bbb3) mulhu   s7, t2, a2
core   0: 3 0x800028aa (0x02c3bbb3) x23 0x00008001
core   0: 0x800028ae (0x0ff0000f) fence   iorw,iorw
core   0: 3 0x800028ae (0x0ff0000f)
core   0: 0x800028b2 (0x00009eda) c.add   t4, s6
core   0: 3 0x800028b2 (0x9eda) x29 0x8002d9d9
core   0: 0x800028b4 (0x00000d1c) c.addi4spn a5, sp, 656
core   0: 3 0x800028b4 (0x0d1c) x15 0x00000291
core   0: 0x800028b6 (0x00008cf1) c.and   s1, a2
core   0: 3 0x800028b6 (0x8cf1) x 9 0x00000001
core   0: 0x800028b8 (0x01ae8db3) add     s11, t4, s10
core   0: 3 0x800028b8 (0x01ae8db3) x27 0x8002d9d9
core   0: 0x800028bc (0x015668b3) or      a7, a2, s5
core   0: 3 0x800028bc (0x015668b3) x17 0x8002ffff
core   0: 0x800028c0 (0x00ee2bb3) slt     s7, t3, a4
core   0: 3 0x800028c0 (0x00ee2bb3) x23 0x00000000
core   0: 0x800028c4 (0x41e3dd13) srai    s10, t2, 30
core   0: 3 0x800028c4 (0x41e3dd13) x26 0xfffffffe
core   0: 0x800028c8 (0x899df613) andi    a2, s11, -1895
core   0: 3 0x800028c8 (0x899df613) x12 0x8002d899
core   0: 0x800028cc (0x0034e633) or      a2, s1, gp
core   0: 3 0x800028cc (0x0034e633) x12 0x00000001
core   0: 0x800028d0 (0x00008f45) c.or    a4, s1
core   0: 3 0x800028d0 (0x8f45) x14 0x8002a15d
core   0: 0x800028d2 (0x000090da) c.add   ra, s6
core   0: 3 0x800028d2 (0x90da) x 1 0x800299f1
core   0: 0x800028d4 (0x00008cd1) c.or    s1, a2
core   0: 3 0x800028d4 (0x8cd1) x 9 0x00000001
core   0: 0x800028d6 (0x00008e11) c.sub   a2, a2
core   0: 3 0x800028d6 (0x8e11) x12 0x00000000
core   0: 0x800028d8 (0x03119833) mulh    a6, gp, a7
core   0: 3 0x800028d8 (0x03119833) x16 0x00000000
core   0: 0x800028dc (0x75fef913) andi    s2, t4, 1887
core   0: 3 0x800028dc (0x75fef913) x18 0x00000159
core   0: 0x800028e0 (0x00000a04) c.addi4spn s1, sp, 272
core   0: 3 0x800028e0 (0x0a04) x 9 0x00000111
core   0: 0x800028e2 (0x00009a7d) c.andi  a2, -1
core   0: 3 0x800028e2 (0x9a7d) x12 0x00000000
core   0: 0x800028e4 (0x030dfa33) remu    s4, s11, a6
core   0: 3 0x800028e4 (0x030dfa33) x20 0x8002d9d9
core   0: 0x800028e8 (0x02907eb3) remu    t4, zero, s1
core   0: 3 0x800028e8 (0x02907eb3) x29 0x00000000
core   0: 0x800028ec (0xe19e7d97) auipc   s11, 0xe19e7
core   0: 3 0x800028ec (0xe19e7d97) x27 0x619e98ec
core   0: 0x800028f0 (0x4011d733) sra     a4, gp, ra
core   0: 3 0x800028f0 (0x4011d733) x14 0x00000000
core   0: 0x800028f4 (0x02ff6963) bltu    t5, a5, pc + 50
core   0: 3 0x800028f4 (0x02ff6963)
core   0: 0x800028f8 (0x00001318) c.addi4spn a4, sp, 416
core   0: 3 0x800028f8 (0x1318) x14 0x000001a1
core   0: 0x800028fa (0x00006e05) c.lui   t3, 0x1
core   0: 3 0x800028fa (0x6e05) x28 0x00001000
core   0: 0x800028fc (0x0ff0000f) fence   iorw,iorw
core   0: 3 0x800028fc (0x0ff0000f)
core   0: 0x80002900 (0x01535263) bge     t1, s5, pc + 4
core   0: 3 0x80002900 (0x01535263)
core   0: 0x80002904 (0x005fd913) srli    s2, t6, 5
core   0: 3 0x80002904 (0x005fd913) x18 0x00000000
core   0: 0x80002908 (0x0000cc15) c.beqz  s0, pc + 60
core   0: 3 0x80002908 (0xcc15)
core   0: 0x8000290a (0x021ca433) mulhsu  s0, s9, ra
core   0: 3 0x8000290a (0x021ca433) x 8 0xf4f1de7c
core   0: 0x8000290e (0x00008719) c.srai  a4, 6
core   0: 3 0x8000290e (0x8719) x14 0x00000006
core   0: 0x80002910 (0x014b6663) bltu    s6, s4, pc + 12
core   0: 3 0x80002910 (0x014b6663)
core   0: 0x8000291c (0x03fb0f33) mul     t5, s6, t6
core   0: 3 0x8000291c (0x03fb0f33) x30 0x00000000
core   0: 0x80002920 (0x027df433) remu    s0, s11, t2
core   0: 3 0x80002920 (0x027df433) x 8 0x619e98ec
core   0: 0x80002924 (0x00000001) c.nop
core   0: 3 0x80002924 (0x0001)
core   0: 0x80002926 (0x00000001) c.nop
core   0: 3 0x80002926 (0x0001)
core   0: 0x80002928 (0x01c96eb3) or      t4, s2, t3
core   0: 3 0x80002928 (0x01c96eb3) x29 0x00001000
core   0: 0x8000292c (0xe5353293) sltiu   t0, a0, -429
core   0: 3 0x8000292c (0xe5353293) x 5 0x00000001
core   0: 0x80002930 (0x00006b99) c.lui   s7, 0x6
core   0: 3 0x80002930 (0x6b99) x23 0x00006000
core   0: 0x80002932 (0x01b58263) beq     a1, s11, pc + 4
core   0: 3 0x80002932 (0x01b58263)
core   0: 0x80002936 (0x03e5a4b3) mulhsu  s1, a1, t5
core   0: 3 0x80002936 (0x03e5a4b3) x 9 0x00000000
core   0: 0x8000293a (0x00008e0d) c.sub   a2, a1
core   0: 3 0x8000293a (0x8e0d) x12 0xfe58cefd
core   0: 0x8000293c (0x011ef463) bgeu    t4, a7, pc + 8
core   0: 3 0x8000293c (0x011ef463)
core   0: 0x80002940 (0x1bc7c913) xori    s2, a5, 444
core   0: 3 0x80002940 (0x1bc7c913) x18 0x0000032d
core   0: 0x80002944 (0x00008fcd) c.or    a5, a1
core   0: 3 0x80002944 (0x8fcd) x15 0x01a73393
core   0: 0x80002946 (0x38e43d93) sltiu   s11, s0, 910
core   0: 3 0x80002946 (0x38e43d93) x27 0x00000000
core   0: 0x8000294a (0xc1247b93) andi    s7, s0, -1006
core   0: 3 0x8000294a (0xc1247b93) x23 0x619e9800
core   0: 0x8000294e (0x0ff0000f) fence   iorw,iorw
core   0: 3 0x8000294e (0x0ff0000f)
core   0: 0x80002952 (0x00008f9d) c.sub   a5, a5
core   0: 3 0x80002952 (0x8f9d) x15 0x00000000
core   0: 0x80002954 (0x036cccb3) div     s9, s9, s6
core   0: 3 0x80002954 (0x036cccb3) x25 0x00000000
core   0: 0x80002958 (0x014f7bb3) and     s7, t5, s4
core   0: 3 0x80002958 (0x014f7bb3) x23 0x00000000
core   0: 0x8000295c (0x0003d9b3) srl     s3, t2, zero
core   0: 3 0x8000295c (0x0003d9b3) x19 0x80025e64
core   0: 0x80002960 (0x00a36263) bltu    t1, a0, pc + 4
core   0: 3 0x80002960 (0x00a36263)
core   0: 0x80002964 (0x03c7e333) rem     t1, a5, t3
core   0: 3 0x80002964 (0x03c7e333) x 6 0x00000000
core   0: 0x80002968 (0x00000597) auipc   a1, 0x0
core   0: 3 0x80002968 (0x00000597) x11 0x80002968
core   0: 0x8000296c (0x00c58593) addi    a1, a1, 12
core   0: 3 0x8000296c (0x00c58593) x11 0x80002974
core   0: 0x80002970 (0x00058067) jr      a1
core   0: 3 0x80002970 (0x00058067)
core   0: 0x80002974 (0x00004185) c.li    gp, 1
core   0: 3 0x80002974 (0x4185) x 3 0x00000001
core   0: 0x80002976 (0x00000073) ecall
core   0: exception trap_machine_ecall, epc 0x80002976
core   0: >>>>  mtvec_handler
core   0: 0x8000eae8 (0x00001af1) c.addi  s5, -4
core   0: 3 0x8000eae8 (0x1af1) x21 0x80029ce0
core   0: 0x8000eaea (0x007aa023) sw      t2, 0(s5)
core   0: 3 0x8000eaea (0x007aa023) mem 0x80029ce0 0x80025e64
core   0: 0x8000eaee (0x000a83b3) add     t2, s5, zero
core   0: 3 0x8000eaee (0x000a83b3) x 7 0x80029ce0
core   0: 0x8000eaf2 (0xf8038393) addi    t2, t2, -128
core   0: 3 0x8000eaf2 (0xf8038393) x 7 0x80029c60
core   0: 0x8000eaf6 (0x0013a223) sw      ra, 4(t2)
core   0: 3 0x8000eaf6 (0x0013a223) mem 0x80029c64 0x800299f1
core   0: 0x8000eafa (0x0023a423) sw      sp, 8(t2)
core   0: 3 0x8000eafa (0x0023a423) mem 0x80029c68 0x00000001
core   0: 0x8000eafe (0x0033a623) sw      gp, 12(t2)
core   0: 3 0x8000eafe (0x0033a623) mem 0x80029c6c 0x00000001
core   0: 0x8000eb02 (0x0043a823) sw      tp, 16(t2)
core   0: 3 0x8000eb02 (0x0043a823) mem 0x80029c70 0x00000001
core   0: 0x8000eb06 (0x0053aa23) sw      t0, 20(t2)
core   0: 3 0x8000eb06 (0x0053aa23) mem 0x80029c74 0x00000001
core   0: 0x8000eb0a (0x0063ac23) sw      t1, 24(t2)
core   0: 3 0x8000eb0a (0x0063ac23) mem 0x80029c78 0x00000000
core   0: 0x8000eb0e (0x0073ae23) sw      t2, 28(t2)
core   0: 3 0x8000eb0e (0x0073ae23) mem 0x80029c7c 0x80029c60
core   0: 0x8000eb12 (0x0283a023) sw      s0, 32(t2)
core   0: 3 0x8000eb12 (0x0283a023) mem 0x80029c80 0x619e98ec
core   0: 0x8000eb16 (0x0293a223) sw      s1, 36(t2)
core   0: 3 0x8000eb16 (0x0293a223) mem 0x80029c84 0x00000000
core   0: 0x8000eb1a (0x02a3a423) sw      a0, 40(t2)
core   0: 3 0x8000eb1a (0x02a3a423) mem 0x80029c88 0x80025e60
core   0: 0x8000eb1e (0x02b3a623) sw      a1, 44(t2)
core   0: 3 0x8000eb1e (0x02b3a623) mem 0x80029c8c 0x80002974
core   0: 0x8000eb22 (0x02c3a823) sw      a2, 48(t2)
core   0: 3 0x8000eb22 (0x02c3a823) mem 0x80029c90 0xfe58cefd
core   0: 0x8000eb26 (0x02d3aa23) sw      a3, 52(t2)
core   0: 3 0x8000eb26 (0x02d3aa23) mem 0x80029c94 0x00000000
core   0: 0x8000eb2a (0x02e3ac23) sw      a4, 56(t2)
core   0: 3 0x8000eb2a (0x02e3ac23) mem 0x80029c98 0x00000006
core   0: 0x8000eb2e (0x02f3ae23) sw      a5, 60(t2)
core   0: 3 0x8000eb2e (0x02f3ae23) mem 0x80029c9c 0x00000000
core   0: 0x8000eb32 (0x0503a023) sw      a6, 64(t2)
core   0: 3 0x8000eb32 (0x0503a023) mem 0x80029ca0 0x00000000
core   0: 0x8000eb36 (0x0513a223) sw      a7, 68(t2)
core   0: 3 0x8000eb36 (0x0513a223) mem 0x80029ca4 0x8002ffff
core   0: 0x8000eb3a (0x0523a423) sw      s2, 72(t2)
core   0: 3 0x8000eb3a (0x0523a423) mem 0x80029ca8 0x0000032d
core   0: 0x8000eb3e (0x0533a623) sw      s3, 76(t2)
core   0: 3 0x8000eb3e (0x0533a623) mem 0x80029cac 0x80025e64
core   0: 0x8000eb42 (0x0543a823) sw      s4, 80(t2)
core   0: 3 0x8000eb42 (0x0543a823) mem 0x80029cb0 0x8002d9d9
core   0: 0x8000eb46 (0x0553aa23) sw      s5, 84(t2)
core   0: 3 0x8000eb46 (0x0553aa23) mem 0x80029cb4 0x80029ce0
core   0: 0x8000eb4a (0x0563ac23) sw      s6, 88(t2)
core   0: 3 0x8000eb4a (0x0563ac23) mem 0x80029cb8 0x800299d9
core   0: 0x8000eb4e (0x0573ae23) sw      s7, 92(t2)
core   0: 3 0x8000eb4e (0x0573ae23) mem 0x80029cbc 0x00000000
core   0: 0x8000eb52 (0x0783a023) sw      s8, 96(t2)
core   0: 3 0x8000eb52 (0x0783a023) mem 0x80029cc0 0x000007ef
core   0: 0x8000eb56 (0x0793a223) sw      s9, 100(t2)
core   0: 3 0x8000eb56 (0x0793a223) mem 0x80029cc4 0x00000000
core   0: 0x8000eb5a (0x07a3a423) sw      s10, 104(t2)
core   0: 3 0x8000eb5a (0x07a3a423) mem 0x80029cc8 0xfffffffe
core   0: 0x8000eb5e (0x07b3a623) sw      s11, 108(t2)
core   0: 3 0x8000eb5e (0x07b3a623) mem 0x80029ccc 0x00000000
core   0: 0x8000eb62 (0x07c3a823) sw      t3, 112(t2)
core   0: 3 0x8000eb62 (0x07c3a823) mem 0x80029cd0 0x00001000
core   0: 0x8000eb66 (0x07d3aa23) sw      t4, 116(t2)
core   0: 3 0x8000eb66 (0x07d3aa23) mem 0x80029cd4 0x00001000
core   0: 0x8000eb6a (0x07e3ac23) sw      t5, 120(t2)
core   0: 3 0x8000eb6a (0x07e3ac23) mem 0x80029cd8 0x00000000
core   0: 0x8000eb6e (0x07f3ae23) sw      t6, 124(t2)
core   0: 3 0x8000eb6e (0x07f3ae23) mem 0x80029cdc 0x00000000
core   0: 0x8000eb72 (0x00038ab3) add     s5, t2, zero
core   0: 3 0x8000eb72 (0x00038ab3) x21 0x80029c60
core   0: 0x8000eb76 (0x30002d73) csrr    s10, mstatus
core   0: 3 0x8000eb76 (0x30002d73) x26 0x00001800
core   0: 0x8000eb7a (0x34202d73) csrr    s10, mcause
core   0: 3 0x8000eb7a (0x34202d73) x26 0x0000000b
core   0: 0x8000eb7e (0x01fd5d13) srli    s10, s10, 31
core   0: 3 0x8000eb7e (0x01fd5d13) x26 0x00000000
core   0: 0x8000eb82 (0x3e0d1163) bnez    s10, pc + 994
core   0: 3 0x8000eb82 (0x3e0d1163)
core   0: 0x8000eb86 (0x34102d73) csrr    s10, mepc
core   0: 3 0x8000eb86 (0x34102d73) x26 0x80002976
core   0: 0x8000eb8a (0x34202d73) csrr    s10, mcause
core   0: 3 0x8000eb8a (0x34202d73) x26 0x0000000b
core   0: 0x8000eb8e (0x00004e0d) c.li    t3, 3
core   0: 3 0x8000eb8e (0x4e0d) x28 0x00000003
core   0: 0x8000eb90 (0x29cd0d63) beq     s10, t3, pc + 666
core   0: 3 0x8000eb90 (0x29cd0d63)
core   0: 0x8000eb94 (0x00004e21) c.li    t3, 8
core   0: 3 0x8000eb94 (0x4e21) x28 0x00000008
core   0: 0x8000eb96 (0x05cd0563) beq     s10, t3, pc + 74
core   0: 3 0x8000eb96 (0x05cd0563)
core   0: 0x8000eb9a (0x00004e25) c.li    t3, 9
core   0: 3 0x8000eb9a (0x4e25) x28 0x00000009
core   0: 0x8000eb9c (0x05cd0263) beq     s10, t3, pc + 68
core   0: 3 0x8000eb9c (0x05cd0263)
core   0: 0x8000eba0 (0x00004e2d) c.li    t3, 11
core   0: 3 0x8000eba0 (0x4e2d) x28 0x0000000b
core   0: 0x8000eba2 (0x03cd0f63) beq     s10, t3, pc + 62
core   0: 3 0x8000eba2 (0x03cd0f63)
core   0: 0x8000ebe0 (0xffff1d17) auipc   s10, 0xffff1
core   0: 3 0x8000ebe0 (0xffff1d17) x26 0x7ffffbe0
core   0: 0x8000ebe4 (0x420d0d13) addi    s10, s10, 1056
core   0: 3 0x8000ebe4 (0x420d0d13) x26 0x80000000
core   0: 0x8000ebe8 (0x000d2023) sw      zero, 0(s10)
core   0: 3 0x8000ebe8 (0x000d2023) mem 0x80000000 0x00000000
core   0: 0x8000ebec (0x001d2223) sw      ra, 4(s10)
core   0: 3 0x8000ebec (0x001d2223) mem 0x80000004 0x800299f1
core   0: 0x8000ebf0 (0x002d2423) sw      sp, 8(s10)
core   0: 3 0x8000ebf0 (0x002d2423) mem 0x80000008 0x00000001
core   0: 0x8000ebf4 (0x003d2623) sw      gp, 12(s10)
core   0: 3 0x8000ebf4 (0x003d2623) mem 0x8000000c 0x00000001
core   0: 0x8000ebf8 (0x004d2823) sw      tp, 16(s10)
core   0: 3 0x8000ebf8 (0x004d2823) mem 0x80000010 0x00000001
core   0: 0x8000ebfc (0x005d2a23) sw      t0, 20(s10)
core   0: 3 0x8000ebfc (0x005d2a23) mem 0x80000014 0x00000001
core   0: 0x8000ec00 (0x006d2c23) sw      t1, 24(s10)
core   0: 3 0x8000ec00 (0x006d2c23) mem 0x80000018 0x00000000
core   0: 0x8000ec04 (0x007d2e23) sw      t2, 28(s10)
core   0: 3 0x8000ec04 (0x007d2e23) mem 0x8000001c 0x80029c60
core   0: 0x8000ec08 (0x028d2023) sw      s0, 32(s10)
core   0: 3 0x8000ec08 (0x028d2023) mem 0x80000020 0x619e98ec
core   0: 0x8000ec0c (0x029d2223) sw      s1, 36(s10)
core   0: 3 0x8000ec0c (0x029d2223) mem 0x80000024 0x00000000
core   0: 0x8000ec10 (0x02ad2423) sw      a0, 40(s10)
core   0: 3 0x8000ec10 (0x02ad2423) mem 0x80000028 0x80025e60
core   0: 0x8000ec14 (0x02bd2623) sw      a1, 44(s10)
core   0: 3 0x8000ec14 (0x02bd2623) mem 0x8000002c 0x80002974
core   0: 0x8000ec18 (0x02cd2823) sw      a2, 48(s10)
core   0: 3 0x8000ec18 (0x02cd2823) mem 0x80000030 0xfe58cefd
core   0: 0x8000ec1c (0x02dd2a23) sw      a3, 52(s10)
core   0: 3 0x8000ec1c (0x02dd2a23) mem 0x80000034 0x00000000
core   0: 0x8000ec20 (0x02ed2c23) sw      a4, 56(s10)
core   0: 3 0x8000ec20 (0x02ed2c23) mem 0x80000038 0x00000006
core   0: 0x8000ec24 (0x02fd2e23) sw      a5, 60(s10)
core   0: 3 0x8000ec24 (0x02fd2e23) mem 0x8000003c 0x00000000
core   0: 0x8000ec28 (0x050d2023) sw      a6, 64(s10)
core   0: 3 0x8000ec28 (0x050d2023) mem 0x80000040 0x00000000
core   0: 0x8000ec2c (0x051d2223) sw      a7, 68(s10)
core   0: 3 0x8000ec2c (0x051d2223) mem 0x80000044 0x8002ffff
core   0: 0x8000ec30 (0x052d2423) sw      s2, 72(s10)
core   0: 3 0x8000ec30 (0x052d2423) mem 0x80000048 0x0000032d
core   0: 0x8000ec34 (0x053d2623) sw      s3, 76(s10)
core   0: 3 0x8000ec34 (0x053d2623) mem 0x8000004c 0x80025e64
core   0: 0x8000ec38 (0x054d2823) sw      s4, 80(s10)
core   0: 3 0x8000ec38 (0x054d2823) mem 0x80000050 0x8002d9d9
core   0: 0x8000ec3c (0x055d2a23) sw      s5, 84(s10)
core   0: 3 0x8000ec3c (0x055d2a23) mem 0x80000054 0x80029c60
core   0: 0x8000ec40 (0x056d2c23) sw      s6, 88(s10)
core   0: 3 0x8000ec40 (0x056d2c23) mem 0x80000058 0x800299d9
core   0: 0x8000ec44 (0x057d2e23) sw      s7, 92(s10)
core   0: 3 0x8000ec44 (0x057d2e23) mem 0x8000005c 0x00000000
core   0: 0x8000ec48 (0x078d2023) sw      s8, 96(s10)
core   0: 3 0x8000ec48 (0x078d2023) mem 0x80000060 0x000007ef
core   0: 0x8000ec4c (0x079d2223) sw      s9, 100(s10)
core   0: 3 0x8000ec4c (0x079d2223) mem 0x80000064 0x00000000
core   0: 0x8000ec50 (0x07ad2423) sw      s10, 104(s10)
core   0: 3 0x8000ec50 (0x07ad2423) mem 0x80000068 0x80000000
core   0: 0x8000ec54 (0x07bd2623) sw      s11, 108(s10)
core   0: 3 0x8000ec54 (0x07bd2623) mem 0x8000006c 0x00000000
core   0: 0x8000ec58 (0x07cd2823) sw      t3, 112(s10)
core   0: 3 0x8000ec58 (0x07cd2823) mem 0x80000070 0x0000000b
core   0: 0x8000ec5c (0x07dd2a23) sw      t4, 116(s10)
core   0: 3 0x8000ec5c (0x07dd2a23) mem 0x80000074 0x00001000
core   0: 0x8000ec60 (0x07ed2c23) sw      t5, 120(s10)
core   0: 3 0x8000ec60 (0x07ed2c23) mem 0x80000078 0x00000000
core   0: 0x8000ec64 (0x07fd2e23) sw      t6, 124(s10)
core   0: 3 0x8000ec64 (0x07fd2e23) mem 0x8000007c 0x00000000
core   0: 0x8000ec68 (0x00000597) auipc   a1, 0x0
core   0: 3 0x8000ec68 (0x00000597) x11 0x8000ec68
core   0: 0x8000ec6c (0xe7458593) addi    a1, a1, -396
core   0: 3 0x8000ec6c (0xe7458593) x11 0x8000eadc
core   0: 0x8000ec70 (0x00058067) jr      a1
core   0: 3 0x8000ec70 (0x00058067)
core   0: 0x8000eadc (0x00001f17) auipc   t5, 0x1
core   0: 3 0x8000eadc (0x00001f17) x30 0x8000fadc
core   0: 0x8000eae0 (0x523f2223) sw      gp, 1316(t5)
core   0: 3 0x8000eae0 (0x523f2223) mem 0x80010000 0x00000001
core   0: 0x8000eae4 (0x0000bfe5) c.j     pc - 8
core   0: 3 0x8000eae4 (0xbfe5)
core   0: 0x8000eadc (0x00001f17) auipc   t5, 0x1
core   0: 3 0x8000eadc (0x00001f17) x30 0x8000fadc
core   0: 0x8000eae0 (0x523f2223) sw      gp, 1316(t5)
core   0: 3 0x8000eae0 (0x523f2223) mem 0x80010000 0x00000001
core   0: 0x8000eae4 (0x0000bfe5) c.j     pc - 8
core   0: 3 0x8000eae4 (0xbfe5)
core   0: 0x8000eadc (0x00001f17) auipc   t5, 0x1
core   0: 3 0x8000eadc (0x00001f17) x30 0x8000fadc
core   0: 0x8000eae0 (0x523f2223) sw      gp, 1316(t5)
core   0: 3 0x8000eae0 (0x523f2223) mem 0x80010000 0x00000001
core   0: 0x8000eae4 (0x0000bfe5) c.j     pc - 8
core   0: 3 0x8000eae4 (0xbfe5)
core   0: 0x8000eadc (0x00001f17) auipc   t5, 0x1
core   0: 3 0x8000eadc (0x00001f17) x30 0x8000fadc
core   0: 0x8000eae0 (0x523f2223) sw      gp, 1316(t5)
core   0: 3 0x8000eae0 (0x523f2223) mem 0x80010000 0x00000001
core   0: 0x8000eae4 (0x0000bfe5) c.j     pc - 8
core   0: 3 0x8000eae4 (0xbfe5)
core   0: 0x8000eadc (0x00001f17) auipc   t5, 0x1
core   0: 3 0x8000eadc (0x00001f17) x30 0x8000fadc
core   0: 0x8000eae0 (0x523f2223) sw      gp, 1316(t5)
core   0: 3 0x8000eae0 (0x523f2223) mem 0x80010000 0x00000001
core   0: 0x8000eae4 (0x0000bfe5) c.j     pc - 8
core   0: 3 0x8000eae4 (0xbfe5)
core   0: 0x8000eadc (0x00001f17) auipc   t5, 0x1
core   0: 3 0x8000eadc (0x00001f17) x30 0x8000fadc
core   0: 0x8000eae0 (0x523f2223) sw      gp, 1316(t5)
core   0: 3 0x8000eae0 (0x523f2223) mem 0x80010000 0x00000001
core   0: 0x8000eae4 (0x0000bfe5) c.j     pc - 8
core   0: 3 0x8000eae4 (0xbfe5)
core   0: 0x8000eadc (0x00001f17) auipc   t5, 0x1
core   0: 3 0x8000eadc (0x00001f17) x30 0x8000fadc
core   0: 0x8000eae0 (0x523f2223) sw      gp, 1316(t5)
core   0: 3 0x8000eae0 (0x523f2223) mem 0x80010000 0x00000001
core   0: 0x8000eae4 (0x0000bfe5) c.j     pc - 8
core   0: 3 0x8000eae4 (0xbfe5)
core   0: 0x8000eadc (0x00001f17) auipc   t5, 0x1
core   0: 3 0x8000eadc (0x00001f17) x30 0x8000fadc
core   0: 0x8000eae0 (0x523f2223) sw      gp, 1316(t5)
core   0: 3 0x8000eae0 (0x523f2223) mem 0x80010000 0x00000001
core   0: 0x8000eae4 (0x0000bfe5) c.j     pc - 8
core   0: 3 0x8000eae4 (0xbfe5)
core   0: 0x8000eadc (0x00001f17) auipc   t5, 0x1
core   0: 3 0x8000eadc (0x00001f17) x30 0x8000fadc
core   0: 0x8000eae0 (0x523f2223) sw      gp, 1316(t5)
core   0: 3 0x8000eae0 (0x523f2223) mem 0x80010000 0x00000001
core   0: 0x8000eae4 (0x0000bfe5) c.j     pc - 8
core   0: 3 0x8000eae4 (0xbfe5)
core   0: 0x8000eadc (0x00001f17) auipc   t5, 0x1
core   0: 3 0x8000eadc (0x00001f17) x30 0x8000fadc
core   0: 0x8000eae0 (0x523f2223) sw      gp, 1316(t5)
core   0: 3 0x8000eae0 (0x523f2223) mem 0x80010000 0x00000001
core   0: 0x8000eae4 (0x0000bfe5) c.j     pc - 8
core   0: 3 0x8000eae4 (0xbfe5)
core   0: 0x8000eadc (0x00001f17) auipc   t5, 0x1
core   0: 3 0x8000eadc (0x00001f17) x30 0x8000fadc
core   0: 0x8000eae0 (0x523f2223) sw      gp, 1316(t5)
core   0: 3 0x8000eae0 (0x523f2223) mem 0x80010000 0x00000001
core   0: 0x8000eae4 (0x0000bfe5) c.j     pc - 8
core   0: 3 0x8000eae4 (0xbfe5)
core   0: 0x8000eadc (0x00001f17) auipc   t5, 0x1
core   0: 3 0x8000eadc (0x00001f17) x30 0x8000fadc
core   0: 0x8000eae0 (0x523f2223) sw      gp, 1316(t5)
core   0: 3 0x8000eae0 (0x523f2223) mem 0x80010000 0x00000001
core   0: 0x8000eae4 (0x0000bfe5) c.j     pc - 8
core   0: 3 0x8000eae4 (0xbfe5)
core   0: 0x8000eadc (0x00001f17) auipc   t5, 0x1
core   0: 3 0x8000eadc (0x00001f17) x30 0x8000fadc
core   0: 0x8000eae0 (0x523f2223) sw      gp, 1316(t5)
core   0: 3 0x8000eae0 (0x523f2223) mem 0x80010000 0x00000001
core   0: 0x8000eae4 (0x0000bfe5) c.j     pc - 8
core   0: 3 0x8000eae4 (0xbfe5)
core   0: 0x8000eadc (0x00001f17) auipc   t5, 0x1
core   0: 3 0x8000eadc (0x00001f17) x30 0x8000fadc
core   0: 0x8000eae0 (0x523f2223) sw      gp, 1316(t5)
core   0: 3 0x8000eae0 (0x523f2223) mem 0x80010000 0x00000001
core   0: 0x8000eae4 (0x0000bfe5) c.j     pc - 8
core   0: 3 0x8000eae4 (0xbfe5)
core   0: 0x8000eadc (0x00001f17) auipc   t5, 0x1
core   0: 3 0x8000eadc (0x00001f17) x30 0x8000fadc
core   0: 0x8000eae0 (0x523f2223) sw      gp, 1316(t5)
core   0: 3 0x8000eae0 (0x523f2223) mem 0x80010000 0x00000001
core   0: 0x8000eae4 (0x0000bfe5) c.j     pc - 8
core   0: 3 0x8000eae4 (0xbfe5)
core   0: 0x8000eadc (0x00001f17) auipc   t5, 0x1
core   0: 3 0x8000eadc (0x00001f17) x30 0x8000fadc
core   0: 0x8000eae0 (0x523f2223) sw      gp, 1316(t5)
core   0: 3 0x8000eae0 (0x523f2223) mem 0x80010000 0x00000001
core   0: 0x8000eae4 (0x0000bfe5) c.j     pc - 8
core   0: 3 0x8000eae4 (0xbfe5)
core   0: 0x8000eadc (0x00001f17) auipc   t5, 0x1
core   0: 3 0x8000eadc (0x00001f17) x30 0x8000fadc
core   0: 0x8000eae0 (0x523f2223) sw      gp, 1316(t5)
core   0: 3 0x8000eae0 (0x523f2223) mem 0x80010000 0x00000001
core   0: 0x8000eae4 (0x0000bfe5) c.j     pc - 8
core   0: 3 0x8000eae4 (0xbfe5)
core   0: 0x8000eadc (0x00001f17) auipc   t5, 0x1
core   0: 3 0x8000eadc (0x00001f17) x30 0x8000fadc
core   0: 0x8000eae0 (0x523f2223) sw      gp, 1316(t5)
core   0: 3 0x8000eae0 (0x523f2223) mem 0x80010000 0x00000001
core   0: 0x8000eae4 (0x0000bfe5) c.j     pc - 8
core   0: 3 0x8000eae4 (0xbfe5)
core   0: 0x8000eadc (0x00001f17) auipc   t5, 0x1
core   0: 3 0x8000eadc (0x00001f17) x30 0x8000fadc
core   0: 0x8000eae0 (0x523f2223) sw      gp, 1316(t5)
core   0: 3 0x8000eae0 (0x523f2223) mem 0x80010000 0x00000001
core   0: 0x8000eae4 (0x0000bfe5) c.j     pc - 8
core   0: 3 0x8000eae4 (0xbfe5)
core   0: 0x8000eadc (0x00001f17) auipc   t5, 0x1
core   0: 3 0x8000eadc (0x00001f17) x30 0x8000fadc
core   0: 0x8000eae0 (0x523f2223) sw      gp, 1316(t5)
core   0: 3 0x8000eae0 (0x523f2223) mem 0x80010000 0x00000001
core   0: 0x8000eae4 (0x0000bfe5) c.j     pc - 8
core   0: 3 0x8000eae4 (0xbfe5)
core   0: 0x8000eadc (0x00001f17) auipc   t5, 0x1
core   0: 3 0x8000eadc (0x00001f17) x30 0x8000fadc
core   0: 0x8000eae0 (0x523f2223) sw      gp, 1316(t5)
core   0: 3 0x8000eae0 (0x523f2223) mem 0x80010000 0x00000001
core   0: 0x8000eae4 (0x0000bfe5) c.j     pc - 8
core   0: 3 0x8000eae4 (0xbfe5)
core   0: 0x8000eadc (0x00001f17) auipc   t5, 0x1
core   0: 3 0x8000eadc (0x00001f17) x30 0x8000fadc
core   0: 0x8000eae0 (0x523f2223) sw      gp, 1316(t5)
core   0: 3 0x8000eae0 (0x523f2223) mem 0x80010000 0x00000001
core   0: 0x8000eae4 (0x0000bfe5) c.j     pc - 8
core   0: 3 0x8000eae4 (0xbfe5)
core   0: 0x8000eadc (0x00001f17) auipc   t5, 0x1
core   0: 3 0x8000eadc (0x00001f17) x30 0x8000fadc
core   0: 0x8000eae0 (0x523f2223) sw      gp, 1316(t5)
core   0: 3 0x8000eae0 (0x523f2223) mem 0x80010000 0x00000001
core   0: 0x8000eae4 (0x0000bfe5) c.j     pc - 8
core   0: 3 0x8000eae4 (0xbfe5)
core   0: 0x8000eadc (0x00001f17) auipc   t5, 0x1
core   0: 3 0x8000eadc (0x00001f17) x30 0x8000fadc
core   0: 0x8000eae0 (0x523f2223) sw      gp, 1316(t5)
core   0: 3 0x8000eae0 (0x523f2223) mem 0x80010000 0x00000001
core   0: 0x8000eae4 (0x0000bfe5) c.j     pc - 8
core   0: 3 0x8000eae4 (0xbfe5)
core   0: 0x8000eadc (0x00001f17) auipc   t5, 0x1
core   0: 3 0x8000eadc (0x00001f17) x30 0x8000fadc
core   0: 0x8000eae0 (0x523f2223) sw      gp, 1316(t5)
core   0: 3 0x8000eae0 (0x523f2223) mem 0x80010000 0x00000001
core   0: 0x8000eae4 (0x0000bfe5) c.j     pc - 8
core   0: 3 0x8000eae4 (0xbfe5)
core   0: 0x8000eadc (0x00001f17) auipc   t5, 0x1
core   0: 3 0x8000eadc (0x00001f17) x30 0x8000fadc
core   0: 0x8000eae0 (0x523f2223) sw      gp, 1316(t5)
core   0: 3 0x8000eae0 (0x523f2223) mem 0x80010000 0x00000001
core   0: 0x8000eae4 (0x0000bfe5) c.j     pc - 8
core   0: 3 0x8000eae4 (0xbfe5)
core   0: 0x8000eadc (0x00001f17) auipc   t5, 0x1
core   0: 3 0x8000eadc (0x00001f17) x30 0x8000fadc
core   0: 0x8000eae0 (0x523f2223) sw      gp, 1316(t5)
core   0: 3 0x8000eae0 (0x523f2223) mem 0x80010000 0x00000001
core   0: 0x8000eae4 (0x0000bfe5) c.j     pc - 8
core   0: 3 0x8000eae4 (0xbfe5)
core   0: 0x8000eadc (0x00001f17) auipc   t5, 0x1
core   0: 3 0x8000eadc (0x00001f17) x30 0x8000fadc
core   0: 0x8000eae0 (0x523f2223) sw      gp, 1316(t5)
core   0: 3 0x8000eae0 (0x523f2223) mem 0x80010000 0x00000001
core   0: 0x8000eae4 (0x0000bfe5) c.j     pc - 8
core   0: 3 0x8000eae4 (0xbfe5)
core   0: 0x8000eadc (0x00001f17) auipc   t5, 0x1
core   0: 3 0x8000eadc (0x00001f17) x30 0x8000fadc
core   0: 0x8000eae0 (0x523f2223) sw      gp, 1316(t5)
core   0: 3 0x8000eae0 (0x523f2223) mem 0x80010000 0x00000001
core   0: 0x8000eae4 (0x0000bfe5) c.j     pc - 8
core   0: 3 0x8000eae4 (0xbfe5)
core   0: 0x8000eadc (0x00001f17) auipc   t5, 0x1
core   0: 3 0x8000eadc (0x00001f17) x30 0x8000fadc
core   0: 0x8000eae0 (0x523f2223) sw      gp, 1316(t5)
core   0: 3 0x8000eae0 (0x523f2223) mem 0x80010000 0x00000001
core   0: 0x8000eae4 (0x0000bfe5) c.j     pc - 8
core   0: 3 0x8000eae4 (0xbfe5)
core   0: 0x8000eadc (0x00001f17) auipc   t5, 0x1
core   0: 3 0x8000eadc (0x00001f17) x30 0x8000fadc
core   0: 0x8000eae0 (0x523f2223) sw      gp, 1316(t5)
core   0: 3 0x8000eae0 (0x523f2223) mem 0x80010000 0x00000001
core   0: 0x8000eae4 (0x0000bfe5) c.j     pc - 8
core   0: 3 0x8000eae4 (0xbfe5)
core   0: 0x8000eadc (0x00001f17) auipc   t5, 0x1
core   0: 3 0x8000eadc (0x00001f17) x30 0x8000fadc
core   0: 0x8000eae0 (0x523f2223) sw      gp, 1316(t5)
core   0: 3 0x8000eae0 (0x523f2223) mem 0x80010000 0x00000001
core   0: 0x8000eae4 (0x0000bfe5) c.j     pc - 8
core   0: 3 0x8000eae4 (0xbfe5)
core   0: 0x8000eadc (0x00001f17) auipc   t5, 0x1
core   0: 3 0x8000eadc (0x00001f17) x30 0x8000fadc
core   0: 0x8000eae0 (0x523f2223) sw      gp, 1316(t5)
core   0: 3 0x8000eae0 (0x523f2223) mem 0x80010000 0x00000001
core   0: 0x8000eae4 (0x0000bfe5) c.j     pc - 8
core   0: 3 0x8000eae4 (0xbfe5)
core   0: 0x8000eadc (0x00001f17) auipc   t5, 0x1
core   0: 3 0x8000eadc (0x00001f17) x30 0x8000fadc
core   0: 0x8000eae0 (0x523f2223) sw      gp, 1316(t5)
core   0: 3 0x8000eae0 (0x523f2223) mem 0x80010000 0x00000001
core   0: 0x8000eae4 (0x0000bfe5) c.j     pc - 8
core   0: 3 0x8000eae4 (0xbfe5)
core   0: 0x8000eadc (0x00001f17) auipc   t5, 0x1
core   0: 3 0x8000eadc (0x00001f17) x30 0x8000fadc
core   0: 0x8000eae0 (0x523f2223) sw      gp, 1316(t5)
core   0: 3 0x8000eae0 (0x523f2223) mem 0x80010000 0x00000001
core   0: 0x8000eae4 (0x0000bfe5) c.j     pc - 8
core   0: 3 0x8000eae4 (0xbfe5)
core   0: 0x8000eadc (0x00001f17) auipc   t5, 0x1
core   0: 3 0x8000eadc (0x00001f17) x30 0x8000fadc
core   0: 0x8000eae0 (0x523f2223) sw      gp, 1316(t5)
core   0: 3 0x8000eae0 (0x523f2223) mem 0x80010000 0x00000001
core   0: 0x8000eae4 (0x0000bfe5) c.j     pc - 8
core   0: 3 0x8000eae4 (0xbfe5)
core   0: 0x8000eadc (0x00001f17) auipc   t5, 0x1
core   0: 3 0x8000eadc (0x00001f17) x30 0x8000fadc
core   0: 0x8000eae0 (0x523f2223) sw      gp, 1316(t5)
core   0: 3 0x8000eae0 (0x523f2223) mem 0x80010000 0x00000001
core   0: 0x8000eae4 (0x0000bfe5) c.j     pc - 8
core   0: 3 0x8000eae4 (0xbfe5)
core   0: 0x8000eadc (0x00001f17) auipc   t5, 0x1
core   0: 3 0x8000eadc (0x00001f17) x30 0x8000fadc
core   0: 0x8000eae0 (0x523f2223) sw      gp, 1316(t5)
core   0: 3 0x8000eae0 (0x523f2223) mem 0x80010000 0x00000001
core   0: 0x8000eae4 (0x0000bfe5) c.j     pc - 8
core   0: 3 0x8000eae4 (0xbfe5)
core   0: 0x8000eadc (0x00001f17) auipc   t5, 0x1
core   0: 3 0x8000eadc (0x00001f17) x30 0x8000fadc
core   0: 0x8000eae0 (0x523f2223) sw      gp, 1316(t5)
core   0: 3 0x8000eae0 (0x523f2223) mem 0x80010000 0x00000001
core   0: 0x8000eae4 (0x0000bfe5) c.j     pc - 8
core   0: 3 0x8000eae4 (0xbfe5)
core   0: 0x8000eadc (0x00001f17) auipc   t5, 0x1
core   0: 3 0x8000eadc (0x00001f17) x30 0x8000fadc
core   0: 0x8000eae0 (0x523f2223) sw      gp, 1316(t5)
core   0: 3 0x8000eae0 (0x523f2223) mem 0x80010000 0x00000001
core   0: 0x8000eae4 (0x0000bfe5) c.j     pc - 8
core   0: 3 0x8000eae4 (0xbfe5)
core   0: 0x8000eadc (0x00001f17) auipc   t5, 0x1
core   0: 3 0x8000eadc (0x00001f17) x30 0x8000fadc
core   0: 0x8000eae0 (0x523f2223) sw      gp, 1316(t5)
core   0: 3 0x8000eae0 (0x523f2223) mem 0x80010000 0x00000001
core   0: 0x8000eae4 (0x0000bfe5) c.j     pc - 8
core   0: 3 0x8000eae4 (0xbfe5)
core   0: 0x8000eadc (0x00001f17) auipc   t5, 0x1
core   0: 3 0x8000eadc (0x00001f17) x30 0x8000fadc
core   0: 0x8000eae0 (0x523f2223) sw      gp, 1316(t5)
core   0: 3 0x8000eae0 (0x523f2223) mem 0x80010000 0x00000001
core   0: 0x8000eae4 (0x0000bfe5) c.j     pc - 8
core   0: 3 0x8000eae4 (0xbfe5)
core   0: 0x8000eadc (0x00001f17) auipc   t5, 0x1
core   0: 3 0x8000eadc (0x00001f17) x30 0x8000fadc
core   0: 0x8000eae0 (0x523f2223) sw      gp, 1316(t5)
core   0: 3 0x8000eae0 (0x523f2223) mem 0x80010000 0x00000001
core   0: 0x8000eae4 (0x0000bfe5) c.j     pc - 8
core   0: 3 0x8000eae4 (0xbfe5)
core   0: 0x8000eadc (0x00001f17) auipc   t5, 0x1
core   0: 3 0x8000eadc (0x00001f17) x30 0x8000fadc
core   0: 0x8000eae0 (0x523f2223) sw      gp, 1316(t5)
core   0: 3 0x8000eae0 (0x523f2223) mem 0x80010000 0x00000001
core   0: 0x8000eae4 (0x0000bfe5) c.j     pc - 8
core   0: 3 0x8000eae4 (0xbfe5)
core   0: 0x8000eadc (0x00001f17) auipc   t5, 0x1
core   0: 3 0x8000eadc (0x00001f17) x30 0x8000fadc
core   0: 0x8000eae0 (0x523f2223) sw      gp, 1316(t5)
core   0: 3 0x8000eae0 (0x523f2223) mem 0x80010000 0x00000001
core   0: 0x8000eae4 (0x0000bfe5) c.j     pc - 8
core   0: 3 0x8000eae4 (0xbfe5)
core   0: 0x8000eadc (0x00001f17) auipc   t5, 0x1
core   0: 3 0x8000eadc (0x00001f17) x30 0x8000fadc
core   0: 0x8000eae0 (0x523f2223) sw      gp, 1316(t5)
core   0: 3 0x8000eae0 (0x523f2223) mem 0x80010000 0x00000001
core   0: 0x8000eae4 (0x0000bfe5) c.j     pc - 8
core   0: 3 0x8000eae4 (0xbfe5)
core   0: 0x8000eadc (0x00001f17) auipc   t5, 0x1
core   0: 3 0x8000eadc (0x00001f17) x30 0x8000fadc
core   0: 0x8000eae0 (0x523f2223) sw      gp, 1316(t5)
core   0: 3 0x8000eae0 (0x523f2223) mem 0x80010000 0x00000001
core   0: 0x8000eae4 (0x0000bfe5) c.j     pc - 8
core   0: 3 0x8000eae4 (0xbfe5)
core   0: 0x8000eadc (0x00001f17) auipc   t5, 0x1
core   0: 3 0x8000eadc (0x00001f17) x30 0x8000fadc
core   0: 0x8000eae0 (0x523f2223) sw      gp, 1316(t5)
core   0: 3 0x8000eae0 (0x523f2223) mem 0x80010000 0x00000001
core   0: 0x8000eae4 (0x0000bfe5) c.j     pc - 8
core   0: 3 0x8000eae4 (0xbfe5)
core   0: 0x8000eadc (0x00001f17) auipc   t5, 0x1
core   0: 3 0x8000eadc (0x00001f17) x30 0x8000fadc
core   0: 0x8000eae0 (0x523f2223) sw      gp, 1316(t5)
core   0: 3 0x8000eae0 (0x523f2223) mem 0x80010000 0x00000001
core   0: 0x8000eae4 (0x0000bfe5) c.j     pc - 8
core   0: 3 0x8000eae4 (0xbfe5)
core   0: 0x8000eadc (0x00001f17) auipc   t5, 0x1
core   0: 3 0x8000eadc (0x00001f17) x30 0x8000fadc
core   0: 0x8000eae0 (0x523f2223) sw      gp, 1316(t5)
core   0: 3 0x8000eae0 (0x523f2223) mem 0x80010000 0x00000001
core   0: 0x8000eae4 (0x0000bfe5) c.j     pc - 8
core   0: 3 0x8000eae4 (0xbfe5)
core   0: 0x8000eadc (0x00001f17) auipc   t5, 0x1
core   0: 3 0x8000eadc (0x00001f17) x30 0x8000fadc
core   0: 0x8000eae0 (0x523f2223) sw      gp, 1316(t5)
core   0: 3 0x8000eae0 (0x523f2223) mem 0x80010000 0x00000001
core   0: 0x8000eae4 (0x0000bfe5) c.j     pc - 8
core   0: 3 0x8000eae4 (0xbfe5)
core   0: 0x8000eadc (0x00001f17) auipc   t5, 0x1
core   0: 3 0x8000eadc (0x00001f17) x30 0x8000fadc
core   0: 0x8000eae0 (0x523f2223) sw      gp, 1316(t5)
core   0: 3 0x8000eae0 (0x523f2223) mem 0x80010000 0x00000001
core   0: 0x8000eae4 (0x0000bfe5) c.j     pc - 8
core   0: 3 0x8000eae4 (0xbfe5)
core   0: 0x8000eadc (0x00001f17) auipc   t5, 0x1
core   0: 3 0x8000eadc (0x00001f17) x30 0x8000fadc
core   0: 0x8000eae0 (0x523f2223) sw      gp, 1316(t5)
core   0: 3 0x8000eae0 (0x523f2223) mem 0x80010000 0x00000001
core   0: 0x8000eae4 (0x0000bfe5) c.j     pc - 8
core   0: 3 0x8000eae4 (0xbfe5)
core   0: 0x8000eadc (0x00001f17) auipc   t5, 0x1
core   0: 3 0x8000eadc (0x00001f17) x30 0x8000fadc
core   0: 0x8000eae0 (0x523f2223) sw      gp, 1316(t5)
core   0: 3 0x8000eae0 (0x523f2223) mem 0x80010000 0x00000001
core   0: 0x8000eae4 (0x0000bfe5) c.j     pc - 8
core   0: 3 0x8000eae4 (0xbfe5)
core   0: 0x8000eadc (0x00001f17) auipc   t5, 0x1
core   0: 3 0x8000eadc (0x00001f17) x30 0x8000fadc
core   0: 0x8000eae0 (0x523f2223) sw      gp, 1316(t5)
core   0: 3 0x8000eae0 (0x523f2223) mem 0x80010000 0x00000001
core   0: 0x8000eae4 (0x0000bfe5) c.j     pc - 8
core   0: 3 0x8000eae4 (0xbfe5)
core   0: 0x8000eadc (0x00001f17) auipc   t5, 0x1
core   0: 3 0x8000eadc (0x00001f17) x30 0x8000fadc
core   0: 0x8000eae0 (0x523f2223) sw      gp, 1316(t5)
core   0: 3 0x8000eae0 (0x523f2223) mem 0x80010000 0x00000001
core   0: 0x8000eae4 (0x0000bfe5) c.j     pc - 8
core   0: 3 0x8000eae4 (0xbfe5)
core   0: 0x8000eadc (0x00001f17) auipc   t5, 0x1
core   0: 3 0x8000eadc (0x00001f17) x30 0x8000fadc
core   0: 0x8000eae0 (0x523f2223) sw      gp, 1316(t5)
core   0: 3 0x8000eae0 (0x523f2223) mem 0x80010000 0x00000001
core   0: 0x8000eae4 (0x0000bfe5) c.j     pc - 8
core   0: 3 0x8000eae4 (0xbfe5)
core   0: 0x8000eadc (0x00001f17) auipc   t5, 0x1
core   0: 3 0x8000eadc (0x00001f17) x30 0x8000fadc
core   0: 0x8000eae0 (0x523f2223) sw      gp, 1316(t5)
core   0: 3 0x8000eae0 (0x523f2223) mem 0x80010000 0x00000001
core   0: 0x8000eae4 (0x0000bfe5) c.j     pc - 8
core   0: 3 0x8000eae4 (0xbfe5)
core   0: 0x8000eadc (0x00001f17) auipc   t5, 0x1
core   0: 3 0x8000eadc (0x00001f17) x30 0x8000fadc
core   0: 0x8000eae0 (0x523f2223) sw      gp, 1316(t5)
core   0: 3 0x8000eae0 (0x523f2223) mem 0x80010000 0x00000001
core   0: 0x8000eae4 (0x0000bfe5) c.j     pc - 8
core   0: 3 0x8000eae4 (0xbfe5)
core   0: 0x8000eadc (0x00001f17) auipc   t5, 0x1
core   0: 3 0x8000eadc (0x00001f17) x30 0x8000fadc
core   0: 0x8000eae0 (0x523f2223) sw      gp, 1316(t5)
core   0: 3 0x8000eae0 (0x523f2223) mem 0x80010000 0x00000001
core   0: 0x8000eae4 (0x0000bfe5) c.j     pc - 8
core   0: 3 0x8000eae4 (0xbfe5)
core   0: 0x8000eadc (0x00001f17) auipc   t5, 0x1
core   0: 3 0x8000eadc (0x00001f17) x30 0x8000fadc
core   0: 0x8000eae0 (0x523f2223) sw      gp, 1316(t5)
core   0: 3 0x8000eae0 (0x523f2223) mem 0x80010000 0x00000001
core   0: 0x8000eae4 (0x0000bfe5) c.j     pc - 8
core   0: 3 0x8000eae4 (0xbfe5)
core   0: 0x8000eadc (0x00001f17) auipc   t5, 0x1
core   0: 3 0x8000eadc (0x00001f17) x30 0x8000fadc
core   0: 0x8000eae0 (0x523f2223) sw      gp, 1316(t5)
core   0: 3 0x8000eae0 (0x523f2223) mem 0x80010000 0x00000001
core   0: 0x8000eae4 (0x0000bfe5) c.j     pc - 8
core   0: 3 0x8000eae4 (0xbfe5)
core   0: 0x8000eadc (0x00001f17) auipc   t5, 0x1
core   0: 3 0x8000eadc (0x00001f17) x30 0x8000fadc
core   0: 0x8000eae0 (0x523f2223) sw      gp, 1316(t5)
core   0: 3 0x8000eae0 (0x523f2223) mem 0x80010000 0x00000001
core   0: 0x8000eae4 (0x0000bfe5) c.j     pc - 8
core   0: 3 0x8000eae4 (0xbfe5)
core   0: 0x8000eadc (0x00001f17) auipc   t5, 0x1
core   0: 3 0x8000eadc (0x00001f17) x30 0x8000fadc
core   0: 0x8000eae0 (0x523f2223) sw      gp, 1316(t5)
core   0: 3 0x8000eae0 (0x523f2223) mem 0x80010000 0x00000001
core   0: 0x8000eae4 (0x0000bfe5) c.j     pc - 8
core   0: 3 0x8000eae4 (0xbfe5)
core   0: 0x8000eadc (0x00001f17) auipc   t5, 0x1
core   0: 3 0x8000eadc (0x00001f17) x30 0x8000fadc
core   0: 0x8000eae0 (0x523f2223) sw      gp, 1316(t5)
core   0: 3 0x8000eae0 (0x523f2223) mem 0x80010000 0x00000001
core   0: 0x8000eae4 (0x0000bfe5) c.j     pc - 8
core   0: 3 0x8000eae4 (0xbfe5)
core   0: 0x8000eadc (0x00001f17) auipc   t5, 0x1
core   0: 3 0x8000eadc (0x00001f17) x30 0x8000fadc
core   0: 0x8000eae0 (0x523f2223) sw      gp, 1316(t5)
core   0: 3 0x8000eae0 (0x523f2223) mem 0x80010000 0x00000001
core   0: 0x8000eae4 (0x0000bfe5) c.j     pc - 8
core   0: 3 0x8000eae4 (0xbfe5)
core   0: 0x8000eadc (0x00001f17) auipc   t5, 0x1
core   0: 3 0x8000eadc (0x00001f17) x30 0x8000fadc
core   0: 0x8000eae0 (0x523f2223) sw      gp, 1316(t5)
core   0: 3 0x8000eae0 (0x523f2223) mem 0x80010000 0x00000001
core   0: 0x8000eae4 (0x0000bfe5) c.j     pc - 8
core   0: 3 0x8000eae4 (0xbfe5)
core   0: 0x8000eadc (0x00001f17) auipc   t5, 0x1
core   0: 3 0x8000eadc (0x00001f17) x30 0x8000fadc
core   0: 0x8000eae0 (0x523f2223) sw      gp, 1316(t5)
core   0: 3 0x8000eae0 (0x523f2223) mem 0x80010000 0x00000001
core   0: 0x8000eae4 (0x0000bfe5) c.j     pc - 8
core   0: 3 0x8000eae4 (0xbfe5)
core   0: 0x8000eadc (0x00001f17) auipc   t5, 0x1
core   0: 3 0x8000eadc (0x00001f17) x30 0x8000fadc
core   0: 0x8000eae0 (0x523f2223) sw      gp, 1316(t5)
core   0: 3 0x8000eae0 (0x523f2223) mem 0x80010000 0x00000001
core   0: 0x8000eae4 (0x0000bfe5) c.j     pc - 8
core   0: 3 0x8000eae4 (0xbfe5)
core   0: 0x8000eadc (0x00001f17) auipc   t5, 0x1
core   0: 3 0x8000eadc (0x00001f17) x30 0x8000fadc
core   0: 0x8000eae0 (0x523f2223) sw      gp, 1316(t5)
core   0: 3 0x8000eae0 (0x523f2223) mem 0x80010000 0x00000001
core   0: 0x8000eae4 (0x0000bfe5) c.j     pc - 8
core   0: 3 0x8000eae4 (0xbfe5)
core   0: 0x8000eadc (0x00001f17) auipc   t5, 0x1
core   0: 3 0x8000eadc (0x00001f17) x30 0x8000fadc
core   0: 0x8000eae0 (0x523f2223) sw      gp, 1316(t5)
core   0: 3 0x8000eae0 (0x523f2223) mem 0x80010000 0x00000001
core   0: 0x8000eae4 (0x0000bfe5) c.j     pc - 8
core   0: 3 0x8000eae4 (0xbfe5)
core   0: 0x8000eadc (0x00001f17) auipc   t5, 0x1
core   0: 3 0x8000eadc (0x00001f17) x30 0x8000fadc
core   0: 0x8000eae0 (0x523f2223) sw      gp, 1316(t5)
core   0: 3 0x8000eae0 (0x523f2223) mem 0x80010000 0x00000001
core   0: 0x8000eae4 (0x0000bfe5) c.j     pc - 8
core   0: 3 0x8000eae4 (0xbfe5)
core   0: 0x8000eadc (0x00001f17) auipc   t5, 0x1
core   0: 3 0x8000eadc (0x00001f17) x30 0x8000fadc
core   0: 0x8000eae0 (0x523f2223) sw      gp, 1316(t5)
core   0: 3 0x8000eae0 (0x523f2223) mem 0x80010000 0x00000001
core   0: 0x8000eae4 (0x0000bfe5) c.j     pc - 8
core   0: 3 0x8000eae4 (0xbfe5)
core   0: 0x8000eadc (0x00001f17) auipc   t5, 0x1
core   0: 3 0x8000eadc (0x00001f17) x30 0x8000fadc
core   0: 0x8000eae0 (0x523f2223) sw      gp, 1316(t5)
core   0: 3 0x8000eae0 (0x523f2223) mem 0x80010000 0x00000001
core   0: 0x8000eae4 (0x0000bfe5) c.j     pc - 8
core   0: 3 0x8000eae4 (0xbfe5)
core   0: 0x8000eadc (0x00001f17) auipc   t5, 0x1
core   0: 3 0x8000eadc (0x00001f17) x30 0x8000fadc
core   0: 0x8000eae0 (0x523f2223) sw      gp, 1316(t5)
core   0: 3 0x8000eae0 (0x523f2223) mem 0x80010000 0x00000001
core   0: 0x8000eae4 (0x0000bfe5) c.j     pc - 8
core   0: 3 0x8000eae4 (0xbfe5)
core   0: 0x8000eadc (0x00001f17) auipc   t5, 0x1
core   0: 3 0x8000eadc (0x00001f17) x30 0x8000fadc
core   0: 0x8000eae0 (0x523f2223) sw      gp, 1316(t5)
core   0: 3 0x8000eae0 (0x523f2223) mem 0x80010000 0x00000001
core   0: 0x8000eae4 (0x0000bfe5) c.j     pc - 8
core   0: 3 0x8000eae4 (0xbfe5)
core   0: 0x8000eadc (0x00001f17) auipc   t5, 0x1
core   0: 3 0x8000eadc (0x00001f17) x30 0x8000fadc
core   0: 0x8000eae0 (0x523f2223) sw      gp, 1316(t5)
core   0: 3 0x8000eae0 (0x523f2223) mem 0x80010000 0x00000001
core   0: 0x8000eae4 (0x0000bfe5) c.j     pc - 8
core   0: 3 0x8000eae4 (0xbfe5)
core   0: 0x8000eadc (0x00001f17) auipc   t5, 0x1
core   0: 3 0x8000eadc (0x00001f17) x30 0x8000fadc
core   0: 0x8000eae0 (0x523f2223) sw      gp, 1316(t5)
core   0: 3 0x8000eae0 (0x523f2223) mem 0x80010000 0x00000001
core   0: 0x8000eae4 (0x0000bfe5) c.j     pc - 8
core   0: 3 0x8000eae4 (0xbfe5)
core   0: 0x8000eadc (0x00001f17) auipc   t5, 0x1
core   0: 3 0x8000eadc (0x00001f17) x30 0x8000fadc
core   0: 0x8000eae0 (0x523f2223) sw      gp, 1316(t5)
core   0: 3 0x8000eae0 (0x523f2223) mem 0x80010000 0x00000001
core   0: 0x8000eae4 (0x0000bfe5) c.j     pc - 8
core   0: 3 0x8000eae4 (0xbfe5)
core   0: 0x8000eadc (0x00001f17) auipc   t5, 0x1
core   0: 3 0x8000eadc (0x00001f17) x30 0x8000fadc
core   0: 0x8000eae0 (0x523f2223) sw      gp, 1316(t5)
core   0: 3 0x8000eae0 (0x523f2223) mem 0x80010000 0x00000001
core   0: 0x8000eae4 (0x0000bfe5) c.j     pc - 8
core   0: 3 0x8000eae4 (0xbfe5)
core   0: 0x8000eadc (0x00001f17) auipc   t5, 0x1
core   0: 3 0x8000eadc (0x00001f17) x30 0x8000fadc
core   0: 0x8000eae0 (0x523f2223) sw      gp, 1316(t5)
core   0: 3 0x8000eae0 (0x523f2223) mem 0x80010000 0x00000001
core   0: 0x8000eae4 (0x0000bfe5) c.j     pc - 8
core   0: 3 0x8000eae4 (0xbfe5)
core   0: 0x8000eadc (0x00001f17) auipc   t5, 0x1
core   0: 3 0x8000eadc (0x00001f17) x30 0x8000fadc
core   0: 0x8000eae0 (0x523f2223) sw      gp, 1316(t5)
core   0: 3 0x8000eae0 (0x523f2223) mem 0x80010000 0x00000001
core   0: 0x8000eae4 (0x0000bfe5) c.j     pc - 8
core   0: 3 0x8000eae4 (0xbfe5)
core   0: 0x8000eadc (0x00001f17) auipc   t5, 0x1
core   0: 3 0x8000eadc (0x00001f17) x30 0x8000fadc
core   0: 0x8000eae0 (0x523f2223) sw      gp, 1316(t5)
core   0: 3 0x8000eae0 (0x523f2223) mem 0x80010000 0x00000001
core   0: 0x8000eae4 (0x0000bfe5) c.j     pc - 8
core   0: 3 0x8000eae4 (0xbfe5)
core   0: 0x8000eadc (0x00001f17) auipc   t5, 0x1
core   0: 3 0x8000eadc (0x00001f17) x30 0x8000fadc
core   0: 0x8000eae0 (0x523f2223) sw      gp, 1316(t5)
core   0: 3 0x8000eae0 (0x523f2223) mem 0x80010000 0x00000001
core   0: 0x8000eae4 (0x0000bfe5) c.j     pc - 8
core   0: 3 0x8000eae4 (0xbfe5)
core   0: 0x8000eadc (0x00001f17) auipc   t5, 0x1
core   0: 3 0x8000eadc (0x00001f17) x30 0x8000fadc
core   0: 0x8000eae0 (0x523f2223) sw      gp, 1316(t5)
core   0: 3 0x8000eae0 (0x523f2223) mem 0x80010000 0x00000001
core   0: 0x8000eae4 (0x0000bfe5) c.j     pc - 8
core   0: 3 0x8000eae4 (0xbfe5)
core   0: 0x8000eadc (0x00001f17) auipc   t5, 0x1
core   0: 3 0x8000eadc (0x00001f17) x30 0x8000fadc
core   0: 0x8000eae0 (0x523f2223) sw      gp, 1316(t5)
core   0: 3 0x8000eae0 (0x523f2223) mem 0x80010000 0x00000001
core   0: 0x8000eae4 (0x0000bfe5) c.j     pc - 8
core   0: 3 0x8000eae4 (0xbfe5)
core   0: 0x8000eadc (0x00001f17) auipc   t5, 0x1
core   0: 3 0x8000eadc (0x00001f17) x30 0x8000fadc
core   0: 0x8000eae0 (0x523f2223) sw      gp, 1316(t5)
core   0: 3 0x8000eae0 (0x523f2223) mem 0x80010000 0x00000001
core   0: 0x8000eae4 (0x0000bfe5) c.j     pc - 8
core   0: 3 0x8000eae4 (0xbfe5)
core   0: 0x8000eadc (0x00001f17) auipc   t5, 0x1
core   0: 3 0x8000eadc (0x00001f17) x30 0x8000fadc
core   0: 0x8000eae0 (0x523f2223) sw      gp, 1316(t5)
core   0: 3 0x8000eae0 (0x523f2223) mem 0x80010000 0x00000001
core   0: 0x8000eae4 (0x0000bfe5) c.j     pc - 8
core   0: 3 0x8000eae4 (0xbfe5)
core   0: 0x8000eadc (0x00001f17) auipc   t5, 0x1
core   0: 3 0x8000eadc (0x00001f17) x30 0x8000fadc
core   0: 0x8000eae0 (0x523f2223) sw      gp, 1316(t5)
core   0: 3 0x8000eae0 (0x523f2223) mem 0x80010000 0x00000001
core   0: 0x8000eae4 (0x0000bfe5) c.j     pc - 8
core   0: 3 0x8000eae4 (0xbfe5)
core   0: 0x8000eadc (0x00001f17) auipc   t5, 0x1
core   0: 3 0x8000eadc (0x00001f17) x30 0x8000fadc
core   0: 0x8000eae0 (0x523f2223) sw      gp, 1316(t5)
core   0: 3 0x8000eae0 (0x523f2223) mem 0x80010000 0x00000001
core   0: 0x8000eae4 (0x0000bfe5) c.j     pc - 8
core   0: 3 0x8000eae4 (0xbfe5)
core   0: 0x8000eadc (0x00001f17) auipc   t5, 0x1
core   0: 3 0x8000eadc (0x00001f17) x30 0x8000fadc
core   0: 0x8000eae0 (0x523f2223) sw      gp, 1316(t5)
core   0: 3 0x8000eae0 (0x523f2223) mem 0x80010000 0x00000001
core   0: 0x8000eae4 (0x0000bfe5) c.j     pc - 8
core   0: 3 0x8000eae4 (0xbfe5)
core   0: 0x8000eadc (0x00001f17) auipc   t5, 0x1
core   0: 3 0x8000eadc (0x00001f17) x30 0x8000fadc
core   0: 0x8000eae0 (0x523f2223) sw      gp, 1316(t5)
core   0: 3 0x8000eae0 (0x523f2223) mem 0x80010000 0x00000001
core   0: 0x8000eae4 (0x0000bfe5) c.j     pc - 8
core   0: 3 0x8000eae4 (0xbfe5)
core   0: 0x8000eadc (0x00001f17) auipc   t5, 0x1
core   0: 3 0x8000eadc (0x00001f17) x30 0x8000fadc
core   0: 0x8000eae0 (0x523f2223) sw      gp, 1316(t5)
core   0: 3 0x8000eae0 (0x523f2223) mem 0x80010000 0x00000001
core   0: 0x8000eae4 (0x0000bfe5) c.j     pc - 8
core   0: 3 0x8000eae4 (0xbfe5)
core   0: 0x8000eadc (0x00001f17) auipc   t5, 0x1
core   0: 3 0x8000eadc (0x00001f17) x30 0x8000fadc
core   0: 0x8000eae0 (0x523f2223) sw      gp, 1316(t5)
core   0: 3 0x8000eae0 (0x523f2223) mem 0x80010000 0x00000001
core   0: 0x8000eae4 (0x0000bfe5) c.j     pc - 8
core   0: 3 0x8000eae4 (0xbfe5)
core   0: 0x8000eadc (0x00001f17) auipc   t5, 0x1
core   0: 3 0x8000eadc (0x00001f17) x30 0x8000fadc
core   0: 0x8000eae0 (0x523f2223) sw      gp, 1316(t5)
core   0: 3 0x8000eae0 (0x523f2223) mem 0x80010000 0x00000001
core   0: 0x8000eae4 (0x0000bfe5) c.j     pc - 8
core   0: 3 0x8000eae4 (0xbfe5)
core   0: 0x8000eadc (0x00001f17) auipc   t5, 0x1
core   0: 3 0x8000eadc (0x00001f17) x30 0x8000fadc
core   0: 0x8000eae0 (0x523f2223) sw      gp, 1316(t5)
core   0: 3 0x8000eae0 (0x523f2223) mem 0x80010000 0x00000001
core   0: 0x8000eae4 (0x0000bfe5) c.j     pc - 8
core   0: 3 0x8000eae4 (0xbfe5)
core   0: 0x8000eadc (0x00001f17) auipc   t5, 0x1
core   0: 3 0x8000eadc (0x00001f17) x30 0x8000fadc
core   0: 0x8000eae0 (0x523f2223) sw      gp, 1316(t5)
core   0: 3 0x8000eae0 (0x523f2223) mem 0x80010000 0x00000001
core   0: 0x8000eae4 (0x0000bfe5) c.j     pc - 8
core   0: 3 0x8000eae4 (0xbfe5)
core   0: 0x8000eadc (0x00001f17) auipc   t5, 0x1
core   0: 3 0x8000eadc (0x00001f17) x30 0x8000fadc
core   0: 0x8000eae0 (0x523f2223) sw      gp, 1316(t5)
core   0: 3 0x8000eae0 (0x523f2223) mem 0x80010000 0x00000001
core   0: 0x8000eae4 (0x0000bfe5) c.j     pc - 8
core   0: 3 0x8000eae4 (0xbfe5)
core   0: 0x8000eadc (0x00001f17) auipc   t5, 0x1
core   0: 3 0x8000eadc (0x00001f17) x30 0x8000fadc
core   0: 0x8000eae0 (0x523f2223) sw      gp, 1316(t5)
core   0: 3 0x8000eae0 (0x523f2223) mem 0x80010000 0x00000001
core   0: 0x8000eae4 (0x0000bfe5) c.j     pc - 8
core   0: 3 0x8000eae4 (0xbfe5)
core   0: 0x8000eadc (0x00001f17) auipc   t5, 0x1
core   0: 3 0x8000eadc (0x00001f17) x30 0x8000fadc
core   0: 0x8000eae0 (0x523f2223) sw      gp, 1316(t5)
core   0: 3 0x8000eae0 (0x523f2223) mem 0x80010000 0x00000001
core   0: 0x8000eae4 (0x0000bfe5) c.j     pc - 8
core   0: 3 0x8000eae4 (0xbfe5)
core   0: 0x8000eadc (0x00001f17) auipc   t5, 0x1
core   0: 3 0x8000eadc (0x00001f17) x30 0x8000fadc
core   0: 0x8000eae0 (0x523f2223) sw      gp, 1316(t5)
core   0: 3 0x8000eae0 (0x523f2223) mem 0x80010000 0x00000001
core   0: 0x8000eae4 (0x0000bfe5) c.j     pc - 8
core   0: 3 0x8000eae4 (0xbfe5)
core   0: 0x8000eadc (0x00001f17) auipc   t5, 0x1
core   0: 3 0x8000eadc (0x00001f17) x30 0x8000fadc
core   0: 0x8000eae0 (0x523f2223) sw      gp, 1316(t5)
core   0: 3 0x8000eae0 (0x523f2223) mem 0x80010000 0x00000001
core   0: 0x8000eae4 (0x0000bfe5) c.j     pc - 8
core   0: 3 0x8000eae4 (0xbfe5)
core   0: 0x8000eadc (0x00001f17) auipc   t5, 0x1
core   0: 3 0x8000eadc (0x00001f17) x30 0x8000fadc
core   0: 0x8000eae0 (0x523f2223) sw      gp, 1316(t5)
core   0: 3 0x8000eae0 (0x523f2223) mem 0x80010000 0x00000001
core   0: 0x8000eae4 (0x0000bfe5) c.j     pc - 8
core   0: 3 0x8000eae4 (0xbfe5)
core   0: 0x8000eadc (0x00001f17) auipc   t5, 0x1
core   0: 3 0x8000eadc (0x00001f17) x30 0x8000fadc
core   0: 0x8000eae0 (0x523f2223) sw      gp, 1316(t5)
core   0: 3 0x8000eae0 (0x523f2223) mem 0x80010000 0x00000001
core   0: 0x8000eae4 (0x0000bfe5) c.j     pc - 8
core   0: 3 0x8000eae4 (0xbfe5)
core   0: 0x8000eadc (0x00001f17) auipc   t5, 0x1
core   0: 3 0x8000eadc (0x00001f17) x30 0x8000fadc
core   0: 0x8000eae0 (0x523f2223) sw      gp, 1316(t5)
core   0: 3 0x8000eae0 (0x523f2223) mem 0x80010000 0x00000001
core   0: 0x8000eae4 (0x0000bfe5) c.j     pc - 8
core   0: 3 0x8000eae4 (0xbfe5)
core   0: 0x8000eadc (0x00001f17) auipc   t5, 0x1
core   0: 3 0x8000eadc (0x00001f17) x30 0x8000fadc
core   0: 0x8000eae0 (0x523f2223) sw      gp, 1316(t5)
core   0: 3 0x8000eae0 (0x523f2223) mem 0x80010000 0x00000001
core   0: 0x8000eae4 (0x0000bfe5) c.j     pc - 8
core   0: 3 0x8000eae4 (0xbfe5)
core   0: 0x8000eadc (0x00001f17) auipc   t5, 0x1
core   0: 3 0x8000eadc (0x00001f17) x30 0x8000fadc
core   0: 0x8000eae0 (0x523f2223) sw      gp, 1316(t5)
core   0: 3 0x8000eae0 (0x523f2223) mem 0x80010000 0x00000001
core   0: 0x8000eae4 (0x0000bfe5) c.j     pc - 8
core   0: 3 0x8000eae4 (0xbfe5)
core   0: 0x8000eadc (0x00001f17) auipc   t5, 0x1
core   0: 3 0x8000eadc (0x00001f17) x30 0x8000fadc
core   0: 0x8000eae0 (0x523f2223) sw      gp, 1316(t5)
core   0: 3 0x8000eae0 (0x523f2223) mem 0x80010000 0x00000001
core   0: 0x8000eae4 (0x0000bfe5) c.j     pc - 8
core   0: 3 0x8000eae4 (0xbfe5)
core   0: 0x8000eadc (0x00001f17) auipc   t5, 0x1
core   0: 3 0x8000eadc (0x00001f17) x30 0x8000fadc
core   0: 0x8000eae0 (0x523f2223) sw      gp, 1316(t5)
core   0: 3 0x8000eae0 (0x523f2223) mem 0x80010000 0x00000001
core   0: 0x8000eae4 (0x0000bfe5) c.j     pc - 8
core   0: 3 0x8000eae4 (0xbfe5)
core   0: 0x8000eadc (0x00001f17) auipc   t5, 0x1
core   0: 3 0x8000eadc (0x00001f17) x30 0x8000fadc
core   0: 0x8000eae0 (0x523f2223) sw      gp, 1316(t5)
core   0: 3 0x8000eae0 (0x523f2223) mem 0x80010000 0x00000001
core   0: 0x8000eae4 (0x0000bfe5) c.j     pc - 8
core   0: 3 0x8000eae4 (0xbfe5)
core   0: 0x8000eadc (0x00001f17) auipc   t5, 0x1
core   0: 3 0x8000eadc (0x00001f17) x30 0x8000fadc
core   0: 0x8000eae0 (0x523f2223) sw      gp, 1316(t5)
core   0: 3 0x8000eae0 (0x523f2223) mem 0x80010000 0x00000001
core   0: 0x8000eae4 (0x0000bfe5) c.j     pc - 8
core   0: 3 0x8000eae4 (0xbfe5)
core   0: 0x8000eadc (0x00001f17) auipc   t5, 0x1
core   0: 3 0x8000eadc (0x00001f17) x30 0x8000fadc
core   0: 0x8000eae0 (0x523f2223) sw      gp, 1316(t5)
core   0: 3 0x8000eae0 (0x523f2223) mem 0x80010000 0x00000001
core   0: 0x8000eae4 (0x0000bfe5) c.j     pc - 8
core   0: 3 0x8000eae4 (0xbfe5)
core   0: 0x8000eadc (0x00001f17) auipc   t5, 0x1
core   0: 3 0x8000eadc (0x00001f17) x30 0x8000fadc
core   0: 0x8000eae0 (0x523f2223) sw      gp, 1316(t5)
core   0: 3 0x8000eae0 (0x523f2223) mem 0x80010000 0x00000001
core   0: 0x8000eae4 (0x0000bfe5) c.j     pc - 8
core   0: 3 0x8000eae4 (0xbfe5)
core   0: 0x8000eadc (0x00001f17) auipc   t5, 0x1
core   0: 3 0x8000eadc (0x00001f17) x30 0x8000fadc
core   0: 0x8000eae0 (0x523f2223) sw      gp, 1316(t5)
core   0: 3 0x8000eae0 (0x523f2223) mem 0x80010000 0x00000001
core   0: 0x8000eae4 (0x0000bfe5) c.j     pc - 8
core   0: 3 0x8000eae4 (0xbfe5)
core   0: 0x8000eadc (0x00001f17) auipc   t5, 0x1
core   0: 3 0x8000eadc (0x00001f17) x30 0x8000fadc
core   0: 0x8000eae0 (0x523f2223) sw      gp, 1316(t5)
core   0: 3 0x8000eae0 (0x523f2223) mem 0x80010000 0x00000001
core   0: 0x8000eae4 (0x0000bfe5) c.j     pc - 8
core   0: 3 0x8000eae4 (0xbfe5)
core   0: 0x8000eadc (0x00001f17) auipc   t5, 0x1
core   0: 3 0x8000eadc (0x00001f17) x30 0x8000fadc
core   0: 0x8000eae0 (0x523f2223) sw      gp, 1316(t5)
core   0: 3 0x8000eae0 (0x523f2223) mem 0x80010000 0x00000001
core   0: 0x8000eae4 (0x0000bfe5) c.j     pc - 8
core   0: 3 0x8000eae4 (0xbfe5)
core   0: 0x8000eadc (0x00001f17) auipc   t5, 0x1
core   0: 3 0x8000eadc (0x00001f17) x30 0x8000fadc
core   0: 0x8000eae0 (0x523f2223) sw      gp, 1316(t5)
core   0: 3 0x8000eae0 (0x523f2223) mem 0x80010000 0x00000001
core   0: 0x8000eae4 (0x0000bfe5) c.j     pc - 8
core   0: 3 0x8000eae4 (0xbfe5)
core   0: 0x8000eadc (0x00001f17) auipc   t5, 0x1
core   0: 3 0x8000eadc (0x00001f17) x30 0x8000fadc
core   0: 0x8000eae0 (0x523f2223) sw      gp, 1316(t5)
core   0: 3 0x8000eae0 (0x523f2223) mem 0x80010000 0x00000001
core   0: 0x8000eae4 (0x0000bfe5) c.j     pc - 8
core   0: 3 0x8000eae4 (0xbfe5)
core   0: 0x8000eadc (0x00001f17) auipc   t5, 0x1
core   0: 3 0x8000eadc (0x00001f17) x30 0x8000fadc
core   0: 0x8000eae0 (0x523f2223) sw      gp, 1316(t5)
core   0: 3 0x8000eae0 (0x523f2223) mem 0x80010000 0x00000001
core   0: 0x8000eae4 (0x0000bfe5) c.j     pc - 8
core   0: 3 0x8000eae4 (0xbfe5)
core   0: 0x8000eadc (0x00001f17) auipc   t5, 0x1
core   0: 3 0x8000eadc (0x00001f17) x30 0x8000fadc
core   0: 0x8000eae0 (0x523f2223) sw      gp, 1316(t5)
core   0: 3 0x8000eae0 (0x523f2223) mem 0x80010000 0x00000001
core   0: 0x8000eae4 (0x0000bfe5) c.j     pc - 8
core   0: 3 0x8000eae4 (0xbfe5)
core   0: 0x8000eadc (0x00001f17) auipc   t5, 0x1
core   0: 3 0x8000eadc (0x00001f17) x30 0x8000fadc
core   0: 0x8000eae0 (0x523f2223) sw      gp, 1316(t5)
core   0: 3 0x8000eae0 (0x523f2223) mem 0x80010000 0x00000001
core   0: 0x8000eae4 (0x0000bfe5) c.j     pc - 8
core   0: 3 0x8000eae4 (0xbfe5)
core   0: 0x8000eadc (0x00001f17) auipc   t5, 0x1
core   0: 3 0x8000eadc (0x00001f17) x30 0x8000fadc
core   0: 0x8000eae0 (0x523f2223) sw      gp, 1316(t5)
core   0: 3 0x8000eae0 (0x523f2223) mem 0x80010000 0x00000001
core   0: 0x8000eae4 (0x0000bfe5) c.j     pc - 8
core   0: 3 0x8000eae4 (0xbfe5)
core   0: 0x8000eadc (0x00001f17) auipc   t5, 0x1
core   0: 3 0x8000eadc (0x00001f17) x30 0x8000fadc
core   0: 0x8000eae0 (0x523f2223) sw      gp, 1316(t5)
core   0: 3 0x8000eae0 (0x523f2223) mem 0x80010000 0x00000001
core   0: 0x8000eae4 (0x0000bfe5) c.j     pc - 8
core   0: 3 0x8000eae4 (0xbfe5)
core   0: 0x8000eadc (0x00001f17) auipc   t5, 0x1
core   0: 3 0x8000eadc (0x00001f17) x30 0x8000fadc
core   0: 0x8000eae0 (0x523f2223) sw      gp, 1316(t5)
core   0: 3 0x8000eae0 (0x523f2223) mem 0x80010000 0x00000001
core   0: 0x8000eae4 (0x0000bfe5) c.j     pc - 8
core   0: 3 0x8000eae4 (0xbfe5)
core   0: 0x8000eadc (0x00001f17) auipc   t5, 0x1
core   0: 3 0x8000eadc (0x00001f17) x30 0x8000fadc
core   0: 0x8000eae0 (0x523f2223) sw      gp, 1316(t5)
core   0: 3 0x8000eae0 (0x523f2223) mem 0x80010000 0x00000001
core   0: 0x8000eae4 (0x0000bfe5) c.j     pc - 8
core   0: 3 0x8000eae4 (0xbfe5)
core   0: 0x8000eadc (0x00001f17) auipc   t5, 0x1
core   0: 3 0x8000eadc (0x00001f17) x30 0x8000fadc
core   0: 0x8000eae0 (0x523f2223) sw      gp, 1316(t5)
core   0: 3 0x8000eae0 (0x523f2223) mem 0x80010000 0x00000001
core   0: 0x8000eae4 (0x0000bfe5) c.j     pc - 8
core   0: 3 0x8000eae4 (0xbfe5)
core   0: 0x8000eadc (0x00001f17) auipc   t5, 0x1
core   0: 3 0x8000eadc (0x00001f17) x30 0x8000fadc
core   0: 0x8000eae0 (0x523f2223) sw      gp, 1316(t5)
core   0: 3 0x8000eae0 (0x523f2223) mem 0x80010000 0x00000001
core   0: 0x8000eae4 (0x0000bfe5) c.j     pc - 8
core   0: 3 0x8000eae4 (0xbfe5)
core   0: 0x8000eadc (0x00001f17) auipc   t5, 0x1
core   0: 3 0x8000eadc (0x00001f17) x30 0x8000fadc
core   0: 0x8000eae0 (0x523f2223) sw      gp, 1316(t5)
core   0: 3 0x8000eae0 (0x523f2223) mem 0x80010000 0x00000001
core   0: 0x8000eae4 (0x0000bfe5) c.j     pc - 8
core   0: 3 0x8000eae4 (0xbfe5)
core   0: 0x8000eadc (0x00001f17) auipc   t5, 0x1
core   0: 3 0x8000eadc (0x00001f17) x30 0x8000fadc
core   0: 0x8000eae0 (0x523f2223) sw      gp, 1316(t5)
core   0: 3 0x8000eae0 (0x523f2223) mem 0x80010000 0x00000001
core   0: 0x8000eae4 (0x0000bfe5) c.j     pc - 8
core   0: 3 0x8000eae4 (0xbfe5)
core   0: 0x8000eadc (0x00001f17) auipc   t5, 0x1
core   0: 3 0x8000eadc (0x00001f17) x30 0x8000fadc
core   0: 0x8000eae0 (0x523f2223) sw      gp, 1316(t5)
core   0: 3 0x8000eae0 (0x523f2223) mem 0x80010000 0x00000001
core   0: 0x8000eae4 (0x0000bfe5) c.j     pc - 8
core   0: 3 0x8000eae4 (0xbfe5)
core   0: 0x8000eadc (0x00001f17) auipc   t5, 0x1
core   0: 3 0x8000eadc (0x00001f17) x30 0x8000fadc
core   0: 0x8000eae0 (0x523f2223) sw      gp, 1316(t5)
core   0: 3 0x8000eae0 (0x523f2223) mem 0x80010000 0x00000001
core   0: 0x8000eae4 (0x0000bfe5) c.j     pc - 8
core   0: 3 0x8000eae4 (0xbfe5)
core   0: 0x8000eadc (0x00001f17) auipc   t5, 0x1
core   0: 3 0x8000eadc (0x00001f17) x30 0x8000fadc
core   0: 0x8000eae0 (0x523f2223) sw      gp, 1316(t5)
core   0: 3 0x8000eae0 (0x523f2223) mem 0x80010000 0x00000001
core   0: 0x8000eae4 (0x0000bfe5) c.j     pc - 8
core   0: 3 0x8000eae4 (0xbfe5)
core   0: 0x8000eadc (0x00001f17) auipc   t5, 0x1
core   0: 3 0x8000eadc (0x00001f17) x30 0x8000fadc
core   0: 0x8000eae0 (0x523f2223) sw      gp, 1316(t5)
core   0: 3 0x8000eae0 (0x523f2223) mem 0x80010000 0x00000001
core   0: 0x8000eae4 (0x0000bfe5) c.j     pc - 8
core   0: 3 0x8000eae4 (0xbfe5)
core   0: 0x8000eadc (0x00001f17) auipc   t5, 0x1
core   0: 3 0x8000eadc (0x00001f17) x30 0x8000fadc
core   0: 0x8000eae0 (0x523f2223) sw      gp, 1316(t5)
core   0: 3 0x8000eae0 (0x523f2223) mem 0x80010000 0x00000001
core   0: 0x8000eae4 (0x0000bfe5) c.j     pc - 8
core   0: 3 0x8000eae4 (0xbfe5)
core   0: 0x8000eadc (0x00001f17) auipc   t5, 0x1
core   0: 3 0x8000eadc (0x00001f17) x30 0x8000fadc
core   0: 0x8000eae0 (0x523f2223) sw      gp, 1316(t5)
core   0: 3 0x8000eae0 (0x523f2223) mem 0x80010000 0x00000001
core   0: 0x8000eae4 (0x0000bfe5) c.j     pc - 8
core   0: 3 0x8000eae4 (0xbfe5)
core   0: 0x8000eadc (0x00001f17) auipc   t5, 0x1
core   0: 3 0x8000eadc (0x00001f17) x30 0x8000fadc
core   0: 0x8000eae0 (0x523f2223) sw      gp, 1316(t5)
core   0: 3 0x8000eae0 (0x523f2223) mem 0x80010000 0x00000001
core   0: 0x8000eae4 (0x0000bfe5) c.j     pc - 8
core   0: 3 0x8000eae4 (0xbfe5)
core   0: 0x8000eadc (0x00001f17) auipc   t5, 0x1
core   0: 3 0x8000eadc (0x00001f17) x30 0x8000fadc
core   0: 0x8000eae0 (0x523f2223) sw      gp, 1316(t5)
core   0: 3 0x8000eae0 (0x523f2223) mem 0x80010000 0x00000001
core   0: 0x8000eae4 (0x0000bfe5) c.j     pc - 8
core   0: 3 0x8000eae4 (0xbfe5)
core   0: 0x8000eadc (0x00001f17) auipc   t5, 0x1
core   0: 3 0x8000eadc (0x00001f17) x30 0x8000fadc
core   0: 0x8000eae0 (0x523f2223) sw      gp, 1316(t5)
core   0: 3 0x8000eae0 (0x523f2223) mem 0x80010000 0x00000001
core   0: 0x8000eae4 (0x0000bfe5) c.j     pc - 8
core   0: 3 0x8000eae4 (0xbfe5)
core   0: 0x8000eadc (0x00001f17) auipc   t5, 0x1
core   0: 3 0x8000eadc (0x00001f17) x30 0x8000fadc
core   0: 0x8000eae0 (0x523f2223) sw      gp, 1316(t5)
core   0: 3 0x8000eae0 (0x523f2223) mem 0x80010000 0x00000001
core   0: 0x8000eae4 (0x0000bfe5) c.j     pc - 8
core   0: 3 0x8000eae4 (0xbfe5)
core   0: 0x8000eadc (0x00001f17) auipc   t5, 0x1
core   0: 3 0x8000eadc (0x00001f17) x30 0x8000fadc
core   0: 0x8000eae0 (0x523f2223) sw      gp, 1316(t5)
core   0: 3 0x8000eae0 (0x523f2223) mem 0x80010000 0x00000001
core   0: 0x8000eae4 (0x0000bfe5) c.j     pc - 8
core   0: 3 0x8000eae4 (0xbfe5)
core   0: 0x8000eadc (0x00001f17) auipc   t5, 0x1
core   0: 3 0x8000eadc (0x00001f17) x30 0x8000fadc
core   0: 0x8000eae0 (0x523f2223) sw      gp, 1316(t5)
core   0: 3 0x8000eae0 (0x523f2223) mem 0x80010000 0x00000001
core   0: 0x8000eae4 (0x0000bfe5) c.j     pc - 8
core   0: 3 0x8000eae4 (0xbfe5)
core   0: 0x8000eadc (0x00001f17) auipc   t5, 0x1
core   0: 3 0x8000eadc (0x00001f17) x30 0x8000fadc
core   0: 0x8000eae0 (0x523f2223) sw      gp, 1316(t5)
core   0: 3 0x8000eae0 (0x523f2223) mem 0x80010000 0x00000001
core   0: 0x8000eae4 (0x0000bfe5) c.j     pc - 8
core   0: 3 0x8000eae4 (0xbfe5)
core   0: 0x8000eadc (0x00001f17) auipc   t5, 0x1
core   0: 3 0x8000eadc (0x00001f17) x30 0x8000fadc
core   0: 0x8000eae0 (0x523f2223) sw      gp, 1316(t5)
core   0: 3 0x8000eae0 (0x523f2223) mem 0x80010000 0x00000001
core   0: 0x8000eae4 (0x0000bfe5) c.j     pc - 8
core   0: 3 0x8000eae4 (0xbfe5)
core   0: 0x8000eadc (0x00001f17) auipc   t5, 0x1
core   0: 3 0x8000eadc (0x00001f17) x30 0x8000fadc
core   0: 0x8000eae0 (0x523f2223) sw      gp, 1316(t5)
core   0: 3 0x8000eae0 (0x523f2223) mem 0x80010000 0x00000001
core   0: 0x8000eae4 (0x0000bfe5) c.j     pc - 8
core   0: 3 0x8000eae4 (0xbfe5)
core   0: 0x8000eadc (0x00001f17) auipc   t5, 0x1
core   0: 3 0x8000eadc (0x00001f17) x30 0x8000fadc
core   0: 0x8000eae0 (0x523f2223) sw      gp, 1316(t5)
core   0: 3 0x8000eae0 (0x523f2223) mem 0x80010000 0x00000001
core   0: 0x8000eae4 (0x0000bfe5) c.j     pc - 8
core   0: 3 0x8000eae4 (0xbfe5)
core   0: 0x8000eadc (0x00001f17) auipc   t5, 0x1
core   0: 3 0x8000eadc (0x00001f17) x30 0x8000fadc
core   0: 0x8000eae0 (0x523f2223) sw      gp, 1316(t5)
core   0: 3 0x8000eae0 (0x523f2223) mem 0x80010000 0x00000001
core   0: 0x8000eae4 (0x0000bfe5) c.j     pc - 8
core   0: 3 0x8000eae4 (0xbfe5)
core   0: 0x8000eadc (0x00001f17) auipc   t5, 0x1
core   0: 3 0x8000eadc (0x00001f17) x30 0x8000fadc
core   0: 0x8000eae0 (0x523f2223) sw      gp, 1316(t5)
core   0: 3 0x8000eae0 (0x523f2223) mem 0x80010000 0x00000001
core   0: 0x8000eae4 (0x0000bfe5) c.j     pc - 8
core   0: 3 0x8000eae4 (0xbfe5)
core   0: 0x8000eadc (0x00001f17) auipc   t5, 0x1
core   0: 3 0x8000eadc (0x00001f17) x30 0x8000fadc
core   0: 0x8000eae0 (0x523f2223) sw      gp, 1316(t5)
core   0: 3 0x8000eae0 (0x523f2223) mem 0x80010000 0x00000001
core   0: 0x8000eae4 (0x0000bfe5) c.j     pc - 8
core   0: 3 0x8000eae4 (0xbfe5)
core   0: 0x8000eadc (0x00001f17) auipc   t5, 0x1
core   0: 3 0x8000eadc (0x00001f17) x30 0x8000fadc
core   0: 0x8000eae0 (0x523f2223) sw      gp, 1316(t5)
core   0: 3 0x8000eae0 (0x523f2223) mem 0x80010000 0x00000001
core   0: 0x8000eae4 (0x0000bfe5) c.j     pc - 8
core   0: 3 0x8000eae4 (0xbfe5)
core   0: 0x8000eadc (0x00001f17) auipc   t5, 0x1
core   0: 3 0x8000eadc (0x00001f17) x30 0x8000fadc
core   0: 0x8000eae0 (0x523f2223) sw      gp, 1316(t5)
core   0: 3 0x8000eae0 (0x523f2223) mem 0x80010000 0x00000001
core   0: 0x8000eae4 (0x0000bfe5) c.j     pc - 8
core   0: 3 0x8000eae4 (0xbfe5)
core   0: 0x8000eadc (0x00001f17) auipc   t5, 0x1
core   0: 3 0x8000eadc (0x00001f17) x30 0x8000fadc
core   0: 0x8000eae0 (0x523f2223) sw      gp, 1316(t5)
core   0: 3 0x8000eae0 (0x523f2223) mem 0x80010000 0x00000001
core   0: 0x8000eae4 (0x0000bfe5) c.j     pc - 8
core   0: 3 0x8000eae4 (0xbfe5)
core   0: 0x8000eadc (0x00001f17) auipc   t5, 0x1
core   0: 3 0x8000eadc (0x00001f17) x30 0x8000fadc
core   0: 0x8000eae0 (0x523f2223) sw      gp, 1316(t5)
core   0: 3 0x8000eae0 (0x523f2223) mem 0x80010000 0x00000001
core   0: 0x8000eae4 (0x0000bfe5) c.j     pc - 8
core   0: 3 0x8000eae4 (0xbfe5)
core   0: 0x8000eadc (0x00001f17) auipc   t5, 0x1
core   0: 3 0x8000eadc (0x00001f17) x30 0x8000fadc
core   0: 0x8000eae0 (0x523f2223) sw      gp, 1316(t5)
core   0: 3 0x8000eae0 (0x523f2223) mem 0x80010000 0x00000001
core   0: 0x8000eae4 (0x0000bfe5) c.j     pc - 8
core   0: 3 0x8000eae4 (0xbfe5)
core   0: 0x8000eadc (0x00001f17) auipc   t5, 0x1
core   0: 3 0x8000eadc (0x00001f17) x30 0x8000fadc
core   0: 0x8000eae0 (0x523f2223) sw      gp, 1316(t5)
core   0: 3 0x8000eae0 (0x523f2223) mem 0x80010000 0x00000001
core   0: 0x8000eae4 (0x0000bfe5) c.j     pc - 8
core   0: 3 0x8000eae4 (0xbfe5)
core   0: 0x8000eadc (0x00001f17) auipc   t5, 0x1
core   0: 3 0x8000eadc (0x00001f17) x30 0x8000fadc
core   0: 0x8000eae0 (0x523f2223) sw      gp, 1316(t5)
core   0: 3 0x8000eae0 (0x523f2223) mem 0x80010000 0x00000001
core   0: 0x8000eae4 (0x0000bfe5) c.j     pc - 8
core   0: 3 0x8000eae4 (0xbfe5)
core   0: 0x8000eadc (0x00001f17) auipc   t5, 0x1
core   0: 3 0x8000eadc (0x00001f17) x30 0x8000fadc
core   0: 0x8000eae0 (0x523f2223) sw      gp, 1316(t5)
core   0: 3 0x8000eae0 (0x523f2223) mem 0x80010000 0x00000001
core   0: 0x8000eae4 (0x0000bfe5) c.j     pc - 8
core   0: 3 0x8000eae4 (0xbfe5)
core   0: 0x8000eadc (0x00001f17) auipc   t5, 0x1
core   0: 3 0x8000eadc (0x00001f17) x30 0x8000fadc
core   0: 0x8000eae0 (0x523f2223) sw      gp, 1316(t5)
core   0: 3 0x8000eae0 (0x523f2223) mem 0x80010000 0x00000001
core   0: 0x8000eae4 (0x0000bfe5) c.j     pc - 8
core   0: 3 0x8000eae4 (0xbfe5)
core   0: 0x8000eadc (0x00001f17) auipc   t5, 0x1
core   0: 3 0x8000eadc (0x00001f17) x30 0x8000fadc
core   0: 0x8000eae0 (0x523f2223) sw      gp, 1316(t5)
core   0: 3 0x8000eae0 (0x523f2223) mem 0x80010000 0x00000001
core   0: 0x8000eae4 (0x0000bfe5) c.j     pc - 8
core   0: 3 0x8000eae4 (0xbfe5)
core   0: 0x8000eadc (0x00001f17) auipc   t5, 0x1
core   0: 3 0x8000eadc (0x00001f17) x30 0x8000fadc
core   0: 0x8000eae0 (0x523f2223) sw      gp, 1316(t5)
core   0: 3 0x8000eae0 (0x523f2223) mem 0x80010000 0x00000001
core   0: 0x8000eae4 (0x0000bfe5) c.j     pc - 8
core   0: 3 0x8000eae4 (0xbfe5)
core   0: 0x8000eadc (0x00001f17) auipc   t5, 0x1
core   0: 3 0x8000eadc (0x00001f17) x30 0x8000fadc
core   0: 0x8000eae0 (0x523f2223) sw      gp, 1316(t5)
core   0: 3 0x8000eae0 (0x523f2223) mem 0x80010000 0x00000001
core   0: 0x8000eae4 (0x0000bfe5) c.j     pc - 8
core   0: 3 0x8000eae4 (0xbfe5)
core   0: 0x8000eadc (0x00001f17) auipc   t5, 0x1
core   0: 3 0x8000eadc (0x00001f17) x30 0x8000fadc
core   0: 0x8000eae0 (0x523f2223) sw      gp, 1316(t5)
core   0: 3 0x8000eae0 (0x523f2223) mem 0x80010000 0x00000001
core   0: 0x8000eae4 (0x0000bfe5) c.j     pc - 8
core   0: 3 0x8000eae4 (0xbfe5)
core   0: 0x8000eadc (0x00001f17) auipc   t5, 0x1
core   0: 3 0x8000eadc (0x00001f17) x30 0x8000fadc
core   0: 0x8000eae0 (0x523f2223) sw      gp, 1316(t5)
core   0: 3 0x8000eae0 (0x523f2223) mem 0x80010000 0x00000001
core   0: 0x8000eae4 (0x0000bfe5) c.j     pc - 8
core   0: 3 0x8000eae4 (0xbfe5)
core   0: 0x8000eadc (0x00001f17) auipc   t5, 0x1
core   0: 3 0x8000eadc (0x00001f17) x30 0x8000fadc
core   0: 0x8000eae0 (0x523f2223) sw      gp, 1316(t5)
core   0: 3 0x8000eae0 (0x523f2223) mem 0x80010000 0x00000001
core   0: 0x8000eae4 (0x0000bfe5) c.j     pc - 8
core   0: 3 0x8000eae4 (0xbfe5)
core   0: 0x8000eadc (0x00001f17) auipc   t5, 0x1
core   0: 3 0x8000eadc (0x00001f17) x30 0x8000fadc
core   0: 0x8000eae0 (0x523f2223) sw      gp, 1316(t5)
core   0: 3 0x8000eae0 (0x523f2223) mem 0x80010000 0x00000001
core   0: 0x8000eae4 (0x0000bfe5) c.j     pc - 8
core   0: 3 0x8000eae4 (0xbfe5)
core   0: 0x8000eadc (0x00001f17) auipc   t5, 0x1
core   0: 3 0x8000eadc (0x00001f17) x30 0x8000fadc
core   0: 0x8000eae0 (0x523f2223) sw      gp, 1316(t5)
core   0: 3 0x8000eae0 (0x523f2223) mem 0x80010000 0x00000001
core   0: 0x8000eae4 (0x0000bfe5) c.j     pc - 8
core   0: 3 0x8000eae4 (0xbfe5)
core   0: 0x8000eadc (0x00001f17) auipc   t5, 0x1
core   0: 3 0x8000eadc (0x00001f17) x30 0x8000fadc
core   0: 0x8000eae0 (0x523f2223) sw      gp, 1316(t5)
core   0: 3 0x8000eae0 (0x523f2223) mem 0x80010000 0x00000001
core   0: 0x8000eae4 (0x0000bfe5) c.j     pc - 8
core   0: 3 0x8000eae4 (0xbfe5)
core   0: 0x8000eadc (0x00001f17) auipc   t5, 0x1
core   0: 3 0x8000eadc (0x00001f17) x30 0x8000fadc
core   0: 0x8000eae0 (0x523f2223) sw      gp, 1316(t5)
core   0: 3 0x8000eae0 (0x523f2223) mem 0x80010000 0x00000001
core   0: 0x8000eae4 (0x0000bfe5) c.j     pc - 8
core   0: 3 0x8000eae4 (0xbfe5)
core   0: 0x8000eadc (0x00001f17) auipc   t5, 0x1
core   0: 3 0x8000eadc (0x00001f17) x30 0x8000fadc
core   0: 0x8000eae0 (0x523f2223) sw      gp, 1316(t5)
core   0: 3 0x8000eae0 (0x523f2223) mem 0x80010000 0x00000001
core   0: 0x8000eae4 (0x0000bfe5) c.j     pc - 8
core   0: 3 0x8000eae4 (0xbfe5)
core   0: 0x8000eadc (0x00001f17) auipc   t5, 0x1
core   0: 3 0x8000eadc (0x00001f17) x30 0x8000fadc
core   0: 0x8000eae0 (0x523f2223) sw      gp, 1316(t5)
core   0: 3 0x8000eae0 (0x523f2223) mem 0x80010000 0x00000001
core   0: 0x8000eae4 (0x0000bfe5) c.j     pc - 8
core   0: 3 0x8000eae4 (0xbfe5)
core   0: 0x8000eadc (0x00001f17) auipc   t5, 0x1
core   0: 3 0x8000eadc (0x00001f17) x30 0x8000fadc
core   0: 0x8000eae0 (0x523f2223) sw      gp, 1316(t5)
core   0: 3 0x8000eae0 (0x523f2223) mem 0x80010000 0x00000001
core   0: 0x8000eae4 (0x0000bfe5) c.j     pc - 8
core   0: 3 0x8000eae4 (0xbfe5)
core   0: 0x8000eadc (0x00001f17) auipc   t5, 0x1
core   0: 3 0x8000eadc (0x00001f17) x30 0x8000fadc
core   0: 0x8000eae0 (0x523f2223) sw      gp, 1316(t5)
core   0: 3 0x8000eae0 (0x523f2223) mem 0x80010000 0x00000001
core   0: 0x8000eae4 (0x0000bfe5) c.j     pc - 8
core   0: 3 0x8000eae4 (0xbfe5)
core   0: 0x8000eadc (0x00001f17) auipc   t5, 0x1
core   0: 3 0x8000eadc (0x00001f17) x30 0x8000fadc
core   0: 0x8000eae0 (0x523f2223) sw      gp, 1316(t5)
core   0: 3 0x8000eae0 (0x523f2223) mem 0x80010000 0x00000001
core   0: 0x8000eae4 (0x0000bfe5) c.j     pc - 8
core   0: 3 0x8000eae4 (0xbfe5)
core   0: 0x8000eadc (0x00001f17) auipc   t5, 0x1
core   0: 3 0x8000eadc (0x00001f17) x30 0x8000fadc
core   0: 0x8000eae0 (0x523f2223) sw      gp, 1316(t5)
core   0: 3 0x8000eae0 (0x523f2223) mem 0x80010000 0x00000001
core   0: 0x8000eae4 (0x0000bfe5) c.j     pc - 8
core   0: 3 0x8000eae4 (0xbfe5)
core   0: 0x8000eadc (0x00001f17) auipc   t5, 0x1
core   0: 3 0x8000eadc (0x00001f17) x30 0x8000fadc
core   0: 0x8000eae0 (0x523f2223) sw      gp, 1316(t5)
core   0: 3 0x8000eae0 (0x523f2223) mem 0x80010000 0x00000001
core   0: 0x8000eae4 (0x0000bfe5) c.j     pc - 8
core   0: 3 0x8000eae4 (0xbfe5)
core   0: 0x8000eadc (0x00001f17) auipc   t5, 0x1
core   0: 3 0x8000eadc (0x00001f17) x30 0x8000fadc
core   0: 0x8000eae0 (0x523f2223) sw      gp, 1316(t5)
core   0: 3 0x8000eae0 (0x523f2223) mem 0x80010000 0x00000001
core   0: 0x8000eae4 (0x0000bfe5) c.j     pc - 8
core   0: 3 0x8000eae4 (0xbfe5)
core   0: 0x8000eadc (0x00001f17) auipc   t5, 0x1
core   0: 3 0x8000eadc (0x00001f17) x30 0x8000fadc
core   0: 0x8000eae0 (0x523f2223) sw      gp, 1316(t5)
core   0: 3 0x8000eae0 (0x523f2223) mem 0x80010000 0x00000001
core   0: 0x8000eae4 (0x0000bfe5) c.j     pc - 8
core   0: 3 0x8000eae4 (0xbfe5)
core   0: 0x8000eadc (0x00001f17) auipc   t5, 0x1
core   0: 3 0x8000eadc (0x00001f17) x30 0x8000fadc
core   0: 0x8000eae0 (0x523f2223) sw      gp, 1316(t5)
core   0: 3 0x8000eae0 (0x523f2223) mem 0x80010000 0x00000001
core   0: 0x8000eae4 (0x0000bfe5) c.j     pc - 8
core   0: 3 0x8000eae4 (0xbfe5)
core   0: 0x8000eadc (0x00001f17) auipc   t5, 0x1
core   0: 3 0x8000eadc (0x00001f17) x30 0x8000fadc
core   0: 0x8000eae0 (0x523f2223) sw      gp, 1316(t5)
core   0: 3 0x8000eae0 (0x523f2223) mem 0x80010000 0x00000001
core   0: 0x8000eae4 (0x0000bfe5) c.j     pc - 8
core   0: 3 0x8000eae4 (0xbfe5)
core   0: 0x8000eadc (0x00001f17) auipc   t5, 0x1
core   0: 3 0x8000eadc (0x00001f17) x30 0x8000fadc
core   0: 0x8000eae0 (0x523f2223) sw      gp, 1316(t5)
core   0: 3 0x8000eae0 (0x523f2223) mem 0x80010000 0x00000001
core   0: 0x8000eae4 (0x0000bfe5) c.j     pc - 8
core   0: 3 0x8000eae4 (0xbfe5)
core   0: 0x8000eadc (0x00001f17) auipc   t5, 0x1
core   0: 3 0x8000eadc (0x00001f17) x30 0x8000fadc
core   0: 0x8000eae0 (0x523f2223) sw      gp, 1316(t5)
core   0: 3 0x8000eae0 (0x523f2223) mem 0x80010000 0x00000001
core   0: 0x8000eae4 (0x0000bfe5) c.j     pc - 8
core   0: 3 0x8000eae4 (0xbfe5)
core   0: 0x8000eadc (0x00001f17) auipc   t5, 0x1
core   0: 3 0x8000eadc (0x00001f17) x30 0x8000fadc
core   0: 0x8000eae0 (0x523f2223) sw      gp, 1316(t5)
core   0: 3 0x8000eae0 (0x523f2223) mem 0x80010000 0x00000001
core   0: 0x8000eae4 (0x0000bfe5) c.j     pc - 8
core   0: 3 0x8000eae4 (0xbfe5)
core   0: 0x8000eadc (0x00001f17) auipc   t5, 0x1
core   0: 3 0x8000eadc (0x00001f17) x30 0x8000fadc
core   0: 0x8000eae0 (0x523f2223) sw      gp, 1316(t5)
core   0: 3 0x8000eae0 (0x523f2223) mem 0x80010000 0x00000001
core   0: 0x8000eae4 (0x0000bfe5) c.j     pc - 8
core   0: 3 0x8000eae4 (0xbfe5)
core   0: 0x8000eadc (0x00001f17) auipc   t5, 0x1
core   0: 3 0x8000eadc (0x00001f17) x30 0x8000fadc
core   0: 0x8000eae0 (0x523f2223) sw      gp, 1316(t5)
core   0: 3 0x8000eae0 (0x523f2223) mem 0x80010000 0x00000001
core   0: 0x8000eae4 (0x0000bfe5) c.j     pc - 8
core   0: 3 0x8000eae4 (0xbfe5)
core   0: 0x8000eadc (0x00001f17) auipc   t5, 0x1
core   0: 3 0x8000eadc (0x00001f17) x30 0x8000fadc
core   0: 0x8000eae0 (0x523f2223) sw      gp, 1316(t5)
core   0: 3 0x8000eae0 (0x523f2223) mem 0x80010000 0x00000001
core   0: 0x8000eae4 (0x0000bfe5) c.j     pc - 8
core   0: 3 0x8000eae4 (0xbfe5)
core   0: 0x8000eadc (0x00001f17) auipc   t5, 0x1
core   0: 3 0x8000eadc (0x00001f17) x30 0x8000fadc
core   0: 0x8000eae0 (0x523f2223) sw      gp, 1316(t5)
core   0: 3 0x8000eae0 (0x523f2223) mem 0x80010000 0x00000001
core   0: 0x8000eae4 (0x0000bfe5) c.j     pc - 8
core   0: 3 0x8000eae4 (0xbfe5)
core   0: 0x8000eadc (0x00001f17) auipc   t5, 0x1
core   0: 3 0x8000eadc (0x00001f17) x30 0x8000fadc
core   0: 0x8000eae0 (0x523f2223) sw      gp, 1316(t5)
core   0: 3 0x8000eae0 (0x523f2223) mem 0x80010000 0x00000001
core   0: 0x8000eae4 (0x0000bfe5) c.j     pc - 8
core   0: 3 0x8000eae4 (0xbfe5)
core   0: 0x8000eadc (0x00001f17) auipc   t5, 0x1
core   0: 3 0x8000eadc (0x00001f17) x30 0x8000fadc
core   0: 0x8000eae0 (0x523f2223) sw      gp, 1316(t5)
core   0: 3 0x8000eae0 (0x523f2223) mem 0x80010000 0x00000001
core   0: 0x8000eae4 (0x0000bfe5) c.j     pc - 8
core   0: 3 0x8000eae4 (0xbfe5)
core   0: 0x8000eadc (0x00001f17) auipc   t5, 0x1
core   0: 3 0x8000eadc (0x00001f17) x30 0x8000fadc
core   0: 0x8000eae0 (0x523f2223) sw      gp, 1316(t5)
core   0: 3 0x8000eae0 (0x523f2223) mem 0x80010000 0x00000001
core   0: 0x8000eae4 (0x0000bfe5) c.j     pc - 8
core   0: 3 0x8000eae4 (0xbfe5)
core   0: 0x8000eadc (0x00001f17) auipc   t5, 0x1
core   0: 3 0x8000eadc (0x00001f17) x30 0x8000fadc
core   0: 0x8000eae0 (0x523f2223) sw      gp, 1316(t5)
core   0: 3 0x8000eae0 (0x523f2223) mem 0x80010000 0x00000001
core   0: 0x8000eae4 (0x0000bfe5) c.j     pc - 8
core   0: 3 0x8000eae4 (0xbfe5)
core   0: 0x8000eadc (0x00001f17) auipc   t5, 0x1
core   0: 3 0x8000eadc (0x00001f17) x30 0x8000fadc
core   0: 0x8000eae0 (0x523f2223) sw      gp, 1316(t5)
core   0: 3 0x8000eae0 (0x523f2223) mem 0x80010000 0x00000001
core   0: 0x8000eae4 (0x0000bfe5) c.j     pc - 8
core   0: 3 0x8000eae4 (0xbfe5)
core   0: 0x8000eadc (0x00001f17) auipc   t5, 0x1
core   0: 3 0x8000eadc (0x00001f17) x30 0x8000fadc
core   0: 0x8000eae0 (0x523f2223) sw      gp, 1316(t5)
core   0: 3 0x8000eae0 (0x523f2223) mem 0x80010000 0x00000001
core   0: 0x8000eae4 (0x0000bfe5) c.j     pc - 8
core   0: 3 0x8000eae4 (0xbfe5)
core   0: 0x8000eadc (0x00001f17) auipc   t5, 0x1
core   0: 3 0x8000eadc (0x00001f17) x30 0x8000fadc
core   0: 0x8000eae0 (0x523f2223) sw      gp, 1316(t5)
core   0: 3 0x8000eae0 (0x523f2223) mem 0x80010000 0x00000001
core   0: 0x8000eae4 (0x0000bfe5) c.j     pc - 8
core   0: 3 0x8000eae4 (0xbfe5)
core   0: 0x8000eadc (0x00001f17) auipc   t5, 0x1
core   0: 3 0x8000eadc (0x00001f17) x30 0x8000fadc
core   0: 0x8000eae0 (0x523f2223) sw      gp, 1316(t5)
core   0: 3 0x8000eae0 (0x523f2223) mem 0x80010000 0x00000001
core   0: 0x8000eae4 (0x0000bfe5) c.j     pc - 8
core   0: 3 0x8000eae4 (0xbfe5)
core   0: 0x8000eadc (0x00001f17) auipc   t5, 0x1
core   0: 3 0x8000eadc (0x00001f17) x30 0x8000fadc
core   0: 0x8000eae0 (0x523f2223) sw      gp, 1316(t5)
core   0: 3 0x8000eae0 (0x523f2223) mem 0x80010000 0x00000001
core   0: 0x8000eae4 (0x0000bfe5) c.j     pc - 8
core   0: 3 0x8000eae4 (0xbfe5)
core   0: 0x8000eadc (0x00001f17) auipc   t5, 0x1
core   0: 3 0x8000eadc (0x00001f17) x30 0x8000fadc
core   0: 0x8000eae0 (0x523f2223) sw      gp, 1316(t5)
core   0: 3 0x8000eae0 (0x523f2223) mem 0x80010000 0x00000001
core   0: 0x8000eae4 (0x0000bfe5) c.j     pc - 8
core   0: 3 0x8000eae4 (0xbfe5)
core   0: 0x8000eadc (0x00001f17) auipc   t5, 0x1
core   0: 3 0x8000eadc (0x00001f17) x30 0x8000fadc
core   0: 0x8000eae0 (0x523f2223) sw      gp, 1316(t5)
core   0: 3 0x8000eae0 (0x523f2223) mem 0x80010000 0x00000001
core   0: 0x8000eae4 (0x0000bfe5) c.j     pc - 8
core   0: 3 0x8000eae4 (0xbfe5)
core   0: 0x8000eadc (0x00001f17) auipc   t5, 0x1
core   0: 3 0x8000eadc (0x00001f17) x30 0x8000fadc
core   0: 0x8000eae0 (0x523f2223) sw      gp, 1316(t5)
core   0: 3 0x8000eae0 (0x523f2223) mem 0x80010000 0x00000001
core   0: 0x8000eae4 (0x0000bfe5) c.j     pc - 8
core   0: 3 0x8000eae4 (0xbfe5)
core   0: 0x8000eadc (0x00001f17) auipc   t5, 0x1
core   0: 3 0x8000eadc (0x00001f17) x30 0x8000fadc
core   0: 0x8000eae0 (0x523f2223) sw      gp, 1316(t5)
core   0: 3 0x8000eae0 (0x523f2223) mem 0x80010000 0x00000001
core   0: 0x8000eae4 (0x0000bfe5) c.j     pc - 8
core   0: 3 0x8000eae4 (0xbfe5)
core   0: 0x8000eadc (0x00001f17) auipc   t5, 0x1
core   0: 3 0x8000eadc (0x00001f17) x30 0x8000fadc
core   0: 0x8000eae0 (0x523f2223) sw      gp, 1316(t5)
core   0: 3 0x8000eae0 (0x523f2223) mem 0x80010000 0x00000001
core   0: 0x8000eae4 (0x0000bfe5) c.j     pc - 8
core   0: 3 0x8000eae4 (0xbfe5)
core   0: 0x8000eadc (0x00001f17) auipc   t5, 0x1
core   0: 3 0x8000eadc (0x00001f17) x30 0x8000fadc
core   0: 0x8000eae0 (0x523f2223) sw      gp, 1316(t5)
core   0: 3 0x8000eae0 (0x523f2223) mem 0x80010000 0x00000001
core   0: 0x8000eae4 (0x0000bfe5) c.j     pc - 8
core   0: 3 0x8000eae4 (0xbfe5)
core   0: 0x8000eadc (0x00001f17) auipc   t5, 0x1
core   0: 3 0x8000eadc (0x00001f17) x30 0x8000fadc
core   0: 0x8000eae0 (0x523f2223) sw      gp, 1316(t5)
core   0: 3 0x8000eae0 (0x523f2223) mem 0x80010000 0x00000001
core   0: 0x8000eae4 (0x0000bfe5) c.j     pc - 8
core   0: 3 0x8000eae4 (0xbfe5)
core   0: 0x8000eadc (0x00001f17) auipc   t5, 0x1
core   0: 3 0x8000eadc (0x00001f17) x30 0x8000fadc
core   0: 0x8000eae0 (0x523f2223) sw      gp, 1316(t5)
core   0: 3 0x8000eae0 (0x523f2223) mem 0x80010000 0x00000001
core   0: 0x8000eae4 (0x0000bfe5) c.j     pc - 8
core   0: 3 0x8000eae4 (0xbfe5)
core   0: 0x8000eadc (0x00001f17) auipc   t5, 0x1
core   0: 3 0x8000eadc (0x00001f17) x30 0x8000fadc
core   0: 0x8000eae0 (0x523f2223) sw      gp, 1316(t5)
core   0: 3 0x8000eae0 (0x523f2223) mem 0x80010000 0x00000001
core   0: 0x8000eae4 (0x0000bfe5) c.j     pc - 8
core   0: 3 0x8000eae4 (0xbfe5)
core   0: 0x8000eadc (0x00001f17) auipc   t5, 0x1
core   0: 3 0x8000eadc (0x00001f17) x30 0x8000fadc
core   0: 0x8000eae0 (0x523f2223) sw      gp, 1316(t5)
core   0: 3 0x8000eae0 (0x523f2223) mem 0x80010000 0x00000001
core   0: 0x8000eae4 (0x0000bfe5) c.j     pc - 8
core   0: 3 0x8000eae4 (0xbfe5)
core   0: 0x8000eadc (0x00001f17) auipc   t5, 0x1
core   0: 3 0x8000eadc (0x00001f17) x30 0x8000fadc
core   0: 0x8000eae0 (0x523f2223) sw      gp, 1316(t5)
core   0: 3 0x8000eae0 (0x523f2223) mem 0x80010000 0x00000001
core   0: 0x8000eae4 (0x0000bfe5) c.j     pc - 8
core   0: 3 0x8000eae4 (0xbfe5)
core   0: 0x8000eadc (0x00001f17) auipc   t5, 0x1
core   0: 3 0x8000eadc (0x00001f17) x30 0x8000fadc
core   0: 0x8000eae0 (0x523f2223) sw      gp, 1316(t5)
core   0: 3 0x8000eae0 (0x523f2223) mem 0x80010000 0x00000001
core   0: 0x8000eae4 (0x0000bfe5) c.j     pc - 8
core   0: 3 0x8000eae4 (0xbfe5)
core   0: 0x8000eadc (0x00001f17) auipc   t5, 0x1
core   0: 3 0x8000eadc (0x00001f17) x30 0x8000fadc
core   0: 0x8000eae0 (0x523f2223) sw      gp, 1316(t5)
core   0: 3 0x8000eae0 (0x523f2223) mem 0x80010000 0x00000001
core   0: 0x8000eae4 (0x0000bfe5) c.j     pc - 8
core   0: 3 0x8000eae4 (0xbfe5)
core   0: 0x8000eadc (0x00001f17) auipc   t5, 0x1
core   0: 3 0x8000eadc (0x00001f17) x30 0x8000fadc
core   0: 0x8000eae0 (0x523f2223) sw      gp, 1316(t5)
core   0: 3 0x8000eae0 (0x523f2223) mem 0x80010000 0x00000001
core   0: 0x8000eae4 (0x0000bfe5) c.j     pc - 8
core   0: 3 0x8000eae4 (0xbfe5)
core   0: 0x8000eadc (0x00001f17) auipc   t5, 0x1
core   0: 3 0x8000eadc (0x00001f17) x30 0x8000fadc
core   0: 0x8000eae0 (0x523f2223) sw      gp, 1316(t5)
core   0: 3 0x8000eae0 (0x523f2223) mem 0x80010000 0x00000001
core   0: 0x8000eae4 (0x0000bfe5) c.j     pc - 8
core   0: 3 0x8000eae4 (0xbfe5)
core   0: 0x8000eadc (0x00001f17) auipc   t5, 0x1
core   0: 3 0x8000eadc (0x00001f17) x30 0x8000fadc
core   0: 0x8000eae0 (0x523f2223) sw      gp, 1316(t5)
core   0: 3 0x8000eae0 (0x523f2223) mem 0x80010000 0x00000001
core   0: 0x8000eae4 (0x0000bfe5) c.j     pc - 8
core   0: 3 0x8000eae4 (0xbfe5)
core   0: 0x8000eadc (0x00001f17) auipc   t5, 0x1
core   0: 3 0x8000eadc (0x00001f17) x30 0x8000fadc
core   0: 0x8000eae0 (0x523f2223) sw      gp, 1316(t5)
core   0: 3 0x8000eae0 (0x523f2223) mem 0x80010000 0x00000001
core   0: 0x8000eae4 (0x0000bfe5) c.j     pc - 8
core   0: 3 0x8000eae4 (0xbfe5)
core   0: 0x8000eadc (0x00001f17) auipc   t5, 0x1
core   0: 3 0x8000eadc (0x00001f17) x30 0x8000fadc
core   0: 0x8000eae0 (0x523f2223) sw      gp, 1316(t5)
core   0: 3 0x8000eae0 (0x523f2223) mem 0x80010000 0x00000001
core   0: 0x8000eae4 (0x0000bfe5) c.j     pc - 8
core   0: 3 0x8000eae4 (0xbfe5)
core   0: 0x8000eadc (0x00001f17) auipc   t5, 0x1
core   0: 3 0x8000eadc (0x00001f17) x30 0x8000fadc
core   0: 0x8000eae0 (0x523f2223) sw      gp, 1316(t5)
core   0: 3 0x8000eae0 (0x523f2223) mem 0x80010000 0x00000001
core   0: 0x8000eae4 (0x0000bfe5) c.j     pc - 8
core   0: 3 0x8000eae4 (0xbfe5)
core   0: 0x8000eadc (0x00001f17) auipc   t5, 0x1
core   0: 3 0x8000eadc (0x00001f17) x30 0x8000fadc
core   0: 0x8000eae0 (0x523f2223) sw      gp, 1316(t5)
core   0: 3 0x8000eae0 (0x523f2223) mem 0x80010000 0x00000001
core   0: 0x8000eae4 (0x0000bfe5) c.j     pc - 8
core   0: 3 0x8000eae4 (0xbfe5)
core   0: 0x8000eadc (0x00001f17) auipc   t5, 0x1
core   0: 3 0x8000eadc (0x00001f17) x30 0x8000fadc
core   0: 0x8000eae0 (0x523f2223) sw      gp, 1316(t5)
core   0: 3 0x8000eae0 (0x523f2223) mem 0x80010000 0x00000001
core   0: 0x8000eae4 (0x0000bfe5) c.j     pc - 8
core   0: 3 0x8000eae4 (0xbfe5)
core   0: 0x8000eadc (0x00001f17) auipc   t5, 0x1
core   0: 3 0x8000eadc (0x00001f17) x30 0x8000fadc
core   0: 0x8000eae0 (0x523f2223) sw      gp, 1316(t5)
core   0: 3 0x8000eae0 (0x523f2223) mem 0x80010000 0x00000001
core   0: 0x8000eae4 (0x0000bfe5) c.j     pc - 8
core   0: 3 0x8000eae4 (0xbfe5)
core   0: 0x8000eadc (0x00001f17) auipc   t5, 0x1
core   0: 3 0x8000eadc (0x00001f17) x30 0x8000fadc
core   0: 0x8000eae0 (0x523f2223) sw      gp, 1316(t5)
core   0: 3 0x8000eae0 (0x523f2223) mem 0x80010000 0x00000001
core   0: 0x8000eae4 (0x0000bfe5) c.j     pc - 8
core   0: 3 0x8000eae4 (0xbfe5)
core   0: 0x8000eadc (0x00001f17) auipc   t5, 0x1
core   0: 3 0x8000eadc (0x00001f17) x30 0x8000fadc
core   0: 0x8000eae0 (0x523f2223) sw      gp, 1316(t5)
core   0: 3 0x8000eae0 (0x523f2223) mem 0x80010000 0x00000001
core   0: 0x8000eae4 (0x0000bfe5) c.j     pc - 8
core   0: 3 0x8000eae4 (0xbfe5)
core   0: 0x8000eadc (0x00001f17) auipc   t5, 0x1
core   0: 3 0x8000eadc (0x00001f17) x30 0x8000fadc
core   0: 0x8000eae0 (0x523f2223) sw      gp, 1316(t5)
core   0: 3 0x8000eae0 (0x523f2223) mem 0x80010000 0x00000001
core   0: 0x8000eae4 (0x0000bfe5) c.j     pc - 8
core   0: 3 0x8000eae4 (0xbfe5)
core   0: 0x8000eadc (0x00001f17) auipc   t5, 0x1
core   0: 3 0x8000eadc (0x00001f17) x30 0x8000fadc
core   0: 0x8000eae0 (0x523f2223) sw      gp, 1316(t5)
core   0: 3 0x8000eae0 (0x523f2223) mem 0x80010000 0x00000001
core   0: 0x8000eae4 (0x0000bfe5) c.j     pc - 8
core   0: 3 0x8000eae4 (0xbfe5)
core   0: 0x8000eadc (0x00001f17) auipc   t5, 0x1
core   0: 3 0x8000eadc (0x00001f17) x30 0x8000fadc
core   0: 0x8000eae0 (0x523f2223) sw      gp, 1316(t5)
core   0: 3 0x8000eae0 (0x523f2223) mem 0x80010000 0x00000001
core   0: 0x8000eae4 (0x0000bfe5) c.j     pc - 8
core   0: 3 0x8000eae4 (0xbfe5)
core   0: 0x8000eadc (0x00001f17) auipc   t5, 0x1
core   0: 3 0x8000eadc (0x00001f17) x30 0x8000fadc
core   0: 0x8000eae0 (0x523f2223) sw      gp, 1316(t5)
core   0: 3 0x8000eae0 (0x523f2223) mem 0x80010000 0x00000001
core   0: 0x8000eae4 (0x0000bfe5) c.j     pc - 8
core   0: 3 0x8000eae4 (0xbfe5)
core   0: 0x8000eadc (0x00001f17) auipc   t5, 0x1
core   0: 3 0x8000eadc (0x00001f17) x30 0x8000fadc
core   0: 0x8000eae0 (0x523f2223) sw      gp, 1316(t5)
core   0: 3 0x8000eae0 (0x523f2223) mem 0x80010000 0x00000001
core   0: 0x8000eae4 (0x0000bfe5) c.j     pc - 8
core   0: 3 0x8000eae4 (0xbfe5)
core   0: 0x8000eadc (0x00001f17) auipc   t5, 0x1
core   0: 3 0x8000eadc (0x00001f17) x30 0x8000fadc
core   0: 0x8000eae0 (0x523f2223) sw      gp, 1316(t5)
core   0: 3 0x8000eae0 (0x523f2223) mem 0x80010000 0x00000001
core   0: 0x8000eae4 (0x0000bfe5) c.j     pc - 8
core   0: 3 0x8000eae4 (0xbfe5)
core   0: 0x8000eadc (0x00001f17) auipc   t5, 0x1
core   0: 3 0x8000eadc (0x00001f17) x30 0x8000fadc
core   0: 0x8000eae0 (0x523f2223) sw      gp, 1316(t5)
core   0: 3 0x8000eae0 (0x523f2223) mem 0x80010000 0x00000001
core   0: 0x8000eae4 (0x0000bfe5) c.j     pc - 8
core   0: 3 0x8000eae4 (0xbfe5)
core   0: 0x8000eadc (0x00001f17) auipc   t5, 0x1
core   0: 3 0x8000eadc (0x00001f17) x30 0x8000fadc
core   0: 0x8000eae0 (0x523f2223) sw      gp, 1316(t5)
core   0: 3 0x8000eae0 (0x523f2223) mem 0x80010000 0x00000001
core   0: 0x8000eae4 (0x0000bfe5) c.j     pc - 8
core   0: 3 0x8000eae4 (0xbfe5)
core   0: 0x8000eadc (0x00001f17) auipc   t5, 0x1
core   0: 3 0x8000eadc (0x00001f17) x30 0x8000fadc
core   0: 0x8000eae0 (0x523f2223) sw      gp, 1316(t5)
core   0: 3 0x8000eae0 (0x523f2223) mem 0x80010000 0x00000001
core   0: 0x8000eae4 (0x0000bfe5) c.j     pc - 8
core   0: 3 0x8000eae4 (0xbfe5)
core   0: 0x8000eadc (0x00001f17) auipc   t5, 0x1
core   0: 3 0x8000eadc (0x00001f17) x30 0x8000fadc
core   0: 0x8000eae0 (0x523f2223) sw      gp, 1316(t5)
core   0: 3 0x8000eae0 (0x523f2223) mem 0x80010000 0x00000001
core   0: 0x8000eae4 (0x0000bfe5) c.j     pc - 8
core   0: 3 0x8000eae4 (0xbfe5)
core   0: 0x8000eadc (0x00001f17) auipc   t5, 0x1
core   0: 3 0x8000eadc (0x00001f17) x30 0x8000fadc
core   0: 0x8000eae0 (0x523f2223) sw      gp, 1316(t5)
core   0: 3 0x8000eae0 (0x523f2223) mem 0x80010000 0x00000001
core   0: 0x8000eae4 (0x0000bfe5) c.j     pc - 8
core   0: 3 0x8000eae4 (0xbfe5)
core   0: 0x8000eadc (0x00001f17) auipc   t5, 0x1
core   0: 3 0x8000eadc (0x00001f17) x30 0x8000fadc
core   0: 0x8000eae0 (0x523f2223) sw      gp, 1316(t5)
core   0: 3 0x8000eae0 (0x523f2223) mem 0x80010000 0x00000001
core   0: 0x8000eae4 (0x0000bfe5) c.j     pc - 8
core   0: 3 0x8000eae4 (0xbfe5)
core   0: 0x8000eadc (0x00001f17) auipc   t5, 0x1
core   0: 3 0x8000eadc (0x00001f17) x30 0x8000fadc
core   0: 0x8000eae0 (0x523f2223) sw      gp, 1316(t5)
core   0: 3 0x8000eae0 (0x523f2223) mem 0x80010000 0x00000001
core   0: 0x8000eae4 (0x0000bfe5) c.j     pc - 8
core   0: 3 0x8000eae4 (0xbfe5)
core   0: 0x8000eadc (0x00001f17) auipc   t5, 0x1
core   0: 3 0x8000eadc (0x00001f17) x30 0x8000fadc
core   0: 0x8000eae0 (0x523f2223) sw      gp, 1316(t5)
core   0: 3 0x8000eae0 (0x523f2223) mem 0x80010000 0x00000001
core   0: 0x8000eae4 (0x0000bfe5) c.j     pc - 8
core   0: 3 0x8000eae4 (0xbfe5)
core   0: 0x8000eadc (0x00001f17) auipc   t5, 0x1
core   0: 3 0x8000eadc (0x00001f17) x30 0x8000fadc
core   0: 0x8000eae0 (0x523f2223) sw      gp, 1316(t5)
core   0: 3 0x8000eae0 (0x523f2223) mem 0x80010000 0x00000001
core   0: 0x8000eae4 (0x0000bfe5) c.j     pc - 8
core   0: 3 0x8000eae4 (0xbfe5)
core   0: 0x8000eadc (0x00001f17) auipc   t5, 0x1
core   0: 3 0x8000eadc (0x00001f17) x30 0x8000fadc
core   0: 0x8000eae0 (0x523f2223) sw      gp, 1316(t5)
core   0: 3 0x8000eae0 (0x523f2223) mem 0x80010000 0x00000001
core   0: 0x8000eae4 (0x0000bfe5) c.j     pc - 8
core   0: 3 0x8000eae4 (0xbfe5)
core   0: 0x8000eadc (0x00001f17) auipc   t5, 0x1
core   0: 3 0x8000eadc (0x00001f17) x30 0x8000fadc
core   0: 0x8000eae0 (0x523f2223) sw      gp, 1316(t5)
core   0: 3 0x8000eae0 (0x523f2223) mem 0x80010000 0x00000001
core   0: 0x8000eae4 (0x0000bfe5) c.j     pc - 8
core   0: 3 0x8000eae4 (0xbfe5)
core   0: 0x8000eadc (0x00001f17) auipc   t5, 0x1
core   0: 3 0x8000eadc (0x00001f17) x30 0x8000fadc
core   0: 0x8000eae0 (0x523f2223) sw      gp, 1316(t5)
core   0: 3 0x8000eae0 (0x523f2223) mem 0x80010000 0x00000001
core   0: 0x8000eae4 (0x0000bfe5) c.j     pc - 8
core   0: 3 0x8000eae4 (0xbfe5)
core   0: 0x8000eadc (0x00001f17) auipc   t5, 0x1
core   0: 3 0x8000eadc (0x00001f17) x30 0x8000fadc
core   0: 0x8000eae0 (0x523f2223) sw      gp, 1316(t5)
core   0: 3 0x8000eae0 (0x523f2223) mem 0x80010000 0x00000001
core   0: 0x8000eae4 (0x0000bfe5) c.j     pc - 8
core   0: 3 0x8000eae4 (0xbfe5)
core   0: 0x8000eadc (0x00001f17) auipc   t5, 0x1
core   0: 3 0x8000eadc (0x00001f17) x30 0x8000fadc
core   0: 0x8000eae0 (0x523f2223) sw      gp, 1316(t5)
core   0: 3 0x8000eae0 (0x523f2223) mem 0x80010000 0x00000001
core   0: 0x8000eae4 (0x0000bfe5) c.j     pc - 8
core   0: 3 0x8000eae4 (0xbfe5)
core   0: 0x8000eadc (0x00001f17) auipc   t5, 0x1
core   0: 3 0x8000eadc (0x00001f17) x30 0x8000fadc
core   0: 0x8000eae0 (0x523f2223) sw      gp, 1316(t5)
core   0: 3 0x8000eae0 (0x523f2223) mem 0x80010000 0x00000001
core   0: 0x8000eae4 (0x0000bfe5) c.j     pc - 8
core   0: 3 0x8000eae4 (0xbfe5)
core   0: 0x8000eadc (0x00001f17) auipc   t5, 0x1
core   0: 3 0x8000eadc (0x00001f17) x30 0x8000fadc
core   0: 0x8000eae0 (0x523f2223) sw      gp, 1316(t5)
core   0: 3 0x8000eae0 (0x523f2223) mem 0x80010000 0x00000001
core   0: 0x8000eae4 (0x0000bfe5) c.j     pc - 8
core   0: 3 0x8000eae4 (0xbfe5)
core   0: 0x8000eadc (0x00001f17) auipc   t5, 0x1
core   0: 3 0x8000eadc (0x00001f17) x30 0x8000fadc
core   0: 0x8000eae0 (0x523f2223) sw      gp, 1316(t5)
core   0: 3 0x8000eae0 (0x523f2223) mem 0x80010000 0x00000001
core   0: 0x8000eae4 (0x0000bfe5) c.j     pc - 8
core   0: 3 0x8000eae4 (0xbfe5)
core   0: 0x8000eadc (0x00001f17) auipc   t5, 0x1
core   0: 3 0x8000eadc (0x00001f17) x30 0x8000fadc
core   0: 0x8000eae0 (0x523f2223) sw      gp, 1316(t5)
core   0: 3 0x8000eae0 (0x523f2223) mem 0x80010000 0x00000001
core   0: 0x8000eae4 (0x0000bfe5) c.j     pc - 8
core   0: 3 0x8000eae4 (0xbfe5)
core   0: 0x8000eadc (0x00001f17) auipc   t5, 0x1
core   0: 3 0x8000eadc (0x00001f17) x30 0x8000fadc
core   0: 0x8000eae0 (0x523f2223) sw      gp, 1316(t5)
core   0: 3 0x8000eae0 (0x523f2223) mem 0x80010000 0x00000001
core   0: 0x8000eae4 (0x0000bfe5) c.j     pc - 8
core   0: 3 0x8000eae4 (0xbfe5)
core   0: 0x8000eadc (0x00001f17) auipc   t5, 0x1
core   0: 3 0x8000eadc (0x00001f17) x30 0x8000fadc
core   0: 0x8000eae0 (0x523f2223) sw      gp, 1316(t5)
core   0: 3 0x8000eae0 (0x523f2223) mem 0x80010000 0x00000001
core   0: 0x8000eae4 (0x0000bfe5) c.j     pc - 8
core   0: 3 0x8000eae4 (0xbfe5)
core   0: 0x8000eadc (0x00001f17) auipc   t5, 0x1
core   0: 3 0x8000eadc (0x00001f17) x30 0x8000fadc
core   0: 0x8000eae0 (0x523f2223) sw      gp, 1316(t5)
core   0: 3 0x8000eae0 (0x523f2223) mem 0x80010000 0x00000001
core   0: 0x8000eae4 (0x0000bfe5) c.j     pc - 8
core   0: 3 0x8000eae4 (0xbfe5)
core   0: 0x8000eadc (0x00001f17) auipc   t5, 0x1
core   0: 3 0x8000eadc (0x00001f17) x30 0x8000fadc
core   0: 0x8000eae0 (0x523f2223) sw      gp, 1316(t5)
core   0: 3 0x8000eae0 (0x523f2223) mem 0x80010000 0x00000001
core   0: 0x8000eae4 (0x0000bfe5) c.j     pc - 8
core   0: 3 0x8000eae4 (0xbfe5)
core   0: 0x8000eadc (0x00001f17) auipc   t5, 0x1
core   0: 3 0x8000eadc (0x00001f17) x30 0x8000fadc
core   0: 0x8000eae0 (0x523f2223) sw      gp, 1316(t5)
core   0: 3 0x8000eae0 (0x523f2223) mem 0x80010000 0x00000001
core   0: 0x8000eae4 (0x0000bfe5) c.j     pc - 8
core   0: 3 0x8000eae4 (0xbfe5)
core   0: 0x8000eadc (0x00001f17) auipc   t5, 0x1
core   0: 3 0x8000eadc (0x00001f17) x30 0x8000fadc
core   0: 0x8000eae0 (0x523f2223) sw      gp, 1316(t5)
core   0: 3 0x8000eae0 (0x523f2223) mem 0x80010000 0x00000001
core   0: 0x8000eae4 (0x0000bfe5) c.j     pc - 8
core   0: 3 0x8000eae4 (0xbfe5)
core   0: 0x8000eadc (0x00001f17) auipc   t5, 0x1
core   0: 3 0x8000eadc (0x00001f17) x30 0x8000fadc
core   0: 0x8000eae0 (0x523f2223) sw      gp, 1316(t5)
core   0: 3 0x8000eae0 (0x523f2223) mem 0x80010000 0x00000001
core   0: 0x8000eae4 (0x0000bfe5) c.j     pc - 8
core   0: 3 0x8000eae4 (0xbfe5)
core   0: 0x8000eadc (0x00001f17) auipc   t5, 0x1
core   0: 3 0x8000eadc (0x00001f17) x30 0x8000fadc
core   0: 0x8000eae0 (0x523f2223) sw      gp, 1316(t5)
core   0: 3 0x8000eae0 (0x523f2223) mem 0x80010000 0x00000001
core   0: 0x8000eae4 (0x0000bfe5) c.j     pc - 8
core   0: 3 0x8000eae4 (0xbfe5)
core   0: 0x8000eadc (0x00001f17) auipc   t5, 0x1
core   0: 3 0x8000eadc (0x00001f17) x30 0x8000fadc
core   0: 0x8000eae0 (0x523f2223) sw      gp, 1316(t5)
core   0: 3 0x8000eae0 (0x523f2223) mem 0x80010000 0x00000001
core   0: 0x8000eae4 (0x0000bfe5) c.j     pc - 8
core   0: 3 0x8000eae4 (0xbfe5)
core   0: 0x8000eadc (0x00001f17) auipc   t5, 0x1
core   0: 3 0x8000eadc (0x00001f17) x30 0x8000fadc
core   0: 0x8000eae0 (0x523f2223) sw      gp, 1316(t5)
core   0: 3 0x8000eae0 (0x523f2223) mem 0x80010000 0x00000001
core   0: 0x8000eae4 (0x0000bfe5) c.j     pc - 8
core   0: 3 0x8000eae4 (0xbfe5)
core   0: 0x8000eadc (0x00001f17) auipc   t5, 0x1
core   0: 3 0x8000eadc (0x00001f17) x30 0x8000fadc
core   0: 0x8000eae0 (0x523f2223) sw      gp, 1316(t5)
core   0: 3 0x8000eae0 (0x523f2223) mem 0x80010000 0x00000001
core   0: 0x8000eae4 (0x0000bfe5) c.j     pc - 8
core   0: 3 0x8000eae4 (0xbfe5)
core   0: 0x8000eadc (0x00001f17) auipc   t5, 0x1
core   0: 3 0x8000eadc (0x00001f17) x30 0x8000fadc
core   0: 0x8000eae0 (0x523f2223) sw      gp, 1316(t5)
core   0: 3 0x8000eae0 (0x523f2223) mem 0x80010000 0x00000001
core   0: 0x8000eae4 (0x0000bfe5) c.j     pc - 8
core   0: 3 0x8000eae4 (0xbfe5)
core   0: 0x8000eadc (0x00001f17) auipc   t5, 0x1
core   0: 3 0x8000eadc (0x00001f17) x30 0x8000fadc
core   0: 0x8000eae0 (0x523f2223) sw      gp, 1316(t5)
core   0: 3 0x8000eae0 (0x523f2223) mem 0x80010000 0x00000001
core   0: 0x8000eae4 (0x0000bfe5) c.j     pc - 8
core   0: 3 0x8000eae4 (0xbfe5)
core   0: 0x8000eadc (0x00001f17) auipc   t5, 0x1
core   0: 3 0x8000eadc (0x00001f17) x30 0x8000fadc
core   0: 0x8000eae0 (0x523f2223) sw      gp, 1316(t5)
core   0: 3 0x8000eae0 (0x523f2223) mem 0x80010000 0x00000001
core   0: 0x8000eae4 (0x0000bfe5) c.j     pc - 8
core   0: 3 0x8000eae4 (0xbfe5)
core   0: 0x8000eadc (0x00001f17) auipc   t5, 0x1
core   0: 3 0x8000eadc (0x00001f17) x30 0x8000fadc
core   0: 0x8000eae0 (0x523f2223) sw      gp, 1316(t5)
core   0: 3 0x8000eae0 (0x523f2223) mem 0x80010000 0x00000001
core   0: 0x8000eae4 (0x0000bfe5) c.j     pc - 8
core   0: 3 0x8000eae4 (0xbfe5)
core   0: 0x8000eadc (0x00001f17) auipc   t5, 0x1
core   0: 3 0x8000eadc (0x00001f17) x30 0x8000fadc
core   0: 0x8000eae0 (0x523f2223) sw      gp, 1316(t5)
core   0: 3 0x8000eae0 (0x523f2223) mem 0x80010000 0x00000001
core   0: 0x8000eae4 (0x0000bfe5) c.j     pc - 8
core   0: 3 0x8000eae4 (0xbfe5)
core   0: 0x8000eadc (0x00001f17) auipc   t5, 0x1
core   0: 3 0x8000eadc (0x00001f17) x30 0x8000fadc
core   0: 0x8000eae0 (0x523f2223) sw      gp, 1316(t5)
core   0: 3 0x8000eae0 (0x523f2223) mem 0x80010000 0x00000001
core   0: 0x8000eae4 (0x0000bfe5) c.j     pc - 8
core   0: 3 0x8000eae4 (0xbfe5)
core   0: 0x8000eadc (0x00001f17) auipc   t5, 0x1
core   0: 3 0x8000eadc (0x00001f17) x30 0x8000fadc
core   0: 0x8000eae0 (0x523f2223) sw      gp, 1316(t5)
core   0: 3 0x8000eae0 (0x523f2223) mem 0x80010000 0x00000001
core   0: 0x8000eae4 (0x0000bfe5) c.j     pc - 8
core   0: 3 0x8000eae4 (0xbfe5)
core   0: 0x8000eadc (0x00001f17) auipc   t5, 0x1
core   0: 3 0x8000eadc (0x00001f17) x30 0x8000fadc
core   0: 0x8000eae0 (0x523f2223) sw      gp, 1316(t5)
core   0: 3 0x8000eae0 (0x523f2223) mem 0x80010000 0x00000001
core   0: 0x8000eae4 (0x0000bfe5) c.j     pc - 8
core   0: 3 0x8000eae4 (0xbfe5)
core   0: 0x8000eadc (0x00001f17) auipc   t5, 0x1
core   0: 3 0x8000eadc (0x00001f17) x30 0x8000fadc
core   0: 0x8000eae0 (0x523f2223) sw      gp, 1316(t5)
core   0: 3 0x8000eae0 (0x523f2223) mem 0x80010000 0x00000001
core   0: 0x8000eae4 (0x0000bfe5) c.j     pc - 8
core   0: 3 0x8000eae4 (0xbfe5)
core   0: 0x8000eadc (0x00001f17) auipc   t5, 0x1
core   0: 3 0x8000eadc (0x00001f17) x30 0x8000fadc
core   0: 0x8000eae0 (0x523f2223) sw      gp, 1316(t5)
core   0: 3 0x8000eae0 (0x523f2223) mem 0x80010000 0x00000001
core   0: 0x8000eae4 (0x0000bfe5) c.j     pc - 8
core   0: 3 0x8000eae4 (0xbfe5)
core   0: 0x8000eadc (0x00001f17) auipc   t5, 0x1
core   0: 3 0x8000eadc (0x00001f17) x30 0x8000fadc
core   0: 0x8000eae0 (0x523f2223) sw      gp, 1316(t5)
core   0: 3 0x8000eae0 (0x523f2223) mem 0x80010000 0x00000001
core   0: 0x8000eae4 (0x0000bfe5) c.j     pc - 8
core   0: 3 0x8000eae4 (0xbfe5)
core   0: 0x8000eadc (0x00001f17) auipc   t5, 0x1
core   0: 3 0x8000eadc (0x00001f17) x30 0x8000fadc
core   0: 0x8000eae0 (0x523f2223) sw      gp, 1316(t5)
core   0: 3 0x8000eae0 (0x523f2223) mem 0x80010000 0x00000001
core   0: 0x8000eae4 (0x0000bfe5) c.j     pc - 8
core   0: 3 0x8000eae4 (0xbfe5)
core   0: 0x8000eadc (0x00001f17) auipc   t5, 0x1
core   0: 3 0x8000eadc (0x00001f17) x30 0x8000fadc
core   0: 0x8000eae0 (0x523f2223) sw      gp, 1316(t5)
core   0: 3 0x8000eae0 (0x523f2223) mem 0x80010000 0x00000001
core   0: 0x8000eae4 (0x0000bfe5) c.j     pc - 8
core   0: 3 0x8000eae4 (0xbfe5)
core   0: 0x8000eadc (0x00001f17) auipc   t5, 0x1
core   0: 3 0x8000eadc (0x00001f17) x30 0x8000fadc
core   0: 0x8000eae0 (0x523f2223) sw      gp, 1316(t5)
core   0: 3 0x8000eae0 (0x523f2223) mem 0x80010000 0x00000001
core   0: 0x8000eae4 (0x0000bfe5) c.j     pc - 8
core   0: 3 0x8000eae4 (0xbfe5)
core   0: 0x8000eadc (0x00001f17) auipc   t5, 0x1
core   0: 3 0x8000eadc (0x00001f17) x30 0x8000fadc
core   0: 0x8000eae0 (0x523f2223) sw      gp, 1316(t5)
core   0: 3 0x8000eae0 (0x523f2223) mem 0x80010000 0x00000001
core   0: 0x8000eae4 (0x0000bfe5) c.j     pc - 8
core   0: 3 0x8000eae4 (0xbfe5)
core   0: 0x8000eadc (0x00001f17) auipc   t5, 0x1
core   0: 3 0x8000eadc (0x00001f17) x30 0x8000fadc
core   0: 0x8000eae0 (0x523f2223) sw      gp, 1316(t5)
core   0: 3 0x8000eae0 (0x523f2223) mem 0x80010000 0x00000001
core   0: 0x8000eae4 (0x0000bfe5) c.j     pc - 8
core   0: 3 0x8000eae4 (0xbfe5)
core   0: 0x8000eadc (0x00001f17) auipc   t5, 0x1
core   0: 3 0x8000eadc (0x00001f17) x30 0x8000fadc
core   0: 0x8000eae0 (0x523f2223) sw      gp, 1316(t5)
core   0: 3 0x8000eae0 (0x523f2223) mem 0x80010000 0x00000001
core   0: 0x8000eae4 (0x0000bfe5) c.j     pc - 8
core   0: 3 0x8000eae4 (0xbfe5)
core   0: 0x8000eadc (0x00001f17) auipc   t5, 0x1
core   0: 3 0x8000eadc (0x00001f17) x30 0x8000fadc
core   0: 0x8000eae0 (0x523f2223) sw      gp, 1316(t5)
core   0: 3 0x8000eae0 (0x523f2223) mem 0x80010000 0x00000001
core   0: 0x8000eae4 (0x0000bfe5) c.j     pc - 8
core   0: 3 0x8000eae4 (0xbfe5)
core   0: 0x8000eadc (0x00001f17) auipc   t5, 0x1
core   0: 3 0x8000eadc (0x00001f17) x30 0x8000fadc
core   0: 0x8000eae0 (0x523f2223) sw      gp, 1316(t5)
core   0: 3 0x8000eae0 (0x523f2223) mem 0x80010000 0x00000001
core   0: 0x8000eae4 (0x0000bfe5) c.j     pc - 8
core   0: 3 0x8000eae4 (0xbfe5)
core   0: 0x8000eadc (0x00001f17) auipc   t5, 0x1
core   0: 3 0x8000eadc (0x00001f17) x30 0x8000fadc
core   0: 0x8000eae0 (0x523f2223) sw      gp, 1316(t5)
core   0: 3 0x8000eae0 (0x523f2223) mem 0x80010000 0x00000001
core   0: 0x8000eae4 (0x0000bfe5) c.j     pc - 8
core   0: 3 0x8000eae4 (0xbfe5)
core   0: 0x8000eadc (0x00001f17) auipc   t5, 0x1
core   0: 3 0x8000eadc (0x00001f17) x30 0x8000fadc
core   0: 0x8000eae0 (0x523f2223) sw      gp, 1316(t5)
core   0: 3 0x8000eae0 (0x523f2223) mem 0x80010000 0x00000001
core   0: 0x8000eae4 (0x0000bfe5) c.j     pc - 8
core   0: 3 0x8000eae4 (0xbfe5)
core   0: 0x8000eadc (0x00001f17) auipc   t5, 0x1
core   0: 3 0x8000eadc (0x00001f17) x30 0x8000fadc
core   0: 0x8000eae0 (0x523f2223) sw      gp, 1316(t5)
core   0: 3 0x8000eae0 (0x523f2223) mem 0x80010000 0x00000001
core   0: 0x8000eae4 (0x0000bfe5) c.j     pc - 8
core   0: 3 0x8000eae4 (0xbfe5)
core   0: 0x8000eadc (0x00001f17) auipc   t5, 0x1
core   0: 3 0x8000eadc (0x00001f17) x30 0x8000fadc
core   0: 0x8000eae0 (0x523f2223) sw      gp, 1316(t5)
core   0: 3 0x8000eae0 (0x523f2223) mem 0x80010000 0x00000001
core   0: 0x8000eae4 (0x0000bfe5) c.j     pc - 8
core   0: 3 0x8000eae4 (0xbfe5)
core   0: 0x8000eadc (0x00001f17) auipc   t5, 0x1
core   0: 3 0x8000eadc (0x00001f17) x30 0x8000fadc
core   0: 0x8000eae0 (0x523f2223) sw      gp, 1316(t5)
core   0: 3 0x8000eae0 (0x523f2223) mem 0x80010000 0x00000001
core   0: 0x8000eae4 (0x0000bfe5) c.j     pc - 8
core   0: 3 0x8000eae4 (0xbfe5)
core   0: 0x8000eadc (0x00001f17) auipc   t5, 0x1
core   0: 3 0x8000eadc (0x00001f17) x30 0x8000fadc
core   0: 0x8000eae0 (0x523f2223) sw      gp, 1316(t5)
core   0: 3 0x8000eae0 (0x523f2223) mem 0x80010000 0x00000001
core   0: 0x8000eae4 (0x0000bfe5) c.j     pc - 8
core   0: 3 0x8000eae4 (0xbfe5)
core   0: 0x8000eadc (0x00001f17) auipc   t5, 0x1
core   0: 3 0x8000eadc (0x00001f17) x30 0x8000fadc
core   0: 0x8000eae0 (0x523f2223) sw      gp, 1316(t5)
core   0: 3 0x8000eae0 (0x523f2223) mem 0x80010000 0x00000001
core   0: 0x8000eae4 (0x0000bfe5) c.j     pc - 8
core   0: 3 0x8000eae4 (0xbfe5)
core   0: 0x8000eadc (0x00001f17) auipc   t5, 0x1
core   0: 3 0x8000eadc (0x00001f17) x30 0x8000fadc
core   0: 0x8000eae0 (0x523f2223) sw      gp, 1316(t5)
core   0: 3 0x8000eae0 (0x523f2223) mem 0x80010000 0x00000001
core   0: 0x8000eae4 (0x0000bfe5) c.j     pc - 8
core   0: 3 0x8000eae4 (0xbfe5)
core   0: 0x8000eadc (0x00001f17) auipc   t5, 0x1
core   0: 3 0x8000eadc (0x00001f17) x30 0x8000fadc
core   0: 0x8000eae0 (0x523f2223) sw      gp, 1316(t5)
core   0: 3 0x8000eae0 (0x523f2223) mem 0x80010000 0x00000001
core   0: 0x8000eae4 (0x0000bfe5) c.j     pc - 8
core   0: 3 0x8000eae4 (0xbfe5)
core   0: 0x8000eadc (0x00001f17) auipc   t5, 0x1
core   0: 3 0x8000eadc (0x00001f17) x30 0x8000fadc
core   0: 0x8000eae0 (0x523f2223) sw      gp, 1316(t5)
core   0: 3 0x8000eae0 (0x523f2223) mem 0x80010000 0x00000001
core   0: 0x8000eae4 (0x0000bfe5) c.j     pc - 8
core   0: 3 0x8000eae4 (0xbfe5)
core   0: 0x8000eadc (0x00001f17) auipc   t5, 0x1
core   0: 3 0x8000eadc (0x00001f17) x30 0x8000fadc
core   0: 0x8000eae0 (0x523f2223) sw      gp, 1316(t5)
core   0: 3 0x8000eae0 (0x523f2223) mem 0x80010000 0x00000001
core   0: 0x8000eae4 (0x0000bfe5) c.j     pc - 8
core   0: 3 0x8000eae4 (0xbfe5)
core   0: 0x8000eadc (0x00001f17) auipc   t5, 0x1
core   0: 3 0x8000eadc (0x00001f17) x30 0x8000fadc
core   0: 0x8000eae0 (0x523f2223) sw      gp, 1316(t5)
core   0: 3 0x8000eae0 (0x523f2223) mem 0x80010000 0x00000001
core   0: 0x8000eae4 (0x0000bfe5) c.j     pc - 8
core   0: 3 0x8000eae4 (0xbfe5)
core   0: 0x8000eadc (0x00001f17) auipc   t5, 0x1
core   0: 3 0x8000eadc (0x00001f17) x30 0x8000fadc
core   0: 0x8000eae0 (0x523f2223) sw      gp, 1316(t5)
core   0: 3 0x8000eae0 (0x523f2223) mem 0x80010000 0x00000001
core   0: 0x8000eae4 (0x0000bfe5) c.j     pc - 8
core   0: 3 0x8000eae4 (0xbfe5)
core   0: 0x8000eadc (0x00001f17) auipc   t5, 0x1
core   0: 3 0x8000eadc (0x00001f17) x30 0x8000fadc
core   0: 0x8000eae0 (0x523f2223) sw      gp, 1316(t5)
core   0: 3 0x8000eae0 (0x523f2223) mem 0x80010000 0x00000001
core   0: 0x8000eae4 (0x0000bfe5) c.j     pc - 8
core   0: 3 0x8000eae4 (0xbfe5)
core   0: 0x8000eadc (0x00001f17) auipc   t5, 0x1
core   0: 3 0x8000eadc (0x00001f17) x30 0x8000fadc
core   0: 0x8000eae0 (0x523f2223) sw      gp, 1316(t5)
core   0: 3 0x8000eae0 (0x523f2223) mem 0x80010000 0x00000001
core   0: 0x8000eae4 (0x0000bfe5) c.j     pc - 8
core   0: 3 0x8000eae4 (0xbfe5)
core   0: 0x8000eadc (0x00001f17) auipc   t5, 0x1
core   0: 3 0x8000eadc (0x00001f17) x30 0x8000fadc
core   0: 0x8000eae0 (0x523f2223) sw      gp, 1316(t5)
core   0: 3 0x8000eae0 (0x523f2223) mem 0x80010000 0x00000001
core   0: 0x8000eae4 (0x0000bfe5) c.j     pc - 8
core   0: 3 0x8000eae4 (0xbfe5)
core   0: 0x8000eadc (0x00001f17) auipc   t5, 0x1
core   0: 3 0x8000eadc (0x00001f17) x30 0x8000fadc
core   0: 0x8000eae0 (0x523f2223) sw      gp, 1316(t5)
core   0: 3 0x8000eae0 (0x523f2223) mem 0x80010000 0x00000001
core   0: 0x8000eae4 (0x0000bfe5) c.j     pc - 8
core   0: 3 0x8000eae4 (0xbfe5)
core   0: 0x8000eadc (0x00001f17) auipc   t5, 0x1
core   0: 3 0x8000eadc (0x00001f17) x30 0x8000fadc
core   0: 0x8000eae0 (0x523f2223) sw      gp, 1316(t5)
core   0: 3 0x8000eae0 (0x523f2223) mem 0x80010000 0x00000001
core   0: 0x8000eae4 (0x0000bfe5) c.j     pc - 8
core   0: 3 0x8000eae4 (0xbfe5)
core   0: 0x8000eadc (0x00001f17) auipc   t5, 0x1
core   0: 3 0x8000eadc (0x00001f17) x30 0x8000fadc
core   0: 0x8000eae0 (0x523f2223) sw      gp, 1316(t5)
core   0: 3 0x8000eae0 (0x523f2223) mem 0x80010000 0x00000001
core   0: 0x8000eae4 (0x0000bfe5) c.j     pc - 8
core   0: 3 0x8000eae4 (0xbfe5)
core   0: 0x8000eadc (0x00001f17) auipc   t5, 0x1
core   0: 3 0x8000eadc (0x00001f17) x30 0x8000fadc
core   0: 0x8000eae0 (0x523f2223) sw      gp, 1316(t5)
core   0: 3 0x8000eae0 (0x523f2223) mem 0x80010000 0x00000001
core   0: 0x8000eae4 (0x0000bfe5) c.j     pc - 8
core   0: 3 0x8000eae4 (0xbfe5)
core   0: 0x8000eadc (0x00001f17) auipc   t5, 0x1
core   0: 3 0x8000eadc (0x00001f17) x30 0x8000fadc
core   0: 0x8000eae0 (0x523f2223) sw      gp, 1316(t5)
core   0: 3 0x8000eae0 (0x523f2223) mem 0x80010000 0x00000001
core   0: 0x8000eae4 (0x0000bfe5) c.j     pc - 8
core   0: 3 0x8000eae4 (0xbfe5)
core   0: 0x8000eadc (0x00001f17) auipc   t5, 0x1
core   0: 3 0x8000eadc (0x00001f17) x30 0x8000fadc
core   0: 0x8000eae0 (0x523f2223) sw      gp, 1316(t5)
core   0: 3 0x8000eae0 (0x523f2223) mem 0x80010000 0x00000001
core   0: 0x8000eae4 (0x0000bfe5) c.j     pc - 8
core   0: 3 0x8000eae4 (0xbfe5)
core   0: 0x8000eadc (0x00001f17) auipc   t5, 0x1
core   0: 3 0x8000eadc (0x00001f17) x30 0x8000fadc
core   0: 0x8000eae0 (0x523f2223) sw      gp, 1316(t5)
core   0: 3 0x8000eae0 (0x523f2223) mem 0x80010000 0x00000001
core   0: 0x8000eae4 (0x0000bfe5) c.j     pc - 8
core   0: 3 0x8000eae4 (0xbfe5)
core   0: 0x8000eadc (0x00001f17) auipc   t5, 0x1
core   0: 3 0x8000eadc (0x00001f17) x30 0x8000fadc
core   0: 0x8000eae0 (0x523f2223) sw      gp, 1316(t5)
core   0: 3 0x8000eae0 (0x523f2223) mem 0x80010000 0x00000001
core   0: 0x8000eae4 (0x0000bfe5) c.j     pc - 8
core   0: 3 0x8000eae4 (0xbfe5)
core   0: 0x8000eadc (0x00001f17) auipc   t5, 0x1
core   0: 3 0x8000eadc (0x00001f17) x30 0x8000fadc
core   0: 0x8000eae0 (0x523f2223) sw      gp, 1316(t5)
core   0: 3 0x8000eae0 (0x523f2223) mem 0x80010000 0x00000001
core   0: 0x8000eae4 (0x0000bfe5) c.j     pc - 8
core   0: 3 0x8000eae4 (0xbfe5)
core   0: 0x8000eadc (0x00001f17) auipc   t5, 0x1
core   0: 3 0x8000eadc (0x00001f17) x30 0x8000fadc
core   0: 0x8000eae0 (0x523f2223) sw      gp, 1316(t5)
core   0: 3 0x8000eae0 (0x523f2223) mem 0x80010000 0x00000001
core   0: 0x8000eae4 (0x0000bfe5) c.j     pc - 8
core   0: 3 0x8000eae4 (0xbfe5)
core   0: 0x8000eadc (0x00001f17) auipc   t5, 0x1
core   0: 3 0x8000eadc (0x00001f17) x30 0x8000fadc
core   0: 0x8000eae0 (0x523f2223) sw      gp, 1316(t5)
core   0: 3 0x8000eae0 (0x523f2223) mem 0x80010000 0x00000001
core   0: 0x8000eae4 (0x0000bfe5) c.j     pc - 8
core   0: 3 0x8000eae4 (0xbfe5)
core   0: 0x8000eadc (0x00001f17) auipc   t5, 0x1
core   0: 3 0x8000eadc (0x00001f17) x30 0x8000fadc
core   0: 0x8000eae0 (0x523f2223) sw      gp, 1316(t5)
core   0: 3 0x8000eae0 (0x523f2223) mem 0x80010000 0x00000001
core   0: 0x8000eae4 (0x0000bfe5) c.j     pc - 8
core   0: 3 0x8000eae4 (0xbfe5)
core   0: 0x8000eadc (0x00001f17) auipc   t5, 0x1
core   0: 3 0x8000eadc (0x00001f17) x30 0x8000fadc
core   0: 0x8000eae0 (0x523f2223) sw      gp, 1316(t5)
core   0: 3 0x8000eae0 (0x523f2223) mem 0x80010000 0x00000001
core   0: 0x8000eae4 (0x0000bfe5) c.j     pc - 8
core   0: 3 0x8000eae4 (0xbfe5)
core   0: 0x8000eadc (0x00001f17) auipc   t5, 0x1
core   0: 3 0x8000eadc (0x00001f17) x30 0x8000fadc
core   0: 0x8000eae0 (0x523f2223) sw      gp, 1316(t5)
core   0: 3 0x8000eae0 (0x523f2223) mem 0x80010000 0x00000001
core   0: 0x8000eae4 (0x0000bfe5) c.j     pc - 8
core   0: 3 0x8000eae4 (0xbfe5)
core   0: 0x8000eadc (0x00001f17) auipc   t5, 0x1
core   0: 3 0x8000eadc (0x00001f17) x30 0x8000fadc
core   0: 0x8000eae0 (0x523f2223) sw      gp, 1316(t5)
core   0: 3 0x8000eae0 (0x523f2223) mem 0x80010000 0x00000001
core   0: 0x8000eae4 (0x0000bfe5) c.j     pc - 8
core   0: 3 0x8000eae4 (0xbfe5)
core   0: 0x8000eadc (0x00001f17) auipc   t5, 0x1
core   0: 3 0x8000eadc (0x00001f17) x30 0x8000fadc
core   0: 0x8000eae0 (0x523f2223) sw      gp, 1316(t5)
core   0: 3 0x8000eae0 (0x523f2223) mem 0x80010000 0x00000001
core   0: 0x8000eae4 (0x0000bfe5) c.j     pc - 8
core   0: 3 0x8000eae4 (0xbfe5)
core   0: 0x8000eadc (0x00001f17) auipc   t5, 0x1
core   0: 3 0x8000eadc (0x00001f17) x30 0x8000fadc
core   0: 0x8000eae0 (0x523f2223) sw      gp, 1316(t5)
core   0: 3 0x8000eae0 (0x523f2223) mem 0x80010000 0x00000001
core   0: 0x8000eae4 (0x0000bfe5) c.j     pc - 8
core   0: 3 0x8000eae4 (0xbfe5)
core   0: 0x8000eadc (0x00001f17) auipc   t5, 0x1
core   0: 3 0x8000eadc (0x00001f17) x30 0x8000fadc
core   0: 0x8000eae0 (0x523f2223) sw      gp, 1316(t5)
core   0: 3 0x8000eae0 (0x523f2223) mem 0x80010000 0x00000001
core   0: 0x8000eae4 (0x0000bfe5) c.j     pc - 8
core   0: 3 0x8000eae4 (0xbfe5)
core   0: 0x8000eadc (0x00001f17) auipc   t5, 0x1
core   0: 3 0x8000eadc (0x00001f17) x30 0x8000fadc
core   0: 0x8000eae0 (0x523f2223) sw      gp, 1316(t5)
core   0: 3 0x8000eae0 (0x523f2223) mem 0x80010000 0x00000001
core   0: 0x8000eae4 (0x0000bfe5) c.j     pc - 8
core   0: 3 0x8000eae4 (0xbfe5)
core   0: 0x8000eadc (0x00001f17) auipc   t5, 0x1
core   0: 3 0x8000eadc (0x00001f17) x30 0x8000fadc
core   0: 0x8000eae0 (0x523f2223) sw      gp, 1316(t5)
core   0: 3 0x8000eae0 (0x523f2223) mem 0x80010000 0x00000001
core   0: 0x8000eae4 (0x0000bfe5) c.j     pc - 8
core   0: 3 0x8000eae4 (0xbfe5)
core   0: 0x8000eadc (0x00001f17) auipc   t5, 0x1
core   0: 3 0x8000eadc (0x00001f17) x30 0x8000fadc
core   0: 0x8000eae0 (0x523f2223) sw      gp, 1316(t5)
core   0: 3 0x8000eae0 (0x523f2223) mem 0x80010000 0x00000001
core   0: 0x8000eae4 (0x0000bfe5) c.j     pc - 8
core   0: 3 0x8000eae4 (0xbfe5)
core   0: 0x8000eadc (0x00001f17) auipc   t5, 0x1
core   0: 3 0x8000eadc (0x00001f17) x30 0x8000fadc
core   0: 0x8000eae0 (0x523f2223) sw      gp, 1316(t5)
core   0: 3 0x8000eae0 (0x523f2223) mem 0x80010000 0x00000001
core   0: 0x8000eae4 (0x0000bfe5) c.j     pc - 8
core   0: 3 0x8000eae4 (0xbfe5)
core   0: 0x8000eadc (0x00001f17) auipc   t5, 0x1
core   0: 3 0x8000eadc (0x00001f17) x30 0x8000fadc
core   0: 0x8000eae0 (0x523f2223) sw      gp, 1316(t5)
core   0: 3 0x8000eae0 (0x523f2223) mem 0x80010000 0x00000001
core   0: 0x8000eae4 (0x0000bfe5) c.j     pc - 8
core   0: 3 0x8000eae4 (0xbfe5)
core   0: 0x8000eadc (0x00001f17) auipc   t5, 0x1
core   0: 3 0x8000eadc (0x00001f17) x30 0x8000fadc
core   0: 0x8000eae0 (0x523f2223) sw      gp, 1316(t5)
core   0: 3 0x8000eae0 (0x523f2223) mem 0x80010000 0x00000001
core   0: 0x8000eae4 (0x0000bfe5) c.j     pc - 8
core   0: 3 0x8000eae4 (0xbfe5)
core   0: 0x8000eadc (0x00001f17) auipc   t5, 0x1
core   0: 3 0x8000eadc (0x00001f17) x30 0x8000fadc
core   0: 0x8000eae0 (0x523f2223) sw      gp, 1316(t5)
core   0: 3 0x8000eae0 (0x523f2223) mem 0x80010000 0x00000001
core   0: 0x8000eae4 (0x0000bfe5) c.j     pc - 8
core   0: 3 0x8000eae4 (0xbfe5)
core   0: 0x8000eadc (0x00001f17) auipc   t5, 0x1
core   0: 3 0x8000eadc (0x00001f17) x30 0x8000fadc
core   0: 0x8000eae0 (0x523f2223) sw      gp, 1316(t5)
core   0: 3 0x8000eae0 (0x523f2223) mem 0x80010000 0x00000001
core   0: 0x8000eae4 (0x0000bfe5) c.j     pc - 8
core   0: 3 0x8000eae4 (0xbfe5)
core   0: 0x8000eadc (0x00001f17) auipc   t5, 0x1
core   0: 3 0x8000eadc (0x00001f17) x30 0x8000fadc
core   0: 0x8000eae0 (0x523f2223) sw      gp, 1316(t5)
core   0: 3 0x8000eae0 (0x523f2223) mem 0x80010000 0x00000001
core   0: 0x8000eae4 (0x0000bfe5) c.j     pc - 8
core   0: 3 0x8000eae4 (0xbfe5)
core   0: 0x8000eadc (0x00001f17) auipc   t5, 0x1
core   0: 3 0x8000eadc (0x00001f17) x30 0x8000fadc
core   0: 0x8000eae0 (0x523f2223) sw      gp, 1316(t5)
core   0: 3 0x8000eae0 (0x523f2223) mem 0x80010000 0x00000001
core   0: 0x8000eae4 (0x0000bfe5) c.j     pc - 8
core   0: 3 0x8000eae4 (0xbfe5)
core   0: 0x8000eadc (0x00001f17) auipc   t5, 0x1
core   0: 3 0x8000eadc (0x00001f17) x30 0x8000fadc
core   0: 0x8000eae0 (0x523f2223) sw      gp, 1316(t5)
core   0: 3 0x8000eae0 (0x523f2223) mem 0x80010000 0x00000001
core   0: 0x8000eae4 (0x0000bfe5) c.j     pc - 8
core   0: 3 0x8000eae4 (0xbfe5)
core   0: 0x8000eadc (0x00001f17) auipc   t5, 0x1
core   0: 3 0x8000eadc (0x00001f17) x30 0x8000fadc
core   0: 0x8000eae0 (0x523f2223) sw      gp, 1316(t5)
core   0: 3 0x8000eae0 (0x523f2223) mem 0x80010000 0x00000001
core   0: 0x8000eae4 (0x0000bfe5) c.j     pc - 8
core   0: 3 0x8000eae4 (0xbfe5)
core   0: 0x8000eadc (0x00001f17) auipc   t5, 0x1
core   0: 3 0x8000eadc (0x00001f17) x30 0x8000fadc
core   0: 0x8000eae0 (0x523f2223) sw      gp, 1316(t5)
core   0: 3 0x8000eae0 (0x523f2223) mem 0x80010000 0x00000001
core   0: 0x8000eae4 (0x0000bfe5) c.j     pc - 8
core   0: 3 0x8000eae4 (0xbfe5)
core   0: 0x8000eadc (0x00001f17) auipc   t5, 0x1
core   0: 3 0x8000eadc (0x00001f17) x30 0x8000fadc
core   0: 0x8000eae0 (0x523f2223) sw      gp, 1316(t5)
core   0: 3 0x8000eae0 (0x523f2223) mem 0x80010000 0x00000001
core   0: 0x8000eae4 (0x0000bfe5) c.j     pc - 8
core   0: 3 0x8000eae4 (0xbfe5)
core   0: 0x8000eadc (0x00001f17) auipc   t5, 0x1
core   0: 3 0x8000eadc (0x00001f17) x30 0x8000fadc
core   0: 0x8000eae0 (0x523f2223) sw      gp, 1316(t5)
core   0: 3 0x8000eae0 (0x523f2223) mem 0x80010000 0x00000001
core   0: 0x8000eae4 (0x0000bfe5) c.j     pc - 8
core   0: 3 0x8000eae4 (0xbfe5)
core   0: 0x8000eadc (0x00001f17) auipc   t5, 0x1
core   0: 3 0x8000eadc (0x00001f17) x30 0x8000fadc
core   0: 0x8000eae0 (0x523f2223) sw      gp, 1316(t5)
core   0: 3 0x8000eae0 (0x523f2223) mem 0x80010000 0x00000001
core   0: 0x8000eae4 (0x0000bfe5) c.j     pc - 8
core   0: 3 0x8000eae4 (0xbfe5)
core   0: 0x8000eadc (0x00001f17) auipc   t5, 0x1
core   0: 3 0x8000eadc (0x00001f17) x30 0x8000fadc
core   0: 0x8000eae0 (0x523f2223) sw      gp, 1316(t5)
core   0: 3 0x8000eae0 (0x523f2223) mem 0x80010000 0x00000001
core   0: 0x8000eae4 (0x0000bfe5) c.j     pc - 8
core   0: 3 0x8000eae4 (0xbfe5)
core   0: 0x8000eadc (0x00001f17) auipc   t5, 0x1
core   0: 3 0x8000eadc (0x00001f17) x30 0x8000fadc
core   0: 0x8000eae0 (0x523f2223) sw      gp, 1316(t5)
core   0: 3 0x8000eae0 (0x523f2223) mem 0x80010000 0x00000001
core   0: 0x8000eae4 (0x0000bfe5) c.j     pc - 8
core   0: 3 0x8000eae4 (0xbfe5)
core   0: 0x8000eadc (0x00001f17) auipc   t5, 0x1
core   0: 3 0x8000eadc (0x00001f17) x30 0x8000fadc
core   0: 0x8000eae0 (0x523f2223) sw      gp, 1316(t5)
core   0: 3 0x8000eae0 (0x523f2223) mem 0x80010000 0x00000001
core   0: 0x8000eae4 (0x0000bfe5) c.j     pc - 8
core   0: 3 0x8000eae4 (0xbfe5)
core   0: 0x8000eadc (0x00001f17) auipc   t5, 0x1
core   0: 3 0x8000eadc (0x00001f17) x30 0x8000fadc
core   0: 0x8000eae0 (0x523f2223) sw      gp, 1316(t5)
core   0: 3 0x8000eae0 (0x523f2223) mem 0x80010000 0x00000001
core   0: 0x8000eae4 (0x0000bfe5) c.j     pc - 8
core   0: 3 0x8000eae4 (0xbfe5)
core   0: 0x8000eadc (0x00001f17) auipc   t5, 0x1
core   0: 3 0x8000eadc (0x00001f17) x30 0x8000fadc
core   0: 0x8000eae0 (0x523f2223) sw      gp, 1316(t5)
core   0: 3 0x8000eae0 (0x523f2223) mem 0x80010000 0x00000001
core   0: 0x8000eae4 (0x0000bfe5) c.j     pc - 8
core   0: 3 0x8000eae4 (0xbfe5)
core   0: 0x8000eadc (0x00001f17) auipc   t5, 0x1
core   0: 3 0x8000eadc (0x00001f17) x30 0x8000fadc
core   0: 0x8000eae0 (0x523f2223) sw      gp, 1316(t5)
core   0: 3 0x8000eae0 (0x523f2223) mem 0x80010000 0x00000001
core   0: 0x8000eae4 (0x0000bfe5) c.j     pc - 8
core   0: 3 0x8000eae4 (0xbfe5)
core   0: 0x8000eadc (0x00001f17) auipc   t5, 0x1
core   0: 3 0x8000eadc (0x00001f17) x30 0x8000fadc
core   0: 0x8000eae0 (0x523f2223) sw      gp, 1316(t5)
core   0: 3 0x8000eae0 (0x523f2223) mem 0x80010000 0x00000001
core   0: 0x8000eae4 (0x0000bfe5) c.j     pc - 8
core   0: 3 0x8000eae4 (0xbfe5)
core   0: 0x8000eadc (0x00001f17) auipc   t5, 0x1
core   0: 3 0x8000eadc (0x00001f17) x30 0x8000fadc
core   0: 0x8000eae0 (0x523f2223) sw      gp, 1316(t5)
core   0: 3 0x8000eae0 (0x523f2223) mem 0x80010000 0x00000001
core   0: 0x8000eae4 (0x0000bfe5) c.j     pc - 8
core   0: 3 0x8000eae4 (0xbfe5)
core   0: 0x8000eadc (0x00001f17) auipc   t5, 0x1
core   0: 3 0x8000eadc (0x00001f17) x30 0x8000fadc
core   0: 0x8000eae0 (0x523f2223) sw      gp, 1316(t5)
core   0: 3 0x8000eae0 (0x523f2223) mem 0x80010000 0x00000001
core   0: 0x8000eae4 (0x0000bfe5) c.j     pc - 8
core   0: 3 0x8000eae4 (0xbfe5)
core   0: 0x8000eadc (0x00001f17) auipc   t5, 0x1
core   0: 3 0x8000eadc (0x00001f17) x30 0x8000fadc
core   0: 0x8000eae0 (0x523f2223) sw      gp, 1316(t5)
core   0: 3 0x8000eae0 (0x523f2223) mem 0x80010000 0x00000001
core   0: 0x8000eae4 (0x0000bfe5) c.j     pc - 8
core   0: 3 0x8000eae4 (0xbfe5)
core   0: 0x8000eadc (0x00001f17) auipc   t5, 0x1
core   0: 3 0x8000eadc (0x00001f17) x30 0x8000fadc
core   0: 0x8000eae0 (0x523f2223) sw      gp, 1316(t5)
core   0: 3 0x8000eae0 (0x523f2223) mem 0x80010000 0x00000001
core   0: 0x8000eae4 (0x0000bfe5) c.j     pc - 8
core   0: 3 0x8000eae4 (0xbfe5)
core   0: 0x8000eadc (0x00001f17) auipc   t5, 0x1
core   0: 3 0x8000eadc (0x00001f17) x30 0x8000fadc
core   0: 0x8000eae0 (0x523f2223) sw      gp, 1316(t5)
core   0: 3 0x8000eae0 (0x523f2223) mem 0x80010000 0x00000001
core   0: 0x8000eae4 (0x0000bfe5) c.j     pc - 8
core   0: 3 0x8000eae4 (0xbfe5)
core   0: 0x8000eadc (0x00001f17) auipc   t5, 0x1
core   0: 3 0x8000eadc (0x00001f17) x30 0x8000fadc
core   0: 0x8000eae0 (0x523f2223) sw      gp, 1316(t5)
core   0: 3 0x8000eae0 (0x523f2223) mem 0x80010000 0x00000001
core   0: 0x8000eae4 (0x0000bfe5) c.j     pc - 8
core   0: 3 0x8000eae4 (0xbfe5)
core   0: 0x8000eadc (0x00001f17) auipc   t5, 0x1
core   0: 3 0x8000eadc (0x00001f17) x30 0x8000fadc
core   0: 0x8000eae0 (0x523f2223) sw      gp, 1316(t5)
core   0: 3 0x8000eae0 (0x523f2223) mem 0x80010000 0x00000001
core   0: 0x8000eae4 (0x0000bfe5) c.j     pc - 8
core   0: 3 0x8000eae4 (0xbfe5)
core   0: 0x8000eadc (0x00001f17) auipc   t5, 0x1
core   0: 3 0x8000eadc (0x00001f17) x30 0x8000fadc
core   0: 0x8000eae0 (0x523f2223) sw      gp, 1316(t5)
core   0: 3 0x8000eae0 (0x523f2223) mem 0x80010000 0x00000001
core   0: 0x8000eae4 (0x0000bfe5) c.j     pc - 8
core   0: 3 0x8000eae4 (0xbfe5)
core   0: 0x8000eadc (0x00001f17) auipc   t5, 0x1
core   0: 3 0x8000eadc (0x00001f17) x30 0x8000fadc
core   0: 0x8000eae0 (0x523f2223) sw      gp, 1316(t5)
core   0: 3 0x8000eae0 (0x523f2223) mem 0x80010000 0x00000001
core   0: 0x8000eae4 (0x0000bfe5) c.j     pc - 8
core   0: 3 0x8000eae4 (0xbfe5)
core   0: 0x8000eadc (0x00001f17) auipc   t5, 0x1
core   0: 3 0x8000eadc (0x00001f17) x30 0x8000fadc
core   0: 0x8000eae0 (0x523f2223) sw      gp, 1316(t5)
core   0: 3 0x8000eae0 (0x523f2223) mem 0x80010000 0x00000001
core   0: 0x8000eae4 (0x0000bfe5) c.j     pc - 8
core   0: 3 0x8000eae4 (0xbfe5)
core   0: 0x8000eadc (0x00001f17) auipc   t5, 0x1
core   0: 3 0x8000eadc (0x00001f17) x30 0x8000fadc
core   0: 0x8000eae0 (0x523f2223) sw      gp, 1316(t5)
core   0: 3 0x8000eae0 (0x523f2223) mem 0x80010000 0x00000001
core   0: 0x8000eae4 (0x0000bfe5) c.j     pc - 8
core   0: 3 0x8000eae4 (0xbfe5)
core   0: 0x8000eadc (0x00001f17) auipc   t5, 0x1
core   0: 3 0x8000eadc (0x00001f17) x30 0x8000fadc
core   0: 0x8000eae0 (0x523f2223) sw      gp, 1316(t5)
core   0: 3 0x8000eae0 (0x523f2223) mem 0x80010000 0x00000001
core   0: 0x8000eae4 (0x0000bfe5) c.j     pc - 8
core   0: 3 0x8000eae4 (0xbfe5)
core   0: 0x8000eadc (0x00001f17) auipc   t5, 0x1
core   0: 3 0x8000eadc (0x00001f17) x30 0x8000fadc
core   0: 0x8000eae0 (0x523f2223) sw      gp, 1316(t5)
core   0: 3 0x8000eae0 (0x523f2223) mem 0x80010000 0x00000001
core   0: 0x8000eae4 (0x0000bfe5) c.j     pc - 8
core   0: 3 0x8000eae4 (0xbfe5)
core   0: 0x8000eadc (0x00001f17) auipc   t5, 0x1
core   0: 3 0x8000eadc (0x00001f17) x30 0x8000fadc
core   0: 0x8000eae0 (0x523f2223) sw      gp, 1316(t5)
core   0: 3 0x8000eae0 (0x523f2223) mem 0x80010000 0x00000001
core   0: 0x8000eae4 (0x0000bfe5) c.j     pc - 8
core   0: 3 0x8000eae4 (0xbfe5)
core   0: 0x8000eadc (0x00001f17) auipc   t5, 0x1
core   0: 3 0x8000eadc (0x00001f17) x30 0x8000fadc
core   0: 0x8000eae0 (0x523f2223) sw      gp, 1316(t5)
core   0: 3 0x8000eae0 (0x523f2223) mem 0x80010000 0x00000001
core   0: 0x8000eae4 (0x0000bfe5) c.j     pc - 8
core   0: 3 0x8000eae4 (0xbfe5)
core   0: 0x8000eadc (0x00001f17) auipc   t5, 0x1
core   0: 3 0x8000eadc (0x00001f17) x30 0x8000fadc
core   0: 0x8000eae0 (0x523f2223) sw      gp, 1316(t5)
core   0: 3 0x8000eae0 (0x523f2223) mem 0x80010000 0x00000001
core   0: 0x8000eae4 (0x0000bfe5) c.j     pc - 8
core   0: 3 0x8000eae4 (0xbfe5)
core   0: 0x8000eadc (0x00001f17) auipc   t5, 0x1
core   0: 3 0x8000eadc (0x00001f17) x30 0x8000fadc
core   0: 0x8000eae0 (0x523f2223) sw      gp, 1316(t5)
core   0: 3 0x8000eae0 (0x523f2223) mem 0x80010000 0x00000001
core   0: 0x8000eae4 (0x0000bfe5) c.j     pc - 8
core   0: 3 0x8000eae4 (0xbfe5)
core   0: 0x8000eadc (0x00001f17) auipc   t5, 0x1
core   0: 3 0x8000eadc (0x00001f17) x30 0x8000fadc
core   0: 0x8000eae0 (0x523f2223) sw      gp, 1316(t5)
core   0: 3 0x8000eae0 (0x523f2223) mem 0x80010000 0x00000001
core   0: 0x8000eae4 (0x0000bfe5) c.j     pc - 8
core   0: 3 0x8000eae4 (0xbfe5)
core   0: 0x8000eadc (0x00001f17) auipc   t5, 0x1
core   0: 3 0x8000eadc (0x00001f17) x30 0x8000fadc
core   0: 0x8000eae0 (0x523f2223) sw      gp, 1316(t5)
core   0: 3 0x8000eae0 (0x523f2223) mem 0x80010000 0x00000001
core   0: 0x8000eae4 (0x0000bfe5) c.j     pc - 8
core   0: 3 0x8000eae4 (0xbfe5)
core   0: 0x8000eadc (0x00001f17) auipc   t5, 0x1
core   0: 3 0x8000eadc (0x00001f17) x30 0x8000fadc
core   0: 0x8000eae0 (0x523f2223) sw      gp, 1316(t5)
core   0: 3 0x8000eae0 (0x523f2223) mem 0x80010000 0x00000001
core   0: 0x8000eae4 (0x0000bfe5) c.j     pc - 8
core   0: 3 0x8000eae4 (0xbfe5)
core   0: 0x8000eadc (0x00001f17) auipc   t5, 0x1
core   0: 3 0x8000eadc (0x00001f17) x30 0x8000fadc
core   0: 0x8000eae0 (0x523f2223) sw      gp, 1316(t5)
core   0: 3 0x8000eae0 (0x523f2223) mem 0x80010000 0x00000001
core   0: 0x8000eae4 (0x0000bfe5) c.j     pc - 8
core   0: 3 0x8000eae4 (0xbfe5)
core   0: 0x8000eadc (0x00001f17) auipc   t5, 0x1
core   0: 3 0x8000eadc (0x00001f17) x30 0x8000fadc
core   0: 0x8000eae0 (0x523f2223) sw      gp, 1316(t5)
core   0: 3 0x8000eae0 (0x523f2223) mem 0x80010000 0x00000001
core   0: 0x8000eae4 (0x0000bfe5) c.j     pc - 8
core   0: 3 0x8000eae4 (0xbfe5)
core   0: 0x8000eadc (0x00001f17) auipc   t5, 0x1
core   0: 3 0x8000eadc (0x00001f17) x30 0x8000fadc
core   0: 0x8000eae0 (0x523f2223) sw      gp, 1316(t5)
core   0: 3 0x8000eae0 (0x523f2223) mem 0x80010000 0x00000001
core   0: 0x8000eae4 (0x0000bfe5) c.j     pc - 8
core   0: 3 0x8000eae4 (0xbfe5)
core   0: 0x8000eadc (0x00001f17) auipc   t5, 0x1
core   0: 3 0x8000eadc (0x00001f17) x30 0x8000fadc
core   0: 0x8000eae0 (0x523f2223) sw      gp, 1316(t5)
core   0: 3 0x8000eae0 (0x523f2223) mem 0x80010000 0x00000001
core   0: 0x8000eae4 (0x0000bfe5) c.j     pc - 8
core   0: 3 0x8000eae4 (0xbfe5)
core   0: 0x8000eadc (0x00001f17) auipc   t5, 0x1
core   0: 3 0x8000eadc (0x00001f17) x30 0x8000fadc
core   0: 0x8000eae0 (0x523f2223) sw      gp, 1316(t5)
core   0: 3 0x8000eae0 (0x523f2223) mem 0x80010000 0x00000001
core   0: 0x8000eae4 (0x0000bfe5) c.j     pc - 8
core   0: 3 0x8000eae4 (0xbfe5)
core   0: 0x8000eadc (0x00001f17) auipc   t5, 0x1
core   0: 3 0x8000eadc (0x00001f17) x30 0x8000fadc
core   0: 0x8000eae0 (0x523f2223) sw      gp, 1316(t5)
core   0: 3 0x8000eae0 (0x523f2223) mem 0x80010000 0x00000001
core   0: 0x8000eae4 (0x0000bfe5) c.j     pc - 8
core   0: 3 0x8000eae4 (0xbfe5)
core   0: 0x8000eadc (0x00001f17) auipc   t5, 0x1
core   0: 3 0x8000eadc (0x00001f17) x30 0x8000fadc
core   0: 0x8000eae0 (0x523f2223) sw      gp, 1316(t5)
core   0: 3 0x8000eae0 (0x523f2223) mem 0x80010000 0x00000001
core   0: 0x8000eae4 (0x0000bfe5) c.j     pc - 8
core   0: 3 0x8000eae4 (0xbfe5)
core   0: 0x8000eadc (0x00001f17) auipc   t5, 0x1
core   0: 3 0x8000eadc (0x00001f17) x30 0x8000fadc
core   0: 0x8000eae0 (0x523f2223) sw      gp, 1316(t5)
core   0: 3 0x8000eae0 (0x523f2223) mem 0x80010000 0x00000001
core   0: 0x8000eae4 (0x0000bfe5) c.j     pc - 8
core   0: 3 0x8000eae4 (0xbfe5)
core   0: 0x8000eadc (0x00001f17) auipc   t5, 0x1
core   0: 3 0x8000eadc (0x00001f17) x30 0x8000fadc
core   0: 0x8000eae0 (0x523f2223) sw      gp, 1316(t5)
core   0: 3 0x8000eae0 (0x523f2223) mem 0x80010000 0x00000001
core   0: 0x8000eae4 (0x0000bfe5) c.j     pc - 8
core   0: 3 0x8000eae4 (0xbfe5)
core   0: 0x8000eadc (0x00001f17) auipc   t5, 0x1
core   0: 3 0x8000eadc (0x00001f17) x30 0x8000fadc
core   0: 0x8000eae0 (0x523f2223) sw      gp, 1316(t5)
core   0: 3 0x8000eae0 (0x523f2223) mem 0x80010000 0x00000001
core   0: 0x8000eae4 (0x0000bfe5) c.j     pc - 8
core   0: 3 0x8000eae4 (0xbfe5)
core   0: 0x8000eadc (0x00001f17) auipc   t5, 0x1
core   0: 3 0x8000eadc (0x00001f17) x30 0x8000fadc
core   0: 0x8000eae0 (0x523f2223) sw      gp, 1316(t5)
core   0: 3 0x8000eae0 (0x523f2223) mem 0x80010000 0x00000001
core   0: 0x8000eae4 (0x0000bfe5) c.j     pc - 8
core   0: 3 0x8000eae4 (0xbfe5)
core   0: 0x8000eadc (0x00001f17) auipc   t5, 0x1
core   0: 3 0x8000eadc (0x00001f17) x30 0x8000fadc
core   0: 0x8000eae0 (0x523f2223) sw      gp, 1316(t5)
core   0: 3 0x8000eae0 (0x523f2223) mem 0x80010000 0x00000001
core   0: 0x8000eae4 (0x0000bfe5) c.j     pc - 8
core   0: 3 0x8000eae4 (0xbfe5)
core   0: 0x8000eadc (0x00001f17) auipc   t5, 0x1
core   0: 3 0x8000eadc (0x00001f17) x30 0x8000fadc
core   0: 0x8000eae0 (0x523f2223) sw      gp, 1316(t5)
core   0: 3 0x8000eae0 (0x523f2223) mem 0x80010000 0x00000001
core   0: 0x8000eae4 (0x0000bfe5) c.j     pc - 8
core   0: 3 0x8000eae4 (0xbfe5)
core   0: 0x8000eadc (0x00001f17) auipc   t5, 0x1
core   0: 3 0x8000eadc (0x00001f17) x30 0x8000fadc
core   0: 0x8000eae0 (0x523f2223) sw      gp, 1316(t5)
core   0: 3 0x8000eae0 (0x523f2223) mem 0x80010000 0x00000001
core   0: 0x8000eae4 (0x0000bfe5) c.j     pc - 8
core   0: 3 0x8000eae4 (0xbfe5)
core   0: 0x8000eadc (0x00001f17) auipc   t5, 0x1
core   0: 3 0x8000eadc (0x00001f17) x30 0x8000fadc
core   0: 0x8000eae0 (0x523f2223) sw      gp, 1316(t5)
core   0: 3 0x8000eae0 (0x523f2223) mem 0x80010000 0x00000001
core   0: 0x8000eae4 (0x0000bfe5) c.j     pc - 8
core   0: 3 0x8000eae4 (0xbfe5)
core   0: 0x8000eadc (0x00001f17) auipc   t5, 0x1
core   0: 3 0x8000eadc (0x00001f17) x30 0x8000fadc
core   0: 0x8000eae0 (0x523f2223) sw      gp, 1316(t5)
core   0: 3 0x8000eae0 (0x523f2223) mem 0x80010000 0x00000001
core   0: 0x8000eae4 (0x0000bfe5) c.j     pc - 8
core   0: 3 0x8000eae4 (0xbfe5)
core   0: 0x8000eadc (0x00001f17) auipc   t5, 0x1
core   0: 3 0x8000eadc (0x00001f17) x30 0x8000fadc
core   0: 0x8000eae0 (0x523f2223) sw      gp, 1316(t5)
core   0: 3 0x8000eae0 (0x523f2223) mem 0x80010000 0x00000001
core   0: 0x8000eae4 (0x0000bfe5) c.j     pc - 8
core   0: 3 0x8000eae4 (0xbfe5)
core   0: 0x8000eadc (0x00001f17) auipc   t5, 0x1
core   0: 3 0x8000eadc (0x00001f17) x30 0x8000fadc
core   0: 0x8000eae0 (0x523f2223) sw      gp, 1316(t5)
core   0: 3 0x8000eae0 (0x523f2223) mem 0x80010000 0x00000001
core   0: 0x8000eae4 (0x0000bfe5) c.j     pc - 8
core   0: 3 0x8000eae4 (0xbfe5)
core   0: 0x8000eadc (0x00001f17) auipc   t5, 0x1
core   0: 3 0x8000eadc (0x00001f17) x30 0x8000fadc
core   0: 0x8000eae0 (0x523f2223) sw      gp, 1316(t5)
core   0: 3 0x8000eae0 (0x523f2223) mem 0x80010000 0x00000001
core   0: 0x8000eae4 (0x0000bfe5) c.j     pc - 8
core   0: 3 0x8000eae4 (0xbfe5)
core   0: 0x8000eadc (0x00001f17) auipc   t5, 0x1
core   0: 3 0x8000eadc (0x00001f17) x30 0x8000fadc
core   0: 0x8000eae0 (0x523f2223) sw      gp, 1316(t5)
core   0: 3 0x8000eae0 (0x523f2223) mem 0x80010000 0x00000001
core   0: 0x8000eae4 (0x0000bfe5) c.j     pc - 8
core   0: 3 0x8000eae4 (0xbfe5)
core   0: 0x8000eadc (0x00001f17) auipc   t5, 0x1
core   0: 3 0x8000eadc (0x00001f17) x30 0x8000fadc
core   0: 0x8000eae0 (0x523f2223) sw      gp, 1316(t5)
core   0: 3 0x8000eae0 (0x523f2223) mem 0x80010000 0x00000001
core   0: 0x8000eae4 (0x0000bfe5) c.j     pc - 8
core   0: 3 0x8000eae4 (0xbfe5)
core   0: 0x8000eadc (0x00001f17) auipc   t5, 0x1
core   0: 3 0x8000eadc (0x00001f17) x30 0x8000fadc
core   0: 0x8000eae0 (0x523f2223) sw      gp, 1316(t5)
core   0: 3 0x8000eae0 (0x523f2223) mem 0x80010000 0x00000001
core   0: 0x8000eae4 (0x0000bfe5) c.j     pc - 8
core   0: 3 0x8000eae4 (0xbfe5)
core   0: 0x8000eadc (0x00001f17) auipc   t5, 0x1
core   0: 3 0x8000eadc (0x00001f17) x30 0x8000fadc
core   0: 0x8000eae0 (0x523f2223) sw      gp, 1316(t5)
core   0: 3 0x8000eae0 (0x523f2223) mem 0x80010000 0x00000001
core   0: 0x8000eae4 (0x0000bfe5) c.j     pc - 8
core   0: 3 0x8000eae4 (0xbfe5)
core   0: 0x8000eadc (0x00001f17) auipc   t5, 0x1
core   0: 3 0x8000eadc (0x00001f17) x30 0x8000fadc
core   0: 0x8000eae0 (0x523f2223) sw      gp, 1316(t5)
core   0: 3 0x8000eae0 (0x523f2223) mem 0x80010000 0x00000001
core   0: 0x8000eae4 (0x0000bfe5) c.j     pc - 8
core   0: 3 0x8000eae4 (0xbfe5)
core   0: 0x8000eadc (0x00001f17) auipc   t5, 0x1
core   0: 3 0x8000eadc (0x00001f17) x30 0x8000fadc
core   0: 0x8000eae0 (0x523f2223) sw      gp, 1316(t5)
core   0: 3 0x8000eae0 (0x523f2223) mem 0x80010000 0x00000001
core   0: 0x8000eae4 (0x0000bfe5) c.j     pc - 8
core   0: 3 0x8000eae4 (0xbfe5)
core   0: 0x8000eadc (0x00001f17) auipc   t5, 0x1
core   0: 3 0x8000eadc (0x00001f17) x30 0x8000fadc
core   0: 0x8000eae0 (0x523f2223) sw      gp, 1316(t5)
core   0: 3 0x8000eae0 (0x523f2223) mem 0x80010000 0x00000001
core   0: 0x8000eae4 (0x0000bfe5) c.j     pc - 8
core   0: 3 0x8000eae4 (0xbfe5)
core   0: 0x8000eadc (0x00001f17) auipc   t5, 0x1
core   0: 3 0x8000eadc (0x00001f17) x30 0x8000fadc
core   0: 0x8000eae0 (0x523f2223) sw      gp, 1316(t5)
core   0: 3 0x8000eae0 (0x523f2223) mem 0x80010000 0x00000001
core   0: 0x8000eae4 (0x0000bfe5) c.j     pc - 8
core   0: 3 0x8000eae4 (0xbfe5)
core   0: 0x8000eadc (0x00001f17) auipc   t5, 0x1
core   0: 3 0x8000eadc (0x00001f17) x30 0x8000fadc
core   0: 0x8000eae0 (0x523f2223) sw      gp, 1316(t5)
core   0: 3 0x8000eae0 (0x523f2223) mem 0x80010000 0x00000001
core   0: 0x8000eae4 (0x0000bfe5) c.j     pc - 8
core   0: 3 0x8000eae4 (0xbfe5)
core   0: 0x8000eadc (0x00001f17) auipc   t5, 0x1
core   0: 3 0x8000eadc (0x00001f17) x30 0x8000fadc
core   0: 0x8000eae0 (0x523f2223) sw      gp, 1316(t5)
core   0: 3 0x8000eae0 (0x523f2223) mem 0x80010000 0x00000001
core   0: 0x8000eae4 (0x0000bfe5) c.j     pc - 8
core   0: 3 0x8000eae4 (0xbfe5)
core   0: 0x8000eadc (0x00001f17) auipc   t5, 0x1
core   0: 3 0x8000eadc (0x00001f17) x30 0x8000fadc
core   0: 0x8000eae0 (0x523f2223) sw      gp, 1316(t5)
core   0: 3 0x8000eae0 (0x523f2223) mem 0x80010000 0x00000001
core   0: 0x8000eae4 (0x0000bfe5) c.j     pc - 8
core   0: 3 0x8000eae4 (0xbfe5)
core   0: 0x8000eadc (0x00001f17) auipc   t5, 0x1
core   0: 3 0x8000eadc (0x00001f17) x30 0x8000fadc
core   0: 0x8000eae0 (0x523f2223) sw      gp, 1316(t5)
core   0: 3 0x8000eae0 (0x523f2223) mem 0x80010000 0x00000001
core   0: 0x8000eae4 (0x0000bfe5) c.j     pc - 8
core   0: 3 0x8000eae4 (0xbfe5)
core   0: 0x8000eadc (0x00001f17) auipc   t5, 0x1
core   0: 3 0x8000eadc (0x00001f17) x30 0x8000fadc
core   0: 0x8000eae0 (0x523f2223) sw      gp, 1316(t5)
core   0: 3 0x8000eae0 (0x523f2223) mem 0x80010000 0x00000001
core   0: 0x8000eae4 (0x0000bfe5) c.j     pc - 8
core   0: 3 0x8000eae4 (0xbfe5)
core   0: 0x8000eadc (0x00001f17) auipc   t5, 0x1
core   0: 3 0x8000eadc (0x00001f17) x30 0x8000fadc
core   0: 0x8000eae0 (0x523f2223) sw      gp, 1316(t5)
core   0: 3 0x8000eae0 (0x523f2223) mem 0x80010000 0x00000001
core   0: 0x8000eae4 (0x0000bfe5) c.j     pc - 8
core   0: 3 0x8000eae4 (0xbfe5)
core   0: 0x8000eadc (0x00001f17) auipc   t5, 0x1
core   0: 3 0x8000eadc (0x00001f17) x30 0x8000fadc
core   0: 0x8000eae0 (0x523f2223) sw      gp, 1316(t5)
core   0: 3 0x8000eae0 (0x523f2223) mem 0x80010000 0x00000001
core   0: 0x8000eae4 (0x0000bfe5) c.j     pc - 8
core   0: 3 0x8000eae4 (0xbfe5)
core   0: 0x8000eadc (0x00001f17) auipc   t5, 0x1
core   0: 3 0x8000eadc (0x00001f17) x30 0x8000fadc
core   0: 0x8000eae0 (0x523f2223) sw      gp, 1316(t5)
core   0: 3 0x8000eae0 (0x523f2223) mem 0x80010000 0x00000001
core   0: 0x8000eae4 (0x0000bfe5) c.j     pc - 8
core   0: 3 0x8000eae4 (0xbfe5)
core   0: 0x8000eadc (0x00001f17) auipc   t5, 0x1
core   0: 3 0x8000eadc (0x00001f17) x30 0x8000fadc
core   0: 0x8000eae0 (0x523f2223) sw      gp, 1316(t5)
core   0: 3 0x8000eae0 (0x523f2223) mem 0x80010000 0x00000001
core   0: 0x8000eae4 (0x0000bfe5) c.j     pc - 8
core   0: 3 0x8000eae4 (0xbfe5)
core   0: 0x8000eadc (0x00001f17) auipc   t5, 0x1
core   0: 3 0x8000eadc (0x00001f17) x30 0x8000fadc
core   0: 0x8000eae0 (0x523f2223) sw      gp, 1316(t5)
core   0: 3 0x8000eae0 (0x523f2223) mem 0x80010000 0x00000001
core   0: 0x8000eae4 (0x0000bfe5) c.j     pc - 8
core   0: 3 0x8000eae4 (0xbfe5)
core   0: 0x8000eadc (0x00001f17) auipc   t5, 0x1
core   0: 3 0x8000eadc (0x00001f17) x30 0x8000fadc
core   0: 0x8000eae0 (0x523f2223) sw      gp, 1316(t5)
core   0: 3 0x8000eae0 (0x523f2223) mem 0x80010000 0x00000001
core   0: 0x8000eae4 (0x0000bfe5) c.j     pc - 8
core   0: 3 0x8000eae4 (0xbfe5)
core   0: 0x8000eadc (0x00001f17) auipc   t5, 0x1
core   0: 3 0x8000eadc (0x00001f17) x30 0x8000fadc
core   0: 0x8000eae0 (0x523f2223) sw      gp, 1316(t5)
core   0: 3 0x8000eae0 (0x523f2223) mem 0x80010000 0x00000001
core   0: 0x8000eae4 (0x0000bfe5) c.j     pc - 8
core   0: 3 0x8000eae4 (0xbfe5)
core   0: 0x8000eadc (0x00001f17) auipc   t5, 0x1
core   0: 3 0x8000eadc (0x00001f17) x30 0x8000fadc
core   0: 0x8000eae0 (0x523f2223) sw      gp, 1316(t5)
core   0: 3 0x8000eae0 (0x523f2223) mem 0x80010000 0x00000001
core   0: 0x8000eae4 (0x0000bfe5) c.j     pc - 8
core   0: 3 0x8000eae4 (0xbfe5)
core   0: 0x8000eadc (0x00001f17) auipc   t5, 0x1
core   0: 3 0x8000eadc (0x00001f17) x30 0x8000fadc
core   0: 0x8000eae0 (0x523f2223) sw      gp, 1316(t5)
core   0: 3 0x8000eae0 (0x523f2223) mem 0x80010000 0x00000001
core   0: 0x8000eae4 (0x0000bfe5) c.j     pc - 8
core   0: 3 0x8000eae4 (0xbfe5)
core   0: 0x8000eadc (0x00001f17) auipc   t5, 0x1
core   0: 3 0x8000eadc (0x00001f17) x30 0x8000fadc
core   0: 0x8000eae0 (0x523f2223) sw      gp, 1316(t5)
core   0: 3 0x8000eae0 (0x523f2223) mem 0x80010000 0x00000001
core   0: 0x8000eae4 (0x0000bfe5) c.j     pc - 8
core   0: 3 0x8000eae4 (0xbfe5)
core   0: 0x8000eadc (0x00001f17) auipc   t5, 0x1
core   0: 3 0x8000eadc (0x00001f17) x30 0x8000fadc
core   0: 0x8000eae0 (0x523f2223) sw      gp, 1316(t5)
core   0: 3 0x8000eae0 (0x523f2223) mem 0x80010000 0x00000001
core   0: 0x8000eae4 (0x0000bfe5) c.j     pc - 8
core   0: 3 0x8000eae4 (0xbfe5)
core   0: 0x8000eadc (0x00001f17) auipc   t5, 0x1
core   0: 3 0x8000eadc (0x00001f17) x30 0x8000fadc
core   0: 0x8000eae0 (0x523f2223) sw      gp, 1316(t5)
core   0: 3 0x8000eae0 (0x523f2223) mem 0x80010000 0x00000001
core   0: 0x8000eae4 (0x0000bfe5) c.j     pc - 8
core   0: 3 0x8000eae4 (0xbfe5)
core   0: 0x8000eadc (0x00001f17) auipc   t5, 0x1
core   0: 3 0x8000eadc (0x00001f17) x30 0x8000fadc
core   0: 0x8000eae0 (0x523f2223) sw      gp, 1316(t5)
core   0: 3 0x8000eae0 (0x523f2223) mem 0x80010000 0x00000001
core   0: 0x8000eae4 (0x0000bfe5) c.j     pc - 8
core   0: 3 0x8000eae4 (0xbfe5)
core   0: 0x8000eadc (0x00001f17) auipc   t5, 0x1
core   0: 3 0x8000eadc (0x00001f17) x30 0x8000fadc
core   0: 0x8000eae0 (0x523f2223) sw      gp, 1316(t5)
core   0: 3 0x8000eae0 (0x523f2223) mem 0x80010000 0x00000001
core   0: 0x8000eae4 (0x0000bfe5) c.j     pc - 8
core   0: 3 0x8000eae4 (0xbfe5)
core   0: 0x8000eadc (0x00001f17) auipc   t5, 0x1
core   0: 3 0x8000eadc (0x00001f17) x30 0x8000fadc
core   0: 0x8000eae0 (0x523f2223) sw      gp, 1316(t5)
core   0: 3 0x8000eae0 (0x523f2223) mem 0x80010000 0x00000001
core   0: 0x8000eae4 (0x0000bfe5) c.j     pc - 8
core   0: 3 0x8000eae4 (0xbfe5)
core   0: 0x8000eadc (0x00001f17) auipc   t5, 0x1
core   0: 3 0x8000eadc (0x00001f17) x30 0x8000fadc
core   0: 0x8000eae0 (0x523f2223) sw      gp, 1316(t5)
core   0: 3 0x8000eae0 (0x523f2223) mem 0x80010000 0x00000001
core   0: 0x8000eae4 (0x0000bfe5) c.j     pc - 8
core   0: 3 0x8000eae4 (0xbfe5)
core   0: 0x8000eadc (0x00001f17) auipc   t5, 0x1
core   0: 3 0x8000eadc (0x00001f17) x30 0x8000fadc
core   0: 0x8000eae0 (0x523f2223) sw      gp, 1316(t5)
core   0: 3 0x8000eae0 (0x523f2223) mem 0x80010000 0x00000001
core   0: 0x8000eae4 (0x0000bfe5) c.j     pc - 8
core   0: 3 0x8000eae4 (0xbfe5)
core   0: 0x8000eadc (0x00001f17) auipc   t5, 0x1
core   0: 3 0x8000eadc (0x00001f17) x30 0x8000fadc
core   0: 0x8000eae0 (0x523f2223) sw      gp, 1316(t5)
core   0: 3 0x8000eae0 (0x523f2223) mem 0x80010000 0x00000001
core   0: 0x8000eae4 (0x0000bfe5) c.j     pc - 8
core   0: 3 0x8000eae4 (0xbfe5)
core   0: 0x8000eadc (0x00001f17) auipc   t5, 0x1
core   0: 3 0x8000eadc (0x00001f17) x30 0x8000fadc
core   0: 0x8000eae0 (0x523f2223) sw      gp, 1316(t5)
core   0: 3 0x8000eae0 (0x523f2223) mem 0x80010000 0x00000001
core   0: 0x8000eae4 (0x0000bfe5) c.j     pc - 8
core   0: 3 0x8000eae4 (0xbfe5)
core   0: 0x8000eadc (0x00001f17) auipc   t5, 0x1
core   0: 3 0x8000eadc (0x00001f17) x30 0x8000fadc
core   0: 0x8000eae0 (0x523f2223) sw      gp, 1316(t5)
core   0: 3 0x8000eae0 (0x523f2223) mem 0x80010000 0x00000001
core   0: 0x8000eae4 (0x0000bfe5) c.j     pc - 8
core   0: 3 0x8000eae4 (0xbfe5)
core   0: 0x8000eadc (0x00001f17) auipc   t5, 0x1
core   0: 3 0x8000eadc (0x00001f17) x30 0x8000fadc
core   0: 0x8000eae0 (0x523f2223) sw      gp, 1316(t5)
core   0: 3 0x8000eae0 (0x523f2223) mem 0x80010000 0x00000001
core   0: 0x8000eae4 (0x0000bfe5) c.j     pc - 8
core   0: 3 0x8000eae4 (0xbfe5)
core   0: 0x8000eadc (0x00001f17) auipc   t5, 0x1
core   0: 3 0x8000eadc (0x00001f17) x30 0x8000fadc
core   0: 0x8000eae0 (0x523f2223) sw      gp, 1316(t5)
core   0: 3 0x8000eae0 (0x523f2223) mem 0x80010000 0x00000001
core   0: 0x8000eae4 (0x0000bfe5) c.j     pc - 8
core   0: 3 0x8000eae4 (0xbfe5)
core   0: 0x8000eadc (0x00001f17) auipc   t5, 0x1
core   0: 3 0x8000eadc (0x00001f17) x30 0x8000fadc
core   0: 0x8000eae0 (0x523f2223) sw      gp, 1316(t5)
core   0: 3 0x8000eae0 (0x523f2223) mem 0x80010000 0x00000001
core   0: 0x8000eae4 (0x0000bfe5) c.j     pc - 8
core   0: 3 0x8000eae4 (0xbfe5)
core   0: 0x8000eadc (0x00001f17) auipc   t5, 0x1
core   0: 3 0x8000eadc (0x00001f17) x30 0x8000fadc
core   0: 0x8000eae0 (0x523f2223) sw      gp, 1316(t5)
core   0: 3 0x8000eae0 (0x523f2223) mem 0x80010000 0x00000001
core   0: 0x8000eae4 (0x0000bfe5) c.j     pc - 8
core   0: 3 0x8000eae4 (0xbfe5)
core   0: 0x8000eadc (0x00001f17) auipc   t5, 0x1
core   0: 3 0x8000eadc (0x00001f17) x30 0x8000fadc
core   0: 0x8000eae0 (0x523f2223) sw      gp, 1316(t5)
core   0: 3 0x8000eae0 (0x523f2223) mem 0x80010000 0x00000001
core   0: 0x8000eae4 (0x0000bfe5) c.j     pc - 8
core   0: 3 0x8000eae4 (0xbfe5)
core   0: 0x8000eadc (0x00001f17) auipc   t5, 0x1
core   0: 3 0x8000eadc (0x00001f17) x30 0x8000fadc
core   0: 0x8000eae0 (0x523f2223) sw      gp, 1316(t5)
core   0: 3 0x8000eae0 (0x523f2223) mem 0x80010000 0x00000001
core   0: 0x8000eae4 (0x0000bfe5) c.j     pc - 8
core   0: 3 0x8000eae4 (0xbfe5)
core   0: 0x8000eadc (0x00001f17) auipc   t5, 0x1
core   0: 3 0x8000eadc (0x00001f17) x30 0x8000fadc
core   0: 0x8000eae0 (0x523f2223) sw      gp, 1316(t5)
core   0: 3 0x8000eae0 (0x523f2223) mem 0x80010000 0x00000001
core   0: 0x8000eae4 (0x0000bfe5) c.j     pc - 8
core   0: 3 0x8000eae4 (0xbfe5)
core   0: 0x8000eadc (0x00001f17) auipc   t5, 0x1
core   0: 3 0x8000eadc (0x00001f17) x30 0x8000fadc
core   0: 0x8000eae0 (0x523f2223) sw      gp, 1316(t5)
core   0: 3 0x8000eae0 (0x523f2223) mem 0x80010000 0x00000001
core   0: 0x8000eae4 (0x0000bfe5) c.j     pc - 8
core   0: 3 0x8000eae4 (0xbfe5)
core   0: 0x8000eadc (0x00001f17) auipc   t5, 0x1
core   0: 3 0x8000eadc (0x00001f17) x30 0x8000fadc
core   0: 0x8000eae0 (0x523f2223) sw      gp, 1316(t5)
core   0: 3 0x8000eae0 (0x523f2223) mem 0x80010000 0x00000001
core   0: 0x8000eae4 (0x0000bfe5) c.j     pc - 8
core   0: 3 0x8000eae4 (0xbfe5)
core   0: 0x8000eadc (0x00001f17) auipc   t5, 0x1
core   0: 3 0x8000eadc (0x00001f17) x30 0x8000fadc
core   0: 0x8000eae0 (0x523f2223) sw      gp, 1316(t5)
core   0: 3 0x8000eae0 (0x523f2223) mem 0x80010000 0x00000001
core   0: 0x8000eae4 (0x0000bfe5) c.j     pc - 8
core   0: 3 0x8000eae4 (0xbfe5)
core   0: 0x8000eadc (0x00001f17) auipc   t5, 0x1
core   0: 3 0x8000eadc (0x00001f17) x30 0x8000fadc
core   0: 0x8000eae0 (0x523f2223) sw      gp, 1316(t5)
core   0: 3 0x8000eae0 (0x523f2223) mem 0x80010000 0x00000001
core   0: 0x8000eae4 (0x0000bfe5) c.j     pc - 8
core   0: 3 0x8000eae4 (0xbfe5)
core   0: 0x8000eadc (0x00001f17) auipc   t5, 0x1
core   0: 3 0x8000eadc (0x00001f17) x30 0x8000fadc
core   0: 0x8000eae0 (0x523f2223) sw      gp, 1316(t5)
core   0: 3 0x8000eae0 (0x523f2223) mem 0x80010000 0x00000001
core   0: 0x8000eae4 (0x0000bfe5) c.j     pc - 8
core   0: 3 0x8000eae4 (0xbfe5)
core   0: 0x8000eadc (0x00001f17) auipc   t5, 0x1
core   0: 3 0x8000eadc (0x00001f17) x30 0x8000fadc
core   0: 0x8000eae0 (0x523f2223) sw      gp, 1316(t5)
core   0: 3 0x8000eae0 (0x523f2223) mem 0x80010000 0x00000001
core   0: 0x8000eae4 (0x0000bfe5) c.j     pc - 8
core   0: 3 0x8000eae4 (0xbfe5)
core   0: 0x8000eadc (0x00001f17) auipc   t5, 0x1
core   0: 3 0x8000eadc (0x00001f17) x30 0x8000fadc
core   0: 0x8000eae0 (0x523f2223) sw      gp, 1316(t5)
core   0: 3 0x8000eae0 (0x523f2223) mem 0x80010000 0x00000001
core   0: 0x8000eae4 (0x0000bfe5) c.j     pc - 8
core   0: 3 0x8000eae4 (0xbfe5)
core   0: 0x8000eadc (0x00001f17) auipc   t5, 0x1
core   0: 3 0x8000eadc (0x00001f17) x30 0x8000fadc
core   0: 0x8000eae0 (0x523f2223) sw      gp, 1316(t5)
core   0: 3 0x8000eae0 (0x523f2223) mem 0x80010000 0x00000001
core   0: 0x8000eae4 (0x0000bfe5) c.j     pc - 8
core   0: 3 0x8000eae4 (0xbfe5)
core   0: 0x8000eadc (0x00001f17) auipc   t5, 0x1
core   0: 3 0x8000eadc (0x00001f17) x30 0x8000fadc
core   0: 0x8000eae0 (0x523f2223) sw      gp, 1316(t5)
core   0: 3 0x8000eae0 (0x523f2223) mem 0x80010000 0x00000001
core   0: 0x8000eae4 (0x0000bfe5) c.j     pc - 8
core   0: 3 0x8000eae4 (0xbfe5)
core   0: 0x8000eadc (0x00001f17) auipc   t5, 0x1
core   0: 3 0x8000eadc (0x00001f17) x30 0x8000fadc
core   0: 0x8000eae0 (0x523f2223) sw      gp, 1316(t5)
core   0: 3 0x8000eae0 (0x523f2223) mem 0x80010000 0x00000001
core   0: 0x8000eae4 (0x0000bfe5) c.j     pc - 8
core   0: 3 0x8000eae4 (0xbfe5)
core   0: 0x8000eadc (0x00001f17) auipc   t5, 0x1
core   0: 3 0x8000eadc (0x00001f17) x30 0x8000fadc
core   0: 0x8000eae0 (0x523f2223) sw      gp, 1316(t5)
core   0: 3 0x8000eae0 (0x523f2223) mem 0x80010000 0x00000001
core   0: 0x8000eae4 (0x0000bfe5) c.j     pc - 8
core   0: 3 0x8000eae4 (0xbfe5)
core   0: 0x8000eadc (0x00001f17) auipc   t5, 0x1
core   0: 3 0x8000eadc (0x00001f17) x30 0x8000fadc
core   0: 0x8000eae0 (0x523f2223) sw      gp, 1316(t5)
core   0: 3 0x8000eae0 (0x523f2223) mem 0x80010000 0x00000001
core   0: 0x8000eae4 (0x0000bfe5) c.j     pc - 8
core   0: 3 0x8000eae4 (0xbfe5)
core   0: 0x8000eadc (0x00001f17) auipc   t5, 0x1
core   0: 3 0x8000eadc (0x00001f17) x30 0x8000fadc
core   0: 0x8000eae0 (0x523f2223) sw      gp, 1316(t5)
core   0: 3 0x8000eae0 (0x523f2223) mem 0x80010000 0x00000001
core   0: 0x8000eae4 (0x0000bfe5) c.j     pc - 8
core   0: 3 0x8000eae4 (0xbfe5)
core   0: 0x8000eadc (0x00001f17) auipc   t5, 0x1
core   0: 3 0x8000eadc (0x00001f17) x30 0x8000fadc
core   0: 0x8000eae0 (0x523f2223) sw      gp, 1316(t5)
core   0: 3 0x8000eae0 (0x523f2223) mem 0x80010000 0x00000001
core   0: 0x8000eae4 (0x0000bfe5) c.j     pc - 8
core   0: 3 0x8000eae4 (0xbfe5)
core   0: 0x8000eadc (0x00001f17) auipc   t5, 0x1
core   0: 3 0x8000eadc (0x00001f17) x30 0x8000fadc
core   0: 0x8000eae0 (0x523f2223) sw      gp, 1316(t5)
core   0: 3 0x8000eae0 (0x523f2223) mem 0x80010000 0x00000001
core   0: 0x8000eae4 (0x0000bfe5) c.j     pc - 8
core   0: 3 0x8000eae4 (0xbfe5)
core   0: 0x8000eadc (0x00001f17) auipc   t5, 0x1
core   0: 3 0x8000eadc (0x00001f17) x30 0x8000fadc
core   0: 0x8000eae0 (0x523f2223) sw      gp, 1316(t5)
core   0: 3 0x8000eae0 (0x523f2223) mem 0x80010000 0x00000001
core   0: 0x8000eae4 (0x0000bfe5) c.j     pc - 8
core   0: 3 0x8000eae4 (0xbfe5)
core   0: 0x8000eadc (0x00001f17) auipc   t5, 0x1
core   0: 3 0x8000eadc (0x00001f17) x30 0x8000fadc
core   0: 0x8000eae0 (0x523f2223) sw      gp, 1316(t5)
core   0: 3 0x8000eae0 (0x523f2223) mem 0x80010000 0x00000001
core   0: 0x8000eae4 (0x0000bfe5) c.j     pc - 8
core   0: 3 0x8000eae4 (0xbfe5)
core   0: 0x8000eadc (0x00001f17) auipc   t5, 0x1
core   0: 3 0x8000eadc (0x00001f17) x30 0x8000fadc
core   0: 0x8000eae0 (0x523f2223) sw      gp, 1316(t5)
core   0: 3 0x8000eae0 (0x523f2223) mem 0x80010000 0x00000001
core   0: 0x8000eae4 (0x0000bfe5) c.j     pc - 8
core   0: 3 0x8000eae4 (0xbfe5)
core   0: 0x8000eadc (0x00001f17) auipc   t5, 0x1
core   0: 3 0x8000eadc (0x00001f17) x30 0x8000fadc
core   0: 0x8000eae0 (0x523f2223) sw      gp, 1316(t5)
core   0: 3 0x8000eae0 (0x523f2223) mem 0x80010000 0x00000001
core   0: 0x8000eae4 (0x0000bfe5) c.j     pc - 8
core   0: 3 0x8000eae4 (0xbfe5)
core   0: 0x8000eadc (0x00001f17) auipc   t5, 0x1
core   0: 3 0x8000eadc (0x00001f17) x30 0x8000fadc
core   0: 0x8000eae0 (0x523f2223) sw      gp, 1316(t5)
core   0: 3 0x8000eae0 (0x523f2223) mem 0x80010000 0x00000001
core   0: 0x8000eae4 (0x0000bfe5) c.j     pc - 8
core   0: 3 0x8000eae4 (0xbfe5)
core   0: 0x8000eadc (0x00001f17) auipc   t5, 0x1
core   0: 3 0x8000eadc (0x00001f17) x30 0x8000fadc
core   0: 0x8000eae0 (0x523f2223) sw      gp, 1316(t5)
core   0: 3 0x8000eae0 (0x523f2223) mem 0x80010000 0x00000001
core   0: 0x8000eae4 (0x0000bfe5) c.j     pc - 8
core   0: 3 0x8000eae4 (0xbfe5)
core   0: 0x8000eadc (0x00001f17) auipc   t5, 0x1
core   0: 3 0x8000eadc (0x00001f17) x30 0x8000fadc
core   0: 0x8000eae0 (0x523f2223) sw      gp, 1316(t5)
core   0: 3 0x8000eae0 (0x523f2223) mem 0x80010000 0x00000001
core   0: 0x8000eae4 (0x0000bfe5) c.j     pc - 8
core   0: 3 0x8000eae4 (0xbfe5)
core   0: 0x8000eadc (0x00001f17) auipc   t5, 0x1
core   0: 3 0x8000eadc (0x00001f17) x30 0x8000fadc
core   0: 0x8000eae0 (0x523f2223) sw      gp, 1316(t5)
core   0: 3 0x8000eae0 (0x523f2223) mem 0x80010000 0x00000001
core   0: 0x8000eae4 (0x0000bfe5) c.j     pc - 8
core   0: 3 0x8000eae4 (0xbfe5)
core   0: 0x8000eadc (0x00001f17) auipc   t5, 0x1
core   0: 3 0x8000eadc (0x00001f17) x30 0x8000fadc
core   0: 0x8000eae0 (0x523f2223) sw      gp, 1316(t5)
core   0: 3 0x8000eae0 (0x523f2223) mem 0x80010000 0x00000001
core   0: 0x8000eae4 (0x0000bfe5) c.j     pc - 8
core   0: 3 0x8000eae4 (0xbfe5)
core   0: 0x8000eadc (0x00001f17) auipc   t5, 0x1
core   0: 3 0x8000eadc (0x00001f17) x30 0x8000fadc
core   0: 0x8000eae0 (0x523f2223) sw      gp, 1316(t5)
core   0: 3 0x8000eae0 (0x523f2223) mem 0x80010000 0x00000001
core   0: 0x8000eae4 (0x0000bfe5) c.j     pc - 8
core   0: 3 0x8000eae4 (0xbfe5)
core   0: 0x8000eadc (0x00001f17) auipc   t5, 0x1
core   0: 3 0x8000eadc (0x00001f17) x30 0x8000fadc
core   0: 0x8000eae0 (0x523f2223) sw      gp, 1316(t5)
core   0: 3 0x8000eae0 (0x523f2223) mem 0x80010000 0x00000001
core   0: 0x8000eae4 (0x0000bfe5) c.j     pc - 8
core   0: 3 0x8000eae4 (0xbfe5)
core   0: 0x8000eadc (0x00001f17) auipc   t5, 0x1
core   0: 3 0x8000eadc (0x00001f17) x30 0x8000fadc
core   0: 0x8000eae0 (0x523f2223) sw      gp, 1316(t5)
core   0: 3 0x8000eae0 (0x523f2223) mem 0x80010000 0x00000001
core   0: 0x8000eae4 (0x0000bfe5) c.j     pc - 8
core   0: 3 0x8000eae4 (0xbfe5)
core   0: 0x8000eadc (0x00001f17) auipc   t5, 0x1
core   0: 3 0x8000eadc (0x00001f17) x30 0x8000fadc
core   0: 0x8000eae0 (0x523f2223) sw      gp, 1316(t5)
core   0: 3 0x8000eae0 (0x523f2223) mem 0x80010000 0x00000001
core   0: 0x8000eae4 (0x0000bfe5) c.j     pc - 8
core   0: 3 0x8000eae4 (0xbfe5)
core   0: 0x8000eadc (0x00001f17) auipc   t5, 0x1
core   0: 3 0x8000eadc (0x00001f17) x30 0x8000fadc
core   0: 0x8000eae0 (0x523f2223) sw      gp, 1316(t5)
core   0: 3 0x8000eae0 (0x523f2223) mem 0x80010000 0x00000001
core   0: 0x8000eae4 (0x0000bfe5) c.j     pc - 8
core   0: 3 0x8000eae4 (0xbfe5)
core   0: 0x8000eadc (0x00001f17) auipc   t5, 0x1
core   0: 3 0x8000eadc (0x00001f17) x30 0x8000fadc
core   0: 0x8000eae0 (0x523f2223) sw      gp, 1316(t5)
core   0: 3 0x8000eae0 (0x523f2223) mem 0x80010000 0x00000001
core   0: 0x8000eae4 (0x0000bfe5) c.j     pc - 8
core   0: 3 0x8000eae4 (0xbfe5)
core   0: 0x8000eadc (0x00001f17) auipc   t5, 0x1
core   0: 3 0x8000eadc (0x00001f17) x30 0x8000fadc
core   0: 0x8000eae0 (0x523f2223) sw      gp, 1316(t5)
core   0: 3 0x8000eae0 (0x523f2223) mem 0x80010000 0x00000001
core   0: 0x8000eae4 (0x0000bfe5) c.j     pc - 8
core   0: 3 0x8000eae4 (0xbfe5)
core   0: 0x8000eadc (0x00001f17) auipc   t5, 0x1
core   0: 3 0x8000eadc (0x00001f17) x30 0x8000fadc
core   0: 0x8000eae0 (0x523f2223) sw      gp, 1316(t5)
core   0: 3 0x8000eae0 (0x523f2223) mem 0x80010000 0x00000001
core   0: 0x8000eae4 (0x0000bfe5) c.j     pc - 8
core   0: 3 0x8000eae4 (0xbfe5)
core   0: 0x8000eadc (0x00001f17) auipc   t5, 0x1
core   0: 3 0x8000eadc (0x00001f17) x30 0x8000fadc
core   0: 0x8000eae0 (0x523f2223) sw      gp, 1316(t5)
core   0: 3 0x8000eae0 (0x523f2223) mem 0x80010000 0x00000001
core   0: 0x8000eae4 (0x0000bfe5) c.j     pc - 8
core   0: 3 0x8000eae4 (0xbfe5)
core   0: 0x8000eadc (0x00001f17) auipc   t5, 0x1
core   0: 3 0x8000eadc (0x00001f17) x30 0x8000fadc
core   0: 0x8000eae0 (0x523f2223) sw      gp, 1316(t5)
core   0: 3 0x8000eae0 (0x523f2223) mem 0x80010000 0x00000001
core   0: 0x8000eae4 (0x0000bfe5) c.j     pc - 8
core   0: 3 0x8000eae4 (0xbfe5)
core   0: 0x8000eadc (0x00001f17) auipc   t5, 0x1
core   0: 3 0x8000eadc (0x00001f17) x30 0x8000fadc
core   0: 0x8000eae0 (0x523f2223) sw      gp, 1316(t5)
core   0: 3 0x8000eae0 (0x523f2223) mem 0x80010000 0x00000001
core   0: 0x8000eae4 (0x0000bfe5) c.j     pc - 8
core   0: 3 0x8000eae4 (0xbfe5)
core   0: 0x8000eadc (0x00001f17) auipc   t5, 0x1
core   0: 3 0x8000eadc (0x00001f17) x30 0x8000fadc
core   0: 0x8000eae0 (0x523f2223) sw      gp, 1316(t5)
core   0: 3 0x8000eae0 (0x523f2223) mem 0x80010000 0x00000001
core   0: 0x8000eae4 (0x0000bfe5) c.j     pc - 8
core   0: 3 0x8000eae4 (0xbfe5)
core   0: 0x8000eadc (0x00001f17) auipc   t5, 0x1
core   0: 3 0x8000eadc (0x00001f17) x30 0x8000fadc
core   0: 0x8000eae0 (0x523f2223) sw      gp, 1316(t5)
core   0: 3 0x8000eae0 (0x523f2223) mem 0x80010000 0x00000001
core   0: 0x8000eae4 (0x0000bfe5) c.j     pc - 8
core   0: 3 0x8000eae4 (0xbfe5)
core   0: 0x8000eadc (0x00001f17) auipc   t5, 0x1
core   0: 3 0x8000eadc (0x00001f17) x30 0x8000fadc
core   0: 0x8000eae0 (0x523f2223) sw      gp, 1316(t5)
core   0: 3 0x8000eae0 (0x523f2223) mem 0x80010000 0x00000001
core   0: 0x8000eae4 (0x0000bfe5) c.j     pc - 8
core   0: 3 0x8000eae4 (0xbfe5)
core   0: 0x8000eadc (0x00001f17) auipc   t5, 0x1
core   0: 3 0x8000eadc (0x00001f17) x30 0x8000fadc
core   0: 0x8000eae0 (0x523f2223) sw      gp, 1316(t5)
core   0: 3 0x8000eae0 (0x523f2223) mem 0x80010000 0x00000001
core   0: 0x8000eae4 (0x0000bfe5) c.j     pc - 8
core   0: 3 0x8000eae4 (0xbfe5)
core   0: 0x8000eadc (0x00001f17) auipc   t5, 0x1
core   0: 3 0x8000eadc (0x00001f17) x30 0x8000fadc
core   0: 0x8000eae0 (0x523f2223) sw      gp, 1316(t5)
core   0: 3 0x8000eae0 (0x523f2223) mem 0x80010000 0x00000001
core   0: 0x8000eae4 (0x0000bfe5) c.j     pc - 8
core   0: 3 0x8000eae4 (0xbfe5)
core   0: 0x8000eadc (0x00001f17) auipc   t5, 0x1
core   0: 3 0x8000eadc (0x00001f17) x30 0x8000fadc
core   0: 0x8000eae0 (0x523f2223) sw      gp, 1316(t5)
core   0: 3 0x8000eae0 (0x523f2223) mem 0x80010000 0x00000001
core   0: 0x8000eae4 (0x0000bfe5) c.j     pc - 8
core   0: 3 0x8000eae4 (0xbfe5)
core   0: 0x8000eadc (0x00001f17) auipc   t5, 0x1
core   0: 3 0x8000eadc (0x00001f17) x30 0x8000fadc
core   0: 0x8000eae0 (0x523f2223) sw      gp, 1316(t5)
core   0: 3 0x8000eae0 (0x523f2223) mem 0x80010000 0x00000001
core   0: 0x8000eae4 (0x0000bfe5) c.j     pc - 8
core   0: 3 0x8000eae4 (0xbfe5)
core   0: 0x8000eadc (0x00001f17) auipc   t5, 0x1
core   0: 3 0x8000eadc (0x00001f17) x30 0x8000fadc
core   0: 0x8000eae0 (0x523f2223) sw      gp, 1316(t5)
core   0: 3 0x8000eae0 (0x523f2223) mem 0x80010000 0x00000001
core   0: 0x8000eae4 (0x0000bfe5) c.j     pc - 8
core   0: 3 0x8000eae4 (0xbfe5)
core   0: 0x8000eadc (0x00001f17) auipc   t5, 0x1
core   0: 3 0x8000eadc (0x00001f17) x30 0x8000fadc
core   0: 0x8000eae0 (0x523f2223) sw      gp, 1316(t5)
core   0: 3 0x8000eae0 (0x523f2223) mem 0x80010000 0x00000001
core   0: 0x8000eae4 (0x0000bfe5) c.j     pc - 8
core   0: 3 0x8000eae4 (0xbfe5)
core   0: 0x8000eadc (0x00001f17) auipc   t5, 0x1
core   0: 3 0x8000eadc (0x00001f17) x30 0x8000fadc
core   0: 0x8000eae0 (0x523f2223) sw      gp, 1316(t5)
core   0: 3 0x8000eae0 (0x523f2223) mem 0x80010000 0x00000001
core   0: 0x8000eae4 (0x0000bfe5) c.j     pc - 8
core   0: 3 0x8000eae4 (0xbfe5)
core   0: 0x8000eadc (0x00001f17) auipc   t5, 0x1
core   0: 3 0x8000eadc (0x00001f17) x30 0x8000fadc
core   0: 0x8000eae0 (0x523f2223) sw      gp, 1316(t5)
core   0: 3 0x8000eae0 (0x523f2223) mem 0x80010000 0x00000001
core   0: 0x8000eae4 (0x0000bfe5) c.j     pc - 8
core   0: 3 0x8000eae4 (0xbfe5)
core   0: 0x8000eadc (0x00001f17) auipc   t5, 0x1
core   0: 3 0x8000eadc (0x00001f17) x30 0x8000fadc
core   0: 0x8000eae0 (0x523f2223) sw      gp, 1316(t5)
core   0: 3 0x8000eae0 (0x523f2223) mem 0x80010000 0x00000001
core   0: 0x8000eae4 (0x0000bfe5) c.j     pc - 8
core   0: 3 0x8000eae4 (0xbfe5)
core   0: 0x8000eadc (0x00001f17) auipc   t5, 0x1
core   0: 3 0x8000eadc (0x00001f17) x30 0x8000fadc
core   0: 0x8000eae0 (0x523f2223) sw      gp, 1316(t5)
core   0: 3 0x8000eae0 (0x523f2223) mem 0x80010000 0x00000001
core   0: 0x8000eae4 (0x0000bfe5) c.j     pc - 8
core   0: 3 0x8000eae4 (0xbfe5)
core   0: 0x8000eadc (0x00001f17) auipc   t5, 0x1
core   0: 3 0x8000eadc (0x00001f17) x30 0x8000fadc
core   0: 0x8000eae0 (0x523f2223) sw      gp, 1316(t5)
core   0: 3 0x8000eae0 (0x523f2223) mem 0x80010000 0x00000001
core   0: 0x8000eae4 (0x0000bfe5) c.j     pc - 8
core   0: 3 0x8000eae4 (0xbfe5)
core   0: 0x8000eadc (0x00001f17) auipc   t5, 0x1
core   0: 3 0x8000eadc (0x00001f17) x30 0x8000fadc
core   0: 0x8000eae0 (0x523f2223) sw      gp, 1316(t5)
core   0: 3 0x8000eae0 (0x523f2223) mem 0x80010000 0x00000001
core   0: 0x8000eae4 (0x0000bfe5) c.j     pc - 8
core   0: 3 0x8000eae4 (0xbfe5)
core   0: 0x8000eadc (0x00001f17) auipc   t5, 0x1
core   0: 3 0x8000eadc (0x00001f17) x30 0x8000fadc
core   0: 0x8000eae0 (0x523f2223) sw      gp, 1316(t5)
core   0: 3 0x8000eae0 (0x523f2223) mem 0x80010000 0x00000001
core   0: 0x8000eae4 (0x0000bfe5) c.j     pc - 8
core   0: 3 0x8000eae4 (0xbfe5)
core   0: 0x8000eadc (0x00001f17) auipc   t5, 0x1
core   0: 3 0x8000eadc (0x00001f17) x30 0x8000fadc
core   0: 0x8000eae0 (0x523f2223) sw      gp, 1316(t5)
core   0: 3 0x8000eae0 (0x523f2223) mem 0x80010000 0x00000001
core   0: 0x8000eae4 (0x0000bfe5) c.j     pc - 8
core   0: 3 0x8000eae4 (0xbfe5)
core   0: 0x8000eadc (0x00001f17) auipc   t5, 0x1
core   0: 3 0x8000eadc (0x00001f17) x30 0x8000fadc
core   0: 0x8000eae0 (0x523f2223) sw      gp, 1316(t5)
core   0: 3 0x8000eae0 (0x523f2223) mem 0x80010000 0x00000001
core   0: 0x8000eae4 (0x0000bfe5) c.j     pc - 8
core   0: 3 0x8000eae4 (0xbfe5)
core   0: 0x8000eadc (0x00001f17) auipc   t5, 0x1
core   0: 3 0x8000eadc (0x00001f17) x30 0x8000fadc
core   0: 0x8000eae0 (0x523f2223) sw      gp, 1316(t5)
core   0: 3 0x8000eae0 (0x523f2223) mem 0x80010000 0x00000001
core   0: 0x8000eae4 (0x0000bfe5) c.j     pc - 8
core   0: 3 0x8000eae4 (0xbfe5)
core   0: 0x8000eadc (0x00001f17) auipc   t5, 0x1
core   0: 3 0x8000eadc (0x00001f17) x30 0x8000fadc
core   0: 0x8000eae0 (0x523f2223) sw      gp, 1316(t5)
core   0: 3 0x8000eae0 (0x523f2223) mem 0x80010000 0x00000001
core   0: 0x8000eae4 (0x0000bfe5) c.j     pc - 8
core   0: 3 0x8000eae4 (0xbfe5)
core   0: 0x8000eadc (0x00001f17) auipc   t5, 0x1
core   0: 3 0x8000eadc (0x00001f17) x30 0x8000fadc
core   0: 0x8000eae0 (0x523f2223) sw      gp, 1316(t5)
core   0: 3 0x8000eae0 (0x523f2223) mem 0x80010000 0x00000001
core   0: 0x8000eae4 (0x0000bfe5) c.j     pc - 8
core   0: 3 0x8000eae4 (0xbfe5)
core   0: 0x8000eadc (0x00001f17) auipc   t5, 0x1
core   0: 3 0x8000eadc (0x00001f17) x30 0x8000fadc
core   0: 0x8000eae0 (0x523f2223) sw      gp, 1316(t5)
core   0: 3 0x8000eae0 (0x523f2223) mem 0x80010000 0x00000001
core   0: 0x8000eae4 (0x0000bfe5) c.j     pc - 8
core   0: 3 0x8000eae4 (0xbfe5)
core   0: 0x8000eadc (0x00001f17) auipc   t5, 0x1
core   0: 3 0x8000eadc (0x00001f17) x30 0x8000fadc
core   0: 0x8000eae0 (0x523f2223) sw      gp, 1316(t5)
core   0: 3 0x8000eae0 (0x523f2223) mem 0x80010000 0x00000001
core   0: 0x8000eae4 (0x0000bfe5) c.j     pc - 8
core   0: 3 0x8000eae4 (0xbfe5)
core   0: 0x8000eadc (0x00001f17) auipc   t5, 0x1
core   0: 3 0x8000eadc (0x00001f17) x30 0x8000fadc
core   0: 0x8000eae0 (0x523f2223) sw      gp, 1316(t5)
core   0: 3 0x8000eae0 (0x523f2223) mem 0x80010000 0x00000001
core   0: 0x8000eae4 (0x0000bfe5) c.j     pc - 8
core   0: 3 0x8000eae4 (0xbfe5)
core   0: 0x8000eadc (0x00001f17) auipc   t5, 0x1
core   0: 3 0x8000eadc (0x00001f17) x30 0x8000fadc
core   0: 0x8000eae0 (0x523f2223) sw      gp, 1316(t5)
core   0: 3 0x8000eae0 (0x523f2223) mem 0x80010000 0x00000001
core   0: 0x8000eae4 (0x0000bfe5) c.j     pc - 8
core   0: 3 0x8000eae4 (0xbfe5)
core   0: 0x8000eadc (0x00001f17) auipc   t5, 0x1
core   0: 3 0x8000eadc (0x00001f17) x30 0x8000fadc
core   0: 0x8000eae0 (0x523f2223) sw      gp, 1316(t5)
core   0: 3 0x8000eae0 (0x523f2223) mem 0x80010000 0x00000001
core   0: 0x8000eae4 (0x0000bfe5) c.j     pc - 8
core   0: 3 0x8000eae4 (0xbfe5)
core   0: 0x8000eadc (0x00001f17) auipc   t5, 0x1
core   0: 3 0x8000eadc (0x00001f17) x30 0x8000fadc
core   0: 0x8000eae0 (0x523f2223) sw      gp, 1316(t5)
core   0: 3 0x8000eae0 (0x523f2223) mem 0x80010000 0x00000001
core   0: 0x8000eae4 (0x0000bfe5) c.j     pc - 8
core   0: 3 0x8000eae4 (0xbfe5)
core   0: 0x8000eadc (0x00001f17) auipc   t5, 0x1
core   0: 3 0x8000eadc (0x00001f17) x30 0x8000fadc
core   0: 0x8000eae0 (0x523f2223) sw      gp, 1316(t5)
core   0: 3 0x8000eae0 (0x523f2223) mem 0x80010000 0x00000001
core   0: 0x8000eae4 (0x0000bfe5) c.j     pc - 8
core   0: 3 0x8000eae4 (0xbfe5)
core   0: 0x8000eadc (0x00001f17) auipc   t5, 0x1
core   0: 3 0x8000eadc (0x00001f17) x30 0x8000fadc
core   0: 0x8000eae0 (0x523f2223) sw      gp, 1316(t5)
core   0: 3 0x8000eae0 (0x523f2223) mem 0x80010000 0x00000001
core   0: 0x8000eae4 (0x0000bfe5) c.j     pc - 8
core   0: 3 0x8000eae4 (0xbfe5)
core   0: 0x8000eadc (0x00001f17) auipc   t5, 0x1
core   0: 3 0x8000eadc (0x00001f17) x30 0x8000fadc
core   0: 0x8000eae0 (0x523f2223) sw      gp, 1316(t5)
core   0: 3 0x8000eae0 (0x523f2223) mem 0x80010000 0x00000001
core   0: 0x8000eae4 (0x0000bfe5) c.j     pc - 8
core   0: 3 0x8000eae4 (0xbfe5)
core   0: 0x8000eadc (0x00001f17) auipc   t5, 0x1
core   0: 3 0x8000eadc (0x00001f17) x30 0x8000fadc
core   0: 0x8000eae0 (0x523f2223) sw      gp, 1316(t5)
core   0: 3 0x8000eae0 (0x523f2223) mem 0x80010000 0x00000001
core   0: 0x8000eae4 (0x0000bfe5) c.j     pc - 8
core   0: 3 0x8000eae4 (0xbfe5)
core   0: 0x8000eadc (0x00001f17) auipc   t5, 0x1
core   0: 3 0x8000eadc (0x00001f17) x30 0x8000fadc
core   0: 0x8000eae0 (0x523f2223) sw      gp, 1316(t5)
core   0: 3 0x8000eae0 (0x523f2223) mem 0x80010000 0x00000001
core   0: 0x8000eae4 (0x0000bfe5) c.j     pc - 8
core   0: 3 0x8000eae4 (0xbfe5)
core   0: 0x8000eadc (0x00001f17) auipc   t5, 0x1
core   0: 3 0x8000eadc (0x00001f17) x30 0x8000fadc
core   0: 0x8000eae0 (0x523f2223) sw      gp, 1316(t5)
core   0: 3 0x8000eae0 (0x523f2223) mem 0x80010000 0x00000001
core   0: 0x8000eae4 (0x0000bfe5) c.j     pc - 8
core   0: 3 0x8000eae4 (0xbfe5)
core   0: 0x8000eadc (0x00001f17) auipc   t5, 0x1
core   0: 3 0x8000eadc (0x00001f17) x30 0x8000fadc
core   0: 0x8000eae0 (0x523f2223) sw      gp, 1316(t5)
core   0: 3 0x8000eae0 (0x523f2223) mem 0x80010000 0x00000001
core   0: 0x8000eae4 (0x0000bfe5) c.j     pc - 8
core   0: 3 0x8000eae4 (0xbfe5)
core   0: 0x8000eadc (0x00001f17) auipc   t5, 0x1
core   0: 3 0x8000eadc (0x00001f17) x30 0x8000fadc
core   0: 0x8000eae0 (0x523f2223) sw      gp, 1316(t5)
core   0: 3 0x8000eae0 (0x523f2223) mem 0x80010000 0x00000001
core   0: 0x8000eae4 (0x0000bfe5) c.j     pc - 8
core   0: 3 0x8000eae4 (0xbfe5)
core   0: 0x8000eadc (0x00001f17) auipc   t5, 0x1
core   0: 3 0x8000eadc (0x00001f17) x30 0x8000fadc
core   0: 0x8000eae0 (0x523f2223) sw      gp, 1316(t5)
core   0: 3 0x8000eae0 (0x523f2223) mem 0x80010000 0x00000001
core   0: 0x8000eae4 (0x0000bfe5) c.j     pc - 8
core   0: 3 0x8000eae4 (0xbfe5)
core   0: 0x8000eadc (0x00001f17) auipc   t5, 0x1
core   0: 3 0x8000eadc (0x00001f17) x30 0x8000fadc
core   0: 0x8000eae0 (0x523f2223) sw      gp, 1316(t5)
core   0: 3 0x8000eae0 (0x523f2223) mem 0x80010000 0x00000001
core   0: 0x8000eae4 (0x0000bfe5) c.j     pc - 8
core   0: 3 0x8000eae4 (0xbfe5)
core   0: 0x8000eadc (0x00001f17) auipc   t5, 0x1
core   0: 3 0x8000eadc (0x00001f17) x30 0x8000fadc
core   0: 0x8000eae0 (0x523f2223) sw      gp, 1316(t5)
core   0: 3 0x8000eae0 (0x523f2223) mem 0x80010000 0x00000001
core   0: 0x8000eae4 (0x0000bfe5) c.j     pc - 8
core   0: 3 0x8000eae4 (0xbfe5)
core   0: 0x8000eadc (0x00001f17) auipc   t5, 0x1
core   0: 3 0x8000eadc (0x00001f17) x30 0x8000fadc
core   0: 0x8000eae0 (0x523f2223) sw      gp, 1316(t5)
core   0: 3 0x8000eae0 (0x523f2223) mem 0x80010000 0x00000001
core   0: 0x8000eae4 (0x0000bfe5) c.j     pc - 8
core   0: 3 0x8000eae4 (0xbfe5)
core   0: 0x8000eadc (0x00001f17) auipc   t5, 0x1
core   0: 3 0x8000eadc (0x00001f17) x30 0x8000fadc
core   0: 0x8000eae0 (0x523f2223) sw      gp, 1316(t5)
core   0: 3 0x8000eae0 (0x523f2223) mem 0x80010000 0x00000001
core   0: 0x8000eae4 (0x0000bfe5) c.j     pc - 8
core   0: 3 0x8000eae4 (0xbfe5)
core   0: 0x8000eadc (0x00001f17) auipc   t5, 0x1
core   0: 3 0x8000eadc (0x00001f17) x30 0x8000fadc
core   0: 0x8000eae0 (0x523f2223) sw      gp, 1316(t5)
core   0: 3 0x8000eae0 (0x523f2223) mem 0x80010000 0x00000001
core   0: 0x8000eae4 (0x0000bfe5) c.j     pc - 8
core   0: 3 0x8000eae4 (0xbfe5)
core   0: 0x8000eadc (0x00001f17) auipc   t5, 0x1
core   0: 3 0x8000eadc (0x00001f17) x30 0x8000fadc
core   0: 0x8000eae0 (0x523f2223) sw      gp, 1316(t5)
core   0: 3 0x8000eae0 (0x523f2223) mem 0x80010000 0x00000001
core   0: 0x8000eae4 (0x0000bfe5) c.j     pc - 8
core   0: 3 0x8000eae4 (0xbfe5)
core   0: 0x8000eadc (0x00001f17) auipc   t5, 0x1
core   0: 3 0x8000eadc (0x00001f17) x30 0x8000fadc
core   0: 0x8000eae0 (0x523f2223) sw      gp, 1316(t5)
core   0: 3 0x8000eae0 (0x523f2223) mem 0x80010000 0x00000001
core   0: 0x8000eae4 (0x0000bfe5) c.j     pc - 8
core   0: 3 0x8000eae4 (0xbfe5)
core   0: 0x8000eadc (0x00001f17) auipc   t5, 0x1
core   0: 3 0x8000eadc (0x00001f17) x30 0x8000fadc
core   0: 0x8000eae0 (0x523f2223) sw      gp, 1316(t5)
core   0: 3 0x8000eae0 (0x523f2223) mem 0x80010000 0x00000001
core   0: 0x8000eae4 (0x0000bfe5) c.j     pc - 8
core   0: 3 0x8000eae4 (0xbfe5)
core   0: 0x8000eadc (0x00001f17) auipc   t5, 0x1
core   0: 3 0x8000eadc (0x00001f17) x30 0x8000fadc
core   0: 0x8000eae0 (0x523f2223) sw      gp, 1316(t5)
core   0: 3 0x8000eae0 (0x523f2223) mem 0x80010000 0x00000001
core   0: 0x8000eae4 (0x0000bfe5) c.j     pc - 8
core   0: 3 0x8000eae4 (0xbfe5)
core   0: 0x8000eadc (0x00001f17) auipc   t5, 0x1
core   0: 3 0x8000eadc (0x00001f17) x30 0x8000fadc
core   0: 0x8000eae0 (0x523f2223) sw      gp, 1316(t5)
core   0: 3 0x8000eae0 (0x523f2223) mem 0x80010000 0x00000001
core   0: 0x8000eae4 (0x0000bfe5) c.j     pc - 8
core   0: 3 0x8000eae4 (0xbfe5)
core   0: 0x8000eadc (0x00001f17) auipc   t5, 0x1
core   0: 3 0x8000eadc (0x00001f17) x30 0x8000fadc
core   0: 0x8000eae0 (0x523f2223) sw      gp, 1316(t5)
core   0: 3 0x8000eae0 (0x523f2223) mem 0x80010000 0x00000001
core   0: 0x8000eae4 (0x0000bfe5) c.j     pc - 8
core   0: 3 0x8000eae4 (0xbfe5)
core   0: 0x8000eadc (0x00001f17) auipc   t5, 0x1
core   0: 3 0x8000eadc (0x00001f17) x30 0x8000fadc
core   0: 0x8000eae0 (0x523f2223) sw      gp, 1316(t5)
core   0: 3 0x8000eae0 (0x523f2223) mem 0x80010000 0x00000001
core   0: 0x8000eae4 (0x0000bfe5) c.j     pc - 8
core   0: 3 0x8000eae4 (0xbfe5)
core   0: 0x8000eadc (0x00001f17) auipc   t5, 0x1
core   0: 3 0x8000eadc (0x00001f17) x30 0x8000fadc
core   0: 0x8000eae0 (0x523f2223) sw      gp, 1316(t5)
core   0: 3 0x8000eae0 (0x523f2223) mem 0x80010000 0x00000001
core   0: 0x8000eae4 (0x0000bfe5) c.j     pc - 8
core   0: 3 0x8000eae4 (0xbfe5)
core   0: 0x8000eadc (0x00001f17) auipc   t5, 0x1
core   0: 3 0x8000eadc (0x00001f17) x30 0x8000fadc
core   0: 0x8000eae0 (0x523f2223) sw      gp, 1316(t5)
core   0: 3 0x8000eae0 (0x523f2223) mem 0x80010000 0x00000001
core   0: 0x8000eae4 (0x0000bfe5) c.j     pc - 8
core   0: 3 0x8000eae4 (0xbfe5)
core   0: 0x8000eadc (0x00001f17) auipc   t5, 0x1
core   0: 3 0x8000eadc (0x00001f17) x30 0x8000fadc
core   0: 0x8000eae0 (0x523f2223) sw      gp, 1316(t5)
core   0: 3 0x8000eae0 (0x523f2223) mem 0x80010000 0x00000001
core   0: 0x8000eae4 (0x0000bfe5) c.j     pc - 8
core   0: 3 0x8000eae4 (0xbfe5)
core   0: 0x8000eadc (0x00001f17) auipc   t5, 0x1
core   0: 3 0x8000eadc (0x00001f17) x30 0x8000fadc
core   0: 0x8000eae0 (0x523f2223) sw      gp, 1316(t5)
core   0: 3 0x8000eae0 (0x523f2223) mem 0x80010000 0x00000001
core   0: 0x8000eae4 (0x0000bfe5) c.j     pc - 8
core   0: 3 0x8000eae4 (0xbfe5)
core   0: 0x8000eadc (0x00001f17) auipc   t5, 0x1
core   0: 3 0x8000eadc (0x00001f17) x30 0x8000fadc
core   0: 0x8000eae0 (0x523f2223) sw      gp, 1316(t5)
core   0: 3 0x8000eae0 (0x523f2223) mem 0x80010000 0x00000001
core   0: 0x8000eae4 (0x0000bfe5) c.j     pc - 8
core   0: 3 0x8000eae4 (0xbfe5)
core   0: 0x8000eadc (0x00001f17) auipc   t5, 0x1
core   0: 3 0x8000eadc (0x00001f17) x30 0x8000fadc
core   0: 0x8000eae0 (0x523f2223) sw      gp, 1316(t5)
core   0: 3 0x8000eae0 (0x523f2223) mem 0x80010000 0x00000001
core   0: 0x8000eae4 (0x0000bfe5) c.j     pc - 8
core   0: 3 0x8000eae4 (0xbfe5)
core   0: 0x8000eadc (0x00001f17) auipc   t5, 0x1
core   0: 3 0x8000eadc (0x00001f17) x30 0x8000fadc
core   0: 0x8000eae0 (0x523f2223) sw      gp, 1316(t5)
core   0: 3 0x8000eae0 (0x523f2223) mem 0x80010000 0x00000001
core   0: 0x8000eae4 (0x0000bfe5) c.j     pc - 8
core   0: 3 0x8000eae4 (0xbfe5)
core   0: 0x8000eadc (0x00001f17) auipc   t5, 0x1
core   0: 3 0x8000eadc (0x00001f17) x30 0x8000fadc
core   0: 0x8000eae0 (0x523f2223) sw      gp, 1316(t5)
core   0: 3 0x8000eae0 (0x523f2223) mem 0x80010000 0x00000001
core   0: 0x8000eae4 (0x0000bfe5) c.j     pc - 8
core   0: 3 0x8000eae4 (0xbfe5)
core   0: 0x8000eadc (0x00001f17) auipc   t5, 0x1
core   0: 3 0x8000eadc (0x00001f17) x30 0x8000fadc
core   0: 0x8000eae0 (0x523f2223) sw      gp, 1316(t5)
core   0: 3 0x8000eae0 (0x523f2223) mem 0x80010000 0x00000001
core   0: 0x8000eae4 (0x0000bfe5) c.j     pc - 8
core   0: 3 0x8000eae4 (0xbfe5)
core   0: 0x8000eadc (0x00001f17) auipc   t5, 0x1
core   0: 3 0x8000eadc (0x00001f17) x30 0x8000fadc
core   0: 0x8000eae0 (0x523f2223) sw      gp, 1316(t5)
core   0: 3 0x8000eae0 (0x523f2223) mem 0x80010000 0x00000001
core   0: 0x8000eae4 (0x0000bfe5) c.j     pc - 8
core   0: 3 0x8000eae4 (0xbfe5)
core   0: 0x8000eadc (0x00001f17) auipc   t5, 0x1
core   0: 3 0x8000eadc (0x00001f17) x30 0x8000fadc
core   0: 0x8000eae0 (0x523f2223) sw      gp, 1316(t5)
core   0: 3 0x8000eae0 (0x523f2223) mem 0x80010000 0x00000001
core   0: 0x8000eae4 (0x0000bfe5) c.j     pc - 8
core   0: 3 0x8000eae4 (0xbfe5)
core   0: 0x8000eadc (0x00001f17) auipc   t5, 0x1
core   0: 3 0x8000eadc (0x00001f17) x30 0x8000fadc
core   0: 0x8000eae0 (0x523f2223) sw      gp, 1316(t5)
core   0: 3 0x8000eae0 (0x523f2223) mem 0x80010000 0x00000001
core   0: 0x8000eae4 (0x0000bfe5) c.j     pc - 8
core   0: 3 0x8000eae4 (0xbfe5)
core   0: 0x8000eadc (0x00001f17) auipc   t5, 0x1
core   0: 3 0x8000eadc (0x00001f17) x30 0x8000fadc
core   0: 0x8000eae0 (0x523f2223) sw      gp, 1316(t5)
core   0: 3 0x8000eae0 (0x523f2223) mem 0x80010000 0x00000001
core   0: 0x8000eae4 (0x0000bfe5) c.j     pc - 8
core   0: 3 0x8000eae4 (0xbfe5)
core   0: 0x8000eadc (0x00001f17) auipc   t5, 0x1
core   0: 3 0x8000eadc (0x00001f17) x30 0x8000fadc
core   0: 0x8000eae0 (0x523f2223) sw      gp, 1316(t5)
core   0: 3 0x8000eae0 (0x523f2223) mem 0x80010000 0x00000001
core   0: 0x8000eae4 (0x0000bfe5) c.j     pc - 8
core   0: 3 0x8000eae4 (0xbfe5)
core   0: 0x8000eadc (0x00001f17) auipc   t5, 0x1
core   0: 3 0x8000eadc (0x00001f17) x30 0x8000fadc
core   0: 0x8000eae0 (0x523f2223) sw      gp, 1316(t5)
core   0: 3 0x8000eae0 (0x523f2223) mem 0x80010000 0x00000001
core   0: 0x8000eae4 (0x0000bfe5) c.j     pc - 8
core   0: 3 0x8000eae4 (0xbfe5)
core   0: 0x8000eadc (0x00001f17) auipc   t5, 0x1
core   0: 3 0x8000eadc (0x00001f17) x30 0x8000fadc
core   0: 0x8000eae0 (0x523f2223) sw      gp, 1316(t5)
core   0: 3 0x8000eae0 (0x523f2223) mem 0x80010000 0x00000001
core   0: 0x8000eae4 (0x0000bfe5) c.j     pc - 8
core   0: 3 0x8000eae4 (0xbfe5)
core   0: 0x8000eadc (0x00001f17) auipc   t5, 0x1
core   0: 3 0x8000eadc (0x00001f17) x30 0x8000fadc
core   0: 0x8000eae0 (0x523f2223) sw      gp, 1316(t5)
core   0: 3 0x8000eae0 (0x523f2223) mem 0x80010000 0x00000001
core   0: 0x8000eae4 (0x0000bfe5) c.j     pc - 8
core   0: 3 0x8000eae4 (0xbfe5)
core   0: 0x8000eadc (0x00001f17) auipc   t5, 0x1
core   0: 3 0x8000eadc (0x00001f17) x30 0x8000fadc
core   0: 0x8000eae0 (0x523f2223) sw      gp, 1316(t5)
core   0: 3 0x8000eae0 (0x523f2223) mem 0x80010000 0x00000001
core   0: 0x8000eae4 (0x0000bfe5) c.j     pc - 8
core   0: 3 0x8000eae4 (0xbfe5)
core   0: 0x8000eadc (0x00001f17) auipc   t5, 0x1
core   0: 3 0x8000eadc (0x00001f17) x30 0x8000fadc
core   0: 0x8000eae0 (0x523f2223) sw      gp, 1316(t5)
core   0: 3 0x8000eae0 (0x523f2223) mem 0x80010000 0x00000001
core   0: 0x8000eae4 (0x0000bfe5) c.j     pc - 8
core   0: 3 0x8000eae4 (0xbfe5)
core   0: 0x8000eadc (0x00001f17) auipc   t5, 0x1
core   0: 3 0x8000eadc (0x00001f17) x30 0x8000fadc
core   0: 0x8000eae0 (0x523f2223) sw      gp, 1316(t5)
core   0: 3 0x8000eae0 (0x523f2223) mem 0x80010000 0x00000001
core   0: 0x8000eae4 (0x0000bfe5) c.j     pc - 8
core   0: 3 0x8000eae4 (0xbfe5)
core   0: 0x8000eadc (0x00001f17) auipc   t5, 0x1
core   0: 3 0x8000eadc (0x00001f17) x30 0x8000fadc
core   0: 0x8000eae0 (0x523f2223) sw      gp, 1316(t5)
core   0: 3 0x8000eae0 (0x523f2223) mem 0x80010000 0x00000001
core   0: 0x8000eae4 (0x0000bfe5) c.j     pc - 8
core   0: 3 0x8000eae4 (0xbfe5)
core   0: 0x8000eadc (0x00001f17) auipc   t5, 0x1
core   0: 3 0x8000eadc (0x00001f17) x30 0x8000fadc
core   0: 0x8000eae0 (0x523f2223) sw      gp, 1316(t5)
core   0: 3 0x8000eae0 (0x523f2223) mem 0x80010000 0x00000001
core   0: 0x8000eae4 (0x0000bfe5) c.j     pc - 8
core   0: 3 0x8000eae4 (0xbfe5)
core   0: 0x8000eadc (0x00001f17) auipc   t5, 0x1
core   0: 3 0x8000eadc (0x00001f17) x30 0x8000fadc
core   0: 0x8000eae0 (0x523f2223) sw      gp, 1316(t5)
core   0: 3 0x8000eae0 (0x523f2223) mem 0x80010000 0x00000001
core   0: 0x8000eae4 (0x0000bfe5) c.j     pc - 8
core   0: 3 0x8000eae4 (0xbfe5)
core   0: 0x8000eadc (0x00001f17) auipc   t5, 0x1
core   0: 3 0x8000eadc (0x00001f17) x30 0x8000fadc
core   0: 0x8000eae0 (0x523f2223) sw      gp, 1316(t5)
core   0: 3 0x8000eae0 (0x523f2223) mem 0x80010000 0x00000001
core   0: 0x8000eae4 (0x0000bfe5) c.j     pc - 8
core   0: 3 0x8000eae4 (0xbfe5)
core   0: 0x8000eadc (0x00001f17) auipc   t5, 0x1
core   0: 3 0x8000eadc (0x00001f17) x30 0x8000fadc
core   0: 0x8000eae0 (0x523f2223) sw      gp, 1316(t5)
core   0: 3 0x8000eae0 (0x523f2223) mem 0x80010000 0x00000001
core   0: 0x8000eae4 (0x0000bfe5) c.j     pc - 8
core   0: 3 0x8000eae4 (0xbfe5)
core   0: 0x8000eadc (0x00001f17) auipc   t5, 0x1
core   0: 3 0x8000eadc (0x00001f17) x30 0x8000fadc
core   0: 0x8000eae0 (0x523f2223) sw      gp, 1316(t5)
core   0: 3 0x8000eae0 (0x523f2223) mem 0x80010000 0x00000001
core   0: 0x8000eae4 (0x0000bfe5) c.j     pc - 8
core   0: 3 0x8000eae4 (0xbfe5)
core   0: 0x8000eadc (0x00001f17) auipc   t5, 0x1
core   0: 3 0x8000eadc (0x00001f17) x30 0x8000fadc
core   0: 0x8000eae0 (0x523f2223) sw      gp, 1316(t5)
core   0: 3 0x8000eae0 (0x523f2223) mem 0x80010000 0x00000001
core   0: 0x8000eae4 (0x0000bfe5) c.j     pc - 8
core   0: 3 0x8000eae4 (0xbfe5)
core   0: 0x8000eadc (0x00001f17) auipc   t5, 0x1
core   0: 3 0x8000eadc (0x00001f17) x30 0x8000fadc
core   0: 0x8000eae0 (0x523f2223) sw      gp, 1316(t5)
core   0: 3 0x8000eae0 (0x523f2223) mem 0x80010000 0x00000001
core   0: 0x8000eae4 (0x0000bfe5) c.j     pc - 8
core   0: 3 0x8000eae4 (0xbfe5)
core   0: 0x8000eadc (0x00001f17) auipc   t5, 0x1
core   0: 3 0x8000eadc (0x00001f17) x30 0x8000fadc
core   0: 0x8000eae0 (0x523f2223) sw      gp, 1316(t5)
core   0: 3 0x8000eae0 (0x523f2223) mem 0x80010000 0x00000001
core   0: 0x8000eae4 (0x0000bfe5) c.j     pc - 8
core   0: 3 0x8000eae4 (0xbfe5)
core   0: 0x8000eadc (0x00001f17) auipc   t5, 0x1
core   0: 3 0x8000eadc (0x00001f17) x30 0x8000fadc
core   0: 0x8000eae0 (0x523f2223) sw      gp, 1316(t5)
core   0: 3 0x8000eae0 (0x523f2223) mem 0x80010000 0x00000001
core   0: 0x8000eae4 (0x0000bfe5) c.j     pc - 8
core   0: 3 0x8000eae4 (0xbfe5)
core   0: 0x8000eadc (0x00001f17) auipc   t5, 0x1
core   0: 3 0x8000eadc (0x00001f17) x30 0x8000fadc
core   0: 0x8000eae0 (0x523f2223) sw      gp, 1316(t5)
core   0: 3 0x8000eae0 (0x523f2223) mem 0x80010000 0x00000001
core   0: 0x8000eae4 (0x0000bfe5) c.j     pc - 8
core   0: 3 0x8000eae4 (0xbfe5)
core   0: 0x8000eadc (0x00001f17) auipc   t5, 0x1
core   0: 3 0x8000eadc (0x00001f17) x30 0x8000fadc
core   0: 0x8000eae0 (0x523f2223) sw      gp, 1316(t5)
core   0: 3 0x8000eae0 (0x523f2223) mem 0x80010000 0x00000001
core   0: 0x8000eae4 (0x0000bfe5) c.j     pc - 8
core   0: 3 0x8000eae4 (0xbfe5)
core   0: 0x8000eadc (0x00001f17) auipc   t5, 0x1
core   0: 3 0x8000eadc (0x00001f17) x30 0x8000fadc
core   0: 0x8000eae0 (0x523f2223) sw      gp, 1316(t5)
core   0: 3 0x8000eae0 (0x523f2223) mem 0x80010000 0x00000001
core   0: 0x8000eae4 (0x0000bfe5) c.j     pc - 8
core   0: 3 0x8000eae4 (0xbfe5)
core   0: 0x8000eadc (0x00001f17) auipc   t5, 0x1
core   0: 3 0x8000eadc (0x00001f17) x30 0x8000fadc
core   0: 0x8000eae0 (0x523f2223) sw      gp, 1316(t5)
core   0: 3 0x8000eae0 (0x523f2223) mem 0x80010000 0x00000001
core   0: 0x8000eae4 (0x0000bfe5) c.j     pc - 8
core   0: 3 0x8000eae4 (0xbfe5)
core   0: 0x8000eadc (0x00001f17) auipc   t5, 0x1
core   0: 3 0x8000eadc (0x00001f17) x30 0x8000fadc
core   0: 0x8000eae0 (0x523f2223) sw      gp, 1316(t5)
core   0: 3 0x8000eae0 (0x523f2223) mem 0x80010000 0x00000001
core   0: 0x8000eae4 (0x0000bfe5) c.j     pc - 8
core   0: 3 0x8000eae4 (0xbfe5)
core   0: 0x8000eadc (0x00001f17) auipc   t5, 0x1
core   0: 3 0x8000eadc (0x00001f17) x30 0x8000fadc
core   0: 0x8000eae0 (0x523f2223) sw      gp, 1316(t5)
core   0: 3 0x8000eae0 (0x523f2223) mem 0x80010000 0x00000001
core   0: 0x8000eae4 (0x0000bfe5) c.j     pc - 8
core   0: 3 0x8000eae4 (0xbfe5)
core   0: 0x8000eadc (0x00001f17) auipc   t5, 0x1
core   0: 3 0x8000eadc (0x00001f17) x30 0x8000fadc
core   0: 0x8000eae0 (0x523f2223) sw      gp, 1316(t5)
core   0: 3 0x8000eae0 (0x523f2223) mem 0x80010000 0x00000001
core   0: 0x8000eae4 (0x0000bfe5) c.j     pc - 8
core   0: 3 0x8000eae4 (0xbfe5)
core   0: 0x8000eadc (0x00001f17) auipc   t5, 0x1
core   0: 3 0x8000eadc (0x00001f17) x30 0x8000fadc
core   0: 0x8000eae0 (0x523f2223) sw      gp, 1316(t5)
core   0: 3 0x8000eae0 (0x523f2223) mem 0x80010000 0x00000001
core   0: 0x8000eae4 (0x0000bfe5) c.j     pc - 8
core   0: 3 0x8000eae4 (0xbfe5)
core   0: 0x8000eadc (0x00001f17) auipc   t5, 0x1
core   0: 3 0x8000eadc (0x00001f17) x30 0x8000fadc
core   0: 0x8000eae0 (0x523f2223) sw      gp, 1316(t5)
core   0: 3 0x8000eae0 (0x523f2223) mem 0x80010000 0x00000001
core   0: 0x8000eae4 (0x0000bfe5) c.j     pc - 8
core   0: 3 0x8000eae4 (0xbfe5)
core   0: 0x8000eadc (0x00001f17) auipc   t5, 0x1
core   0: 3 0x8000eadc (0x00001f17) x30 0x8000fadc
core   0: 0x8000eae0 (0x523f2223) sw      gp, 1316(t5)
core   0: 3 0x8000eae0 (0x523f2223) mem 0x80010000 0x00000001
core   0: 0x8000eae4 (0x0000bfe5) c.j     pc - 8
core   0: 3 0x8000eae4 (0xbfe5)
core   0: 0x8000eadc (0x00001f17) auipc   t5, 0x1
core   0: 3 0x8000eadc (0x00001f17) x30 0x8000fadc
core   0: 0x8000eae0 (0x523f2223) sw      gp, 1316(t5)
core   0: 3 0x8000eae0 (0x523f2223) mem 0x80010000 0x00000001
core   0: 0x8000eae4 (0x0000bfe5) c.j     pc - 8
core   0: 3 0x8000eae4 (0xbfe5)
core   0: 0x8000eadc (0x00001f17) auipc   t5, 0x1
core   0: 3 0x8000eadc (0x00001f17) x30 0x8000fadc
core   0: 0x8000eae0 (0x523f2223) sw      gp, 1316(t5)
core   0: 3 0x8000eae0 (0x523f2223) mem 0x80010000 0x00000001
core   0: 0x8000eae4 (0x0000bfe5) c.j     pc - 8
core   0: 3 0x8000eae4 (0xbfe5)
core   0: 0x8000eadc (0x00001f17) auipc   t5, 0x1
core   0: 3 0x8000eadc (0x00001f17) x30 0x8000fadc
core   0: 0x8000eae0 (0x523f2223) sw      gp, 1316(t5)
core   0: 3 0x8000eae0 (0x523f2223) mem 0x80010000 0x00000001
core   0: 0x8000eae4 (0x0000bfe5) c.j     pc - 8
core   0: 3 0x8000eae4 (0xbfe5)
core   0: 0x8000eadc (0x00001f17) auipc   t5, 0x1
core   0: 3 0x8000eadc (0x00001f17) x30 0x8000fadc
core   0: 0x8000eae0 (0x523f2223) sw      gp, 1316(t5)
core   0: 3 0x8000eae0 (0x523f2223) mem 0x80010000 0x00000001
core   0: 0x8000eae4 (0x0000bfe5) c.j     pc - 8
core   0: 3 0x8000eae4 (0xbfe5)
core   0: 0x8000eadc (0x00001f17) auipc   t5, 0x1
core   0: 3 0x8000eadc (0x00001f17) x30 0x8000fadc
core   0: 0x8000eae0 (0x523f2223) sw      gp, 1316(t5)
core   0: 3 0x8000eae0 (0x523f2223) mem 0x80010000 0x00000001
core   0: 0x8000eae4 (0x0000bfe5) c.j     pc - 8
core   0: 3 0x8000eae4 (0xbfe5)
core   0: 0x8000eadc (0x00001f17) auipc   t5, 0x1
core   0: 3 0x8000eadc (0x00001f17) x30 0x8000fadc
core   0: 0x8000eae0 (0x523f2223) sw      gp, 1316(t5)
core   0: 3 0x8000eae0 (0x523f2223) mem 0x80010000 0x00000001
core   0: 0x8000eae4 (0x0000bfe5) c.j     pc - 8
core   0: 3 0x8000eae4 (0xbfe5)
core   0: 0x8000eadc (0x00001f17) auipc   t5, 0x1
core   0: 3 0x8000eadc (0x00001f17) x30 0x8000fadc
core   0: 0x8000eae0 (0x523f2223) sw      gp, 1316(t5)
core   0: 3 0x8000eae0 (0x523f2223) mem 0x80010000 0x00000001
core   0: 0x8000eae4 (0x0000bfe5) c.j     pc - 8
core   0: 3 0x8000eae4 (0xbfe5)
core   0: 0x8000eadc (0x00001f17) auipc   t5, 0x1
core   0: 3 0x8000eadc (0x00001f17) x30 0x8000fadc
core   0: 0x8000eae0 (0x523f2223) sw      gp, 1316(t5)
core   0: 3 0x8000eae0 (0x523f2223) mem 0x80010000 0x00000001
core   0: 0x8000eae4 (0x0000bfe5) c.j     pc - 8
core   0: 3 0x8000eae4 (0xbfe5)
core   0: 0x8000eadc (0x00001f17) auipc   t5, 0x1
core   0: 3 0x8000eadc (0x00001f17) x30 0x8000fadc
core   0: 0x8000eae0 (0x523f2223) sw      gp, 1316(t5)
core   0: 3 0x8000eae0 (0x523f2223) mem 0x80010000 0x00000001
core   0: 0x8000eae4 (0x0000bfe5) c.j     pc - 8
core   0: 3 0x8000eae4 (0xbfe5)
core   0: 0x8000eadc (0x00001f17) auipc   t5, 0x1
core   0: 3 0x8000eadc (0x00001f17) x30 0x8000fadc
core   0: 0x8000eae0 (0x523f2223) sw      gp, 1316(t5)
core   0: 3 0x8000eae0 (0x523f2223) mem 0x80010000 0x00000001
core   0: 0x8000eae4 (0x0000bfe5) c.j     pc - 8
core   0: 3 0x8000eae4 (0xbfe5)
core   0: 0x8000eadc (0x00001f17) auipc   t5, 0x1
core   0: 3 0x8000eadc (0x00001f17) x30 0x8000fadc
core   0: 0x8000eae0 (0x523f2223) sw      gp, 1316(t5)
core   0: 3 0x8000eae0 (0x523f2223) mem 0x80010000 0x00000001
core   0: 0x8000eae4 (0x0000bfe5) c.j     pc - 8
core   0: 3 0x8000eae4 (0xbfe5)
core   0: 0x8000eadc (0x00001f17) auipc   t5, 0x1
core   0: 3 0x8000eadc (0x00001f17) x30 0x8000fadc
core   0: 0x8000eae0 (0x523f2223) sw      gp, 1316(t5)
core   0: 3 0x8000eae0 (0x523f2223) mem 0x80010000 0x00000001
core   0: 0x8000eae4 (0x0000bfe5) c.j     pc - 8
core   0: 3 0x8000eae4 (0xbfe5)
core   0: 0x8000eadc (0x00001f17) auipc   t5, 0x1
core   0: 3 0x8000eadc (0x00001f17) x30 0x8000fadc
core   0: 0x8000eae0 (0x523f2223) sw      gp, 1316(t5)
core   0: 3 0x8000eae0 (0x523f2223) mem 0x80010000 0x00000001
core   0: 0x8000eae4 (0x0000bfe5) c.j     pc - 8
core   0: 3 0x8000eae4 (0xbfe5)
core   0: 0x8000eadc (0x00001f17) auipc   t5, 0x1
core   0: 3 0x8000eadc (0x00001f17) x30 0x8000fadc
core   0: 0x8000eae0 (0x523f2223) sw      gp, 1316(t5)
core   0: 3 0x8000eae0 (0x523f2223) mem 0x80010000 0x00000001
core   0: 0x8000eae4 (0x0000bfe5) c.j     pc - 8
core   0: 3 0x8000eae4 (0xbfe5)
core   0: 0x8000eadc (0x00001f17) auipc   t5, 0x1
core   0: 3 0x8000eadc (0x00001f17) x30 0x8000fadc
core   0: 0x8000eae0 (0x523f2223) sw      gp, 1316(t5)
core   0: 3 0x8000eae0 (0x523f2223) mem 0x80010000 0x00000001
core   0: 0x8000eae4 (0x0000bfe5) c.j     pc - 8
core   0: 3 0x8000eae4 (0xbfe5)
core   0: 0x8000eadc (0x00001f17) auipc   t5, 0x1
core   0: 3 0x8000eadc (0x00001f17) x30 0x8000fadc
core   0: 0x8000eae0 (0x523f2223) sw      gp, 1316(t5)
core   0: 3 0x8000eae0 (0x523f2223) mem 0x80010000 0x00000001
core   0: 0x8000eae4 (0x0000bfe5) c.j     pc - 8
core   0: 3 0x8000eae4 (0xbfe5)
core   0: 0x8000eadc (0x00001f17) auipc   t5, 0x1
core   0: 3 0x8000eadc (0x00001f17) x30 0x8000fadc
core   0: 0x8000eae0 (0x523f2223) sw      gp, 1316(t5)
core   0: 3 0x8000eae0 (0x523f2223) mem 0x80010000 0x00000001
core   0: 0x8000eae4 (0x0000bfe5) c.j     pc - 8
core   0: 3 0x8000eae4 (0xbfe5)
core   0: 0x8000eadc (0x00001f17) auipc   t5, 0x1
core   0: 3 0x8000eadc (0x00001f17) x30 0x8000fadc
core   0: 0x8000eae0 (0x523f2223) sw      gp, 1316(t5)
core   0: 3 0x8000eae0 (0x523f2223) mem 0x80010000 0x00000001
core   0: 0x8000eae4 (0x0000bfe5) c.j     pc - 8
core   0: 3 0x8000eae4 (0xbfe5)
core   0: 0x8000eadc (0x00001f17) auipc   t5, 0x1
core   0: 3 0x8000eadc (0x00001f17) x30 0x8000fadc
core   0: 0x8000eae0 (0x523f2223) sw      gp, 1316(t5)
core   0: 3 0x8000eae0 (0x523f2223) mem 0x80010000 0x00000001
core   0: 0x8000eae4 (0x0000bfe5) c.j     pc - 8
core   0: 3 0x8000eae4 (0xbfe5)
core   0: 0x8000eadc (0x00001f17) auipc   t5, 0x1
core   0: 3 0x8000eadc (0x00001f17) x30 0x8000fadc
core   0: 0x8000eae0 (0x523f2223) sw      gp, 1316(t5)
core   0: 3 0x8000eae0 (0x523f2223) mem 0x80010000 0x00000001
core   0: 0x8000eae4 (0x0000bfe5) c.j     pc - 8
core   0: 3 0x8000eae4 (0xbfe5)
core   0: 0x8000eadc (0x00001f17) auipc   t5, 0x1
core   0: 3 0x8000eadc (0x00001f17) x30 0x8000fadc
core   0: 0x8000eae0 (0x523f2223) sw      gp, 1316(t5)
core   0: 3 0x8000eae0 (0x523f2223) mem 0x80010000 0x00000001
core   0: 0x8000eae4 (0x0000bfe5) c.j     pc - 8
core   0: 3 0x8000eae4 (0xbfe5)
core   0: 0x8000eadc (0x00001f17) auipc   t5, 0x1
core   0: 3 0x8000eadc (0x00001f17) x30 0x8000fadc
core   0: 0x8000eae0 (0x523f2223) sw      gp, 1316(t5)
core   0: 3 0x8000eae0 (0x523f2223) mem 0x80010000 0x00000001
core   0: 0x8000eae4 (0x0000bfe5) c.j     pc - 8
core   0: 3 0x8000eae4 (0xbfe5)
core   0: 0x8000eadc (0x00001f17) auipc   t5, 0x1
core   0: 3 0x8000eadc (0x00001f17) x30 0x8000fadc
core   0: 0x8000eae0 (0x523f2223) sw      gp, 1316(t5)
core   0: 3 0x8000eae0 (0x523f2223) mem 0x80010000 0x00000001
core   0: 0x8000eae4 (0x0000bfe5) c.j     pc - 8
core   0: 3 0x8000eae4 (0xbfe5)
core   0: 0x8000eadc (0x00001f17) auipc   t5, 0x1
core   0: 3 0x8000eadc (0x00001f17) x30 0x8000fadc
core   0: 0x8000eae0 (0x523f2223) sw      gp, 1316(t5)
core   0: 3 0x8000eae0 (0x523f2223) mem 0x80010000 0x00000001
core   0: 0x8000eae4 (0x0000bfe5) c.j     pc - 8
core   0: 3 0x8000eae4 (0xbfe5)
core   0: 0x8000eadc (0x00001f17) auipc   t5, 0x1
core   0: 3 0x8000eadc (0x00001f17) x30 0x8000fadc
core   0: 0x8000eae0 (0x523f2223) sw      gp, 1316(t5)
core   0: 3 0x8000eae0 (0x523f2223) mem 0x80010000 0x00000001
core   0: 0x8000eae4 (0x0000bfe5) c.j     pc - 8
core   0: 3 0x8000eae4 (0xbfe5)
core   0: 0x8000eadc (0x00001f17) auipc   t5, 0x1
core   0: 3 0x8000eadc (0x00001f17) x30 0x8000fadc
core   0: 0x8000eae0 (0x523f2223) sw      gp, 1316(t5)
core   0: 3 0x8000eae0 (0x523f2223) mem 0x80010000 0x00000001
core   0: 0x8000eae4 (0x0000bfe5) c.j     pc - 8
core   0: 3 0x8000eae4 (0xbfe5)
core   0: 0x8000eadc (0x00001f17) auipc   t5, 0x1
core   0: 3 0x8000eadc (0x00001f17) x30 0x8000fadc
core   0: 0x8000eae0 (0x523f2223) sw      gp, 1316(t5)
core   0: 3 0x8000eae0 (0x523f2223) mem 0x80010000 0x00000001
core   0: 0x8000eae4 (0x0000bfe5) c.j     pc - 8
core   0: 3 0x8000eae4 (0xbfe5)
core   0: 0x8000eadc (0x00001f17) auipc   t5, 0x1
core   0: 3 0x8000eadc (0x00001f17) x30 0x8000fadc
core   0: 0x8000eae0 (0x523f2223) sw      gp, 1316(t5)
core   0: 3 0x8000eae0 (0x523f2223) mem 0x80010000 0x00000001
core   0: 0x8000eae4 (0x0000bfe5) c.j     pc - 8
core   0: 3 0x8000eae4 (0xbfe5)
core   0: 0x8000eadc (0x00001f17) auipc   t5, 0x1
core   0: 3 0x8000eadc (0x00001f17) x30 0x8000fadc
core   0: 0x8000eae0 (0x523f2223) sw      gp, 1316(t5)
core   0: 3 0x8000eae0 (0x523f2223) mem 0x80010000 0x00000001
core   0: 0x8000eae4 (0x0000bfe5) c.j     pc - 8
core   0: 3 0x8000eae4 (0xbfe5)
core   0: 0x8000eadc (0x00001f17) auipc   t5, 0x1
core   0: 3 0x8000eadc (0x00001f17) x30 0x8000fadc
core   0: 0x8000eae0 (0x523f2223) sw      gp, 1316(t5)
core   0: 3 0x8000eae0 (0x523f2223) mem 0x80010000 0x00000001
core   0: 0x8000eae4 (0x0000bfe5) c.j     pc - 8
core   0: 3 0x8000eae4 (0xbfe5)
core   0: 0x8000eadc (0x00001f17) auipc   t5, 0x1
core   0: 3 0x8000eadc (0x00001f17) x30 0x8000fadc
core   0: 0x8000eae0 (0x523f2223) sw      gp, 1316(t5)
core   0: 3 0x8000eae0 (0x523f2223) mem 0x80010000 0x00000001
core   0: 0x8000eae4 (0x0000bfe5) c.j     pc - 8
core   0: 3 0x8000eae4 (0xbfe5)
core   0: 0x8000eadc (0x00001f17) auipc   t5, 0x1
core   0: 3 0x8000eadc (0x00001f17) x30 0x8000fadc
core   0: 0x8000eae0 (0x523f2223) sw      gp, 1316(t5)
core   0: 3 0x8000eae0 (0x523f2223) mem 0x80010000 0x00000001
core   0: 0x8000eae4 (0x0000bfe5) c.j     pc - 8
core   0: 3 0x8000eae4 (0xbfe5)
core   0: 0x8000eadc (0x00001f17) auipc   t5, 0x1
core   0: 3 0x8000eadc (0x00001f17) x30 0x8000fadc
core   0: 0x8000eae0 (0x523f2223) sw      gp, 1316(t5)
core   0: 3 0x8000eae0 (0x523f2223) mem 0x80010000 0x00000001
core   0: 0x8000eae4 (0x0000bfe5) c.j     pc - 8
core   0: 3 0x8000eae4 (0xbfe5)
core   0: 0x8000eadc (0x00001f17) auipc   t5, 0x1
core   0: 3 0x8000eadc (0x00001f17) x30 0x8000fadc
core   0: 0x8000eae0 (0x523f2223) sw      gp, 1316(t5)
core   0: 3 0x8000eae0 (0x523f2223) mem 0x80010000 0x00000001
core   0: 0x8000eae4 (0x0000bfe5) c.j     pc - 8
core   0: 3 0x8000eae4 (0xbfe5)
core   0: 0x8000eadc (0x00001f17) auipc   t5, 0x1
core   0: 3 0x8000eadc (0x00001f17) x30 0x8000fadc
core   0: 0x8000eae0 (0x523f2223) sw      gp, 1316(t5)
core   0: 3 0x8000eae0 (0x523f2223) mem 0x80010000 0x00000001
core   0: 0x8000eae4 (0x0000bfe5) c.j     pc - 8
core   0: 3 0x8000eae4 (0xbfe5)
core   0: 0x8000eadc (0x00001f17) auipc   t5, 0x1
core   0: 3 0x8000eadc (0x00001f17) x30 0x8000fadc
core   0: 0x8000eae0 (0x523f2223) sw      gp, 1316(t5)
core   0: 3 0x8000eae0 (0x523f2223) mem 0x80010000 0x00000001
core   0: 0x8000eae4 (0x0000bfe5) c.j     pc - 8
core   0: 3 0x8000eae4 (0xbfe5)
core   0: 0x8000eadc (0x00001f17) auipc   t5, 0x1
core   0: 3 0x8000eadc (0x00001f17) x30 0x8000fadc
core   0: 0x8000eae0 (0x523f2223) sw      gp, 1316(t5)
core   0: 3 0x8000eae0 (0x523f2223) mem 0x80010000 0x00000001
core   0: 0x8000eae4 (0x0000bfe5) c.j     pc - 8
core   0: 3 0x8000eae4 (0xbfe5)
core   0: 0x8000eadc (0x00001f17) auipc   t5, 0x1
core   0: 3 0x8000eadc (0x00001f17) x30 0x8000fadc
core   0: 0x8000eae0 (0x523f2223) sw      gp, 1316(t5)
core   0: 3 0x8000eae0 (0x523f2223) mem 0x80010000 0x00000001
core   0: 0x8000eae4 (0x0000bfe5) c.j     pc - 8
core   0: 3 0x8000eae4 (0xbfe5)
core   0: 0x8000eadc (0x00001f17) auipc   t5, 0x1
core   0: 3 0x8000eadc (0x00001f17) x30 0x8000fadc
core   0: 0x8000eae0 (0x523f2223) sw      gp, 1316(t5)
core   0: 3 0x8000eae0 (0x523f2223) mem 0x80010000 0x00000001
core   0: 0x8000eae4 (0x0000bfe5) c.j     pc - 8
core   0: 3 0x8000eae4 (0xbfe5)
core   0: 0x8000eadc (0x00001f17) auipc   t5, 0x1
core   0: 3 0x8000eadc (0x00001f17) x30 0x8000fadc
core   0: 0x8000eae0 (0x523f2223) sw      gp, 1316(t5)
core   0: 3 0x8000eae0 (0x523f2223) mem 0x80010000 0x00000001
core   0: 0x8000eae4 (0x0000bfe5) c.j     pc - 8
core   0: 3 0x8000eae4 (0xbfe5)
core   0: 0x8000eadc (0x00001f17) auipc   t5, 0x1
core   0: 3 0x8000eadc (0x00001f17) x30 0x8000fadc
core   0: 0x8000eae0 (0x523f2223) sw      gp, 1316(t5)
core   0: 3 0x8000eae0 (0x523f2223) mem 0x80010000 0x00000001
core   0: 0x8000eae4 (0x0000bfe5) c.j     pc - 8
core   0: 3 0x8000eae4 (0xbfe5)
core   0: 0x8000eadc (0x00001f17) auipc   t5, 0x1
core   0: 3 0x8000eadc (0x00001f17) x30 0x8000fadc
core   0: 0x8000eae0 (0x523f2223) sw      gp, 1316(t5)
core   0: 3 0x8000eae0 (0x523f2223) mem 0x80010000 0x00000001
core   0: 0x8000eae4 (0x0000bfe5) c.j     pc - 8
core   0: 3 0x8000eae4 (0xbfe5)
core   0: 0x8000eadc (0x00001f17) auipc   t5, 0x1
core   0: 3 0x8000eadc (0x00001f17) x30 0x8000fadc
core   0: 0x8000eae0 (0x523f2223) sw      gp, 1316(t5)
core   0: 3 0x8000eae0 (0x523f2223) mem 0x80010000 0x00000001
core   0: 0x8000eae4 (0x0000bfe5) c.j     pc - 8
core   0: 3 0x8000eae4 (0xbfe5)
core   0: 0x8000eadc (0x00001f17) auipc   t5, 0x1
core   0: 3 0x8000eadc (0x00001f17) x30 0x8000fadc
core   0: 0x8000eae0 (0x523f2223) sw      gp, 1316(t5)
core   0: 3 0x8000eae0 (0x523f2223) mem 0x80010000 0x00000001
core   0: 0x8000eae4 (0x0000bfe5) c.j     pc - 8
core   0: 3 0x8000eae4 (0xbfe5)
core   0: 0x8000eadc (0x00001f17) auipc   t5, 0x1
core   0: 3 0x8000eadc (0x00001f17) x30 0x8000fadc
core   0: 0x8000eae0 (0x523f2223) sw      gp, 1316(t5)
core   0: 3 0x8000eae0 (0x523f2223) mem 0x80010000 0x00000001
core   0: 0x8000eae4 (0x0000bfe5) c.j     pc - 8
core   0: 3 0x8000eae4 (0xbfe5)
core   0: 0x8000eadc (0x00001f17) auipc   t5, 0x1
core   0: 3 0x8000eadc (0x00001f17) x30 0x8000fadc
core   0: 0x8000eae0 (0x523f2223) sw      gp, 1316(t5)
core   0: 3 0x8000eae0 (0x523f2223) mem 0x80010000 0x00000001
core   0: 0x8000eae4 (0x0000bfe5) c.j     pc - 8
core   0: 3 0x8000eae4 (0xbfe5)
core   0: 0x8000eadc (0x00001f17) auipc   t5, 0x1
core   0: 3 0x8000eadc (0x00001f17) x30 0x8000fadc
core   0: 0x8000eae0 (0x523f2223) sw      gp, 1316(t5)
core   0: 3 0x8000eae0 (0x523f2223) mem 0x80010000 0x00000001
core   0: 0x8000eae4 (0x0000bfe5) c.j     pc - 8
core   0: 3 0x8000eae4 (0xbfe5)
core   0: 0x8000eadc (0x00001f17) auipc   t5, 0x1
core   0: 3 0x8000eadc (0x00001f17) x30 0x8000fadc
core   0: 0x8000eae0 (0x523f2223) sw      gp, 1316(t5)
core   0: 3 0x8000eae0 (0x523f2223) mem 0x80010000 0x00000001
core   0: 0x8000eae4 (0x0000bfe5) c.j     pc - 8
core   0: 3 0x8000eae4 (0xbfe5)
core   0: 0x8000eadc (0x00001f17) auipc   t5, 0x1
core   0: 3 0x8000eadc (0x00001f17) x30 0x8000fadc
core   0: 0x8000eae0 (0x523f2223) sw      gp, 1316(t5)
core   0: 3 0x8000eae0 (0x523f2223) mem 0x80010000 0x00000001
core   0: 0x8000eae4 (0x0000bfe5) c.j     pc - 8
core   0: 3 0x8000eae4 (0xbfe5)
core   0: 0x8000eadc (0x00001f17) auipc   t5, 0x1
core   0: 3 0x8000eadc (0x00001f17) x30 0x8000fadc
core   0: 0x8000eae0 (0x523f2223) sw      gp, 1316(t5)
core   0: 3 0x8000eae0 (0x523f2223) mem 0x80010000 0x00000001
core   0: 0x8000eae4 (0x0000bfe5) c.j     pc - 8
core   0: 3 0x8000eae4 (0xbfe5)
core   0: 0x8000eadc (0x00001f17) auipc   t5, 0x1
core   0: 3 0x8000eadc (0x00001f17) x30 0x8000fadc
core   0: 0x8000eae0 (0x523f2223) sw      gp, 1316(t5)
core   0: 3 0x8000eae0 (0x523f2223) mem 0x80010000 0x00000001
core   0: 0x8000eae4 (0x0000bfe5) c.j     pc - 8
core   0: 3 0x8000eae4 (0xbfe5)
core   0: 0x8000eadc (0x00001f17) auipc   t5, 0x1
core   0: 3 0x8000eadc (0x00001f17) x30 0x8000fadc
core   0: 0x8000eae0 (0x523f2223) sw      gp, 1316(t5)
core   0: 3 0x8000eae0 (0x523f2223) mem 0x80010000 0x00000001
core   0: 0x8000eae4 (0x0000bfe5) c.j     pc - 8
core   0: 3 0x8000eae4 (0xbfe5)
core   0: 0x8000eadc (0x00001f17) auipc   t5, 0x1
core   0: 3 0x8000eadc (0x00001f17) x30 0x8000fadc
core   0: 0x8000eae0 (0x523f2223) sw      gp, 1316(t5)
core   0: 3 0x8000eae0 (0x523f2223) mem 0x80010000 0x00000001
core   0: 0x8000eae4 (0x0000bfe5) c.j     pc - 8
core   0: 3 0x8000eae4 (0xbfe5)
core   0: 0x8000eadc (0x00001f17) auipc   t5, 0x1
core   0: 3 0x8000eadc (0x00001f17) x30 0x8000fadc
core   0: 0x8000eae0 (0x523f2223) sw      gp, 1316(t5)
core   0: 3 0x8000eae0 (0x523f2223) mem 0x80010000 0x00000001
core   0: 0x8000eae4 (0x0000bfe5) c.j     pc - 8
core   0: 3 0x8000eae4 (0xbfe5)
core   0: 0x8000eadc (0x00001f17) auipc   t5, 0x1
core   0: 3 0x8000eadc (0x00001f17) x30 0x8000fadc
core   0: 0x8000eae0 (0x523f2223) sw      gp, 1316(t5)
core   0: 3 0x8000eae0 (0x523f2223) mem 0x80010000 0x00000001
core   0: 0x8000eae4 (0x0000bfe5) c.j     pc - 8
core   0: 3 0x8000eae4 (0xbfe5)
core   0: 0x8000eadc (0x00001f17) auipc   t5, 0x1
core   0: 3 0x8000eadc (0x00001f17) x30 0x8000fadc
core   0: 0x8000eae0 (0x523f2223) sw      gp, 1316(t5)
core   0: 3 0x8000eae0 (0x523f2223) mem 0x80010000 0x00000001
core   0: 0x8000eae4 (0x0000bfe5) c.j     pc - 8
core   0: 3 0x8000eae4 (0xbfe5)
core   0: 0x8000eadc (0x00001f17) auipc   t5, 0x1
core   0: 3 0x8000eadc (0x00001f17) x30 0x8000fadc
core   0: 0x8000eae0 (0x523f2223) sw      gp, 1316(t5)
core   0: 3 0x8000eae0 (0x523f2223) mem 0x80010000 0x00000001
core   0: 0x8000eae4 (0x0000bfe5) c.j     pc - 8
core   0: 3 0x8000eae4 (0xbfe5)
core   0: 0x8000eadc (0x00001f17) auipc   t5, 0x1
core   0: 3 0x8000eadc (0x00001f17) x30 0x8000fadc
core   0: 0x8000eae0 (0x523f2223) sw      gp, 1316(t5)
core   0: 3 0x8000eae0 (0x523f2223) mem 0x80010000 0x00000001
core   0: 0x8000eae4 (0x0000bfe5) c.j     pc - 8
core   0: 3 0x8000eae4 (0xbfe5)
core   0: 0x8000eadc (0x00001f17) auipc   t5, 0x1
core   0: 3 0x8000eadc (0x00001f17) x30 0x8000fadc
core   0: 0x8000eae0 (0x523f2223) sw      gp, 1316(t5)
core   0: 3 0x8000eae0 (0x523f2223) mem 0x80010000 0x00000001
core   0: 0x8000eae4 (0x0000bfe5) c.j     pc - 8
core   0: 3 0x8000eae4 (0xbfe5)
core   0: 0x8000eadc (0x00001f17) auipc   t5, 0x1
core   0: 3 0x8000eadc (0x00001f17) x30 0x8000fadc
core   0: 0x8000eae0 (0x523f2223) sw      gp, 1316(t5)
core   0: 3 0x8000eae0 (0x523f2223) mem 0x80010000 0x00000001
core   0: 0x8000eae4 (0x0000bfe5) c.j     pc - 8
core   0: 3 0x8000eae4 (0xbfe5)
core   0: 0x8000eadc (0x00001f17) auipc   t5, 0x1
core   0: 3 0x8000eadc (0x00001f17) x30 0x8000fadc
core   0: 0x8000eae0 (0x523f2223) sw      gp, 1316(t5)
core   0: 3 0x8000eae0 (0x523f2223) mem 0x80010000 0x00000001
core   0: 0x8000eae4 (0x0000bfe5) c.j     pc - 8
core   0: 3 0x8000eae4 (0xbfe5)
core   0: 0x8000eadc (0x00001f17) auipc   t5, 0x1
core   0: 3 0x8000eadc (0x00001f17) x30 0x8000fadc
core   0: 0x8000eae0 (0x523f2223) sw      gp, 1316(t5)
core   0: 3 0x8000eae0 (0x523f2223) mem 0x80010000 0x00000001
core   0: 0x8000eae4 (0x0000bfe5) c.j     pc - 8
core   0: 3 0x8000eae4 (0xbfe5)
core   0: 0x8000eadc (0x00001f17) auipc   t5, 0x1
core   0: 3 0x8000eadc (0x00001f17) x30 0x8000fadc
core   0: 0x8000eae0 (0x523f2223) sw      gp, 1316(t5)
core   0: 3 0x8000eae0 (0x523f2223) mem 0x80010000 0x00000001
core   0: 0x8000eae4 (0x0000bfe5) c.j     pc - 8
core   0: 3 0x8000eae4 (0xbfe5)
core   0: 0x8000eadc (0x00001f17) auipc   t5, 0x1
core   0: 3 0x8000eadc (0x00001f17) x30 0x8000fadc
core   0: 0x8000eae0 (0x523f2223) sw      gp, 1316(t5)
core   0: 3 0x8000eae0 (0x523f2223) mem 0x80010000 0x00000001
core   0: 0x8000eae4 (0x0000bfe5) c.j     pc - 8
core   0: 3 0x8000eae4 (0xbfe5)
core   0: 0x8000eadc (0x00001f17) auipc   t5, 0x1
core   0: 3 0x8000eadc (0x00001f17) x30 0x8000fadc
core   0: 0x8000eae0 (0x523f2223) sw      gp, 1316(t5)
core   0: 3 0x8000eae0 (0x523f2223) mem 0x80010000 0x00000001
core   0: 0x8000eae4 (0x0000bfe5) c.j     pc - 8
core   0: 3 0x8000eae4 (0xbfe5)
core   0: 0x8000eadc (0x00001f17) auipc   t5, 0x1
core   0: 3 0x8000eadc (0x00001f17) x30 0x8000fadc
core   0: 0x8000eae0 (0x523f2223) sw      gp, 1316(t5)
core   0: 3 0x8000eae0 (0x523f2223) mem 0x80010000 0x00000001
core   0: 0x8000eae4 (0x0000bfe5) c.j     pc - 8
core   0: 3 0x8000eae4 (0xbfe5)
core   0: 0x8000eadc (0x00001f17) auipc   t5, 0x1
core   0: 3 0x8000eadc (0x00001f17) x30 0x8000fadc
core   0: 0x8000eae0 (0x523f2223) sw      gp, 1316(t5)
core   0: 3 0x8000eae0 (0x523f2223) mem 0x80010000 0x00000001
core   0: 0x8000eae4 (0x0000bfe5) c.j     pc - 8
core   0: 3 0x8000eae4 (0xbfe5)
core   0: 0x8000eadc (0x00001f17) auipc   t5, 0x1
core   0: 3 0x8000eadc (0x00001f17) x30 0x8000fadc
core   0: 0x8000eae0 (0x523f2223) sw      gp, 1316(t5)
core   0: 3 0x8000eae0 (0x523f2223) mem 0x80010000 0x00000001
core   0: 0x8000eae4 (0x0000bfe5) c.j     pc - 8
core   0: 3 0x8000eae4 (0xbfe5)
core   0: 0x8000eadc (0x00001f17) auipc   t5, 0x1
core   0: 3 0x8000eadc (0x00001f17) x30 0x8000fadc
core   0: 0x8000eae0 (0x523f2223) sw      gp, 1316(t5)
core   0: 3 0x8000eae0 (0x523f2223) mem 0x80010000 0x00000001
core   0: 0x8000eae4 (0x0000bfe5) c.j     pc - 8
core   0: 3 0x8000eae4 (0xbfe5)
core   0: 0x8000eadc (0x00001f17) auipc   t5, 0x1
core   0: 3 0x8000eadc (0x00001f17) x30 0x8000fadc
core   0: 0x8000eae0 (0x523f2223) sw      gp, 1316(t5)
core   0: 3 0x8000eae0 (0x523f2223) mem 0x80010000 0x00000001
core   0: 0x8000eae4 (0x0000bfe5) c.j     pc - 8
core   0: 3 0x8000eae4 (0xbfe5)
core   0: 0x8000eadc (0x00001f17) auipc   t5, 0x1
core   0: 3 0x8000eadc (0x00001f17) x30 0x8000fadc
core   0: 0x8000eae0 (0x523f2223) sw      gp, 1316(t5)
core   0: 3 0x8000eae0 (0x523f2223) mem 0x80010000 0x00000001
core   0: 0x8000eae4 (0x0000bfe5) c.j     pc - 8
core   0: 3 0x8000eae4 (0xbfe5)
core   0: 0x8000eadc (0x00001f17) auipc   t5, 0x1
core   0: 3 0x8000eadc (0x00001f17) x30 0x8000fadc
core   0: 0x8000eae0 (0x523f2223) sw      gp, 1316(t5)
core   0: 3 0x8000eae0 (0x523f2223) mem 0x80010000 0x00000001
core   0: 0x8000eae4 (0x0000bfe5) c.j     pc - 8
core   0: 3 0x8000eae4 (0xbfe5)
core   0: 0x8000eadc (0x00001f17) auipc   t5, 0x1
core   0: 3 0x8000eadc (0x00001f17) x30 0x8000fadc
core   0: 0x8000eae0 (0x523f2223) sw      gp, 1316(t5)
core   0: 3 0x8000eae0 (0x523f2223) mem 0x80010000 0x00000001
core   0: 0x8000eae4 (0x0000bfe5) c.j     pc - 8
core   0: 3 0x8000eae4 (0xbfe5)
core   0: 0x8000eadc (0x00001f17) auipc   t5, 0x1
core   0: 3 0x8000eadc (0x00001f17) x30 0x8000fadc
core   0: 0x8000eae0 (0x523f2223) sw      gp, 1316(t5)
core   0: 3 0x8000eae0 (0x523f2223) mem 0x80010000 0x00000001
core   0: 0x8000eae4 (0x0000bfe5) c.j     pc - 8
core   0: 3 0x8000eae4 (0xbfe5)
core   0: 0x8000eadc (0x00001f17) auipc   t5, 0x1
core   0: 3 0x8000eadc (0x00001f17) x30 0x8000fadc
core   0: 0x8000eae0 (0x523f2223) sw      gp, 1316(t5)
core   0: 3 0x8000eae0 (0x523f2223) mem 0x80010000 0x00000001
core   0: 0x8000eae4 (0x0000bfe5) c.j     pc - 8
core   0: 3 0x8000eae4 (0xbfe5)
core   0: 0x8000eadc (0x00001f17) auipc   t5, 0x1
core   0: 3 0x8000eadc (0x00001f17) x30 0x8000fadc
core   0: 0x8000eae0 (0x523f2223) sw      gp, 1316(t5)
core   0: 3 0x8000eae0 (0x523f2223) mem 0x80010000 0x00000001
core   0: 0x8000eae4 (0x0000bfe5) c.j     pc - 8
core   0: 3 0x8000eae4 (0xbfe5)
core   0: 0x8000eadc (0x00001f17) auipc   t5, 0x1
core   0: 3 0x8000eadc (0x00001f17) x30 0x8000fadc
core   0: 0x8000eae0 (0x523f2223) sw      gp, 1316(t5)
core   0: 3 0x8000eae0 (0x523f2223) mem 0x80010000 0x00000001
core   0: 0x8000eae4 (0x0000bfe5) c.j     pc - 8
core   0: 3 0x8000eae4 (0xbfe5)
core   0: 0x8000eadc (0x00001f17) auipc   t5, 0x1
core   0: 3 0x8000eadc (0x00001f17) x30 0x8000fadc
core   0: 0x8000eae0 (0x523f2223) sw      gp, 1316(t5)
core   0: 3 0x8000eae0 (0x523f2223) mem 0x80010000 0x00000001
core   0: 0x8000eae4 (0x0000bfe5) c.j     pc - 8
core   0: 3 0x8000eae4 (0xbfe5)
core   0: 0x8000eadc (0x00001f17) auipc   t5, 0x1
core   0: 3 0x8000eadc (0x00001f17) x30 0x8000fadc
core   0: 0x8000eae0 (0x523f2223) sw      gp, 1316(t5)
core   0: 3 0x8000eae0 (0x523f2223) mem 0x80010000 0x00000001
core   0: 0x8000eae4 (0x0000bfe5) c.j     pc - 8
core   0: 3 0x8000eae4 (0xbfe5)
core   0: 0x8000eadc (0x00001f17) auipc   t5, 0x1
core   0: 3 0x8000eadc (0x00001f17) x30 0x8000fadc
core   0: 0x8000eae0 (0x523f2223) sw      gp, 1316(t5)
core   0: 3 0x8000eae0 (0x523f2223) mem 0x80010000 0x00000001
core   0: 0x8000eae4 (0x0000bfe5) c.j     pc - 8
core   0: 3 0x8000eae4 (0xbfe5)
core   0: 0x8000eadc (0x00001f17) auipc   t5, 0x1
core   0: 3 0x8000eadc (0x00001f17) x30 0x8000fadc
core   0: 0x8000eae0 (0x523f2223) sw      gp, 1316(t5)
core   0: 3 0x8000eae0 (0x523f2223) mem 0x80010000 0x00000001
core   0: 0x8000eae4 (0x0000bfe5) c.j     pc - 8
core   0: 3 0x8000eae4 (0xbfe5)
core   0: 0x8000eadc (0x00001f17) auipc   t5, 0x1
core   0: 3 0x8000eadc (0x00001f17) x30 0x8000fadc
core   0: 0x8000eae0 (0x523f2223) sw      gp, 1316(t5)
core   0: 3 0x8000eae0 (0x523f2223) mem 0x80010000 0x00000001
core   0: 0x8000eae4 (0x0000bfe5) c.j     pc - 8
core   0: 3 0x8000eae4 (0xbfe5)
core   0: 0x8000eadc (0x00001f17) auipc   t5, 0x1
core   0: 3 0x8000eadc (0x00001f17) x30 0x8000fadc
core   0: 0x8000eae0 (0x523f2223) sw      gp, 1316(t5)
core   0: 3 0x8000eae0 (0x523f2223) mem 0x80010000 0x00000001
core   0: 0x8000eae4 (0x0000bfe5) c.j     pc - 8
core   0: 3 0x8000eae4 (0xbfe5)
core   0: 0x8000eadc (0x00001f17) auipc   t5, 0x1
core   0: 3 0x8000eadc (0x00001f17) x30 0x8000fadc
core   0: 0x8000eae0 (0x523f2223) sw      gp, 1316(t5)
core   0: 3 0x8000eae0 (0x523f2223) mem 0x80010000 0x00000001
core   0: 0x8000eae4 (0x0000bfe5) c.j     pc - 8
core   0: 3 0x8000eae4 (0xbfe5)
core   0: 0x8000eadc (0x00001f17) auipc   t5, 0x1
core   0: 3 0x8000eadc (0x00001f17) x30 0x8000fadc
core   0: 0x8000eae0 (0x523f2223) sw      gp, 1316(t5)
core   0: 3 0x8000eae0 (0x523f2223) mem 0x80010000 0x00000001
core   0: 0x8000eae4 (0x0000bfe5) c.j     pc - 8
core   0: 3 0x8000eae4 (0xbfe5)
core   0: 0x8000eadc (0x00001f17) auipc   t5, 0x1
core   0: 3 0x8000eadc (0x00001f17) x30 0x8000fadc
core   0: 0x8000eae0 (0x523f2223) sw      gp, 1316(t5)
core   0: 3 0x8000eae0 (0x523f2223) mem 0x80010000 0x00000001
core   0: 0x8000eae4 (0x0000bfe5) c.j     pc - 8
core   0: 3 0x8000eae4 (0xbfe5)
core   0: 0x8000eadc (0x00001f17) auipc   t5, 0x1
core   0: 3 0x8000eadc (0x00001f17) x30 0x8000fadc
core   0: 0x8000eae0 (0x523f2223) sw      gp, 1316(t5)
core   0: 3 0x8000eae0 (0x523f2223) mem 0x80010000 0x00000001
core   0: 0x8000eae4 (0x0000bfe5) c.j     pc - 8
core   0: 3 0x8000eae4 (0xbfe5)
core   0: 0x8000eadc (0x00001f17) auipc   t5, 0x1
core   0: 3 0x8000eadc (0x00001f17) x30 0x8000fadc
core   0: 0x8000eae0 (0x523f2223) sw      gp, 1316(t5)
core   0: 3 0x8000eae0 (0x523f2223) mem 0x80010000 0x00000001
core   0: 0x8000eae4 (0x0000bfe5) c.j     pc - 8
core   0: 3 0x8000eae4 (0xbfe5)
core   0: 0x8000eadc (0x00001f17) auipc   t5, 0x1
core   0: 3 0x8000eadc (0x00001f17) x30 0x8000fadc
core   0: 0x8000eae0 (0x523f2223) sw      gp, 1316(t5)
core   0: 3 0x8000eae0 (0x523f2223) mem 0x80010000 0x00000001
core   0: 0x8000eae4 (0x0000bfe5) c.j     pc - 8
core   0: 3 0x8000eae4 (0xbfe5)
core   0: 0x8000eadc (0x00001f17) auipc   t5, 0x1
core   0: 3 0x8000eadc (0x00001f17) x30 0x8000fadc
core   0: 0x8000eae0 (0x523f2223) sw      gp, 1316(t5)
core   0: 3 0x8000eae0 (0x523f2223) mem 0x80010000 0x00000001
core   0: 0x8000eae4 (0x0000bfe5) c.j     pc - 8
core   0: 3 0x8000eae4 (0xbfe5)
core   0: 0x8000eadc (0x00001f17) auipc   t5, 0x1
core   0: 3 0x8000eadc (0x00001f17) x30 0x8000fadc
core   0: 0x8000eae0 (0x523f2223) sw      gp, 1316(t5)
core   0: 3 0x8000eae0 (0x523f2223) mem 0x80010000 0x00000001
core   0: 0x8000eae4 (0x0000bfe5) c.j     pc - 8
core   0: 3 0x8000eae4 (0xbfe5)
core   0: 0x8000eadc (0x00001f17) auipc   t5, 0x1
core   0: 3 0x8000eadc (0x00001f17) x30 0x8000fadc
core   0: 0x8000eae0 (0x523f2223) sw      gp, 1316(t5)
core   0: 3 0x8000eae0 (0x523f2223) mem 0x80010000 0x00000001
core   0: 0x8000eae4 (0x0000bfe5) c.j     pc - 8
core   0: 3 0x8000eae4 (0xbfe5)
core   0: 0x8000eadc (0x00001f17) auipc   t5, 0x1
core   0: 3 0x8000eadc (0x00001f17) x30 0x8000fadc
core   0: 0x8000eae0 (0x523f2223) sw      gp, 1316(t5)
core   0: 3 0x8000eae0 (0x523f2223) mem 0x80010000 0x00000001
core   0: 0x8000eae4 (0x0000bfe5) c.j     pc - 8
core   0: 3 0x8000eae4 (0xbfe5)
core   0: 0x8000eadc (0x00001f17) auipc   t5, 0x1
core   0: 3 0x8000eadc (0x00001f17) x30 0x8000fadc
core   0: 0x8000eae0 (0x523f2223) sw      gp, 1316(t5)
core   0: 3 0x8000eae0 (0x523f2223) mem 0x80010000 0x00000001
core   0: 0x8000eae4 (0x0000bfe5) c.j     pc - 8
core   0: 3 0x8000eae4 (0xbfe5)
core   0: 0x8000eadc (0x00001f17) auipc   t5, 0x1
core   0: 3 0x8000eadc (0x00001f17) x30 0x8000fadc
core   0: 0x8000eae0 (0x523f2223) sw      gp, 1316(t5)
core   0: 3 0x8000eae0 (0x523f2223) mem 0x80010000 0x00000001
core   0: 0x8000eae4 (0x0000bfe5) c.j     pc - 8
core   0: 3 0x8000eae4 (0xbfe5)
core   0: 0x8000eadc (0x00001f17) auipc   t5, 0x1
core   0: 3 0x8000eadc (0x00001f17) x30 0x8000fadc
core   0: 0x8000eae0 (0x523f2223) sw      gp, 1316(t5)
core   0: 3 0x8000eae0 (0x523f2223) mem 0x80010000 0x00000001
core   0: 0x8000eae4 (0x0000bfe5) c.j     pc - 8
core   0: 3 0x8000eae4 (0xbfe5)
core   0: 0x8000eadc (0x00001f17) auipc   t5, 0x1
core   0: 3 0x8000eadc (0x00001f17) x30 0x8000fadc
core   0: 0x8000eae0 (0x523f2223) sw      gp, 1316(t5)
core   0: 3 0x8000eae0 (0x523f2223) mem 0x80010000 0x00000001
core   0: 0x8000eae4 (0x0000bfe5) c.j     pc - 8
core   0: 3 0x8000eae4 (0xbfe5)
core   0: 0x8000eadc (0x00001f17) auipc   t5, 0x1
core   0: 3 0x8000eadc (0x00001f17) x30 0x8000fadc
core   0: 0x8000eae0 (0x523f2223) sw      gp, 1316(t5)
core   0: 3 0x8000eae0 (0x523f2223) mem 0x80010000 0x00000001
core   0: 0x8000eae4 (0x0000bfe5) c.j     pc - 8
core   0: 3 0x8000eae4 (0xbfe5)
core   0: 0x8000eadc (0x00001f17) auipc   t5, 0x1
core   0: 3 0x8000eadc (0x00001f17) x30 0x8000fadc
core   0: 0x8000eae0 (0x523f2223) sw      gp, 1316(t5)
core   0: 3 0x8000eae0 (0x523f2223) mem 0x80010000 0x00000001
core   0: 0x8000eae4 (0x0000bfe5) c.j     pc - 8
core   0: 3 0x8000eae4 (0xbfe5)
core   0: 0x8000eadc (0x00001f17) auipc   t5, 0x1
core   0: 3 0x8000eadc (0x00001f17) x30 0x8000fadc
core   0: 0x8000eae0 (0x523f2223) sw      gp, 1316(t5)
core   0: 3 0x8000eae0 (0x523f2223) mem 0x80010000 0x00000001
core   0: 0x8000eae4 (0x0000bfe5) c.j     pc - 8
core   0: 3 0x8000eae4 (0xbfe5)
core   0: 0x8000eadc (0x00001f17) auipc   t5, 0x1
core   0: 3 0x8000eadc (0x00001f17) x30 0x8000fadc
core   0: 0x8000eae0 (0x523f2223) sw      gp, 1316(t5)
core   0: 3 0x8000eae0 (0x523f2223) mem 0x80010000 0x00000001
core   0: 0x8000eae4 (0x0000bfe5) c.j     pc - 8
core   0: 3 0x8000eae4 (0xbfe5)
core   0: 0x8000eadc (0x00001f17) auipc   t5, 0x1
core   0: 3 0x8000eadc (0x00001f17) x30 0x8000fadc
core   0: 0x8000eae0 (0x523f2223) sw      gp, 1316(t5)
core   0: 3 0x8000eae0 (0x523f2223) mem 0x80010000 0x00000001
core   0: 0x8000eae4 (0x0000bfe5) c.j     pc - 8
core   0: 3 0x8000eae4 (0xbfe5)
core   0: 0x8000eadc (0x00001f17) auipc   t5, 0x1
core   0: 3 0x8000eadc (0x00001f17) x30 0x8000fadc
core   0: 0x8000eae0 (0x523f2223) sw      gp, 1316(t5)
core   0: 3 0x8000eae0 (0x523f2223) mem 0x80010000 0x00000001
core   0: 0x8000eae4 (0x0000bfe5) c.j     pc - 8
core   0: 3 0x8000eae4 (0xbfe5)
core   0: 0x8000eadc (0x00001f17) auipc   t5, 0x1
core   0: 3 0x8000eadc (0x00001f17) x30 0x8000fadc
core   0: 0x8000eae0 (0x523f2223) sw      gp, 1316(t5)
core   0: 3 0x8000eae0 (0x523f2223) mem 0x80010000 0x00000001
core   0: 0x8000eae4 (0x0000bfe5) c.j     pc - 8
core   0: 3 0x8000eae4 (0xbfe5)
core   0: 0x8000eadc (0x00001f17) auipc   t5, 0x1
core   0: 3 0x8000eadc (0x00001f17) x30 0x8000fadc
core   0: 0x8000eae0 (0x523f2223) sw      gp, 1316(t5)
core   0: 3 0x8000eae0 (0x523f2223) mem 0x80010000 0x00000001
core   0: 0x8000eae4 (0x0000bfe5) c.j     pc - 8
core   0: 3 0x8000eae4 (0xbfe5)
core   0: 0x8000eadc (0x00001f17) auipc   t5, 0x1
core   0: 3 0x8000eadc (0x00001f17) x30 0x8000fadc
core   0: 0x8000eae0 (0x523f2223) sw      gp, 1316(t5)
core   0: 3 0x8000eae0 (0x523f2223) mem 0x80010000 0x00000001
core   0: 0x8000eae4 (0x0000bfe5) c.j     pc - 8
core   0: 3 0x8000eae4 (0xbfe5)
core   0: 0x8000eadc (0x00001f17) auipc   t5, 0x1
core   0: 3 0x8000eadc (0x00001f17) x30 0x8000fadc
core   0: 0x8000eae0 (0x523f2223) sw      gp, 1316(t5)
core   0: 3 0x8000eae0 (0x523f2223) mem 0x80010000 0x00000001
core   0: 0x8000eae4 (0x0000bfe5) c.j     pc - 8
core   0: 3 0x8000eae4 (0xbfe5)
core   0: 0x8000eadc (0x00001f17) auipc   t5, 0x1
core   0: 3 0x8000eadc (0x00001f17) x30 0x8000fadc
core   0: 0x8000eae0 (0x523f2223) sw      gp, 1316(t5)
core   0: 3 0x8000eae0 (0x523f2223) mem 0x80010000 0x00000001
core   0: 0x8000eae4 (0x0000bfe5) c.j     pc - 8
core   0: 3 0x8000eae4 (0xbfe5)
core   0: 0x8000eadc (0x00001f17) auipc   t5, 0x1
core   0: 3 0x8000eadc (0x00001f17) x30 0x8000fadc
core   0: 0x8000eae0 (0x523f2223) sw      gp, 1316(t5)
core   0: 3 0x8000eae0 (0x523f2223) mem 0x80010000 0x00000001
core   0: 0x8000eae4 (0x0000bfe5) c.j     pc - 8
core   0: 3 0x8000eae4 (0xbfe5)
core   0: 0x8000eadc (0x00001f17) auipc   t5, 0x1
core   0: 3 0x8000eadc (0x00001f17) x30 0x8000fadc
core   0: 0x8000eae0 (0x523f2223) sw      gp, 1316(t5)
core   0: 3 0x8000eae0 (0x523f2223) mem 0x80010000 0x00000001
core   0: 0x8000eae4 (0x0000bfe5) c.j     pc - 8
core   0: 3 0x8000eae4 (0xbfe5)
core   0: 0x8000eadc (0x00001f17) auipc   t5, 0x1
core   0: 3 0x8000eadc (0x00001f17) x30 0x8000fadc
core   0: 0x8000eae0 (0x523f2223) sw      gp, 1316(t5)
core   0: 3 0x8000eae0 (0x523f2223) mem 0x80010000 0x00000001
core   0: 0x8000eae4 (0x0000bfe5) c.j     pc - 8
core   0: 3 0x8000eae4 (0xbfe5)
core   0: 0x8000eadc (0x00001f17) auipc   t5, 0x1
core   0: 3 0x8000eadc (0x00001f17) x30 0x8000fadc
core   0: 0x8000eae0 (0x523f2223) sw      gp, 1316(t5)
core   0: 3 0x8000eae0 (0x523f2223) mem 0x80010000 0x00000001
core   0: 0x8000eae4 (0x0000bfe5) c.j     pc - 8
core   0: 3 0x8000eae4 (0xbfe5)
core   0: 0x8000eadc (0x00001f17) auipc   t5, 0x1
core   0: 3 0x8000eadc (0x00001f17) x30 0x8000fadc
core   0: 0x8000eae0 (0x523f2223) sw      gp, 1316(t5)
core   0: 3 0x8000eae0 (0x523f2223) mem 0x80010000 0x00000001
core   0: 0x8000eae4 (0x0000bfe5) c.j     pc - 8
core   0: 3 0x8000eae4 (0xbfe5)
core   0: 0x8000eadc (0x00001f17) auipc   t5, 0x1
core   0: 3 0x8000eadc (0x00001f17) x30 0x8000fadc
core   0: 0x8000eae0 (0x523f2223) sw      gp, 1316(t5)
core   0: 3 0x8000eae0 (0x523f2223) mem 0x80010000 0x00000001
core   0: 0x8000eae4 (0x0000bfe5) c.j     pc - 8
core   0: 3 0x8000eae4 (0xbfe5)
core   0: 0x8000eadc (0x00001f17) auipc   t5, 0x1
core   0: 3 0x8000eadc (0x00001f17) x30 0x8000fadc
core   0: 0x8000eae0 (0x523f2223) sw      gp, 1316(t5)
core   0: 3 0x8000eae0 (0x523f2223) mem 0x80010000 0x00000001
core   0: 0x8000eae4 (0x0000bfe5) c.j     pc - 8
core   0: 3 0x8000eae4 (0xbfe5)
core   0: 0x8000eadc (0x00001f17) auipc   t5, 0x1
core   0: 3 0x8000eadc (0x00001f17) x30 0x8000fadc
core   0: 0x8000eae0 (0x523f2223) sw      gp, 1316(t5)
core   0: 3 0x8000eae0 (0x523f2223) mem 0x80010000 0x00000001
core   0: 0x8000eae4 (0x0000bfe5) c.j     pc - 8
core   0: 3 0x8000eae4 (0xbfe5)
core   0: 0x8000eadc (0x00001f17) auipc   t5, 0x1
core   0: 3 0x8000eadc (0x00001f17) x30 0x8000fadc
core   0: 0x8000eae0 (0x523f2223) sw      gp, 1316(t5)
core   0: 3 0x8000eae0 (0x523f2223) mem 0x80010000 0x00000001
core   0: 0x8000eae4 (0x0000bfe5) c.j     pc - 8
core   0: 3 0x8000eae4 (0xbfe5)
core   0: 0x8000eadc (0x00001f17) auipc   t5, 0x1
core   0: 3 0x8000eadc (0x00001f17) x30 0x8000fadc
core   0: 0x8000eae0 (0x523f2223) sw      gp, 1316(t5)
core   0: 3 0x8000eae0 (0x523f2223) mem 0x80010000 0x00000001
core   0: 0x8000eae4 (0x0000bfe5) c.j     pc - 8
core   0: 3 0x8000eae4 (0xbfe5)
core   0: 0x8000eadc (0x00001f17) auipc   t5, 0x1
core   0: 3 0x8000eadc (0x00001f17) x30 0x8000fadc
core   0: 0x8000eae0 (0x523f2223) sw      gp, 1316(t5)
core   0: 3 0x8000eae0 (0x523f2223) mem 0x80010000 0x00000001
core   0: 0x8000eae4 (0x0000bfe5) c.j     pc - 8
core   0: 3 0x8000eae4 (0xbfe5)
core   0: 0x8000eadc (0x00001f17) auipc   t5, 0x1
core   0: 3 0x8000eadc (0x00001f17) x30 0x8000fadc
core   0: 0x8000eae0 (0x523f2223) sw      gp, 1316(t5)
core   0: 3 0x8000eae0 (0x523f2223) mem 0x80010000 0x00000001
core   0: 0x8000eae4 (0x0000bfe5) c.j     pc - 8
core   0: 3 0x8000eae4 (0xbfe5)
core   0: 0x8000eadc (0x00001f17) auipc   t5, 0x1
core   0: 3 0x8000eadc (0x00001f17) x30 0x8000fadc
core   0: 0x8000eae0 (0x523f2223) sw      gp, 1316(t5)
core   0: 3 0x8000eae0 (0x523f2223) mem 0x80010000 0x00000001
core   0: 0x8000eae4 (0x0000bfe5) c.j     pc - 8
core   0: 3 0x8000eae4 (0xbfe5)
core   0: 0x8000eadc (0x00001f17) auipc   t5, 0x1
core   0: 3 0x8000eadc (0x00001f17) x30 0x8000fadc
core   0: 0x8000eae0 (0x523f2223) sw      gp, 1316(t5)
core   0: 3 0x8000eae0 (0x523f2223) mem 0x80010000 0x00000001
core   0: 0x8000eae4 (0x0000bfe5) c.j     pc - 8
core   0: 3 0x8000eae4 (0xbfe5)
core   0: 0x8000eadc (0x00001f17) auipc   t5, 0x1
core   0: 3 0x8000eadc (0x00001f17) x30 0x8000fadc
core   0: 0x8000eae0 (0x523f2223) sw      gp, 1316(t5)
core   0: 3 0x8000eae0 (0x523f2223) mem 0x80010000 0x00000001
core   0: 0x8000eae4 (0x0000bfe5) c.j     pc - 8
core   0: 3 0x8000eae4 (0xbfe5)
core   0: 0x8000eadc (0x00001f17) auipc   t5, 0x1
core   0: 3 0x8000eadc (0x00001f17) x30 0x8000fadc
core   0: 0x8000eae0 (0x523f2223) sw      gp, 1316(t5)
core   0: 3 0x8000eae0 (0x523f2223) mem 0x80010000 0x00000001
core   0: 0x8000eae4 (0x0000bfe5) c.j     pc - 8
core   0: 3 0x8000eae4 (0xbfe5)
core   0: 0x8000eadc (0x00001f17) auipc   t5, 0x1
core   0: 3 0x8000eadc (0x00001f17) x30 0x8000fadc
core   0: 0x8000eae0 (0x523f2223) sw      gp, 1316(t5)
core   0: 3 0x8000eae0 (0x523f2223) mem 0x80010000 0x00000001
core   0: 0x8000eae4 (0x0000bfe5) c.j     pc - 8
core   0: 3 0x8000eae4 (0xbfe5)
core   0: 0x8000eadc (0x00001f17) auipc   t5, 0x1
core   0: 3 0x8000eadc (0x00001f17) x30 0x8000fadc
core   0: 0x8000eae0 (0x523f2223) sw      gp, 1316(t5)
core   0: 3 0x8000eae0 (0x523f2223) mem 0x80010000 0x00000001
core   0: 0x8000eae4 (0x0000bfe5) c.j     pc - 8
core   0: 3 0x8000eae4 (0xbfe5)
core   0: 0x8000eadc (0x00001f17) auipc   t5, 0x1
core   0: 3 0x8000eadc (0x00001f17) x30 0x8000fadc
core   0: 0x8000eae0 (0x523f2223) sw      gp, 1316(t5)
core   0: 3 0x8000eae0 (0x523f2223) mem 0x80010000 0x00000001
core   0: 0x8000eae4 (0x0000bfe5) c.j     pc - 8
core   0: 3 0x8000eae4 (0xbfe5)
core   0: 0x8000eadc (0x00001f17) auipc   t5, 0x1
core   0: 3 0x8000eadc (0x00001f17) x30 0x8000fadc
core   0: 0x8000eae0 (0x523f2223) sw      gp, 1316(t5)
core   0: 3 0x8000eae0 (0x523f2223) mem 0x80010000 0x00000001
core   0: 0x8000eae4 (0x0000bfe5) c.j     pc - 8
core   0: 3 0x8000eae4 (0xbfe5)
core   0: 0x8000eadc (0x00001f17) auipc   t5, 0x1
core   0: 3 0x8000eadc (0x00001f17) x30 0x8000fadc
core   0: 0x8000eae0 (0x523f2223) sw      gp, 1316(t5)
core   0: 3 0x8000eae0 (0x523f2223) mem 0x80010000 0x00000001
core   0: 0x8000eae4 (0x0000bfe5) c.j     pc - 8
core   0: 3 0x8000eae4 (0xbfe5)
core   0: 0x8000eadc (0x00001f17) auipc   t5, 0x1
core   0: 3 0x8000eadc (0x00001f17) x30 0x8000fadc
core   0: 0x8000eae0 (0x523f2223) sw      gp, 1316(t5)
core   0: 3 0x8000eae0 (0x523f2223) mem 0x80010000 0x00000001
core   0: 0x8000eae4 (0x0000bfe5) c.j     pc - 8
core   0: 3 0x8000eae4 (0xbfe5)
core   0: 0x8000eadc (0x00001f17) auipc   t5, 0x1
core   0: 3 0x8000eadc (0x00001f17) x30 0x8000fadc
core   0: 0x8000eae0 (0x523f2223) sw      gp, 1316(t5)
core   0: 3 0x8000eae0 (0x523f2223) mem 0x80010000 0x00000001
core   0: 0x8000eae4 (0x0000bfe5) c.j     pc - 8
core   0: 3 0x8000eae4 (0xbfe5)
core   0: 0x8000eadc (0x00001f17) auipc   t5, 0x1
core   0: 3 0x8000eadc (0x00001f17) x30 0x8000fadc
core   0: 0x8000eae0 (0x523f2223) sw      gp, 1316(t5)
core   0: 3 0x8000eae0 (0x523f2223) mem 0x80010000 0x00000001
core   0: 0x8000eae4 (0x0000bfe5) c.j     pc - 8
core   0: 3 0x8000eae4 (0xbfe5)
core   0: 0x8000eadc (0x00001f17) auipc   t5, 0x1
core   0: 3 0x8000eadc (0x00001f17) x30 0x8000fadc
core   0: 0x8000eae0 (0x523f2223) sw      gp, 1316(t5)
core   0: 3 0x8000eae0 (0x523f2223) mem 0x80010000 0x00000001
core   0: 0x8000eae4 (0x0000bfe5) c.j     pc - 8
core   0: 3 0x8000eae4 (0xbfe5)
core   0: 0x8000eadc (0x00001f17) auipc   t5, 0x1
core   0: 3 0x8000eadc (0x00001f17) x30 0x8000fadc
core   0: 0x8000eae0 (0x523f2223) sw      gp, 1316(t5)
core   0: 3 0x8000eae0 (0x523f2223) mem 0x80010000 0x00000001
core   0: 0x8000eae4 (0x0000bfe5) c.j     pc - 8
core   0: 3 0x8000eae4 (0xbfe5)
core   0: 0x8000eadc (0x00001f17) auipc   t5, 0x1
core   0: 3 0x8000eadc (0x00001f17) x30 0x8000fadc
core   0: 0x8000eae0 (0x523f2223) sw      gp, 1316(t5)
core   0: 3 0x8000eae0 (0x523f2223) mem 0x80010000 0x00000001
core   0: 0x8000eae4 (0x0000bfe5) c.j     pc - 8
core   0: 3 0x8000eae4 (0xbfe5)
core   0: 0x8000eadc (0x00001f17) auipc   t5, 0x1
core   0: 3 0x8000eadc (0x00001f17) x30 0x8000fadc
core   0: 0x8000eae0 (0x523f2223) sw      gp, 1316(t5)
core   0: 3 0x8000eae0 (0x523f2223) mem 0x80010000 0x00000001
core   0: 0x8000eae4 (0x0000bfe5) c.j     pc - 8
core   0: 3 0x8000eae4 (0xbfe5)
core   0: 0x8000eadc (0x00001f17) auipc   t5, 0x1
core   0: 3 0x8000eadc (0x00001f17) x30 0x8000fadc
core   0: 0x8000eae0 (0x523f2223) sw      gp, 1316(t5)
core   0: 3 0x8000eae0 (0x523f2223) mem 0x80010000 0x00000001
core   0: 0x8000eae4 (0x0000bfe5) c.j     pc - 8
core   0: 3 0x8000eae4 (0xbfe5)
core   0: 0x8000eadc (0x00001f17) auipc   t5, 0x1
core   0: 3 0x8000eadc (0x00001f17) x30 0x8000fadc
core   0: 0x8000eae0 (0x523f2223) sw      gp, 1316(t5)
core   0: 3 0x8000eae0 (0x523f2223) mem 0x80010000 0x00000001
core   0: 0x8000eae4 (0x0000bfe5) c.j     pc - 8
core   0: 3 0x8000eae4 (0xbfe5)
core   0: 0x8000eadc (0x00001f17) auipc   t5, 0x1
core   0: 3 0x8000eadc (0x00001f17) x30 0x8000fadc
core   0: 0x8000eae0 (0x523f2223) sw      gp, 1316(t5)
core   0: 3 0x8000eae0 (0x523f2223) mem 0x80010000 0x00000001
core   0: 0x8000eae4 (0x0000bfe5) c.j     pc - 8
core   0: 3 0x8000eae4 (0xbfe5)
core   0: 0x8000eadc (0x00001f17) auipc   t5, 0x1
core   0: 3 0x8000eadc (0x00001f17) x30 0x8000fadc
core   0: 0x8000eae0 (0x523f2223) sw      gp, 1316(t5)
core   0: 3 0x8000eae0 (0x523f2223) mem 0x80010000 0x00000001
core   0: 0x8000eae4 (0x0000bfe5) c.j     pc - 8
core   0: 3 0x8000eae4 (0xbfe5)
core   0: 0x8000eadc (0x00001f17) auipc   t5, 0x1
core   0: 3 0x8000eadc (0x00001f17) x30 0x8000fadc
core   0: 0x8000eae0 (0x523f2223) sw      gp, 1316(t5)
core   0: 3 0x8000eae0 (0x523f2223) mem 0x80010000 0x00000001
core   0: 0x8000eae4 (0x0000bfe5) c.j     pc - 8
core   0: 3 0x8000eae4 (0xbfe5)
core   0: 0x8000eadc (0x00001f17) auipc   t5, 0x1
core   0: 3 0x8000eadc (0x00001f17) x30 0x8000fadc
core   0: 0x8000eae0 (0x523f2223) sw      gp, 1316(t5)
core   0: 3 0x8000eae0 (0x523f2223) mem 0x80010000 0x00000001
core   0: 0x8000eae4 (0x0000bfe5) c.j     pc - 8
core   0: 3 0x8000eae4 (0xbfe5)
core   0: 0x8000eadc (0x00001f17) auipc   t5, 0x1
core   0: 3 0x8000eadc (0x00001f17) x30 0x8000fadc
core   0: 0x8000eae0 (0x523f2223) sw      gp, 1316(t5)
core   0: 3 0x8000eae0 (0x523f2223) mem 0x80010000 0x00000001
core   0: 0x8000eae4 (0x0000bfe5) c.j     pc - 8
core   0: 3 0x8000eae4 (0xbfe5)
core   0: 0x8000eadc (0x00001f17) auipc   t5, 0x1
core   0: 3 0x8000eadc (0x00001f17) x30 0x8000fadc
core   0: 0x8000eae0 (0x523f2223) sw      gp, 1316(t5)
core   0: 3 0x8000eae0 (0x523f2223) mem 0x80010000 0x00000001
core   0: 0x8000eae4 (0x0000bfe5) c.j     pc - 8
core   0: 3 0x8000eae4 (0xbfe5)
core   0: 0x8000eadc (0x00001f17) auipc   t5, 0x1
core   0: 3 0x8000eadc (0x00001f17) x30 0x8000fadc
core   0: 0x8000eae0 (0x523f2223) sw      gp, 1316(t5)
core   0: 3 0x8000eae0 (0x523f2223) mem 0x80010000 0x00000001
core   0: 0x8000eae4 (0x0000bfe5) c.j     pc - 8
core   0: 3 0x8000eae4 (0xbfe5)
core   0: 0x8000eadc (0x00001f17) auipc   t5, 0x1
core   0: 3 0x8000eadc (0x00001f17) x30 0x8000fadc
core   0: 0x8000eae0 (0x523f2223) sw      gp, 1316(t5)
core   0: 3 0x8000eae0 (0x523f2223) mem 0x80010000 0x00000001
core   0: 0x8000eae4 (0x0000bfe5) c.j     pc - 8
core   0: 3 0x8000eae4 (0xbfe5)
core   0: 0x8000eadc (0x00001f17) auipc   t5, 0x1
core   0: 3 0x8000eadc (0x00001f17) x30 0x8000fadc
core   0: 0x8000eae0 (0x523f2223) sw      gp, 1316(t5)
core   0: 3 0x8000eae0 (0x523f2223) mem 0x80010000 0x00000001
core   0: 0x8000eae4 (0x0000bfe5) c.j     pc - 8
core   0: 3 0x8000eae4 (0xbfe5)
core   0: 0x8000eadc (0x00001f17) auipc   t5, 0x1
core   0: 3 0x8000eadc (0x00001f17) x30 0x8000fadc
core   0: 0x8000eae0 (0x523f2223) sw      gp, 1316(t5)
core   0: 3 0x8000eae0 (0x523f2223) mem 0x80010000 0x00000001
core   0: 0x8000eae4 (0x0000bfe5) c.j     pc - 8
core   0: 3 0x8000eae4 (0xbfe5)
core   0: 0x8000eadc (0x00001f17) auipc   t5, 0x1
core   0: 3 0x8000eadc (0x00001f17) x30 0x8000fadc
core   0: 0x8000eae0 (0x523f2223) sw      gp, 1316(t5)
core   0: 3 0x8000eae0 (0x523f2223) mem 0x80010000 0x00000001
core   0: 0x8000eae4 (0x0000bfe5) c.j     pc - 8
core   0: 3 0x8000eae4 (0xbfe5)
core   0: 0x8000eadc (0x00001f17) auipc   t5, 0x1
core   0: 3 0x8000eadc (0x00001f17) x30 0x8000fadc
core   0: 0x8000eae0 (0x523f2223) sw      gp, 1316(t5)
core   0: 3 0x8000eae0 (0x523f2223) mem 0x80010000 0x00000001
core   0: 0x8000eae4 (0x0000bfe5) c.j     pc - 8
core   0: 3 0x8000eae4 (0xbfe5)
core   0: 0x8000eadc (0x00001f17) auipc   t5, 0x1
core   0: 3 0x8000eadc (0x00001f17) x30 0x8000fadc
core   0: 0x8000eae0 (0x523f2223) sw      gp, 1316(t5)
core   0: 3 0x8000eae0 (0x523f2223) mem 0x80010000 0x00000001
core   0: 0x8000eae4 (0x0000bfe5) c.j     pc - 8
core   0: 3 0x8000eae4 (0xbfe5)
core   0: 0x8000eadc (0x00001f17) auipc   t5, 0x1
core   0: 3 0x8000eadc (0x00001f17) x30 0x8000fadc
core   0: 0x8000eae0 (0x523f2223) sw      gp, 1316(t5)
core   0: 3 0x8000eae0 (0x523f2223) mem 0x80010000 0x00000001
core   0: 0x8000eae4 (0x0000bfe5) c.j     pc - 8
core   0: 3 0x8000eae4 (0xbfe5)
core   0: 0x8000eadc (0x00001f17) auipc   t5, 0x1
core   0: 3 0x8000eadc (0x00001f17) x30 0x8000fadc
core   0: 0x8000eae0 (0x523f2223) sw      gp, 1316(t5)
core   0: 3 0x8000eae0 (0x523f2223) mem 0x80010000 0x00000001
core   0: 0x8000eae4 (0x0000bfe5) c.j     pc - 8
core   0: 3 0x8000eae4 (0xbfe5)
core   0: 0x8000eadc (0x00001f17) auipc   t5, 0x1
core   0: 3 0x8000eadc (0x00001f17) x30 0x8000fadc
core   0: 0x8000eae0 (0x523f2223) sw      gp, 1316(t5)
core   0: 3 0x8000eae0 (0x523f2223) mem 0x80010000 0x00000001
core   0: 0x8000eae4 (0x0000bfe5) c.j     pc - 8
core   0: 3 0x8000eae4 (0xbfe5)
core   0: 0x8000eadc (0x00001f17) auipc   t5, 0x1
core   0: 3 0x8000eadc (0x00001f17) x30 0x8000fadc
core   0: 0x8000eae0 (0x523f2223) sw      gp, 1316(t5)
core   0: 3 0x8000eae0 (0x523f2223) mem 0x80010000 0x00000001
core   0: 0x8000eae4 (0x0000bfe5) c.j     pc - 8
core   0: 3 0x8000eae4 (0xbfe5)
core   0: 0x8000eadc (0x00001f17) auipc   t5, 0x1
core   0: 3 0x8000eadc (0x00001f17) x30 0x8000fadc
core   0: 0x8000eae0 (0x523f2223) sw      gp, 1316(t5)
core   0: 3 0x8000eae0 (0x523f2223) mem 0x80010000 0x00000001
core   0: 0x8000eae4 (0x0000bfe5) c.j     pc - 8
core   0: 3 0x8000eae4 (0xbfe5)
core   0: 0x8000eadc (0x00001f17) auipc   t5, 0x1
core   0: 3 0x8000eadc (0x00001f17) x30 0x8000fadc
core   0: 0x8000eae0 (0x523f2223) sw      gp, 1316(t5)
core   0: 3 0x8000eae0 (0x523f2223) mem 0x80010000 0x00000001
core   0: 0x8000eae4 (0x0000bfe5) c.j     pc - 8
core   0: 3 0x8000eae4 (0xbfe5)
core   0: 0x8000eadc (0x00001f17) auipc   t5, 0x1
core   0: 3 0x8000eadc (0x00001f17) x30 0x8000fadc
core   0: 0x8000eae0 (0x523f2223) sw      gp, 1316(t5)
core   0: 3 0x8000eae0 (0x523f2223) mem 0x80010000 0x00000001
core   0: 0x8000eae4 (0x0000bfe5) c.j     pc - 8
core   0: 3 0x8000eae4 (0xbfe5)
core   0: 0x8000eadc (0x00001f17) auipc   t5, 0x1
core   0: 3 0x8000eadc (0x00001f17) x30 0x8000fadc
core   0: 0x8000eae0 (0x523f2223) sw      gp, 1316(t5)
core   0: 3 0x8000eae0 (0x523f2223) mem 0x80010000 0x00000001
core   0: 0x8000eae4 (0x0000bfe5) c.j     pc - 8
core   0: 3 0x8000eae4 (0xbfe5)
core   0: 0x8000eadc (0x00001f17) auipc   t5, 0x1
core   0: 3 0x8000eadc (0x00001f17) x30 0x8000fadc
core   0: 0x8000eae0 (0x523f2223) sw      gp, 1316(t5)
core   0: 3 0x8000eae0 (0x523f2223) mem 0x80010000 0x00000001
core   0: 0x8000eae4 (0x0000bfe5) c.j     pc - 8
core   0: 3 0x8000eae4 (0xbfe5)
core   0: 0x8000eadc (0x00001f17) auipc   t5, 0x1
core   0: 3 0x8000eadc (0x00001f17) x30 0x8000fadc
core   0: 0x8000eae0 (0x523f2223) sw      gp, 1316(t5)
core   0: 3 0x8000eae0 (0x523f2223) mem 0x80010000 0x00000001
core   0: 0x8000eae4 (0x0000bfe5) c.j     pc - 8
core   0: 3 0x8000eae4 (0xbfe5)
core   0: 0x8000eadc (0x00001f17) auipc   t5, 0x1
core   0: 3 0x8000eadc (0x00001f17) x30 0x8000fadc
core   0: 0x8000eae0 (0x523f2223) sw      gp, 1316(t5)
core   0: 3 0x8000eae0 (0x523f2223) mem 0x80010000 0x00000001
core   0: 0x8000eae4 (0x0000bfe5) c.j     pc - 8
core   0: 3 0x8000eae4 (0xbfe5)
core   0: 0x8000eadc (0x00001f17) auipc   t5, 0x1
core   0: 3 0x8000eadc (0x00001f17) x30 0x8000fadc
core   0: 0x8000eae0 (0x523f2223) sw      gp, 1316(t5)
core   0: 3 0x8000eae0 (0x523f2223) mem 0x80010000 0x00000001
core   0: 0x8000eae4 (0x0000bfe5) c.j     pc - 8
core   0: 3 0x8000eae4 (0xbfe5)
core   0: 0x8000eadc (0x00001f17) auipc   t5, 0x1
core   0: 3 0x8000eadc (0x00001f17) x30 0x8000fadc
core   0: 0x8000eae0 (0x523f2223) sw      gp, 1316(t5)
core   0: 3 0x8000eae0 (0x523f2223) mem 0x80010000 0x00000001
core   0: 0x8000eae4 (0x0000bfe5) c.j     pc - 8
core   0: 3 0x8000eae4 (0xbfe5)
core   0: 0x8000eadc (0x00001f17) auipc   t5, 0x1
core   0: 3 0x8000eadc (0x00001f17) x30 0x8000fadc
core   0: 0x8000eae0 (0x523f2223) sw      gp, 1316(t5)
core   0: 3 0x8000eae0 (0x523f2223) mem 0x80010000 0x00000001
core   0: 0x8000eae4 (0x0000bfe5) c.j     pc - 8
core   0: 3 0x8000eae4 (0xbfe5)
core   0: 0x8000eadc (0x00001f17) auipc   t5, 0x1
core   0: 3 0x8000eadc (0x00001f17) x30 0x8000fadc
core   0: 0x8000eae0 (0x523f2223) sw      gp, 1316(t5)
core   0: 3 0x8000eae0 (0x523f2223) mem 0x80010000 0x00000001
core   0: 0x8000eae4 (0x0000bfe5) c.j     pc - 8
core   0: 3 0x8000eae4 (0xbfe5)
core   0: 0x8000eadc (0x00001f17) auipc   t5, 0x1
core   0: 3 0x8000eadc (0x00001f17) x30 0x8000fadc
core   0: 0x8000eae0 (0x523f2223) sw      gp, 1316(t5)
core   0: 3 0x8000eae0 (0x523f2223) mem 0x80010000 0x00000001
core   0: 0x8000eae4 (0x0000bfe5) c.j     pc - 8
core   0: 3 0x8000eae4 (0xbfe5)
core   0: 0x8000eadc (0x00001f17) auipc   t5, 0x1
core   0: 3 0x8000eadc (0x00001f17) x30 0x8000fadc
core   0: 0x8000eae0 (0x523f2223) sw      gp, 1316(t5)
core   0: 3 0x8000eae0 (0x523f2223) mem 0x80010000 0x00000001
core   0: 0x8000eae4 (0x0000bfe5) c.j     pc - 8
core   0: 3 0x8000eae4 (0xbfe5)
core   0: 0x8000eadc (0x00001f17) auipc   t5, 0x1
core   0: 3 0x8000eadc (0x00001f17) x30 0x8000fadc
core   0: 0x8000eae0 (0x523f2223) sw      gp, 1316(t5)
core   0: 3 0x8000eae0 (0x523f2223) mem 0x80010000 0x00000001
core   0: 0x8000eae4 (0x0000bfe5) c.j     pc - 8
core   0: 3 0x8000eae4 (0xbfe5)
core   0: 0x8000eadc (0x00001f17) auipc   t5, 0x1
core   0: 3 0x8000eadc (0x00001f17) x30 0x8000fadc
core   0: 0x8000eae0 (0x523f2223) sw      gp, 1316(t5)
core   0: 3 0x8000eae0 (0x523f2223) mem 0x80010000 0x00000001
core   0: 0x8000eae4 (0x0000bfe5) c.j     pc - 8
core   0: 3 0x8000eae4 (0xbfe5)
core   0: 0x8000eadc (0x00001f17) auipc   t5, 0x1
core   0: 3 0x8000eadc (0x00001f17) x30 0x8000fadc
core   0: 0x8000eae0 (0x523f2223) sw      gp, 1316(t5)
core   0: 3 0x8000eae0 (0x523f2223) mem 0x80010000 0x00000001
core   0: 0x8000eae4 (0x0000bfe5) c.j     pc - 8
core   0: 3 0x8000eae4 (0xbfe5)
core   0: 0x8000eadc (0x00001f17) auipc   t5, 0x1
core   0: 3 0x8000eadc (0x00001f17) x30 0x8000fadc
core   0: 0x8000eae0 (0x523f2223) sw      gp, 1316(t5)
core   0: 3 0x8000eae0 (0x523f2223) mem 0x80010000 0x00000001
core   0: 0x8000eae4 (0x0000bfe5) c.j     pc - 8
core   0: 3 0x8000eae4 (0xbfe5)
core   0: 0x8000eadc (0x00001f17) auipc   t5, 0x1
core   0: 3 0x8000eadc (0x00001f17) x30 0x8000fadc
core   0: 0x8000eae0 (0x523f2223) sw      gp, 1316(t5)
core   0: 3 0x8000eae0 (0x523f2223) mem 0x80010000 0x00000001
core   0: 0x8000eae4 (0x0000bfe5) c.j     pc - 8
core   0: 3 0x8000eae4 (0xbfe5)
core   0: 0x8000eadc (0x00001f17) auipc   t5, 0x1
core   0: 3 0x8000eadc (0x00001f17) x30 0x8000fadc
core   0: 0x8000eae0 (0x523f2223) sw      gp, 1316(t5)
core   0: 3 0x8000eae0 (0x523f2223) mem 0x80010000 0x00000001
core   0: 0x8000eae4 (0x0000bfe5) c.j     pc - 8
core   0: 3 0x8000eae4 (0xbfe5)
core   0: 0x8000eadc (0x00001f17) auipc   t5, 0x1
core   0: 3 0x8000eadc (0x00001f17) x30 0x8000fadc
core   0: 0x8000eae0 (0x523f2223) sw      gp, 1316(t5)
core   0: 3 0x8000eae0 (0x523f2223) mem 0x80010000 0x00000001
core   0: 0x8000eae4 (0x0000bfe5) c.j     pc - 8
core   0: 3 0x8000eae4 (0xbfe5)
core   0: 0x8000eadc (0x00001f17) auipc   t5, 0x1
core   0: 3 0x8000eadc (0x00001f17) x30 0x8000fadc
core   0: 0x8000eae0 (0x523f2223) sw      gp, 1316(t5)
core   0: 3 0x8000eae0 (0x523f2223) mem 0x80010000 0x00000001
core   0: 0x8000eae4 (0x0000bfe5) c.j     pc - 8
core   0: 3 0x8000eae4 (0xbfe5)
core   0: 0x8000eadc (0x00001f17) auipc   t5, 0x1
core   0: 3 0x8000eadc (0x00001f17) x30 0x8000fadc
core   0: 0x8000eae0 (0x523f2223) sw      gp, 1316(t5)
core   0: 3 0x8000eae0 (0x523f2223) mem 0x80010000 0x00000001
core   0: 0x8000eae4 (0x0000bfe5) c.j     pc - 8
core   0: 3 0x8000eae4 (0xbfe5)
core   0: 0x8000eadc (0x00001f17) auipc   t5, 0x1
core   0: 3 0x8000eadc (0x00001f17) x30 0x8000fadc
core   0: 0x8000eae0 (0x523f2223) sw      gp, 1316(t5)
core   0: 3 0x8000eae0 (0x523f2223) mem 0x80010000 0x00000001
core   0: 0x8000eae4 (0x0000bfe5) c.j     pc - 8
core   0: 3 0x8000eae4 (0xbfe5)
core   0: 0x8000eadc (0x00001f17) auipc   t5, 0x1
core   0: 3 0x8000eadc (0x00001f17) x30 0x8000fadc
core   0: 0x8000eae0 (0x523f2223) sw      gp, 1316(t5)
core   0: 3 0x8000eae0 (0x523f2223) mem 0x80010000 0x00000001
core   0: 0x8000eae4 (0x0000bfe5) c.j     pc - 8
core   0: 3 0x8000eae4 (0xbfe5)
core   0: 0x8000eadc (0x00001f17) auipc   t5, 0x1
core   0: 3 0x8000eadc (0x00001f17) x30 0x8000fadc
core   0: 0x8000eae0 (0x523f2223) sw      gp, 1316(t5)
core   0: 3 0x8000eae0 (0x523f2223) mem 0x80010000 0x00000001
core   0: 0x8000eae4 (0x0000bfe5) c.j     pc - 8
core   0: 3 0x8000eae4 (0xbfe5)
core   0: 0x8000eadc (0x00001f17) auipc   t5, 0x1
core   0: 3 0x8000eadc (0x00001f17) x30 0x8000fadc
core   0: 0x8000eae0 (0x523f2223) sw      gp, 1316(t5)
core   0: 3 0x8000eae0 (0x523f2223) mem 0x80010000 0x00000001
core   0: 0x8000eae4 (0x0000bfe5) c.j     pc - 8
core   0: 3 0x8000eae4 (0xbfe5)
core   0: 0x8000eadc (0x00001f17) auipc   t5, 0x1
core   0: 3 0x8000eadc (0x00001f17) x30 0x8000fadc
core   0: 0x8000eae0 (0x523f2223) sw      gp, 1316(t5)
core   0: 3 0x8000eae0 (0x523f2223) mem 0x80010000 0x00000001
core   0: 0x8000eae4 (0x0000bfe5) c.j     pc - 8
core   0: 3 0x8000eae4 (0xbfe5)
core   0: 0x8000eadc (0x00001f17) auipc   t5, 0x1
core   0: 3 0x8000eadc (0x00001f17) x30 0x8000fadc
core   0: 0x8000eae0 (0x523f2223) sw      gp, 1316(t5)
core   0: 3 0x8000eae0 (0x523f2223) mem 0x80010000 0x00000001
core   0: 0x8000eae4 (0x0000bfe5) c.j     pc - 8
core   0: 3 0x8000eae4 (0xbfe5)
core   0: 0x8000eadc (0x00001f17) auipc   t5, 0x1
core   0: 3 0x8000eadc (0x00001f17) x30 0x8000fadc
core   0: 0x8000eae0 (0x523f2223) sw      gp, 1316(t5)
core   0: 3 0x8000eae0 (0x523f2223) mem 0x80010000 0x00000001
core   0: 0x8000eae4 (0x0000bfe5) c.j     pc - 8
core   0: 3 0x8000eae4 (0xbfe5)
core   0: 0x8000eadc (0x00001f17) auipc   t5, 0x1
core   0: 3 0x8000eadc (0x00001f17) x30 0x8000fadc
core   0: 0x8000eae0 (0x523f2223) sw      gp, 1316(t5)
core   0: 3 0x8000eae0 (0x523f2223) mem 0x80010000 0x00000001
core   0: 0x8000eae4 (0x0000bfe5) c.j     pc - 8
core   0: 3 0x8000eae4 (0xbfe5)
core   0: 0x8000eadc (0x00001f17) auipc   t5, 0x1
core   0: 3 0x8000eadc (0x00001f17) x30 0x8000fadc
core   0: 0x8000eae0 (0x523f2223) sw      gp, 1316(t5)
core   0: 3 0x8000eae0 (0x523f2223) mem 0x80010000 0x00000001
core   0: 0x8000eae4 (0x0000bfe5) c.j     pc - 8
core   0: 3 0x8000eae4 (0xbfe5)
core   0: 0x8000eadc (0x00001f17) auipc   t5, 0x1
core   0: 3 0x8000eadc (0x00001f17) x30 0x8000fadc
core   0: 0x8000eae0 (0x523f2223) sw      gp, 1316(t5)
core   0: 3 0x8000eae0 (0x523f2223) mem 0x80010000 0x00000001
core   0: 0x8000eae4 (0x0000bfe5) c.j     pc - 8
core   0: 3 0x8000eae4 (0xbfe5)
core   0: 0x8000eadc (0x00001f17) auipc   t5, 0x1
core   0: 3 0x8000eadc (0x00001f17) x30 0x8000fadc
core   0: 0x8000eae0 (0x523f2223) sw      gp, 1316(t5)
core   0: 3 0x8000eae0 (0x523f2223) mem 0x80010000 0x00000001
core   0: 0x8000eae4 (0x0000bfe5) c.j     pc - 8
core   0: 3 0x8000eae4 (0xbfe5)
core   0: 0x8000eadc (0x00001f17) auipc   t5, 0x1
core   0: 3 0x8000eadc (0x00001f17) x30 0x8000fadc
core   0: 0x8000eae0 (0x523f2223) sw      gp, 1316(t5)
core   0: 3 0x8000eae0 (0x523f2223) mem 0x80010000 0x00000001
core   0: 0x8000eae4 (0x0000bfe5) c.j     pc - 8
core   0: 3 0x8000eae4 (0xbfe5)
core   0: 0x8000eadc (0x00001f17) auipc   t5, 0x1
core   0: 3 0x8000eadc (0x00001f17) x30 0x8000fadc
core   0: 0x8000eae0 (0x523f2223) sw      gp, 1316(t5)
core   0: 3 0x8000eae0 (0x523f2223) mem 0x80010000 0x00000001
core   0: 0x8000eae4 (0x0000bfe5) c.j     pc - 8
core   0: 3 0x8000eae4 (0xbfe5)
core   0: 0x8000eadc (0x00001f17) auipc   t5, 0x1
core   0: 3 0x8000eadc (0x00001f17) x30 0x8000fadc
core   0: 0x8000eae0 (0x523f2223) sw      gp, 1316(t5)
core   0: 3 0x8000eae0 (0x523f2223) mem 0x80010000 0x00000001
core   0: 0x8000eae4 (0x0000bfe5) c.j     pc - 8
core   0: 3 0x8000eae4 (0xbfe5)
core   0: 0x8000eadc (0x00001f17) auipc   t5, 0x1
core   0: 3 0x8000eadc (0x00001f17) x30 0x8000fadc
core   0: 0x8000eae0 (0x523f2223) sw      gp, 1316(t5)
core   0: 3 0x8000eae0 (0x523f2223) mem 0x80010000 0x00000001
core   0: 0x8000eae4 (0x0000bfe5) c.j     pc - 8
core   0: 3 0x8000eae4 (0xbfe5)
core   0: 0x8000eadc (0x00001f17) auipc   t5, 0x1
core   0: 3 0x8000eadc (0x00001f17) x30 0x8000fadc
core   0: 0x8000eae0 (0x523f2223) sw      gp, 1316(t5)
core   0: 3 0x8000eae0 (0x523f2223) mem 0x80010000 0x00000001
core   0: 0x8000eae4 (0x0000bfe5) c.j     pc - 8
core   0: 3 0x8000eae4 (0xbfe5)
core   0: 0x8000eadc (0x00001f17) auipc   t5, 0x1
core   0: 3 0x8000eadc (0x00001f17) x30 0x8000fadc
core   0: 0x8000eae0 (0x523f2223) sw      gp, 1316(t5)
core   0: 3 0x8000eae0 (0x523f2223) mem 0x80010000 0x00000001
core   0: 0x8000eae4 (0x0000bfe5) c.j     pc - 8
core   0: 3 0x8000eae4 (0xbfe5)
core   0: 0x8000eadc (0x00001f17) auipc   t5, 0x1
core   0: 3 0x8000eadc (0x00001f17) x30 0x8000fadc
core   0: 0x8000eae0 (0x523f2223) sw      gp, 1316(t5)
core   0: 3 0x8000eae0 (0x523f2223) mem 0x80010000 0x00000001
core   0: 0x8000eae4 (0x0000bfe5) c.j     pc - 8
core   0: 3 0x8000eae4 (0xbfe5)
core   0: 0x8000eadc (0x00001f17) auipc   t5, 0x1
core   0: 3 0x8000eadc (0x00001f17) x30 0x8000fadc
core   0: 0x8000eae0 (0x523f2223) sw      gp, 1316(t5)
core   0: 3 0x8000eae0 (0x523f2223) mem 0x80010000 0x00000001
core   0: 0x8000eae4 (0x0000bfe5) c.j     pc - 8
core   0: 3 0x8000eae4 (0xbfe5)
core   0: 0x8000eadc (0x00001f17) auipc   t5, 0x1
core   0: 3 0x8000eadc (0x00001f17) x30 0x8000fadc
core   0: 0x8000eae0 (0x523f2223) sw      gp, 1316(t5)
core   0: 3 0x8000eae0 (0x523f2223) mem 0x80010000 0x00000001
core   0: 0x8000eae4 (0x0000bfe5) c.j     pc - 8
core   0: 3 0x8000eae4 (0xbfe5)
core   0: 0x8000eadc (0x00001f17) auipc   t5, 0x1
core   0: 3 0x8000eadc (0x00001f17) x30 0x8000fadc
core   0: 0x8000eae0 (0x523f2223) sw      gp, 1316(t5)
core   0: 3 0x8000eae0 (0x523f2223) mem 0x80010000 0x00000001
core   0: 0x8000eae4 (0x0000bfe5) c.j     pc - 8
core   0: 3 0x8000eae4 (0xbfe5)
core   0: 0x8000eadc (0x00001f17) auipc   t5, 0x1
core   0: 3 0x8000eadc (0x00001f17) x30 0x8000fadc
core   0: 0x8000eae0 (0x523f2223) sw      gp, 1316(t5)
core   0: 3 0x8000eae0 (0x523f2223) mem 0x80010000 0x00000001
core   0: 0x8000eae4 (0x0000bfe5) c.j     pc - 8
core   0: 3 0x8000eae4 (0xbfe5)
core   0: 0x8000eadc (0x00001f17) auipc   t5, 0x1
core   0: 3 0x8000eadc (0x00001f17) x30 0x8000fadc
core   0: 0x8000eae0 (0x523f2223) sw      gp, 1316(t5)
core   0: 3 0x8000eae0 (0x523f2223) mem 0x80010000 0x00000001
core   0: 0x8000eae4 (0x0000bfe5) c.j     pc - 8
core   0: 3 0x8000eae4 (0xbfe5)
core   0: 0x8000eadc (0x00001f17) auipc   t5, 0x1
core   0: 3 0x8000eadc (0x00001f17) x30 0x8000fadc
core   0: 0x8000eae0 (0x523f2223) sw      gp, 1316(t5)
core   0: 3 0x8000eae0 (0x523f2223) mem 0x80010000 0x00000001
core   0: 0x8000eae4 (0x0000bfe5) c.j     pc - 8
core   0: 3 0x8000eae4 (0xbfe5)
core   0: 0x8000eadc (0x00001f17) auipc   t5, 0x1
core   0: 3 0x8000eadc (0x00001f17) x30 0x8000fadc
core   0: 0x8000eae0 (0x523f2223) sw      gp, 1316(t5)
core   0: 3 0x8000eae0 (0x523f2223) mem 0x80010000 0x00000001
core   0: 0x8000eae4 (0x0000bfe5) c.j     pc - 8
core   0: 3 0x8000eae4 (0xbfe5)
core   0: 0x8000eadc (0x00001f17) auipc   t5, 0x1
core   0: 3 0x8000eadc (0x00001f17) x30 0x8000fadc
core   0: 0x8000eae0 (0x523f2223) sw      gp, 1316(t5)
core   0: 3 0x8000eae0 (0x523f2223) mem 0x80010000 0x00000001
core   0: 0x8000eae4 (0x0000bfe5) c.j     pc - 8
core   0: 3 0x8000eae4 (0xbfe5)
core   0: 0x8000eadc (0x00001f17) auipc   t5, 0x1
core   0: 3 0x8000eadc (0x00001f17) x30 0x8000fadc
core   0: 0x8000eae0 (0x523f2223) sw      gp, 1316(t5)
core   0: 3 0x8000eae0 (0x523f2223) mem 0x80010000 0x00000001
core   0: 0x8000eae4 (0x0000bfe5) c.j     pc - 8
core   0: 3 0x8000eae4 (0xbfe5)
core   0: 0x8000eadc (0x00001f17) auipc   t5, 0x1
core   0: 3 0x8000eadc (0x00001f17) x30 0x8000fadc
core   0: 0x8000eae0 (0x523f2223) sw      gp, 1316(t5)
core   0: 3 0x8000eae0 (0x523f2223) mem 0x80010000 0x00000001
core   0: 0x8000eae4 (0x0000bfe5) c.j     pc - 8
core   0: 3 0x8000eae4 (0xbfe5)
core   0: 0x8000eadc (0x00001f17) auipc   t5, 0x1
core   0: 3 0x8000eadc (0x00001f17) x30 0x8000fadc
core   0: 0x8000eae0 (0x523f2223) sw      gp, 1316(t5)
core   0: 3 0x8000eae0 (0x523f2223) mem 0x80010000 0x00000001
core   0: 0x8000eae4 (0x0000bfe5) c.j     pc - 8
core   0: 3 0x8000eae4 (0xbfe5)
core   0: 0x8000eadc (0x00001f17) auipc   t5, 0x1
core   0: 3 0x8000eadc (0x00001f17) x30 0x8000fadc
core   0: 0x8000eae0 (0x523f2223) sw      gp, 1316(t5)
core   0: 3 0x8000eae0 (0x523f2223) mem 0x80010000 0x00000001
core   0: 0x8000eae4 (0x0000bfe5) c.j     pc - 8
core   0: 3 0x8000eae4 (0xbfe5)
core   0: 0x8000eadc (0x00001f17) auipc   t5, 0x1
core   0: 3 0x8000eadc (0x00001f17) x30 0x8000fadc
core   0: 0x8000eae0 (0x523f2223) sw      gp, 1316(t5)
core   0: 3 0x8000eae0 (0x523f2223) mem 0x80010000 0x00000001
core   0: 0x8000eae4 (0x0000bfe5) c.j     pc - 8
core   0: 3 0x8000eae4 (0xbfe5)
core   0: 0x8000eadc (0x00001f17) auipc   t5, 0x1
core   0: 3 0x8000eadc (0x00001f17) x30 0x8000fadc
core   0: 0x8000eae0 (0x523f2223) sw      gp, 1316(t5)
core   0: 3 0x8000eae0 (0x523f2223) mem 0x80010000 0x00000001
core   0: 0x8000eae4 (0x0000bfe5) c.j     pc - 8
core   0: 3 0x8000eae4 (0xbfe5)
core   0: 0x8000eadc (0x00001f17) auipc   t5, 0x1
core   0: 3 0x8000eadc (0x00001f17) x30 0x8000fadc
core   0: 0x8000eae0 (0x523f2223) sw      gp, 1316(t5)
core   0: 3 0x8000eae0 (0x523f2223) mem 0x80010000 0x00000001
core   0: 0x8000eae4 (0x0000bfe5) c.j     pc - 8
core   0: 3 0x8000eae4 (0xbfe5)
core   0: 0x8000eadc (0x00001f17) auipc   t5, 0x1
core   0: 3 0x8000eadc (0x00001f17) x30 0x8000fadc
core   0: 0x8000eae0 (0x523f2223) sw      gp, 1316(t5)
core   0: 3 0x8000eae0 (0x523f2223) mem 0x80010000 0x00000001
core   0: 0x8000eae4 (0x0000bfe5) c.j     pc - 8
core   0: 3 0x8000eae4 (0xbfe5)
core   0: 0x8000eadc (0x00001f17) auipc   t5, 0x1
core   0: 3 0x8000eadc (0x00001f17) x30 0x8000fadc
core   0: 0x8000eae0 (0x523f2223) sw      gp, 1316(t5)
core   0: 3 0x8000eae0 (0x523f2223) mem 0x80010000 0x00000001
core   0: 0x8000eae4 (0x0000bfe5) c.j     pc - 8
core   0: 3 0x8000eae4 (0xbfe5)
core   0: 0x8000eadc (0x00001f17) auipc   t5, 0x1
core   0: 3 0x8000eadc (0x00001f17) x30 0x8000fadc
core   0: 0x8000eae0 (0x523f2223) sw      gp, 1316(t5)
core   0: 3 0x8000eae0 (0x523f2223) mem 0x80010000 0x00000001
core   0: 0x8000eae4 (0x0000bfe5) c.j     pc - 8
core   0: 3 0x8000eae4 (0xbfe5)
core   0: 0x8000eadc (0x00001f17) auipc   t5, 0x1
core   0: 3 0x8000eadc (0x00001f17) x30 0x8000fadc
core   0: 0x8000eae0 (0x523f2223) sw      gp, 1316(t5)
core   0: 3 0x8000eae0 (0x523f2223) mem 0x80010000 0x00000001
core   0: 0x8000eae4 (0x0000bfe5) c.j     pc - 8
core   0: 3 0x8000eae4 (0xbfe5)
core   0: 0x8000eadc (0x00001f17) auipc   t5, 0x1
core   0: 3 0x8000eadc (0x00001f17) x30 0x8000fadc
core   0: 0x8000eae0 (0x523f2223) sw      gp, 1316(t5)
core   0: 3 0x8000eae0 (0x523f2223) mem 0x80010000 0x00000001
core   0: 0x8000eae4 (0x0000bfe5) c.j     pc - 8
core   0: 3 0x8000eae4 (0xbfe5)
core   0: 0x8000eadc (0x00001f17) auipc   t5, 0x1
core   0: 3 0x8000eadc (0x00001f17) x30 0x8000fadc
core   0: 0x8000eae0 (0x523f2223) sw      gp, 1316(t5)
core   0: 3 0x8000eae0 (0x523f2223) mem 0x80010000 0x00000001
core   0: 0x8000eae4 (0x0000bfe5) c.j     pc - 8
core   0: 3 0x8000eae4 (0xbfe5)
core   0: 0x8000eadc (0x00001f17) auipc   t5, 0x1
core   0: 3 0x8000eadc (0x00001f17) x30 0x8000fadc
core   0: 0x8000eae0 (0x523f2223) sw      gp, 1316(t5)
core   0: 3 0x8000eae0 (0x523f2223) mem 0x80010000 0x00000001
core   0: 0x8000eae4 (0x0000bfe5) c.j     pc - 8
core   0: 3 0x8000eae4 (0xbfe5)
core   0: 0x8000eadc (0x00001f17) auipc   t5, 0x1
core   0: 3 0x8000eadc (0x00001f17) x30 0x8000fadc
core   0: 0x8000eae0 (0x523f2223) sw      gp, 1316(t5)
core   0: 3 0x8000eae0 (0x523f2223) mem 0x80010000 0x00000001
core   0: 0x8000eae4 (0x0000bfe5) c.j     pc - 8
core   0: 3 0x8000eae4 (0xbfe5)
core   0: 0x8000eadc (0x00001f17) auipc   t5, 0x1
core   0: 3 0x8000eadc (0x00001f17) x30 0x8000fadc
core   0: 0x8000eae0 (0x523f2223) sw      gp, 1316(t5)
core   0: 3 0x8000eae0 (0x523f2223) mem 0x80010000 0x00000001
core   0: 0x8000eae4 (0x0000bfe5) c.j     pc - 8
core   0: 3 0x8000eae4 (0xbfe5)
core   0: 0x8000eadc (0x00001f17) auipc   t5, 0x1
core   0: 3 0x8000eadc (0x00001f17) x30 0x8000fadc
core   0: 0x8000eae0 (0x523f2223) sw      gp, 1316(t5)
core   0: 3 0x8000eae0 (0x523f2223) mem 0x80010000 0x00000001
core   0: 0x8000eae4 (0x0000bfe5) c.j     pc - 8
core   0: 3 0x8000eae4 (0xbfe5)
core   0: 0x8000eadc (0x00001f17) auipc   t5, 0x1
core   0: 3 0x8000eadc (0x00001f17) x30 0x8000fadc
core   0: 0x8000eae0 (0x523f2223) sw      gp, 1316(t5)
core   0: 3 0x8000eae0 (0x523f2223) mem 0x80010000 0x00000001
core   0: 0x8000eae4 (0x0000bfe5) c.j     pc - 8
core   0: 3 0x8000eae4 (0xbfe5)
core   0: 0x8000eadc (0x00001f17) auipc   t5, 0x1
core   0: 3 0x8000eadc (0x00001f17) x30 0x8000fadc
core   0: 0x8000eae0 (0x523f2223) sw      gp, 1316(t5)
core   0: 3 0x8000eae0 (0x523f2223) mem 0x80010000 0x00000001
core   0: 0x8000eae4 (0x0000bfe5) c.j     pc - 8
core   0: 3 0x8000eae4 (0xbfe5)
core   0: 0x8000eadc (0x00001f17) auipc   t5, 0x1
core   0: 3 0x8000eadc (0x00001f17) x30 0x8000fadc
core   0: 0x8000eae0 (0x523f2223) sw      gp, 1316(t5)
core   0: 3 0x8000eae0 (0x523f2223) mem 0x80010000 0x00000001
core   0: 0x8000eae4 (0x0000bfe5) c.j     pc - 8
core   0: 3 0x8000eae4 (0xbfe5)
core   0: 0x8000eadc (0x00001f17) auipc   t5, 0x1
core   0: 3 0x8000eadc (0x00001f17) x30 0x8000fadc
core   0: 0x8000eae0 (0x523f2223) sw      gp, 1316(t5)
core   0: 3 0x8000eae0 (0x523f2223) mem 0x80010000 0x00000001
core   0: 0x8000eae4 (0x0000bfe5) c.j     pc - 8
core   0: 3 0x8000eae4 (0xbfe5)
core   0: 0x8000eadc (0x00001f17) auipc   t5, 0x1
core   0: 3 0x8000eadc (0x00001f17) x30 0x8000fadc
core   0: 0x8000eae0 (0x523f2223) sw      gp, 1316(t5)
core   0: 3 0x8000eae0 (0x523f2223) mem 0x80010000 0x00000001
core   0: 0x8000eae4 (0x0000bfe5) c.j     pc - 8
core   0: 3 0x8000eae4 (0xbfe5)
core   0: 0x8000eadc (0x00001f17) auipc   t5, 0x1
core   0: 3 0x8000eadc (0x00001f17) x30 0x8000fadc
core   0: 0x8000eae0 (0x523f2223) sw      gp, 1316(t5)
core   0: 3 0x8000eae0 (0x523f2223) mem 0x80010000 0x00000001
core   0: 0x8000eae4 (0x0000bfe5) c.j     pc - 8
core   0: 3 0x8000eae4 (0xbfe5)
core   0: 0x8000eadc (0x00001f17) auipc   t5, 0x1
core   0: 3 0x8000eadc (0x00001f17) x30 0x8000fadc
core   0: 0x8000eae0 (0x523f2223) sw      gp, 1316(t5)
core   0: 3 0x8000eae0 (0x523f2223) mem 0x80010000 0x00000001
core   0: 0x8000eae4 (0x0000bfe5) c.j     pc - 8
core   0: 3 0x8000eae4 (0xbfe5)
core   0: 0x8000eadc (0x00001f17) auipc   t5, 0x1
core   0: 3 0x8000eadc (0x00001f17) x30 0x8000fadc
core   0: 0x8000eae0 (0x523f2223) sw      gp, 1316(t5)
core   0: 3 0x8000eae0 (0x523f2223) mem 0x80010000 0x00000001
core   0: 0x8000eae4 (0x0000bfe5) c.j     pc - 8
core   0: 3 0x8000eae4 (0xbfe5)
core   0: 0x8000eadc (0x00001f17) auipc   t5, 0x1
core   0: 3 0x8000eadc (0x00001f17) x30 0x8000fadc
core   0: 0x8000eae0 (0x523f2223) sw      gp, 1316(t5)
core   0: 3 0x8000eae0 (0x523f2223) mem 0x80010000 0x00000001
core   0: 0x8000eae4 (0x0000bfe5) c.j     pc - 8
core   0: 3 0x8000eae4 (0xbfe5)
core   0: 0x8000eadc (0x00001f17) auipc   t5, 0x1
core   0: 3 0x8000eadc (0x00001f17) x30 0x8000fadc
core   0: 0x8000eae0 (0x523f2223) sw      gp, 1316(t5)
core   0: 3 0x8000eae0 (0x523f2223) mem 0x80010000 0x00000001
core   0: 0x8000eae4 (0x0000bfe5) c.j     pc - 8
core   0: 3 0x8000eae4 (0xbfe5)
core   0: 0x8000eadc (0x00001f17) auipc   t5, 0x1
core   0: 3 0x8000eadc (0x00001f17) x30 0x8000fadc
core   0: 0x8000eae0 (0x523f2223) sw      gp, 1316(t5)
core   0: 3 0x8000eae0 (0x523f2223) mem 0x80010000 0x00000001
core   0: 0x8000eae4 (0x0000bfe5) c.j     pc - 8
core   0: 3 0x8000eae4 (0xbfe5)
core   0: 0x8000eadc (0x00001f17) auipc   t5, 0x1
core   0: 3 0x8000eadc (0x00001f17) x30 0x8000fadc
core   0: 0x8000eae0 (0x523f2223) sw      gp, 1316(t5)
core   0: 3 0x8000eae0 (0x523f2223) mem 0x80010000 0x00000001
core   0: 0x8000eae4 (0x0000bfe5) c.j     pc - 8
core   0: 3 0x8000eae4 (0xbfe5)
core   0: 0x8000eadc (0x00001f17) auipc   t5, 0x1
core   0: 3 0x8000eadc (0x00001f17) x30 0x8000fadc
core   0: 0x8000eae0 (0x523f2223) sw      gp, 1316(t5)
core   0: 3 0x8000eae0 (0x523f2223) mem 0x80010000 0x00000001
core   0: 0x8000eae4 (0x0000bfe5) c.j     pc - 8
core   0: 3 0x8000eae4 (0xbfe5)
core   0: 0x8000eadc (0x00001f17) auipc   t5, 0x1
core   0: 3 0x8000eadc (0x00001f17) x30 0x8000fadc
core   0: 0x8000eae0 (0x523f2223) sw      gp, 1316(t5)
core   0: 3 0x8000eae0 (0x523f2223) mem 0x80010000 0x00000001
core   0: 0x8000eae4 (0x0000bfe5) c.j     pc - 8
core   0: 3 0x8000eae4 (0xbfe5)
core   0: 0x8000eadc (0x00001f17) auipc   t5, 0x1
core   0: 3 0x8000eadc (0x00001f17) x30 0x8000fadc
core   0: 0x8000eae0 (0x523f2223) sw      gp, 1316(t5)
core   0: 3 0x8000eae0 (0x523f2223) mem 0x80010000 0x00000001
core   0: 0x8000eae4 (0x0000bfe5) c.j     pc - 8
core   0: 3 0x8000eae4 (0xbfe5)
core   0: 0x8000eadc (0x00001f17) auipc   t5, 0x1
core   0: 3 0x8000eadc (0x00001f17) x30 0x8000fadc
core   0: 0x8000eae0 (0x523f2223) sw      gp, 1316(t5)
core   0: 3 0x8000eae0 (0x523f2223) mem 0x80010000 0x00000001
core   0: 0x8000eae4 (0x0000bfe5) c.j     pc - 8
core   0: 3 0x8000eae4 (0xbfe5)
core   0: 0x8000eadc (0x00001f17) auipc   t5, 0x1
core   0: 3 0x8000eadc (0x00001f17) x30 0x8000fadc
core   0: 0x8000eae0 (0x523f2223) sw      gp, 1316(t5)
core   0: 3 0x8000eae0 (0x523f2223) mem 0x80010000 0x00000001
core   0: 0x8000eae4 (0x0000bfe5) c.j     pc - 8
core   0: 3 0x8000eae4 (0xbfe5)
core   0: 0x8000eadc (0x00001f17) auipc   t5, 0x1
core   0: 3 0x8000eadc (0x00001f17) x30 0x8000fadc
core   0: 0x8000eae0 (0x523f2223) sw      gp, 1316(t5)
core   0: 3 0x8000eae0 (0x523f2223) mem 0x80010000 0x00000001
core   0: 0x8000eae4 (0x0000bfe5) c.j     pc - 8
core   0: 3 0x8000eae4 (0xbfe5)
core   0: 0x8000eadc (0x00001f17) auipc   t5, 0x1
core   0: 3 0x8000eadc (0x00001f17) x30 0x8000fadc
core   0: 0x8000eae0 (0x523f2223) sw      gp, 1316(t5)
core   0: 3 0x8000eae0 (0x523f2223) mem 0x80010000 0x00000001
core   0: 0x8000eae4 (0x0000bfe5) c.j     pc - 8
core   0: 3 0x8000eae4 (0xbfe5)
core   0: 0x8000eadc (0x00001f17) auipc   t5, 0x1
core   0: 3 0x8000eadc (0x00001f17) x30 0x8000fadc
core   0: 0x8000eae0 (0x523f2223) sw      gp, 1316(t5)
core   0: 3 0x8000eae0 (0x523f2223) mem 0x80010000 0x00000001
core   0: 0x8000eae4 (0x0000bfe5) c.j     pc - 8
core   0: 3 0x8000eae4 (0xbfe5)
core   0: 0x8000eadc (0x00001f17) auipc   t5, 0x1
core   0: 3 0x8000eadc (0x00001f17) x30 0x8000fadc
core   0: 0x8000eae0 (0x523f2223) sw      gp, 1316(t5)
core   0: 3 0x8000eae0 (0x523f2223) mem 0x80010000 0x00000001
core   0: 0x8000eae4 (0x0000bfe5) c.j     pc - 8
core   0: 3 0x8000eae4 (0xbfe5)
core   0: 0x8000eadc (0x00001f17) auipc   t5, 0x1
core   0: 3 0x8000eadc (0x00001f17) x30 0x8000fadc
core   0: 0x8000eae0 (0x523f2223) sw      gp, 1316(t5)
core   0: 3 0x8000eae0 (0x523f2223) mem 0x80010000 0x00000001
core   0: 0x8000eae4 (0x0000bfe5) c.j     pc - 8
core   0: 3 0x8000eae4 (0xbfe5)
core   0: 0x8000eadc (0x00001f17) auipc   t5, 0x1
core   0: 3 0x8000eadc (0x00001f17) x30 0x8000fadc
core   0: 0x8000eae0 (0x523f2223) sw      gp, 1316(t5)
core   0: 3 0x8000eae0 (0x523f2223) mem 0x80010000 0x00000001
core   0: 0x8000eae4 (0x0000bfe5) c.j     pc - 8
core   0: 3 0x8000eae4 (0xbfe5)
core   0: 0x8000eadc (0x00001f17) auipc   t5, 0x1
core   0: 3 0x8000eadc (0x00001f17) x30 0x8000fadc
core   0: 0x8000eae0 (0x523f2223) sw      gp, 1316(t5)
core   0: 3 0x8000eae0 (0x523f2223) mem 0x80010000 0x00000001
core   0: 0x8000eae4 (0x0000bfe5) c.j     pc - 8
core   0: 3 0x8000eae4 (0xbfe5)
core   0: 0x8000eadc (0x00001f17) auipc   t5, 0x1
core   0: 3 0x8000eadc (0x00001f17) x30 0x8000fadc
core   0: 0x8000eae0 (0x523f2223) sw      gp, 1316(t5)
core   0: 3 0x8000eae0 (0x523f2223) mem 0x80010000 0x00000001
core   0: 0x8000eae4 (0x0000bfe5) c.j     pc - 8
core   0: 3 0x8000eae4 (0xbfe5)
core   0: 0x8000eadc (0x00001f17) auipc   t5, 0x1
core   0: 3 0x8000eadc (0x00001f17) x30 0x8000fadc
core   0: 0x8000eae0 (0x523f2223) sw      gp, 1316(t5)
core   0: 3 0x8000eae0 (0x523f2223) mem 0x80010000 0x00000001
core   0: 0x8000eae4 (0x0000bfe5) c.j     pc - 8
core   0: 3 0x8000eae4 (0xbfe5)
core   0: 0x8000eadc (0x00001f17) auipc   t5, 0x1
core   0: 3 0x8000eadc (0x00001f17) x30 0x8000fadc
core   0: 0x8000eae0 (0x523f2223) sw      gp, 1316(t5)
core   0: 3 0x8000eae0 (0x523f2223) mem 0x80010000 0x00000001
core   0: 0x8000eae4 (0x0000bfe5) c.j     pc - 8
core   0: 3 0x8000eae4 (0xbfe5)
core   0: 0x8000eadc (0x00001f17) auipc   t5, 0x1
core   0: 3 0x8000eadc (0x00001f17) x30 0x8000fadc
core   0: 0x8000eae0 (0x523f2223) sw      gp, 1316(t5)
core   0: 3 0x8000eae0 (0x523f2223) mem 0x80010000 0x00000001
core   0: 0x8000eae4 (0x0000bfe5) c.j     pc - 8
core   0: 3 0x8000eae4 (0xbfe5)
core   0: 0x8000eadc (0x00001f17) auipc   t5, 0x1
core   0: 3 0x8000eadc (0x00001f17) x30 0x8000fadc
core   0: 0x8000eae0 (0x523f2223) sw      gp, 1316(t5)
core   0: 3 0x8000eae0 (0x523f2223) mem 0x80010000 0x00000001
core   0: 0x8000eae4 (0x0000bfe5) c.j     pc - 8
core   0: 3 0x8000eae4 (0xbfe5)
core   0: 0x8000eadc (0x00001f17) auipc   t5, 0x1
core   0: 3 0x8000eadc (0x00001f17) x30 0x8000fadc
core   0: 0x8000eae0 (0x523f2223) sw      gp, 1316(t5)
core   0: 3 0x8000eae0 (0x523f2223) mem 0x80010000 0x00000001
core   0: 0x8000eae4 (0x0000bfe5) c.j     pc - 8
core   0: 3 0x8000eae4 (0xbfe5)
core   0: 0x8000eadc (0x00001f17) auipc   t5, 0x1
core   0: 3 0x8000eadc (0x00001f17) x30 0x8000fadc
core   0: 0x8000eae0 (0x523f2223) sw      gp, 1316(t5)
core   0: 3 0x8000eae0 (0x523f2223) mem 0x80010000 0x00000001
core   0: 0x8000eae4 (0x0000bfe5) c.j     pc - 8
core   0: 3 0x8000eae4 (0xbfe5)
core   0: 0x8000eadc (0x00001f17) auipc   t5, 0x1
core   0: 3 0x8000eadc (0x00001f17) x30 0x8000fadc
core   0: 0x8000eae0 (0x523f2223) sw      gp, 1316(t5)
core   0: 3 0x8000eae0 (0x523f2223) mem 0x80010000 0x00000001
core   0: 0x8000eae4 (0x0000bfe5) c.j     pc - 8
core   0: 3 0x8000eae4 (0xbfe5)
core   0: 0x8000eadc (0x00001f17) auipc   t5, 0x1
core   0: 3 0x8000eadc (0x00001f17) x30 0x8000fadc
core   0: 0x8000eae0 (0x523f2223) sw      gp, 1316(t5)
core   0: 3 0x8000eae0 (0x523f2223) mem 0x80010000 0x00000001
core   0: 0x8000eae4 (0x0000bfe5) c.j     pc - 8
core   0: 3 0x8000eae4 (0xbfe5)
core   0: 0x8000eadc (0x00001f17) auipc   t5, 0x1
core   0: 3 0x8000eadc (0x00001f17) x30 0x8000fadc
core   0: 0x8000eae0 (0x523f2223) sw      gp, 1316(t5)
core   0: 3 0x8000eae0 (0x523f2223) mem 0x80010000 0x00000001
core   0: 0x8000eae4 (0x0000bfe5) c.j     pc - 8
core   0: 3 0x8000eae4 (0xbfe5)
core   0: 0x8000eadc (0x00001f17) auipc   t5, 0x1
core   0: 3 0x8000eadc (0x00001f17) x30 0x8000fadc
core   0: 0x8000eae0 (0x523f2223) sw      gp, 1316(t5)
core   0: 3 0x8000eae0 (0x523f2223) mem 0x80010000 0x00000001
core   0: 0x8000eae4 (0x0000bfe5) c.j     pc - 8
core   0: 3 0x8000eae4 (0xbfe5)
core   0: 0x8000eadc (0x00001f17) auipc   t5, 0x1
core   0: 3 0x8000eadc (0x00001f17) x30 0x8000fadc
core   0: 0x8000eae0 (0x523f2223) sw      gp, 1316(t5)
core   0: 3 0x8000eae0 (0x523f2223) mem 0x80010000 0x00000001
core   0: 0x8000eae4 (0x0000bfe5) c.j     pc - 8
core   0: 3 0x8000eae4 (0xbfe5)
core   0: 0x8000eadc (0x00001f17) auipc   t5, 0x1
core   0: 3 0x8000eadc (0x00001f17) x30 0x8000fadc
core   0: 0x8000eae0 (0x523f2223) sw      gp, 1316(t5)
core   0: 3 0x8000eae0 (0x523f2223) mem 0x80010000 0x00000001
core   0: 0x8000eae4 (0x0000bfe5) c.j     pc - 8
core   0: 3 0x8000eae4 (0xbfe5)
core   0: 0x8000eadc (0x00001f17) auipc   t5, 0x1
core   0: 3 0x8000eadc (0x00001f17) x30 0x8000fadc
core   0: 0x8000eae0 (0x523f2223) sw      gp, 1316(t5)
core   0: 3 0x8000eae0 (0x523f2223) mem 0x80010000 0x00000001
core   0: 0x8000eae4 (0x0000bfe5) c.j     pc - 8
core   0: 3 0x8000eae4 (0xbfe5)
core   0: 0x8000eadc (0x00001f17) auipc   t5, 0x1
core   0: 3 0x8000eadc (0x00001f17) x30 0x8000fadc
core   0: 0x8000eae0 (0x523f2223) sw      gp, 1316(t5)
core   0: 3 0x8000eae0 (0x523f2223) mem 0x80010000 0x00000001
core   0: 0x8000eae4 (0x0000bfe5) c.j     pc - 8
core   0: 3 0x8000eae4 (0xbfe5)
core   0: 0x8000eadc (0x00001f17) auipc   t5, 0x1
core   0: 3 0x8000eadc (0x00001f17) x30 0x8000fadc
core   0: 0x8000eae0 (0x523f2223) sw      gp, 1316(t5)
core   0: 3 0x8000eae0 (0x523f2223) mem 0x80010000 0x00000001
core   0: 0x8000eae4 (0x0000bfe5) c.j     pc - 8
core   0: 3 0x8000eae4 (0xbfe5)
core   0: 0x8000eadc (0x00001f17) auipc   t5, 0x1
core   0: 3 0x8000eadc (0x00001f17) x30 0x8000fadc
core   0: 0x8000eae0 (0x523f2223) sw      gp, 1316(t5)
core   0: 3 0x8000eae0 (0x523f2223) mem 0x80010000 0x00000001
core   0: 0x8000eae4 (0x0000bfe5) c.j     pc - 8
core   0: 3 0x8000eae4 (0xbfe5)
core   0: 0x8000eadc (0x00001f17) auipc   t5, 0x1
core   0: 3 0x8000eadc (0x00001f17) x30 0x8000fadc
core   0: 0x8000eae0 (0x523f2223) sw      gp, 1316(t5)
core   0: 3 0x8000eae0 (0x523f2223) mem 0x80010000 0x00000001
core   0: 0x8000eae4 (0x0000bfe5) c.j     pc - 8
core   0: 3 0x8000eae4 (0xbfe5)
core   0: 0x8000eadc (0x00001f17) auipc   t5, 0x1
core   0: 3 0x8000eadc (0x00001f17) x30 0x8000fadc
core   0: 0x8000eae0 (0x523f2223) sw      gp, 1316(t5)
core   0: 3 0x8000eae0 (0x523f2223) mem 0x80010000 0x00000001
core   0: 0x8000eae4 (0x0000bfe5) c.j     pc - 8
core   0: 3 0x8000eae4 (0xbfe5)
core   0: 0x8000eadc (0x00001f17) auipc   t5, 0x1
core   0: 3 0x8000eadc (0x00001f17) x30 0x8000fadc
core   0: 0x8000eae0 (0x523f2223) sw      gp, 1316(t5)
core   0: 3 0x8000eae0 (0x523f2223) mem 0x80010000 0x00000001
core   0: 0x8000eae4 (0x0000bfe5) c.j     pc - 8
core   0: 3 0x8000eae4 (0xbfe5)
core   0: 0x8000eadc (0x00001f17) auipc   t5, 0x1
core   0: 3 0x8000eadc (0x00001f17) x30 0x8000fadc
core   0: 0x8000eae0 (0x523f2223) sw      gp, 1316(t5)
core   0: 3 0x8000eae0 (0x523f2223) mem 0x80010000 0x00000001
core   0: 0x8000eae4 (0x0000bfe5) c.j     pc - 8
core   0: 3 0x8000eae4 (0xbfe5)
core   0: 0x8000eadc (0x00001f17) auipc   t5, 0x1
core   0: 3 0x8000eadc (0x00001f17) x30 0x8000fadc
core   0: 0x8000eae0 (0x523f2223) sw      gp, 1316(t5)
core   0: 3 0x8000eae0 (0x523f2223) mem 0x80010000 0x00000001
core   0: 0x8000eae4 (0x0000bfe5) c.j     pc - 8
core   0: 3 0x8000eae4 (0xbfe5)
core   0: 0x8000eadc (0x00001f17) auipc   t5, 0x1
core   0: 3 0x8000eadc (0x00001f17) x30 0x8000fadc
core   0: 0x8000eae0 (0x523f2223) sw      gp, 1316(t5)
core   0: 3 0x8000eae0 (0x523f2223) mem 0x80010000 0x00000001
core   0: 0x8000eae4 (0x0000bfe5) c.j     pc - 8
core   0: 3 0x8000eae4 (0xbfe5)
core   0: 0x8000eadc (0x00001f17) auipc   t5, 0x1
core   0: 3 0x8000eadc (0x00001f17) x30 0x8000fadc
core   0: 0x8000eae0 (0x523f2223) sw      gp, 1316(t5)
core   0: 3 0x8000eae0 (0x523f2223) mem 0x80010000 0x00000001
core   0: 0x8000eae4 (0x0000bfe5) c.j     pc - 8
core   0: 3 0x8000eae4 (0xbfe5)
core   0: 0x8000eadc (0x00001f17) auipc   t5, 0x1
core   0: 3 0x8000eadc (0x00001f17) x30 0x8000fadc
core   0: 0x8000eae0 (0x523f2223) sw      gp, 1316(t5)
core   0: 3 0x8000eae0 (0x523f2223) mem 0x80010000 0x00000001
core   0: 0x8000eae4 (0x0000bfe5) c.j     pc - 8
core   0: 3 0x8000eae4 (0xbfe5)
core   0: 0x8000eadc (0x00001f17) auipc   t5, 0x1
core   0: 3 0x8000eadc (0x00001f17) x30 0x8000fadc
core   0: 0x8000eae0 (0x523f2223) sw      gp, 1316(t5)
core   0: 3 0x8000eae0 (0x523f2223) mem 0x80010000 0x00000001
core   0: 0x8000eae4 (0x0000bfe5) c.j     pc - 8
core   0: 3 0x8000eae4 (0xbfe5)
core   0: 0x8000eadc (0x00001f17) auipc   t5, 0x1
core   0: 3 0x8000eadc (0x00001f17) x30 0x8000fadc
core   0: 0x8000eae0 (0x523f2223) sw      gp, 1316(t5)
core   0: 3 0x8000eae0 (0x523f2223) mem 0x80010000 0x00000001
core   0: 0x8000eae4 (0x0000bfe5) c.j     pc - 8
core   0: 3 0x8000eae4 (0xbfe5)
core   0: 0x8000eadc (0x00001f17) auipc   t5, 0x1
core   0: 3 0x8000eadc (0x00001f17) x30 0x8000fadc
core   0: 0x8000eae0 (0x523f2223) sw      gp, 1316(t5)
core   0: 3 0x8000eae0 (0x523f2223) mem 0x80010000 0x00000001
core   0: 0x8000eae4 (0x0000bfe5) c.j     pc - 8
core   0: 3 0x8000eae4 (0xbfe5)
core   0: 0x8000eadc (0x00001f17) auipc   t5, 0x1
core   0: 3 0x8000eadc (0x00001f17) x30 0x8000fadc
core   0: 0x8000eae0 (0x523f2223) sw      gp, 1316(t5)
core   0: 3 0x8000eae0 (0x523f2223) mem 0x80010000 0x00000001
core   0: 0x8000eae4 (0x0000bfe5) c.j     pc - 8
core   0: 3 0x8000eae4 (0xbfe5)
core   0: 0x8000eadc (0x00001f17) auipc   t5, 0x1
core   0: 3 0x8000eadc (0x00001f17) x30 0x8000fadc
core   0: 0x8000eae0 (0x523f2223) sw      gp, 1316(t5)
core   0: 3 0x8000eae0 (0x523f2223) mem 0x80010000 0x00000001
core   0: 0x8000eae4 (0x0000bfe5) c.j     pc - 8
core   0: 3 0x8000eae4 (0xbfe5)
core   0: 0x8000eadc (0x00001f17) auipc   t5, 0x1
core   0: 3 0x8000eadc (0x00001f17) x30 0x8000fadc
core   0: 0x8000eae0 (0x523f2223) sw      gp, 1316(t5)
core   0: 3 0x8000eae0 (0x523f2223) mem 0x80010000 0x00000001
core   0: 0x8000eae4 (0x0000bfe5) c.j     pc - 8
core   0: 3 0x8000eae4 (0xbfe5)
core   0: 0x8000eadc (0x00001f17) auipc   t5, 0x1
core   0: 3 0x8000eadc (0x00001f17) x30 0x8000fadc
core   0: 0x8000eae0 (0x523f2223) sw      gp, 1316(t5)
core   0: 3 0x8000eae0 (0x523f2223) mem 0x80010000 0x00000001
core   0: 0x8000eae4 (0x0000bfe5) c.j     pc - 8
core   0: 3 0x8000eae4 (0xbfe5)
core   0: 0x8000eadc (0x00001f17) auipc   t5, 0x1
core   0: 3 0x8000eadc (0x00001f17) x30 0x8000fadc
core   0: 0x8000eae0 (0x523f2223) sw      gp, 1316(t5)
core   0: 3 0x8000eae0 (0x523f2223) mem 0x80010000 0x00000001
core   0: 0x8000eae4 (0x0000bfe5) c.j     pc - 8
core   0: 3 0x8000eae4 (0xbfe5)
core   0: 0x8000eadc (0x00001f17) auipc   t5, 0x1
core   0: 3 0x8000eadc (0x00001f17) x30 0x8000fadc
core   0: 0x8000eae0 (0x523f2223) sw      gp, 1316(t5)
core   0: 3 0x8000eae0 (0x523f2223) mem 0x80010000 0x00000001
core   0: 0x8000eae4 (0x0000bfe5) c.j     pc - 8
core   0: 3 0x8000eae4 (0xbfe5)
core   0: 0x8000eadc (0x00001f17) auipc   t5, 0x1
core   0: 3 0x8000eadc (0x00001f17) x30 0x8000fadc
core   0: 0x8000eae0 (0x523f2223) sw      gp, 1316(t5)
core   0: 3 0x8000eae0 (0x523f2223) mem 0x80010000 0x00000001
core   0: 0x8000eae4 (0x0000bfe5) c.j     pc - 8
core   0: 3 0x8000eae4 (0xbfe5)
core   0: 0x8000eadc (0x00001f17) auipc   t5, 0x1
core   0: 3 0x8000eadc (0x00001f17) x30 0x8000fadc
core   0: 0x8000eae0 (0x523f2223) sw      gp, 1316(t5)
core   0: 3 0x8000eae0 (0x523f2223) mem 0x80010000 0x00000001
core   0: 0x8000eae4 (0x0000bfe5) c.j     pc - 8
core   0: 3 0x8000eae4 (0xbfe5)
core   0: 0x8000eadc (0x00001f17) auipc   t5, 0x1
core   0: 3 0x8000eadc (0x00001f17) x30 0x8000fadc
core   0: 0x8000eae0 (0x523f2223) sw      gp, 1316(t5)
core   0: 3 0x8000eae0 (0x523f2223) mem 0x80010000 0x00000001
core   0: 0x8000eae4 (0x0000bfe5) c.j     pc - 8
core   0: 3 0x8000eae4 (0xbfe5)
core   0: 0x8000eadc (0x00001f17) auipc   t5, 0x1
core   0: 3 0x8000eadc (0x00001f17) x30 0x8000fadc
core   0: 0x8000eae0 (0x523f2223) sw      gp, 1316(t5)
core   0: 3 0x8000eae0 (0x523f2223) mem 0x80010000 0x00000001
core   0: 0x8000eae4 (0x0000bfe5) c.j     pc - 8
core   0: 3 0x8000eae4 (0xbfe5)
core   0: 0x8000eadc (0x00001f17) auipc   t5, 0x1
core   0: 3 0x8000eadc (0x00001f17) x30 0x8000fadc
core   0: 0x8000eae0 (0x523f2223) sw      gp, 1316(t5)
core   0: 3 0x8000eae0 (0x523f2223) mem 0x80010000 0x00000001
core   0: 0x8000eae4 (0x0000bfe5) c.j     pc - 8
core   0: 3 0x8000eae4 (0xbfe5)
core   0: 0x8000eadc (0x00001f17) auipc   t5, 0x1
core   0: 3 0x8000eadc (0x00001f17) x30 0x8000fadc
core   0: 0x8000eae0 (0x523f2223) sw      gp, 1316(t5)
core   0: 3 0x8000eae0 (0x523f2223) mem 0x80010000 0x00000001
core   0: 0x8000eae4 (0x0000bfe5) c.j     pc - 8
core   0: 3 0x8000eae4 (0xbfe5)
core   0: 0x8000eadc (0x00001f17) auipc   t5, 0x1
core   0: 3 0x8000eadc (0x00001f17) x30 0x8000fadc
core   0: 0x8000eae0 (0x523f2223) sw      gp, 1316(t5)
core   0: 3 0x8000eae0 (0x523f2223) mem 0x80010000 0x00000001
core   0: 0x8000eae4 (0x0000bfe5) c.j     pc - 8
core   0: 3 0x8000eae4 (0xbfe5)
core   0: 0x8000eadc (0x00001f17) auipc   t5, 0x1
core   0: 3 0x8000eadc (0x00001f17) x30 0x8000fadc
core   0: 0x8000eae0 (0x523f2223) sw      gp, 1316(t5)
core   0: 3 0x8000eae0 (0x523f2223) mem 0x80010000 0x00000001
core   0: 0x8000eae4 (0x0000bfe5) c.j     pc - 8
core   0: 3 0x8000eae4 (0xbfe5)
core   0: 0x8000eadc (0x00001f17) auipc   t5, 0x1
core   0: 3 0x8000eadc (0x00001f17) x30 0x8000fadc
core   0: 0x8000eae0 (0x523f2223) sw      gp, 1316(t5)
core   0: 3 0x8000eae0 (0x523f2223) mem 0x80010000 0x00000001
core   0: 0x8000eae4 (0x0000bfe5) c.j     pc - 8
core   0: 3 0x8000eae4 (0xbfe5)
core   0: 0x8000eadc (0x00001f17) auipc   t5, 0x1
core   0: 3 0x8000eadc (0x00001f17) x30 0x8000fadc
core   0: 0x8000eae0 (0x523f2223) sw      gp, 1316(t5)
core   0: 3 0x8000eae0 (0x523f2223) mem 0x80010000 0x00000001
core   0: 0x8000eae4 (0x0000bfe5) c.j     pc - 8
core   0: 3 0x8000eae4 (0xbfe5)
core   0: 0x8000eadc (0x00001f17) auipc   t5, 0x1
core   0: 3 0x8000eadc (0x00001f17) x30 0x8000fadc
core   0: 0x8000eae0 (0x523f2223) sw      gp, 1316(t5)
core   0: 3 0x8000eae0 (0x523f2223) mem 0x80010000 0x00000001
core   0: 0x8000eae4 (0x0000bfe5) c.j     pc - 8
core   0: 3 0x8000eae4 (0xbfe5)
core   0: 0x8000eadc (0x00001f17) auipc   t5, 0x1
core   0: 3 0x8000eadc (0x00001f17) x30 0x8000fadc
core   0: 0x8000eae0 (0x523f2223) sw      gp, 1316(t5)
core   0: 3 0x8000eae0 (0x523f2223) mem 0x80010000 0x00000001
core   0: 0x8000eae4 (0x0000bfe5) c.j     pc - 8
core   0: 3 0x8000eae4 (0xbfe5)
core   0: 0x8000eadc (0x00001f17) auipc   t5, 0x1
core   0: 3 0x8000eadc (0x00001f17) x30 0x8000fadc
core   0: 0x8000eae0 (0x523f2223) sw      gp, 1316(t5)
core   0: 3 0x8000eae0 (0x523f2223) mem 0x80010000 0x00000001
core   0: 0x8000eae4 (0x0000bfe5) c.j     pc - 8
core   0: 3 0x8000eae4 (0xbfe5)
core   0: 0x8000eadc (0x00001f17) auipc   t5, 0x1
core   0: 3 0x8000eadc (0x00001f17) x30 0x8000fadc
core   0: 0x8000eae0 (0x523f2223) sw      gp, 1316(t5)
core   0: 3 0x8000eae0 (0x523f2223) mem 0x80010000 0x00000001
core   0: 0x8000eae4 (0x0000bfe5) c.j     pc - 8
core   0: 3 0x8000eae4 (0xbfe5)
core   0: 0x8000eadc (0x00001f17) auipc   t5, 0x1
core   0: 3 0x8000eadc (0x00001f17) x30 0x8000fadc
core   0: 0x8000eae0 (0x523f2223) sw      gp, 1316(t5)
core   0: 3 0x8000eae0 (0x523f2223) mem 0x80010000 0x00000001
core   0: 0x8000eae4 (0x0000bfe5) c.j     pc - 8
core   0: 3 0x8000eae4 (0xbfe5)
core   0: 0x8000eadc (0x00001f17) auipc   t5, 0x1
core   0: 3 0x8000eadc (0x00001f17) x30 0x8000fadc
core   0: 0x8000eae0 (0x523f2223) sw      gp, 1316(t5)
core   0: 3 0x8000eae0 (0x523f2223) mem 0x80010000 0x00000001
core   0: 0x8000eae4 (0x0000bfe5) c.j     pc - 8
core   0: 3 0x8000eae4 (0xbfe5)
core   0: 0x8000eadc (0x00001f17) auipc   t5, 0x1
core   0: 3 0x8000eadc (0x00001f17) x30 0x8000fadc
core   0: 0x8000eae0 (0x523f2223) sw      gp, 1316(t5)
core   0: 3 0x8000eae0 (0x523f2223) mem 0x80010000 0x00000001
core   0: 0x8000eae4 (0x0000bfe5) c.j     pc - 8
core   0: 3 0x8000eae4 (0xbfe5)
core   0: 0x8000eadc (0x00001f17) auipc   t5, 0x1
core   0: 3 0x8000eadc (0x00001f17) x30 0x8000fadc
core   0: 0x8000eae0 (0x523f2223) sw      gp, 1316(t5)
core   0: 3 0x8000eae0 (0x523f2223) mem 0x80010000 0x00000001
core   0: 0x8000eae4 (0x0000bfe5) c.j     pc - 8
core   0: 3 0x8000eae4 (0xbfe5)
core   0: 0x8000eadc (0x00001f17) auipc   t5, 0x1
core   0: 3 0x8000eadc (0x00001f17) x30 0x8000fadc
core   0: 0x8000eae0 (0x523f2223) sw      gp, 1316(t5)
core   0: 3 0x8000eae0 (0x523f2223) mem 0x80010000 0x00000001
core   0: 0x8000eae4 (0x0000bfe5) c.j     pc - 8
core   0: 3 0x8000eae4 (0xbfe5)
core   0: 0x8000eadc (0x00001f17) auipc   t5, 0x1
core   0: 3 0x8000eadc (0x00001f17) x30 0x8000fadc
core   0: 0x8000eae0 (0x523f2223) sw      gp, 1316(t5)
core   0: 3 0x8000eae0 (0x523f2223) mem 0x80010000 0x00000001
core   0: 0x8000eae4 (0x0000bfe5) c.j     pc - 8
core   0: 3 0x8000eae4 (0xbfe5)
core   0: 0x8000eadc (0x00001f17) auipc   t5, 0x1
core   0: 3 0x8000eadc (0x00001f17) x30 0x8000fadc
core   0: 0x8000eae0 (0x523f2223) sw      gp, 1316(t5)
core   0: 3 0x8000eae0 (0x523f2223) mem 0x80010000 0x00000001
core   0: 0x8000eae4 (0x0000bfe5) c.j     pc - 8
core   0: 3 0x8000eae4 (0xbfe5)
core   0: 0x8000eadc (0x00001f17) auipc   t5, 0x1
core   0: 3 0x8000eadc (0x00001f17) x30 0x8000fadc
core   0: 0x8000eae0 (0x523f2223) sw      gp, 1316(t5)
core   0: 3 0x8000eae0 (0x523f2223) mem 0x80010000 0x00000001
core   0: 0x8000eae4 (0x0000bfe5) c.j     pc - 8
core   0: 3 0x8000eae4 (0xbfe5)
core   0: 0x8000eadc (0x00001f17) auipc   t5, 0x1
core   0: 3 0x8000eadc (0x00001f17) x30 0x8000fadc
core   0: 0x8000eae0 (0x523f2223) sw      gp, 1316(t5)
core   0: 3 0x8000eae0 (0x523f2223) mem 0x80010000 0x00000001
core   0: 0x8000eae4 (0x0000bfe5) c.j     pc - 8
core   0: 3 0x8000eae4 (0xbfe5)
core   0: 0x8000eadc (0x00001f17) auipc   t5, 0x1
core   0: 3 0x8000eadc (0x00001f17) x30 0x8000fadc
core   0: 0x8000eae0 (0x523f2223) sw      gp, 1316(t5)
core   0: 3 0x8000eae0 (0x523f2223) mem 0x80010000 0x00000001
core   0: 0x8000eae4 (0x0000bfe5) c.j     pc - 8
core   0: 3 0x8000eae4 (0xbfe5)
core   0: 0x8000eadc (0x00001f17) auipc   t5, 0x1
core   0: 3 0x8000eadc (0x00001f17) x30 0x8000fadc
core   0: 0x8000eae0 (0x523f2223) sw      gp, 1316(t5)
core   0: 3 0x8000eae0 (0x523f2223) mem 0x80010000 0x00000001
core   0: 0x8000eae4 (0x0000bfe5) c.j     pc - 8
core   0: 3 0x8000eae4 (0xbfe5)
core   0: 0x8000eadc (0x00001f17) auipc   t5, 0x1
core   0: 3 0x8000eadc (0x00001f17) x30 0x8000fadc
core   0: 0x8000eae0 (0x523f2223) sw      gp, 1316(t5)
core   0: 3 0x8000eae0 (0x523f2223) mem 0x80010000 0x00000001
core   0: 0x8000eae4 (0x0000bfe5) c.j     pc - 8
core   0: 3 0x8000eae4 (0xbfe5)
core   0: 0x8000eadc (0x00001f17) auipc   t5, 0x1
core   0: 3 0x8000eadc (0x00001f17) x30 0x8000fadc
core   0: 0x8000eae0 (0x523f2223) sw      gp, 1316(t5)
core   0: 3 0x8000eae0 (0x523f2223) mem 0x80010000 0x00000001
core   0: 0x8000eae4 (0x0000bfe5) c.j     pc - 8
core   0: 3 0x8000eae4 (0xbfe5)
core   0: 0x8000eadc (0x00001f17) auipc   t5, 0x1
core   0: 3 0x8000eadc (0x00001f17) x30 0x8000fadc
core   0: 0x8000eae0 (0x523f2223) sw      gp, 1316(t5)
core   0: 3 0x8000eae0 (0x523f2223) mem 0x80010000 0x00000001
core   0: 0x8000eae4 (0x0000bfe5) c.j     pc - 8
core   0: 3 0x8000eae4 (0xbfe5)
core   0: 0x8000eadc (0x00001f17) auipc   t5, 0x1
core   0: 3 0x8000eadc (0x00001f17) x30 0x8000fadc
core   0: 0x8000eae0 (0x523f2223) sw      gp, 1316(t5)
core   0: 3 0x8000eae0 (0x523f2223) mem 0x80010000 0x00000001
core   0: 0x8000eae4 (0x0000bfe5) c.j     pc - 8
core   0: 3 0x8000eae4 (0xbfe5)
core   0: 0x8000eadc (0x00001f17) auipc   t5, 0x1
core   0: 3 0x8000eadc (0x00001f17) x30 0x8000fadc
core   0: 0x8000eae0 (0x523f2223) sw      gp, 1316(t5)
core   0: 3 0x8000eae0 (0x523f2223) mem 0x80010000 0x00000001
core   0: 0x8000eae4 (0x0000bfe5) c.j     pc - 8
core   0: 3 0x8000eae4 (0xbfe5)
core   0: 0x8000eadc (0x00001f17) auipc   t5, 0x1
core   0: 3 0x8000eadc (0x00001f17) x30 0x8000fadc
core   0: 0x8000eae0 (0x523f2223) sw      gp, 1316(t5)
core   0: 3 0x8000eae0 (0x523f2223) mem 0x80010000 0x00000001
core   0: 0x8000eae4 (0x0000bfe5) c.j     pc - 8
core   0: 3 0x8000eae4 (0xbfe5)
core   0: 0x8000eadc (0x00001f17) auipc   t5, 0x1
core   0: 3 0x8000eadc (0x00001f17) x30 0x8000fadc
core   0: 0x8000eae0 (0x523f2223) sw      gp, 1316(t5)
core   0: 3 0x8000eae0 (0x523f2223) mem 0x80010000 0x00000001
core   0: 0x8000eae4 (0x0000bfe5) c.j     pc - 8
core   0: 3 0x8000eae4 (0xbfe5)
core   0: 0x8000eadc (0x00001f17) auipc   t5, 0x1
core   0: 3 0x8000eadc (0x00001f17) x30 0x8000fadc
core   0: 0x8000eae0 (0x523f2223) sw      gp, 1316(t5)
core   0: 3 0x8000eae0 (0x523f2223) mem 0x80010000 0x00000001
core   0: 0x8000eae4 (0x0000bfe5) c.j     pc - 8
core   0: 3 0x8000eae4 (0xbfe5)
core   0: 0x8000eadc (0x00001f17) auipc   t5, 0x1
core   0: 3 0x8000eadc (0x00001f17) x30 0x8000fadc
core   0: 0x8000eae0 (0x523f2223) sw      gp, 1316(t5)
core   0: 3 0x8000eae0 (0x523f2223) mem 0x80010000 0x00000001
core   0: 0x8000eae4 (0x0000bfe5) c.j     pc - 8
core   0: 3 0x8000eae4 (0xbfe5)
core   0: 0x8000eadc (0x00001f17) auipc   t5, 0x1
core   0: 3 0x8000eadc (0x00001f17) x30 0x8000fadc
core   0: 0x8000eae0 (0x523f2223) sw      gp, 1316(t5)
core   0: 3 0x8000eae0 (0x523f2223) mem 0x80010000 0x00000001
core   0: 0x8000eae4 (0x0000bfe5) c.j     pc - 8
core   0: 3 0x8000eae4 (0xbfe5)
core   0: 0x8000eadc (0x00001f17) auipc   t5, 0x1
core   0: 3 0x8000eadc (0x00001f17) x30 0x8000fadc
core   0: 0x8000eae0 (0x523f2223) sw      gp, 1316(t5)
core   0: 3 0x8000eae0 (0x523f2223) mem 0x80010000 0x00000001
core   0: 0x8000eae4 (0x0000bfe5) c.j     pc - 8
core   0: 3 0x8000eae4 (0xbfe5)
core   0: 0x8000eadc (0x00001f17) auipc   t5, 0x1
core   0: 3 0x8000eadc (0x00001f17) x30 0x8000fadc
core   0: 0x8000eae0 (0x523f2223) sw      gp, 1316(t5)
core   0: 3 0x8000eae0 (0x523f2223) mem 0x80010000 0x00000001
core   0: 0x8000eae4 (0x0000bfe5) c.j     pc - 8
core   0: 3 0x8000eae4 (0xbfe5)
core   0: 0x8000eadc (0x00001f17) auipc   t5, 0x1
core   0: 3 0x8000eadc (0x00001f17) x30 0x8000fadc
core   0: 0x8000eae0 (0x523f2223) sw      gp, 1316(t5)
core   0: 3 0x8000eae0 (0x523f2223) mem 0x80010000 0x00000001
core   0: 0x8000eae4 (0x0000bfe5) c.j     pc - 8
core   0: 3 0x8000eae4 (0xbfe5)
core   0: 0x8000eadc (0x00001f17) auipc   t5, 0x1
core   0: 3 0x8000eadc (0x00001f17) x30 0x8000fadc
core   0: 0x8000eae0 (0x523f2223) sw      gp, 1316(t5)
core   0: 3 0x8000eae0 (0x523f2223) mem 0x80010000 0x00000001
core   0: 0x8000eae4 (0x0000bfe5) c.j     pc - 8
core   0: 3 0x8000eae4 (0xbfe5)
core   0: 0x8000eadc (0x00001f17) auipc   t5, 0x1
core   0: 3 0x8000eadc (0x00001f17) x30 0x8000fadc
core   0: 0x8000eae0 (0x523f2223) sw      gp, 1316(t5)
core   0: 3 0x8000eae0 (0x523f2223) mem 0x80010000 0x00000001
core   0: 0x8000eae4 (0x0000bfe5) c.j     pc - 8
core   0: 3 0x8000eae4 (0xbfe5)
core   0: 0x8000eadc (0x00001f17) auipc   t5, 0x1
core   0: 3 0x8000eadc (0x00001f17) x30 0x8000fadc
core   0: 0x8000eae0 (0x523f2223) sw      gp, 1316(t5)
core   0: 3 0x8000eae0 (0x523f2223) mem 0x80010000 0x00000001
core   0: 0x8000eae4 (0x0000bfe5) c.j     pc - 8
core   0: 3 0x8000eae4 (0xbfe5)
core   0: 0x8000eadc (0x00001f17) auipc   t5, 0x1
core   0: 3 0x8000eadc (0x00001f17) x30 0x8000fadc
core   0: 0x8000eae0 (0x523f2223) sw      gp, 1316(t5)
core   0: 3 0x8000eae0 (0x523f2223) mem 0x80010000 0x00000001
core   0: 0x8000eae4 (0x0000bfe5) c.j     pc - 8
core   0: 3 0x8000eae4 (0xbfe5)
core   0: 0x8000eadc (0x00001f17) auipc   t5, 0x1
core   0: 3 0x8000eadc (0x00001f17) x30 0x8000fadc
core   0: 0x8000eae0 (0x523f2223) sw      gp, 1316(t5)
core   0: 3 0x8000eae0 (0x523f2223) mem 0x80010000 0x00000001
core   0: 0x8000eae4 (0x0000bfe5) c.j     pc - 8
core   0: 3 0x8000eae4 (0xbfe5)
core   0: 0x8000eadc (0x00001f17) auipc   t5, 0x1
core   0: 3 0x8000eadc (0x00001f17) x30 0x8000fadc
core   0: 0x8000eae0 (0x523f2223) sw      gp, 1316(t5)
core   0: 3 0x8000eae0 (0x523f2223) mem 0x80010000 0x00000001
core   0: 0x8000eae4 (0x0000bfe5) c.j     pc - 8
core   0: 3 0x8000eae4 (0xbfe5)
core   0: 0x8000eadc (0x00001f17) auipc   t5, 0x1
core   0: 3 0x8000eadc (0x00001f17) x30 0x8000fadc
core   0: 0x8000eae0 (0x523f2223) sw      gp, 1316(t5)
core   0: 3 0x8000eae0 (0x523f2223) mem 0x80010000 0x00000001
core   0: 0x8000eae4 (0x0000bfe5) c.j     pc - 8
core   0: 3 0x8000eae4 (0xbfe5)
core   0: 0x8000eadc (0x00001f17) auipc   t5, 0x1
core   0: 3 0x8000eadc (0x00001f17) x30 0x8000fadc
core   0: 0x8000eae0 (0x523f2223) sw      gp, 1316(t5)
core   0: 3 0x8000eae0 (0x523f2223) mem 0x80010000 0x00000001
core   0: 0x8000eae4 (0x0000bfe5) c.j     pc - 8
core   0: 3 0x8000eae4 (0xbfe5)
core   0: 0x8000eadc (0x00001f17) auipc   t5, 0x1
core   0: 3 0x8000eadc (0x00001f17) x30 0x8000fadc
core   0: 0x8000eae0 (0x523f2223) sw      gp, 1316(t5)
core   0: 3 0x8000eae0 (0x523f2223) mem 0x80010000 0x00000001
core   0: 0x8000eae4 (0x0000bfe5) c.j     pc - 8
core   0: 3 0x8000eae4 (0xbfe5)
core   0: 0x8000eadc (0x00001f17) auipc   t5, 0x1
core   0: 3 0x8000eadc (0x00001f17) x30 0x8000fadc
core   0: 0x8000eae0 (0x523f2223) sw      gp, 1316(t5)
core   0: 3 0x8000eae0 (0x523f2223) mem 0x80010000 0x00000001
core   0: 0x8000eae4 (0x0000bfe5) c.j     pc - 8
core   0: 3 0x8000eae4 (0xbfe5)
core   0: 0x8000eadc (0x00001f17) auipc   t5, 0x1
core   0: 3 0x8000eadc (0x00001f17) x30 0x8000fadc
core   0: 0x8000eae0 (0x523f2223) sw      gp, 1316(t5)
core   0: 3 0x8000eae0 (0x523f2223) mem 0x80010000 0x00000001
core   0: 0x8000eae4 (0x0000bfe5) c.j     pc - 8
core   0: 3 0x8000eae4 (0xbfe5)
core   0: 0x8000eadc (0x00001f17) auipc   t5, 0x1
core   0: 3 0x8000eadc (0x00001f17) x30 0x8000fadc
core   0: 0x8000eae0 (0x523f2223) sw      gp, 1316(t5)
core   0: 3 0x8000eae0 (0x523f2223) mem 0x80010000 0x00000001
core   0: 0x8000eae4 (0x0000bfe5) c.j     pc - 8
core   0: 3 0x8000eae4 (0xbfe5)
core   0: 0x8000eadc (0x00001f17) auipc   t5, 0x1
core   0: 3 0x8000eadc (0x00001f17) x30 0x8000fadc
core   0: 0x8000eae0 (0x523f2223) sw      gp, 1316(t5)
core   0: 3 0x8000eae0 (0x523f2223) mem 0x80010000 0x00000001
core   0: 0x8000eae4 (0x0000bfe5) c.j     pc - 8
core   0: 3 0x8000eae4 (0xbfe5)
core   0: 0x8000eadc (0x00001f17) auipc   t5, 0x1
core   0: 3 0x8000eadc (0x00001f17) x30 0x8000fadc
core   0: 0x8000eae0 (0x523f2223) sw      gp, 1316(t5)
core   0: 3 0x8000eae0 (0x523f2223) mem 0x80010000 0x00000001
core   0: 0x8000eae4 (0x0000bfe5) c.j     pc - 8
core   0: 3 0x8000eae4 (0xbfe5)
core   0: 0x8000eadc (0x00001f17) auipc   t5, 0x1
core   0: 3 0x8000eadc (0x00001f17) x30 0x8000fadc
core   0: 0x8000eae0 (0x523f2223) sw      gp, 1316(t5)
core   0: 3 0x8000eae0 (0x523f2223) mem 0x80010000 0x00000001
core   0: 0x8000eae4 (0x0000bfe5) c.j     pc - 8
core   0: 3 0x8000eae4 (0xbfe5)
core   0: 0x8000eadc (0x00001f17) auipc   t5, 0x1
core   0: 3 0x8000eadc (0x00001f17) x30 0x8000fadc
core   0: 0x8000eae0 (0x523f2223) sw      gp, 1316(t5)
core   0: 3 0x8000eae0 (0x523f2223) mem 0x80010000 0x00000001
core   0: 0x8000eae4 (0x0000bfe5) c.j     pc - 8
core   0: 3 0x8000eae4 (0xbfe5)
core   0: 0x8000eadc (0x00001f17) auipc   t5, 0x1
core   0: 3 0x8000eadc (0x00001f17) x30 0x8000fadc
core   0: 0x8000eae0 (0x523f2223) sw      gp, 1316(t5)
core   0: 3 0x8000eae0 (0x523f2223) mem 0x80010000 0x00000001
core   0: 0x8000eae4 (0x0000bfe5) c.j     pc - 8
core   0: 3 0x8000eae4 (0xbfe5)
core   0: 0x8000eadc (0x00001f17) auipc   t5, 0x1
core   0: 3 0x8000eadc (0x00001f17) x30 0x8000fadc
core   0: 0x8000eae0 (0x523f2223) sw      gp, 1316(t5)
core   0: 3 0x8000eae0 (0x523f2223) mem 0x80010000 0x00000001
core   0: 0x8000eae4 (0x0000bfe5) c.j     pc - 8
core   0: 3 0x8000eae4 (0xbfe5)
core   0: 0x8000eadc (0x00001f17) auipc   t5, 0x1
core   0: 3 0x8000eadc (0x00001f17) x30 0x8000fadc
core   0: 0x8000eae0 (0x523f2223) sw      gp, 1316(t5)
core   0: 3 0x8000eae0 (0x523f2223) mem 0x80010000 0x00000001
core   0: 0x8000eae4 (0x0000bfe5) c.j     pc - 8
core   0: 3 0x8000eae4 (0xbfe5)
core   0: 0x8000eadc (0x00001f17) auipc   t5, 0x1
core   0: 3 0x8000eadc (0x00001f17) x30 0x8000fadc
core   0: 0x8000eae0 (0x523f2223) sw      gp, 1316(t5)
core   0: 3 0x8000eae0 (0x523f2223) mem 0x80010000 0x00000001
core   0: 0x8000eae4 (0x0000bfe5) c.j     pc - 8
core   0: 3 0x8000eae4 (0xbfe5)
core   0: 0x8000eadc (0x00001f17) auipc   t5, 0x1
core   0: 3 0x8000eadc (0x00001f17) x30 0x8000fadc
core   0: 0x8000eae0 (0x523f2223) sw      gp, 1316(t5)
core   0: 3 0x8000eae0 (0x523f2223) mem 0x80010000 0x00000001
core   0: 0x8000eae4 (0x0000bfe5) c.j     pc - 8
core   0: 3 0x8000eae4 (0xbfe5)
core   0: 0x8000eadc (0x00001f17) auipc   t5, 0x1
core   0: 3 0x8000eadc (0x00001f17) x30 0x8000fadc
core   0: 0x8000eae0 (0x523f2223) sw      gp, 1316(t5)
core   0: 3 0x8000eae0 (0x523f2223) mem 0x80010000 0x00000001
core   0: 0x8000eae4 (0x0000bfe5) c.j     pc - 8
core   0: 3 0x8000eae4 (0xbfe5)
core   0: 0x8000eadc (0x00001f17) auipc   t5, 0x1
core   0: 3 0x8000eadc (0x00001f17) x30 0x8000fadc
core   0: 0x8000eae0 (0x523f2223) sw      gp, 1316(t5)
core   0: 3 0x8000eae0 (0x523f2223) mem 0x80010000 0x00000001
core   0: 0x8000eae4 (0x0000bfe5) c.j     pc - 8
core   0: 3 0x8000eae4 (0xbfe5)
core   0: 0x8000eadc (0x00001f17) auipc   t5, 0x1
core   0: 3 0x8000eadc (0x00001f17) x30 0x8000fadc
core   0: 0x8000eae0 (0x523f2223) sw      gp, 1316(t5)
core   0: 3 0x8000eae0 (0x523f2223) mem 0x80010000 0x00000001
core   0: 0x8000eae4 (0x0000bfe5) c.j     pc - 8
core   0: 3 0x8000eae4 (0xbfe5)
core   0: 0x8000eadc (0x00001f17) auipc   t5, 0x1
core   0: 3 0x8000eadc (0x00001f17) x30 0x8000fadc
core   0: 0x8000eae0 (0x523f2223) sw      gp, 1316(t5)
core   0: 3 0x8000eae0 (0x523f2223) mem 0x80010000 0x00000001
core   0: 0x8000eae4 (0x0000bfe5) c.j     pc - 8
core   0: 3 0x8000eae4 (0xbfe5)
core   0: 0x8000eadc (0x00001f17) auipc   t5, 0x1
core   0: 3 0x8000eadc (0x00001f17) x30 0x8000fadc
core   0: 0x8000eae0 (0x523f2223) sw      gp, 1316(t5)
core   0: 3 0x8000eae0 (0x523f2223) mem 0x80010000 0x00000001
core   0: 0x8000eae4 (0x0000bfe5) c.j     pc - 8
core   0: 3 0x8000eae4 (0xbfe5)
core   0: 0x8000eadc (0x00001f17) auipc   t5, 0x1
core   0: 3 0x8000eadc (0x00001f17) x30 0x8000fadc
core   0: 0x8000eae0 (0x523f2223) sw      gp, 1316(t5)
core   0: 3 0x8000eae0 (0x523f2223) mem 0x80010000 0x00000001
core   0: 0x8000eae4 (0x0000bfe5) c.j     pc - 8
core   0: 3 0x8000eae4 (0xbfe5)
core   0: 0x8000eadc (0x00001f17) auipc   t5, 0x1
core   0: 3 0x8000eadc (0x00001f17) x30 0x8000fadc
core   0: 0x8000eae0 (0x523f2223) sw      gp, 1316(t5)
core   0: 3 0x8000eae0 (0x523f2223) mem 0x80010000 0x00000001
core   0: 0x8000eae4 (0x0000bfe5) c.j     pc - 8
core   0: 3 0x8000eae4 (0xbfe5)
core   0: 0x8000eadc (0x00001f17) auipc   t5, 0x1
core   0: 3 0x8000eadc (0x00001f17) x30 0x8000fadc
core   0: 0x8000eae0 (0x523f2223) sw      gp, 1316(t5)
core   0: 3 0x8000eae0 (0x523f2223) mem 0x80010000 0x00000001
core   0: 0x8000eae4 (0x0000bfe5) c.j     pc - 8
core   0: 3 0x8000eae4 (0xbfe5)
core   0: 0x8000eadc (0x00001f17) auipc   t5, 0x1
core   0: 3 0x8000eadc (0x00001f17) x30 0x8000fadc
core   0: 0x8000eae0 (0x523f2223) sw      gp, 1316(t5)
core   0: 3 0x8000eae0 (0x523f2223) mem 0x80010000 0x00000001
core   0: 0x8000eae4 (0x0000bfe5) c.j     pc - 8
core   0: 3 0x8000eae4 (0xbfe5)
core   0: 0x8000eadc (0x00001f17) auipc   t5, 0x1
core   0: 3 0x8000eadc (0x00001f17) x30 0x8000fadc
core   0: 0x8000eae0 (0x523f2223) sw      gp, 1316(t5)
core   0: 3 0x8000eae0 (0x523f2223) mem 0x80010000 0x00000001
core   0: 0x8000eae4 (0x0000bfe5) c.j     pc - 8
core   0: 3 0x8000eae4 (0xbfe5)
core   0: 0x8000eadc (0x00001f17) auipc   t5, 0x1
core   0: 3 0x8000eadc (0x00001f17) x30 0x8000fadc
core   0: 0x8000eae0 (0x523f2223) sw      gp, 1316(t5)
core   0: 3 0x8000eae0 (0x523f2223) mem 0x80010000 0x00000001
core   0: 0x8000eae4 (0x0000bfe5) c.j     pc - 8
core   0: 3 0x8000eae4 (0xbfe5)
core   0: 0x8000eadc (0x00001f17) auipc   t5, 0x1
core   0: 3 0x8000eadc (0x00001f17) x30 0x8000fadc
core   0: 0x8000eae0 (0x523f2223) sw      gp, 1316(t5)
core   0: 3 0x8000eae0 (0x523f2223) mem 0x80010000 0x00000001
core   0: 0x8000eae4 (0x0000bfe5) c.j     pc - 8
core   0: 3 0x8000eae4 (0xbfe5)
core   0: 0x8000eadc (0x00001f17) auipc   t5, 0x1
core   0: 3 0x8000eadc (0x00001f17) x30 0x8000fadc
core   0: 0x8000eae0 (0x523f2223) sw      gp, 1316(t5)
core   0: 3 0x8000eae0 (0x523f2223) mem 0x80010000 0x00000001
core   0: 0x8000eae4 (0x0000bfe5) c.j     pc - 8
core   0: 3 0x8000eae4 (0xbfe5)
core   0: 0x8000eadc (0x00001f17) auipc   t5, 0x1
core   0: 3 0x8000eadc (0x00001f17) x30 0x8000fadc
core   0: 0x8000eae0 (0x523f2223) sw      gp, 1316(t5)
core   0: 3 0x8000eae0 (0x523f2223) mem 0x80010000 0x00000001
core   0: 0x8000eae4 (0x0000bfe5) c.j     pc - 8
core   0: 3 0x8000eae4 (0xbfe5)
core   0: 0x8000eadc (0x00001f17) auipc   t5, 0x1
core   0: 3 0x8000eadc (0x00001f17) x30 0x8000fadc
core   0: 0x8000eae0 (0x523f2223) sw      gp, 1316(t5)
core   0: 3 0x8000eae0 (0x523f2223) mem 0x80010000 0x00000001
core   0: 0x8000eae4 (0x0000bfe5) c.j     pc - 8
core   0: 3 0x8000eae4 (0xbfe5)
core   0: 0x8000eadc (0x00001f17) auipc   t5, 0x1
core   0: 3 0x8000eadc (0x00001f17) x30 0x8000fadc
core   0: 0x8000eae0 (0x523f2223) sw      gp, 1316(t5)
core   0: 3 0x8000eae0 (0x523f2223) mem 0x80010000 0x00000001
core   0: 0x8000eae4 (0x0000bfe5) c.j     pc - 8
core   0: 3 0x8000eae4 (0xbfe5)
core   0: 0x8000eadc (0x00001f17) auipc   t5, 0x1
core   0: 3 0x8000eadc (0x00001f17) x30 0x8000fadc
core   0: 0x8000eae0 (0x523f2223) sw      gp, 1316(t5)
core   0: 3 0x8000eae0 (0x523f2223) mem 0x80010000 0x00000001
core   0: 0x8000eae4 (0x0000bfe5) c.j     pc - 8
core   0: 3 0x8000eae4 (0xbfe5)
core   0: 0x8000eadc (0x00001f17) auipc   t5, 0x1
core   0: 3 0x8000eadc (0x00001f17) x30 0x8000fadc
core   0: 0x8000eae0 (0x523f2223) sw      gp, 1316(t5)
core   0: 3 0x8000eae0 (0x523f2223) mem 0x80010000 0x00000001
core   0: 0x8000eae4 (0x0000bfe5) c.j     pc - 8
core   0: 3 0x8000eae4 (0xbfe5)
core   0: 0x8000eadc (0x00001f17) auipc   t5, 0x1
core   0: 3 0x8000eadc (0x00001f17) x30 0x8000fadc
core   0: 0x8000eae0 (0x523f2223) sw      gp, 1316(t5)
core   0: 3 0x8000eae0 (0x523f2223) mem 0x80010000 0x00000001
core   0: 0x8000eae4 (0x0000bfe5) c.j     pc - 8
core   0: 3 0x8000eae4 (0xbfe5)
core   0: 0x8000eadc (0x00001f17) auipc   t5, 0x1
core   0: 3 0x8000eadc (0x00001f17) x30 0x8000fadc
core   0: 0x8000eae0 (0x523f2223) sw      gp, 1316(t5)
core   0: 3 0x8000eae0 (0x523f2223) mem 0x80010000 0x00000001
core   0: 0x8000eae4 (0x0000bfe5) c.j     pc - 8
core   0: 3 0x8000eae4 (0xbfe5)
core   0: 0x8000eadc (0x00001f17) auipc   t5, 0x1
core   0: 3 0x8000eadc (0x00001f17) x30 0x8000fadc
core   0: 0x8000eae0 (0x523f2223) sw      gp, 1316(t5)
core   0: 3 0x8000eae0 (0x523f2223) mem 0x80010000 0x00000001
core   0: 0x8000eae4 (0x0000bfe5) c.j     pc - 8
core   0: 3 0x8000eae4 (0xbfe5)
core   0: 0x8000eadc (0x00001f17) auipc   t5, 0x1
core   0: 3 0x8000eadc (0x00001f17) x30 0x8000fadc
core   0: 0x8000eae0 (0x523f2223) sw      gp, 1316(t5)
core   0: 3 0x8000eae0 (0x523f2223) mem 0x80010000 0x00000001
core   0: 0x8000eae4 (0x0000bfe5) c.j     pc - 8
core   0: 3 0x8000eae4 (0xbfe5)
core   0: 0x8000eadc (0x00001f17) auipc   t5, 0x1
core   0: 3 0x8000eadc (0x00001f17) x30 0x8000fadc
core   0: 0x8000eae0 (0x523f2223) sw      gp, 1316(t5)
core   0: 3 0x8000eae0 (0x523f2223) mem 0x80010000 0x00000001
core   0: 0x8000eae4 (0x0000bfe5) c.j     pc - 8
core   0: 3 0x8000eae4 (0xbfe5)
core   0: 0x8000eadc (0x00001f17) auipc   t5, 0x1
core   0: 3 0x8000eadc (0x00001f17) x30 0x8000fadc
core   0: 0x8000eae0 (0x523f2223) sw      gp, 1316(t5)
core   0: 3 0x8000eae0 (0x523f2223) mem 0x80010000 0x00000001
core   0: 0x8000eae4 (0x0000bfe5) c.j     pc - 8
core   0: 3 0x8000eae4 (0xbfe5)
core   0: 0x8000eadc (0x00001f17) auipc   t5, 0x1
core   0: 3 0x8000eadc (0x00001f17) x30 0x8000fadc
core   0: 0x8000eae0 (0x523f2223) sw      gp, 1316(t5)
core   0: 3 0x8000eae0 (0x523f2223) mem 0x80010000 0x00000001
core   0: 0x8000eae4 (0x0000bfe5) c.j     pc - 8
core   0: 3 0x8000eae4 (0xbfe5)
core   0: 0x8000eadc (0x00001f17) auipc   t5, 0x1
core   0: 3 0x8000eadc (0x00001f17) x30 0x8000fadc
core   0: 0x8000eae0 (0x523f2223) sw      gp, 1316(t5)
core   0: 3 0x8000eae0 (0x523f2223) mem 0x80010000 0x00000001
core   0: 0x8000eae4 (0x0000bfe5) c.j     pc - 8
core   0: 3 0x8000eae4 (0xbfe5)
core   0: 0x8000eadc (0x00001f17) auipc   t5, 0x1
core   0: 3 0x8000eadc (0x00001f17) x30 0x8000fadc
core   0: 0x8000eae0 (0x523f2223) sw      gp, 1316(t5)
core   0: 3 0x8000eae0 (0x523f2223) mem 0x80010000 0x00000001
core   0: 0x8000eae4 (0x0000bfe5) c.j     pc - 8
core   0: 3 0x8000eae4 (0xbfe5)
core   0: 0x8000eadc (0x00001f17) auipc   t5, 0x1
core   0: 3 0x8000eadc (0x00001f17) x30 0x8000fadc
core   0: 0x8000eae0 (0x523f2223) sw      gp, 1316(t5)
core   0: 3 0x8000eae0 (0x523f2223) mem 0x80010000 0x00000001
core   0: 0x8000eae4 (0x0000bfe5) c.j     pc - 8
core   0: 3 0x8000eae4 (0xbfe5)
core   0: 0x8000eadc (0x00001f17) auipc   t5, 0x1
core   0: 3 0x8000eadc (0x00001f17) x30 0x8000fadc
core   0: 0x8000eae0 (0x523f2223) sw      gp, 1316(t5)
core   0: 3 0x8000eae0 (0x523f2223) mem 0x80010000 0x00000001
core   0: 0x8000eae4 (0x0000bfe5) c.j     pc - 8
core   0: 3 0x8000eae4 (0xbfe5)
core   0: 0x8000eadc (0x00001f17) auipc   t5, 0x1
core   0: 3 0x8000eadc (0x00001f17) x30 0x8000fadc
core   0: 0x8000eae0 (0x523f2223) sw      gp, 1316(t5)
core   0: 3 0x8000eae0 (0x523f2223) mem 0x80010000 0x00000001
core   0: 0x8000eae4 (0x0000bfe5) c.j     pc - 8
core   0: 3 0x8000eae4 (0xbfe5)
core   0: 0x8000eadc (0x00001f17) auipc   t5, 0x1
core   0: 3 0x8000eadc (0x00001f17) x30 0x8000fadc
core   0: 0x8000eae0 (0x523f2223) sw      gp, 1316(t5)
core   0: 3 0x8000eae0 (0x523f2223) mem 0x80010000 0x00000001
core   0: 0x8000eae4 (0x0000bfe5) c.j     pc - 8
core   0: 3 0x8000eae4 (0xbfe5)
core   0: 0x8000eadc (0x00001f17) auipc   t5, 0x1
core   0: 3 0x8000eadc (0x00001f17) x30 0x8000fadc
core   0: 0x8000eae0 (0x523f2223) sw      gp, 1316(t5)
core   0: 3 0x8000eae0 (0x523f2223) mem 0x80010000 0x00000001
core   0: 0x8000eae4 (0x0000bfe5) c.j     pc - 8
core   0: 3 0x8000eae4 (0xbfe5)
core   0: 0x8000eadc (0x00001f17) auipc   t5, 0x1
core   0: 3 0x8000eadc (0x00001f17) x30 0x8000fadc
core   0: 0x8000eae0 (0x523f2223) sw      gp, 1316(t5)
core   0: 3 0x8000eae0 (0x523f2223) mem 0x80010000 0x00000001
core   0: 0x8000eae4 (0x0000bfe5) c.j     pc - 8
core   0: 3 0x8000eae4 (0xbfe5)
core   0: 0x8000eadc (0x00001f17) auipc   t5, 0x1
core   0: 3 0x8000eadc (0x00001f17) x30 0x8000fadc
core   0: 0x8000eae0 (0x523f2223) sw      gp, 1316(t5)
core   0: 3 0x8000eae0 (0x523f2223) mem 0x80010000 0x00000001
core   0: 0x8000eae4 (0x0000bfe5) c.j     pc - 8
core   0: 3 0x8000eae4 (0xbfe5)
core   0: 0x8000eadc (0x00001f17) auipc   t5, 0x1
core   0: 3 0x8000eadc (0x00001f17) x30 0x8000fadc
core   0: 0x8000eae0 (0x523f2223) sw      gp, 1316(t5)
core   0: 3 0x8000eae0 (0x523f2223) mem 0x80010000 0x00000001
core   0: 0x8000eae4 (0x0000bfe5) c.j     pc - 8
core   0: 3 0x8000eae4 (0xbfe5)
core   0: 0x8000eadc (0x00001f17) auipc   t5, 0x1
core   0: 3 0x8000eadc (0x00001f17) x30 0x8000fadc
core   0: 0x8000eae0 (0x523f2223) sw      gp, 1316(t5)
core   0: 3 0x8000eae0 (0x523f2223) mem 0x80010000 0x00000001
core   0: 0x8000eae4 (0x0000bfe5) c.j     pc - 8
core   0: 3 0x8000eae4 (0xbfe5)
core   0: 0x8000eadc (0x00001f17) auipc   t5, 0x1
core   0: 3 0x8000eadc (0x00001f17) x30 0x8000fadc
core   0: 0x8000eae0 (0x523f2223) sw      gp, 1316(t5)
core   0: 3 0x8000eae0 (0x523f2223) mem 0x80010000 0x00000001
core   0: 0x8000eae4 (0x0000bfe5) c.j     pc - 8
core   0: 3 0x8000eae4 (0xbfe5)
core   0: 0x8000eadc (0x00001f17) auipc   t5, 0x1
core   0: 3 0x8000eadc (0x00001f17) x30 0x8000fadc
core   0: 0x8000eae0 (0x523f2223) sw      gp, 1316(t5)
core   0: 3 0x8000eae0 (0x523f2223) mem 0x80010000 0x00000001
core   0: 0x8000eae4 (0x0000bfe5) c.j     pc - 8
core   0: 3 0x8000eae4 (0xbfe5)
core   0: 0x8000eadc (0x00001f17) auipc   t5, 0x1
core   0: 3 0x8000eadc (0x00001f17) x30 0x8000fadc
core   0: 0x8000eae0 (0x523f2223) sw      gp, 1316(t5)
core   0: 3 0x8000eae0 (0x523f2223) mem 0x80010000 0x00000001
core   0: 0x8000eae4 (0x0000bfe5) c.j     pc - 8
core   0: 3 0x8000eae4 (0xbfe5)
core   0: 0x8000eadc (0x00001f17) auipc   t5, 0x1
core   0: 3 0x8000eadc (0x00001f17) x30 0x8000fadc
core   0: 0x8000eae0 (0x523f2223) sw      gp, 1316(t5)
core   0: 3 0x8000eae0 (0x523f2223) mem 0x80010000 0x00000001
core   0: 0x8000eae4 (0x0000bfe5) c.j     pc - 8
core   0: 3 0x8000eae4 (0xbfe5)
core   0: 0x8000eadc (0x00001f17) auipc   t5, 0x1
core   0: 3 0x8000eadc (0x00001f17) x30 0x8000fadc
core   0: 0x8000eae0 (0x523f2223) sw      gp, 1316(t5)
core   0: 3 0x8000eae0 (0x523f2223) mem 0x80010000 0x00000001
core   0: 0x8000eae4 (0x0000bfe5) c.j     pc - 8
core   0: 3 0x8000eae4 (0xbfe5)
core   0: 0x8000eadc (0x00001f17) auipc   t5, 0x1
core   0: 3 0x8000eadc (0x00001f17) x30 0x8000fadc
core   0: 0x8000eae0 (0x523f2223) sw      gp, 1316(t5)
core   0: 3 0x8000eae0 (0x523f2223) mem 0x80010000 0x00000001
core   0: 0x8000eae4 (0x0000bfe5) c.j     pc - 8
core   0: 3 0x8000eae4 (0xbfe5)
core   0: 0x8000eadc (0x00001f17) auipc   t5, 0x1
core   0: 3 0x8000eadc (0x00001f17) x30 0x8000fadc
core   0: 0x8000eae0 (0x523f2223) sw      gp, 1316(t5)
core   0: 3 0x8000eae0 (0x523f2223) mem 0x80010000 0x00000001
core   0: 0x8000eae4 (0x0000bfe5) c.j     pc - 8
core   0: 3 0x8000eae4 (0xbfe5)
core   0: 0x8000eadc (0x00001f17) auipc   t5, 0x1
core   0: 3 0x8000eadc (0x00001f17) x30 0x8000fadc
core   0: 0x8000eae0 (0x523f2223) sw      gp, 1316(t5)
core   0: 3 0x8000eae0 (0x523f2223) mem 0x80010000 0x00000001
core   0: 0x8000eae4 (0x0000bfe5) c.j     pc - 8
core   0: 3 0x8000eae4 (0xbfe5)
core   0: 0x8000eadc (0x00001f17) auipc   t5, 0x1
core   0: 3 0x8000eadc (0x00001f17) x30 0x8000fadc
core   0: 0x8000eae0 (0x523f2223) sw      gp, 1316(t5)
core   0: 3 0x8000eae0 (0x523f2223) mem 0x80010000 0x00000001
core   0: 0x8000eae4 (0x0000bfe5) c.j     pc - 8
core   0: 3 0x8000eae4 (0xbfe5)
core   0: 0x8000eadc (0x00001f17) auipc   t5, 0x1
core   0: 3 0x8000eadc (0x00001f17) x30 0x8000fadc
core   0: 0x8000eae0 (0x523f2223) sw      gp, 1316(t5)
core   0: 3 0x8000eae0 (0x523f2223) mem 0x80010000 0x00000001
core   0: 0x8000eae4 (0x0000bfe5) c.j     pc - 8
core   0: 3 0x8000eae4 (0xbfe5)
core   0: 0x8000eadc (0x00001f17) auipc   t5, 0x1
core   0: 3 0x8000eadc (0x00001f17) x30 0x8000fadc
core   0: 0x8000eae0 (0x523f2223) sw      gp, 1316(t5)
core   0: 3 0x8000eae0 (0x523f2223) mem 0x80010000 0x00000001
core   0: 0x8000eae4 (0x0000bfe5) c.j     pc - 8
core   0: 3 0x8000eae4 (0xbfe5)
core   0: 0x8000eadc (0x00001f17) auipc   t5, 0x1
core   0: 3 0x8000eadc (0x00001f17) x30 0x8000fadc
core   0: 0x8000eae0 (0x523f2223) sw      gp, 1316(t5)
core   0: 3 0x8000eae0 (0x523f2223) mem 0x80010000 0x00000001
core   0: 0x8000eae4 (0x0000bfe5) c.j     pc - 8
core   0: 3 0x8000eae4 (0xbfe5)
core   0: 0x8000eadc (0x00001f17) auipc   t5, 0x1
core   0: 3 0x8000eadc (0x00001f17) x30 0x8000fadc
core   0: 0x8000eae0 (0x523f2223) sw      gp, 1316(t5)
core   0: 3 0x8000eae0 (0x523f2223) mem 0x80010000 0x00000001
core   0: 0x8000eae4 (0x0000bfe5) c.j     pc - 8
core   0: 3 0x8000eae4 (0xbfe5)
core   0: 0x8000eadc (0x00001f17) auipc   t5, 0x1
core   0: 3 0x8000eadc (0x00001f17) x30 0x8000fadc
core   0: 0x8000eae0 (0x523f2223) sw      gp, 1316(t5)
core   0: 3 0x8000eae0 (0x523f2223) mem 0x80010000 0x00000001
core   0: 0x8000eae4 (0x0000bfe5) c.j     pc - 8
core   0: 3 0x8000eae4 (0xbfe5)
core   0: 0x8000eadc (0x00001f17) auipc   t5, 0x1
core   0: 3 0x8000eadc (0x00001f17) x30 0x8000fadc
core   0: 0x8000eae0 (0x523f2223) sw      gp, 1316(t5)
core   0: 3 0x8000eae0 (0x523f2223) mem 0x80010000 0x00000001
core   0: 0x8000eae4 (0x0000bfe5) c.j     pc - 8
core   0: 3 0x8000eae4 (0xbfe5)
core   0: 0x8000eadc (0x00001f17) auipc   t5, 0x1
core   0: 3 0x8000eadc (0x00001f17) x30 0x8000fadc
core   0: 0x8000eae0 (0x523f2223) sw      gp, 1316(t5)
core   0: 3 0x8000eae0 (0x523f2223) mem 0x80010000 0x00000001
core   0: 0x8000eae4 (0x0000bfe5) c.j     pc - 8
core   0: 3 0x8000eae4 (0xbfe5)
core   0: 0x8000eadc (0x00001f17) auipc   t5, 0x1
core   0: 3 0x8000eadc (0x00001f17) x30 0x8000fadc
core   0: 0x8000eae0 (0x523f2223) sw      gp, 1316(t5)
core   0: 3 0x8000eae0 (0x523f2223) mem 0x80010000 0x00000001
core   0: 0x8000eae4 (0x0000bfe5) c.j     pc - 8
core   0: 3 0x8000eae4 (0xbfe5)
core   0: 0x8000eadc (0x00001f17) auipc   t5, 0x1
core   0: 3 0x8000eadc (0x00001f17) x30 0x8000fadc
core   0: 0x8000eae0 (0x523f2223) sw      gp, 1316(t5)
core   0: 3 0x8000eae0 (0x523f2223) mem 0x80010000 0x00000001
core   0: 0x8000eae4 (0x0000bfe5) c.j     pc - 8
core   0: 3 0x8000eae4 (0xbfe5)
core   0: 0x8000eadc (0x00001f17) auipc   t5, 0x1
core   0: 3 0x8000eadc (0x00001f17) x30 0x8000fadc
core   0: 0x8000eae0 (0x523f2223) sw      gp, 1316(t5)
core   0: 3 0x8000eae0 (0x523f2223) mem 0x80010000 0x00000001
core   0: 0x8000eae4 (0x0000bfe5) c.j     pc - 8
core   0: 3 0x8000eae4 (0xbfe5)
core   0: 0x8000eadc (0x00001f17) auipc   t5, 0x1
core   0: 3 0x8000eadc (0x00001f17) x30 0x8000fadc
core   0: 0x8000eae0 (0x523f2223) sw      gp, 1316(t5)
core   0: 3 0x8000eae0 (0x523f2223) mem 0x80010000 0x00000001
core   0: 0x8000eae4 (0x0000bfe5) c.j     pc - 8
core   0: 3 0x8000eae4 (0xbfe5)
core   0: 0x8000eadc (0x00001f17) auipc   t5, 0x1
core   0: 3 0x8000eadc (0x00001f17) x30 0x8000fadc
core   0: 0x8000eae0 (0x523f2223) sw      gp, 1316(t5)
core   0: 3 0x8000eae0 (0x523f2223) mem 0x80010000 0x00000001
core   0: 0x8000eae4 (0x0000bfe5) c.j     pc - 8
core   0: 3 0x8000eae4 (0xbfe5)
core   0: 0x8000eadc (0x00001f17) auipc   t5, 0x1
core   0: 3 0x8000eadc (0x00001f17) x30 0x8000fadc
core   0: 0x8000eae0 (0x523f2223) sw      gp, 1316(t5)
core   0: 3 0x8000eae0 (0x523f2223) mem 0x80010000 0x00000001
core   0: 0x8000eae4 (0x0000bfe5) c.j     pc - 8
core   0: 3 0x8000eae4 (0xbfe5)
core   0: 0x8000eadc (0x00001f17) auipc   t5, 0x1
core   0: 3 0x8000eadc (0x00001f17) x30 0x8000fadc
core   0: 0x8000eae0 (0x523f2223) sw      gp, 1316(t5)
core   0: 3 0x8000eae0 (0x523f2223) mem 0x80010000 0x00000001
core   0: 0x8000eae4 (0x0000bfe5) c.j     pc - 8
core   0: 3 0x8000eae4 (0xbfe5)
core   0: 0x8000eadc (0x00001f17) auipc   t5, 0x1
core   0: 3 0x8000eadc (0x00001f17) x30 0x8000fadc
core   0: 0x8000eae0 (0x523f2223) sw      gp, 1316(t5)
core   0: 3 0x8000eae0 (0x523f2223) mem 0x80010000 0x00000001
core   0: 0x8000eae4 (0x0000bfe5) c.j     pc - 8
core   0: 3 0x8000eae4 (0xbfe5)
core   0: 0x8000eadc (0x00001f17) auipc   t5, 0x1
core   0: 3 0x8000eadc (0x00001f17) x30 0x8000fadc
core   0: 0x8000eae0 (0x523f2223) sw      gp, 1316(t5)
core   0: 3 0x8000eae0 (0x523f2223) mem 0x80010000 0x00000001
core   0: 0x8000eae4 (0x0000bfe5) c.j     pc - 8
core   0: 3 0x8000eae4 (0xbfe5)
core   0: 0x8000eadc (0x00001f17) auipc   t5, 0x1
core   0: 3 0x8000eadc (0x00001f17) x30 0x8000fadc
core   0: 0x8000eae0 (0x523f2223) sw      gp, 1316(t5)
core   0: 3 0x8000eae0 (0x523f2223) mem 0x80010000 0x00000001
core   0: 0x8000eae4 (0x0000bfe5) c.j     pc - 8
core   0: 3 0x8000eae4 (0xbfe5)
core   0: 0x8000eadc (0x00001f17) auipc   t5, 0x1
core   0: 3 0x8000eadc (0x00001f17) x30 0x8000fadc
core   0: 0x8000eae0 (0x523f2223) sw      gp, 1316(t5)
core   0: 3 0x8000eae0 (0x523f2223) mem 0x80010000 0x00000001
core   0: 0x8000eae4 (0x0000bfe5) c.j     pc - 8
core   0: 3 0x8000eae4 (0xbfe5)
core   0: 0x8000eadc (0x00001f17) auipc   t5, 0x1
core   0: 3 0x8000eadc (0x00001f17) x30 0x8000fadc
core   0: 0x8000eae0 (0x523f2223) sw      gp, 1316(t5)
core   0: 3 0x8000eae0 (0x523f2223) mem 0x80010000 0x00000001
core   0: 0x8000eae4 (0x0000bfe5) c.j     pc - 8
core   0: 3 0x8000eae4 (0xbfe5)
core   0: 0x8000eadc (0x00001f17) auipc   t5, 0x1
core   0: 3 0x8000eadc (0x00001f17) x30 0x8000fadc
core   0: 0x8000eae0 (0x523f2223) sw      gp, 1316(t5)
core   0: 3 0x8000eae0 (0x523f2223) mem 0x80010000 0x00000001
core   0: 0x8000eae4 (0x0000bfe5) c.j     pc - 8
core   0: 3 0x8000eae4 (0xbfe5)
core   0: 0x8000eadc (0x00001f17) auipc   t5, 0x1
core   0: 3 0x8000eadc (0x00001f17) x30 0x8000fadc
core   0: 0x8000eae0 (0x523f2223) sw      gp, 1316(t5)
core   0: 3 0x8000eae0 (0x523f2223) mem 0x80010000 0x00000001
core   0: 0x8000eae4 (0x0000bfe5) c.j     pc - 8
core   0: 3 0x8000eae4 (0xbfe5)
core   0: 0x8000eadc (0x00001f17) auipc   t5, 0x1
core   0: 3 0x8000eadc (0x00001f17) x30 0x8000fadc
core   0: 0x8000eae0 (0x523f2223) sw      gp, 1316(t5)
core   0: 3 0x8000eae0 (0x523f2223) mem 0x80010000 0x00000001
core   0: 0x8000eae4 (0x0000bfe5) c.j     pc - 8
core   0: 3 0x8000eae4 (0xbfe5)
core   0: 0x8000eadc (0x00001f17) auipc   t5, 0x1
core   0: 3 0x8000eadc (0x00001f17) x30 0x8000fadc
core   0: 0x8000eae0 (0x523f2223) sw      gp, 1316(t5)
core   0: 3 0x8000eae0 (0x523f2223) mem 0x80010000 0x00000001
core   0: 0x8000eae4 (0x0000bfe5) c.j     pc - 8
core   0: 3 0x8000eae4 (0xbfe5)
core   0: 0x8000eadc (0x00001f17) auipc   t5, 0x1
core   0: 3 0x8000eadc (0x00001f17) x30 0x8000fadc
core   0: 0x8000eae0 (0x523f2223) sw      gp, 1316(t5)
core   0: 3 0x8000eae0 (0x523f2223) mem 0x80010000 0x00000001
core   0: 0x8000eae4 (0x0000bfe5) c.j     pc - 8
core   0: 3 0x8000eae4 (0xbfe5)
core   0: 0x8000eadc (0x00001f17) auipc   t5, 0x1
core   0: 3 0x8000eadc (0x00001f17) x30 0x8000fadc
core   0: 0x8000eae0 (0x523f2223) sw      gp, 1316(t5)
core   0: 3 0x8000eae0 (0x523f2223) mem 0x80010000 0x00000001
core   0: 0x8000eae4 (0x0000bfe5) c.j     pc - 8
core   0: 3 0x8000eae4 (0xbfe5)
core   0: 0x8000eadc (0x00001f17) auipc   t5, 0x1
core   0: 3 0x8000eadc (0x00001f17) x30 0x8000fadc
core   0: 0x8000eae0 (0x523f2223) sw      gp, 1316(t5)
core   0: 3 0x8000eae0 (0x523f2223) mem 0x80010000 0x00000001
core   0: 0x8000eae4 (0x0000bfe5) c.j     pc - 8
core   0: 3 0x8000eae4 (0xbfe5)
core   0: 0x8000eadc (0x00001f17) auipc   t5, 0x1
core   0: 3 0x8000eadc (0x00001f17) x30 0x8000fadc
core   0: 0x8000eae0 (0x523f2223) sw      gp, 1316(t5)
core   0: 3 0x8000eae0 (0x523f2223) mem 0x80010000 0x00000001
core   0: 0x8000eae4 (0x0000bfe5) c.j     pc - 8
core   0: 3 0x8000eae4 (0xbfe5)
core   0: 0x8000eadc (0x00001f17) auipc   t5, 0x1
core   0: 3 0x8000eadc (0x00001f17) x30 0x8000fadc
core   0: 0x8000eae0 (0x523f2223) sw      gp, 1316(t5)
core   0: 3 0x8000eae0 (0x523f2223) mem 0x80010000 0x00000001
core   0: 0x8000eae4 (0x0000bfe5) c.j     pc - 8
core   0: 3 0x8000eae4 (0xbfe5)
core   0: 0x8000eadc (0x00001f17) auipc   t5, 0x1
core   0: 3 0x8000eadc (0x00001f17) x30 0x8000fadc
core   0: 0x8000eae0 (0x523f2223) sw      gp, 1316(t5)
core   0: 3 0x8000eae0 (0x523f2223) mem 0x80010000 0x00000001
core   0: 0x8000eae4 (0x0000bfe5) c.j     pc - 8
core   0: 3 0x8000eae4 (0xbfe5)
core   0: 0x8000eadc (0x00001f17) auipc   t5, 0x1
core   0: 3 0x8000eadc (0x00001f17) x30 0x8000fadc
core   0: 0x8000eae0 (0x523f2223) sw      gp, 1316(t5)
core   0: 3 0x8000eae0 (0x523f2223) mem 0x80010000 0x00000001
core   0: 0x8000eae4 (0x0000bfe5) c.j     pc - 8
core   0: 3 0x8000eae4 (0xbfe5)
core   0: 0x8000eadc (0x00001f17) auipc   t5, 0x1
core   0: 3 0x8000eadc (0x00001f17) x30 0x8000fadc
core   0: 0x8000eae0 (0x523f2223) sw      gp, 1316(t5)
core   0: 3 0x8000eae0 (0x523f2223) mem 0x80010000 0x00000001
core   0: 0x8000eae4 (0x0000bfe5) c.j     pc - 8
core   0: 3 0x8000eae4 (0xbfe5)
core   0: 0x8000eadc (0x00001f17) auipc   t5, 0x1
core   0: 3 0x8000eadc (0x00001f17) x30 0x8000fadc
core   0: 0x8000eae0 (0x523f2223) sw      gp, 1316(t5)
core   0: 3 0x8000eae0 (0x523f2223) mem 0x80010000 0x00000001
core   0: 0x8000eae4 (0x0000bfe5) c.j     pc - 8
core   0: 3 0x8000eae4 (0xbfe5)
core   0: 0x8000eadc (0x00001f17) auipc   t5, 0x1
core   0: 3 0x8000eadc (0x00001f17) x30 0x8000fadc
core   0: 0x8000eae0 (0x523f2223) sw      gp, 1316(t5)
core   0: 3 0x8000eae0 (0x523f2223) mem 0x80010000 0x00000001
core   0: 0x8000eae4 (0x0000bfe5) c.j     pc - 8
core   0: 3 0x8000eae4 (0xbfe5)
core   0: 0x8000eadc (0x00001f17) auipc   t5, 0x1
core   0: 3 0x8000eadc (0x00001f17) x30 0x8000fadc
core   0: 0x8000eae0 (0x523f2223) sw      gp, 1316(t5)
core   0: 3 0x8000eae0 (0x523f2223) mem 0x80010000 0x00000001
core   0: 0x8000eae4 (0x0000bfe5) c.j     pc - 8
core   0: 3 0x8000eae4 (0xbfe5)
core   0: 0x8000eadc (0x00001f17) auipc   t5, 0x1
core   0: 3 0x8000eadc (0x00001f17) x30 0x8000fadc
core   0: 0x8000eae0 (0x523f2223) sw      gp, 1316(t5)
core   0: 3 0x8000eae0 (0x523f2223) mem 0x80010000 0x00000001
core   0: 0x8000eae4 (0x0000bfe5) c.j     pc - 8
core   0: 3 0x8000eae4 (0xbfe5)
core   0: 0x8000eadc (0x00001f17) auipc   t5, 0x1
core   0: 3 0x8000eadc (0x00001f17) x30 0x8000fadc
core   0: 0x8000eae0 (0x523f2223) sw      gp, 1316(t5)
core   0: 3 0x8000eae0 (0x523f2223) mem 0x80010000 0x00000001
core   0: 0x8000eae4 (0x0000bfe5) c.j     pc - 8
core   0: 3 0x8000eae4 (0xbfe5)
core   0: 0x8000eadc (0x00001f17) auipc   t5, 0x1
core   0: 3 0x8000eadc (0x00001f17) x30 0x8000fadc
core   0: 0x8000eae0 (0x523f2223) sw      gp, 1316(t5)
core   0: 3 0x8000eae0 (0x523f2223) mem 0x80010000 0x00000001
core   0: 0x8000eae4 (0x0000bfe5) c.j     pc - 8
core   0: 3 0x8000eae4 (0xbfe5)
core   0: 0x8000eadc (0x00001f17) auipc   t5, 0x1
core   0: 3 0x8000eadc (0x00001f17) x30 0x8000fadc
core   0: 0x8000eae0 (0x523f2223) sw      gp, 1316(t5)
core   0: 3 0x8000eae0 (0x523f2223) mem 0x80010000 0x00000001
core   0: 0x8000eae4 (0x0000bfe5) c.j     pc - 8
core   0: 3 0x8000eae4 (0xbfe5)
core   0: 0x8000eadc (0x00001f17) auipc   t5, 0x1
core   0: 3 0x8000eadc (0x00001f17) x30 0x8000fadc
core   0: 0x8000eae0 (0x523f2223) sw      gp, 1316(t5)
core   0: 3 0x8000eae0 (0x523f2223) mem 0x80010000 0x00000001
core   0: 0x8000eae4 (0x0000bfe5) c.j     pc - 8
core   0: 3 0x8000eae4 (0xbfe5)
core   0: 0x8000eadc (0x00001f17) auipc   t5, 0x1
core   0: 3 0x8000eadc (0x00001f17) x30 0x8000fadc
core   0: 0x8000eae0 (0x523f2223) sw      gp, 1316(t5)
core   0: 3 0x8000eae0 (0x523f2223) mem 0x80010000 0x00000001
core   0: 0x8000eae4 (0x0000bfe5) c.j     pc - 8
core   0: 3 0x8000eae4 (0xbfe5)
core   0: 0x8000eadc (0x00001f17) auipc   t5, 0x1
core   0: 3 0x8000eadc (0x00001f17) x30 0x8000fadc
core   0: 0x8000eae0 (0x523f2223) sw      gp, 1316(t5)
core   0: 3 0x8000eae0 (0x523f2223) mem 0x80010000 0x00000001
core   0: 0x8000eae4 (0x0000bfe5) c.j     pc - 8
core   0: 3 0x8000eae4 (0xbfe5)
core   0: 0x8000eadc (0x00001f17) auipc   t5, 0x1
core   0: 3 0x8000eadc (0x00001f17) x30 0x8000fadc
core   0: 0x8000eae0 (0x523f2223) sw      gp, 1316(t5)
core   0: 3 0x8000eae0 (0x523f2223) mem 0x80010000 0x00000001
core   0: 0x8000eae4 (0x0000bfe5) c.j     pc - 8
core   0: 3 0x8000eae4 (0xbfe5)
core   0: 0x8000eadc (0x00001f17) auipc   t5, 0x1
core   0: 3 0x8000eadc (0x00001f17) x30 0x8000fadc
core   0: 0x8000eae0 (0x523f2223) sw      gp, 1316(t5)
core   0: 3 0x8000eae0 (0x523f2223) mem 0x80010000 0x00000001
core   0: 0x8000eae4 (0x0000bfe5) c.j     pc - 8
core   0: 3 0x8000eae4 (0xbfe5)
core   0: 0x8000eadc (0x00001f17) auipc   t5, 0x1
core   0: 3 0x8000eadc (0x00001f17) x30 0x8000fadc
core   0: 0x8000eae0 (0x523f2223) sw      gp, 1316(t5)
core   0: 3 0x8000eae0 (0x523f2223) mem 0x80010000 0x00000001
core   0: 0x8000eae4 (0x0000bfe5) c.j     pc - 8
core   0: 3 0x8000eae4 (0xbfe5)
core   0: 0x8000eadc (0x00001f17) auipc   t5, 0x1
core   0: 3 0x8000eadc (0x00001f17) x30 0x8000fadc
core   0: 0x8000eae0 (0x523f2223) sw      gp, 1316(t5)
core   0: 3 0x8000eae0 (0x523f2223) mem 0x80010000 0x00000001
core   0: 0x8000eae4 (0x0000bfe5) c.j     pc - 8
core   0: 3 0x8000eae4 (0xbfe5)
core   0: 0x8000eadc (0x00001f17) auipc   t5, 0x1
core   0: 3 0x8000eadc (0x00001f17) x30 0x8000fadc
core   0: 0x8000eae0 (0x523f2223) sw      gp, 1316(t5)
core   0: 3 0x8000eae0 (0x523f2223) mem 0x80010000 0x00000001
core   0: 0x8000eae4 (0x0000bfe5) c.j     pc - 8
core   0: 3 0x8000eae4 (0xbfe5)
core   0: 0x8000eadc (0x00001f17) auipc   t5, 0x1
core   0: 3 0x8000eadc (0x00001f17) x30 0x8000fadc
core   0: 0x8000eae0 (0x523f2223) sw      gp, 1316(t5)
core   0: 3 0x8000eae0 (0x523f2223) mem 0x80010000 0x00000001
core   0: 0x8000eae4 (0x0000bfe5) c.j     pc - 8
core   0: 3 0x8000eae4 (0xbfe5)
core   0: 0x8000eadc (0x00001f17) auipc   t5, 0x1
core   0: 3 0x8000eadc (0x00001f17) x30 0x8000fadc
core   0: 0x8000eae0 (0x523f2223) sw      gp, 1316(t5)
core   0: 3 0x8000eae0 (0x523f2223) mem 0x80010000 0x00000001
core   0: 0x8000eae4 (0x0000bfe5) c.j     pc - 8
core   0: 3 0x8000eae4 (0xbfe5)
core   0: 0x8000eadc (0x00001f17) auipc   t5, 0x1
core   0: 3 0x8000eadc (0x00001f17) x30 0x8000fadc
core   0: 0x8000eae0 (0x523f2223) sw      gp, 1316(t5)
core   0: 3 0x8000eae0 (0x523f2223) mem 0x80010000 0x00000001
core   0: 0x8000eae4 (0x0000bfe5) c.j     pc - 8
core   0: 3 0x8000eae4 (0xbfe5)
core   0: 0x8000eadc (0x00001f17) auipc   t5, 0x1
core   0: 3 0x8000eadc (0x00001f17) x30 0x8000fadc
core   0: 0x8000eae0 (0x523f2223) sw      gp, 1316(t5)
core   0: 3 0x8000eae0 (0x523f2223) mem 0x80010000 0x00000001
core   0: 0x8000eae4 (0x0000bfe5) c.j     pc - 8
core   0: 3 0x8000eae4 (0xbfe5)
core   0: 0x8000eadc (0x00001f17) auipc   t5, 0x1
core   0: 3 0x8000eadc (0x00001f17) x30 0x8000fadc
core   0: 0x8000eae0 (0x523f2223) sw      gp, 1316(t5)
core   0: 3 0x8000eae0 (0x523f2223) mem 0x80010000 0x00000001
core   0: 0x8000eae4 (0x0000bfe5) c.j     pc - 8
core   0: 3 0x8000eae4 (0xbfe5)
core   0: 0x8000eadc (0x00001f17) auipc   t5, 0x1
core   0: 3 0x8000eadc (0x00001f17) x30 0x8000fadc
core   0: 0x8000eae0 (0x523f2223) sw      gp, 1316(t5)
core   0: 3 0x8000eae0 (0x523f2223) mem 0x80010000 0x00000001
core   0: 0x8000eae4 (0x0000bfe5) c.j     pc - 8
core   0: 3 0x8000eae4 (0xbfe5)
core   0: 0x8000eadc (0x00001f17) auipc   t5, 0x1
core   0: 3 0x8000eadc (0x00001f17) x30 0x8000fadc
core   0: 0x8000eae0 (0x523f2223) sw      gp, 1316(t5)
core   0: 3 0x8000eae0 (0x523f2223) mem 0x80010000 0x00000001
core   0: 0x8000eae4 (0x0000bfe5) c.j     pc - 8
core   0: 3 0x8000eae4 (0xbfe5)
core   0: 0x8000eadc (0x00001f17) auipc   t5, 0x1
core   0: 3 0x8000eadc (0x00001f17) x30 0x8000fadc
core   0: 0x8000eae0 (0x523f2223) sw      gp, 1316(t5)
core   0: 3 0x8000eae0 (0x523f2223) mem 0x80010000 0x00000001
core   0: 0x8000eae4 (0x0000bfe5) c.j     pc - 8
core   0: 3 0x8000eae4 (0xbfe5)
core   0: 0x8000eadc (0x00001f17) auipc   t5, 0x1
core   0: 3 0x8000eadc (0x00001f17) x30 0x8000fadc
core   0: 0x8000eae0 (0x523f2223) sw      gp, 1316(t5)
core   0: 3 0x8000eae0 (0x523f2223) mem 0x80010000 0x00000001
core   0: 0x8000eae4 (0x0000bfe5) c.j     pc - 8
core   0: 3 0x8000eae4 (0xbfe5)
core   0: 0x8000eadc (0x00001f17) auipc   t5, 0x1
core   0: 3 0x8000eadc (0x00001f17) x30 0x8000fadc
core   0: 0x8000eae0 (0x523f2223) sw      gp, 1316(t5)
core   0: 3 0x8000eae0 (0x523f2223) mem 0x80010000 0x00000001
core   0: 0x8000eae4 (0x0000bfe5) c.j     pc - 8
core   0: 3 0x8000eae4 (0xbfe5)
core   0: 0x8000eadc (0x00001f17) auipc   t5, 0x1
core   0: 3 0x8000eadc (0x00001f17) x30 0x8000fadc
core   0: 0x8000eae0 (0x523f2223) sw      gp, 1316(t5)
core   0: 3 0x8000eae0 (0x523f2223) mem 0x80010000 0x00000001
core   0: 0x8000eae4 (0x0000bfe5) c.j     pc - 8
core   0: 3 0x8000eae4 (0xbfe5)
core   0: 0x8000eadc (0x00001f17) auipc   t5, 0x1
core   0: 3 0x8000eadc (0x00001f17) x30 0x8000fadc
core   0: 0x8000eae0 (0x523f2223) sw      gp, 1316(t5)
core   0: 3 0x8000eae0 (0x523f2223) mem 0x80010000 0x00000001
core   0: 0x8000eae4 (0x0000bfe5) c.j     pc - 8
core   0: 3 0x8000eae4 (0xbfe5)
core   0: 0x8000eadc (0x00001f17) auipc   t5, 0x1
core   0: 3 0x8000eadc (0x00001f17) x30 0x8000fadc
core   0: 0x8000eae0 (0x523f2223) sw      gp, 1316(t5)
core   0: 3 0x8000eae0 (0x523f2223) mem 0x80010000 0x00000001
core   0: 0x8000eae4 (0x0000bfe5) c.j     pc - 8
core   0: 3 0x8000eae4 (0xbfe5)
core   0: 0x8000eadc (0x00001f17) auipc   t5, 0x1
core   0: 3 0x8000eadc (0x00001f17) x30 0x8000fadc
core   0: 0x8000eae0 (0x523f2223) sw      gp, 1316(t5)
core   0: 3 0x8000eae0 (0x523f2223) mem 0x80010000 0x00000001
core   0: 0x8000eae4 (0x0000bfe5) c.j     pc - 8
core   0: 3 0x8000eae4 (0xbfe5)
core   0: 0x8000eadc (0x00001f17) auipc   t5, 0x1
core   0: 3 0x8000eadc (0x00001f17) x30 0x8000fadc
core   0: 0x8000eae0 (0x523f2223) sw      gp, 1316(t5)
core   0: 3 0x8000eae0 (0x523f2223) mem 0x80010000 0x00000001
core   0: 0x8000eae4 (0x0000bfe5) c.j     pc - 8
core   0: 3 0x8000eae4 (0xbfe5)
core   0: 0x8000eadc (0x00001f17) auipc   t5, 0x1
core   0: 3 0x8000eadc (0x00001f17) x30 0x8000fadc
core   0: 0x8000eae0 (0x523f2223) sw      gp, 1316(t5)
core   0: 3 0x8000eae0 (0x523f2223) mem 0x80010000 0x00000001
core   0: 0x8000eae4 (0x0000bfe5) c.j     pc - 8
core   0: 3 0x8000eae4 (0xbfe5)
core   0: 0x8000eadc (0x00001f17) auipc   t5, 0x1
core   0: 3 0x8000eadc (0x00001f17) x30 0x8000fadc
core   0: 0x8000eae0 (0x523f2223) sw      gp, 1316(t5)
core   0: 3 0x8000eae0 (0x523f2223) mem 0x80010000 0x00000001
core   0: 0x8000eae4 (0x0000bfe5) c.j     pc - 8
core   0: 3 0x8000eae4 (0xbfe5)
core   0: 0x8000eadc (0x00001f17) auipc   t5, 0x1
core   0: 3 0x8000eadc (0x00001f17) x30 0x8000fadc
core   0: 0x8000eae0 (0x523f2223) sw      gp, 1316(t5)
core   0: 3 0x8000eae0 (0x523f2223) mem 0x80010000 0x00000001
core   0: 0x8000eae4 (0x0000bfe5) c.j     pc - 8
core   0: 3 0x8000eae4 (0xbfe5)
core   0: 0x8000eadc (0x00001f17) auipc   t5, 0x1
core   0: 3 0x8000eadc (0x00001f17) x30 0x8000fadc
core   0: 0x8000eae0 (0x523f2223) sw      gp, 1316(t5)
core   0: 3 0x8000eae0 (0x523f2223) mem 0x80010000 0x00000001
core   0: 0x8000eae4 (0x0000bfe5) c.j     pc - 8
core   0: 3 0x8000eae4 (0xbfe5)
core   0: 0x8000eadc (0x00001f17) auipc   t5, 0x1
core   0: 3 0x8000eadc (0x00001f17) x30 0x8000fadc
core   0: 0x8000eae0 (0x523f2223) sw      gp, 1316(t5)
core   0: 3 0x8000eae0 (0x523f2223) mem 0x80010000 0x00000001
core   0: 0x8000eae4 (0x0000bfe5) c.j     pc - 8
core   0: 3 0x8000eae4 (0xbfe5)
core   0: 0x8000eadc (0x00001f17) auipc   t5, 0x1
core   0: 3 0x8000eadc (0x00001f17) x30 0x8000fadc
core   0: 0x8000eae0 (0x523f2223) sw      gp, 1316(t5)
core   0: 3 0x8000eae0 (0x523f2223) mem 0x80010000 0x00000001
core   0: 0x8000eae4 (0x0000bfe5) c.j     pc - 8
core   0: 3 0x8000eae4 (0xbfe5)
core   0: 0x8000eadc (0x00001f17) auipc   t5, 0x1
core   0: 3 0x8000eadc (0x00001f17) x30 0x8000fadc
core   0: 0x8000eae0 (0x523f2223) sw      gp, 1316(t5)
core   0: 3 0x8000eae0 (0x523f2223) mem 0x80010000 0x00000001
core   0: 0x8000eae4 (0x0000bfe5) c.j     pc - 8
core   0: 3 0x8000eae4 (0xbfe5)
core   0: 0x8000eadc (0x00001f17) auipc   t5, 0x1
core   0: 3 0x8000eadc (0x00001f17) x30 0x8000fadc
core   0: 0x8000eae0 (0x523f2223) sw      gp, 1316(t5)
core   0: 3 0x8000eae0 (0x523f2223) mem 0x80010000 0x00000001
core   0: 0x8000eae4 (0x0000bfe5) c.j     pc - 8
core   0: 3 0x8000eae4 (0xbfe5)
core   0: 0x8000eadc (0x00001f17) auipc   t5, 0x1
core   0: 3 0x8000eadc (0x00001f17) x30 0x8000fadc
core   0: 0x8000eae0 (0x523f2223) sw      gp, 1316(t5)
core   0: 3 0x8000eae0 (0x523f2223) mem 0x80010000 0x00000001
core   0: 0x8000eae4 (0x0000bfe5) c.j     pc - 8
core   0: 3 0x8000eae4 (0xbfe5)
core   0: 0x8000eadc (0x00001f17) auipc   t5, 0x1
core   0: 3 0x8000eadc (0x00001f17) x30 0x8000fadc
core   0: 0x8000eae0 (0x523f2223) sw      gp, 1316(t5)
core   0: 3 0x8000eae0 (0x523f2223) mem 0x80010000 0x00000001
core   0: 0x8000eae4 (0x0000bfe5) c.j     pc - 8
core   0: 3 0x8000eae4 (0xbfe5)
core   0: 0x8000eadc (0x00001f17) auipc   t5, 0x1
core   0: 3 0x8000eadc (0x00001f17) x30 0x8000fadc
core   0: 0x8000eae0 (0x523f2223) sw      gp, 1316(t5)
core   0: 3 0x8000eae0 (0x523f2223) mem 0x80010000 0x00000001
core   0: 0x8000eae4 (0x0000bfe5) c.j     pc - 8
core   0: 3 0x8000eae4 (0xbfe5)
core   0: 0x8000eadc (0x00001f17) auipc   t5, 0x1
core   0: 3 0x8000eadc (0x00001f17) x30 0x8000fadc
core   0: 0x8000eae0 (0x523f2223) sw      gp, 1316(t5)
core   0: 3 0x8000eae0 (0x523f2223) mem 0x80010000 0x00000001
core   0: 0x8000eae4 (0x0000bfe5) c.j     pc - 8
core   0: 3 0x8000eae4 (0xbfe5)
core   0: 0x8000eadc (0x00001f17) auipc   t5, 0x1
core   0: 3 0x8000eadc (0x00001f17) x30 0x8000fadc
core   0: 0x8000eae0 (0x523f2223) sw      gp, 1316(t5)
core   0: 3 0x8000eae0 (0x523f2223) mem 0x80010000 0x00000001
core   0: 0x8000eae4 (0x0000bfe5) c.j     pc - 8
core   0: 3 0x8000eae4 (0xbfe5)
core   0: 0x8000eadc (0x00001f17) auipc   t5, 0x1
core   0: 3 0x8000eadc (0x00001f17) x30 0x8000fadc
core   0: 0x8000eae0 (0x523f2223) sw      gp, 1316(t5)
core   0: 3 0x8000eae0 (0x523f2223) mem 0x80010000 0x00000001
core   0: 0x8000eae4 (0x0000bfe5) c.j     pc - 8
core   0: 3 0x8000eae4 (0xbfe5)
core   0: 0x8000eadc (0x00001f17) auipc   t5, 0x1
core   0: 3 0x8000eadc (0x00001f17) x30 0x8000fadc
core   0: 0x8000eae0 (0x523f2223) sw      gp, 1316(t5)
core   0: 3 0x8000eae0 (0x523f2223) mem 0x80010000 0x00000001
core   0: 0x8000eae4 (0x0000bfe5) c.j     pc - 8
core   0: 3 0x8000eae4 (0xbfe5)
core   0: 0x8000eadc (0x00001f17) auipc   t5, 0x1
core   0: 3 0x8000eadc (0x00001f17) x30 0x8000fadc
core   0: 0x8000eae0 (0x523f2223) sw      gp, 1316(t5)
core   0: 3 0x8000eae0 (0x523f2223) mem 0x80010000 0x00000001
core   0: 0x8000eae4 (0x0000bfe5) c.j     pc - 8
core   0: 3 0x8000eae4 (0xbfe5)
core   0: 0x8000eadc (0x00001f17) auipc   t5, 0x1
core   0: 3 0x8000eadc (0x00001f17) x30 0x8000fadc
core   0: 0x8000eae0 (0x523f2223) sw      gp, 1316(t5)
core   0: 3 0x8000eae0 (0x523f2223) mem 0x80010000 0x00000001
core   0: 0x8000eae4 (0x0000bfe5) c.j     pc - 8
core   0: 3 0x8000eae4 (0xbfe5)
core   0: 0x8000eadc (0x00001f17) auipc   t5, 0x1
core   0: 3 0x8000eadc (0x00001f17) x30 0x8000fadc
core   0: 0x8000eae0 (0x523f2223) sw      gp, 1316(t5)
core   0: 3 0x8000eae0 (0x523f2223) mem 0x80010000 0x00000001
core   0: 0x8000eae4 (0x0000bfe5) c.j     pc - 8
core   0: 3 0x8000eae4 (0xbfe5)
core   0: 0x8000eadc (0x00001f17) auipc   t5, 0x1
core   0: 3 0x8000eadc (0x00001f17) x30 0x8000fadc
core   0: 0x8000eae0 (0x523f2223) sw      gp, 1316(t5)
core   0: 3 0x8000eae0 (0x523f2223) mem 0x80010000 0x00000001
core   0: 0x8000eae4 (0x0000bfe5) c.j     pc - 8
core   0: 3 0x8000eae4 (0xbfe5)
core   0: 0x8000eadc (0x00001f17) auipc   t5, 0x1
core   0: 3 0x8000eadc (0x00001f17) x30 0x8000fadc
core   0: 0x8000eae0 (0x523f2223) sw      gp, 1316(t5)
core   0: 3 0x8000eae0 (0x523f2223) mem 0x80010000 0x00000001
core   0: 0x8000eae4 (0x0000bfe5) c.j     pc - 8
core   0: 3 0x8000eae4 (0xbfe5)
core   0: 0x8000eadc (0x00001f17) auipc   t5, 0x1
core   0: 3 0x8000eadc (0x00001f17) x30 0x8000fadc
core   0: 0x8000eae0 (0x523f2223) sw      gp, 1316(t5)
core   0: 3 0x8000eae0 (0x523f2223) mem 0x80010000 0x00000001
core   0: 0x8000eae4 (0x0000bfe5) c.j     pc - 8
core   0: 3 0x8000eae4 (0xbfe5)
core   0: 0x8000eadc (0x00001f17) auipc   t5, 0x1
core   0: 3 0x8000eadc (0x00001f17) x30 0x8000fadc
core   0: 0x8000eae0 (0x523f2223) sw      gp, 1316(t5)
core   0: 3 0x8000eae0 (0x523f2223) mem 0x80010000 0x00000001
core   0: 0x8000eae4 (0x0000bfe5) c.j     pc - 8
core   0: 3 0x8000eae4 (0xbfe5)
core   0: 0x8000eadc (0x00001f17) auipc   t5, 0x1
core   0: 3 0x8000eadc (0x00001f17) x30 0x8000fadc
core   0: 0x8000eae0 (0x523f2223) sw      gp, 1316(t5)
core   0: 3 0x8000eae0 (0x523f2223) mem 0x80010000 0x00000001
core   0: 0x8000eae4 (0x0000bfe5) c.j     pc - 8
core   0: 3 0x8000eae4 (0xbfe5)
core   0: 0x8000eadc (0x00001f17) auipc   t5, 0x1
core   0: 3 0x8000eadc (0x00001f17) x30 0x8000fadc
core   0: 0x8000eae0 (0x523f2223) sw      gp, 1316(t5)
core   0: 3 0x8000eae0 (0x523f2223) mem 0x80010000 0x00000001
core   0: 0x8000eae4 (0x0000bfe5) c.j     pc - 8
core   0: 3 0x8000eae4 (0xbfe5)
core   0: 0x8000eadc (0x00001f17) auipc   t5, 0x1
core   0: 3 0x8000eadc (0x00001f17) x30 0x8000fadc
core   0: 0x8000eae0 (0x523f2223) sw      gp, 1316(t5)
core   0: 3 0x8000eae0 (0x523f2223) mem 0x80010000 0x00000001
core   0: 0x8000eae4 (0x0000bfe5) c.j     pc - 8
core   0: 3 0x8000eae4 (0xbfe5)
core   0: 0x8000eadc (0x00001f17) auipc   t5, 0x1
core   0: 3 0x8000eadc (0x00001f17) x30 0x8000fadc
core   0: 0x8000eae0 (0x523f2223) sw      gp, 1316(t5)
core   0: 3 0x8000eae0 (0x523f2223) mem 0x80010000 0x00000001
core   0: 0x8000eae4 (0x0000bfe5) c.j     pc - 8
core   0: 3 0x8000eae4 (0xbfe5)
core   0: 0x8000eadc (0x00001f17) auipc   t5, 0x1
core   0: 3 0x8000eadc (0x00001f17) x30 0x8000fadc
core   0: 0x8000eae0 (0x523f2223) sw      gp, 1316(t5)
core   0: 3 0x8000eae0 (0x523f2223) mem 0x80010000 0x00000001
core   0: 0x8000eae4 (0x0000bfe5) c.j     pc - 8
core   0: 3 0x8000eae4 (0xbfe5)
core   0: 0x8000eadc (0x00001f17) auipc   t5, 0x1
core   0: 3 0x8000eadc (0x00001f17) x30 0x8000fadc
core   0: 0x8000eae0 (0x523f2223) sw      gp, 1316(t5)
core   0: 3 0x8000eae0 (0x523f2223) mem 0x80010000 0x00000001
core   0: 0x8000eae4 (0x0000bfe5) c.j     pc - 8
core   0: 3 0x8000eae4 (0xbfe5)
core   0: 0x8000eadc (0x00001f17) auipc   t5, 0x1
core   0: 3 0x8000eadc (0x00001f17) x30 0x8000fadc
core   0: 0x8000eae0 (0x523f2223) sw      gp, 1316(t5)
core   0: 3 0x8000eae0 (0x523f2223) mem 0x80010000 0x00000001
core   0: 0x8000eae4 (0x0000bfe5) c.j     pc - 8
core   0: 3 0x8000eae4 (0xbfe5)
core   0: 0x8000eadc (0x00001f17) auipc   t5, 0x1
core   0: 3 0x8000eadc (0x00001f17) x30 0x8000fadc
core   0: 0x8000eae0 (0x523f2223) sw      gp, 1316(t5)
core   0: 3 0x8000eae0 (0x523f2223) mem 0x80010000 0x00000001
core   0: 0x8000eae4 (0x0000bfe5) c.j     pc - 8
core   0: 3 0x8000eae4 (0xbfe5)
core   0: 0x8000eadc (0x00001f17) auipc   t5, 0x1
core   0: 3 0x8000eadc (0x00001f17) x30 0x8000fadc
core   0: 0x8000eae0 (0x523f2223) sw      gp, 1316(t5)
core   0: 3 0x8000eae0 (0x523f2223) mem 0x80010000 0x00000001
core   0: 0x8000eae4 (0x0000bfe5) c.j     pc - 8
core   0: 3 0x8000eae4 (0xbfe5)
core   0: 0x8000eadc (0x00001f17) auipc   t5, 0x1
core   0: 3 0x8000eadc (0x00001f17) x30 0x8000fadc
core   0: 0x8000eae0 (0x523f2223) sw      gp, 1316(t5)
core   0: 3 0x8000eae0 (0x523f2223) mem 0x80010000 0x00000001
core   0: 0x8000eae4 (0x0000bfe5) c.j     pc - 8
core   0: 3 0x8000eae4 (0xbfe5)
core   0: 0x8000eadc (0x00001f17) auipc   t5, 0x1
core   0: 3 0x8000eadc (0x00001f17) x30 0x8000fadc
core   0: 0x8000eae0 (0x523f2223) sw      gp, 1316(t5)
core   0: 3 0x8000eae0 (0x523f2223) mem 0x80010000 0x00000001
core   0: 0x8000eae4 (0x0000bfe5) c.j     pc - 8
core   0: 3 0x8000eae4 (0xbfe5)
core   0: 0x8000eadc (0x00001f17) auipc   t5, 0x1
core   0: 3 0x8000eadc (0x00001f17) x30 0x8000fadc
core   0: 0x8000eae0 (0x523f2223) sw      gp, 1316(t5)
core   0: 3 0x8000eae0 (0x523f2223) mem 0x80010000 0x00000001
core   0: 0x8000eae4 (0x0000bfe5) c.j     pc - 8
core   0: 3 0x8000eae4 (0xbfe5)
core   0: 0x8000eadc (0x00001f17) auipc   t5, 0x1
core   0: 3 0x8000eadc (0x00001f17) x30 0x8000fadc
core   0: 0x8000eae0 (0x523f2223) sw      gp, 1316(t5)
core   0: 3 0x8000eae0 (0x523f2223) mem 0x80010000 0x00000001
core   0: 0x8000eae4 (0x0000bfe5) c.j     pc - 8
core   0: 3 0x8000eae4 (0xbfe5)
core   0: 0x8000eadc (0x00001f17) auipc   t5, 0x1
core   0: 3 0x8000eadc (0x00001f17) x30 0x8000fadc
core   0: 0x8000eae0 (0x523f2223) sw      gp, 1316(t5)
core   0: 3 0x8000eae0 (0x523f2223) mem 0x80010000 0x00000001
core   0: 0x8000eae4 (0x0000bfe5) c.j     pc - 8
core   0: 3 0x8000eae4 (0xbfe5)
core   0: 0x8000eadc (0x00001f17) auipc   t5, 0x1
core   0: 3 0x8000eadc (0x00001f17) x30 0x8000fadc
core   0: 0x8000eae0 (0x523f2223) sw      gp, 1316(t5)
core   0: 3 0x8000eae0 (0x523f2223) mem 0x80010000 0x00000001
core   0: 0x8000eae4 (0x0000bfe5) c.j     pc - 8
core   0: 3 0x8000eae4 (0xbfe5)
core   0: 0x8000eadc (0x00001f17) auipc   t5, 0x1
core   0: 3 0x8000eadc (0x00001f17) x30 0x8000fadc
core   0: 0x8000eae0 (0x523f2223) sw      gp, 1316(t5)
core   0: 3 0x8000eae0 (0x523f2223) mem 0x80010000 0x00000001
core   0: 0x8000eae4 (0x0000bfe5) c.j     pc - 8
core   0: 3 0x8000eae4 (0xbfe5)
core   0: 0x8000eadc (0x00001f17) auipc   t5, 0x1
core   0: 3 0x8000eadc (0x00001f17) x30 0x8000fadc
core   0: 0x8000eae0 (0x523f2223) sw      gp, 1316(t5)
core   0: 3 0x8000eae0 (0x523f2223) mem 0x80010000 0x00000001
core   0: 0x8000eae4 (0x0000bfe5) c.j     pc - 8
core   0: 3 0x8000eae4 (0xbfe5)
core   0: 0x8000eadc (0x00001f17) auipc   t5, 0x1
core   0: 3 0x8000eadc (0x00001f17) x30 0x8000fadc
core   0: 0x8000eae0 (0x523f2223) sw      gp, 1316(t5)
core   0: 3 0x8000eae0 (0x523f2223) mem 0x80010000 0x00000001
core   0: 0x8000eae4 (0x0000bfe5) c.j     pc - 8
core   0: 3 0x8000eae4 (0xbfe5)
core   0: 0x8000eadc (0x00001f17) auipc   t5, 0x1
core   0: 3 0x8000eadc (0x00001f17) x30 0x8000fadc
core   0: 0x8000eae0 (0x523f2223) sw      gp, 1316(t5)
core   0: 3 0x8000eae0 (0x523f2223) mem 0x80010000 0x00000001
core   0: 0x8000eae4 (0x0000bfe5) c.j     pc - 8
core   0: 3 0x8000eae4 (0xbfe5)
core   0: 0x8000eadc (0x00001f17) auipc   t5, 0x1
core   0: 3 0x8000eadc (0x00001f17) x30 0x8000fadc
core   0: 0x8000eae0 (0x523f2223) sw      gp, 1316(t5)
core   0: 3 0x8000eae0 (0x523f2223) mem 0x80010000 0x00000001
core   0: 0x8000eae4 (0x0000bfe5) c.j     pc - 8
core   0: 3 0x8000eae4 (0xbfe5)
core   0: 0x8000eadc (0x00001f17) auipc   t5, 0x1
core   0: 3 0x8000eadc (0x00001f17) x30 0x8000fadc
core   0: 0x8000eae0 (0x523f2223) sw      gp, 1316(t5)
core   0: 3 0x8000eae0 (0x523f2223) mem 0x80010000 0x00000001
core   0: 0x8000eae4 (0x0000bfe5) c.j     pc - 8
core   0: 3 0x8000eae4 (0xbfe5)
core   0: 0x8000eadc (0x00001f17) auipc   t5, 0x1
core   0: 3 0x8000eadc (0x00001f17) x30 0x8000fadc
core   0: 0x8000eae0 (0x523f2223) sw      gp, 1316(t5)
core   0: 3 0x8000eae0 (0x523f2223) mem 0x80010000 0x00000001
core   0: 0x8000eae4 (0x0000bfe5) c.j     pc - 8
core   0: 3 0x8000eae4 (0xbfe5)
core   0: 0x8000eadc (0x00001f17) auipc   t5, 0x1
core   0: 3 0x8000eadc (0x00001f17) x30 0x8000fadc
core   0: 0x8000eae0 (0x523f2223) sw      gp, 1316(t5)
core   0: 3 0x8000eae0 (0x523f2223) mem 0x80010000 0x00000001
core   0: 0x8000eae4 (0x0000bfe5) c.j     pc - 8
core   0: 3 0x8000eae4 (0xbfe5)
core   0: 0x8000eadc (0x00001f17) auipc   t5, 0x1
core   0: 3 0x8000eadc (0x00001f17) x30 0x8000fadc
core   0: 0x8000eae0 (0x523f2223) sw      gp, 1316(t5)
core   0: 3 0x8000eae0 (0x523f2223) mem 0x80010000 0x00000001
core   0: 0x8000eae4 (0x0000bfe5) c.j     pc - 8
core   0: 3 0x8000eae4 (0xbfe5)
core   0: 0x8000eadc (0x00001f17) auipc   t5, 0x1
core   0: 3 0x8000eadc (0x00001f17) x30 0x8000fadc
core   0: 0x8000eae0 (0x523f2223) sw      gp, 1316(t5)
core   0: 3 0x8000eae0 (0x523f2223) mem 0x80010000 0x00000001
core   0: 0x8000eae4 (0x0000bfe5) c.j     pc - 8
core   0: 3 0x8000eae4 (0xbfe5)
core   0: 0x8000eadc (0x00001f17) auipc   t5, 0x1
core   0: 3 0x8000eadc (0x00001f17) x30 0x8000fadc
core   0: 0x8000eae0 (0x523f2223) sw      gp, 1316(t5)
core   0: 3 0x8000eae0 (0x523f2223) mem 0x80010000 0x00000001
core   0: 0x8000eae4 (0x0000bfe5) c.j     pc - 8
core   0: 3 0x8000eae4 (0xbfe5)
core   0: 0x8000eadc (0x00001f17) auipc   t5, 0x1
core   0: 3 0x8000eadc (0x00001f17) x30 0x8000fadc
core   0: 0x8000eae0 (0x523f2223) sw      gp, 1316(t5)
core   0: 3 0x8000eae0 (0x523f2223) mem 0x80010000 0x00000001
core   0: 0x8000eae4 (0x0000bfe5) c.j     pc - 8
core   0: 3 0x8000eae4 (0xbfe5)
core   0: 0x8000eadc (0x00001f17) auipc   t5, 0x1
core   0: 3 0x8000eadc (0x00001f17) x30 0x8000fadc
core   0: 0x8000eae0 (0x523f2223) sw      gp, 1316(t5)
core   0: 3 0x8000eae0 (0x523f2223) mem 0x80010000 0x00000001
core   0: 0x8000eae4 (0x0000bfe5) c.j     pc - 8
core   0: 3 0x8000eae4 (0xbfe5)
core   0: 0x8000eadc (0x00001f17) auipc   t5, 0x1
core   0: 3 0x8000eadc (0x00001f17) x30 0x8000fadc
core   0: 0x8000eae0 (0x523f2223) sw      gp, 1316(t5)
core   0: 3 0x8000eae0 (0x523f2223) mem 0x80010000 0x00000001
core   0: 0x8000eae4 (0x0000bfe5) c.j     pc - 8
core   0: 3 0x8000eae4 (0xbfe5)
core   0: 0x8000eadc (0x00001f17) auipc   t5, 0x1
core   0: 3 0x8000eadc (0x00001f17) x30 0x8000fadc
core   0: 0x8000eae0 (0x523f2223) sw      gp, 1316(t5)
core   0: 3 0x8000eae0 (0x523f2223) mem 0x80010000 0x00000001
core   0: 0x8000eae4 (0x0000bfe5) c.j     pc - 8
core   0: 3 0x8000eae4 (0xbfe5)
core   0: 0x8000eadc (0x00001f17) auipc   t5, 0x1
core   0: 3 0x8000eadc (0x00001f17) x30 0x8000fadc
core   0: 0x8000eae0 (0x523f2223) sw      gp, 1316(t5)
core   0: 3 0x8000eae0 (0x523f2223) mem 0x80010000 0x00000001
core   0: 0x8000eae4 (0x0000bfe5) c.j     pc - 8
core   0: 3 0x8000eae4 (0xbfe5)
core   0: 0x8000eadc (0x00001f17) auipc   t5, 0x1
core   0: 3 0x8000eadc (0x00001f17) x30 0x8000fadc
core   0: 0x8000eae0 (0x523f2223) sw      gp, 1316(t5)
core   0: 3 0x8000eae0 (0x523f2223) mem 0x80010000 0x00000001
core   0: 0x8000eae4 (0x0000bfe5) c.j     pc - 8
core   0: 3 0x8000eae4 (0xbfe5)
core   0: 0x8000eadc (0x00001f17) auipc   t5, 0x1
core   0: 3 0x8000eadc (0x00001f17) x30 0x8000fadc
core   0: 0x8000eae0 (0x523f2223) sw      gp, 1316(t5)
core   0: 3 0x8000eae0 (0x523f2223) mem 0x80010000 0x00000001
core   0: 0x8000eae4 (0x0000bfe5) c.j     pc - 8
core   0: 3 0x8000eae4 (0xbfe5)
core   0: 0x8000eadc (0x00001f17) auipc   t5, 0x1
core   0: 3 0x8000eadc (0x00001f17) x30 0x8000fadc
core   0: 0x8000eae0 (0x523f2223) sw      gp, 1316(t5)
core   0: 3 0x8000eae0 (0x523f2223) mem 0x80010000 0x00000001
core   0: 0x8000eae4 (0x0000bfe5) c.j     pc - 8
core   0: 3 0x8000eae4 (0xbfe5)
core   0: 0x8000eadc (0x00001f17) auipc   t5, 0x1
core   0: 3 0x8000eadc (0x00001f17) x30 0x8000fadc
core   0: 0x8000eae0 (0x523f2223) sw      gp, 1316(t5)
core   0: 3 0x8000eae0 (0x523f2223) mem 0x80010000 0x00000001
core   0: 0x8000eae4 (0x0000bfe5) c.j     pc - 8
core   0: 3 0x8000eae4 (0xbfe5)
core   0: 0x8000eadc (0x00001f17) auipc   t5, 0x1
core   0: 3 0x8000eadc (0x00001f17) x30 0x8000fadc
core   0: 0x8000eae0 (0x523f2223) sw      gp, 1316(t5)
core   0: 3 0x8000eae0 (0x523f2223) mem 0x80010000 0x00000001
core   0: 0x8000eae4 (0x0000bfe5) c.j     pc - 8
core   0: 3 0x8000eae4 (0xbfe5)
core   0: 0x8000eadc (0x00001f17) auipc   t5, 0x1
core   0: 3 0x8000eadc (0x00001f17) x30 0x8000fadc
core   0: 0x8000eae0 (0x523f2223) sw      gp, 1316(t5)
core   0: 3 0x8000eae0 (0x523f2223) mem 0x80010000 0x00000001
core   0: 0x8000eae4 (0x0000bfe5) c.j     pc - 8
core   0: 3 0x8000eae4 (0xbfe5)
core   0: 0x8000eadc (0x00001f17) auipc   t5, 0x1
core   0: 3 0x8000eadc (0x00001f17) x30 0x8000fadc
core   0: 0x8000eae0 (0x523f2223) sw      gp, 1316(t5)
core   0: 3 0x8000eae0 (0x523f2223) mem 0x80010000 0x00000001
core   0: 0x8000eae4 (0x0000bfe5) c.j     pc - 8
core   0: 3 0x8000eae4 (0xbfe5)
core   0: 0x8000eadc (0x00001f17) auipc   t5, 0x1
core   0: 3 0x8000eadc (0x00001f17) x30 0x8000fadc
core   0: 0x8000eae0 (0x523f2223) sw      gp, 1316(t5)
core   0: 3 0x8000eae0 (0x523f2223) mem 0x80010000 0x00000001
core   0: 0x8000eae4 (0x0000bfe5) c.j     pc - 8
core   0: 3 0x8000eae4 (0xbfe5)
core   0: 0x8000eadc (0x00001f17) auipc   t5, 0x1
core   0: 3 0x8000eadc (0x00001f17) x30 0x8000fadc
core   0: 0x8000eae0 (0x523f2223) sw      gp, 1316(t5)
core   0: 3 0x8000eae0 (0x523f2223) mem 0x80010000 0x00000001
core   0: 0x8000eae4 (0x0000bfe5) c.j     pc - 8
core   0: 3 0x8000eae4 (0xbfe5)
core   0: 0x8000eadc (0x00001f17) auipc   t5, 0x1
core   0: 3 0x8000eadc (0x00001f17) x30 0x8000fadc
core   0: 0x8000eae0 (0x523f2223) sw      gp, 1316(t5)
core   0: 3 0x8000eae0 (0x523f2223) mem 0x80010000 0x00000001
core   0: 0x8000eae4 (0x0000bfe5) c.j     pc - 8
core   0: 3 0x8000eae4 (0xbfe5)
core   0: 0x8000eadc (0x00001f17) auipc   t5, 0x1
core   0: 3 0x8000eadc (0x00001f17) x30 0x8000fadc
core   0: 0x8000eae0 (0x523f2223) sw      gp, 1316(t5)
core   0: 3 0x8000eae0 (0x523f2223) mem 0x80010000 0x00000001
core   0: 0x8000eae4 (0x0000bfe5) c.j     pc - 8
core   0: 3 0x8000eae4 (0xbfe5)
core   0: 0x8000eadc (0x00001f17) auipc   t5, 0x1
core   0: 3 0x8000eadc (0x00001f17) x30 0x8000fadc
core   0: 0x8000eae0 (0x523f2223) sw      gp, 1316(t5)
core   0: 3 0x8000eae0 (0x523f2223) mem 0x80010000 0x00000001
core   0: 0x8000eae4 (0x0000bfe5) c.j     pc - 8
core   0: 3 0x8000eae4 (0xbfe5)
core   0: 0x8000eadc (0x00001f17) auipc   t5, 0x1
core   0: 3 0x8000eadc (0x00001f17) x30 0x8000fadc
core   0: 0x8000eae0 (0x523f2223) sw      gp, 1316(t5)
core   0: 3 0x8000eae0 (0x523f2223) mem 0x80010000 0x00000001
core   0: 0x8000eae4 (0x0000bfe5) c.j     pc - 8
core   0: 3 0x8000eae4 (0xbfe5)
core   0: 0x8000eadc (0x00001f17) auipc   t5, 0x1
core   0: 3 0x8000eadc (0x00001f17) x30 0x8000fadc
core   0: 0x8000eae0 (0x523f2223) sw      gp, 1316(t5)
core   0: 3 0x8000eae0 (0x523f2223) mem 0x80010000 0x00000001
core   0: 0x8000eae4 (0x0000bfe5) c.j     pc - 8
core   0: 3 0x8000eae4 (0xbfe5)
core   0: 0x8000eadc (0x00001f17) auipc   t5, 0x1
core   0: 3 0x8000eadc (0x00001f17) x30 0x8000fadc
core   0: 0x8000eae0 (0x523f2223) sw      gp, 1316(t5)
core   0: 3 0x8000eae0 (0x523f2223) mem 0x80010000 0x00000001
core   0: 0x8000eae4 (0x0000bfe5) c.j     pc - 8
core   0: 3 0x8000eae4 (0xbfe5)
core   0: 0x8000eadc (0x00001f17) auipc   t5, 0x1
core   0: 3 0x8000eadc (0x00001f17) x30 0x8000fadc
core   0: 0x8000eae0 (0x523f2223) sw      gp, 1316(t5)
core   0: 3 0x8000eae0 (0x523f2223) mem 0x80010000 0x00000001
core   0: 0x8000eae4 (0x0000bfe5) c.j     pc - 8
core   0: 3 0x8000eae4 (0xbfe5)
core   0: 0x8000eadc (0x00001f17) auipc   t5, 0x1
core   0: 3 0x8000eadc (0x00001f17) x30 0x8000fadc
core   0: 0x8000eae0 (0x523f2223) sw      gp, 1316(t5)
core   0: 3 0x8000eae0 (0x523f2223) mem 0x80010000 0x00000001
core   0: 0x8000eae4 (0x0000bfe5) c.j     pc - 8
core   0: 3 0x8000eae4 (0xbfe5)
core   0: 0x8000eadc (0x00001f17) auipc   t5, 0x1
core   0: 3 0x8000eadc (0x00001f17) x30 0x8000fadc
core   0: 0x8000eae0 (0x523f2223) sw      gp, 1316(t5)
core   0: 3 0x8000eae0 (0x523f2223) mem 0x80010000 0x00000001
core   0: 0x8000eae4 (0x0000bfe5) c.j     pc - 8
core   0: 3 0x8000eae4 (0xbfe5)
core   0: 0x8000eadc (0x00001f17) auipc   t5, 0x1
core   0: 3 0x8000eadc (0x00001f17) x30 0x8000fadc
core   0: 0x8000eae0 (0x523f2223) sw      gp, 1316(t5)
core   0: 3 0x8000eae0 (0x523f2223) mem 0x80010000 0x00000001
core   0: 0x8000eae4 (0x0000bfe5) c.j     pc - 8
core   0: 3 0x8000eae4 (0xbfe5)
core   0: 0x8000eadc (0x00001f17) auipc   t5, 0x1
core   0: 3 0x8000eadc (0x00001f17) x30 0x8000fadc
core   0: 0x8000eae0 (0x523f2223) sw      gp, 1316(t5)
core   0: 3 0x8000eae0 (0x523f2223) mem 0x80010000 0x00000001
core   0: 0x8000eae4 (0x0000bfe5) c.j     pc - 8
core   0: 3 0x8000eae4 (0xbfe5)
core   0: 0x8000eadc (0x00001f17) auipc   t5, 0x1
core   0: 3 0x8000eadc (0x00001f17) x30 0x8000fadc
core   0: 0x8000eae0 (0x523f2223) sw      gp, 1316(t5)
core   0: 3 0x8000eae0 (0x523f2223) mem 0x80010000 0x00000001
core   0: 0x8000eae4 (0x0000bfe5) c.j     pc - 8
core   0: 3 0x8000eae4 (0xbfe5)
core   0: 0x8000eadc (0x00001f17) auipc   t5, 0x1
core   0: 3 0x8000eadc (0x00001f17) x30 0x8000fadc
core   0: 0x8000eae0 (0x523f2223) sw      gp, 1316(t5)
core   0: 3 0x8000eae0 (0x523f2223) mem 0x80010000 0x00000001
core   0: 0x8000eae4 (0x0000bfe5) c.j     pc - 8
core   0: 3 0x8000eae4 (0xbfe5)
core   0: 0x8000eadc (0x00001f17) auipc   t5, 0x1
core   0: 3 0x8000eadc (0x00001f17) x30 0x8000fadc
core   0: 0x8000eae0 (0x523f2223) sw      gp, 1316(t5)
core   0: 3 0x8000eae0 (0x523f2223) mem 0x80010000 0x00000001
core   0: 0x8000eae4 (0x0000bfe5) c.j     pc - 8
core   0: 3 0x8000eae4 (0xbfe5)
core   0: 0x8000eadc (0x00001f17) auipc   t5, 0x1
core   0: 3 0x8000eadc (0x00001f17) x30 0x8000fadc
core   0: 0x8000eae0 (0x523f2223) sw      gp, 1316(t5)
core   0: 3 0x8000eae0 (0x523f2223) mem 0x80010000 0x00000001
core   0: 0x8000eae4 (0x0000bfe5) c.j     pc - 8
core   0: 3 0x8000eae4 (0xbfe5)
core   0: 0x8000eadc (0x00001f17) auipc   t5, 0x1
core   0: 3 0x8000eadc (0x00001f17) x30 0x8000fadc
core   0: 0x8000eae0 (0x523f2223) sw      gp, 1316(t5)
core   0: 3 0x8000eae0 (0x523f2223) mem 0x80010000 0x00000001
core   0: 0x8000eae4 (0x0000bfe5) c.j     pc - 8
core   0: 3 0x8000eae4 (0xbfe5)
core   0: 0x8000eadc (0x00001f17) auipc   t5, 0x1
core   0: 3 0x8000eadc (0x00001f17) x30 0x8000fadc
core   0: 0x8000eae0 (0x523f2223) sw      gp, 1316(t5)
core   0: 3 0x8000eae0 (0x523f2223) mem 0x80010000 0x00000001
core   0: 0x8000eae4 (0x0000bfe5) c.j     pc - 8
core   0: 3 0x8000eae4 (0xbfe5)
core   0: 0x8000eadc (0x00001f17) auipc   t5, 0x1
core   0: 3 0x8000eadc (0x00001f17) x30 0x8000fadc
core   0: 0x8000eae0 (0x523f2223) sw      gp, 1316(t5)
core   0: 3 0x8000eae0 (0x523f2223) mem 0x80010000 0x00000001
core   0: 0x8000eae4 (0x0000bfe5) c.j     pc - 8
core   0: 3 0x8000eae4 (0xbfe5)
core   0: 0x8000eadc (0x00001f17) auipc   t5, 0x1
core   0: 3 0x8000eadc (0x00001f17) x30 0x8000fadc
core   0: 0x8000eae0 (0x523f2223) sw      gp, 1316(t5)
core   0: 3 0x8000eae0 (0x523f2223) mem 0x80010000 0x00000001
core   0: 0x8000eae4 (0x0000bfe5) c.j     pc - 8
core   0: 3 0x8000eae4 (0xbfe5)
core   0: 0x8000eadc (0x00001f17) auipc   t5, 0x1
core   0: 3 0x8000eadc (0x00001f17) x30 0x8000fadc
core   0: 0x8000eae0 (0x523f2223) sw      gp, 1316(t5)
core   0: 3 0x8000eae0 (0x523f2223) mem 0x80010000 0x00000001
core   0: 0x8000eae4 (0x0000bfe5) c.j     pc - 8
core   0: 3 0x8000eae4 (0xbfe5)
core   0: 0x8000eadc (0x00001f17) auipc   t5, 0x1
core   0: 3 0x8000eadc (0x00001f17) x30 0x8000fadc
core   0: 0x8000eae0 (0x523f2223) sw      gp, 1316(t5)
core   0: 3 0x8000eae0 (0x523f2223) mem 0x80010000 0x00000001
core   0: 0x8000eae4 (0x0000bfe5) c.j     pc - 8
core   0: 3 0x8000eae4 (0xbfe5)
core   0: 0x8000eadc (0x00001f17) auipc   t5, 0x1
core   0: 3 0x8000eadc (0x00001f17) x30 0x8000fadc
core   0: 0x8000eae0 (0x523f2223) sw      gp, 1316(t5)
core   0: 3 0x8000eae0 (0x523f2223) mem 0x80010000 0x00000001
core   0: 0x8000eae4 (0x0000bfe5) c.j     pc - 8
core   0: 3 0x8000eae4 (0xbfe5)
core   0: 0x8000eadc (0x00001f17) auipc   t5, 0x1
core   0: 3 0x8000eadc (0x00001f17) x30 0x8000fadc
core   0: 0x8000eae0 (0x523f2223) sw      gp, 1316(t5)
core   0: 3 0x8000eae0 (0x523f2223) mem 0x80010000 0x00000001
core   0: 0x8000eae4 (0x0000bfe5) c.j     pc - 8
core   0: 3 0x8000eae4 (0xbfe5)
core   0: 0x8000eadc (0x00001f17) auipc   t5, 0x1
core   0: 3 0x8000eadc (0x00001f17) x30 0x8000fadc
core   0: 0x8000eae0 (0x523f2223) sw      gp, 1316(t5)
core   0: 3 0x8000eae0 (0x523f2223) mem 0x80010000 0x00000001
core   0: 0x8000eae4 (0x0000bfe5) c.j     pc - 8
core   0: 3 0x8000eae4 (0xbfe5)
core   0: 0x8000eadc (0x00001f17) auipc   t5, 0x1
core   0: 3 0x8000eadc (0x00001f17) x30 0x8000fadc
core   0: 0x8000eae0 (0x523f2223) sw      gp, 1316(t5)
core   0: 3 0x8000eae0 (0x523f2223) mem 0x80010000 0x00000001
core   0: 0x8000eae4 (0x0000bfe5) c.j     pc - 8
core   0: 3 0x8000eae4 (0xbfe5)
core   0: 0x8000eadc (0x00001f17) auipc   t5, 0x1
core   0: 3 0x8000eadc (0x00001f17) x30 0x8000fadc
core   0: 0x8000eae0 (0x523f2223) sw      gp, 1316(t5)
core   0: 3 0x8000eae0 (0x523f2223) mem 0x80010000 0x00000001
core   0: 0x8000eae4 (0x0000bfe5) c.j     pc - 8
core   0: 3 0x8000eae4 (0xbfe5)
core   0: 0x8000eadc (0x00001f17) auipc   t5, 0x1
core   0: 3 0x8000eadc (0x00001f17) x30 0x8000fadc
core   0: 0x8000eae0 (0x523f2223) sw      gp, 1316(t5)
core   0: 3 0x8000eae0 (0x523f2223) mem 0x80010000 0x00000001
core   0: 0x8000eae4 (0x0000bfe5) c.j     pc - 8
core   0: 3 0x8000eae4 (0xbfe5)
core   0: 0x8000eadc (0x00001f17) auipc   t5, 0x1
core   0: 3 0x8000eadc (0x00001f17) x30 0x8000fadc
core   0: 0x8000eae0 (0x523f2223) sw      gp, 1316(t5)
core   0: 3 0x8000eae0 (0x523f2223) mem 0x80010000 0x00000001
core   0: 0x8000eae4 (0x0000bfe5) c.j     pc - 8
core   0: 3 0x8000eae4 (0xbfe5)
core   0: 0x8000eadc (0x00001f17) auipc   t5, 0x1
core   0: 3 0x8000eadc (0x00001f17) x30 0x8000fadc
core   0: 0x8000eae0 (0x523f2223) sw      gp, 1316(t5)
core   0: 3 0x8000eae0 (0x523f2223) mem 0x80010000 0x00000001
core   0: 0x8000eae4 (0x0000bfe5) c.j     pc - 8
core   0: 3 0x8000eae4 (0xbfe5)
core   0: 0x8000eadc (0x00001f17) auipc   t5, 0x1
core   0: 3 0x8000eadc (0x00001f17) x30 0x8000fadc
core   0: 0x8000eae0 (0x523f2223) sw      gp, 1316(t5)
core   0: 3 0x8000eae0 (0x523f2223) mem 0x80010000 0x00000001
core   0: 0x8000eae4 (0x0000bfe5) c.j     pc - 8
core   0: 3 0x8000eae4 (0xbfe5)
core   0: 0x8000eadc (0x00001f17) auipc   t5, 0x1
core   0: 3 0x8000eadc (0x00001f17) x30 0x8000fadc
core   0: 0x8000eae0 (0x523f2223) sw      gp, 1316(t5)
core   0: 3 0x8000eae0 (0x523f2223) mem 0x80010000 0x00000001
core   0: 0x8000eae4 (0x0000bfe5) c.j     pc - 8
core   0: 3 0x8000eae4 (0xbfe5)
core   0: 0x8000eadc (0x00001f17) auipc   t5, 0x1
core   0: 3 0x8000eadc (0x00001f17) x30 0x8000fadc
core   0: 0x8000eae0 (0x523f2223) sw      gp, 1316(t5)
core   0: 3 0x8000eae0 (0x523f2223) mem 0x80010000 0x00000001
core   0: 0x8000eae4 (0x0000bfe5) c.j     pc - 8
core   0: 3 0x8000eae4 (0xbfe5)
core   0: 0x8000eadc (0x00001f17) auipc   t5, 0x1
core   0: 3 0x8000eadc (0x00001f17) x30 0x8000fadc
core   0: 0x8000eae0 (0x523f2223) sw      gp, 1316(t5)
core   0: 3 0x8000eae0 (0x523f2223) mem 0x80010000 0x00000001
core   0: 0x8000eae4 (0x0000bfe5) c.j     pc - 8
core   0: 3 0x8000eae4 (0xbfe5)
core   0: 0x8000eadc (0x00001f17) auipc   t5, 0x1
core   0: 3 0x8000eadc (0x00001f17) x30 0x8000fadc
core   0: 0x8000eae0 (0x523f2223) sw      gp, 1316(t5)
core   0: 3 0x8000eae0 (0x523f2223) mem 0x80010000 0x00000001
core   0: 0x8000eae4 (0x0000bfe5) c.j     pc - 8
core   0: 3 0x8000eae4 (0xbfe5)
core   0: 0x8000eadc (0x00001f17) auipc   t5, 0x1
core   0: 3 0x8000eadc (0x00001f17) x30 0x8000fadc
core   0: 0x8000eae0 (0x523f2223) sw      gp, 1316(t5)
core   0: 3 0x8000eae0 (0x523f2223) mem 0x80010000 0x00000001
core   0: 0x8000eae4 (0x0000bfe5) c.j     pc - 8
core   0: 3 0x8000eae4 (0xbfe5)
core   0: 0x8000eadc (0x00001f17) auipc   t5, 0x1
core   0: 3 0x8000eadc (0x00001f17) x30 0x8000fadc
core   0: 0x8000eae0 (0x523f2223) sw      gp, 1316(t5)
core   0: 3 0x8000eae0 (0x523f2223) mem 0x80010000 0x00000001
core   0: 0x8000eae4 (0x0000bfe5) c.j     pc - 8
core   0: 3 0x8000eae4 (0xbfe5)
core   0: 0x8000eadc (0x00001f17) auipc   t5, 0x1
core   0: 3 0x8000eadc (0x00001f17) x30 0x8000fadc
core   0: 0x8000eae0 (0x523f2223) sw      gp, 1316(t5)
core   0: 3 0x8000eae0 (0x523f2223) mem 0x80010000 0x00000001
core   0: 0x8000eae4 (0x0000bfe5) c.j     pc - 8
core   0: 3 0x8000eae4 (0xbfe5)
core   0: 0x8000eadc (0x00001f17) auipc   t5, 0x1
core   0: 3 0x8000eadc (0x00001f17) x30 0x8000fadc
core   0: 0x8000eae0 (0x523f2223) sw      gp, 1316(t5)
core   0: 3 0x8000eae0 (0x523f2223) mem 0x80010000 0x00000001
core   0: 0x8000eae4 (0x0000bfe5) c.j     pc - 8
core   0: 3 0x8000eae4 (0xbfe5)
core   0: 0x8000eadc (0x00001f17) auipc   t5, 0x1
core   0: 3 0x8000eadc (0x00001f17) x30 0x8000fadc
core   0: 0x8000eae0 (0x523f2223) sw      gp, 1316(t5)
core   0: 3 0x8000eae0 (0x523f2223) mem 0x80010000 0x00000001
core   0: 0x8000eae4 (0x0000bfe5) c.j     pc - 8
core   0: 3 0x8000eae4 (0xbfe5)
core   0: 0x8000eadc (0x00001f17) auipc   t5, 0x1
core   0: 3 0x8000eadc (0x00001f17) x30 0x8000fadc
core   0: 0x8000eae0 (0x523f2223) sw      gp, 1316(t5)
core   0: 3 0x8000eae0 (0x523f2223) mem 0x80010000 0x00000001
core   0: 0x8000eae4 (0x0000bfe5) c.j     pc - 8
core   0: 3 0x8000eae4 (0xbfe5)
core   0: 0x8000eadc (0x00001f17) auipc   t5, 0x1
core   0: 3 0x8000eadc (0x00001f17) x30 0x8000fadc
core   0: 0x8000eae0 (0x523f2223) sw      gp, 1316(t5)
core   0: 3 0x8000eae0 (0x523f2223) mem 0x80010000 0x00000001
core   0: 0x8000eae4 (0x0000bfe5) c.j     pc - 8
core   0: 3 0x8000eae4 (0xbfe5)
core   0: 0x8000eadc (0x00001f17) auipc   t5, 0x1
core   0: 3 0x8000eadc (0x00001f17) x30 0x8000fadc
core   0: 0x8000eae0 (0x523f2223) sw      gp, 1316(t5)
core   0: 3 0x8000eae0 (0x523f2223) mem 0x80010000 0x00000001
core   0: 0x8000eae4 (0x0000bfe5) c.j     pc - 8
core   0: 3 0x8000eae4 (0xbfe5)
core   0: 0x8000eadc (0x00001f17) auipc   t5, 0x1
core   0: 3 0x8000eadc (0x00001f17) x30 0x8000fadc
core   0: 0x8000eae0 (0x523f2223) sw      gp, 1316(t5)
core   0: 3 0x8000eae0 (0x523f2223) mem 0x80010000 0x00000001
core   0: 0x8000eae4 (0x0000bfe5) c.j     pc - 8
core   0: 3 0x8000eae4 (0xbfe5)
core   0: 0x8000eadc (0x00001f17) auipc   t5, 0x1
core   0: 3 0x8000eadc (0x00001f17) x30 0x8000fadc
core   0: 0x8000eae0 (0x523f2223) sw      gp, 1316(t5)
core   0: 3 0x8000eae0 (0x523f2223) mem 0x80010000 0x00000001
core   0: 0x8000eae4 (0x0000bfe5) c.j     pc - 8
core   0: 3 0x8000eae4 (0xbfe5)
core   0: 0x8000eadc (0x00001f17) auipc   t5, 0x1
core   0: 3 0x8000eadc (0x00001f17) x30 0x8000fadc
core   0: 0x8000eae0 (0x523f2223) sw      gp, 1316(t5)
core   0: 3 0x8000eae0 (0x523f2223) mem 0x80010000 0x00000001
core   0: 0x8000eae4 (0x0000bfe5) c.j     pc - 8
core   0: 3 0x8000eae4 (0xbfe5)
core   0: 0x8000eadc (0x00001f17) auipc   t5, 0x1
core   0: 3 0x8000eadc (0x00001f17) x30 0x8000fadc
core   0: 0x8000eae0 (0x523f2223) sw      gp, 1316(t5)
core   0: 3 0x8000eae0 (0x523f2223) mem 0x80010000 0x00000001
core   0: 0x8000eae4 (0x0000bfe5) c.j     pc - 8
core   0: 3 0x8000eae4 (0xbfe5)
core   0: 0x8000eadc (0x00001f17) auipc   t5, 0x1
core   0: 3 0x8000eadc (0x00001f17) x30 0x8000fadc
core   0: 0x8000eae0 (0x523f2223) sw      gp, 1316(t5)
core   0: 3 0x8000eae0 (0x523f2223) mem 0x80010000 0x00000001
core   0: 0x8000eae4 (0x0000bfe5) c.j     pc - 8
core   0: 3 0x8000eae4 (0xbfe5)
core   0: 0x8000eadc (0x00001f17) auipc   t5, 0x1
core   0: 3 0x8000eadc (0x00001f17) x30 0x8000fadc
core   0: 0x8000eae0 (0x523f2223) sw      gp, 1316(t5)
core   0: 3 0x8000eae0 (0x523f2223) mem 0x80010000 0x00000001
core   0: 0x8000eae4 (0x0000bfe5) c.j     pc - 8
core   0: 3 0x8000eae4 (0xbfe5)
core   0: 0x8000eadc (0x00001f17) auipc   t5, 0x1
core   0: 3 0x8000eadc (0x00001f17) x30 0x8000fadc
core   0: 0x8000eae0 (0x523f2223) sw      gp, 1316(t5)
core   0: 3 0x8000eae0 (0x523f2223) mem 0x80010000 0x00000001
core   0: 0x8000eae4 (0x0000bfe5) c.j     pc - 8
core   0: 3 0x8000eae4 (0xbfe5)
core   0: 0x8000eadc (0x00001f17) auipc   t5, 0x1
core   0: 3 0x8000eadc (0x00001f17) x30 0x8000fadc
core   0: 0x8000eae0 (0x523f2223) sw      gp, 1316(t5)
core   0: 3 0x8000eae0 (0x523f2223) mem 0x80010000 0x00000001
core   0: 0x8000eae4 (0x0000bfe5) c.j     pc - 8
core   0: 3 0x8000eae4 (0xbfe5)
core   0: 0x8000eadc (0x00001f17) auipc   t5, 0x1
core   0: 3 0x8000eadc (0x00001f17) x30 0x8000fadc
core   0: 0x8000eae0 (0x523f2223) sw      gp, 1316(t5)
core   0: 3 0x8000eae0 (0x523f2223) mem 0x80010000 0x00000001
core   0: 0x8000eae4 (0x0000bfe5) c.j     pc - 8
core   0: 3 0x8000eae4 (0xbfe5)
core   0: 0x8000eadc (0x00001f17) auipc   t5, 0x1
core   0: 3 0x8000eadc (0x00001f17) x30 0x8000fadc
core   0: 0x8000eae0 (0x523f2223) sw      gp, 1316(t5)
core   0: 3 0x8000eae0 (0x523f2223) mem 0x80010000 0x00000001
core   0: 0x8000eae4 (0x0000bfe5) c.j     pc - 8
core   0: 3 0x8000eae4 (0xbfe5)
core   0: 0x8000eadc (0x00001f17) auipc   t5, 0x1
core   0: 3 0x8000eadc (0x00001f17) x30 0x8000fadc
core   0: 0x8000eae0 (0x523f2223) sw      gp, 1316(t5)
core   0: 3 0x8000eae0 (0x523f2223) mem 0x80010000 0x00000001
core   0: 0x8000eae4 (0x0000bfe5) c.j     pc - 8
core   0: 3 0x8000eae4 (0xbfe5)
core   0: 0x8000eadc (0x00001f17) auipc   t5, 0x1
core   0: 3 0x8000eadc (0x00001f17) x30 0x8000fadc
core   0: 0x8000eae0 (0x523f2223) sw      gp, 1316(t5)
core   0: 3 0x8000eae0 (0x523f2223) mem 0x80010000 0x00000001
core   0: 0x8000eae4 (0x0000bfe5) c.j     pc - 8
core   0: 3 0x8000eae4 (0xbfe5)
core   0: 0x8000eadc (0x00001f17) auipc   t5, 0x1
core   0: 3 0x8000eadc (0x00001f17) x30 0x8000fadc
core   0: 0x8000eae0 (0x523f2223) sw      gp, 1316(t5)
core   0: 3 0x8000eae0 (0x523f2223) mem 0x80010000 0x00000001
core   0: 0x8000eae4 (0x0000bfe5) c.j     pc - 8
core   0: 3 0x8000eae4 (0xbfe5)
core   0: 0x8000eadc (0x00001f17) auipc   t5, 0x1
core   0: 3 0x8000eadc (0x00001f17) x30 0x8000fadc
core   0: 0x8000eae0 (0x523f2223) sw      gp, 1316(t5)
core   0: 3 0x8000eae0 (0x523f2223) mem 0x80010000 0x00000001
core   0: 0x8000eae4 (0x0000bfe5) c.j     pc - 8
core   0: 3 0x8000eae4 (0xbfe5)
core   0: 0x8000eadc (0x00001f17) auipc   t5, 0x1
core   0: 3 0x8000eadc (0x00001f17) x30 0x8000fadc
core   0: 0x8000eae0 (0x523f2223) sw      gp, 1316(t5)
core   0: 3 0x8000eae0 (0x523f2223) mem 0x80010000 0x00000001
core   0: 0x8000eae4 (0x0000bfe5) c.j     pc - 8
core   0: 3 0x8000eae4 (0xbfe5)
core   0: 0x8000eadc (0x00001f17) auipc   t5, 0x1
core   0: 3 0x8000eadc (0x00001f17) x30 0x8000fadc
core   0: 0x8000eae0 (0x523f2223) sw      gp, 1316(t5)
core   0: 3 0x8000eae0 (0x523f2223) mem 0x80010000 0x00000001
core   0: 0x8000eae4 (0x0000bfe5) c.j     pc - 8
core   0: 3 0x8000eae4 (0xbfe5)
core   0: 0x8000eadc (0x00001f17) auipc   t5, 0x1
core   0: 3 0x8000eadc (0x00001f17) x30 0x8000fadc
core   0: 0x8000eae0 (0x523f2223) sw      gp, 1316(t5)
core   0: 3 0x8000eae0 (0x523f2223) mem 0x80010000 0x00000001
core   0: 0x8000eae4 (0x0000bfe5) c.j     pc - 8
core   0: 3 0x8000eae4 (0xbfe5)
core   0: 0x8000eadc (0x00001f17) auipc   t5, 0x1
core   0: 3 0x8000eadc (0x00001f17) x30 0x8000fadc
core   0: 0x8000eae0 (0x523f2223) sw      gp, 1316(t5)
core   0: 3 0x8000eae0 (0x523f2223) mem 0x80010000 0x00000001
core   0: 0x8000eae4 (0x0000bfe5) c.j     pc - 8
core   0: 3 0x8000eae4 (0xbfe5)
core   0: 0x8000eadc (0x00001f17) auipc   t5, 0x1
core   0: 3 0x8000eadc (0x00001f17) x30 0x8000fadc
core   0: 0x8000eae0 (0x523f2223) sw      gp, 1316(t5)
core   0: 3 0x8000eae0 (0x523f2223) mem 0x80010000 0x00000001
core   0: 0x8000eae4 (0x0000bfe5) c.j     pc - 8
core   0: 3 0x8000eae4 (0xbfe5)
core   0: 0x8000eadc (0x00001f17) auipc   t5, 0x1
core   0: 3 0x8000eadc (0x00001f17) x30 0x8000fadc
core   0: 0x8000eae0 (0x523f2223) sw      gp, 1316(t5)
core   0: 3 0x8000eae0 (0x523f2223) mem 0x80010000 0x00000001
core   0: 0x8000eae4 (0x0000bfe5) c.j     pc - 8
core   0: 3 0x8000eae4 (0xbfe5)
core   0: 0x8000eadc (0x00001f17) auipc   t5, 0x1
core   0: 3 0x8000eadc (0x00001f17) x30 0x8000fadc
core   0: 0x8000eae0 (0x523f2223) sw      gp, 1316(t5)
core   0: 3 0x8000eae0 (0x523f2223) mem 0x80010000 0x00000001
core   0: 0x8000eae4 (0x0000bfe5) c.j     pc - 8
core   0: 3 0x8000eae4 (0xbfe5)
core   0: 0x8000eadc (0x00001f17) auipc   t5, 0x1
core   0: 3 0x8000eadc (0x00001f17) x30 0x8000fadc
core   0: 0x8000eae0 (0x523f2223) sw      gp, 1316(t5)
core   0: 3 0x8000eae0 (0x523f2223) mem 0x80010000 0x00000001
core   0: 0x8000eae4 (0x0000bfe5) c.j     pc - 8
core   0: 3 0x8000eae4 (0xbfe5)
core   0: 0x8000eadc (0x00001f17) auipc   t5, 0x1
core   0: 3 0x8000eadc (0x00001f17) x30 0x8000fadc
core   0: 0x8000eae0 (0x523f2223) sw      gp, 1316(t5)
core   0: 3 0x8000eae0 (0x523f2223) mem 0x80010000 0x00000001
core   0: 0x8000eae4 (0x0000bfe5) c.j     pc - 8
core   0: 3 0x8000eae4 (0xbfe5)
core   0: 0x8000eadc (0x00001f17) auipc   t5, 0x1
core   0: 3 0x8000eadc (0x00001f17) x30 0x8000fadc
core   0: 0x8000eae0 (0x523f2223) sw      gp, 1316(t5)
core   0: 3 0x8000eae0 (0x523f2223) mem 0x80010000 0x00000001
core   0: 0x8000eae4 (0x0000bfe5) c.j     pc - 8
core   0: 3 0x8000eae4 (0xbfe5)
core   0: 0x8000eadc (0x00001f17) auipc   t5, 0x1
core   0: 3 0x8000eadc (0x00001f17) x30 0x8000fadc
core   0: 0x8000eae0 (0x523f2223) sw      gp, 1316(t5)
core   0: 3 0x8000eae0 (0x523f2223) mem 0x80010000 0x00000001
core   0: 0x8000eae4 (0x0000bfe5) c.j     pc - 8
core   0: 3 0x8000eae4 (0xbfe5)
core   0: 0x8000eadc (0x00001f17) auipc   t5, 0x1
core   0: 3 0x8000eadc (0x00001f17) x30 0x8000fadc
core   0: 0x8000eae0 (0x523f2223) sw      gp, 1316(t5)
core   0: 3 0x8000eae0 (0x523f2223) mem 0x80010000 0x00000001
core   0: 0x8000eae4 (0x0000bfe5) c.j     pc - 8
core   0: 3 0x8000eae4 (0xbfe5)
core   0: 0x8000eadc (0x00001f17) auipc   t5, 0x1
core   0: 3 0x8000eadc (0x00001f17) x30 0x8000fadc
core   0: 0x8000eae0 (0x523f2223) sw      gp, 1316(t5)
core   0: 3 0x8000eae0 (0x523f2223) mem 0x80010000 0x00000001
core   0: 0x8000eae4 (0x0000bfe5) c.j     pc - 8
core   0: 3 0x8000eae4 (0xbfe5)
core   0: 0x8000eadc (0x00001f17) auipc   t5, 0x1
core   0: 3 0x8000eadc (0x00001f17) x30 0x8000fadc
core   0: 0x8000eae0 (0x523f2223) sw      gp, 1316(t5)
core   0: 3 0x8000eae0 (0x523f2223) mem 0x80010000 0x00000001
core   0: 0x8000eae4 (0x0000bfe5) c.j     pc - 8
core   0: 3 0x8000eae4 (0xbfe5)
core   0: 0x8000eadc (0x00001f17) auipc   t5, 0x1
core   0: 3 0x8000eadc (0x00001f17) x30 0x8000fadc
core   0: 0x8000eae0 (0x523f2223) sw      gp, 1316(t5)
core   0: 3 0x8000eae0 (0x523f2223) mem 0x80010000 0x00000001
core   0: 0x8000eae4 (0x0000bfe5) c.j     pc - 8
core   0: 3 0x8000eae4 (0xbfe5)
core   0: 0x8000eadc (0x00001f17) auipc   t5, 0x1
core   0: 3 0x8000eadc (0x00001f17) x30 0x8000fadc
core   0: 0x8000eae0 (0x523f2223) sw      gp, 1316(t5)
core   0: 3 0x8000eae0 (0x523f2223) mem 0x80010000 0x00000001
core   0: 0x8000eae4 (0x0000bfe5) c.j     pc - 8
core   0: 3 0x8000eae4 (0xbfe5)
core   0: 0x8000eadc (0x00001f17) auipc   t5, 0x1
core   0: 3 0x8000eadc (0x00001f17) x30 0x8000fadc
core   0: 0x8000eae0 (0x523f2223) sw      gp, 1316(t5)
core   0: 3 0x8000eae0 (0x523f2223) mem 0x80010000 0x00000001
core   0: 0x8000eae4 (0x0000bfe5) c.j     pc - 8
core   0: 3 0x8000eae4 (0xbfe5)
core   0: 0x8000eadc (0x00001f17) auipc   t5, 0x1
core   0: 3 0x8000eadc (0x00001f17) x30 0x8000fadc
core   0: 0x8000eae0 (0x523f2223) sw      gp, 1316(t5)
core   0: 3 0x8000eae0 (0x523f2223) mem 0x80010000 0x00000001
core   0: 0x8000eae4 (0x0000bfe5) c.j     pc - 8
core   0: 3 0x8000eae4 (0xbfe5)
core   0: 0x8000eadc (0x00001f17) auipc   t5, 0x1
core   0: 3 0x8000eadc (0x00001f17) x30 0x8000fadc
core   0: 0x8000eae0 (0x523f2223) sw      gp, 1316(t5)
core   0: 3 0x8000eae0 (0x523f2223) mem 0x80010000 0x00000001
core   0: 0x8000eae4 (0x0000bfe5) c.j     pc - 8
core   0: 3 0x8000eae4 (0xbfe5)
core   0: 0x8000eadc (0x00001f17) auipc   t5, 0x1
core   0: 3 0x8000eadc (0x00001f17) x30 0x8000fadc
core   0: 0x8000eae0 (0x523f2223) sw      gp, 1316(t5)
core   0: 3 0x8000eae0 (0x523f2223) mem 0x80010000 0x00000001
core   0: 0x8000eae4 (0x0000bfe5) c.j     pc - 8
core   0: 3 0x8000eae4 (0xbfe5)
core   0: 0x8000eadc (0x00001f17) auipc   t5, 0x1
core   0: 3 0x8000eadc (0x00001f17) x30 0x8000fadc
core   0: 0x8000eae0 (0x523f2223) sw      gp, 1316(t5)
core   0: 3 0x8000eae0 (0x523f2223) mem 0x80010000 0x00000001
core   0: 0x8000eae4 (0x0000bfe5) c.j     pc - 8
core   0: 3 0x8000eae4 (0xbfe5)
core   0: 0x8000eadc (0x00001f17) auipc   t5, 0x1
core   0: 3 0x8000eadc (0x00001f17) x30 0x8000fadc
core   0: 0x8000eae0 (0x523f2223) sw      gp, 1316(t5)
core   0: 3 0x8000eae0 (0x523f2223) mem 0x80010000 0x00000001
core   0: 0x8000eae4 (0x0000bfe5) c.j     pc - 8
core   0: 3 0x8000eae4 (0xbfe5)
core   0: 0x8000eadc (0x00001f17) auipc   t5, 0x1
core   0: 3 0x8000eadc (0x00001f17) x30 0x8000fadc
core   0: 0x8000eae0 (0x523f2223) sw      gp, 1316(t5)
core   0: 3 0x8000eae0 (0x523f2223) mem 0x80010000 0x00000001
core   0: 0x8000eae4 (0x0000bfe5) c.j     pc - 8
core   0: 3 0x8000eae4 (0xbfe5)
core   0: 0x8000eadc (0x00001f17) auipc   t5, 0x1
core   0: 3 0x8000eadc (0x00001f17) x30 0x8000fadc
core   0: 0x8000eae0 (0x523f2223) sw      gp, 1316(t5)
core   0: 3 0x8000eae0 (0x523f2223) mem 0x80010000 0x00000001
core   0: 0x8000eae4 (0x0000bfe5) c.j     pc - 8
core   0: 3 0x8000eae4 (0xbfe5)
core   0: 0x8000eadc (0x00001f17) auipc   t5, 0x1
core   0: 3 0x8000eadc (0x00001f17) x30 0x8000fadc
core   0: 0x8000eae0 (0x523f2223) sw      gp, 1316(t5)
core   0: 3 0x8000eae0 (0x523f2223) mem 0x80010000 0x00000001
core   0: 0x8000eae4 (0x0000bfe5) c.j     pc - 8
core   0: 3 0x8000eae4 (0xbfe5)
core   0: 0x8000eadc (0x00001f17) auipc   t5, 0x1
core   0: 3 0x8000eadc (0x00001f17) x30 0x8000fadc
core   0: 0x8000eae0 (0x523f2223) sw      gp, 1316(t5)
core   0: 3 0x8000eae0 (0x523f2223) mem 0x80010000 0x00000001
core   0: 0x8000eae4 (0x0000bfe5) c.j     pc - 8
core   0: 3 0x8000eae4 (0xbfe5)
core   0: 0x8000eadc (0x00001f17) auipc   t5, 0x1
core   0: 3 0x8000eadc (0x00001f17) x30 0x8000fadc
core   0: 0x8000eae0 (0x523f2223) sw      gp, 1316(t5)
core   0: 3 0x8000eae0 (0x523f2223) mem 0x80010000 0x00000001
core   0: 0x8000eae4 (0x0000bfe5) c.j     pc - 8
core   0: 3 0x8000eae4 (0xbfe5)
core   0: 0x8000eadc (0x00001f17) auipc   t5, 0x1
core   0: 3 0x8000eadc (0x00001f17) x30 0x8000fadc
core   0: 0x8000eae0 (0x523f2223) sw      gp, 1316(t5)
core   0: 3 0x8000eae0 (0x523f2223) mem 0x80010000 0x00000001
core   0: 0x8000eae4 (0x0000bfe5) c.j     pc - 8
core   0: 3 0x8000eae4 (0xbfe5)
core   0: 0x8000eadc (0x00001f17) auipc   t5, 0x1
core   0: 3 0x8000eadc (0x00001f17) x30 0x8000fadc
core   0: 0x8000eae0 (0x523f2223) sw      gp, 1316(t5)
core   0: 3 0x8000eae0 (0x523f2223) mem 0x80010000 0x00000001
core   0: 0x8000eae4 (0x0000bfe5) c.j     pc - 8
core   0: 3 0x8000eae4 (0xbfe5)
core   0: 0x8000eadc (0x00001f17) auipc   t5, 0x1
core   0: 3 0x8000eadc (0x00001f17) x30 0x8000fadc
core   0: 0x8000eae0 (0x523f2223) sw      gp, 1316(t5)
core   0: 3 0x8000eae0 (0x523f2223) mem 0x80010000 0x00000001
core   0: 0x8000eae4 (0x0000bfe5) c.j     pc - 8
core   0: 3 0x8000eae4 (0xbfe5)
core   0: 0x8000eadc (0x00001f17) auipc   t5, 0x1
core   0: 3 0x8000eadc (0x00001f17) x30 0x8000fadc
core   0: 0x8000eae0 (0x523f2223) sw      gp, 1316(t5)
core   0: 3 0x8000eae0 (0x523f2223) mem 0x80010000 0x00000001
core   0: 0x8000eae4 (0x0000bfe5) c.j     pc - 8
core   0: 3 0x8000eae4 (0xbfe5)
core   0: 0x8000eadc (0x00001f17) auipc   t5, 0x1
core   0: 3 0x8000eadc (0x00001f17) x30 0x8000fadc
core   0: 0x8000eae0 (0x523f2223) sw      gp, 1316(t5)
core   0: 3 0x8000eae0 (0x523f2223) mem 0x80010000 0x00000001
core   0: 0x8000eae4 (0x0000bfe5) c.j     pc - 8
core   0: 3 0x8000eae4 (0xbfe5)
core   0: 0x8000eadc (0x00001f17) auipc   t5, 0x1
core   0: 3 0x8000eadc (0x00001f17) x30 0x8000fadc
core   0: 0x8000eae0 (0x523f2223) sw      gp, 1316(t5)
core   0: 3 0x8000eae0 (0x523f2223) mem 0x80010000 0x00000001
core   0: 0x8000eae4 (0x0000bfe5) c.j     pc - 8
core   0: 3 0x8000eae4 (0xbfe5)
core   0: 0x8000eadc (0x00001f17) auipc   t5, 0x1
core   0: 3 0x8000eadc (0x00001f17) x30 0x8000fadc
core   0: 0x8000eae0 (0x523f2223) sw      gp, 1316(t5)
core   0: 3 0x8000eae0 (0x523f2223) mem 0x80010000 0x00000001
core   0: 0x8000eae4 (0x0000bfe5) c.j     pc - 8
core   0: 3 0x8000eae4 (0xbfe5)
core   0: 0x8000eadc (0x00001f17) auipc   t5, 0x1
core   0: 3 0x8000eadc (0x00001f17) x30 0x8000fadc
core   0: 0x8000eae0 (0x523f2223) sw      gp, 1316(t5)
core   0: 3 0x8000eae0 (0x523f2223) mem 0x80010000 0x00000001
core   0: 0x8000eae4 (0x0000bfe5) c.j     pc - 8
core   0: 3 0x8000eae4 (0xbfe5)
core   0: 0x8000eadc (0x00001f17) auipc   t5, 0x1
core   0: 3 0x8000eadc (0x00001f17) x30 0x8000fadc
core   0: 0x8000eae0 (0x523f2223) sw      gp, 1316(t5)
core   0: 3 0x8000eae0 (0x523f2223) mem 0x80010000 0x00000001
core   0: 0x8000eae4 (0x0000bfe5) c.j     pc - 8
core   0: 3 0x8000eae4 (0xbfe5)
core   0: 0x8000eadc (0x00001f17) auipc   t5, 0x1
core   0: 3 0x8000eadc (0x00001f17) x30 0x8000fadc
core   0: 0x8000eae0 (0x523f2223) sw      gp, 1316(t5)
core   0: 3 0x8000eae0 (0x523f2223) mem 0x80010000 0x00000001
core   0: 0x8000eae4 (0x0000bfe5) c.j     pc - 8
core   0: 3 0x8000eae4 (0xbfe5)
core   0: 0x8000eadc (0x00001f17) auipc   t5, 0x1
core   0: 3 0x8000eadc (0x00001f17) x30 0x8000fadc
core   0: 0x8000eae0 (0x523f2223) sw      gp, 1316(t5)
core   0: 3 0x8000eae0 (0x523f2223) mem 0x80010000 0x00000001
core   0: 0x8000eae4 (0x0000bfe5) c.j     pc - 8
core   0: 3 0x8000eae4 (0xbfe5)
core   0: 0x8000eadc (0x00001f17) auipc   t5, 0x1
core   0: 3 0x8000eadc (0x00001f17) x30 0x8000fadc
core   0: 0x8000eae0 (0x523f2223) sw      gp, 1316(t5)
core   0: 3 0x8000eae0 (0x523f2223) mem 0x80010000 0x00000001
core   0: 0x8000eae4 (0x0000bfe5) c.j     pc - 8
core   0: 3 0x8000eae4 (0xbfe5)
core   0: 0x8000eadc (0x00001f17) auipc   t5, 0x1
core   0: 3 0x8000eadc (0x00001f17) x30 0x8000fadc
core   0: 0x8000eae0 (0x523f2223) sw      gp, 1316(t5)
core   0: 3 0x8000eae0 (0x523f2223) mem 0x80010000 0x00000001
core   0: 0x8000eae4 (0x0000bfe5) c.j     pc - 8
core   0: 3 0x8000eae4 (0xbfe5)
core   0: 0x8000eadc (0x00001f17) auipc   t5, 0x1
core   0: 3 0x8000eadc (0x00001f17) x30 0x8000fadc
core   0: 0x8000eae0 (0x523f2223) sw      gp, 1316(t5)
core   0: 3 0x8000eae0 (0x523f2223) mem 0x80010000 0x00000001
core   0: 0x8000eae4 (0x0000bfe5) c.j     pc - 8
core   0: 3 0x8000eae4 (0xbfe5)
core   0: 0x8000eadc (0x00001f17) auipc   t5, 0x1
core   0: 3 0x8000eadc (0x00001f17) x30 0x8000fadc
core   0: 0x8000eae0 (0x523f2223) sw      gp, 1316(t5)
core   0: 3 0x8000eae0 (0x523f2223) mem 0x80010000 0x00000001
core   0: 0x8000eae4 (0x0000bfe5) c.j     pc - 8
core   0: 3 0x8000eae4 (0xbfe5)
core   0: 0x8000eadc (0x00001f17) auipc   t5, 0x1
core   0: 3 0x8000eadc (0x00001f17) x30 0x8000fadc
core   0: 0x8000eae0 (0x523f2223) sw      gp, 1316(t5)
core   0: 3 0x8000eae0 (0x523f2223) mem 0x80010000 0x00000001
core   0: 0x8000eae4 (0x0000bfe5) c.j     pc - 8
core   0: 3 0x8000eae4 (0xbfe5)
core   0: 0x8000eadc (0x00001f17) auipc   t5, 0x1
core   0: 3 0x8000eadc (0x00001f17) x30 0x8000fadc
core   0: 0x8000eae0 (0x523f2223) sw      gp, 1316(t5)
core   0: 3 0x8000eae0 (0x523f2223) mem 0x80010000 0x00000001
core   0: 0x8000eae4 (0x0000bfe5) c.j     pc - 8
core   0: 3 0x8000eae4 (0xbfe5)
core   0: 0x8000eadc (0x00001f17) auipc   t5, 0x1
core   0: 3 0x8000eadc (0x00001f17) x30 0x8000fadc
core   0: 0x8000eae0 (0x523f2223) sw      gp, 1316(t5)
core   0: 3 0x8000eae0 (0x523f2223) mem 0x80010000 0x00000001
core   0: 0x8000eae4 (0x0000bfe5) c.j     pc - 8
core   0: 3 0x8000eae4 (0xbfe5)
core   0: 0x8000eadc (0x00001f17) auipc   t5, 0x1
core   0: 3 0x8000eadc (0x00001f17) x30 0x8000fadc
core   0: 0x8000eae0 (0x523f2223) sw      gp, 1316(t5)
core   0: 3 0x8000eae0 (0x523f2223) mem 0x80010000 0x00000001
core   0: 0x8000eae4 (0x0000bfe5) c.j     pc - 8
core   0: 3 0x8000eae4 (0xbfe5)
core   0: 0x8000eadc (0x00001f17) auipc   t5, 0x1
core   0: 3 0x8000eadc (0x00001f17) x30 0x8000fadc
core   0: 0x8000eae0 (0x523f2223) sw      gp, 1316(t5)
core   0: 3 0x8000eae0 (0x523f2223) mem 0x80010000 0x00000001
core   0: 0x8000eae4 (0x0000bfe5) c.j     pc - 8
core   0: 3 0x8000eae4 (0xbfe5)
core   0: 0x8000eadc (0x00001f17) auipc   t5, 0x1
core   0: 3 0x8000eadc (0x00001f17) x30 0x8000fadc
core   0: 0x8000eae0 (0x523f2223) sw      gp, 1316(t5)
core   0: 3 0x8000eae0 (0x523f2223) mem 0x80010000 0x00000001
core   0: 0x8000eae4 (0x0000bfe5) c.j     pc - 8
core   0: 3 0x8000eae4 (0xbfe5)
core   0: 0x8000eadc (0x00001f17) auipc   t5, 0x1
core   0: 3 0x8000eadc (0x00001f17) x30 0x8000fadc
core   0: 0x8000eae0 (0x523f2223) sw      gp, 1316(t5)
core   0: 3 0x8000eae0 (0x523f2223) mem 0x80010000 0x00000001
core   0: 0x8000eae4 (0x0000bfe5) c.j     pc - 8
core   0: 3 0x8000eae4 (0xbfe5)
core   0: 0x8000eadc (0x00001f17) auipc   t5, 0x1
core   0: 3 0x8000eadc (0x00001f17) x30 0x8000fadc
core   0: 0x8000eae0 (0x523f2223) sw      gp, 1316(t5)
core   0: 3 0x8000eae0 (0x523f2223) mem 0x80010000 0x00000001
core   0: 0x8000eae4 (0x0000bfe5) c.j     pc - 8
core   0: 3 0x8000eae4 (0xbfe5)
core   0: 0x8000eadc (0x00001f17) auipc   t5, 0x1
core   0: 3 0x8000eadc (0x00001f17) x30 0x8000fadc
core   0: 0x8000eae0 (0x523f2223) sw      gp, 1316(t5)
core   0: 3 0x8000eae0 (0x523f2223) mem 0x80010000 0x00000001
core   0: 0x8000eae4 (0x0000bfe5) c.j     pc - 8
core   0: 3 0x8000eae4 (0xbfe5)
core   0: 0x8000eadc (0x00001f17) auipc   t5, 0x1
core   0: 3 0x8000eadc (0x00001f17) x30 0x8000fadc
core   0: 0x8000eae0 (0x523f2223) sw      gp, 1316(t5)
core   0: 3 0x8000eae0 (0x523f2223) mem 0x80010000 0x00000001
core   0: 0x8000eae4 (0x0000bfe5) c.j     pc - 8
core   0: 3 0x8000eae4 (0xbfe5)
core   0: 0x8000eadc (0x00001f17) auipc   t5, 0x1
core   0: 3 0x8000eadc (0x00001f17) x30 0x8000fadc
core   0: 0x8000eae0 (0x523f2223) sw      gp, 1316(t5)
core   0: 3 0x8000eae0 (0x523f2223) mem 0x80010000 0x00000001
core   0: 0x8000eae4 (0x0000bfe5) c.j     pc - 8
core   0: 3 0x8000eae4 (0xbfe5)
core   0: 0x8000eadc (0x00001f17) auipc   t5, 0x1
core   0: 3 0x8000eadc (0x00001f17) x30 0x8000fadc
core   0: 0x8000eae0 (0x523f2223) sw      gp, 1316(t5)
core   0: 3 0x8000eae0 (0x523f2223) mem 0x80010000 0x00000001
core   0: 0x8000eae4 (0x0000bfe5) c.j     pc - 8
core   0: 3 0x8000eae4 (0xbfe5)
core   0: 0x8000eadc (0x00001f17) auipc   t5, 0x1
core   0: 3 0x8000eadc (0x00001f17) x30 0x8000fadc
core   0: 0x8000eae0 (0x523f2223) sw      gp, 1316(t5)
core   0: 3 0x8000eae0 (0x523f2223) mem 0x80010000 0x00000001
core   0: 0x8000eae4 (0x0000bfe5) c.j     pc - 8
core   0: 3 0x8000eae4 (0xbfe5)
core   0: 0x8000eadc (0x00001f17) auipc   t5, 0x1
core   0: 3 0x8000eadc (0x00001f17) x30 0x8000fadc
core   0: 0x8000eae0 (0x523f2223) sw      gp, 1316(t5)
core   0: 3 0x8000eae0 (0x523f2223) mem 0x80010000 0x00000001
core   0: 0x8000eae4 (0x0000bfe5) c.j     pc - 8
core   0: 3 0x8000eae4 (0xbfe5)
core   0: 0x8000eadc (0x00001f17) auipc   t5, 0x1
core   0: 3 0x8000eadc (0x00001f17) x30 0x8000fadc
core   0: 0x8000eae0 (0x523f2223) sw      gp, 1316(t5)
core   0: 3 0x8000eae0 (0x523f2223) mem 0x80010000 0x00000001
core   0: 0x8000eae4 (0x0000bfe5) c.j     pc - 8
core   0: 3 0x8000eae4 (0xbfe5)
core   0: 0x8000eadc (0x00001f17) auipc   t5, 0x1
core   0: 3 0x8000eadc (0x00001f17) x30 0x8000fadc
core   0: 0x8000eae0 (0x523f2223) sw      gp, 1316(t5)
core   0: 3 0x8000eae0 (0x523f2223) mem 0x80010000 0x00000001
core   0: 0x8000eae4 (0x0000bfe5) c.j     pc - 8
core   0: 3 0x8000eae4 (0xbfe5)
core   0: 0x8000eadc (0x00001f17) auipc   t5, 0x1
core   0: 3 0x8000eadc (0x00001f17) x30 0x8000fadc
core   0: 0x8000eae0 (0x523f2223) sw      gp, 1316(t5)
core   0: 3 0x8000eae0 (0x523f2223) mem 0x80010000 0x00000001
core   0: 0x8000eae4 (0x0000bfe5) c.j     pc - 8
core   0: 3 0x8000eae4 (0xbfe5)
core   0: 0x8000eadc (0x00001f17) auipc   t5, 0x1
core   0: 3 0x8000eadc (0x00001f17) x30 0x8000fadc
core   0: 0x8000eae0 (0x523f2223) sw      gp, 1316(t5)
core   0: 3 0x8000eae0 (0x523f2223) mem 0x80010000 0x00000001
core   0: 0x8000eae4 (0x0000bfe5) c.j     pc - 8
core   0: 3 0x8000eae4 (0xbfe5)
core   0: 0x8000eadc (0x00001f17) auipc   t5, 0x1
core   0: 3 0x8000eadc (0x00001f17) x30 0x8000fadc
core   0: 0x8000eae0 (0x523f2223) sw      gp, 1316(t5)
core   0: 3 0x8000eae0 (0x523f2223) mem 0x80010000 0x00000001
core   0: 0x8000eae4 (0x0000bfe5) c.j     pc - 8
core   0: 3 0x8000eae4 (0xbfe5)
core   0: 0x8000eadc (0x00001f17) auipc   t5, 0x1
core   0: 3 0x8000eadc (0x00001f17) x30 0x8000fadc
core   0: 0x8000eae0 (0x523f2223) sw      gp, 1316(t5)
core   0: 3 0x8000eae0 (0x523f2223) mem 0x80010000 0x00000001
core   0: 0x8000eae4 (0x0000bfe5) c.j     pc - 8
core   0: 3 0x8000eae4 (0xbfe5)
core   0: 0x8000eadc (0x00001f17) auipc   t5, 0x1
core   0: 3 0x8000eadc (0x00001f17) x30 0x8000fadc
core   0: 0x8000eae0 (0x523f2223) sw      gp, 1316(t5)
core   0: 3 0x8000eae0 (0x523f2223) mem 0x80010000 0x00000001
core   0: 0x8000eae4 (0x0000bfe5) c.j     pc - 8
core   0: 3 0x8000eae4 (0xbfe5)
core   0: 0x8000eadc (0x00001f17) auipc   t5, 0x1
core   0: 3 0x8000eadc (0x00001f17) x30 0x8000fadc
core   0: 0x8000eae0 (0x523f2223) sw      gp, 1316(t5)
core   0: 3 0x8000eae0 (0x523f2223) mem 0x80010000 0x00000001
core   0: 0x8000eae4 (0x0000bfe5) c.j     pc - 8
core   0: 3 0x8000eae4 (0xbfe5)
core   0: 0x8000eadc (0x00001f17) auipc   t5, 0x1
core   0: 3 0x8000eadc (0x00001f17) x30 0x8000fadc
core   0: 0x8000eae0 (0x523f2223) sw      gp, 1316(t5)
core   0: 3 0x8000eae0 (0x523f2223) mem 0x80010000 0x00000001
core   0: 0x8000eae4 (0x0000bfe5) c.j     pc - 8
core   0: 3 0x8000eae4 (0xbfe5)
core   0: 0x8000eadc (0x00001f17) auipc   t5, 0x1
core   0: 3 0x8000eadc (0x00001f17) x30 0x8000fadc
core   0: 0x8000eae0 (0x523f2223) sw      gp, 1316(t5)
core   0: 3 0x8000eae0 (0x523f2223) mem 0x80010000 0x00000001
core   0: 0x8000eae4 (0x0000bfe5) c.j     pc - 8
core   0: 3 0x8000eae4 (0xbfe5)
core   0: 0x8000eadc (0x00001f17) auipc   t5, 0x1
core   0: 3 0x8000eadc (0x00001f17) x30 0x8000fadc
core   0: 0x8000eae0 (0x523f2223) sw      gp, 1316(t5)
core   0: 3 0x8000eae0 (0x523f2223) mem 0x80010000 0x00000001
core   0: 0x8000eae4 (0x0000bfe5) c.j     pc - 8
core   0: 3 0x8000eae4 (0xbfe5)
core   0: 0x8000eadc (0x00001f17) auipc   t5, 0x1
core   0: 3 0x8000eadc (0x00001f17) x30 0x8000fadc
core   0: 0x8000eae0 (0x523f2223) sw      gp, 1316(t5)
core   0: 3 0x8000eae0 (0x523f2223) mem 0x80010000 0x00000001
core   0: 0x8000eae4 (0x0000bfe5) c.j     pc - 8
core   0: 3 0x8000eae4 (0xbfe5)
core   0: 0x8000eadc (0x00001f17) auipc   t5, 0x1
core   0: 3 0x8000eadc (0x00001f17) x30 0x8000fadc
core   0: 0x8000eae0 (0x523f2223) sw      gp, 1316(t5)
core   0: 3 0x8000eae0 (0x523f2223) mem 0x80010000 0x00000001
core   0: 0x8000eae4 (0x0000bfe5) c.j     pc - 8
core   0: 3 0x8000eae4 (0xbfe5)
core   0: 0x8000eadc (0x00001f17) auipc   t5, 0x1
core   0: 3 0x8000eadc (0x00001f17) x30 0x8000fadc
core   0: 0x8000eae0 (0x523f2223) sw      gp, 1316(t5)
core   0: 3 0x8000eae0 (0x523f2223) mem 0x80010000 0x00000001
core   0: 0x8000eae4 (0x0000bfe5) c.j     pc - 8
core   0: 3 0x8000eae4 (0xbfe5)
core   0: 0x8000eadc (0x00001f17) auipc   t5, 0x1
core   0: 3 0x8000eadc (0x00001f17) x30 0x8000fadc
core   0: 0x8000eae0 (0x523f2223) sw      gp, 1316(t5)
core   0: 3 0x8000eae0 (0x523f2223) mem 0x80010000 0x00000001
core   0: 0x8000eae4 (0x0000bfe5) c.j     pc - 8
core   0: 3 0x8000eae4 (0xbfe5)
core   0: 0x8000eadc (0x00001f17) auipc   t5, 0x1
core   0: 3 0x8000eadc (0x00001f17) x30 0x8000fadc
core   0: 0x8000eae0 (0x523f2223) sw      gp, 1316(t5)
core   0: 3 0x8000eae0 (0x523f2223) mem 0x80010000 0x00000001
core   0: 0x8000eae4 (0x0000bfe5) c.j     pc - 8
core   0: 3 0x8000eae4 (0xbfe5)
core   0: 0x8000eadc (0x00001f17) auipc   t5, 0x1
core   0: 3 0x8000eadc (0x00001f17) x30 0x8000fadc
core   0: 0x8000eae0 (0x523f2223) sw      gp, 1316(t5)
core   0: 3 0x8000eae0 (0x523f2223) mem 0x80010000 0x00000001
core   0: 0x8000eae4 (0x0000bfe5) c.j     pc - 8
core   0: 3 0x8000eae4 (0xbfe5)
core   0: 0x8000eadc (0x00001f17) auipc   t5, 0x1
core   0: 3 0x8000eadc (0x00001f17) x30 0x8000fadc
core   0: 0x8000eae0 (0x523f2223) sw      gp, 1316(t5)
core   0: 3 0x8000eae0 (0x523f2223) mem 0x80010000 0x00000001
core   0: 0x8000eae4 (0x0000bfe5) c.j     pc - 8
core   0: 3 0x8000eae4 (0xbfe5)
core   0: 0x8000eadc (0x00001f17) auipc   t5, 0x1
core   0: 3 0x8000eadc (0x00001f17) x30 0x8000fadc
core   0: 0x8000eae0 (0x523f2223) sw      gp, 1316(t5)
core   0: 3 0x8000eae0 (0x523f2223) mem 0x80010000 0x00000001
core   0: 0x8000eae4 (0x0000bfe5) c.j     pc - 8
core   0: 3 0x8000eae4 (0xbfe5)
core   0: 0x8000eadc (0x00001f17) auipc   t5, 0x1
core   0: 3 0x8000eadc (0x00001f17) x30 0x8000fadc
core   0: 0x8000eae0 (0x523f2223) sw      gp, 1316(t5)
core   0: 3 0x8000eae0 (0x523f2223) mem 0x80010000 0x00000001
core   0: 0x8000eae4 (0x0000bfe5) c.j     pc - 8
core   0: 3 0x8000eae4 (0xbfe5)
core   0: 0x8000eadc (0x00001f17) auipc   t5, 0x1
core   0: 3 0x8000eadc (0x00001f17) x30 0x8000fadc
core   0: 0x8000eae0 (0x523f2223) sw      gp, 1316(t5)
core   0: 3 0x8000eae0 (0x523f2223) mem 0x80010000 0x00000001
core   0: 0x8000eae4 (0x0000bfe5) c.j     pc - 8
core   0: 3 0x8000eae4 (0xbfe5)
core   0: 0x8000eadc (0x00001f17) auipc   t5, 0x1
core   0: 3 0x8000eadc (0x00001f17) x30 0x8000fadc
core   0: 0x8000eae0 (0x523f2223) sw      gp, 1316(t5)
core   0: 3 0x8000eae0 (0x523f2223) mem 0x80010000 0x00000001
core   0: 0x8000eae4 (0x0000bfe5) c.j     pc - 8
core   0: 3 0x8000eae4 (0xbfe5)
core   0: 0x8000eadc (0x00001f17) auipc   t5, 0x1
core   0: 3 0x8000eadc (0x00001f17) x30 0x8000fadc
core   0: 0x8000eae0 (0x523f2223) sw      gp, 1316(t5)
core   0: 3 0x8000eae0 (0x523f2223) mem 0x80010000 0x00000001
core   0: 0x8000eae4 (0x0000bfe5) c.j     pc - 8
core   0: 3 0x8000eae4 (0xbfe5)
core   0: 0x8000eadc (0x00001f17) auipc   t5, 0x1
core   0: 3 0x8000eadc (0x00001f17) x30 0x8000fadc
core   0: 0x8000eae0 (0x523f2223) sw      gp, 1316(t5)
core   0: 3 0x8000eae0 (0x523f2223) mem 0x80010000 0x00000001
core   0: 0x8000eae4 (0x0000bfe5) c.j     pc - 8
core   0: 3 0x8000eae4 (0xbfe5)
core   0: 0x8000eadc (0x00001f17) auipc   t5, 0x1
core   0: 3 0x8000eadc (0x00001f17) x30 0x8000fadc
core   0: 0x8000eae0 (0x523f2223) sw      gp, 1316(t5)
core   0: 3 0x8000eae0 (0x523f2223) mem 0x80010000 0x00000001
core   0: 0x8000eae4 (0x0000bfe5) c.j     pc - 8
core   0: 3 0x8000eae4 (0xbfe5)
core   0: 0x8000eadc (0x00001f17) auipc   t5, 0x1
core   0: 3 0x8000eadc (0x00001f17) x30 0x8000fadc
core   0: 0x8000eae0 (0x523f2223) sw      gp, 1316(t5)
core   0: 3 0x8000eae0 (0x523f2223) mem 0x80010000 0x00000001
core   0: 0x8000eae4 (0x0000bfe5) c.j     pc - 8
core   0: 3 0x8000eae4 (0xbfe5)
core   0: 0x8000eadc (0x00001f17) auipc   t5, 0x1
core   0: 3 0x8000eadc (0x00001f17) x30 0x8000fadc
core   0: 0x8000eae0 (0x523f2223) sw      gp, 1316(t5)
core   0: 3 0x8000eae0 (0x523f2223) mem 0x80010000 0x00000001
core   0: 0x8000eae4 (0x0000bfe5) c.j     pc - 8
core   0: 3 0x8000eae4 (0xbfe5)
core   0: 0x8000eadc (0x00001f17) auipc   t5, 0x1
core   0: 3 0x8000eadc (0x00001f17) x30 0x8000fadc
core   0: 0x8000eae0 (0x523f2223) sw      gp, 1316(t5)
core   0: 3 0x8000eae0 (0x523f2223) mem 0x80010000 0x00000001
core   0: 0x8000eae4 (0x0000bfe5) c.j     pc - 8
core   0: 3 0x8000eae4 (0xbfe5)
core   0: 0x8000eadc (0x00001f17) auipc   t5, 0x1
core   0: 3 0x8000eadc (0x00001f17) x30 0x8000fadc
core   0: 0x8000eae0 (0x523f2223) sw      gp, 1316(t5)
core   0: 3 0x8000eae0 (0x523f2223) mem 0x80010000 0x00000001
core   0: 0x8000eae4 (0x0000bfe5) c.j     pc - 8
core   0: 3 0x8000eae4 (0xbfe5)
core   0: 0x8000eadc (0x00001f17) auipc   t5, 0x1
core   0: 3 0x8000eadc (0x00001f17) x30 0x8000fadc
core   0: 0x8000eae0 (0x523f2223) sw      gp, 1316(t5)
core   0: 3 0x8000eae0 (0x523f2223) mem 0x80010000 0x00000001
core   0: 0x8000eae4 (0x0000bfe5) c.j     pc - 8
core   0: 3 0x8000eae4 (0xbfe5)
core   0: 0x8000eadc (0x00001f17) auipc   t5, 0x1
core   0: 3 0x8000eadc (0x00001f17) x30 0x8000fadc
core   0: 0x8000eae0 (0x523f2223) sw      gp, 1316(t5)
core   0: 3 0x8000eae0 (0x523f2223) mem 0x80010000 0x00000001
core   0: 0x8000eae4 (0x0000bfe5) c.j     pc - 8
core   0: 3 0x8000eae4 (0xbfe5)
core   0: 0x8000eadc (0x00001f17) auipc   t5, 0x1
core   0: 3 0x8000eadc (0x00001f17) x30 0x8000fadc
core   0: 0x8000eae0 (0x523f2223) sw      gp, 1316(t5)
core   0: 3 0x8000eae0 (0x523f2223) mem 0x80010000 0x00000001
core   0: 0x8000eae4 (0x0000bfe5) c.j     pc - 8
core   0: 3 0x8000eae4 (0xbfe5)
core   0: 0x8000eadc (0x00001f17) auipc   t5, 0x1
core   0: 3 0x8000eadc (0x00001f17) x30 0x8000fadc
core   0: 0x8000eae0 (0x523f2223) sw      gp, 1316(t5)
core   0: 3 0x8000eae0 (0x523f2223) mem 0x80010000 0x00000001
core   0: 0x8000eae4 (0x0000bfe5) c.j     pc - 8
core   0: 3 0x8000eae4 (0xbfe5)
core   0: 0x8000eadc (0x00001f17) auipc   t5, 0x1
core   0: 3 0x8000eadc (0x00001f17) x30 0x8000fadc
core   0: 0x8000eae0 (0x523f2223) sw      gp, 1316(t5)
core   0: 3 0x8000eae0 (0x523f2223) mem 0x80010000 0x00000001
core   0: 0x8000eae4 (0x0000bfe5) c.j     pc - 8
core   0: 3 0x8000eae4 (0xbfe5)
core   0: 0x8000eadc (0x00001f17) auipc   t5, 0x1
core   0: 3 0x8000eadc (0x00001f17) x30 0x8000fadc
core   0: 0x8000eae0 (0x523f2223) sw      gp, 1316(t5)
core   0: 3 0x8000eae0 (0x523f2223) mem 0x80010000 0x00000001
core   0: 0x8000eae4 (0x0000bfe5) c.j     pc - 8
core   0: 3 0x8000eae4 (0xbfe5)
core   0: 0x8000eadc (0x00001f17) auipc   t5, 0x1
core   0: 3 0x8000eadc (0x00001f17) x30 0x8000fadc
core   0: 0x8000eae0 (0x523f2223) sw      gp, 1316(t5)
core   0: 3 0x8000eae0 (0x523f2223) mem 0x80010000 0x00000001
core   0: 0x8000eae4 (0x0000bfe5) c.j     pc - 8
core   0: 3 0x8000eae4 (0xbfe5)
core   0: 0x8000eadc (0x00001f17) auipc   t5, 0x1
core   0: 3 0x8000eadc (0x00001f17) x30 0x8000fadc
core   0: 0x8000eae0 (0x523f2223) sw      gp, 1316(t5)
core   0: 3 0x8000eae0 (0x523f2223) mem 0x80010000 0x00000001
core   0: 0x8000eae4 (0x0000bfe5) c.j     pc - 8
core   0: 3 0x8000eae4 (0xbfe5)
core   0: 0x8000eadc (0x00001f17) auipc   t5, 0x1
core   0: 3 0x8000eadc (0x00001f17) x30 0x8000fadc
core   0: 0x8000eae0 (0x523f2223) sw      gp, 1316(t5)
core   0: 3 0x8000eae0 (0x523f2223) mem 0x80010000 0x00000001
core   0: 0x8000eae4 (0x0000bfe5) c.j     pc - 8
core   0: 3 0x8000eae4 (0xbfe5)
core   0: 0x8000eadc (0x00001f17) auipc   t5, 0x1
core   0: 3 0x8000eadc (0x00001f17) x30 0x8000fadc
core   0: 0x8000eae0 (0x523f2223) sw      gp, 1316(t5)
core   0: 3 0x8000eae0 (0x523f2223) mem 0x80010000 0x00000001
core   0: 0x8000eae4 (0x0000bfe5) c.j     pc - 8
core   0: 3 0x8000eae4 (0xbfe5)
core   0: 0x8000eadc (0x00001f17) auipc   t5, 0x1
core   0: 3 0x8000eadc (0x00001f17) x30 0x8000fadc
core   0: 0x8000eae0 (0x523f2223) sw      gp, 1316(t5)
core   0: 3 0x8000eae0 (0x523f2223) mem 0x80010000 0x00000001
core   0: 0x8000eae4 (0x0000bfe5) c.j     pc - 8
core   0: 3 0x8000eae4 (0xbfe5)
core   0: 0x8000eadc (0x00001f17) auipc   t5, 0x1
core   0: 3 0x8000eadc (0x00001f17) x30 0x8000fadc
core   0: 0x8000eae0 (0x523f2223) sw      gp, 1316(t5)
core   0: 3 0x8000eae0 (0x523f2223) mem 0x80010000 0x00000001
core   0: 0x8000eae4 (0x0000bfe5) c.j     pc - 8
core   0: 3 0x8000eae4 (0xbfe5)
core   0: 0x8000eadc (0x00001f17) auipc   t5, 0x1
core   0: 3 0x8000eadc (0x00001f17) x30 0x8000fadc
core   0: 0x8000eae0 (0x523f2223) sw      gp, 1316(t5)
core   0: 3 0x8000eae0 (0x523f2223) mem 0x80010000 0x00000001
core   0: 0x8000eae4 (0x0000bfe5) c.j     pc - 8
core   0: 3 0x8000eae4 (0xbfe5)
core   0: 0x8000eadc (0x00001f17) auipc   t5, 0x1
core   0: 3 0x8000eadc (0x00001f17) x30 0x8000fadc
core   0: 0x8000eae0 (0x523f2223) sw      gp, 1316(t5)
core   0: 3 0x8000eae0 (0x523f2223) mem 0x80010000 0x00000001
core   0: 0x8000eae4 (0x0000bfe5) c.j     pc - 8
core   0: 3 0x8000eae4 (0xbfe5)
core   0: 0x8000eadc (0x00001f17) auipc   t5, 0x1
core   0: 3 0x8000eadc (0x00001f17) x30 0x8000fadc
core   0: 0x8000eae0 (0x523f2223) sw      gp, 1316(t5)
core   0: 3 0x8000eae0 (0x523f2223) mem 0x80010000 0x00000001
core   0: 0x8000eae4 (0x0000bfe5) c.j     pc - 8
core   0: 3 0x8000eae4 (0xbfe5)
core   0: 0x8000eadc (0x00001f17) auipc   t5, 0x1
core   0: 3 0x8000eadc (0x00001f17) x30 0x8000fadc
core   0: 0x8000eae0 (0x523f2223) sw      gp, 1316(t5)
core   0: 3 0x8000eae0 (0x523f2223) mem 0x80010000 0x00000001
core   0: 0x8000eae4 (0x0000bfe5) c.j     pc - 8
core   0: 3 0x8000eae4 (0xbfe5)
core   0: 0x8000eadc (0x00001f17) auipc   t5, 0x1
core   0: 3 0x8000eadc (0x00001f17) x30 0x8000fadc
core   0: 0x8000eae0 (0x523f2223) sw      gp, 1316(t5)
core   0: 3 0x8000eae0 (0x523f2223) mem 0x80010000 0x00000001
core   0: 0x8000eae4 (0x0000bfe5) c.j     pc - 8
core   0: 3 0x8000eae4 (0xbfe5)
core   0: 0x8000eadc (0x00001f17) auipc   t5, 0x1
core   0: 3 0x8000eadc (0x00001f17) x30 0x8000fadc
core   0: 0x8000eae0 (0x523f2223) sw      gp, 1316(t5)
core   0: 3 0x8000eae0 (0x523f2223) mem 0x80010000 0x00000001
core   0: 0x8000eae4 (0x0000bfe5) c.j     pc - 8
core   0: 3 0x8000eae4 (0xbfe5)
core   0: 0x8000eadc (0x00001f17) auipc   t5, 0x1
core   0: 3 0x8000eadc (0x00001f17) x30 0x8000fadc
core   0: 0x8000eae0 (0x523f2223) sw      gp, 1316(t5)
core   0: 3 0x8000eae0 (0x523f2223) mem 0x80010000 0x00000001
core   0: 0x8000eae4 (0x0000bfe5) c.j     pc - 8
core   0: 3 0x8000eae4 (0xbfe5)
core   0: 0x8000eadc (0x00001f17) auipc   t5, 0x1
core   0: 3 0x8000eadc (0x00001f17) x30 0x8000fadc
core   0: 0x8000eae0 (0x523f2223) sw      gp, 1316(t5)
core   0: 3 0x8000eae0 (0x523f2223) mem 0x80010000 0x00000001
core   0: 0x8000eae4 (0x0000bfe5) c.j     pc - 8
core   0: 3 0x8000eae4 (0xbfe5)
core   0: 0x8000eadc (0x00001f17) auipc   t5, 0x1
core   0: 3 0x8000eadc (0x00001f17) x30 0x8000fadc
core   0: 0x8000eae0 (0x523f2223) sw      gp, 1316(t5)
core   0: 3 0x8000eae0 (0x523f2223) mem 0x80010000 0x00000001
core   0: 0x8000eae4 (0x0000bfe5) c.j     pc - 8
core   0: 3 0x8000eae4 (0xbfe5)
core   0: 0x8000eadc (0x00001f17) auipc   t5, 0x1
core   0: 3 0x8000eadc (0x00001f17) x30 0x8000fadc
core   0: 0x8000eae0 (0x523f2223) sw      gp, 1316(t5)
core   0: 3 0x8000eae0 (0x523f2223) mem 0x80010000 0x00000001
core   0: 0x8000eae4 (0x0000bfe5) c.j     pc - 8
core   0: 3 0x8000eae4 (0xbfe5)
core   0: 0x8000eadc (0x00001f17) auipc   t5, 0x1
core   0: 3 0x8000eadc (0x00001f17) x30 0x8000fadc
core   0: 0x8000eae0 (0x523f2223) sw      gp, 1316(t5)
core   0: 3 0x8000eae0 (0x523f2223) mem 0x80010000 0x00000001
core   0: 0x8000eae4 (0x0000bfe5) c.j     pc - 8
core   0: 3 0x8000eae4 (0xbfe5)
core   0: 0x8000eadc (0x00001f17) auipc   t5, 0x1
core   0: 3 0x8000eadc (0x00001f17) x30 0x8000fadc
core   0: 0x8000eae0 (0x523f2223) sw      gp, 1316(t5)
core   0: 3 0x8000eae0 (0x523f2223) mem 0x80010000 0x00000001
core   0: 0x8000eae4 (0x0000bfe5) c.j     pc - 8
core   0: 3 0x8000eae4 (0xbfe5)
core   0: 0x8000eadc (0x00001f17) auipc   t5, 0x1
core   0: 3 0x8000eadc (0x00001f17) x30 0x8000fadc
core   0: 0x8000eae0 (0x523f2223) sw      gp, 1316(t5)
core   0: 3 0x8000eae0 (0x523f2223) mem 0x80010000 0x00000001
core   0: 0x8000eae4 (0x0000bfe5) c.j     pc - 8
core   0: 3 0x8000eae4 (0xbfe5)
core   0: 0x8000eadc (0x00001f17) auipc   t5, 0x1
core   0: 3 0x8000eadc (0x00001f17) x30 0x8000fadc
core   0: 0x8000eae0 (0x523f2223) sw      gp, 1316(t5)
core   0: 3 0x8000eae0 (0x523f2223) mem 0x80010000 0x00000001
core   0: 0x8000eae4 (0x0000bfe5) c.j     pc - 8
core   0: 3 0x8000eae4 (0xbfe5)
core   0: 0x8000eadc (0x00001f17) auipc   t5, 0x1
core   0: 3 0x8000eadc (0x00001f17) x30 0x8000fadc
core   0: 0x8000eae0 (0x523f2223) sw      gp, 1316(t5)
core   0: 3 0x8000eae0 (0x523f2223) mem 0x80010000 0x00000001
core   0: 0x8000eae4 (0x0000bfe5) c.j     pc - 8
core   0: 3 0x8000eae4 (0xbfe5)
core   0: 0x8000eadc (0x00001f17) auipc   t5, 0x1
core   0: 3 0x8000eadc (0x00001f17) x30 0x8000fadc
core   0: 0x8000eae0 (0x523f2223) sw      gp, 1316(t5)
core   0: 3 0x8000eae0 (0x523f2223) mem 0x80010000 0x00000001
core   0: 0x8000eae4 (0x0000bfe5) c.j     pc - 8
core   0: 3 0x8000eae4 (0xbfe5)
core   0: 0x8000eadc (0x00001f17) auipc   t5, 0x1
core   0: 3 0x8000eadc (0x00001f17) x30 0x8000fadc
core   0: 0x8000eae0 (0x523f2223) sw      gp, 1316(t5)
core   0: 3 0x8000eae0 (0x523f2223) mem 0x80010000 0x00000001
core   0: 0x8000eae4 (0x0000bfe5) c.j     pc - 8
core   0: 3 0x8000eae4 (0xbfe5)
core   0: 0x8000eadc (0x00001f17) auipc   t5, 0x1
core   0: 3 0x8000eadc (0x00001f17) x30 0x8000fadc
core   0: 0x8000eae0 (0x523f2223) sw      gp, 1316(t5)
core   0: 3 0x8000eae0 (0x523f2223) mem 0x80010000 0x00000001
core   0: 0x8000eae4 (0x0000bfe5) c.j     pc - 8
core   0: 3 0x8000eae4 (0xbfe5)
core   0: 0x8000eadc (0x00001f17) auipc   t5, 0x1
core   0: 3 0x8000eadc (0x00001f17) x30 0x8000fadc
core   0: 0x8000eae0 (0x523f2223) sw      gp, 1316(t5)
core   0: 3 0x8000eae0 (0x523f2223) mem 0x80010000 0x00000001
core   0: 0x8000eae4 (0x0000bfe5) c.j     pc - 8
core   0: 3 0x8000eae4 (0xbfe5)
core   0: 0x8000eadc (0x00001f17) auipc   t5, 0x1
core   0: 3 0x8000eadc (0x00001f17) x30 0x8000fadc
core   0: 0x8000eae0 (0x523f2223) sw      gp, 1316(t5)
core   0: 3 0x8000eae0 (0x523f2223) mem 0x80010000 0x00000001
core   0: 0x8000eae4 (0x0000bfe5) c.j     pc - 8
core   0: 3 0x8000eae4 (0xbfe5)
core   0: 0x8000eadc (0x00001f17) auipc   t5, 0x1
core   0: 3 0x8000eadc (0x00001f17) x30 0x8000fadc
core   0: 0x8000eae0 (0x523f2223) sw      gp, 1316(t5)
core   0: 3 0x8000eae0 (0x523f2223) mem 0x80010000 0x00000001
core   0: 0x8000eae4 (0x0000bfe5) c.j     pc - 8
core   0: 3 0x8000eae4 (0xbfe5)
core   0: 0x8000eadc (0x00001f17) auipc   t5, 0x1
core   0: 3 0x8000eadc (0x00001f17) x30 0x8000fadc
core   0: 0x8000eae0 (0x523f2223) sw      gp, 1316(t5)
core   0: 3 0x8000eae0 (0x523f2223) mem 0x80010000 0x00000001
core   0: 0x8000eae4 (0x0000bfe5) c.j     pc - 8
core   0: 3 0x8000eae4 (0xbfe5)
core   0: 0x8000eadc (0x00001f17) auipc   t5, 0x1
core   0: 3 0x8000eadc (0x00001f17) x30 0x8000fadc
core   0: 0x8000eae0 (0x523f2223) sw      gp, 1316(t5)
core   0: 3 0x8000eae0 (0x523f2223) mem 0x80010000 0x00000001
core   0: 0x8000eae4 (0x0000bfe5) c.j     pc - 8
core   0: 3 0x8000eae4 (0xbfe5)
core   0: 0x8000eadc (0x00001f17) auipc   t5, 0x1
core   0: 3 0x8000eadc (0x00001f17) x30 0x8000fadc
core   0: 0x8000eae0 (0x523f2223) sw      gp, 1316(t5)
core   0: 3 0x8000eae0 (0x523f2223) mem 0x80010000 0x00000001
core   0: 0x8000eae4 (0x0000bfe5) c.j     pc - 8
core   0: 3 0x8000eae4 (0xbfe5)
core   0: 0x8000eadc (0x00001f17) auipc   t5, 0x1
core   0: 3 0x8000eadc (0x00001f17) x30 0x8000fadc
core   0: 0x8000eae0 (0x523f2223) sw      gp, 1316(t5)
core   0: 3 0x8000eae0 (0x523f2223) mem 0x80010000 0x00000001
core   0: 0x8000eae4 (0x0000bfe5) c.j     pc - 8
core   0: 3 0x8000eae4 (0xbfe5)
core   0: 0x8000eadc (0x00001f17) auipc   t5, 0x1
core   0: 3 0x8000eadc (0x00001f17) x30 0x8000fadc
core   0: 0x8000eae0 (0x523f2223) sw      gp, 1316(t5)
core   0: 3 0x8000eae0 (0x523f2223) mem 0x80010000 0x00000001
core   0: 0x8000eae4 (0x0000bfe5) c.j     pc - 8
core   0: 3 0x8000eae4 (0xbfe5)
core   0: 0x8000eadc (0x00001f17) auipc   t5, 0x1
core   0: 3 0x8000eadc (0x00001f17) x30 0x8000fadc
core   0: 0x8000eae0 (0x523f2223) sw      gp, 1316(t5)
core   0: 3 0x8000eae0 (0x523f2223) mem 0x80010000 0x00000001
core   0: 0x8000eae4 (0x0000bfe5) c.j     pc - 8
core   0: 3 0x8000eae4 (0xbfe5)
core   0: 0x8000eadc (0x00001f17) auipc   t5, 0x1
core   0: 3 0x8000eadc (0x00001f17) x30 0x8000fadc
core   0: 0x8000eae0 (0x523f2223) sw      gp, 1316(t5)
core   0: 3 0x8000eae0 (0x523f2223) mem 0x80010000 0x00000001
core   0: 0x8000eae4 (0x0000bfe5) c.j     pc - 8
core   0: 3 0x8000eae4 (0xbfe5)
core   0: 0x8000eadc (0x00001f17) auipc   t5, 0x1
core   0: 3 0x8000eadc (0x00001f17) x30 0x8000fadc
core   0: 0x8000eae0 (0x523f2223) sw      gp, 1316(t5)
core   0: 3 0x8000eae0 (0x523f2223) mem 0x80010000 0x00000001
core   0: 0x8000eae4 (0x0000bfe5) c.j     pc - 8
core   0: 3 0x8000eae4 (0xbfe5)
core   0: 0x8000eadc (0x00001f17) auipc   t5, 0x1
core   0: 3 0x8000eadc (0x00001f17) x30 0x8000fadc
core   0: 0x8000eae0 (0x523f2223) sw      gp, 1316(t5)
core   0: 3 0x8000eae0 (0x523f2223) mem 0x80010000 0x00000001
core   0: 0x8000eae4 (0x0000bfe5) c.j     pc - 8
core   0: 3 0x8000eae4 (0xbfe5)
core   0: 0x8000eadc (0x00001f17) auipc   t5, 0x1
core   0: 3 0x8000eadc (0x00001f17) x30 0x8000fadc
core   0: 0x8000eae0 (0x523f2223) sw      gp, 1316(t5)
core   0: 3 0x8000eae0 (0x523f2223) mem 0x80010000 0x00000001
core   0: 0x8000eae4 (0x0000bfe5) c.j     pc - 8
core   0: 3 0x8000eae4 (0xbfe5)
core   0: 0x8000eadc (0x00001f17) auipc   t5, 0x1
core   0: 3 0x8000eadc (0x00001f17) x30 0x8000fadc
core   0: 0x8000eae0 (0x523f2223) sw      gp, 1316(t5)
core   0: 3 0x8000eae0 (0x523f2223) mem 0x80010000 0x00000001
core   0: 0x8000eae4 (0x0000bfe5) c.j     pc - 8
core   0: 3 0x8000eae4 (0xbfe5)
core   0: 0x8000eadc (0x00001f17) auipc   t5, 0x1
core   0: 3 0x8000eadc (0x00001f17) x30 0x8000fadc
core   0: 0x8000eae0 (0x523f2223) sw      gp, 1316(t5)
core   0: 3 0x8000eae0 (0x523f2223) mem 0x80010000 0x00000001
core   0: 0x8000eae4 (0x0000bfe5) c.j     pc - 8
core   0: 3 0x8000eae4 (0xbfe5)
core   0: 0x8000eadc (0x00001f17) auipc   t5, 0x1
core   0: 3 0x8000eadc (0x00001f17) x30 0x8000fadc
core   0: 0x8000eae0 (0x523f2223) sw      gp, 1316(t5)
core   0: 3 0x8000eae0 (0x523f2223) mem 0x80010000 0x00000001
core   0: 0x8000eae4 (0x0000bfe5) c.j     pc - 8
core   0: 3 0x8000eae4 (0xbfe5)
core   0: 0x8000eadc (0x00001f17) auipc   t5, 0x1
core   0: 3 0x8000eadc (0x00001f17) x30 0x8000fadc
core   0: 0x8000eae0 (0x523f2223) sw      gp, 1316(t5)
core   0: 3 0x8000eae0 (0x523f2223) mem 0x80010000 0x00000001
core   0: 0x8000eae4 (0x0000bfe5) c.j     pc - 8
core   0: 3 0x8000eae4 (0xbfe5)
core   0: 0x8000eadc (0x00001f17) auipc   t5, 0x1
core   0: 3 0x8000eadc (0x00001f17) x30 0x8000fadc
core   0: 0x8000eae0 (0x523f2223) sw      gp, 1316(t5)
core   0: 3 0x8000eae0 (0x523f2223) mem 0x80010000 0x00000001
core   0: 0x8000eae4 (0x0000bfe5) c.j     pc - 8
core   0: 3 0x8000eae4 (0xbfe5)
core   0: 0x8000eadc (0x00001f17) auipc   t5, 0x1
core   0: 3 0x8000eadc (0x00001f17) x30 0x8000fadc
core   0: 0x8000eae0 (0x523f2223) sw      gp, 1316(t5)
core   0: 3 0x8000eae0 (0x523f2223) mem 0x80010000 0x00000001
core   0: 0x8000eae4 (0x0000bfe5) c.j     pc - 8
core   0: 3 0x8000eae4 (0xbfe5)
core   0: 0x8000eadc (0x00001f17) auipc   t5, 0x1
core   0: 3 0x8000eadc (0x00001f17) x30 0x8000fadc
core   0: 0x8000eae0 (0x523f2223) sw      gp, 1316(t5)
core   0: 3 0x8000eae0 (0x523f2223) mem 0x80010000 0x00000001
core   0: 0x8000eae4 (0x0000bfe5) c.j     pc - 8
core   0: 3 0x8000eae4 (0xbfe5)
core   0: 0x8000eadc (0x00001f17) auipc   t5, 0x1
core   0: 3 0x8000eadc (0x00001f17) x30 0x8000fadc
core   0: 0x8000eae0 (0x523f2223) sw      gp, 1316(t5)
core   0: 3 0x8000eae0 (0x523f2223) mem 0x80010000 0x00000001
core   0: 0x8000eae4 (0x0000bfe5) c.j     pc - 8
core   0: 3 0x8000eae4 (0xbfe5)
core   0: 0x8000eadc (0x00001f17) auipc   t5, 0x1
core   0: 3 0x8000eadc (0x00001f17) x30 0x8000fadc
core   0: 0x8000eae0 (0x523f2223) sw      gp, 1316(t5)
core   0: 3 0x8000eae0 (0x523f2223) mem 0x80010000 0x00000001
core   0: 0x8000eae4 (0x0000bfe5) c.j     pc - 8
core   0: 3 0x8000eae4 (0xbfe5)
core   0: 0x8000eadc (0x00001f17) auipc   t5, 0x1
core   0: 3 0x8000eadc (0x00001f17) x30 0x8000fadc
core   0: 0x8000eae0 (0x523f2223) sw      gp, 1316(t5)
core   0: 3 0x8000eae0 (0x523f2223) mem 0x80010000 0x00000001
core   0: 0x8000eae4 (0x0000bfe5) c.j     pc - 8
core   0: 3 0x8000eae4 (0xbfe5)
core   0: 0x8000eadc (0x00001f17) auipc   t5, 0x1
core   0: 3 0x8000eadc (0x00001f17) x30 0x8000fadc
core   0: 0x8000eae0 (0x523f2223) sw      gp, 1316(t5)
core   0: 3 0x8000eae0 (0x523f2223) mem 0x80010000 0x00000001
core   0: 0x8000eae4 (0x0000bfe5) c.j     pc - 8
core   0: 3 0x8000eae4 (0xbfe5)
core   0: 0x8000eadc (0x00001f17) auipc   t5, 0x1
core   0: 3 0x8000eadc (0x00001f17) x30 0x8000fadc
core   0: 0x8000eae0 (0x523f2223) sw      gp, 1316(t5)
core   0: 3 0x8000eae0 (0x523f2223) mem 0x80010000 0x00000001
core   0: 0x8000eae4 (0x0000bfe5) c.j     pc - 8
core   0: 3 0x8000eae4 (0xbfe5)
core   0: 0x8000eadc (0x00001f17) auipc   t5, 0x1
core   0: 3 0x8000eadc (0x00001f17) x30 0x8000fadc
core   0: 0x8000eae0 (0x523f2223) sw      gp, 1316(t5)
core   0: 3 0x8000eae0 (0x523f2223) mem 0x80010000 0x00000001
core   0: 0x8000eae4 (0x0000bfe5) c.j     pc - 8
core   0: 3 0x8000eae4 (0xbfe5)
core   0: 0x8000eadc (0x00001f17) auipc   t5, 0x1
core   0: 3 0x8000eadc (0x00001f17) x30 0x8000fadc
core   0: 0x8000eae0 (0x523f2223) sw      gp, 1316(t5)
core   0: 3 0x8000eae0 (0x523f2223) mem 0x80010000 0x00000001
core   0: 0x8000eae4 (0x0000bfe5) c.j     pc - 8
core   0: 3 0x8000eae4 (0xbfe5)
core   0: 0x8000eadc (0x00001f17) auipc   t5, 0x1
core   0: 3 0x8000eadc (0x00001f17) x30 0x8000fadc
core   0: 0x8000eae0 (0x523f2223) sw      gp, 1316(t5)
core   0: 3 0x8000eae0 (0x523f2223) mem 0x80010000 0x00000001
core   0: 0x8000eae4 (0x0000bfe5) c.j     pc - 8
core   0: 3 0x8000eae4 (0xbfe5)
core   0: 0x8000eadc (0x00001f17) auipc   t5, 0x1
core   0: 3 0x8000eadc (0x00001f17) x30 0x8000fadc
core   0: 0x8000eae0 (0x523f2223) sw      gp, 1316(t5)
core   0: 3 0x8000eae0 (0x523f2223) mem 0x80010000 0x00000001
core   0: 0x8000eae4 (0x0000bfe5) c.j     pc - 8
core   0: 3 0x8000eae4 (0xbfe5)
core   0: 0x8000eadc (0x00001f17) auipc   t5, 0x1
core   0: 3 0x8000eadc (0x00001f17) x30 0x8000fadc
core   0: 0x8000eae0 (0x523f2223) sw      gp, 1316(t5)
core   0: 3 0x8000eae0 (0x523f2223) mem 0x80010000 0x00000001
core   0: 0x8000eae4 (0x0000bfe5) c.j     pc - 8
core   0: 3 0x8000eae4 (0xbfe5)
core   0: 0x8000eadc (0x00001f17) auipc   t5, 0x1
core   0: 3 0x8000eadc (0x00001f17) x30 0x8000fadc
core   0: 0x8000eae0 (0x523f2223) sw      gp, 1316(t5)
core   0: 3 0x8000eae0 (0x523f2223) mem 0x80010000 0x00000001
core   0: 0x8000eae4 (0x0000bfe5) c.j     pc - 8
core   0: 3 0x8000eae4 (0xbfe5)
core   0: 0x8000eadc (0x00001f17) auipc   t5, 0x1
core   0: 3 0x8000eadc (0x00001f17) x30 0x8000fadc
core   0: 0x8000eae0 (0x523f2223) sw      gp, 1316(t5)
core   0: 3 0x8000eae0 (0x523f2223) mem 0x80010000 0x00000001
core   0: 0x8000eae4 (0x0000bfe5) c.j     pc - 8
core   0: 3 0x8000eae4 (0xbfe5)
core   0: 0x8000eadc (0x00001f17) auipc   t5, 0x1
core   0: 3 0x8000eadc (0x00001f17) x30 0x8000fadc
core   0: 0x8000eae0 (0x523f2223) sw      gp, 1316(t5)
core   0: 3 0x8000eae0 (0x523f2223) mem 0x80010000 0x00000001
core   0: 0x8000eae4 (0x0000bfe5) c.j     pc - 8
core   0: 3 0x8000eae4 (0xbfe5)
core   0: 0x8000eadc (0x00001f17) auipc   t5, 0x1
core   0: 3 0x8000eadc (0x00001f17) x30 0x8000fadc
core   0: 0x8000eae0 (0x523f2223) sw      gp, 1316(t5)
core   0: 3 0x8000eae0 (0x523f2223) mem 0x80010000 0x00000001
core   0: 0x8000eae4 (0x0000bfe5) c.j     pc - 8
core   0: 3 0x8000eae4 (0xbfe5)
core   0: 0x8000eadc (0x00001f17) auipc   t5, 0x1
core   0: 3 0x8000eadc (0x00001f17) x30 0x8000fadc
core   0: 0x8000eae0 (0x523f2223) sw      gp, 1316(t5)
core   0: 3 0x8000eae0 (0x523f2223) mem 0x80010000 0x00000001
core   0: 0x8000eae4 (0x0000bfe5) c.j     pc - 8
core   0: 3 0x8000eae4 (0xbfe5)
core   0: 0x8000eadc (0x00001f17) auipc   t5, 0x1
core   0: 3 0x8000eadc (0x00001f17) x30 0x8000fadc
core   0: 0x8000eae0 (0x523f2223) sw      gp, 1316(t5)
core   0: 3 0x8000eae0 (0x523f2223) mem 0x80010000 0x00000001
core   0: 0x8000eae4 (0x0000bfe5) c.j     pc - 8
core   0: 3 0x8000eae4 (0xbfe5)
core   0: 0x8000eadc (0x00001f17) auipc   t5, 0x1
core   0: 3 0x8000eadc (0x00001f17) x30 0x8000fadc
core   0: 0x8000eae0 (0x523f2223) sw      gp, 1316(t5)
core   0: 3 0x8000eae0 (0x523f2223) mem 0x80010000 0x00000001
core   0: 0x8000eae4 (0x0000bfe5) c.j     pc - 8
core   0: 3 0x8000eae4 (0xbfe5)
core   0: 0x8000eadc (0x00001f17) auipc   t5, 0x1
core   0: 3 0x8000eadc (0x00001f17) x30 0x8000fadc
core   0: 0x8000eae0 (0x523f2223) sw      gp, 1316(t5)
core   0: 3 0x8000eae0 (0x523f2223) mem 0x80010000 0x00000001
core   0: 0x8000eae4 (0x0000bfe5) c.j     pc - 8
core   0: 3 0x8000eae4 (0xbfe5)
core   0: 0x8000eadc (0x00001f17) auipc   t5, 0x1
core   0: 3 0x8000eadc (0x00001f17) x30 0x8000fadc
core   0: 0x8000eae0 (0x523f2223) sw      gp, 1316(t5)
core   0: 3 0x8000eae0 (0x523f2223) mem 0x80010000 0x00000001
core   0: 0x8000eae4 (0x0000bfe5) c.j     pc - 8
core   0: 3 0x8000eae4 (0xbfe5)
core   0: 0x8000eadc (0x00001f17) auipc   t5, 0x1
core   0: 3 0x8000eadc (0x00001f17) x30 0x8000fadc
core   0: 0x8000eae0 (0x523f2223) sw      gp, 1316(t5)
core   0: 3 0x8000eae0 (0x523f2223) mem 0x80010000 0x00000001
core   0: 0x8000eae4 (0x0000bfe5) c.j     pc - 8
core   0: 3 0x8000eae4 (0xbfe5)
core   0: 0x8000eadc (0x00001f17) auipc   t5, 0x1
core   0: 3 0x8000eadc (0x00001f17) x30 0x8000fadc
core   0: 0x8000eae0 (0x523f2223) sw      gp, 1316(t5)
core   0: 3 0x8000eae0 (0x523f2223) mem 0x80010000 0x00000001
core   0: 0x8000eae4 (0x0000bfe5) c.j     pc - 8
core   0: 3 0x8000eae4 (0xbfe5)
core   0: 0x8000eadc (0x00001f17) auipc   t5, 0x1
core   0: 3 0x8000eadc (0x00001f17) x30 0x8000fadc
core   0: 0x8000eae0 (0x523f2223) sw      gp, 1316(t5)
core   0: 3 0x8000eae0 (0x523f2223) mem 0x80010000 0x00000001
core   0: 0x8000eae4 (0x0000bfe5) c.j     pc - 8
core   0: 3 0x8000eae4 (0xbfe5)
core   0: 0x8000eadc (0x00001f17) auipc   t5, 0x1
core   0: 3 0x8000eadc (0x00001f17) x30 0x8000fadc
core   0: 0x8000eae0 (0x523f2223) sw      gp, 1316(t5)
core   0: 3 0x8000eae0 (0x523f2223) mem 0x80010000 0x00000001
core   0: 0x8000eae4 (0x0000bfe5) c.j     pc - 8
core   0: 3 0x8000eae4 (0xbfe5)
core   0: 0x8000eadc (0x00001f17) auipc   t5, 0x1
core   0: 3 0x8000eadc (0x00001f17) x30 0x8000fadc
core   0: 0x8000eae0 (0x523f2223) sw      gp, 1316(t5)
core   0: 3 0x8000eae0 (0x523f2223) mem 0x80010000 0x00000001
core   0: 0x8000eae4 (0x0000bfe5) c.j     pc - 8
core   0: 3 0x8000eae4 (0xbfe5)
core   0: 0x8000eadc (0x00001f17) auipc   t5, 0x1
core   0: 3 0x8000eadc (0x00001f17) x30 0x8000fadc
core   0: 0x8000eae0 (0x523f2223) sw      gp, 1316(t5)
core   0: 3 0x8000eae0 (0x523f2223) mem 0x80010000 0x00000001
core   0: 0x8000eae4 (0x0000bfe5) c.j     pc - 8
core   0: 3 0x8000eae4 (0xbfe5)
core   0: 0x8000eadc (0x00001f17) auipc   t5, 0x1
core   0: 3 0x8000eadc (0x00001f17) x30 0x8000fadc
core   0: 0x8000eae0 (0x523f2223) sw      gp, 1316(t5)
core   0: 3 0x8000eae0 (0x523f2223) mem 0x80010000 0x00000001
core   0: 0x8000eae4 (0x0000bfe5) c.j     pc - 8
core   0: 3 0x8000eae4 (0xbfe5)
core   0: 0x8000eadc (0x00001f17) auipc   t5, 0x1
core   0: 3 0x8000eadc (0x00001f17) x30 0x8000fadc
core   0: 0x8000eae0 (0x523f2223) sw      gp, 1316(t5)
core   0: 3 0x8000eae0 (0x523f2223) mem 0x80010000 0x00000001
core   0: 0x8000eae4 (0x0000bfe5) c.j     pc - 8
core   0: 3 0x8000eae4 (0xbfe5)
core   0: 0x8000eadc (0x00001f17) auipc   t5, 0x1
core   0: 3 0x8000eadc (0x00001f17) x30 0x8000fadc
core   0: 0x8000eae0 (0x523f2223) sw      gp, 1316(t5)
core   0: 3 0x8000eae0 (0x523f2223) mem 0x80010000 0x00000001
core   0: 0x8000eae4 (0x0000bfe5) c.j     pc - 8
core   0: 3 0x8000eae4 (0xbfe5)
core   0: 0x8000eadc (0x00001f17) auipc   t5, 0x1
core   0: 3 0x8000eadc (0x00001f17) x30 0x8000fadc
core   0: 0x8000eae0 (0x523f2223) sw      gp, 1316(t5)
core   0: 3 0x8000eae0 (0x523f2223) mem 0x80010000 0x00000001
core   0: 0x8000eae4 (0x0000bfe5) c.j     pc - 8
core   0: 3 0x8000eae4 (0xbfe5)
core   0: 0x8000eadc (0x00001f17) auipc   t5, 0x1
core   0: 3 0x8000eadc (0x00001f17) x30 0x8000fadc
core   0: 0x8000eae0 (0x523f2223) sw      gp, 1316(t5)
core   0: 3 0x8000eae0 (0x523f2223) mem 0x80010000 0x00000001
core   0: 0x8000eae4 (0x0000bfe5) c.j     pc - 8
core   0: 3 0x8000eae4 (0xbfe5)
core   0: 0x8000eadc (0x00001f17) auipc   t5, 0x1
core   0: 3 0x8000eadc (0x00001f17) x30 0x8000fadc
core   0: 0x8000eae0 (0x523f2223) sw      gp, 1316(t5)
core   0: 3 0x8000eae0 (0x523f2223) mem 0x80010000 0x00000001
core   0: 0x8000eae4 (0x0000bfe5) c.j     pc - 8
core   0: 3 0x8000eae4 (0xbfe5)
core   0: 0x8000eadc (0x00001f17) auipc   t5, 0x1
core   0: 3 0x8000eadc (0x00001f17) x30 0x8000fadc
core   0: 0x8000eae0 (0x523f2223) sw      gp, 1316(t5)
core   0: 3 0x8000eae0 (0x523f2223) mem 0x80010000 0x00000001
core   0: 0x8000eae4 (0x0000bfe5) c.j     pc - 8
core   0: 3 0x8000eae4 (0xbfe5)
core   0: 0x8000eadc (0x00001f17) auipc   t5, 0x1
core   0: 3 0x8000eadc (0x00001f17) x30 0x8000fadc
core   0: 0x8000eae0 (0x523f2223) sw      gp, 1316(t5)
core   0: 3 0x8000eae0 (0x523f2223) mem 0x80010000 0x00000001
core   0: 0x8000eae4 (0x0000bfe5) c.j     pc - 8
core   0: 3 0x8000eae4 (0xbfe5)
core   0: 0x8000eadc (0x00001f17) auipc   t5, 0x1
core   0: 3 0x8000eadc (0x00001f17) x30 0x8000fadc
core   0: 0x8000eae0 (0x523f2223) sw      gp, 1316(t5)
core   0: 3 0x8000eae0 (0x523f2223) mem 0x80010000 0x00000001
core   0: 0x8000eae4 (0x0000bfe5) c.j     pc - 8
core   0: 3 0x8000eae4 (0xbfe5)
core   0: 0x8000eadc (0x00001f17) auipc   t5, 0x1
core   0: 3 0x8000eadc (0x00001f17) x30 0x8000fadc
core   0: 0x8000eae0 (0x523f2223) sw      gp, 1316(t5)
core   0: 3 0x8000eae0 (0x523f2223) mem 0x80010000 0x00000001
core   0: 0x8000eae4 (0x0000bfe5) c.j     pc - 8
core   0: 3 0x8000eae4 (0xbfe5)
core   0: 0x8000eadc (0x00001f17) auipc   t5, 0x1
core   0: 3 0x8000eadc (0x00001f17) x30 0x8000fadc
core   0: 0x8000eae0 (0x523f2223) sw      gp, 1316(t5)
core   0: 3 0x8000eae0 (0x523f2223) mem 0x80010000 0x00000001
core   0: 0x8000eae4 (0x0000bfe5) c.j     pc - 8
core   0: 3 0x8000eae4 (0xbfe5)
core   0: 0x8000eadc (0x00001f17) auipc   t5, 0x1
core   0: 3 0x8000eadc (0x00001f17) x30 0x8000fadc
core   0: 0x8000eae0 (0x523f2223) sw      gp, 1316(t5)
core   0: 3 0x8000eae0 (0x523f2223) mem 0x80010000 0x00000001
core   0: 0x8000eae4 (0x0000bfe5) c.j     pc - 8
core   0: 3 0x8000eae4 (0xbfe5)
core   0: 0x8000eadc (0x00001f17) auipc   t5, 0x1
core   0: 3 0x8000eadc (0x00001f17) x30 0x8000fadc
core   0: 0x8000eae0 (0x523f2223) sw      gp, 1316(t5)
core   0: 3 0x8000eae0 (0x523f2223) mem 0x80010000 0x00000001
core   0: 0x8000eae4 (0x0000bfe5) c.j     pc - 8
core   0: 3 0x8000eae4 (0xbfe5)
core   0: 0x8000eadc (0x00001f17) auipc   t5, 0x1
core   0: 3 0x8000eadc (0x00001f17) x30 0x8000fadc
core   0: 0x8000eae0 (0x523f2223) sw      gp, 1316(t5)
core   0: 3 0x8000eae0 (0x523f2223) mem 0x80010000 0x00000001
core   0: 0x8000eae4 (0x0000bfe5) c.j     pc - 8
core   0: 3 0x8000eae4 (0xbfe5)
core   0: 0x8000eadc (0x00001f17) auipc   t5, 0x1
core   0: 3 0x8000eadc (0x00001f17) x30 0x8000fadc
core   0: 0x8000eae0 (0x523f2223) sw      gp, 1316(t5)
core   0: 3 0x8000eae0 (0x523f2223) mem 0x80010000 0x00000001
core   0: 0x8000eae4 (0x0000bfe5) c.j     pc - 8
core   0: 3 0x8000eae4 (0xbfe5)
core   0: 0x8000eadc (0x00001f17) auipc   t5, 0x1
core   0: 3 0x8000eadc (0x00001f17) x30 0x8000fadc
core   0: 0x8000eae0 (0x523f2223) sw      gp, 1316(t5)
core   0: 3 0x8000eae0 (0x523f2223) mem 0x80010000 0x00000001
core   0: 0x8000eae4 (0x0000bfe5) c.j     pc - 8
core   0: 3 0x8000eae4 (0xbfe5)
core   0: 0x8000eadc (0x00001f17) auipc   t5, 0x1
core   0: 3 0x8000eadc (0x00001f17) x30 0x8000fadc
core   0: 0x8000eae0 (0x523f2223) sw      gp, 1316(t5)
core   0: 3 0x8000eae0 (0x523f2223) mem 0x80010000 0x00000001
core   0: 0x8000eae4 (0x0000bfe5) c.j     pc - 8
core   0: 3 0x8000eae4 (0xbfe5)
core   0: 0x8000eadc (0x00001f17) auipc   t5, 0x1
core   0: 3 0x8000eadc (0x00001f17) x30 0x8000fadc
core   0: 0x8000eae0 (0x523f2223) sw      gp, 1316(t5)
core   0: 3 0x8000eae0 (0x523f2223) mem 0x80010000 0x00000001
core   0: 0x8000eae4 (0x0000bfe5) c.j     pc - 8
core   0: 3 0x8000eae4 (0xbfe5)
core   0: 0x8000eadc (0x00001f17) auipc   t5, 0x1
core   0: 3 0x8000eadc (0x00001f17) x30 0x8000fadc
core   0: 0x8000eae0 (0x523f2223) sw      gp, 1316(t5)
core   0: 3 0x8000eae0 (0x523f2223) mem 0x80010000 0x00000001
core   0: 0x8000eae4 (0x0000bfe5) c.j     pc - 8
core   0: 3 0x8000eae4 (0xbfe5)
core   0: 0x8000eadc (0x00001f17) auipc   t5, 0x1
core   0: 3 0x8000eadc (0x00001f17) x30 0x8000fadc
core   0: 0x8000eae0 (0x523f2223) sw      gp, 1316(t5)
core   0: 3 0x8000eae0 (0x523f2223) mem 0x80010000 0x00000001
core   0: 0x8000eae4 (0x0000bfe5) c.j     pc - 8
core   0: 3 0x8000eae4 (0xbfe5)
core   0: 0x8000eadc (0x00001f17) auipc   t5, 0x1
core   0: 3 0x8000eadc (0x00001f17) x30 0x8000fadc
core   0: 0x8000eae0 (0x523f2223) sw      gp, 1316(t5)
core   0: 3 0x8000eae0 (0x523f2223) mem 0x80010000 0x00000001
core   0: 0x8000eae4 (0x0000bfe5) c.j     pc - 8
core   0: 3 0x8000eae4 (0xbfe5)
core   0: 0x8000eadc (0x00001f17) auipc   t5, 0x1
core   0: 3 0x8000eadc (0x00001f17) x30 0x8000fadc
core   0: 0x8000eae0 (0x523f2223) sw      gp, 1316(t5)
core   0: 3 0x8000eae0 (0x523f2223) mem 0x80010000 0x00000001
core   0: 0x8000eae4 (0x0000bfe5) c.j     pc - 8
core   0: 3 0x8000eae4 (0xbfe5)
core   0: 0x8000eadc (0x00001f17) auipc   t5, 0x1
core   0: 3 0x8000eadc (0x00001f17) x30 0x8000fadc
core   0: 0x8000eae0 (0x523f2223) sw      gp, 1316(t5)
core   0: 3 0x8000eae0 (0x523f2223) mem 0x80010000 0x00000001
core   0: 0x8000eae4 (0x0000bfe5) c.j     pc - 8
core   0: 3 0x8000eae4 (0xbfe5)
core   0: 0x8000eadc (0x00001f17) auipc   t5, 0x1
core   0: 3 0x8000eadc (0x00001f17) x30 0x8000fadc
core   0: 0x8000eae0 (0x523f2223) sw      gp, 1316(t5)
core   0: 3 0x8000eae0 (0x523f2223) mem 0x80010000 0x00000001
core   0: 0x8000eae4 (0x0000bfe5) c.j     pc - 8
core   0: 3 0x8000eae4 (0xbfe5)
core   0: 0x8000eadc (0x00001f17) auipc   t5, 0x1
core   0: 3 0x8000eadc (0x00001f17) x30 0x8000fadc
core   0: 0x8000eae0 (0x523f2223) sw      gp, 1316(t5)
core   0: 3 0x8000eae0 (0x523f2223) mem 0x80010000 0x00000001
core   0: 0x8000eae4 (0x0000bfe5) c.j     pc - 8
core   0: 3 0x8000eae4 (0xbfe5)
core   0: 0x8000eadc (0x00001f17) auipc   t5, 0x1
core   0: 3 0x8000eadc (0x00001f17) x30 0x8000fadc
core   0: 0x8000eae0 (0x523f2223) sw      gp, 1316(t5)
core   0: 3 0x8000eae0 (0x523f2223) mem 0x80010000 0x00000001
core   0: 0x8000eae4 (0x0000bfe5) c.j     pc - 8
core   0: 3 0x8000eae4 (0xbfe5)
core   0: 0x8000eadc (0x00001f17) auipc   t5, 0x1
core   0: 3 0x8000eadc (0x00001f17) x30 0x8000fadc
core   0: 0x8000eae0 (0x523f2223) sw      gp, 1316(t5)
core   0: 3 0x8000eae0 (0x523f2223) mem 0x80010000 0x00000001
core   0: 0x8000eae4 (0x0000bfe5) c.j     pc - 8
core   0: 3 0x8000eae4 (0xbfe5)
core   0: 0x8000eadc (0x00001f17) auipc   t5, 0x1
core   0: 3 0x8000eadc (0x00001f17) x30 0x8000fadc
core   0: 0x8000eae0 (0x523f2223) sw      gp, 1316(t5)
core   0: 3 0x8000eae0 (0x523f2223) mem 0x80010000 0x00000001
core   0: 0x8000eae4 (0x0000bfe5) c.j     pc - 8
core   0: 3 0x8000eae4 (0xbfe5)
core   0: 0x8000eadc (0x00001f17) auipc   t5, 0x1
core   0: 3 0x8000eadc (0x00001f17) x30 0x8000fadc
core   0: 0x8000eae0 (0x523f2223) sw      gp, 1316(t5)
core   0: 3 0x8000eae0 (0x523f2223) mem 0x80010000 0x00000001
core   0: 0x8000eae4 (0x0000bfe5) c.j     pc - 8
core   0: 3 0x8000eae4 (0xbfe5)
core   0: 0x8000eadc (0x00001f17) auipc   t5, 0x1
core   0: 3 0x8000eadc (0x00001f17) x30 0x8000fadc
core   0: 0x8000eae0 (0x523f2223) sw      gp, 1316(t5)
core   0: 3 0x8000eae0 (0x523f2223) mem 0x80010000 0x00000001
core   0: 0x8000eae4 (0x0000bfe5) c.j     pc - 8
core   0: 3 0x8000eae4 (0xbfe5)
core   0: 0x8000eadc (0x00001f17) auipc   t5, 0x1
core   0: 3 0x8000eadc (0x00001f17) x30 0x8000fadc
core   0: 0x8000eae0 (0x523f2223) sw      gp, 1316(t5)
core   0: 3 0x8000eae0 (0x523f2223) mem 0x80010000 0x00000001
core   0: 0x8000eae4 (0x0000bfe5) c.j     pc - 8
core   0: 3 0x8000eae4 (0xbfe5)
core   0: 0x8000eadc (0x00001f17) auipc   t5, 0x1
core   0: 3 0x8000eadc (0x00001f17) x30 0x8000fadc
core   0: 0x8000eae0 (0x523f2223) sw      gp, 1316(t5)
core   0: 3 0x8000eae0 (0x523f2223) mem 0x80010000 0x00000001
core   0: 0x8000eae4 (0x0000bfe5) c.j     pc - 8
core   0: 3 0x8000eae4 (0xbfe5)
core   0: 0x8000eadc (0x00001f17) auipc   t5, 0x1
core   0: 3 0x8000eadc (0x00001f17) x30 0x8000fadc
core   0: 0x8000eae0 (0x523f2223) sw      gp, 1316(t5)
core   0: 3 0x8000eae0 (0x523f2223) mem 0x80010000 0x00000001
core   0: 0x8000eae4 (0x0000bfe5) c.j     pc - 8
core   0: 3 0x8000eae4 (0xbfe5)
core   0: 0x8000eadc (0x00001f17) auipc   t5, 0x1
core   0: 3 0x8000eadc (0x00001f17) x30 0x8000fadc
core   0: 0x8000eae0 (0x523f2223) sw      gp, 1316(t5)
core   0: 3 0x8000eae0 (0x523f2223) mem 0x80010000 0x00000001
core   0: 0x8000eae4 (0x0000bfe5) c.j     pc - 8
core   0: 3 0x8000eae4 (0xbfe5)
core   0: 0x8000eadc (0x00001f17) auipc   t5, 0x1
core   0: 3 0x8000eadc (0x00001f17) x30 0x8000fadc
core   0: 0x8000eae0 (0x523f2223) sw      gp, 1316(t5)
core   0: 3 0x8000eae0 (0x523f2223) mem 0x80010000 0x00000001
core   0: 0x8000eae4 (0x0000bfe5) c.j     pc - 8
core   0: 3 0x8000eae4 (0xbfe5)
core   0: 0x8000eadc (0x00001f17) auipc   t5, 0x1
core   0: 3 0x8000eadc (0x00001f17) x30 0x8000fadc
core   0: 0x8000eae0 (0x523f2223) sw      gp, 1316(t5)
core   0: 3 0x8000eae0 (0x523f2223) mem 0x80010000 0x00000001
core   0: 0x8000eae4 (0x0000bfe5) c.j     pc - 8
core   0: 3 0x8000eae4 (0xbfe5)
core   0: 0x8000eadc (0x00001f17) auipc   t5, 0x1
core   0: 3 0x8000eadc (0x00001f17) x30 0x8000fadc
core   0: 0x8000eae0 (0x523f2223) sw      gp, 1316(t5)
core   0: 3 0x8000eae0 (0x523f2223) mem 0x80010000 0x00000001
core   0: 0x8000eae4 (0x0000bfe5) c.j     pc - 8
core   0: 3 0x8000eae4 (0xbfe5)
core   0: 0x8000eadc (0x00001f17) auipc   t5, 0x1
core   0: 3 0x8000eadc (0x00001f17) x30 0x8000fadc
core   0: 0x8000eae0 (0x523f2223) sw      gp, 1316(t5)
core   0: 3 0x8000eae0 (0x523f2223) mem 0x80010000 0x00000001
core   0: 0x8000eae4 (0x0000bfe5) c.j     pc - 8
core   0: 3 0x8000eae4 (0xbfe5)
core   0: 0x8000eadc (0x00001f17) auipc   t5, 0x1
core   0: 3 0x8000eadc (0x00001f17) x30 0x8000fadc
core   0: 0x8000eae0 (0x523f2223) sw      gp, 1316(t5)
core   0: 3 0x8000eae0 (0x523f2223) mem 0x80010000 0x00000001
core   0: 0x8000eae4 (0x0000bfe5) c.j     pc - 8
core   0: 3 0x8000eae4 (0xbfe5)
core   0: 0x8000eadc (0x00001f17) auipc   t5, 0x1
core   0: 3 0x8000eadc (0x00001f17) x30 0x8000fadc
core   0: 0x8000eae0 (0x523f2223) sw      gp, 1316(t5)
core   0: 3 0x8000eae0 (0x523f2223) mem 0x80010000 0x00000001
core   0: 0x8000eae4 (0x0000bfe5) c.j     pc - 8
core   0: 3 0x8000eae4 (0xbfe5)
core   0: 0x8000eadc (0x00001f17) auipc   t5, 0x1
core   0: 3 0x8000eadc (0x00001f17) x30 0x8000fadc
core   0: 0x8000eae0 (0x523f2223) sw      gp, 1316(t5)
core   0: 3 0x8000eae0 (0x523f2223) mem 0x80010000 0x00000001
core   0: 0x8000eae4 (0x0000bfe5) c.j     pc - 8
core   0: 3 0x8000eae4 (0xbfe5)
core   0: 0x8000eadc (0x00001f17) auipc   t5, 0x1
core   0: 3 0x8000eadc (0x00001f17) x30 0x8000fadc
core   0: 0x8000eae0 (0x523f2223) sw      gp, 1316(t5)
core   0: 3 0x8000eae0 (0x523f2223) mem 0x80010000 0x00000001
core   0: 0x8000eae4 (0x0000bfe5) c.j     pc - 8
core   0: 3 0x8000eae4 (0xbfe5)
core   0: 0x8000eadc (0x00001f17) auipc   t5, 0x1
core   0: 3 0x8000eadc (0x00001f17) x30 0x8000fadc
core   0: 0x8000eae0 (0x523f2223) sw      gp, 1316(t5)
core   0: 3 0x8000eae0 (0x523f2223) mem 0x80010000 0x00000001
core   0: 0x8000eae4 (0x0000bfe5) c.j     pc - 8
core   0: 3 0x8000eae4 (0xbfe5)
core   0: 0x8000eadc (0x00001f17) auipc   t5, 0x1
core   0: 3 0x8000eadc (0x00001f17) x30 0x8000fadc
core   0: 0x8000eae0 (0x523f2223) sw      gp, 1316(t5)
core   0: 3 0x8000eae0 (0x523f2223) mem 0x80010000 0x00000001
core   0: 0x8000eae4 (0x0000bfe5) c.j     pc - 8
core   0: 3 0x8000eae4 (0xbfe5)
core   0: 0x8000eadc (0x00001f17) auipc   t5, 0x1
core   0: 3 0x8000eadc (0x00001f17) x30 0x8000fadc
core   0: 0x8000eae0 (0x523f2223) sw      gp, 1316(t5)
core   0: 3 0x8000eae0 (0x523f2223) mem 0x80010000 0x00000001
core   0: 0x8000eae4 (0x0000bfe5) c.j     pc - 8
core   0: 3 0x8000eae4 (0xbfe5)
core   0: 0x8000eadc (0x00001f17) auipc   t5, 0x1
core   0: 3 0x8000eadc (0x00001f17) x30 0x8000fadc
core   0: 0x8000eae0 (0x523f2223) sw      gp, 1316(t5)
core   0: 3 0x8000eae0 (0x523f2223) mem 0x80010000 0x00000001
core   0: 0x8000eae4 (0x0000bfe5) c.j     pc - 8
core   0: 3 0x8000eae4 (0xbfe5)
core   0: 0x8000eadc (0x00001f17) auipc   t5, 0x1
core   0: 3 0x8000eadc (0x00001f17) x30 0x8000fadc
core   0: 0x8000eae0 (0x523f2223) sw      gp, 1316(t5)
core   0: 3 0x8000eae0 (0x523f2223) mem 0x80010000 0x00000001
core   0: 0x8000eae4 (0x0000bfe5) c.j     pc - 8
core   0: 3 0x8000eae4 (0xbfe5)
core   0: 0x8000eadc (0x00001f17) auipc   t5, 0x1
core   0: 3 0x8000eadc (0x00001f17) x30 0x8000fadc
core   0: 0x8000eae0 (0x523f2223) sw      gp, 1316(t5)
core   0: 3 0x8000eae0 (0x523f2223) mem 0x80010000 0x00000001
core   0: 0x8000eae4 (0x0000bfe5) c.j     pc - 8
core   0: 3 0x8000eae4 (0xbfe5)
core   0: 0x8000eadc (0x00001f17) auipc   t5, 0x1
core   0: 3 0x8000eadc (0x00001f17) x30 0x8000fadc
core   0: 0x8000eae0 (0x523f2223) sw      gp, 1316(t5)
core   0: 3 0x8000eae0 (0x523f2223) mem 0x80010000 0x00000001
core   0: 0x8000eae4 (0x0000bfe5) c.j     pc - 8
core   0: 3 0x8000eae4 (0xbfe5)
core   0: 0x8000eadc (0x00001f17) auipc   t5, 0x1
core   0: 3 0x8000eadc (0x00001f17) x30 0x8000fadc
core   0: 0x8000eae0 (0x523f2223) sw      gp, 1316(t5)
core   0: 3 0x8000eae0 (0x523f2223) mem 0x80010000 0x00000001
core   0: 0x8000eae4 (0x0000bfe5) c.j     pc - 8
core   0: 3 0x8000eae4 (0xbfe5)
core   0: 0x8000eadc (0x00001f17) auipc   t5, 0x1
core   0: 3 0x8000eadc (0x00001f17) x30 0x8000fadc
core   0: 0x8000eae0 (0x523f2223) sw      gp, 1316(t5)
core   0: 3 0x8000eae0 (0x523f2223) mem 0x80010000 0x00000001
core   0: 0x8000eae4 (0x0000bfe5) c.j     pc - 8
core   0: 3 0x8000eae4 (0xbfe5)
core   0: 0x8000eadc (0x00001f17) auipc   t5, 0x1
core   0: 3 0x8000eadc (0x00001f17) x30 0x8000fadc
core   0: 0x8000eae0 (0x523f2223) sw      gp, 1316(t5)
core   0: 3 0x8000eae0 (0x523f2223) mem 0x80010000 0x00000001
core   0: 0x8000eae4 (0x0000bfe5) c.j     pc - 8
core   0: 3 0x8000eae4 (0xbfe5)
core   0: 0x8000eadc (0x00001f17) auipc   t5, 0x1
core   0: 3 0x8000eadc (0x00001f17) x30 0x8000fadc
core   0: 0x8000eae0 (0x523f2223) sw      gp, 1316(t5)
core   0: 3 0x8000eae0 (0x523f2223) mem 0x80010000 0x00000001
core   0: 0x8000eae4 (0x0000bfe5) c.j     pc - 8
core   0: 3 0x8000eae4 (0xbfe5)
core   0: 0x8000eadc (0x00001f17) auipc   t5, 0x1
core   0: 3 0x8000eadc (0x00001f17) x30 0x8000fadc
core   0: 0x8000eae0 (0x523f2223) sw      gp, 1316(t5)
core   0: 3 0x8000eae0 (0x523f2223) mem 0x80010000 0x00000001
core   0: 0x8000eae4 (0x0000bfe5) c.j     pc - 8
core   0: 3 0x8000eae4 (0xbfe5)
core   0: 0x8000eadc (0x00001f17) auipc   t5, 0x1
core   0: 3 0x8000eadc (0x00001f17) x30 0x8000fadc
core   0: 0x8000eae0 (0x523f2223) sw      gp, 1316(t5)
core   0: 3 0x8000eae0 (0x523f2223) mem 0x80010000 0x00000001
core   0: 0x8000eae4 (0x0000bfe5) c.j     pc - 8
core   0: 3 0x8000eae4 (0xbfe5)
core   0: 0x8000eadc (0x00001f17) auipc   t5, 0x1
core   0: 3 0x8000eadc (0x00001f17) x30 0x8000fadc
core   0: 0x8000eae0 (0x523f2223) sw      gp, 1316(t5)
core   0: 3 0x8000eae0 (0x523f2223) mem 0x80010000 0x00000001
core   0: 0x8000eae4 (0x0000bfe5) c.j     pc - 8
core   0: 3 0x8000eae4 (0xbfe5)
core   0: 0x8000eadc (0x00001f17) auipc   t5, 0x1
core   0: 3 0x8000eadc (0x00001f17) x30 0x8000fadc
core   0: 0x8000eae0 (0x523f2223) sw      gp, 1316(t5)
core   0: 3 0x8000eae0 (0x523f2223) mem 0x80010000 0x00000001
core   0: 0x8000eae4 (0x0000bfe5) c.j     pc - 8
core   0: 3 0x8000eae4 (0xbfe5)
core   0: 0x8000eadc (0x00001f17) auipc   t5, 0x1
core   0: 3 0x8000eadc (0x00001f17) x30 0x8000fadc
core   0: 0x8000eae0 (0x523f2223) sw      gp, 1316(t5)
core   0: 3 0x8000eae0 (0x523f2223) mem 0x80010000 0x00000001
core   0: 0x8000eae4 (0x0000bfe5) c.j     pc - 8
core   0: 3 0x8000eae4 (0xbfe5)
core   0: 0x8000eadc (0x00001f17) auipc   t5, 0x1
core   0: 3 0x8000eadc (0x00001f17) x30 0x8000fadc
core   0: 0x8000eae0 (0x523f2223) sw      gp, 1316(t5)
core   0: 3 0x8000eae0 (0x523f2223) mem 0x80010000 0x00000001
core   0: 0x8000eae4 (0x0000bfe5) c.j     pc - 8
core   0: 3 0x8000eae4 (0xbfe5)
core   0: 0x8000eadc (0x00001f17) auipc   t5, 0x1
core   0: 3 0x8000eadc (0x00001f17) x30 0x8000fadc
core   0: 0x8000eae0 (0x523f2223) sw      gp, 1316(t5)
core   0: 3 0x8000eae0 (0x523f2223) mem 0x80010000 0x00000001
core   0: 0x8000eae4 (0x0000bfe5) c.j     pc - 8
core   0: 3 0x8000eae4 (0xbfe5)
core   0: 0x8000eadc (0x00001f17) auipc   t5, 0x1
core   0: 3 0x8000eadc (0x00001f17) x30 0x8000fadc
core   0: 0x8000eae0 (0x523f2223) sw      gp, 1316(t5)
core   0: 3 0x8000eae0 (0x523f2223) mem 0x80010000 0x00000001
core   0: 0x8000eae4 (0x0000bfe5) c.j     pc - 8
core   0: 3 0x8000eae4 (0xbfe5)
core   0: 0x8000eadc (0x00001f17) auipc   t5, 0x1
core   0: 3 0x8000eadc (0x00001f17) x30 0x8000fadc
core   0: 0x8000eae0 (0x523f2223) sw      gp, 1316(t5)
core   0: 3 0x8000eae0 (0x523f2223) mem 0x80010000 0x00000001
core   0: 0x8000eae4 (0x0000bfe5) c.j     pc - 8
core   0: 3 0x8000eae4 (0xbfe5)
core   0: 0x8000eadc (0x00001f17) auipc   t5, 0x1
core   0: 3 0x8000eadc (0x00001f17) x30 0x8000fadc
core   0: 0x8000eae0 (0x523f2223) sw      gp, 1316(t5)
core   0: 3 0x8000eae0 (0x523f2223) mem 0x80010000 0x00000001
core   0: 0x8000eae4 (0x0000bfe5) c.j     pc - 8
core   0: 3 0x8000eae4 (0xbfe5)
core   0: 0x8000eadc (0x00001f17) auipc   t5, 0x1
core   0: 3 0x8000eadc (0x00001f17) x30 0x8000fadc
core   0: 0x8000eae0 (0x523f2223) sw      gp, 1316(t5)
core   0: 3 0x8000eae0 (0x523f2223) mem 0x80010000 0x00000001
core   0: 0x8000eae4 (0x0000bfe5) c.j     pc - 8
core   0: 3 0x8000eae4 (0xbfe5)
core   0: 0x8000eadc (0x00001f17) auipc   t5, 0x1
core   0: 3 0x8000eadc (0x00001f17) x30 0x8000fadc
core   0: 0x8000eae0 (0x523f2223) sw      gp, 1316(t5)
core   0: 3 0x8000eae0 (0x523f2223) mem 0x80010000 0x00000001
core   0: 0x8000eae4 (0x0000bfe5) c.j     pc - 8
core   0: 3 0x8000eae4 (0xbfe5)
core   0: 0x8000eadc (0x00001f17) auipc   t5, 0x1
core   0: 3 0x8000eadc (0x00001f17) x30 0x8000fadc
core   0: 0x8000eae0 (0x523f2223) sw      gp, 1316(t5)
core   0: 3 0x8000eae0 (0x523f2223) mem 0x80010000 0x00000001
core   0: 0x8000eae4 (0x0000bfe5) c.j     pc - 8
core   0: 3 0x8000eae4 (0xbfe5)
core   0: 0x8000eadc (0x00001f17) auipc   t5, 0x1
core   0: 3 0x8000eadc (0x00001f17) x30 0x8000fadc
core   0: 0x8000eae0 (0x523f2223) sw      gp, 1316(t5)
core   0: 3 0x8000eae0 (0x523f2223) mem 0x80010000 0x00000001
core   0: 0x8000eae4 (0x0000bfe5) c.j     pc - 8
core   0: 3 0x8000eae4 (0xbfe5)
core   0: 0x8000eadc (0x00001f17) auipc   t5, 0x1
core   0: 3 0x8000eadc (0x00001f17) x30 0x8000fadc
core   0: 0x8000eae0 (0x523f2223) sw      gp, 1316(t5)
core   0: 3 0x8000eae0 (0x523f2223) mem 0x80010000 0x00000001
core   0: 0x8000eae4 (0x0000bfe5) c.j     pc - 8
core   0: 3 0x8000eae4 (0xbfe5)
core   0: 0x8000eadc (0x00001f17) auipc   t5, 0x1
core   0: 3 0x8000eadc (0x00001f17) x30 0x8000fadc
core   0: 0x8000eae0 (0x523f2223) sw      gp, 1316(t5)
core   0: 3 0x8000eae0 (0x523f2223) mem 0x80010000 0x00000001
core   0: 0x8000eae4 (0x0000bfe5) c.j     pc - 8
core   0: 3 0x8000eae4 (0xbfe5)
core   0: 0x8000eadc (0x00001f17) auipc   t5, 0x1
core   0: 3 0x8000eadc (0x00001f17) x30 0x8000fadc
core   0: 0x8000eae0 (0x523f2223) sw      gp, 1316(t5)
core   0: 3 0x8000eae0 (0x523f2223) mem 0x80010000 0x00000001
core   0: 0x8000eae4 (0x0000bfe5) c.j     pc - 8
core   0: 3 0x8000eae4 (0xbfe5)
core   0: 0x8000eadc (0x00001f17) auipc   t5, 0x1
core   0: 3 0x8000eadc (0x00001f17) x30 0x8000fadc
core   0: 0x8000eae0 (0x523f2223) sw      gp, 1316(t5)
core   0: 3 0x8000eae0 (0x523f2223) mem 0x80010000 0x00000001
core   0: 0x8000eae4 (0x0000bfe5) c.j     pc - 8
core   0: 3 0x8000eae4 (0xbfe5)
core   0: 0x8000eadc (0x00001f17) auipc   t5, 0x1
core   0: 3 0x8000eadc (0x00001f17) x30 0x8000fadc
core   0: 0x8000eae0 (0x523f2223) sw      gp, 1316(t5)
core   0: 3 0x8000eae0 (0x523f2223) mem 0x80010000 0x00000001
core   0: 0x8000eae4 (0x0000bfe5) c.j     pc - 8
core   0: 3 0x8000eae4 (0xbfe5)
core   0: 0x8000eadc (0x00001f17) auipc   t5, 0x1
core   0: 3 0x8000eadc (0x00001f17) x30 0x8000fadc
core   0: 0x8000eae0 (0x523f2223) sw      gp, 1316(t5)
core   0: 3 0x8000eae0 (0x523f2223) mem 0x80010000 0x00000001
core   0: 0x8000eae4 (0x0000bfe5) c.j     pc - 8
core   0: 3 0x8000eae4 (0xbfe5)
core   0: 0x8000eadc (0x00001f17) auipc   t5, 0x1
core   0: 3 0x8000eadc (0x00001f17) x30 0x8000fadc
core   0: 0x8000eae0 (0x523f2223) sw      gp, 1316(t5)
core   0: 3 0x8000eae0 (0x523f2223) mem 0x80010000 0x00000001
core   0: 0x8000eae4 (0x0000bfe5) c.j     pc - 8
core   0: 3 0x8000eae4 (0xbfe5)
core   0: 0x8000eadc (0x00001f17) auipc   t5, 0x1
core   0: 3 0x8000eadc (0x00001f17) x30 0x8000fadc
core   0: 0x8000eae0 (0x523f2223) sw      gp, 1316(t5)
core   0: 3 0x8000eae0 (0x523f2223) mem 0x80010000 0x00000001
core   0: 0x8000eae4 (0x0000bfe5) c.j     pc - 8
core   0: 3 0x8000eae4 (0xbfe5)
core   0: 0x8000eadc (0x00001f17) auipc   t5, 0x1
core   0: 3 0x8000eadc (0x00001f17) x30 0x8000fadc
core   0: 0x8000eae0 (0x523f2223) sw      gp, 1316(t5)
core   0: 3 0x8000eae0 (0x523f2223) mem 0x80010000 0x00000001
core   0: 0x8000eae4 (0x0000bfe5) c.j     pc - 8
core   0: 3 0x8000eae4 (0xbfe5)
core   0: 0x8000eadc (0x00001f17) auipc   t5, 0x1
core   0: 3 0x8000eadc (0x00001f17) x30 0x8000fadc
core   0: 0x8000eae0 (0x523f2223) sw      gp, 1316(t5)
core   0: 3 0x8000eae0 (0x523f2223) mem 0x80010000 0x00000001
core   0: 0x8000eae4 (0x0000bfe5) c.j     pc - 8
core   0: 3 0x8000eae4 (0xbfe5)
core   0: 0x8000eadc (0x00001f17) auipc   t5, 0x1
core   0: 3 0x8000eadc (0x00001f17) x30 0x8000fadc
core   0: 0x8000eae0 (0x523f2223) sw      gp, 1316(t5)
core   0: 3 0x8000eae0 (0x523f2223) mem 0x80010000 0x00000001
core   0: 0x8000eae4 (0x0000bfe5) c.j     pc - 8
core   0: 3 0x8000eae4 (0xbfe5)
core   0: 0x8000eadc (0x00001f17) auipc   t5, 0x1
core   0: 3 0x8000eadc (0x00001f17) x30 0x8000fadc
core   0: 0x8000eae0 (0x523f2223) sw      gp, 1316(t5)
core   0: 3 0x8000eae0 (0x523f2223) mem 0x80010000 0x00000001
core   0: 0x8000eae4 (0x0000bfe5) c.j     pc - 8
core   0: 3 0x8000eae4 (0xbfe5)
core   0: 0x8000eadc (0x00001f17) auipc   t5, 0x1
core   0: 3 0x8000eadc (0x00001f17) x30 0x8000fadc
core   0: 0x8000eae0 (0x523f2223) sw      gp, 1316(t5)
core   0: 3 0x8000eae0 (0x523f2223) mem 0x80010000 0x00000001
core   0: 0x8000eae4 (0x0000bfe5) c.j     pc - 8
core   0: 3 0x8000eae4 (0xbfe5)
core   0: 0x8000eadc (0x00001f17) auipc   t5, 0x1
core   0: 3 0x8000eadc (0x00001f17) x30 0x8000fadc
core   0: 0x8000eae0 (0x523f2223) sw      gp, 1316(t5)
core   0: 3 0x8000eae0 (0x523f2223) mem 0x80010000 0x00000001
core   0: 0x8000eae4 (0x0000bfe5) c.j     pc - 8
core   0: 3 0x8000eae4 (0xbfe5)
core   0: 0x8000eadc (0x00001f17) auipc   t5, 0x1
core   0: 3 0x8000eadc (0x00001f17) x30 0x8000fadc
core   0: 0x8000eae0 (0x523f2223) sw      gp, 1316(t5)
core   0: 3 0x8000eae0 (0x523f2223) mem 0x80010000 0x00000001
core   0: 0x8000eae4 (0x0000bfe5) c.j     pc - 8
core   0: 3 0x8000eae4 (0xbfe5)
core   0: 0x8000eadc (0x00001f17) auipc   t5, 0x1
core   0: 3 0x8000eadc (0x00001f17) x30 0x8000fadc
core   0: 0x8000eae0 (0x523f2223) sw      gp, 1316(t5)
core   0: 3 0x8000eae0 (0x523f2223) mem 0x80010000 0x00000001
core   0: 0x8000eae4 (0x0000bfe5) c.j     pc - 8
core   0: 3 0x8000eae4 (0xbfe5)
core   0: 0x8000eadc (0x00001f17) auipc   t5, 0x1
core   0: 3 0x8000eadc (0x00001f17) x30 0x8000fadc
core   0: 0x8000eae0 (0x523f2223) sw      gp, 1316(t5)
core   0: 3 0x8000eae0 (0x523f2223) mem 0x80010000 0x00000001
core   0: 0x8000eae4 (0x0000bfe5) c.j     pc - 8
core   0: 3 0x8000eae4 (0xbfe5)
core   0: 0x8000eadc (0x00001f17) auipc   t5, 0x1
core   0: 3 0x8000eadc (0x00001f17) x30 0x8000fadc
core   0: 0x8000eae0 (0x523f2223) sw      gp, 1316(t5)
core   0: 3 0x8000eae0 (0x523f2223) mem 0x80010000 0x00000001
core   0: 0x8000eae4 (0x0000bfe5) c.j     pc - 8
core   0: 3 0x8000eae4 (0xbfe5)
core   0: 0x8000eadc (0x00001f17) auipc   t5, 0x1
core   0: 3 0x8000eadc (0x00001f17) x30 0x8000fadc
core   0: 0x8000eae0 (0x523f2223) sw      gp, 1316(t5)
core   0: 3 0x8000eae0 (0x523f2223) mem 0x80010000 0x00000001
core   0: 0x8000eae4 (0x0000bfe5) c.j     pc - 8
core   0: 3 0x8000eae4 (0xbfe5)
core   0: 0x8000eadc (0x00001f17) auipc   t5, 0x1
core   0: 3 0x8000eadc (0x00001f17) x30 0x8000fadc
core   0: 0x8000eae0 (0x523f2223) sw      gp, 1316(t5)
core   0: 3 0x8000eae0 (0x523f2223) mem 0x80010000 0x00000001
core   0: 0x8000eae4 (0x0000bfe5) c.j     pc - 8
core   0: 3 0x8000eae4 (0xbfe5)
core   0: 0x8000eadc (0x00001f17) auipc   t5, 0x1
core   0: 3 0x8000eadc (0x00001f17) x30 0x8000fadc
core   0: 0x8000eae0 (0x523f2223) sw      gp, 1316(t5)
core   0: 3 0x8000eae0 (0x523f2223) mem 0x80010000 0x00000001
core   0: 0x8000eae4 (0x0000bfe5) c.j     pc - 8
core   0: 3 0x8000eae4 (0xbfe5)
core   0: 0x8000eadc (0x00001f17) auipc   t5, 0x1
core   0: 3 0x8000eadc (0x00001f17) x30 0x8000fadc
core   0: 0x8000eae0 (0x523f2223) sw      gp, 1316(t5)
core   0: 3 0x8000eae0 (0x523f2223) mem 0x80010000 0x00000001
core   0: 0x8000eae4 (0x0000bfe5) c.j     pc - 8
core   0: 3 0x8000eae4 (0xbfe5)
core   0: 0x8000eadc (0x00001f17) auipc   t5, 0x1
core   0: 3 0x8000eadc (0x00001f17) x30 0x8000fadc
core   0: 0x8000eae0 (0x523f2223) sw      gp, 1316(t5)
core   0: 3 0x8000eae0 (0x523f2223) mem 0x80010000 0x00000001
core   0: 0x8000eae4 (0x0000bfe5) c.j     pc - 8
core   0: 3 0x8000eae4 (0xbfe5)
core   0: 0x8000eadc (0x00001f17) auipc   t5, 0x1
core   0: 3 0x8000eadc (0x00001f17) x30 0x8000fadc
core   0: 0x8000eae0 (0x523f2223) sw      gp, 1316(t5)
core   0: 3 0x8000eae0 (0x523f2223) mem 0x80010000 0x00000001
core   0: 0x8000eae4 (0x0000bfe5) c.j     pc - 8
core   0: 3 0x8000eae4 (0xbfe5)
core   0: 0x8000eadc (0x00001f17) auipc   t5, 0x1
core   0: 3 0x8000eadc (0x00001f17) x30 0x8000fadc
core   0: 0x8000eae0 (0x523f2223) sw      gp, 1316(t5)
core   0: 3 0x8000eae0 (0x523f2223) mem 0x80010000 0x00000001
core   0: 0x8000eae4 (0x0000bfe5) c.j     pc - 8
core   0: 3 0x8000eae4 (0xbfe5)
core   0: 0x8000eadc (0x00001f17) auipc   t5, 0x1
core   0: 3 0x8000eadc (0x00001f17) x30 0x8000fadc
core   0: 0x8000eae0 (0x523f2223) sw      gp, 1316(t5)
core   0: 3 0x8000eae0 (0x523f2223) mem 0x80010000 0x00000001
core   0: 0x8000eae4 (0x0000bfe5) c.j     pc - 8
core   0: 3 0x8000eae4 (0xbfe5)
core   0: 0x8000eadc (0x00001f17) auipc   t5, 0x1
core   0: 3 0x8000eadc (0x00001f17) x30 0x8000fadc
core   0: 0x8000eae0 (0x523f2223) sw      gp, 1316(t5)
core   0: 3 0x8000eae0 (0x523f2223) mem 0x80010000 0x00000001
core   0: 0x8000eae4 (0x0000bfe5) c.j     pc - 8
core   0: 3 0x8000eae4 (0xbfe5)
core   0: 0x8000eadc (0x00001f17) auipc   t5, 0x1
core   0: 3 0x8000eadc (0x00001f17) x30 0x8000fadc
core   0: 0x8000eae0 (0x523f2223) sw      gp, 1316(t5)
core   0: 3 0x8000eae0 (0x523f2223) mem 0x80010000 0x00000001
core   0: 0x8000eae4 (0x0000bfe5) c.j     pc - 8
core   0: 3 0x8000eae4 (0xbfe5)
core   0: 0x8000eadc (0x00001f17) auipc   t5, 0x1
core   0: 3 0x8000eadc (0x00001f17) x30 0x8000fadc
core   0: 0x8000eae0 (0x523f2223) sw      gp, 1316(t5)
core   0: 3 0x8000eae0 (0x523f2223) mem 0x80010000 0x00000001
core   0: 0x8000eae4 (0x0000bfe5) c.j     pc - 8
core   0: 3 0x8000eae4 (0xbfe5)
core   0: 0x8000eadc (0x00001f17) auipc   t5, 0x1
core   0: 3 0x8000eadc (0x00001f17) x30 0x8000fadc
core   0: 0x8000eae0 (0x523f2223) sw      gp, 1316(t5)
core   0: 3 0x8000eae0 (0x523f2223) mem 0x80010000 0x00000001
core   0: 0x8000eae4 (0x0000bfe5) c.j     pc - 8
core   0: 3 0x8000eae4 (0xbfe5)
core   0: 0x8000eadc (0x00001f17) auipc   t5, 0x1
core   0: 3 0x8000eadc (0x00001f17) x30 0x8000fadc
core   0: 0x8000eae0 (0x523f2223) sw      gp, 1316(t5)
core   0: 3 0x8000eae0 (0x523f2223) mem 0x80010000 0x00000001
core   0: 0x8000eae4 (0x0000bfe5) c.j     pc - 8
core   0: 3 0x8000eae4 (0xbfe5)
core   0: 0x8000eadc (0x00001f17) auipc   t5, 0x1
core   0: 3 0x8000eadc (0x00001f17) x30 0x8000fadc
core   0: 0x8000eae0 (0x523f2223) sw      gp, 1316(t5)
core   0: 3 0x8000eae0 (0x523f2223) mem 0x80010000 0x00000001
core   0: 0x8000eae4 (0x0000bfe5) c.j     pc - 8
core   0: 3 0x8000eae4 (0xbfe5)
core   0: 0x8000eadc (0x00001f17) auipc   t5, 0x1
core   0: 3 0x8000eadc (0x00001f17) x30 0x8000fadc
core   0: 0x8000eae0 (0x523f2223) sw      gp, 1316(t5)
core   0: 3 0x8000eae0 (0x523f2223) mem 0x80010000 0x00000001
core   0: 0x8000eae4 (0x0000bfe5) c.j     pc - 8
core   0: 3 0x8000eae4 (0xbfe5)
core   0: 0x8000eadc (0x00001f17) auipc   t5, 0x1
core   0: 3 0x8000eadc (0x00001f17) x30 0x8000fadc
core   0: 0x8000eae0 (0x523f2223) sw      gp, 1316(t5)
core   0: 3 0x8000eae0 (0x523f2223) mem 0x80010000 0x00000001
core   0: 0x8000eae4 (0x0000bfe5) c.j     pc - 8
core   0: 3 0x8000eae4 (0xbfe5)
core   0: 0x8000eadc (0x00001f17) auipc   t5, 0x1
core   0: 3 0x8000eadc (0x00001f17) x30 0x8000fadc
core   0: 0x8000eae0 (0x523f2223) sw      gp, 1316(t5)
core   0: 3 0x8000eae0 (0x523f2223) mem 0x80010000 0x00000001
core   0: 0x8000eae4 (0x0000bfe5) c.j     pc - 8
core   0: 3 0x8000eae4 (0xbfe5)
core   0: 0x8000eadc (0x00001f17) auipc   t5, 0x1
core   0: 3 0x8000eadc (0x00001f17) x30 0x8000fadc
core   0: 0x8000eae0 (0x523f2223) sw      gp, 1316(t5)
core   0: 3 0x8000eae0 (0x523f2223) mem 0x80010000 0x00000001
core   0: 0x8000eae4 (0x0000bfe5) c.j     pc - 8
core   0: 3 0x8000eae4 (0xbfe5)
core   0: 0x8000eadc (0x00001f17) auipc   t5, 0x1
core   0: 3 0x8000eadc (0x00001f17) x30 0x8000fadc
core   0: 0x8000eae0 (0x523f2223) sw      gp, 1316(t5)
core   0: 3 0x8000eae0 (0x523f2223) mem 0x80010000 0x00000001
core   0: 0x8000eae4 (0x0000bfe5) c.j     pc - 8
core   0: 3 0x8000eae4 (0xbfe5)
core   0: 0x8000eadc (0x00001f17) auipc   t5, 0x1
core   0: 3 0x8000eadc (0x00001f17) x30 0x8000fadc
core   0: 0x8000eae0 (0x523f2223) sw      gp, 1316(t5)
core   0: 3 0x8000eae0 (0x523f2223) mem 0x80010000 0x00000001
core   0: 0x8000eae4 (0x0000bfe5) c.j     pc - 8
core   0: 3 0x8000eae4 (0xbfe5)
core   0: 0x8000eadc (0x00001f17) auipc   t5, 0x1
core   0: 3 0x8000eadc (0x00001f17) x30 0x8000fadc
core   0: 0x8000eae0 (0x523f2223) sw      gp, 1316(t5)
core   0: 3 0x8000eae0 (0x523f2223) mem 0x80010000 0x00000001
core   0: 0x8000eae4 (0x0000bfe5) c.j     pc - 8
core   0: 3 0x8000eae4 (0xbfe5)
core   0: 0x8000eadc (0x00001f17) auipc   t5, 0x1
core   0: 3 0x8000eadc (0x00001f17) x30 0x8000fadc
core   0: 0x8000eae0 (0x523f2223) sw      gp, 1316(t5)
core   0: 3 0x8000eae0 (0x523f2223) mem 0x80010000 0x00000001
core   0: 0x8000eae4 (0x0000bfe5) c.j     pc - 8
core   0: 3 0x8000eae4 (0xbfe5)
core   0: 0x8000eadc (0x00001f17) auipc   t5, 0x1
core   0: 3 0x8000eadc (0x00001f17) x30 0x8000fadc
core   0: 0x8000eae0 (0x523f2223) sw      gp, 1316(t5)
core   0: 3 0x8000eae0 (0x523f2223) mem 0x80010000 0x00000001
core   0: 0x8000eae4 (0x0000bfe5) c.j     pc - 8
core   0: 3 0x8000eae4 (0xbfe5)
core   0: 0x8000eadc (0x00001f17) auipc   t5, 0x1
core   0: 3 0x8000eadc (0x00001f17) x30 0x8000fadc
core   0: 0x8000eae0 (0x523f2223) sw      gp, 1316(t5)
core   0: 3 0x8000eae0 (0x523f2223) mem 0x80010000 0x00000001
core   0: 0x8000eae4 (0x0000bfe5) c.j     pc - 8
core   0: 3 0x8000eae4 (0xbfe5)
core   0: 0x8000eadc (0x00001f17) auipc   t5, 0x1
core   0: 3 0x8000eadc (0x00001f17) x30 0x8000fadc
core   0: 0x8000eae0 (0x523f2223) sw      gp, 1316(t5)
core   0: 3 0x8000eae0 (0x523f2223) mem 0x80010000 0x00000001
core   0: 0x8000eae4 (0x0000bfe5) c.j     pc - 8
core   0: 3 0x8000eae4 (0xbfe5)
core   0: 0x8000eadc (0x00001f17) auipc   t5, 0x1
core   0: 3 0x8000eadc (0x00001f17) x30 0x8000fadc
core   0: 0x8000eae0 (0x523f2223) sw      gp, 1316(t5)
core   0: 3 0x8000eae0 (0x523f2223) mem 0x80010000 0x00000001
core   0: 0x8000eae4 (0x0000bfe5) c.j     pc - 8
core   0: 3 0x8000eae4 (0xbfe5)
core   0: 0x8000eadc (0x00001f17) auipc   t5, 0x1
core   0: 3 0x8000eadc (0x00001f17) x30 0x8000fadc
core   0: 0x8000eae0 (0x523f2223) sw      gp, 1316(t5)
core   0: 3 0x8000eae0 (0x523f2223) mem 0x80010000 0x00000001
core   0: 0x8000eae4 (0x0000bfe5) c.j     pc - 8
core   0: 3 0x8000eae4 (0xbfe5)
core   0: 0x8000eadc (0x00001f17) auipc   t5, 0x1
core   0: 3 0x8000eadc (0x00001f17) x30 0x8000fadc
core   0: 0x8000eae0 (0x523f2223) sw      gp, 1316(t5)
core   0: 3 0x8000eae0 (0x523f2223) mem 0x80010000 0x00000001
core   0: 0x8000eae4 (0x0000bfe5) c.j     pc - 8
core   0: 3 0x8000eae4 (0xbfe5)
core   0: 0x8000eadc (0x00001f17) auipc   t5, 0x1
core   0: 3 0x8000eadc (0x00001f17) x30 0x8000fadc
core   0: 0x8000eae0 (0x523f2223) sw      gp, 1316(t5)
core   0: 3 0x8000eae0 (0x523f2223) mem 0x80010000 0x00000001
core   0: 0x8000eae4 (0x0000bfe5) c.j     pc - 8
core   0: 3 0x8000eae4 (0xbfe5)
core   0: 0x8000eadc (0x00001f17) auipc   t5, 0x1
core   0: 3 0x8000eadc (0x00001f17) x30 0x8000fadc
core   0: 0x8000eae0 (0x523f2223) sw      gp, 1316(t5)
core   0: 3 0x8000eae0 (0x523f2223) mem 0x80010000 0x00000001
core   0: 0x8000eae4 (0x0000bfe5) c.j     pc - 8
core   0: 3 0x8000eae4 (0xbfe5)
core   0: 0x8000eadc (0x00001f17) auipc   t5, 0x1
core   0: 3 0x8000eadc (0x00001f17) x30 0x8000fadc
core   0: 0x8000eae0 (0x523f2223) sw      gp, 1316(t5)
core   0: 3 0x8000eae0 (0x523f2223) mem 0x80010000 0x00000001
core   0: 0x8000eae4 (0x0000bfe5) c.j     pc - 8
core   0: 3 0x8000eae4 (0xbfe5)
core   0: 0x8000eadc (0x00001f17) auipc   t5, 0x1
core   0: 3 0x8000eadc (0x00001f17) x30 0x8000fadc
core   0: 0x8000eae0 (0x523f2223) sw      gp, 1316(t5)
core   0: 3 0x8000eae0 (0x523f2223) mem 0x80010000 0x00000001
core   0: 0x8000eae4 (0x0000bfe5) c.j     pc - 8
core   0: 3 0x8000eae4 (0xbfe5)
core   0: 0x8000eadc (0x00001f17) auipc   t5, 0x1
core   0: 3 0x8000eadc (0x00001f17) x30 0x8000fadc
core   0: 0x8000eae0 (0x523f2223) sw      gp, 1316(t5)
core   0: 3 0x8000eae0 (0x523f2223) mem 0x80010000 0x00000001
core   0: 0x8000eae4 (0x0000bfe5) c.j     pc - 8
core   0: 3 0x8000eae4 (0xbfe5)
core   0: 0x8000eadc (0x00001f17) auipc   t5, 0x1
core   0: 3 0x8000eadc (0x00001f17) x30 0x8000fadc
core   0: 0x8000eae0 (0x523f2223) sw      gp, 1316(t5)
core   0: 3 0x8000eae0 (0x523f2223) mem 0x80010000 0x00000001
core   0: 0x8000eae4 (0x0000bfe5) c.j     pc - 8
core   0: 3 0x8000eae4 (0xbfe5)
core   0: 0x8000eadc (0x00001f17) auipc   t5, 0x1
core   0: 3 0x8000eadc (0x00001f17) x30 0x8000fadc
core   0: 0x8000eae0 (0x523f2223) sw      gp, 1316(t5)
core   0: 3 0x8000eae0 (0x523f2223) mem 0x80010000 0x00000001
core   0: 0x8000eae4 (0x0000bfe5) c.j     pc - 8
core   0: 3 0x8000eae4 (0xbfe5)
core   0: 0x8000eadc (0x00001f17) auipc   t5, 0x1
core   0: 3 0x8000eadc (0x00001f17) x30 0x8000fadc
core   0: 0x8000eae0 (0x523f2223) sw      gp, 1316(t5)
core   0: 3 0x8000eae0 (0x523f2223) mem 0x80010000 0x00000001
core   0: 0x8000eae4 (0x0000bfe5) c.j     pc - 8
core   0: 3 0x8000eae4 (0xbfe5)
core   0: 0x8000eadc (0x00001f17) auipc   t5, 0x1
core   0: 3 0x8000eadc (0x00001f17) x30 0x8000fadc
core   0: 0x8000eae0 (0x523f2223) sw      gp, 1316(t5)
core   0: 3 0x8000eae0 (0x523f2223) mem 0x80010000 0x00000001
core   0: 0x8000eae4 (0x0000bfe5) c.j     pc - 8
core   0: 3 0x8000eae4 (0xbfe5)
core   0: 0x8000eadc (0x00001f17) auipc   t5, 0x1
core   0: 3 0x8000eadc (0x00001f17) x30 0x8000fadc
core   0: 0x8000eae0 (0x523f2223) sw      gp, 1316(t5)
core   0: 3 0x8000eae0 (0x523f2223) mem 0x80010000 0x00000001
core   0: 0x8000eae4 (0x0000bfe5) c.j     pc - 8
core   0: 3 0x8000eae4 (0xbfe5)
core   0: 0x8000eadc (0x00001f17) auipc   t5, 0x1
core   0: 3 0x8000eadc (0x00001f17) x30 0x8000fadc
core   0: 0x8000eae0 (0x523f2223) sw      gp, 1316(t5)
core   0: 3 0x8000eae0 (0x523f2223) mem 0x80010000 0x00000001
core   0: 0x8000eae4 (0x0000bfe5) c.j     pc - 8
core   0: 3 0x8000eae4 (0xbfe5)
core   0: 0x8000eadc (0x00001f17) auipc   t5, 0x1
core   0: 3 0x8000eadc (0x00001f17) x30 0x8000fadc
core   0: 0x8000eae0 (0x523f2223) sw      gp, 1316(t5)
core   0: 3 0x8000eae0 (0x523f2223) mem 0x80010000 0x00000001
core   0: 0x8000eae4 (0x0000bfe5) c.j     pc - 8
core   0: 3 0x8000eae4 (0xbfe5)
core   0: 0x8000eadc (0x00001f17) auipc   t5, 0x1
core   0: 3 0x8000eadc (0x00001f17) x30 0x8000fadc
core   0: 0x8000eae0 (0x523f2223) sw      gp, 1316(t5)
core   0: 3 0x8000eae0 (0x523f2223) mem 0x80010000 0x00000001
core   0: 0x8000eae4 (0x0000bfe5) c.j     pc - 8
core   0: 3 0x8000eae4 (0xbfe5)
core   0: 0x8000eadc (0x00001f17) auipc   t5, 0x1
core   0: 3 0x8000eadc (0x00001f17) x30 0x8000fadc
core   0: 0x8000eae0 (0x523f2223) sw      gp, 1316(t5)
core   0: 3 0x8000eae0 (0x523f2223) mem 0x80010000 0x00000001
core   0: 0x8000eae4 (0x0000bfe5) c.j     pc - 8
core   0: 3 0x8000eae4 (0xbfe5)
core   0: 0x8000eadc (0x00001f17) auipc   t5, 0x1
core   0: 3 0x8000eadc (0x00001f17) x30 0x8000fadc
core   0: 0x8000eae0 (0x523f2223) sw      gp, 1316(t5)
core   0: 3 0x8000eae0 (0x523f2223) mem 0x80010000 0x00000001
core   0: 0x8000eae4 (0x0000bfe5) c.j     pc - 8
core   0: 3 0x8000eae4 (0xbfe5)
core   0: 0x8000eadc (0x00001f17) auipc   t5, 0x1
core   0: 3 0x8000eadc (0x00001f17) x30 0x8000fadc
core   0: 0x8000eae0 (0x523f2223) sw      gp, 1316(t5)
core   0: 3 0x8000eae0 (0x523f2223) mem 0x80010000 0x00000001
core   0: 0x8000eae4 (0x0000bfe5) c.j     pc - 8
core   0: 3 0x8000eae4 (0xbfe5)
core   0: 0x8000eadc (0x00001f17) auipc   t5, 0x1
core   0: 3 0x8000eadc (0x00001f17) x30 0x8000fadc
core   0: 0x8000eae0 (0x523f2223) sw      gp, 1316(t5)
core   0: 3 0x8000eae0 (0x523f2223) mem 0x80010000 0x00000001
core   0: 0x8000eae4 (0x0000bfe5) c.j     pc - 8
core   0: 3 0x8000eae4 (0xbfe5)
core   0: 0x8000eadc (0x00001f17) auipc   t5, 0x1
core   0: 3 0x8000eadc (0x00001f17) x30 0x8000fadc
core   0: 0x8000eae0 (0x523f2223) sw      gp, 1316(t5)
core   0: 3 0x8000eae0 (0x523f2223) mem 0x80010000 0x00000001
core   0: 0x8000eae4 (0x0000bfe5) c.j     pc - 8
core   0: 3 0x8000eae4 (0xbfe5)
core   0: 0x8000eadc (0x00001f17) auipc   t5, 0x1
core   0: 3 0x8000eadc (0x00001f17) x30 0x8000fadc
core   0: 0x8000eae0 (0x523f2223) sw      gp, 1316(t5)
core   0: 3 0x8000eae0 (0x523f2223) mem 0x80010000 0x00000001
core   0: 0x8000eae4 (0x0000bfe5) c.j     pc - 8
core   0: 3 0x8000eae4 (0xbfe5)
core   0: 0x8000eadc (0x00001f17) auipc   t5, 0x1
core   0: 3 0x8000eadc (0x00001f17) x30 0x8000fadc
core   0: 0x8000eae0 (0x523f2223) sw      gp, 1316(t5)
core   0: 3 0x8000eae0 (0x523f2223) mem 0x80010000 0x00000001
core   0: 0x8000eae4 (0x0000bfe5) c.j     pc - 8
core   0: 3 0x8000eae4 (0xbfe5)
core   0: 0x8000eadc (0x00001f17) auipc   t5, 0x1
core   0: 3 0x8000eadc (0x00001f17) x30 0x8000fadc
core   0: 0x8000eae0 (0x523f2223) sw      gp, 1316(t5)
core   0: 3 0x8000eae0 (0x523f2223) mem 0x80010000 0x00000001
core   0: 0x8000eae4 (0x0000bfe5) c.j     pc - 8
core   0: 3 0x8000eae4 (0xbfe5)
core   0: 0x8000eadc (0x00001f17) auipc   t5, 0x1
core   0: 3 0x8000eadc (0x00001f17) x30 0x8000fadc
core   0: 0x8000eae0 (0x523f2223) sw      gp, 1316(t5)
core   0: 3 0x8000eae0 (0x523f2223) mem 0x80010000 0x00000001
core   0: 0x8000eae4 (0x0000bfe5) c.j     pc - 8
core   0: 3 0x8000eae4 (0xbfe5)
core   0: 0x8000eadc (0x00001f17) auipc   t5, 0x1
core   0: 3 0x8000eadc (0x00001f17) x30 0x8000fadc
core   0: 0x8000eae0 (0x523f2223) sw      gp, 1316(t5)
core   0: 3 0x8000eae0 (0x523f2223) mem 0x80010000 0x00000001
core   0: 0x8000eae4 (0x0000bfe5) c.j     pc - 8
core   0: 3 0x8000eae4 (0xbfe5)
core   0: 0x8000eadc (0x00001f17) auipc   t5, 0x1
core   0: 3 0x8000eadc (0x00001f17) x30 0x8000fadc
core   0: 0x8000eae0 (0x523f2223) sw      gp, 1316(t5)
core   0: 3 0x8000eae0 (0x523f2223) mem 0x80010000 0x00000001
core   0: 0x8000eae4 (0x0000bfe5) c.j     pc - 8
core   0: 3 0x8000eae4 (0xbfe5)
core   0: 0x8000eadc (0x00001f17) auipc   t5, 0x1
core   0: 3 0x8000eadc (0x00001f17) x30 0x8000fadc
core   0: 0x8000eae0 (0x523f2223) sw      gp, 1316(t5)
core   0: 3 0x8000eae0 (0x523f2223) mem 0x80010000 0x00000001
core   0: 0x8000eae4 (0x0000bfe5) c.j     pc - 8
core   0: 3 0x8000eae4 (0xbfe5)
core   0: 0x8000eadc (0x00001f17) auipc   t5, 0x1
core   0: 3 0x8000eadc (0x00001f17) x30 0x8000fadc
core   0: 0x8000eae0 (0x523f2223) sw      gp, 1316(t5)
core   0: 3 0x8000eae0 (0x523f2223) mem 0x80010000 0x00000001
core   0: 0x8000eae4 (0x0000bfe5) c.j     pc - 8
core   0: 3 0x8000eae4 (0xbfe5)
core   0: 0x8000eadc (0x00001f17) auipc   t5, 0x1
core   0: 3 0x8000eadc (0x00001f17) x30 0x8000fadc
core   0: 0x8000eae0 (0x523f2223) sw      gp, 1316(t5)
core   0: 3 0x8000eae0 (0x523f2223) mem 0x80010000 0x00000001
core   0: 0x8000eae4 (0x0000bfe5) c.j     pc - 8
core   0: 3 0x8000eae4 (0xbfe5)
core   0: 0x8000eadc (0x00001f17) auipc   t5, 0x1
core   0: 3 0x8000eadc (0x00001f17) x30 0x8000fadc
core   0: 0x8000eae0 (0x523f2223) sw      gp, 1316(t5)
core   0: 3 0x8000eae0 (0x523f2223) mem 0x80010000 0x00000001
core   0: 0x8000eae4 (0x0000bfe5) c.j     pc - 8
core   0: 3 0x8000eae4 (0xbfe5)
core   0: 0x8000eadc (0x00001f17) auipc   t5, 0x1
core   0: 3 0x8000eadc (0x00001f17) x30 0x8000fadc
core   0: 0x8000eae0 (0x523f2223) sw      gp, 1316(t5)
core   0: 3 0x8000eae0 (0x523f2223) mem 0x80010000 0x00000001
core   0: 0x8000eae4 (0x0000bfe5) c.j     pc - 8
core   0: 3 0x8000eae4 (0xbfe5)
core   0: 0x8000eadc (0x00001f17) auipc   t5, 0x1
core   0: 3 0x8000eadc (0x00001f17) x30 0x8000fadc
core   0: 0x8000eae0 (0x523f2223) sw      gp, 1316(t5)
core   0: 3 0x8000eae0 (0x523f2223) mem 0x80010000 0x00000001
core   0: 0x8000eae4 (0x0000bfe5) c.j     pc - 8
core   0: 3 0x8000eae4 (0xbfe5)
core   0: 0x8000eadc (0x00001f17) auipc   t5, 0x1
core   0: 3 0x8000eadc (0x00001f17) x30 0x8000fadc
core   0: 0x8000eae0 (0x523f2223) sw      gp, 1316(t5)
core   0: 3 0x8000eae0 (0x523f2223) mem 0x80010000 0x00000001
core   0: 0x8000eae4 (0x0000bfe5) c.j     pc - 8
core   0: 3 0x8000eae4 (0xbfe5)
core   0: 0x8000eadc (0x00001f17) auipc   t5, 0x1
core   0: 3 0x8000eadc (0x00001f17) x30 0x8000fadc
core   0: 0x8000eae0 (0x523f2223) sw      gp, 1316(t5)
core   0: 3 0x8000eae0 (0x523f2223) mem 0x80010000 0x00000001
core   0: 0x8000eae4 (0x0000bfe5) c.j     pc - 8
core   0: 3 0x8000eae4 (0xbfe5)
core   0: 0x8000eadc (0x00001f17) auipc   t5, 0x1
core   0: 3 0x8000eadc (0x00001f17) x30 0x8000fadc
core   0: 0x8000eae0 (0x523f2223) sw      gp, 1316(t5)
core   0: 3 0x8000eae0 (0x523f2223) mem 0x80010000 0x00000001
core   0: 0x8000eae4 (0x0000bfe5) c.j     pc - 8
core   0: 3 0x8000eae4 (0xbfe5)
core   0: 0x8000eadc (0x00001f17) auipc   t5, 0x1
core   0: 3 0x8000eadc (0x00001f17) x30 0x8000fadc
core   0: 0x8000eae0 (0x523f2223) sw      gp, 1316(t5)
core   0: 3 0x8000eae0 (0x523f2223) mem 0x80010000 0x00000001
core   0: 0x8000eae4 (0x0000bfe5) c.j     pc - 8
core   0: 3 0x8000eae4 (0xbfe5)
core   0: 0x8000eadc (0x00001f17) auipc   t5, 0x1
core   0: 3 0x8000eadc (0x00001f17) x30 0x8000fadc
core   0: 0x8000eae0 (0x523f2223) sw      gp, 1316(t5)
core   0: 3 0x8000eae0 (0x523f2223) mem 0x80010000 0x00000001
core   0: 0x8000eae4 (0x0000bfe5) c.j     pc - 8
core   0: 3 0x8000eae4 (0xbfe5)
core   0: 0x8000eadc (0x00001f17) auipc   t5, 0x1
core   0: 3 0x8000eadc (0x00001f17) x30 0x8000fadc
core   0: 0x8000eae0 (0x523f2223) sw      gp, 1316(t5)
core   0: 3 0x8000eae0 (0x523f2223) mem 0x80010000 0x00000001
core   0: 0x8000eae4 (0x0000bfe5) c.j     pc - 8
core   0: 3 0x8000eae4 (0xbfe5)
core   0: 0x8000eadc (0x00001f17) auipc   t5, 0x1
core   0: 3 0x8000eadc (0x00001f17) x30 0x8000fadc
core   0: 0x8000eae0 (0x523f2223) sw      gp, 1316(t5)
core   0: 3 0x8000eae0 (0x523f2223) mem 0x80010000 0x00000001
core   0: 0x8000eae4 (0x0000bfe5) c.j     pc - 8
core   0: 3 0x8000eae4 (0xbfe5)
core   0: 0x8000eadc (0x00001f17) auipc   t5, 0x1
core   0: 3 0x8000eadc (0x00001f17) x30 0x8000fadc
core   0: 0x8000eae0 (0x523f2223) sw      gp, 1316(t5)
core   0: 3 0x8000eae0 (0x523f2223) mem 0x80010000 0x00000001
core   0: 0x8000eae4 (0x0000bfe5) c.j     pc - 8
core   0: 3 0x8000eae4 (0xbfe5)
core   0: 0x8000eadc (0x00001f17) auipc   t5, 0x1
core   0: 3 0x8000eadc (0x00001f17) x30 0x8000fadc
core   0: 0x8000eae0 (0x523f2223) sw      gp, 1316(t5)
core   0: 3 0x8000eae0 (0x523f2223) mem 0x80010000 0x00000001
core   0: 0x8000eae4 (0x0000bfe5) c.j     pc - 8
core   0: 3 0x8000eae4 (0xbfe5)
core   0: 0x8000eadc (0x00001f17) auipc   t5, 0x1
core   0: 3 0x8000eadc (0x00001f17) x30 0x8000fadc
core   0: 0x8000eae0 (0x523f2223) sw      gp, 1316(t5)
core   0: 3 0x8000eae0 (0x523f2223) mem 0x80010000 0x00000001
core   0: 0x8000eae4 (0x0000bfe5) c.j     pc - 8
core   0: 3 0x8000eae4 (0xbfe5)
core   0: 0x8000eadc (0x00001f17) auipc   t5, 0x1
core   0: 3 0x8000eadc (0x00001f17) x30 0x8000fadc
core   0: 0x8000eae0 (0x523f2223) sw      gp, 1316(t5)
core   0: 3 0x8000eae0 (0x523f2223) mem 0x80010000 0x00000001
core   0: 0x8000eae4 (0x0000bfe5) c.j     pc - 8
core   0: 3 0x8000eae4 (0xbfe5)
core   0: 0x8000eadc (0x00001f17) auipc   t5, 0x1
core   0: 3 0x8000eadc (0x00001f17) x30 0x8000fadc
core   0: 0x8000eae0 (0x523f2223) sw      gp, 1316(t5)
core   0: 3 0x8000eae0 (0x523f2223) mem 0x80010000 0x00000001
core   0: 0x8000eae4 (0x0000bfe5) c.j     pc - 8
core   0: 3 0x8000eae4 (0xbfe5)
core   0: 0x8000eadc (0x00001f17) auipc   t5, 0x1
core   0: 3 0x8000eadc (0x00001f17) x30 0x8000fadc
core   0: 0x8000eae0 (0x523f2223) sw      gp, 1316(t5)
core   0: 3 0x8000eae0 (0x523f2223) mem 0x80010000 0x00000001
core   0: 0x8000eae4 (0x0000bfe5) c.j     pc - 8
core   0: 3 0x8000eae4 (0xbfe5)
core   0: 0x8000eadc (0x00001f17) auipc   t5, 0x1
core   0: 3 0x8000eadc (0x00001f17) x30 0x8000fadc
core   0: 0x8000eae0 (0x523f2223) sw      gp, 1316(t5)
core   0: 3 0x8000eae0 (0x523f2223) mem 0x80010000 0x00000001
core   0: 0x8000eae4 (0x0000bfe5) c.j     pc - 8
core   0: 3 0x8000eae4 (0xbfe5)
core   0: 0x8000eadc (0x00001f17) auipc   t5, 0x1
core   0: 3 0x8000eadc (0x00001f17) x30 0x8000fadc
core   0: 0x8000eae0 (0x523f2223) sw      gp, 1316(t5)
core   0: 3 0x8000eae0 (0x523f2223) mem 0x80010000 0x00000001
core   0: 0x8000eae4 (0x0000bfe5) c.j     pc - 8
core   0: 3 0x8000eae4 (0xbfe5)
core   0: 0x8000eadc (0x00001f17) auipc   t5, 0x1
core   0: 3 0x8000eadc (0x00001f17) x30 0x8000fadc
core   0: 0x8000eae0 (0x523f2223) sw      gp, 1316(t5)
core   0: 3 0x8000eae0 (0x523f2223) mem 0x80010000 0x00000001
core   0: 0x8000eae4 (0x0000bfe5) c.j     pc - 8
core   0: 3 0x8000eae4 (0xbfe5)
core   0: 0x8000eadc (0x00001f17) auipc   t5, 0x1
core   0: 3 0x8000eadc (0x00001f17) x30 0x8000fadc
core   0: 0x8000eae0 (0x523f2223) sw      gp, 1316(t5)
core   0: 3 0x8000eae0 (0x523f2223) mem 0x80010000 0x00000001
core   0: 0x8000eae4 (0x0000bfe5) c.j     pc - 8
core   0: 3 0x8000eae4 (0xbfe5)
core   0: 0x8000eadc (0x00001f17) auipc   t5, 0x1
core   0: 3 0x8000eadc (0x00001f17) x30 0x8000fadc
core   0: 0x8000eae0 (0x523f2223) sw      gp, 1316(t5)
core   0: 3 0x8000eae0 (0x523f2223) mem 0x80010000 0x00000001
core   0: 0x8000eae4 (0x0000bfe5) c.j     pc - 8
core   0: 3 0x8000eae4 (0xbfe5)
core   0: 0x8000eadc (0x00001f17) auipc   t5, 0x1
core   0: 3 0x8000eadc (0x00001f17) x30 0x8000fadc
core   0: 0x8000eae0 (0x523f2223) sw      gp, 1316(t5)
core   0: 3 0x8000eae0 (0x523f2223) mem 0x80010000 0x00000001
core   0: 0x8000eae4 (0x0000bfe5) c.j     pc - 8
core   0: 3 0x8000eae4 (0xbfe5)
core   0: 0x8000eadc (0x00001f17) auipc   t5, 0x1
core   0: 3 0x8000eadc (0x00001f17) x30 0x8000fadc
core   0: 0x8000eae0 (0x523f2223) sw      gp, 1316(t5)
core   0: 3 0x8000eae0 (0x523f2223) mem 0x80010000 0x00000001
core   0: 0x8000eae4 (0x0000bfe5) c.j     pc - 8
core   0: 3 0x8000eae4 (0xbfe5)
core   0: 0x8000eadc (0x00001f17) auipc   t5, 0x1
core   0: 3 0x8000eadc (0x00001f17) x30 0x8000fadc
core   0: 0x8000eae0 (0x523f2223) sw      gp, 1316(t5)
core   0: 3 0x8000eae0 (0x523f2223) mem 0x80010000 0x00000001
core   0: 0x8000eae4 (0x0000bfe5) c.j     pc - 8
core   0: 3 0x8000eae4 (0xbfe5)
core   0: 0x8000eadc (0x00001f17) auipc   t5, 0x1
core   0: 3 0x8000eadc (0x00001f17) x30 0x8000fadc
core   0: 0x8000eae0 (0x523f2223) sw      gp, 1316(t5)
core   0: 3 0x8000eae0 (0x523f2223) mem 0x80010000 0x00000001
core   0: 0x8000eae4 (0x0000bfe5) c.j     pc - 8
core   0: 3 0x8000eae4 (0xbfe5)
core   0: 0x8000eadc (0x00001f17) auipc   t5, 0x1
core   0: 3 0x8000eadc (0x00001f17) x30 0x8000fadc
core   0: 0x8000eae0 (0x523f2223) sw      gp, 1316(t5)
core   0: 3 0x8000eae0 (0x523f2223) mem 0x80010000 0x00000001
core   0: 0x8000eae4 (0x0000bfe5) c.j     pc - 8
core   0: 3 0x8000eae4 (0xbfe5)
core   0: 0x8000eadc (0x00001f17) auipc   t5, 0x1
core   0: 3 0x8000eadc (0x00001f17) x30 0x8000fadc
core   0: 0x8000eae0 (0x523f2223) sw      gp, 1316(t5)
core   0: 3 0x8000eae0 (0x523f2223) mem 0x80010000 0x00000001
core   0: 0x8000eae4 (0x0000bfe5) c.j     pc - 8
core   0: 3 0x8000eae4 (0xbfe5)
core   0: 0x8000eadc (0x00001f17) auipc   t5, 0x1
core   0: 3 0x8000eadc (0x00001f17) x30 0x8000fadc
core   0: 0x8000eae0 (0x523f2223) sw      gp, 1316(t5)
core   0: 3 0x8000eae0 (0x523f2223) mem 0x80010000 0x00000001
core   0: 0x8000eae4 (0x0000bfe5) c.j     pc - 8
core   0: 3 0x8000eae4 (0xbfe5)
core   0: 0x8000eadc (0x00001f17) auipc   t5, 0x1
core   0: 3 0x8000eadc (0x00001f17) x30 0x8000fadc
core   0: 0x8000eae0 (0x523f2223) sw      gp, 1316(t5)
core   0: 3 0x8000eae0 (0x523f2223) mem 0x80010000 0x00000001
core   0: 0x8000eae4 (0x0000bfe5) c.j     pc - 8
core   0: 3 0x8000eae4 (0xbfe5)
core   0: 0x8000eadc (0x00001f17) auipc   t5, 0x1
core   0: 3 0x8000eadc (0x00001f17) x30 0x8000fadc
core   0: 0x8000eae0 (0x523f2223) sw      gp, 1316(t5)
core   0: 3 0x8000eae0 (0x523f2223) mem 0x80010000 0x00000001
core   0: 0x8000eae4 (0x0000bfe5) c.j     pc - 8
core   0: 3 0x8000eae4 (0xbfe5)
core   0: 0x8000eadc (0x00001f17) auipc   t5, 0x1
core   0: 3 0x8000eadc (0x00001f17) x30 0x8000fadc
core   0: 0x8000eae0 (0x523f2223) sw      gp, 1316(t5)
core   0: 3 0x8000eae0 (0x523f2223) mem 0x80010000 0x00000001
core   0: 0x8000eae4 (0x0000bfe5) c.j     pc - 8
core   0: 3 0x8000eae4 (0xbfe5)
core   0: 0x8000eadc (0x00001f17) auipc   t5, 0x1
core   0: 3 0x8000eadc (0x00001f17) x30 0x8000fadc
core   0: 0x8000eae0 (0x523f2223) sw      gp, 1316(t5)
core   0: 3 0x8000eae0 (0x523f2223) mem 0x80010000 0x00000001
core   0: 0x8000eae4 (0x0000bfe5) c.j     pc - 8
core   0: 3 0x8000eae4 (0xbfe5)
core   0: 0x8000eadc (0x00001f17) auipc   t5, 0x1
core   0: 3 0x8000eadc (0x00001f17) x30 0x8000fadc
core   0: 0x8000eae0 (0x523f2223) sw      gp, 1316(t5)
core   0: 3 0x8000eae0 (0x523f2223) mem 0x80010000 0x00000001
core   0: 0x8000eae4 (0x0000bfe5) c.j     pc - 8
core   0: 3 0x8000eae4 (0xbfe5)
core   0: 0x8000eadc (0x00001f17) auipc   t5, 0x1
core   0: 3 0x8000eadc (0x00001f17) x30 0x8000fadc
core   0: 0x8000eae0 (0x523f2223) sw      gp, 1316(t5)
core   0: 3 0x8000eae0 (0x523f2223) mem 0x80010000 0x00000001
core   0: 0x8000eae4 (0x0000bfe5) c.j     pc - 8
core   0: 3 0x8000eae4 (0xbfe5)
core   0: 0x8000eadc (0x00001f17) auipc   t5, 0x1
core   0: 3 0x8000eadc (0x00001f17) x30 0x8000fadc
core   0: 0x8000eae0 (0x523f2223) sw      gp, 1316(t5)
core   0: 3 0x8000eae0 (0x523f2223) mem 0x80010000 0x00000001
core   0: 0x8000eae4 (0x0000bfe5) c.j     pc - 8
core   0: 3 0x8000eae4 (0xbfe5)
core   0: 0x8000eadc (0x00001f17) auipc   t5, 0x1
core   0: 3 0x8000eadc (0x00001f17) x30 0x8000fadc
core   0: 0x8000eae0 (0x523f2223) sw      gp, 1316(t5)
core   0: 3 0x8000eae0 (0x523f2223) mem 0x80010000 0x00000001
core   0: 0x8000eae4 (0x0000bfe5) c.j     pc - 8
core   0: 3 0x8000eae4 (0xbfe5)
core   0: 0x8000eadc (0x00001f17) auipc   t5, 0x1
core   0: 3 0x8000eadc (0x00001f17) x30 0x8000fadc
core   0: 0x8000eae0 (0x523f2223) sw      gp, 1316(t5)
core   0: 3 0x8000eae0 (0x523f2223) mem 0x80010000 0x00000001
core   0: 0x8000eae4 (0x0000bfe5) c.j     pc - 8
core   0: 3 0x8000eae4 (0xbfe5)
core   0: 0x8000eadc (0x00001f17) auipc   t5, 0x1
core   0: 3 0x8000eadc (0x00001f17) x30 0x8000fadc
core   0: 0x8000eae0 (0x523f2223) sw      gp, 1316(t5)
core   0: 3 0x8000eae0 (0x523f2223) mem 0x80010000 0x00000001
core   0: 0x8000eae4 (0x0000bfe5) c.j     pc - 8
core   0: 3 0x8000eae4 (0xbfe5)
core   0: 0x8000eadc (0x00001f17) auipc   t5, 0x1
core   0: 3 0x8000eadc (0x00001f17) x30 0x8000fadc
core   0: 0x8000eae0 (0x523f2223) sw      gp, 1316(t5)
core   0: 3 0x8000eae0 (0x523f2223) mem 0x80010000 0x00000001
core   0: 0x8000eae4 (0x0000bfe5) c.j     pc - 8
core   0: 3 0x8000eae4 (0xbfe5)
core   0: 0x8000eadc (0x00001f17) auipc   t5, 0x1
core   0: 3 0x8000eadc (0x00001f17) x30 0x8000fadc
core   0: 0x8000eae0 (0x523f2223) sw      gp, 1316(t5)
core   0: 3 0x8000eae0 (0x523f2223) mem 0x80010000 0x00000001
core   0: 0x8000eae4 (0x0000bfe5) c.j     pc - 8
core   0: 3 0x8000eae4 (0xbfe5)
core   0: 0x8000eadc (0x00001f17) auipc   t5, 0x1
core   0: 3 0x8000eadc (0x00001f17) x30 0x8000fadc
core   0: 0x8000eae0 (0x523f2223) sw      gp, 1316(t5)
core   0: 3 0x8000eae0 (0x523f2223) mem 0x80010000 0x00000001
core   0: 0x8000eae4 (0x0000bfe5) c.j     pc - 8
core   0: 3 0x8000eae4 (0xbfe5)
core   0: 0x8000eadc (0x00001f17) auipc   t5, 0x1
core   0: 3 0x8000eadc (0x00001f17) x30 0x8000fadc
core   0: 0x8000eae0 (0x523f2223) sw      gp, 1316(t5)
core   0: 3 0x8000eae0 (0x523f2223) mem 0x80010000 0x00000001
core   0: 0x8000eae4 (0x0000bfe5) c.j     pc - 8
core   0: 3 0x8000eae4 (0xbfe5)
core   0: 0x8000eadc (0x00001f17) auipc   t5, 0x1
core   0: 3 0x8000eadc (0x00001f17) x30 0x8000fadc
core   0: 0x8000eae0 (0x523f2223) sw      gp, 1316(t5)
core   0: 3 0x8000eae0 (0x523f2223) mem 0x80010000 0x00000001
core   0: 0x8000eae4 (0x0000bfe5) c.j     pc - 8
core   0: 3 0x8000eae4 (0xbfe5)
core   0: 0x8000eadc (0x00001f17) auipc   t5, 0x1
core   0: 3 0x8000eadc (0x00001f17) x30 0x8000fadc
core   0: 0x8000eae0 (0x523f2223) sw      gp, 1316(t5)
core   0: 3 0x8000eae0 (0x523f2223) mem 0x80010000 0x00000001
core   0: 0x8000eae4 (0x0000bfe5) c.j     pc - 8
core   0: 3 0x8000eae4 (0xbfe5)
core   0: 0x8000eadc (0x00001f17) auipc   t5, 0x1
core   0: 3 0x8000eadc (0x00001f17) x30 0x8000fadc
core   0: 0x8000eae0 (0x523f2223) sw      gp, 1316(t5)
core   0: 3 0x8000eae0 (0x523f2223) mem 0x80010000 0x00000001
core   0: 0x8000eae4 (0x0000bfe5) c.j     pc - 8
core   0: 3 0x8000eae4 (0xbfe5)
core   0: 0x8000eadc (0x00001f17) auipc   t5, 0x1
core   0: 3 0x8000eadc (0x00001f17) x30 0x8000fadc
core   0: 0x8000eae0 (0x523f2223) sw      gp, 1316(t5)
core   0: 3 0x8000eae0 (0x523f2223) mem 0x80010000 0x00000001
core   0: 0x8000eae4 (0x0000bfe5) c.j     pc - 8
core   0: 3 0x8000eae4 (0xbfe5)
core   0: 0x8000eadc (0x00001f17) auipc   t5, 0x1
core   0: 3 0x8000eadc (0x00001f17) x30 0x8000fadc
core   0: 0x8000eae0 (0x523f2223) sw      gp, 1316(t5)
core   0: 3 0x8000eae0 (0x523f2223) mem 0x80010000 0x00000001
core   0: 0x8000eae4 (0x0000bfe5) c.j     pc - 8
core   0: 3 0x8000eae4 (0xbfe5)
core   0: 0x8000eadc (0x00001f17) auipc   t5, 0x1
core   0: 3 0x8000eadc (0x00001f17) x30 0x8000fadc
core   0: 0x8000eae0 (0x523f2223) sw      gp, 1316(t5)
core   0: 3 0x8000eae0 (0x523f2223) mem 0x80010000 0x00000001
core   0: 0x8000eae4 (0x0000bfe5) c.j     pc - 8
core   0: 3 0x8000eae4 (0xbfe5)
core   0: 0x8000eadc (0x00001f17) auipc   t5, 0x1
core   0: 3 0x8000eadc (0x00001f17) x30 0x8000fadc
core   0: 0x8000eae0 (0x523f2223) sw      gp, 1316(t5)
core   0: 3 0x8000eae0 (0x523f2223) mem 0x80010000 0x00000001
core   0: 0x8000eae4 (0x0000bfe5) c.j     pc - 8
core   0: 3 0x8000eae4 (0xbfe5)
core   0: 0x8000eadc (0x00001f17) auipc   t5, 0x1
core   0: 3 0x8000eadc (0x00001f17) x30 0x8000fadc
core   0: 0x8000eae0 (0x523f2223) sw      gp, 1316(t5)
core   0: 3 0x8000eae0 (0x523f2223) mem 0x80010000 0x00000001
core   0: 0x8000eae4 (0x0000bfe5) c.j     pc - 8
core   0: 3 0x8000eae4 (0xbfe5)
core   0: 0x8000eadc (0x00001f17) auipc   t5, 0x1
core   0: 3 0x8000eadc (0x00001f17) x30 0x8000fadc
core   0: 0x8000eae0 (0x523f2223) sw      gp, 1316(t5)
core   0: 3 0x8000eae0 (0x523f2223) mem 0x80010000 0x00000001
core   0: 0x8000eae4 (0x0000bfe5) c.j     pc - 8
core   0: 3 0x8000eae4 (0xbfe5)
core   0: 0x8000eadc (0x00001f17) auipc   t5, 0x1
core   0: 3 0x8000eadc (0x00001f17) x30 0x8000fadc
core   0: 0x8000eae0 (0x523f2223) sw      gp, 1316(t5)
core   0: 3 0x8000eae0 (0x523f2223) mem 0x80010000 0x00000001
core   0: 0x8000eae4 (0x0000bfe5) c.j     pc - 8
core   0: 3 0x8000eae4 (0xbfe5)
core   0: 0x8000eadc (0x00001f17) auipc   t5, 0x1
core   0: 3 0x8000eadc (0x00001f17) x30 0x8000fadc
core   0: 0x8000eae0 (0x523f2223) sw      gp, 1316(t5)
core   0: 3 0x8000eae0 (0x523f2223) mem 0x80010000 0x00000001
core   0: 0x8000eae4 (0x0000bfe5) c.j     pc - 8
core   0: 3 0x8000eae4 (0xbfe5)
core   0: 0x8000eadc (0x00001f17) auipc   t5, 0x1
core   0: 3 0x8000eadc (0x00001f17) x30 0x8000fadc
core   0: 0x8000eae0 (0x523f2223) sw      gp, 1316(t5)
core   0: 3 0x8000eae0 (0x523f2223) mem 0x80010000 0x00000001
core   0: 0x8000eae4 (0x0000bfe5) c.j     pc - 8
core   0: 3 0x8000eae4 (0xbfe5)
core   0: 0x8000eadc (0x00001f17) auipc   t5, 0x1
core   0: 3 0x8000eadc (0x00001f17) x30 0x8000fadc
core   0: 0x8000eae0 (0x523f2223) sw      gp, 1316(t5)
core   0: 3 0x8000eae0 (0x523f2223) mem 0x80010000 0x00000001
core   0: 0x8000eae4 (0x0000bfe5) c.j     pc - 8
core   0: 3 0x8000eae4 (0xbfe5)
core   0: 0x8000eadc (0x00001f17) auipc   t5, 0x1
core   0: 3 0x8000eadc (0x00001f17) x30 0x8000fadc
core   0: 0x8000eae0 (0x523f2223) sw      gp, 1316(t5)
core   0: 3 0x8000eae0 (0x523f2223) mem 0x80010000 0x00000001
core   0: 0x8000eae4 (0x0000bfe5) c.j     pc - 8
core   0: 3 0x8000eae4 (0xbfe5)
core   0: 0x8000eadc (0x00001f17) auipc   t5, 0x1
core   0: 3 0x8000eadc (0x00001f17) x30 0x8000fadc
core   0: 0x8000eae0 (0x523f2223) sw      gp, 1316(t5)
core   0: 3 0x8000eae0 (0x523f2223) mem 0x80010000 0x00000001
core   0: 0x8000eae4 (0x0000bfe5) c.j     pc - 8
core   0: 3 0x8000eae4 (0xbfe5)
core   0: 0x8000eadc (0x00001f17) auipc   t5, 0x1
core   0: 3 0x8000eadc (0x00001f17) x30 0x8000fadc
core   0: 0x8000eae0 (0x523f2223) sw      gp, 1316(t5)
core   0: 3 0x8000eae0 (0x523f2223) mem 0x80010000 0x00000001
core   0: 0x8000eae4 (0x0000bfe5) c.j     pc - 8
core   0: 3 0x8000eae4 (0xbfe5)
core   0: 0x8000eadc (0x00001f17) auipc   t5, 0x1
core   0: 3 0x8000eadc (0x00001f17) x30 0x8000fadc
core   0: 0x8000eae0 (0x523f2223) sw      gp, 1316(t5)
core   0: 3 0x8000eae0 (0x523f2223) mem 0x80010000 0x00000001
core   0: 0x8000eae4 (0x0000bfe5) c.j     pc - 8
core   0: 3 0x8000eae4 (0xbfe5)
core   0: 0x8000eadc (0x00001f17) auipc   t5, 0x1
core   0: 3 0x8000eadc (0x00001f17) x30 0x8000fadc
core   0: 0x8000eae0 (0x523f2223) sw      gp, 1316(t5)
core   0: 3 0x8000eae0 (0x523f2223) mem 0x80010000 0x00000001
core   0: 0x8000eae4 (0x0000bfe5) c.j     pc - 8
core   0: 3 0x8000eae4 (0xbfe5)
core   0: 0x8000eadc (0x00001f17) auipc   t5, 0x1
core   0: 3 0x8000eadc (0x00001f17) x30 0x8000fadc
core   0: 0x8000eae0 (0x523f2223) sw      gp, 1316(t5)
core   0: 3 0x8000eae0 (0x523f2223) mem 0x80010000 0x00000001
core   0: 0x8000eae4 (0x0000bfe5) c.j     pc - 8
core   0: 3 0x8000eae4 (0xbfe5)
core   0: 0x8000eadc (0x00001f17) auipc   t5, 0x1
core   0: 3 0x8000eadc (0x00001f17) x30 0x8000fadc
core   0: 0x8000eae0 (0x523f2223) sw      gp, 1316(t5)
core   0: 3 0x8000eae0 (0x523f2223) mem 0x80010000 0x00000001
core   0: 0x8000eae4 (0x0000bfe5) c.j     pc - 8
core   0: 3 0x8000eae4 (0xbfe5)
core   0: 0x8000eadc (0x00001f17) auipc   t5, 0x1
core   0: 3 0x8000eadc (0x00001f17) x30 0x8000fadc
core   0: 0x8000eae0 (0x523f2223) sw      gp, 1316(t5)
core   0: 3 0x8000eae0 (0x523f2223) mem 0x80010000 0x00000001
core   0: 0x8000eae4 (0x0000bfe5) c.j     pc - 8
core   0: 3 0x8000eae4 (0xbfe5)
core   0: 0x8000eadc (0x00001f17) auipc   t5, 0x1
core   0: 3 0x8000eadc (0x00001f17) x30 0x8000fadc
core   0: 0x8000eae0 (0x523f2223) sw      gp, 1316(t5)
core   0: 3 0x8000eae0 (0x523f2223) mem 0x80010000 0x00000001
core   0: 0x8000eae4 (0x0000bfe5) c.j     pc - 8
core   0: 3 0x8000eae4 (0xbfe5)
core   0: 0x8000eadc (0x00001f17) auipc   t5, 0x1
core   0: 3 0x8000eadc (0x00001f17) x30 0x8000fadc
core   0: 0x8000eae0 (0x523f2223) sw      gp, 1316(t5)
core   0: 3 0x8000eae0 (0x523f2223) mem 0x80010000 0x00000001
core   0: 0x8000eae4 (0x0000bfe5) c.j     pc - 8
core   0: 3 0x8000eae4 (0xbfe5)
core   0: 0x8000eadc (0x00001f17) auipc   t5, 0x1
core   0: 3 0x8000eadc (0x00001f17) x30 0x8000fadc
core   0: 0x8000eae0 (0x523f2223) sw      gp, 1316(t5)
core   0: 3 0x8000eae0 (0x523f2223) mem 0x80010000 0x00000001
core   0: 0x8000eae4 (0x0000bfe5) c.j     pc - 8
core   0: 3 0x8000eae4 (0xbfe5)
core   0: 0x8000eadc (0x00001f17) auipc   t5, 0x1
core   0: 3 0x8000eadc (0x00001f17) x30 0x8000fadc
core   0: 0x8000eae0 (0x523f2223) sw      gp, 1316(t5)
core   0: 3 0x8000eae0 (0x523f2223) mem 0x80010000 0x00000001
core   0: 0x8000eae4 (0x0000bfe5) c.j     pc - 8
core   0: 3 0x8000eae4 (0xbfe5)
core   0: 0x8000eadc (0x00001f17) auipc   t5, 0x1
core   0: 3 0x8000eadc (0x00001f17) x30 0x8000fadc
core   0: 0x8000eae0 (0x523f2223) sw      gp, 1316(t5)
core   0: 3 0x8000eae0 (0x523f2223) mem 0x80010000 0x00000001
core   0: 0x8000eae4 (0x0000bfe5) c.j     pc - 8
core   0: 3 0x8000eae4 (0xbfe5)
core   0: 0x8000eadc (0x00001f17) auipc   t5, 0x1
core   0: 3 0x8000eadc (0x00001f17) x30 0x8000fadc
core   0: 0x8000eae0 (0x523f2223) sw      gp, 1316(t5)
core   0: 3 0x8000eae0 (0x523f2223) mem 0x80010000 0x00000001
core   0: 0x8000eae4 (0x0000bfe5) c.j     pc - 8
core   0: 3 0x8000eae4 (0xbfe5)
core   0: 0x8000eadc (0x00001f17) auipc   t5, 0x1
core   0: 3 0x8000eadc (0x00001f17) x30 0x8000fadc
core   0: 0x8000eae0 (0x523f2223) sw      gp, 1316(t5)
core   0: 3 0x8000eae0 (0x523f2223) mem 0x80010000 0x00000001
core   0: 0x8000eae4 (0x0000bfe5) c.j     pc - 8
core   0: 3 0x8000eae4 (0xbfe5)
core   0: 0x8000eadc (0x00001f17) auipc   t5, 0x1
core   0: 3 0x8000eadc (0x00001f17) x30 0x8000fadc
core   0: 0x8000eae0 (0x523f2223) sw      gp, 1316(t5)
core   0: 3 0x8000eae0 (0x523f2223) mem 0x80010000 0x00000001
core   0: 0x8000eae4 (0x0000bfe5) c.j     pc - 8
core   0: 3 0x8000eae4 (0xbfe5)
core   0: 0x8000eadc (0x00001f17) auipc   t5, 0x1
core   0: 3 0x8000eadc (0x00001f17) x30 0x8000fadc
core   0: 0x8000eae0 (0x523f2223) sw      gp, 1316(t5)
core   0: 3 0x8000eae0 (0x523f2223) mem 0x80010000 0x00000001
core   0: 0x8000eae4 (0x0000bfe5) c.j     pc - 8
core   0: 3 0x8000eae4 (0xbfe5)
core   0: 0x8000eadc (0x00001f17) auipc   t5, 0x1
core   0: 3 0x8000eadc (0x00001f17) x30 0x8000fadc
core   0: 0x8000eae0 (0x523f2223) sw      gp, 1316(t5)
core   0: 3 0x8000eae0 (0x523f2223) mem 0x80010000 0x00000001
core   0: 0x8000eae4 (0x0000bfe5) c.j     pc - 8
core   0: 3 0x8000eae4 (0xbfe5)
core   0: 0x8000eadc (0x00001f17) auipc   t5, 0x1
core   0: 3 0x8000eadc (0x00001f17) x30 0x8000fadc
core   0: 0x8000eae0 (0x523f2223) sw      gp, 1316(t5)
core   0: 3 0x8000eae0 (0x523f2223) mem 0x80010000 0x00000001
core   0: 0x8000eae4 (0x0000bfe5) c.j     pc - 8
core   0: 3 0x8000eae4 (0xbfe5)
core   0: 0x8000eadc (0x00001f17) auipc   t5, 0x1
core   0: 3 0x8000eadc (0x00001f17) x30 0x8000fadc
core   0: 0x8000eae0 (0x523f2223) sw      gp, 1316(t5)
core   0: 3 0x8000eae0 (0x523f2223) mem 0x80010000 0x00000001
core   0: 0x8000eae4 (0x0000bfe5) c.j     pc - 8
core   0: 3 0x8000eae4 (0xbfe5)
core   0: 0x8000eadc (0x00001f17) auipc   t5, 0x1
core   0: 3 0x8000eadc (0x00001f17) x30 0x8000fadc
core   0: 0x8000eae0 (0x523f2223) sw      gp, 1316(t5)
core   0: 3 0x8000eae0 (0x523f2223) mem 0x80010000 0x00000001
core   0: 0x8000eae4 (0x0000bfe5) c.j     pc - 8
core   0: 3 0x8000eae4 (0xbfe5)
core   0: 0x8000eadc (0x00001f17) auipc   t5, 0x1
core   0: 3 0x8000eadc (0x00001f17) x30 0x8000fadc
core   0: 0x8000eae0 (0x523f2223) sw      gp, 1316(t5)
core   0: 3 0x8000eae0 (0x523f2223) mem 0x80010000 0x00000001
core   0: 0x8000eae4 (0x0000bfe5) c.j     pc - 8
core   0: 3 0x8000eae4 (0xbfe5)
core   0: 0x8000eadc (0x00001f17) auipc   t5, 0x1
core   0: 3 0x8000eadc (0x00001f17) x30 0x8000fadc
core   0: 0x8000eae0 (0x523f2223) sw      gp, 1316(t5)
core   0: 3 0x8000eae0 (0x523f2223) mem 0x80010000 0x00000001
core   0: 0x8000eae4 (0x0000bfe5) c.j     pc - 8
core   0: 3 0x8000eae4 (0xbfe5)
core   0: 0x8000eadc (0x00001f17) auipc   t5, 0x1
core   0: 3 0x8000eadc (0x00001f17) x30 0x8000fadc
core   0: 0x8000eae0 (0x523f2223) sw      gp, 1316(t5)
core   0: 3 0x8000eae0 (0x523f2223) mem 0x80010000 0x00000001
core   0: 0x8000eae4 (0x0000bfe5) c.j     pc - 8
core   0: 3 0x8000eae4 (0xbfe5)
core   0: 0x8000eadc (0x00001f17) auipc   t5, 0x1
core   0: 3 0x8000eadc (0x00001f17) x30 0x8000fadc
core   0: 0x8000eae0 (0x523f2223) sw      gp, 1316(t5)
core   0: 3 0x8000eae0 (0x523f2223) mem 0x80010000 0x00000001
core   0: 0x8000eae4 (0x0000bfe5) c.j     pc - 8
core   0: 3 0x8000eae4 (0xbfe5)
core   0: 0x8000eadc (0x00001f17) auipc   t5, 0x1
core   0: 3 0x8000eadc (0x00001f17) x30 0x8000fadc
core   0: 0x8000eae0 (0x523f2223) sw      gp, 1316(t5)
core   0: 3 0x8000eae0 (0x523f2223) mem 0x80010000 0x00000001
core   0: 0x8000eae4 (0x0000bfe5) c.j     pc - 8
core   0: 3 0x8000eae4 (0xbfe5)
core   0: 0x8000eadc (0x00001f17) auipc   t5, 0x1
core   0: 3 0x8000eadc (0x00001f17) x30 0x8000fadc
core   0: 0x8000eae0 (0x523f2223) sw      gp, 1316(t5)
core   0: 3 0x8000eae0 (0x523f2223) mem 0x80010000 0x00000001
core   0: 0x8000eae4 (0x0000bfe5) c.j     pc - 8
core   0: 3 0x8000eae4 (0xbfe5)
core   0: 0x8000eadc (0x00001f17) auipc   t5, 0x1
core   0: 3 0x8000eadc (0x00001f17) x30 0x8000fadc
core   0: 0x8000eae0 (0x523f2223) sw      gp, 1316(t5)
core   0: 3 0x8000eae0 (0x523f2223) mem 0x80010000 0x00000001
core   0: 0x8000eae4 (0x0000bfe5) c.j     pc - 8
core   0: 3 0x8000eae4 (0xbfe5)
core   0: 0x8000eadc (0x00001f17) auipc   t5, 0x1
core   0: 3 0x8000eadc (0x00001f17) x30 0x8000fadc
core   0: 0x8000eae0 (0x523f2223) sw      gp, 1316(t5)
core   0: 3 0x8000eae0 (0x523f2223) mem 0x80010000 0x00000001
core   0: 0x8000eae4 (0x0000bfe5) c.j     pc - 8
core   0: 3 0x8000eae4 (0xbfe5)
core   0: 0x8000eadc (0x00001f17) auipc   t5, 0x1
core   0: 3 0x8000eadc (0x00001f17) x30 0x8000fadc
core   0: 0x8000eae0 (0x523f2223) sw      gp, 1316(t5)
core   0: 3 0x8000eae0 (0x523f2223) mem 0x80010000 0x00000001
core   0: 0x8000eae4 (0x0000bfe5) c.j     pc - 8
core   0: 3 0x8000eae4 (0xbfe5)
core   0: 0x8000eadc (0x00001f17) auipc   t5, 0x1
core   0: 3 0x8000eadc (0x00001f17) x30 0x8000fadc
core   0: 0x8000eae0 (0x523f2223) sw      gp, 1316(t5)
core   0: 3 0x8000eae0 (0x523f2223) mem 0x80010000 0x00000001
core   0: 0x8000eae4 (0x0000bfe5) c.j     pc - 8
core   0: 3 0x8000eae4 (0xbfe5)
core   0: 0x8000eadc (0x00001f17) auipc   t5, 0x1
core   0: 3 0x8000eadc (0x00001f17) x30 0x8000fadc
core   0: 0x8000eae0 (0x523f2223) sw      gp, 1316(t5)
core   0: 3 0x8000eae0 (0x523f2223) mem 0x80010000 0x00000001
core   0: 0x8000eae4 (0x0000bfe5) c.j     pc - 8
core   0: 3 0x8000eae4 (0xbfe5)
core   0: 0x8000eadc (0x00001f17) auipc   t5, 0x1
core   0: 3 0x8000eadc (0x00001f17) x30 0x8000fadc
core   0: 0x8000eae0 (0x523f2223) sw      gp, 1316(t5)
core   0: 3 0x8000eae0 (0x523f2223) mem 0x80010000 0x00000001
core   0: 0x8000eae4 (0x0000bfe5) c.j     pc - 8
core   0: 3 0x8000eae4 (0xbfe5)
core   0: 0x8000eadc (0x00001f17) auipc   t5, 0x1
core   0: 3 0x8000eadc (0x00001f17) x30 0x8000fadc
core   0: 0x8000eae0 (0x523f2223) sw      gp, 1316(t5)
core   0: 3 0x8000eae0 (0x523f2223) mem 0x80010000 0x00000001
core   0: 0x8000eae4 (0x0000bfe5) c.j     pc - 8
core   0: 3 0x8000eae4 (0xbfe5)
core   0: 0x8000eadc (0x00001f17) auipc   t5, 0x1
core   0: 3 0x8000eadc (0x00001f17) x30 0x8000fadc
core   0: 0x8000eae0 (0x523f2223) sw      gp, 1316(t5)
core   0: 3 0x8000eae0 (0x523f2223) mem 0x80010000 0x00000001
core   0: 0x8000eae4 (0x0000bfe5) c.j     pc - 8
core   0: 3 0x8000eae4 (0xbfe5)
core   0: 0x8000eadc (0x00001f17) auipc   t5, 0x1
core   0: 3 0x8000eadc (0x00001f17) x30 0x8000fadc
core   0: 0x8000eae0 (0x523f2223) sw      gp, 1316(t5)
core   0: 3 0x8000eae0 (0x523f2223) mem 0x80010000 0x00000001
core   0: 0x8000eae4 (0x0000bfe5) c.j     pc - 8
core   0: 3 0x8000eae4 (0xbfe5)
core   0: 0x8000eadc (0x00001f17) auipc   t5, 0x1
core   0: 3 0x8000eadc (0x00001f17) x30 0x8000fadc
core   0: 0x8000eae0 (0x523f2223) sw      gp, 1316(t5)
core   0: 3 0x8000eae0 (0x523f2223) mem 0x80010000 0x00000001
core   0: 0x8000eae4 (0x0000bfe5) c.j     pc - 8
core   0: 3 0x8000eae4 (0xbfe5)
core   0: 0x8000eadc (0x00001f17) auipc   t5, 0x1
core   0: 3 0x8000eadc (0x00001f17) x30 0x8000fadc
core   0: 0x8000eae0 (0x523f2223) sw      gp, 1316(t5)
core   0: 3 0x8000eae0 (0x523f2223) mem 0x80010000 0x00000001
core   0: 0x8000eae4 (0x0000bfe5) c.j     pc - 8
core   0: 3 0x8000eae4 (0xbfe5)
core   0: 0x8000eadc (0x00001f17) auipc   t5, 0x1
core   0: 3 0x8000eadc (0x00001f17) x30 0x8000fadc
core   0: 0x8000eae0 (0x523f2223) sw      gp, 1316(t5)
core   0: 3 0x8000eae0 (0x523f2223) mem 0x80010000 0x00000001
core   0: 0x8000eae4 (0x0000bfe5) c.j     pc - 8
core   0: 3 0x8000eae4 (0xbfe5)
core   0: 0x8000eadc (0x00001f17) auipc   t5, 0x1
core   0: 3 0x8000eadc (0x00001f17) x30 0x8000fadc
core   0: 0x8000eae0 (0x523f2223) sw      gp, 1316(t5)
core   0: 3 0x8000eae0 (0x523f2223) mem 0x80010000 0x00000001
core   0: 0x8000eae4 (0x0000bfe5) c.j     pc - 8
core   0: 3 0x8000eae4 (0xbfe5)
core   0: 0x8000eadc (0x00001f17) auipc   t5, 0x1
core   0: 3 0x8000eadc (0x00001f17) x30 0x8000fadc
core   0: 0x8000eae0 (0x523f2223) sw      gp, 1316(t5)
core   0: 3 0x8000eae0 (0x523f2223) mem 0x80010000 0x00000001
core   0: 0x8000eae4 (0x0000bfe5) c.j     pc - 8
core   0: 3 0x8000eae4 (0xbfe5)
core   0: 0x8000eadc (0x00001f17) auipc   t5, 0x1
core   0: 3 0x8000eadc (0x00001f17) x30 0x8000fadc
core   0: 0x8000eae0 (0x523f2223) sw      gp, 1316(t5)
core   0: 3 0x8000eae0 (0x523f2223) mem 0x80010000 0x00000001
core   0: 0x8000eae4 (0x0000bfe5) c.j     pc - 8
core   0: 3 0x8000eae4 (0xbfe5)
core   0: 0x8000eadc (0x00001f17) auipc   t5, 0x1
core   0: 3 0x8000eadc (0x00001f17) x30 0x8000fadc
core   0: 0x8000eae0 (0x523f2223) sw      gp, 1316(t5)
core   0: 3 0x8000eae0 (0x523f2223) mem 0x80010000 0x00000001
core   0: 0x8000eae4 (0x0000bfe5) c.j     pc - 8
core   0: 3 0x8000eae4 (0xbfe5)
core   0: 0x8000eadc (0x00001f17) auipc   t5, 0x1
core   0: 3 0x8000eadc (0x00001f17) x30 0x8000fadc
core   0: 0x8000eae0 (0x523f2223) sw      gp, 1316(t5)
core   0: 3 0x8000eae0 (0x523f2223) mem 0x80010000 0x00000001
core   0: 0x8000eae4 (0x0000bfe5) c.j     pc - 8
core   0: 3 0x8000eae4 (0xbfe5)
core   0: 0x8000eadc (0x00001f17) auipc   t5, 0x1
core   0: 3 0x8000eadc (0x00001f17) x30 0x8000fadc
core   0: 0x8000eae0 (0x523f2223) sw      gp, 1316(t5)
core   0: 3 0x8000eae0 (0x523f2223) mem 0x80010000 0x00000001
core   0: 0x8000eae4 (0x0000bfe5) c.j     pc - 8
core   0: 3 0x8000eae4 (0xbfe5)
core   0: 0x8000eadc (0x00001f17) auipc   t5, 0x1
core   0: 3 0x8000eadc (0x00001f17) x30 0x8000fadc
core   0: 0x8000eae0 (0x523f2223) sw      gp, 1316(t5)
core   0: 3 0x8000eae0 (0x523f2223) mem 0x80010000 0x00000001
core   0: 0x8000eae4 (0x0000bfe5) c.j     pc - 8
core   0: 3 0x8000eae4 (0xbfe5)
core   0: 0x8000eadc (0x00001f17) auipc   t5, 0x1
core   0: 3 0x8000eadc (0x00001f17) x30 0x8000fadc
core   0: 0x8000eae0 (0x523f2223) sw      gp, 1316(t5)
core   0: 3 0x8000eae0 (0x523f2223) mem 0x80010000 0x00000001
core   0: 0x8000eae4 (0x0000bfe5) c.j     pc - 8
core   0: 3 0x8000eae4 (0xbfe5)
core   0: 0x8000eadc (0x00001f17) auipc   t5, 0x1
core   0: 3 0x8000eadc (0x00001f17) x30 0x8000fadc
core   0: 0x8000eae0 (0x523f2223) sw      gp, 1316(t5)
core   0: 3 0x8000eae0 (0x523f2223) mem 0x80010000 0x00000001
core   0: 0x8000eae4 (0x0000bfe5) c.j     pc - 8
core   0: 3 0x8000eae4 (0xbfe5)
core   0: 0x8000eadc (0x00001f17) auipc   t5, 0x1
core   0: 3 0x8000eadc (0x00001f17) x30 0x8000fadc
core   0: 0x8000eae0 (0x523f2223) sw      gp, 1316(t5)
core   0: 3 0x8000eae0 (0x523f2223) mem 0x80010000 0x00000001
core   0: 0x8000eae4 (0x0000bfe5) c.j     pc - 8
core   0: 3 0x8000eae4 (0xbfe5)
core   0: 0x8000eadc (0x00001f17) auipc   t5, 0x1
core   0: 3 0x8000eadc (0x00001f17) x30 0x8000fadc
core   0: 0x8000eae0 (0x523f2223) sw      gp, 1316(t5)
core   0: 3 0x8000eae0 (0x523f2223) mem 0x80010000 0x00000001
core   0: 0x8000eae4 (0x0000bfe5) c.j     pc - 8
core   0: 3 0x8000eae4 (0xbfe5)
core   0: 0x8000eadc (0x00001f17) auipc   t5, 0x1
core   0: 3 0x8000eadc (0x00001f17) x30 0x8000fadc
core   0: 0x8000eae0 (0x523f2223) sw      gp, 1316(t5)
core   0: 3 0x8000eae0 (0x523f2223) mem 0x80010000 0x00000001
core   0: 0x8000eae4 (0x0000bfe5) c.j     pc - 8
core   0: 3 0x8000eae4 (0xbfe5)
core   0: 0x8000eadc (0x00001f17) auipc   t5, 0x1
core   0: 3 0x8000eadc (0x00001f17) x30 0x8000fadc
core   0: 0x8000eae0 (0x523f2223) sw      gp, 1316(t5)
core   0: 3 0x8000eae0 (0x523f2223) mem 0x80010000 0x00000001
core   0: 0x8000eae4 (0x0000bfe5) c.j     pc - 8
core   0: 3 0x8000eae4 (0xbfe5)
core   0: 0x8000eadc (0x00001f17) auipc   t5, 0x1
core   0: 3 0x8000eadc (0x00001f17) x30 0x8000fadc
core   0: 0x8000eae0 (0x523f2223) sw      gp, 1316(t5)
core   0: 3 0x8000eae0 (0x523f2223) mem 0x80010000 0x00000001
core   0: 0x8000eae4 (0x0000bfe5) c.j     pc - 8
core   0: 3 0x8000eae4 (0xbfe5)
core   0: 0x8000eadc (0x00001f17) auipc   t5, 0x1
core   0: 3 0x8000eadc (0x00001f17) x30 0x8000fadc
core   0: 0x8000eae0 (0x523f2223) sw      gp, 1316(t5)
core   0: 3 0x8000eae0 (0x523f2223) mem 0x80010000 0x00000001
core   0: 0x8000eae4 (0x0000bfe5) c.j     pc - 8
core   0: 3 0x8000eae4 (0xbfe5)
core   0: 0x8000eadc (0x00001f17) auipc   t5, 0x1
core   0: 3 0x8000eadc (0x00001f17) x30 0x8000fadc
core   0: 0x8000eae0 (0x523f2223) sw      gp, 1316(t5)
core   0: 3 0x8000eae0 (0x523f2223) mem 0x80010000 0x00000001
core   0: 0x8000eae4 (0x0000bfe5) c.j     pc - 8
core   0: 3 0x8000eae4 (0xbfe5)
core   0: 0x8000eadc (0x00001f17) auipc   t5, 0x1
core   0: 3 0x8000eadc (0x00001f17) x30 0x8000fadc
core   0: 0x8000eae0 (0x523f2223) sw      gp, 1316(t5)
core   0: 3 0x8000eae0 (0x523f2223) mem 0x80010000 0x00000001
core   0: 0x8000eae4 (0x0000bfe5) c.j     pc - 8
core   0: 3 0x8000eae4 (0xbfe5)
core   0: 0x8000eadc (0x00001f17) auipc   t5, 0x1
core   0: 3 0x8000eadc (0x00001f17) x30 0x8000fadc
core   0: 0x8000eae0 (0x523f2223) sw      gp, 1316(t5)
core   0: 3 0x8000eae0 (0x523f2223) mem 0x80010000 0x00000001
core   0: 0x8000eae4 (0x0000bfe5) c.j     pc - 8
core   0: 3 0x8000eae4 (0xbfe5)
core   0: 0x8000eadc (0x00001f17) auipc   t5, 0x1
core   0: 3 0x8000eadc (0x00001f17) x30 0x8000fadc
core   0: 0x8000eae0 (0x523f2223) sw      gp, 1316(t5)
core   0: 3 0x8000eae0 (0x523f2223) mem 0x80010000 0x00000001
core   0: 0x8000eae4 (0x0000bfe5) c.j     pc - 8
core   0: 3 0x8000eae4 (0xbfe5)
core   0: 0x8000eadc (0x00001f17) auipc   t5, 0x1
core   0: 3 0x8000eadc (0x00001f17) x30 0x8000fadc
core   0: 0x8000eae0 (0x523f2223) sw      gp, 1316(t5)
core   0: 3 0x8000eae0 (0x523f2223) mem 0x80010000 0x00000001
core   0: 0x8000eae4 (0x0000bfe5) c.j     pc - 8
core   0: 3 0x8000eae4 (0xbfe5)
core   0: 0x8000eadc (0x00001f17) auipc   t5, 0x1
core   0: 3 0x8000eadc (0x00001f17) x30 0x8000fadc
core   0: 0x8000eae0 (0x523f2223) sw      gp, 1316(t5)
core   0: 3 0x8000eae0 (0x523f2223) mem 0x80010000 0x00000001
core   0: 0x8000eae4 (0x0000bfe5) c.j     pc - 8
core   0: 3 0x8000eae4 (0xbfe5)
core   0: 0x8000eadc (0x00001f17) auipc   t5, 0x1
core   0: 3 0x8000eadc (0x00001f17) x30 0x8000fadc
core   0: 0x8000eae0 (0x523f2223) sw      gp, 1316(t5)
core   0: 3 0x8000eae0 (0x523f2223) mem 0x80010000 0x00000001
core   0: 0x8000eae4 (0x0000bfe5) c.j     pc - 8
core   0: 3 0x8000eae4 (0xbfe5)
core   0: 0x8000eadc (0x00001f17) auipc   t5, 0x1
core   0: 3 0x8000eadc (0x00001f17) x30 0x8000fadc
core   0: 0x8000eae0 (0x523f2223) sw      gp, 1316(t5)
core   0: 3 0x8000eae0 (0x523f2223) mem 0x80010000 0x00000001
core   0: 0x8000eae4 (0x0000bfe5) c.j     pc - 8
core   0: 3 0x8000eae4 (0xbfe5)
core   0: 0x8000eadc (0x00001f17) auipc   t5, 0x1
core   0: 3 0x8000eadc (0x00001f17) x30 0x8000fadc
core   0: 0x8000eae0 (0x523f2223) sw      gp, 1316(t5)
core   0: 3 0x8000eae0 (0x523f2223) mem 0x80010000 0x00000001
core   0: 0x8000eae4 (0x0000bfe5) c.j     pc - 8
core   0: 3 0x8000eae4 (0xbfe5)
core   0: 0x8000eadc (0x00001f17) auipc   t5, 0x1
core   0: 3 0x8000eadc (0x00001f17) x30 0x8000fadc
core   0: 0x8000eae0 (0x523f2223) sw      gp, 1316(t5)
core   0: 3 0x8000eae0 (0x523f2223) mem 0x80010000 0x00000001
core   0: 0x8000eae4 (0x0000bfe5) c.j     pc - 8
core   0: 3 0x8000eae4 (0xbfe5)
core   0: 0x8000eadc (0x00001f17) auipc   t5, 0x1
core   0: 3 0x8000eadc (0x00001f17) x30 0x8000fadc
core   0: 0x8000eae0 (0x523f2223) sw      gp, 1316(t5)
core   0: 3 0x8000eae0 (0x523f2223) mem 0x80010000 0x00000001
core   0: 0x8000eae4 (0x0000bfe5) c.j     pc - 8
core   0: 3 0x8000eae4 (0xbfe5)
core   0: 0x8000eadc (0x00001f17) auipc   t5, 0x1
core   0: 3 0x8000eadc (0x00001f17) x30 0x8000fadc
core   0: 0x8000eae0 (0x523f2223) sw      gp, 1316(t5)
core   0: 3 0x8000eae0 (0x523f2223) mem 0x80010000 0x00000001
core   0: 0x8000eae4 (0x0000bfe5) c.j     pc - 8
core   0: 3 0x8000eae4 (0xbfe5)
core   0: 0x8000eadc (0x00001f17) auipc   t5, 0x1
core   0: 3 0x8000eadc (0x00001f17) x30 0x8000fadc
core   0: 0x8000eae0 (0x523f2223) sw      gp, 1316(t5)
core   0: 3 0x8000eae0 (0x523f2223) mem 0x80010000 0x00000001
core   0: 0x8000eae4 (0x0000bfe5) c.j     pc - 8
core   0: 3 0x8000eae4 (0xbfe5)
core   0: 0x8000eadc (0x00001f17) auipc   t5, 0x1
core   0: 3 0x8000eadc (0x00001f17) x30 0x8000fadc
core   0: 0x8000eae0 (0x523f2223) sw      gp, 1316(t5)
core   0: 3 0x8000eae0 (0x523f2223) mem 0x80010000 0x00000001
core   0: 0x8000eae4 (0x0000bfe5) c.j     pc - 8
core   0: 3 0x8000eae4 (0xbfe5)
core   0: 0x8000eadc (0x00001f17) auipc   t5, 0x1
core   0: 3 0x8000eadc (0x00001f17) x30 0x8000fadc
core   0: 0x8000eae0 (0x523f2223) sw      gp, 1316(t5)
core   0: 3 0x8000eae0 (0x523f2223) mem 0x80010000 0x00000001
core   0: 0x8000eae4 (0x0000bfe5) c.j     pc - 8
core   0: 3 0x8000eae4 (0xbfe5)
core   0: 0x8000eadc (0x00001f17) auipc   t5, 0x1
core   0: 3 0x8000eadc (0x00001f17) x30 0x8000fadc
core   0: 0x8000eae0 (0x523f2223) sw      gp, 1316(t5)
core   0: 3 0x8000eae0 (0x523f2223) mem 0x80010000 0x00000001
core   0: 0x8000eae4 (0x0000bfe5) c.j     pc - 8
core   0: 3 0x8000eae4 (0xbfe5)
core   0: 0x8000eadc (0x00001f17) auipc   t5, 0x1
core   0: 3 0x8000eadc (0x00001f17) x30 0x8000fadc
core   0: 0x8000eae0 (0x523f2223) sw      gp, 1316(t5)
core   0: 3 0x8000eae0 (0x523f2223) mem 0x80010000 0x00000001
core   0: 0x8000eae4 (0x0000bfe5) c.j     pc - 8
core   0: 3 0x8000eae4 (0xbfe5)
core   0: 0x8000eadc (0x00001f17) auipc   t5, 0x1
core   0: 3 0x8000eadc (0x00001f17) x30 0x8000fadc
core   0: 0x8000eae0 (0x523f2223) sw      gp, 1316(t5)
core   0: 3 0x8000eae0 (0x523f2223) mem 0x80010000 0x00000001
core   0: 0x8000eae4 (0x0000bfe5) c.j     pc - 8
core   0: 3 0x8000eae4 (0xbfe5)
core   0: 0x8000eadc (0x00001f17) auipc   t5, 0x1
core   0: 3 0x8000eadc (0x00001f17) x30 0x8000fadc
core   0: 0x8000eae0 (0x523f2223) sw      gp, 1316(t5)
core   0: 3 0x8000eae0 (0x523f2223) mem 0x80010000 0x00000001
core   0: 0x8000eae4 (0x0000bfe5) c.j     pc - 8
core   0: 3 0x8000eae4 (0xbfe5)
core   0: 0x8000eadc (0x00001f17) auipc   t5, 0x1
core   0: 3 0x8000eadc (0x00001f17) x30 0x8000fadc
core   0: 0x8000eae0 (0x523f2223) sw      gp, 1316(t5)
core   0: 3 0x8000eae0 (0x523f2223) mem 0x80010000 0x00000001
core   0: 0x8000eae4 (0x0000bfe5) c.j     pc - 8
core   0: 3 0x8000eae4 (0xbfe5)
core   0: 0x8000eadc (0x00001f17) auipc   t5, 0x1
core   0: 3 0x8000eadc (0x00001f17) x30 0x8000fadc
core   0: 0x8000eae0 (0x523f2223) sw      gp, 1316(t5)
core   0: 3 0x8000eae0 (0x523f2223) mem 0x80010000 0x00000001
core   0: 0x8000eae4 (0x0000bfe5) c.j     pc - 8
core   0: 3 0x8000eae4 (0xbfe5)
core   0: 0x8000eadc (0x00001f17) auipc   t5, 0x1
core   0: 3 0x8000eadc (0x00001f17) x30 0x8000fadc
core   0: 0x8000eae0 (0x523f2223) sw      gp, 1316(t5)
core   0: 3 0x8000eae0 (0x523f2223) mem 0x80010000 0x00000001
core   0: 0x8000eae4 (0x0000bfe5) c.j     pc - 8
core   0: 3 0x8000eae4 (0xbfe5)
core   0: 0x8000eadc (0x00001f17) auipc   t5, 0x1
core   0: 3 0x8000eadc (0x00001f17) x30 0x8000fadc
core   0: 0x8000eae0 (0x523f2223) sw      gp, 1316(t5)
core   0: 3 0x8000eae0 (0x523f2223) mem 0x80010000 0x00000001
core   0: 0x8000eae4 (0x0000bfe5) c.j     pc - 8
core   0: 3 0x8000eae4 (0xbfe5)
core   0: 0x8000eadc (0x00001f17) auipc   t5, 0x1
core   0: 3 0x8000eadc (0x00001f17) x30 0x8000fadc
core   0: 0x8000eae0 (0x523f2223) sw      gp, 1316(t5)
core   0: 3 0x8000eae0 (0x523f2223) mem 0x80010000 0x00000001
core   0: 0x8000eae4 (0x0000bfe5) c.j     pc - 8
core   0: 3 0x8000eae4 (0xbfe5)
core   0: 0x8000eadc (0x00001f17) auipc   t5, 0x1
core   0: 3 0x8000eadc (0x00001f17) x30 0x8000fadc
core   0: 0x8000eae0 (0x523f2223) sw      gp, 1316(t5)
core   0: 3 0x8000eae0 (0x523f2223) mem 0x80010000 0x00000001
core   0: 0x8000eae4 (0x0000bfe5) c.j     pc - 8
core   0: 3 0x8000eae4 (0xbfe5)
core   0: 0x8000eadc (0x00001f17) auipc   t5, 0x1
core   0: 3 0x8000eadc (0x00001f17) x30 0x8000fadc
core   0: 0x8000eae0 (0x523f2223) sw      gp, 1316(t5)
core   0: 3 0x8000eae0 (0x523f2223) mem 0x80010000 0x00000001
core   0: 0x8000eae4 (0x0000bfe5) c.j     pc - 8
core   0: 3 0x8000eae4 (0xbfe5)
core   0: 0x8000eadc (0x00001f17) auipc   t5, 0x1
core   0: 3 0x8000eadc (0x00001f17) x30 0x8000fadc
core   0: 0x8000eae0 (0x523f2223) sw      gp, 1316(t5)
core   0: 3 0x8000eae0 (0x523f2223) mem 0x80010000 0x00000001
core   0: 0x8000eae4 (0x0000bfe5) c.j     pc - 8
core   0: 3 0x8000eae4 (0xbfe5)
core   0: 0x8000eadc (0x00001f17) auipc   t5, 0x1
core   0: 3 0x8000eadc (0x00001f17) x30 0x8000fadc
core   0: 0x8000eae0 (0x523f2223) sw      gp, 1316(t5)
core   0: 3 0x8000eae0 (0x523f2223) mem 0x80010000 0x00000001
core   0: 0x8000eae4 (0x0000bfe5) c.j     pc - 8
core   0: 3 0x8000eae4 (0xbfe5)
core   0: 0x8000eadc (0x00001f17) auipc   t5, 0x1
core   0: 3 0x8000eadc (0x00001f17) x30 0x8000fadc
core   0: 0x8000eae0 (0x523f2223) sw      gp, 1316(t5)
core   0: 3 0x8000eae0 (0x523f2223) mem 0x80010000 0x00000001
core   0: 0x8000eae4 (0x0000bfe5) c.j     pc - 8
core   0: 3 0x8000eae4 (0xbfe5)
core   0: 0x8000eadc (0x00001f17) auipc   t5, 0x1
core   0: 3 0x8000eadc (0x00001f17) x30 0x8000fadc
core   0: 0x8000eae0 (0x523f2223) sw      gp, 1316(t5)
core   0: 3 0x8000eae0 (0x523f2223) mem 0x80010000 0x00000001
core   0: 0x8000eae4 (0x0000bfe5) c.j     pc - 8
core   0: 3 0x8000eae4 (0xbfe5)
core   0: 0x8000eadc (0x00001f17) auipc   t5, 0x1
core   0: 3 0x8000eadc (0x00001f17) x30 0x8000fadc
core   0: 0x8000eae0 (0x523f2223) sw      gp, 1316(t5)
core   0: 3 0x8000eae0 (0x523f2223) mem 0x80010000 0x00000001
core   0: 0x8000eae4 (0x0000bfe5) c.j     pc - 8
core   0: 3 0x8000eae4 (0xbfe5)
core   0: 0x8000eadc (0x00001f17) auipc   t5, 0x1
core   0: 3 0x8000eadc (0x00001f17) x30 0x8000fadc
core   0: 0x8000eae0 (0x523f2223) sw      gp, 1316(t5)
core   0: 3 0x8000eae0 (0x523f2223) mem 0x80010000 0x00000001
core   0: 0x8000eae4 (0x0000bfe5) c.j     pc - 8
core   0: 3 0x8000eae4 (0xbfe5)
core   0: 0x8000eadc (0x00001f17) auipc   t5, 0x1
core   0: 3 0x8000eadc (0x00001f17) x30 0x8000fadc
core   0: 0x8000eae0 (0x523f2223) sw      gp, 1316(t5)
core   0: 3 0x8000eae0 (0x523f2223) mem 0x80010000 0x00000001
core   0: 0x8000eae4 (0x0000bfe5) c.j     pc - 8
core   0: 3 0x8000eae4 (0xbfe5)
core   0: 0x8000eadc (0x00001f17) auipc   t5, 0x1
core   0: 3 0x8000eadc (0x00001f17) x30 0x8000fadc
core   0: 0x8000eae0 (0x523f2223) sw      gp, 1316(t5)
core   0: 3 0x8000eae0 (0x523f2223) mem 0x80010000 0x00000001
core   0: 0x8000eae4 (0x0000bfe5) c.j     pc - 8
core   0: 3 0x8000eae4 (0xbfe5)
core   0: 0x8000eadc (0x00001f17) auipc   t5, 0x1
core   0: 3 0x8000eadc (0x00001f17) x30 0x8000fadc
core   0: 0x8000eae0 (0x523f2223) sw      gp, 1316(t5)
core   0: 3 0x8000eae0 (0x523f2223) mem 0x80010000 0x00000001
core   0: 0x8000eae4 (0x0000bfe5) c.j     pc - 8
core   0: 3 0x8000eae4 (0xbfe5)
core   0: 0x8000eadc (0x00001f17) auipc   t5, 0x1
core   0: 3 0x8000eadc (0x00001f17) x30 0x8000fadc
core   0: 0x8000eae0 (0x523f2223) sw      gp, 1316(t5)
core   0: 3 0x8000eae0 (0x523f2223) mem 0x80010000 0x00000001
core   0: 0x8000eae4 (0x0000bfe5) c.j     pc - 8
core   0: 3 0x8000eae4 (0xbfe5)
core   0: 0x8000eadc (0x00001f17) auipc   t5, 0x1
core   0: 3 0x8000eadc (0x00001f17) x30 0x8000fadc
core   0: 0x8000eae0 (0x523f2223) sw      gp, 1316(t5)
core   0: 3 0x8000eae0 (0x523f2223) mem 0x80010000 0x00000001
core   0: 0x8000eae4 (0x0000bfe5) c.j     pc - 8
core   0: 3 0x8000eae4 (0xbfe5)
core   0: 0x8000eadc (0x00001f17) auipc   t5, 0x1
core   0: 3 0x8000eadc (0x00001f17) x30 0x8000fadc
core   0: 0x8000eae0 (0x523f2223) sw      gp, 1316(t5)
core   0: 3 0x8000eae0 (0x523f2223) mem 0x80010000 0x00000001
core   0: 0x8000eae4 (0x0000bfe5) c.j     pc - 8
core   0: 3 0x8000eae4 (0xbfe5)
core   0: 0x8000eadc (0x00001f17) auipc   t5, 0x1
core   0: 3 0x8000eadc (0x00001f17) x30 0x8000fadc
core   0: 0x8000eae0 (0x523f2223) sw      gp, 1316(t5)
core   0: 3 0x8000eae0 (0x523f2223) mem 0x80010000 0x00000001
core   0: 0x8000eae4 (0x0000bfe5) c.j     pc - 8
core   0: 3 0x8000eae4 (0xbfe5)
core   0: 0x8000eadc (0x00001f17) auipc   t5, 0x1
core   0: 3 0x8000eadc (0x00001f17) x30 0x8000fadc
core   0: 0x8000eae0 (0x523f2223) sw      gp, 1316(t5)
core   0: 3 0x8000eae0 (0x523f2223) mem 0x80010000 0x00000001
core   0: 0x8000eae4 (0x0000bfe5) c.j     pc - 8
core   0: 3 0x8000eae4 (0xbfe5)
core   0: 0x8000eadc (0x00001f17) auipc   t5, 0x1
core   0: 3 0x8000eadc (0x00001f17) x30 0x8000fadc
core   0: 0x8000eae0 (0x523f2223) sw      gp, 1316(t5)
core   0: 3 0x8000eae0 (0x523f2223) mem 0x80010000 0x00000001
core   0: 0x8000eae4 (0x0000bfe5) c.j     pc - 8
core   0: 3 0x8000eae4 (0xbfe5)
core   0: 0x8000eadc (0x00001f17) auipc   t5, 0x1
core   0: 3 0x8000eadc (0x00001f17) x30 0x8000fadc
core   0: 0x8000eae0 (0x523f2223) sw      gp, 1316(t5)
core   0: 3 0x8000eae0 (0x523f2223) mem 0x80010000 0x00000001
core   0: 0x8000eae4 (0x0000bfe5) c.j     pc - 8
core   0: 3 0x8000eae4 (0xbfe5)
core   0: 0x8000eadc (0x00001f17) auipc   t5, 0x1
core   0: 3 0x8000eadc (0x00001f17) x30 0x8000fadc
core   0: 0x8000eae0 (0x523f2223) sw      gp, 1316(t5)
core   0: 3 0x8000eae0 (0x523f2223) mem 0x80010000 0x00000001
core   0: 0x8000eae4 (0x0000bfe5) c.j     pc - 8
core   0: 3 0x8000eae4 (0xbfe5)
core   0: 0x8000eadc (0x00001f17) auipc   t5, 0x1
core   0: 3 0x8000eadc (0x00001f17) x30 0x8000fadc
core   0: 0x8000eae0 (0x523f2223) sw      gp, 1316(t5)
core   0: 3 0x8000eae0 (0x523f2223) mem 0x80010000 0x00000001
core   0: 0x8000eae4 (0x0000bfe5) c.j     pc - 8
core   0: 3 0x8000eae4 (0xbfe5)
core   0: 0x8000eadc (0x00001f17) auipc   t5, 0x1
core   0: 3 0x8000eadc (0x00001f17) x30 0x8000fadc
core   0: 0x8000eae0 (0x523f2223) sw      gp, 1316(t5)
core   0: 3 0x8000eae0 (0x523f2223) mem 0x80010000 0x00000001
core   0: 0x8000eae4 (0x0000bfe5) c.j     pc - 8
core   0: 3 0x8000eae4 (0xbfe5)
core   0: 0x8000eadc (0x00001f17) auipc   t5, 0x1
core   0: 3 0x8000eadc (0x00001f17) x30 0x8000fadc
core   0: 0x8000eae0 (0x523f2223) sw      gp, 1316(t5)
core   0: 3 0x8000eae0 (0x523f2223) mem 0x80010000 0x00000001
core   0: 0x8000eae4 (0x0000bfe5) c.j     pc - 8
core   0: 3 0x8000eae4 (0xbfe5)
core   0: 0x8000eadc (0x00001f17) auipc   t5, 0x1
core   0: 3 0x8000eadc (0x00001f17) x30 0x8000fadc
core   0: 0x8000eae0 (0x523f2223) sw      gp, 1316(t5)
core   0: 3 0x8000eae0 (0x523f2223) mem 0x80010000 0x00000001
core   0: 0x8000eae4 (0x0000bfe5) c.j     pc - 8
core   0: 3 0x8000eae4 (0xbfe5)
core   0: 0x8000eadc (0x00001f17) auipc   t5, 0x1
core   0: 3 0x8000eadc (0x00001f17) x30 0x8000fadc
core   0: 0x8000eae0 (0x523f2223) sw      gp, 1316(t5)
core   0: 3 0x8000eae0 (0x523f2223) mem 0x80010000 0x00000001
core   0: 0x8000eae4 (0x0000bfe5) c.j     pc - 8
core   0: 3 0x8000eae4 (0xbfe5)
core   0: 0x8000eadc (0x00001f17) auipc   t5, 0x1
core   0: 3 0x8000eadc (0x00001f17) x30 0x8000fadc
core   0: 0x8000eae0 (0x523f2223) sw      gp, 1316(t5)
core   0: 3 0x8000eae0 (0x523f2223) mem 0x80010000 0x00000001
core   0: 0x8000eae4 (0x0000bfe5) c.j     pc - 8
core   0: 3 0x8000eae4 (0xbfe5)
core   0: 0x8000eadc (0x00001f17) auipc   t5, 0x1
core   0: 3 0x8000eadc (0x00001f17) x30 0x8000fadc
core   0: 0x8000eae0 (0x523f2223) sw      gp, 1316(t5)
core   0: 3 0x8000eae0 (0x523f2223) mem 0x80010000 0x00000001
core   0: 0x8000eae4 (0x0000bfe5) c.j     pc - 8
core   0: 3 0x8000eae4 (0xbfe5)
core   0: 0x8000eadc (0x00001f17) auipc   t5, 0x1
core   0: 3 0x8000eadc (0x00001f17) x30 0x8000fadc
core   0: 0x8000eae0 (0x523f2223) sw      gp, 1316(t5)
core   0: 3 0x8000eae0 (0x523f2223) mem 0x80010000 0x00000001
core   0: 0x8000eae4 (0x0000bfe5) c.j     pc - 8
core   0: 3 0x8000eae4 (0xbfe5)
core   0: 0x8000eadc (0x00001f17) auipc   t5, 0x1
core   0: 3 0x8000eadc (0x00001f17) x30 0x8000fadc
core   0: 0x8000eae0 (0x523f2223) sw      gp, 1316(t5)
core   0: 3 0x8000eae0 (0x523f2223) mem 0x80010000 0x00000001
core   0: 0x8000eae4 (0x0000bfe5) c.j     pc - 8
core   0: 3 0x8000eae4 (0xbfe5)
core   0: 0x8000eadc (0x00001f17) auipc   t5, 0x1
core   0: 3 0x8000eadc (0x00001f17) x30 0x8000fadc
core   0: 0x8000eae0 (0x523f2223) sw      gp, 1316(t5)
core   0: 3 0x8000eae0 (0x523f2223) mem 0x80010000 0x00000001
core   0: 0x8000eae4 (0x0000bfe5) c.j     pc - 8
core   0: 3 0x8000eae4 (0xbfe5)
core   0: 0x8000eadc (0x00001f17) auipc   t5, 0x1
core   0: 3 0x8000eadc (0x00001f17) x30 0x8000fadc
core   0: 0x8000eae0 (0x523f2223) sw      gp, 1316(t5)
core   0: 3 0x8000eae0 (0x523f2223) mem 0x80010000 0x00000001
core   0: 0x8000eae4 (0x0000bfe5) c.j     pc - 8
core   0: 3 0x8000eae4 (0xbfe5)
core   0: 0x8000eadc (0x00001f17) auipc   t5, 0x1
core   0: 3 0x8000eadc (0x00001f17) x30 0x8000fadc
core   0: 0x8000eae0 (0x523f2223) sw      gp, 1316(t5)
core   0: 3 0x8000eae0 (0x523f2223) mem 0x80010000 0x00000001
core   0: 0x8000eae4 (0x0000bfe5) c.j     pc - 8
core   0: 3 0x8000eae4 (0xbfe5)
core   0: 0x8000eadc (0x00001f17) auipc   t5, 0x1
core   0: 3 0x8000eadc (0x00001f17) x30 0x8000fadc
core   0: 0x8000eae0 (0x523f2223) sw      gp, 1316(t5)
core   0: 3 0x8000eae0 (0x523f2223) mem 0x80010000 0x00000001
core   0: 0x8000eae4 (0x0000bfe5) c.j     pc - 8
core   0: 3 0x8000eae4 (0xbfe5)
core   0: 0x8000eadc (0x00001f17) auipc   t5, 0x1
core   0: 3 0x8000eadc (0x00001f17) x30 0x8000fadc
core   0: 0x8000eae0 (0x523f2223) sw      gp, 1316(t5)
core   0: 3 0x8000eae0 (0x523f2223) mem 0x80010000 0x00000001
core   0: 0x8000eae4 (0x0000bfe5) c.j     pc - 8
core   0: 3 0x8000eae4 (0xbfe5)
core   0: 0x8000eadc (0x00001f17) auipc   t5, 0x1
core   0: 3 0x8000eadc (0x00001f17) x30 0x8000fadc
core   0: 0x8000eae0 (0x523f2223) sw      gp, 1316(t5)
core   0: 3 0x8000eae0 (0x523f2223) mem 0x80010000 0x00000001
core   0: 0x8000eae4 (0x0000bfe5) c.j     pc - 8
core   0: 3 0x8000eae4 (0xbfe5)
core   0: 0x8000eadc (0x00001f17) auipc   t5, 0x1
core   0: 3 0x8000eadc (0x00001f17) x30 0x8000fadc
core   0: 0x8000eae0 (0x523f2223) sw      gp, 1316(t5)
core   0: 3 0x8000eae0 (0x523f2223) mem 0x80010000 0x00000001
core   0: 0x8000eae4 (0x0000bfe5) c.j     pc - 8
core   0: 3 0x8000eae4 (0xbfe5)
core   0: 0x8000eadc (0x00001f17) auipc   t5, 0x1
core   0: 3 0x8000eadc (0x00001f17) x30 0x8000fadc
core   0: 0x8000eae0 (0x523f2223) sw      gp, 1316(t5)
core   0: 3 0x8000eae0 (0x523f2223) mem 0x80010000 0x00000001
core   0: 0x8000eae4 (0x0000bfe5) c.j     pc - 8
core   0: 3 0x8000eae4 (0xbfe5)
core   0: 0x8000eadc (0x00001f17) auipc   t5, 0x1
core   0: 3 0x8000eadc (0x00001f17) x30 0x8000fadc
core   0: 0x8000eae0 (0x523f2223) sw      gp, 1316(t5)
core   0: 3 0x8000eae0 (0x523f2223) mem 0x80010000 0x00000001
core   0: 0x8000eae4 (0x0000bfe5) c.j     pc - 8
core   0: 3 0x8000eae4 (0xbfe5)
core   0: 0x8000eadc (0x00001f17) auipc   t5, 0x1
core   0: 3 0x8000eadc (0x00001f17) x30 0x8000fadc
core   0: 0x8000eae0 (0x523f2223) sw      gp, 1316(t5)
core   0: 3 0x8000eae0 (0x523f2223) mem 0x80010000 0x00000001
core   0: 0x8000eae4 (0x0000bfe5) c.j     pc - 8
core   0: 3 0x8000eae4 (0xbfe5)
core   0: 0x8000eadc (0x00001f17) auipc   t5, 0x1
core   0: 3 0x8000eadc (0x00001f17) x30 0x8000fadc
core   0: 0x8000eae0 (0x523f2223) sw      gp, 1316(t5)
core   0: 3 0x8000eae0 (0x523f2223) mem 0x80010000 0x00000001
core   0: 0x8000eae4 (0x0000bfe5) c.j     pc - 8
core   0: 3 0x8000eae4 (0xbfe5)
core   0: 0x8000eadc (0x00001f17) auipc   t5, 0x1
core   0: 3 0x8000eadc (0x00001f17) x30 0x8000fadc
core   0: 0x8000eae0 (0x523f2223) sw      gp, 1316(t5)
core   0: 3 0x8000eae0 (0x523f2223) mem 0x80010000 0x00000001
core   0: 0x8000eae4 (0x0000bfe5) c.j     pc - 8
core   0: 3 0x8000eae4 (0xbfe5)
core   0: 0x8000eadc (0x00001f17) auipc   t5, 0x1
core   0: 3 0x8000eadc (0x00001f17) x30 0x8000fadc
core   0: 0x8000eae0 (0x523f2223) sw      gp, 1316(t5)
core   0: 3 0x8000eae0 (0x523f2223) mem 0x80010000 0x00000001
core   0: 0x8000eae4 (0x0000bfe5) c.j     pc - 8
core   0: 3 0x8000eae4 (0xbfe5)
core   0: 0x8000eadc (0x00001f17) auipc   t5, 0x1
core   0: 3 0x8000eadc (0x00001f17) x30 0x8000fadc
core   0: 0x8000eae0 (0x523f2223) sw      gp, 1316(t5)
core   0: 3 0x8000eae0 (0x523f2223) mem 0x80010000 0x00000001
core   0: 0x8000eae4 (0x0000bfe5) c.j     pc - 8
core   0: 3 0x8000eae4 (0xbfe5)
core   0: 0x8000eadc (0x00001f17) auipc   t5, 0x1
core   0: 3 0x8000eadc (0x00001f17) x30 0x8000fadc
core   0: 0x8000eae0 (0x523f2223) sw      gp, 1316(t5)
core   0: 3 0x8000eae0 (0x523f2223) mem 0x80010000 0x00000001
core   0: 0x8000eae4 (0x0000bfe5) c.j     pc - 8
core   0: 3 0x8000eae4 (0xbfe5)
core   0: 0x8000eadc (0x00001f17) auipc   t5, 0x1
core   0: 3 0x8000eadc (0x00001f17) x30 0x8000fadc
core   0: 0x8000eae0 (0x523f2223) sw      gp, 1316(t5)
core   0: 3 0x8000eae0 (0x523f2223) mem 0x80010000 0x00000001
core   0: 0x8000eae4 (0x0000bfe5) c.j     pc - 8
core   0: 3 0x8000eae4 (0xbfe5)
core   0: 0x8000eadc (0x00001f17) auipc   t5, 0x1
core   0: 3 0x8000eadc (0x00001f17) x30 0x8000fadc
core   0: 0x8000eae0 (0x523f2223) sw      gp, 1316(t5)
core   0: 3 0x8000eae0 (0x523f2223) mem 0x80010000 0x00000001
core   0: 0x8000eae4 (0x0000bfe5) c.j     pc - 8
core   0: 3 0x8000eae4 (0xbfe5)
core   0: 0x8000eadc (0x00001f17) auipc   t5, 0x1
core   0: 3 0x8000eadc (0x00001f17) x30 0x8000fadc
core   0: 0x8000eae0 (0x523f2223) sw      gp, 1316(t5)
core   0: 3 0x8000eae0 (0x523f2223) mem 0x80010000 0x00000001
core   0: 0x8000eae4 (0x0000bfe5) c.j     pc - 8
core   0: 3 0x8000eae4 (0xbfe5)
core   0: 0x8000eadc (0x00001f17) auipc   t5, 0x1
core   0: 3 0x8000eadc (0x00001f17) x30 0x8000fadc
core   0: 0x8000eae0 (0x523f2223) sw      gp, 1316(t5)
core   0: 3 0x8000eae0 (0x523f2223) mem 0x80010000 0x00000001
core   0: 0x8000eae4 (0x0000bfe5) c.j     pc - 8
core   0: 3 0x8000eae4 (0xbfe5)
core   0: 0x8000eadc (0x00001f17) auipc   t5, 0x1
core   0: 3 0x8000eadc (0x00001f17) x30 0x8000fadc
core   0: 0x8000eae0 (0x523f2223) sw      gp, 1316(t5)
core   0: 3 0x8000eae0 (0x523f2223) mem 0x80010000 0x00000001
core   0: 0x8000eae4 (0x0000bfe5) c.j     pc - 8
core   0: 3 0x8000eae4 (0xbfe5)
core   0: 0x8000eadc (0x00001f17) auipc   t5, 0x1
core   0: 3 0x8000eadc (0x00001f17) x30 0x8000fadc
core   0: 0x8000eae0 (0x523f2223) sw      gp, 1316(t5)
core   0: 3 0x8000eae0 (0x523f2223) mem 0x80010000 0x00000001
core   0: 0x8000eae4 (0x0000bfe5) c.j     pc - 8
core   0: 3 0x8000eae4 (0xbfe5)
core   0: 0x8000eadc (0x00001f17) auipc   t5, 0x1
core   0: 3 0x8000eadc (0x00001f17) x30 0x8000fadc
core   0: 0x8000eae0 (0x523f2223) sw      gp, 1316(t5)
core   0: 3 0x8000eae0 (0x523f2223) mem 0x80010000 0x00000001
core   0: 0x8000eae4 (0x0000bfe5) c.j     pc - 8
core   0: 3 0x8000eae4 (0xbfe5)
core   0: 0x8000eadc (0x00001f17) auipc   t5, 0x1
core   0: 3 0x8000eadc (0x00001f17) x30 0x8000fadc
core   0: 0x8000eae0 (0x523f2223) sw      gp, 1316(t5)
core   0: 3 0x8000eae0 (0x523f2223) mem 0x80010000 0x00000001
core   0: 0x8000eae4 (0x0000bfe5) c.j     pc - 8
core   0: 3 0x8000eae4 (0xbfe5)
core   0: 0x8000eadc (0x00001f17) auipc   t5, 0x1
core   0: 3 0x8000eadc (0x00001f17) x30 0x8000fadc
core   0: 0x8000eae0 (0x523f2223) sw      gp, 1316(t5)
core   0: 3 0x8000eae0 (0x523f2223) mem 0x80010000 0x00000001
core   0: 0x8000eae4 (0x0000bfe5) c.j     pc - 8
core   0: 3 0x8000eae4 (0xbfe5)
core   0: 0x8000eadc (0x00001f17) auipc   t5, 0x1
core   0: 3 0x8000eadc (0x00001f17) x30 0x8000fadc
core   0: 0x8000eae0 (0x523f2223) sw      gp, 1316(t5)
core   0: 3 0x8000eae0 (0x523f2223) mem 0x80010000 0x00000001
core   0: 0x8000eae4 (0x0000bfe5) c.j     pc - 8
core   0: 3 0x8000eae4 (0xbfe5)
core   0: 0x8000eadc (0x00001f17) auipc   t5, 0x1
core   0: 3 0x8000eadc (0x00001f17) x30 0x8000fadc
core   0: 0x8000eae0 (0x523f2223) sw      gp, 1316(t5)
core   0: 3 0x8000eae0 (0x523f2223) mem 0x80010000 0x00000001
core   0: 0x8000eae4 (0x0000bfe5) c.j     pc - 8
core   0: 3 0x8000eae4 (0xbfe5)
core   0: 0x8000eadc (0x00001f17) auipc   t5, 0x1
core   0: 3 0x8000eadc (0x00001f17) x30 0x8000fadc
core   0: 0x8000eae0 (0x523f2223) sw      gp, 1316(t5)
core   0: 3 0x8000eae0 (0x523f2223) mem 0x80010000 0x00000001
core   0: 0x8000eae4 (0x0000bfe5) c.j     pc - 8
core   0: 3 0x8000eae4 (0xbfe5)
core   0: 0x8000eadc (0x00001f17) auipc   t5, 0x1
core   0: 3 0x8000eadc (0x00001f17) x30 0x8000fadc
core   0: 0x8000eae0 (0x523f2223) sw      gp, 1316(t5)
core   0: 3 0x8000eae0 (0x523f2223) mem 0x80010000 0x00000001
core   0: 0x8000eae4 (0x0000bfe5) c.j     pc - 8
core   0: 3 0x8000eae4 (0xbfe5)
core   0: 0x8000eadc (0x00001f17) auipc   t5, 0x1
core   0: 3 0x8000eadc (0x00001f17) x30 0x8000fadc
core   0: 0x8000eae0 (0x523f2223) sw      gp, 1316(t5)
core   0: 3 0x8000eae0 (0x523f2223) mem 0x80010000 0x00000001
core   0: 0x8000eae4 (0x0000bfe5) c.j     pc - 8
core   0: 3 0x8000eae4 (0xbfe5)
core   0: 0x8000eadc (0x00001f17) auipc   t5, 0x1
core   0: 3 0x8000eadc (0x00001f17) x30 0x8000fadc
core   0: 0x8000eae0 (0x523f2223) sw      gp, 1316(t5)
core   0: 3 0x8000eae0 (0x523f2223) mem 0x80010000 0x00000001
core   0: 0x8000eae4 (0x0000bfe5) c.j     pc - 8
core   0: 3 0x8000eae4 (0xbfe5)
core   0: 0x8000eadc (0x00001f17) auipc   t5, 0x1
core   0: 3 0x8000eadc (0x00001f17) x30 0x8000fadc
core   0: 0x8000eae0 (0x523f2223) sw      gp, 1316(t5)
core   0: 3 0x8000eae0 (0x523f2223) mem 0x80010000 0x00000001
core   0: 0x8000eae4 (0x0000bfe5) c.j     pc - 8
core   0: 3 0x8000eae4 (0xbfe5)
core   0: 0x8000eadc (0x00001f17) auipc   t5, 0x1
core   0: 3 0x8000eadc (0x00001f17) x30 0x8000fadc
core   0: 0x8000eae0 (0x523f2223) sw      gp, 1316(t5)
core   0: 3 0x8000eae0 (0x523f2223) mem 0x80010000 0x00000001
core   0: 0x8000eae4 (0x0000bfe5) c.j     pc - 8
core   0: 3 0x8000eae4 (0xbfe5)
core   0: 0x8000eadc (0x00001f17) auipc   t5, 0x1
core   0: 3 0x8000eadc (0x00001f17) x30 0x8000fadc
core   0: 0x8000eae0 (0x523f2223) sw      gp, 1316(t5)
core   0: 3 0x8000eae0 (0x523f2223) mem 0x80010000 0x00000001
core   0: 0x8000eae4 (0x0000bfe5) c.j     pc - 8
core   0: 3 0x8000eae4 (0xbfe5)
core   0: 0x8000eadc (0x00001f17) auipc   t5, 0x1
core   0: 3 0x8000eadc (0x00001f17) x30 0x8000fadc
core   0: 0x8000eae0 (0x523f2223) sw      gp, 1316(t5)
core   0: 3 0x8000eae0 (0x523f2223) mem 0x80010000 0x00000001
core   0: 0x8000eae4 (0x0000bfe5) c.j     pc - 8
core   0: 3 0x8000eae4 (0xbfe5)
core   0: 0x8000eadc (0x00001f17) auipc   t5, 0x1
core   0: 3 0x8000eadc (0x00001f17) x30 0x8000fadc
core   0: 0x8000eae0 (0x523f2223) sw      gp, 1316(t5)
core   0: 3 0x8000eae0 (0x523f2223) mem 0x80010000 0x00000001
core   0: 0x8000eae4 (0x0000bfe5) c.j     pc - 8
core   0: 3 0x8000eae4 (0xbfe5)
core   0: 0x8000eadc (0x00001f17) auipc   t5, 0x1
core   0: 3 0x8000eadc (0x00001f17) x30 0x8000fadc
core   0: 0x8000eae0 (0x523f2223) sw      gp, 1316(t5)
core   0: 3 0x8000eae0 (0x523f2223) mem 0x80010000 0x00000001
core   0: 0x8000eae4 (0x0000bfe5) c.j     pc - 8
core   0: 3 0x8000eae4 (0xbfe5)
core   0: 0x8000eadc (0x00001f17) auipc   t5, 0x1
core   0: 3 0x8000eadc (0x00001f17) x30 0x8000fadc
core   0: 0x8000eae0 (0x523f2223) sw      gp, 1316(t5)
core   0: 3 0x8000eae0 (0x523f2223) mem 0x80010000 0x00000001
core   0: 0x8000eae4 (0x0000bfe5) c.j     pc - 8
core   0: 3 0x8000eae4 (0xbfe5)
core   0: 0x8000eadc (0x00001f17) auipc   t5, 0x1
core   0: 3 0x8000eadc (0x00001f17) x30 0x8000fadc
core   0: 0x8000eae0 (0x523f2223) sw      gp, 1316(t5)
core   0: 3 0x8000eae0 (0x523f2223) mem 0x80010000 0x00000001
core   0: 0x8000eae4 (0x0000bfe5) c.j     pc - 8
core   0: 3 0x8000eae4 (0xbfe5)
core   0: 0x8000eadc (0x00001f17) auipc   t5, 0x1
core   0: 3 0x8000eadc (0x00001f17) x30 0x8000fadc
core   0: 0x8000eae0 (0x523f2223) sw      gp, 1316(t5)
core   0: 3 0x8000eae0 (0x523f2223) mem 0x80010000 0x00000001
core   0: 0x8000eae4 (0x0000bfe5) c.j     pc - 8
core   0: 3 0x8000eae4 (0xbfe5)
core   0: 0x8000eadc (0x00001f17) auipc   t5, 0x1
core   0: 3 0x8000eadc (0x00001f17) x30 0x8000fadc
core   0: 0x8000eae0 (0x523f2223) sw      gp, 1316(t5)
core   0: 3 0x8000eae0 (0x523f2223) mem 0x80010000 0x00000001
core   0: 0x8000eae4 (0x0000bfe5) c.j     pc - 8
core   0: 3 0x8000eae4 (0xbfe5)
core   0: 0x8000eadc (0x00001f17) auipc   t5, 0x1
core   0: 3 0x8000eadc (0x00001f17) x30 0x8000fadc
core   0: 0x8000eae0 (0x523f2223) sw      gp, 1316(t5)
core   0: 3 0x8000eae0 (0x523f2223) mem 0x80010000 0x00000001
core   0: 0x8000eae4 (0x0000bfe5) c.j     pc - 8
core   0: 3 0x8000eae4 (0xbfe5)
core   0: 0x8000eadc (0x00001f17) auipc   t5, 0x1
core   0: 3 0x8000eadc (0x00001f17) x30 0x8000fadc
core   0: 0x8000eae0 (0x523f2223) sw      gp, 1316(t5)
core   0: 3 0x8000eae0 (0x523f2223) mem 0x80010000 0x00000001
core   0: 0x8000eae4 (0x0000bfe5) c.j     pc - 8
core   0: 3 0x8000eae4 (0xbfe5)
core   0: 0x8000eadc (0x00001f17) auipc   t5, 0x1
core   0: 3 0x8000eadc (0x00001f17) x30 0x8000fadc
core   0: 0x8000eae0 (0x523f2223) sw      gp, 1316(t5)
core   0: 3 0x8000eae0 (0x523f2223) mem 0x80010000 0x00000001
core   0: 0x8000eae4 (0x0000bfe5) c.j     pc - 8
core   0: 3 0x8000eae4 (0xbfe5)
core   0: 0x8000eadc (0x00001f17) auipc   t5, 0x1
core   0: 3 0x8000eadc (0x00001f17) x30 0x8000fadc
core   0: 0x8000eae0 (0x523f2223) sw      gp, 1316(t5)
core   0: 3 0x8000eae0 (0x523f2223) mem 0x80010000 0x00000001
core   0: 0x8000eae4 (0x0000bfe5) c.j     pc - 8
core   0: 3 0x8000eae4 (0xbfe5)
core   0: 0x8000eadc (0x00001f17) auipc   t5, 0x1
core   0: 3 0x8000eadc (0x00001f17) x30 0x8000fadc
core   0: 0x8000eae0 (0x523f2223) sw      gp, 1316(t5)
core   0: 3 0x8000eae0 (0x523f2223) mem 0x80010000 0x00000001
core   0: 0x8000eae4 (0x0000bfe5) c.j     pc - 8
core   0: 3 0x8000eae4 (0xbfe5)
core   0: 0x8000eadc (0x00001f17) auipc   t5, 0x1
core   0: 3 0x8000eadc (0x00001f17) x30 0x8000fadc
core   0: 0x8000eae0 (0x523f2223) sw      gp, 1316(t5)
core   0: 3 0x8000eae0 (0x523f2223) mem 0x80010000 0x00000001
core   0: 0x8000eae4 (0x0000bfe5) c.j     pc - 8
core   0: 3 0x8000eae4 (0xbfe5)
core   0: 0x8000eadc (0x00001f17) auipc   t5, 0x1
core   0: 3 0x8000eadc (0x00001f17) x30 0x8000fadc
core   0: 0x8000eae0 (0x523f2223) sw      gp, 1316(t5)
core   0: 3 0x8000eae0 (0x523f2223) mem 0x80010000 0x00000001
core   0: 0x8000eae4 (0x0000bfe5) c.j     pc - 8
core   0: 3 0x8000eae4 (0xbfe5)
core   0: 0x8000eadc (0x00001f17) auipc   t5, 0x1
core   0: 3 0x8000eadc (0x00001f17) x30 0x8000fadc
core   0: 0x8000eae0 (0x523f2223) sw      gp, 1316(t5)
core   0: 3 0x8000eae0 (0x523f2223) mem 0x80010000 0x00000001
core   0: 0x8000eae4 (0x0000bfe5) c.j     pc - 8
core   0: 3 0x8000eae4 (0xbfe5)
core   0: 0x8000eadc (0x00001f17) auipc   t5, 0x1
core   0: 3 0x8000eadc (0x00001f17) x30 0x8000fadc
core   0: 0x8000eae0 (0x523f2223) sw      gp, 1316(t5)
core   0: 3 0x8000eae0 (0x523f2223) mem 0x80010000 0x00000001
core   0: 0x8000eae4 (0x0000bfe5) c.j     pc - 8
core   0: 3 0x8000eae4 (0xbfe5)
core   0: 0x8000eadc (0x00001f17) auipc   t5, 0x1
core   0: 3 0x8000eadc (0x00001f17) x30 0x8000fadc
core   0: 0x8000eae0 (0x523f2223) sw      gp, 1316(t5)
core   0: 3 0x8000eae0 (0x523f2223) mem 0x80010000 0x00000001
core   0: 0x8000eae4 (0x0000bfe5) c.j     pc - 8
core   0: 3 0x8000eae4 (0xbfe5)
core   0: 0x8000eadc (0x00001f17) auipc   t5, 0x1
core   0: 3 0x8000eadc (0x00001f17) x30 0x8000fadc
core   0: 0x8000eae0 (0x523f2223) sw      gp, 1316(t5)
core   0: 3 0x8000eae0 (0x523f2223) mem 0x80010000 0x00000001
core   0: 0x8000eae4 (0x0000bfe5) c.j     pc - 8
core   0: 3 0x8000eae4 (0xbfe5)
core   0: 0x8000eadc (0x00001f17) auipc   t5, 0x1
core   0: 3 0x8000eadc (0x00001f17) x30 0x8000fadc
core   0: 0x8000eae0 (0x523f2223) sw      gp, 1316(t5)
core   0: 3 0x8000eae0 (0x523f2223) mem 0x80010000 0x00000001
core   0: 0x8000eae4 (0x0000bfe5) c.j     pc - 8
core   0: 3 0x8000eae4 (0xbfe5)
core   0: 0x8000eadc (0x00001f17) auipc   t5, 0x1
core   0: 3 0x8000eadc (0x00001f17) x30 0x8000fadc
core   0: 0x8000eae0 (0x523f2223) sw      gp, 1316(t5)
core   0: 3 0x8000eae0 (0x523f2223) mem 0x80010000 0x00000001
core   0: 0x8000eae4 (0x0000bfe5) c.j     pc - 8
core   0: 3 0x8000eae4 (0xbfe5)
core   0: 0x8000eadc (0x00001f17) auipc   t5, 0x1
core   0: 3 0x8000eadc (0x00001f17) x30 0x8000fadc
core   0: 0x8000eae0 (0x523f2223) sw      gp, 1316(t5)
core   0: 3 0x8000eae0 (0x523f2223) mem 0x80010000 0x00000001
core   0: 0x8000eae4 (0x0000bfe5) c.j     pc - 8
core   0: 3 0x8000eae4 (0xbfe5)
core   0: 0x8000eadc (0x00001f17) auipc   t5, 0x1
core   0: 3 0x8000eadc (0x00001f17) x30 0x8000fadc
core   0: 0x8000eae0 (0x523f2223) sw      gp, 1316(t5)
core   0: 3 0x8000eae0 (0x523f2223) mem 0x80010000 0x00000001
core   0: 0x8000eae4 (0x0000bfe5) c.j     pc - 8
core   0: 3 0x8000eae4 (0xbfe5)
core   0: 0x8000eadc (0x00001f17) auipc   t5, 0x1
core   0: 3 0x8000eadc (0x00001f17) x30 0x8000fadc
core   0: 0x8000eae0 (0x523f2223) sw      gp, 1316(t5)
core   0: 3 0x8000eae0 (0x523f2223) mem 0x80010000 0x00000001
core   0: 0x8000eae4 (0x0000bfe5) c.j     pc - 8
core   0: 3 0x8000eae4 (0xbfe5)
core   0: 0x8000eadc (0x00001f17) auipc   t5, 0x1
core   0: 3 0x8000eadc (0x00001f17) x30 0x8000fadc
core   0: 0x8000eae0 (0x523f2223) sw      gp, 1316(t5)
core   0: 3 0x8000eae0 (0x523f2223) mem 0x80010000 0x00000001
core   0: 0x8000eae4 (0x0000bfe5) c.j     pc - 8
core   0: 3 0x8000eae4 (0xbfe5)
core   0: 0x8000eadc (0x00001f17) auipc   t5, 0x1
core   0: 3 0x8000eadc (0x00001f17) x30 0x8000fadc
core   0: 0x8000eae0 (0x523f2223) sw      gp, 1316(t5)
core   0: 3 0x8000eae0 (0x523f2223) mem 0x80010000 0x00000001
core   0: 0x8000eae4 (0x0000bfe5) c.j     pc - 8
core   0: 3 0x8000eae4 (0xbfe5)
core   0: 0x8000eadc (0x00001f17) auipc   t5, 0x1
core   0: 3 0x8000eadc (0x00001f17) x30 0x8000fadc
core   0: 0x8000eae0 (0x523f2223) sw      gp, 1316(t5)
core   0: 3 0x8000eae0 (0x523f2223) mem 0x80010000 0x00000001
core   0: 0x8000eae4 (0x0000bfe5) c.j     pc - 8
core   0: 3 0x8000eae4 (0xbfe5)
core   0: 0x8000eadc (0x00001f17) auipc   t5, 0x1
core   0: 3 0x8000eadc (0x00001f17) x30 0x8000fadc
core   0: 0x8000eae0 (0x523f2223) sw      gp, 1316(t5)
core   0: 3 0x8000eae0 (0x523f2223) mem 0x80010000 0x00000001
core   0: 0x8000eae4 (0x0000bfe5) c.j     pc - 8
core   0: 3 0x8000eae4 (0xbfe5)
core   0: 0x8000eadc (0x00001f17) auipc   t5, 0x1
core   0: 3 0x8000eadc (0x00001f17) x30 0x8000fadc
core   0: 0x8000eae0 (0x523f2223) sw      gp, 1316(t5)
core   0: 3 0x8000eae0 (0x523f2223) mem 0x80010000 0x00000001
core   0: 0x8000eae4 (0x0000bfe5) c.j     pc - 8
core   0: 3 0x8000eae4 (0xbfe5)
core   0: 0x8000eadc (0x00001f17) auipc   t5, 0x1
core   0: 3 0x8000eadc (0x00001f17) x30 0x8000fadc
core   0: 0x8000eae0 (0x523f2223) sw      gp, 1316(t5)
core   0: 3 0x8000eae0 (0x523f2223) mem 0x80010000 0x00000001
core   0: 0x8000eae4 (0x0000bfe5) c.j     pc - 8
core   0: 3 0x8000eae4 (0xbfe5)
core   0: 0x8000eadc (0x00001f17) auipc   t5, 0x1
core   0: 3 0x8000eadc (0x00001f17) x30 0x8000fadc
core   0: 0x8000eae0 (0x523f2223) sw      gp, 1316(t5)
core   0: 3 0x8000eae0 (0x523f2223) mem 0x80010000 0x00000001
core   0: 0x8000eae4 (0x0000bfe5) c.j     pc - 8
core   0: 3 0x8000eae4 (0xbfe5)
core   0: 0x8000eadc (0x00001f17) auipc   t5, 0x1
core   0: 3 0x8000eadc (0x00001f17) x30 0x8000fadc
core   0: 0x8000eae0 (0x523f2223) sw      gp, 1316(t5)
core   0: 3 0x8000eae0 (0x523f2223) mem 0x80010000 0x00000001
core   0: 0x8000eae4 (0x0000bfe5) c.j     pc - 8
core   0: 3 0x8000eae4 (0xbfe5)
core   0: 0x8000eadc (0x00001f17) auipc   t5, 0x1
core   0: 3 0x8000eadc (0x00001f17) x30 0x8000fadc
core   0: 0x8000eae0 (0x523f2223) sw      gp, 1316(t5)
core   0: 3 0x8000eae0 (0x523f2223) mem 0x80010000 0x00000001
core   0: 0x8000eae4 (0x0000bfe5) c.j     pc - 8
core   0: 3 0x8000eae4 (0xbfe5)
core   0: 0x8000eadc (0x00001f17) auipc   t5, 0x1
core   0: 3 0x8000eadc (0x00001f17) x30 0x8000fadc
core   0: 0x8000eae0 (0x523f2223) sw      gp, 1316(t5)
core   0: 3 0x8000eae0 (0x523f2223) mem 0x80010000 0x00000001
core   0: 0x8000eae4 (0x0000bfe5) c.j     pc - 8
core   0: 3 0x8000eae4 (0xbfe5)
core   0: 0x8000eadc (0x00001f17) auipc   t5, 0x1
core   0: 3 0x8000eadc (0x00001f17) x30 0x8000fadc
core   0: 0x8000eae0 (0x523f2223) sw      gp, 1316(t5)
core   0: 3 0x8000eae0 (0x523f2223) mem 0x80010000 0x00000001
core   0: 0x8000eae4 (0x0000bfe5) c.j     pc - 8
core   0: 3 0x8000eae4 (0xbfe5)
core   0: 0x8000eadc (0x00001f17) auipc   t5, 0x1
core   0: 3 0x8000eadc (0x00001f17) x30 0x8000fadc
core   0: 0x8000eae0 (0x523f2223) sw      gp, 1316(t5)
core   0: 3 0x8000eae0 (0x523f2223) mem 0x80010000 0x00000001
core   0: 0x8000eae4 (0x0000bfe5) c.j     pc - 8
core   0: 3 0x8000eae4 (0xbfe5)
core   0: 0x8000eadc (0x00001f17) auipc   t5, 0x1
core   0: 3 0x8000eadc (0x00001f17) x30 0x8000fadc
core   0: 0x8000eae0 (0x523f2223) sw      gp, 1316(t5)
core   0: 3 0x8000eae0 (0x523f2223) mem 0x80010000 0x00000001
core   0: 0x8000eae4 (0x0000bfe5) c.j     pc - 8
core   0: 3 0x8000eae4 (0xbfe5)
core   0: 0x8000eadc (0x00001f17) auipc   t5, 0x1
core   0: 3 0x8000eadc (0x00001f17) x30 0x8000fadc
core   0: 0x8000eae0 (0x523f2223) sw      gp, 1316(t5)
core   0: 3 0x8000eae0 (0x523f2223) mem 0x80010000 0x00000001
core   0: 0x8000eae4 (0x0000bfe5) c.j     pc - 8
core   0: 3 0x8000eae4 (0xbfe5)
core   0: 0x8000eadc (0x00001f17) auipc   t5, 0x1
core   0: 3 0x8000eadc (0x00001f17) x30 0x8000fadc
core   0: 0x8000eae0 (0x523f2223) sw      gp, 1316(t5)
core   0: 3 0x8000eae0 (0x523f2223) mem 0x80010000 0x00000001
core   0: 0x8000eae4 (0x0000bfe5) c.j     pc - 8
core   0: 3 0x8000eae4 (0xbfe5)
core   0: 0x8000eadc (0x00001f17) auipc   t5, 0x1
core   0: 3 0x8000eadc (0x00001f17) x30 0x8000fadc
core   0: 0x8000eae0 (0x523f2223) sw      gp, 1316(t5)
core   0: 3 0x8000eae0 (0x523f2223) mem 0x80010000 0x00000001
core   0: 0x8000eae4 (0x0000bfe5) c.j     pc - 8
core   0: 3 0x8000eae4 (0xbfe5)
core   0: 0x8000eadc (0x00001f17) auipc   t5, 0x1
core   0: 3 0x8000eadc (0x00001f17) x30 0x8000fadc
core   0: 0x8000eae0 (0x523f2223) sw      gp, 1316(t5)
core   0: 3 0x8000eae0 (0x523f2223) mem 0x80010000 0x00000001
core   0: 0x8000eae4 (0x0000bfe5) c.j     pc - 8
core   0: 3 0x8000eae4 (0xbfe5)
core   0: 0x8000eadc (0x00001f17) auipc   t5, 0x1
core   0: 3 0x8000eadc (0x00001f17) x30 0x8000fadc
core   0: 0x8000eae0 (0x523f2223) sw      gp, 1316(t5)
core   0: 3 0x8000eae0 (0x523f2223) mem 0x80010000 0x00000001
core   0: 0x8000eae4 (0x0000bfe5) c.j     pc - 8
core   0: 3 0x8000eae4 (0xbfe5)
core   0: 0x8000eadc (0x00001f17) auipc   t5, 0x1
core   0: 3 0x8000eadc (0x00001f17) x30 0x8000fadc
core   0: 0x8000eae0 (0x523f2223) sw      gp, 1316(t5)
core   0: 3 0x8000eae0 (0x523f2223) mem 0x80010000 0x00000001
core   0: 0x8000eae4 (0x0000bfe5) c.j     pc - 8
core   0: 3 0x8000eae4 (0xbfe5)
core   0: 0x8000eadc (0x00001f17) auipc   t5, 0x1
core   0: 3 0x8000eadc (0x00001f17) x30 0x8000fadc
core   0: 0x8000eae0 (0x523f2223) sw      gp, 1316(t5)
core   0: 3 0x8000eae0 (0x523f2223) mem 0x80010000 0x00000001
core   0: 0x8000eae4 (0x0000bfe5) c.j     pc - 8
core   0: 3 0x8000eae4 (0xbfe5)
core   0: 0x8000eadc (0x00001f17) auipc   t5, 0x1
core   0: 3 0x8000eadc (0x00001f17) x30 0x8000fadc
core   0: 0x8000eae0 (0x523f2223) sw      gp, 1316(t5)
core   0: 3 0x8000eae0 (0x523f2223) mem 0x80010000 0x00000001
core   0: 0x8000eae4 (0x0000bfe5) c.j     pc - 8
core   0: 3 0x8000eae4 (0xbfe5)
core   0: 0x8000eadc (0x00001f17) auipc   t5, 0x1
core   0: 3 0x8000eadc (0x00001f17) x30 0x8000fadc
core   0: 0x8000eae0 (0x523f2223) sw      gp, 1316(t5)
core   0: 3 0x8000eae0 (0x523f2223) mem 0x80010000 0x00000001
core   0: 0x8000eae4 (0x0000bfe5) c.j     pc - 8
core   0: 3 0x8000eae4 (0xbfe5)
core   0: 0x8000eadc (0x00001f17) auipc   t5, 0x1
core   0: 3 0x8000eadc (0x00001f17) x30 0x8000fadc
core   0: 0x8000eae0 (0x523f2223) sw      gp, 1316(t5)
core   0: 3 0x8000eae0 (0x523f2223) mem 0x80010000 0x00000001
core   0: 0x8000eae4 (0x0000bfe5) c.j     pc - 8
core   0: 3 0x8000eae4 (0xbfe5)
core   0: 0x8000eadc (0x00001f17) auipc   t5, 0x1
core   0: 3 0x8000eadc (0x00001f17) x30 0x8000fadc
core   0: 0x8000eae0 (0x523f2223) sw      gp, 1316(t5)
core   0: 3 0x8000eae0 (0x523f2223) mem 0x80010000 0x00000001
core   0: 0x8000eae4 (0x0000bfe5) c.j     pc - 8
core   0: 3 0x8000eae4 (0xbfe5)
core   0: 0x8000eadc (0x00001f17) auipc   t5, 0x1
core   0: 3 0x8000eadc (0x00001f17) x30 0x8000fadc
core   0: 0x8000eae0 (0x523f2223) sw      gp, 1316(t5)
core   0: 3 0x8000eae0 (0x523f2223) mem 0x80010000 0x00000001
core   0: 0x8000eae4 (0x0000bfe5) c.j     pc - 8
core   0: 3 0x8000eae4 (0xbfe5)
core   0: 0x8000eadc (0x00001f17) auipc   t5, 0x1
core   0: 3 0x8000eadc (0x00001f17) x30 0x8000fadc
core   0: 0x8000eae0 (0x523f2223) sw      gp, 1316(t5)
core   0: 3 0x8000eae0 (0x523f2223) mem 0x80010000 0x00000001
core   0: 0x8000eae4 (0x0000bfe5) c.j     pc - 8
core   0: 3 0x8000eae4 (0xbfe5)
core   0: 0x8000eadc (0x00001f17) auipc   t5, 0x1
core   0: 3 0x8000eadc (0x00001f17) x30 0x8000fadc
core   0: 0x8000eae0 (0x523f2223) sw      gp, 1316(t5)
core   0: 3 0x8000eae0 (0x523f2223) mem 0x80010000 0x00000001
core   0: 0x8000eae4 (0x0000bfe5) c.j     pc - 8
core   0: 3 0x8000eae4 (0xbfe5)
core   0: 0x8000eadc (0x00001f17) auipc   t5, 0x1
core   0: 3 0x8000eadc (0x00001f17) x30 0x8000fadc
core   0: 0x8000eae0 (0x523f2223) sw      gp, 1316(t5)
core   0: 3 0x8000eae0 (0x523f2223) mem 0x80010000 0x00000001
core   0: 0x8000eae4 (0x0000bfe5) c.j     pc - 8
core   0: 3 0x8000eae4 (0xbfe5)
core   0: 0x8000eadc (0x00001f17) auipc   t5, 0x1
core   0: 3 0x8000eadc (0x00001f17) x30 0x8000fadc
core   0: 0x8000eae0 (0x523f2223) sw      gp, 1316(t5)
core   0: 3 0x8000eae0 (0x523f2223) mem 0x80010000 0x00000001
